---------------------------- Run start python scripts -----------------------------
-------------------------------------------------------------------------------------
------------------------------ 01 Start run ------------------------------
surr_type: IAAFT2
simples: 1000
ID_train: 8
ML_model: SVM_model
repeats: 10

01_evaluation_data directory already exists!
models directory already exists!

full_path= G:/surrogate_data_based_machine_learning_v4.0.0/chick_heart/01_data_preprocessing/02_extracte_and_generate_surrogate_dataset/data/merge_surrogate_IAAFT2_simples_1000_train_8.csv
>#1: [100. 100. 100. 100. 100. 100. 100. 100. 100. 100. 100. 100. 100. 100.
 100.]
>#2: [100. 100. 100. 100. 100. 100. 100. 100. 100. 100. 100. 100. 100. 100.
 100.]
>#3: [100. 100. 100. 100. 100. 100. 100. 100. 100. 100. 100. 100. 100. 100.
 100.]
>#4: [100. 100. 100. 100. 100. 100. 100. 100. 100. 100. 100. 100. 100. 100.
 100.]
>#5: [100. 100. 100. 100. 100. 100. 100. 100. 100. 100. 100. 100. 100. 100.
 100.]
>#6: [100. 100. 100. 100. 100. 100. 100. 100. 100. 100. 100. 100. 100. 100.
 100.]
>#7: [100. 100. 100. 100. 100. 100. 100. 100. 100. 100. 100. 100. 100. 100.
 100.]
>#8: [100. 100. 100. 100. 100. 100. 100. 100. 100. 100. 100. 100. 100. 100.
 100.]
>#9: [100. 100. 100. 100. 100. 100. 100. 100. 100. 100. 100. 100. 100. 100.
 100.]
>#10: [100. 100. 100. 100. 100. 100. 100. 100. 100. 100. 100. 100. 100. 100.
 100.]
------------------ summarize results -------------------------
ML_model: SVM_model
scores: [array([100., 100., 100., 100., 100., 100., 100., 100., 100., 100., 100.,
       100., 100., 100., 100.]), array([100., 100., 100., 100., 100., 100., 100., 100., 100., 100., 100.,
       100., 100., 100., 100.]), array([100., 100., 100., 100., 100., 100., 100., 100., 100., 100., 100.,
       100., 100., 100., 100.]), array([100., 100., 100., 100., 100., 100., 100., 100., 100., 100., 100.,
       100., 100., 100., 100.]), array([100., 100., 100., 100., 100., 100., 100., 100., 100., 100., 100.,
       100., 100., 100., 100.]), array([100., 100., 100., 100., 100., 100., 100., 100., 100., 100., 100.,
       100., 100., 100., 100.]), array([100., 100., 100., 100., 100., 100., 100., 100., 100., 100., 100.,
       100., 100., 100., 100.]), array([100., 100., 100., 100., 100., 100., 100., 100., 100., 100., 100.,
       100., 100., 100., 100.]), array([100., 100., 100., 100., 100., 100., 100., 100., 100., 100., 100.,
       100., 100., 100., 100.]), array([100., 100., 100., 100., 100., 100., 100., 100., 100., 100., 100.,
       100., 100., 100., 100.])]
Accuracy mean (std): 100.000% (0.000)

Running time 15.0 seconds
------------------------------ 01 Completed ------------------------------

------------------------------ 02 Start Evaluation ------------------------------
surr_type: IAAFT2
simples: 1000
ID_train: 8
ML_model: SVM_model
repeats: 10

02_evaluation_performance directory already exists!
The results have been saved to a txt file: 02_evaluation_performance/evaluation_performance_surrogate_IAAFT2_simples_1000_SVM_model_train_8.txt
# 1 >> score:[100. 100. 100. 100. 100. 100. 100. 100. 100. 100. 100. 100. 100. 100.
 100.]:
# 2 >> score:[100. 100. 100. 100. 100. 100. 100. 100. 100. 100. 100. 100. 100. 100.
 100.]:
# 3 >> score:[100. 100. 100. 100. 100. 100. 100. 100. 100. 100. 100. 100. 100. 100.
 100.]:
# 4 >> score:[100. 100. 100. 100. 100. 100. 100. 100. 100. 100. 100. 100. 100. 100.
 100.]:
# 5 >> score:[100. 100. 100. 100. 100. 100. 100. 100. 100. 100. 100. 100. 100. 100.
 100.]:
# 6 >> score:[100. 100. 100. 100. 100. 100. 100. 100. 100. 100. 100. 100. 100. 100.
 100.]:
# 7 >> score:[100. 100. 100. 100. 100. 100. 100. 100. 100. 100. 100. 100. 100. 100.
 100.]:
# 8 >> score:[100. 100. 100. 100. 100. 100. 100. 100. 100. 100. 100. 100. 100. 100.
 100.]:
# 9 >> score:[100. 100. 100. 100. 100. 100. 100. 100. 100. 100. 100. 100. 100. 100.
 100.]:
# 10 >> score:[100. 100. 100. 100. 100. 100. 100. 100. 100. 100. 100. 100. 100. 100.
 100.]:
------------------ summarize results -------------------------
ML_model: SVM_model
scores: [array([100., 100., 100., 100., 100., 100., 100., 100., 100., 100., 100.,
       100., 100., 100., 100.]), array([100., 100., 100., 100., 100., 100., 100., 100., 100., 100., 100.,
       100., 100., 100., 100.]), array([100., 100., 100., 100., 100., 100., 100., 100., 100., 100., 100.,
       100., 100., 100., 100.]), array([100., 100., 100., 100., 100., 100., 100., 100., 100., 100., 100.,
       100., 100., 100., 100.]), array([100., 100., 100., 100., 100., 100., 100., 100., 100., 100., 100.,
       100., 100., 100., 100.]), array([100., 100., 100., 100., 100., 100., 100., 100., 100., 100., 100.,
       100., 100., 100., 100.]), array([100., 100., 100., 100., 100., 100., 100., 100., 100., 100., 100.,
       100., 100., 100., 100.]), array([100., 100., 100., 100., 100., 100., 100., 100., 100., 100., 100.,
       100., 100., 100., 100.]), array([100., 100., 100., 100., 100., 100., 100., 100., 100., 100., 100.,
       100., 100., 100., 100.]), array([100., 100., 100., 100., 100., 100., 100., 100., 100., 100., 100.,
       100., 100., 100., 100.])]
Accuracy mean (std): 100.000% (0.000)

Running time 3.5 seconds
------------------------------ 02 Completed Evaluation ------------------------------

------------------------------ 03 Start sliding windows ------------------------------
surr_type: IAAFT2
simples: 1000
ID_train: 8
ID_test: 14
Variable_label: chick_heart
tsid: 14
features: 150
sw_width: 150

03_sliding_window_data directory already exists!
14.shape: (300, 2)
success-> sliding_window_features_shape (real=(300-150+1, 150)):  (151, 150)
------------------------------ 03 Completed sliding windows ------------------------------

------------------------------ 04 Start predicate ------------------------------
surr_type: IAAFT2
simples: 1000
ID_train: 8
ID_test: 14
ML_model: SVM_model
repeats: 10

04_prediction_data directory already exists!
df_X_test.shape (151, 150)
----------------------- prediction ... -----------------------
y_pred_list.shape: (151, 1)
y_pred_list.shape: (151, 2)
y_pred_list.shape: (151, 3)
y_pred_list.shape: (151, 4)
y_pred_list.shape: (151, 5)
y_pred_list.shape: (151, 6)
y_pred_list.shape: (151, 7)
y_pred_list.shape: (151, 8)
y_pred_list.shape: (151, 9)
y_pred_list.shape: (151, 10)
------------------------------ 04 Completed predicate ------------------------------

------------------------------ 05 Start plots ------------------------------
surr_type: IAAFT2
simples: 1000
ID_train: 8
ID_test: 14
Variable_label: chick_heart
ML_model: SVM_model
sw_width: 150
tsid: 14

05_data_ews directory already exists!
05_figures_ews directory already exists!
sliding_window_14: 150
------------------------------ 05 Completed plots ------------------------------

------------------------------ 06 Start ROC for variance and lag-1 autocorrelation ------------------------------
surr_type: IAAFT2
simples: 1000
ID_merge_tsid: [14]
ML_model: SVM_model
repeats: 10
features: 150

06_roc_data_and_figures_var_corr directory already exists!
06_roc_data_and_figures_var_corr/data directory already exists!
06_roc_data_and_figures_var_corr/data/ROC directory already exists!
06_roc_data_and_figures_var_corr/figures directory already exists!
06_roc_data_and_figures_var_corr/figures/ROC directory already exists!
len_eval_pts= 40

----- 01 forced trajectories and compute EWS -----
Complete for forced tsid=14
----- 01 null trajectories and compute EWS -----
Complete for null tsid=14
----- 02 Compute ROC curves -----
Exported ROC data to 06_roc_data_and_figures_var_corr/data/ROC/df_roc_var_corr_[14].csv
Exported ROC figure to 06_roc_data_and_figures_var_corr/figures/ROC/figure_roc_var_corr_[14].png
Ran in 1.45s
------------------------------ 06 Completed ROC for variance and lag-1 autocorrelation ------------------------------

------------------------------ 07 Start ROC for ml ------------------------------
surr_type: IAAFT2
simples: 1000
ID_merge_tsid: [14]
ML_model: SVM_model
repeats: 10
features: 150

07_roc_data_and_figures_sdml directory already exists!
07_roc_data_and_figures_sdml/data directory already exists!
07_roc_data_and_figures_sdml/figures directory already exists!
len_eval_pts = 40

----- 01 forced trajectories and compute EWS -----
Complete for forced tsid=14
----- 01 null trajectories and compute EWS -----
Complete for null tsid=14
----- 02 Compute ROC curves -----
Exported ROC data to 07_roc_data_and_figures_sdml/data/IAAFT2/ROC/df_roc_surrogate_IAAFT2_simples_1000_SVM_model_[14].csv
Exported ROC figure to 07_roc_data_and_figures_sdml/figures/IAAFT2/ROC/figure_roc_surrogate_IAAFT2_simples_1000_SVM_model_[14].png
Ran in 1.50s
------------------------------ 07 Completed ROC for ml ------------------------------

------------------------------ 06 Start ROC for variance and lag-1 autocorrelation ------------------------------
surr_type: IAAFT2
simples: 1000
ID_merge_tsid: [8]
ML_model: SVM_model
repeats: 10
features: 150

06_roc_data_and_figures_var_corr directory already exists!
06_roc_data_and_figures_var_corr/data directory already exists!
06_roc_data_and_figures_var_corr/data/ROC directory already exists!
06_roc_data_and_figures_var_corr/figures directory already exists!
06_roc_data_and_figures_var_corr/figures/ROC directory already exists!
len_eval_pts= 40

----- 01 forced trajectories and compute EWS -----
Complete for forced tsid=8
----- 01 null trajectories and compute EWS -----
Complete for null tsid=8
----- 02 Compute ROC curves -----
Exported ROC data to 06_roc_data_and_figures_var_corr/data/ROC/df_roc_var_corr_[8].csv
Exported ROC figure to 06_roc_data_and_figures_var_corr/figures/ROC/figure_roc_var_corr_[8].png
Ran in 1.46s
------------------------------ 06 Completed ROC for variance and lag-1 autocorrelation ------------------------------

------------------------------ 07 Start ROC for ml ------------------------------
surr_type: IAAFT2
simples: 1000
ID_merge_tsid: [8]
ML_model: SVM_model
repeats: 10
features: 150

07_roc_data_and_figures_sdml directory already exists!
07_roc_data_and_figures_sdml/data directory already exists!
07_roc_data_and_figures_sdml/data/IAAFT2 directory already exists!
07_roc_data_and_figures_sdml/data/IAAFT2/ROC directory already exists!
07_roc_data_and_figures_sdml/figures directory already exists!
07_roc_data_and_figures_sdml/figures/IAAFT2 directory already exists!

07_roc_data_and_figures_sdml/figures/IAAFT2/ROC directory already exists!

len_eval_pts = 40

----- 01 forced trajectories and compute EWS -----
Complete for forced tsid=8
----- 01 null trajectories and compute EWS -----
Complete for null tsid=8
----- 02 Compute ROC curves -----
Exported ROC data to 07_roc_data_and_figures_sdml/data/IAAFT2/ROC/df_roc_surrogate_IAAFT2_simples_1000_SVM_model_[8].csv
Exported ROC figure to 07_roc_data_and_figures_sdml/figures/IAAFT2/ROC/figure_roc_surrogate_IAAFT2_simples_1000_SVM_model_[8].png
Ran in 1.50s
------------------------------ 07 Completed ROC for ml ------------------------------

------------------------------ 06 Start ROC for variance and lag-1 autocorrelation ------------------------------
surr_type: IAAFT2
simples: 1000
ID_merge_tsid: [8,14]
ML_model: SVM_model
repeats: 10
features: 150

06_roc_data_and_figures_var_corr directory already exists!
06_roc_data_and_figures_var_corr/data directory already exists!
06_roc_data_and_figures_var_corr/data/ROC directory already exists!
06_roc_data_and_figures_var_corr/figures directory already exists!
06_roc_data_and_figures_var_corr/figures/ROC directory already exists!
len_eval_pts= 40

----- 01 forced trajectories and compute EWS -----
Complete for forced tsid=8
Complete for forced tsid=14
----- 01 null trajectories and compute EWS -----
Complete for null tsid=8
Complete for null tsid=14
----- 02 Compute ROC curves -----
Exported ROC data to 06_roc_data_and_figures_var_corr/data/ROC/df_roc_var_corr_[8,14].csv
Exported ROC figure to 06_roc_data_and_figures_var_corr/figures/ROC/figure_roc_var_corr_[8,14].png
Ran in 1.56s
------------------------------ 06 Completed ROC for variance and lag-1 autocorrelation ------------------------------

------------------------------ 07 Start ROC for ml ------------------------------
surr_type: IAAFT2
simples: 1000
ID_merge_tsid: [8,14]
ML_model: SVM_model
repeats: 10
features: 150

07_roc_data_and_figures_sdml directory already exists!
07_roc_data_and_figures_sdml/data directory already exists!
07_roc_data_and_figures_sdml/data/IAAFT2 directory already exists!
07_roc_data_and_figures_sdml/data/IAAFT2/ROC directory already exists!
07_roc_data_and_figures_sdml/figures directory already exists!
07_roc_data_and_figures_sdml/figures/IAAFT2 directory already exists!

07_roc_data_and_figures_sdml/figures/IAAFT2/ROC directory already exists!

len_eval_pts = 40

----- 01 forced trajectories and compute EWS -----
Complete for forced tsid=8
Complete for forced tsid=14
----- 01 null trajectories and compute EWS -----
Complete for null tsid=8
Complete for null tsid=14
----- 02 Compute ROC curves -----
Exported ROC data to 07_roc_data_and_figures_sdml/data/IAAFT2/ROC/df_roc_surrogate_IAAFT2_simples_1000_SVM_model_[8,14].csv
Exported ROC figure to 07_roc_data_and_figures_sdml/figures/IAAFT2/ROC/figure_roc_surrogate_IAAFT2_simples_1000_SVM_model_[8,14].png
Ran in 1.52s
------------------------------ 07 Completed ROC for ml ------------------------------

------------------------------ 06 Start ROC for variance and lag-1 autocorrelation ------------------------------
surr_type: IAAFT2
simples: 1000
ID_merge_tsid: all
ML_model: SVM_model
repeats: 10
features: 150

06_roc_data_and_figures_var_corr directory already exists!
06_roc_data_and_figures_var_corr/data directory already exists!
06_roc_data_and_figures_var_corr/data/ROC directory already exists!
06_roc_data_and_figures_var_corr/figures directory already exists!
06_roc_data_and_figures_var_corr/figures/ROC directory already exists!
len_eval_pts= 40

----- 01 forced trajectories and compute EWS -----
Complete for forced tsid=1
Complete for forced tsid=2
Complete for forced tsid=3
Complete for forced tsid=4
Complete for forced tsid=5
Complete for forced tsid=6
Complete for forced tsid=7
Complete for forced tsid=8
Complete for forced tsid=9
Complete for forced tsid=10
Complete for forced tsid=11
Complete for forced tsid=12
Complete for forced tsid=13
Complete for forced tsid=14
Complete for forced tsid=15
Complete for forced tsid=16
Complete for forced tsid=17
Complete for forced tsid=18
Complete for forced tsid=19
Complete for forced tsid=20
Complete for forced tsid=21
Complete for forced tsid=22
Complete for forced tsid=23
----- 01 null trajectories and compute EWS -----
Complete for null tsid=1
Complete for null tsid=2
Complete for null tsid=3
Complete for null tsid=4
Complete for null tsid=5
Complete for null tsid=6
Complete for null tsid=7
Complete for null tsid=8
Complete for null tsid=9
Complete for null tsid=10
Complete for null tsid=11
Complete for null tsid=12
Complete for null tsid=13
Complete for null tsid=14
Complete for null tsid=15
Complete for null tsid=16
Complete for null tsid=17
Complete for null tsid=18
Complete for null tsid=19
Complete for null tsid=20
Complete for null tsid=21
Complete for null tsid=22
Complete for null tsid=23
----- 02 Compute ROC curves -----
Exported ROC data to 06_roc_data_and_figures_var_corr/data/ROC/df_roc_var_corr_all.csv
Exported ROC figure to 06_roc_data_and_figures_var_corr/figures/ROC/figure_roc_var_corr_all.png
Ran in 3.68s
------------------------------ 06 Completed ROC for variance and lag-1 autocorrelation ------------------------------

------------------------------ 07 Start ROC for ml ------------------------------
surr_type: IAAFT2
simples: 1000
ID_merge_tsid: all
ML_model: SVM_model
repeats: 10
features: 150

07_roc_data_and_figures_sdml directory already exists!
07_roc_data_and_figures_sdml/data directory already exists!
07_roc_data_and_figures_sdml/data/IAAFT2 directory already exists!
07_roc_data_and_figures_sdml/data/IAAFT2/ROC directory already exists!
07_roc_data_and_figures_sdml/figures directory already exists!
07_roc_data_and_figures_sdml/figures/IAAFT2 directory already exists!

07_roc_data_and_figures_sdml/figures/IAAFT2/ROC directory already exists!

len_eval_pts = 40

----- 01 forced trajectories and compute EWS -----
Complete for forced tsid=1
Complete for forced tsid=2
Complete for forced tsid=3
Complete for forced tsid=4
Complete for forced tsid=5
Complete for forced tsid=6
Complete for forced tsid=7
Complete for forced tsid=8
Complete for forced tsid=9
Complete for forced tsid=10
Complete for forced tsid=11
Complete for forced tsid=12
Complete for forced tsid=13
Complete for forced tsid=14
Complete for forced tsid=15
Complete for forced tsid=16
Complete for forced tsid=17
Complete for forced tsid=18
Complete for forced tsid=19
Complete for forced tsid=20
Complete for forced tsid=21
Complete for forced tsid=22
Complete for forced tsid=23
----- 01 null trajectories and compute EWS -----
Complete for null tsid=1
Complete for null tsid=2
Complete for null tsid=3
Complete for null tsid=4
Complete for null tsid=5
Complete for null tsid=6
Complete for null tsid=7
Complete for null tsid=8
Complete for null tsid=9
Complete for null tsid=10
Complete for null tsid=11
Complete for null tsid=12
Complete for null tsid=13
Complete for null tsid=14
Complete for null tsid=15
Complete for null tsid=16
Complete for null tsid=17
Complete for null tsid=18
Complete for null tsid=19
Complete for null tsid=20
Complete for null tsid=21
Complete for null tsid=22
Complete for null tsid=23
----- 02 Compute ROC curves -----
Exported ROC data to 07_roc_data_and_figures_sdml/data/IAAFT2/ROC/df_roc_surrogate_IAAFT2_simples_1000_SVM_model_all.csv
Exported ROC figure to 07_roc_data_and_figures_sdml/figures/IAAFT2/ROC/figure_roc_surrogate_IAAFT2_simples_1000_SVM_model_all.png
Ran in 8.28s
------------------------------ 07 Completed ROC for ml ------------------------------

-------------------------------------------------------------------------------------
------------------------------ 01 Start run ------------------------------
surr_type: IAAFT2
simples: 1000
ID_train: 8
ML_model: Bagging_model
repeats: 10

01_evaluation_data directory already exists!
models directory already exists!

full_path= G:/surrogate_data_based_machine_learning_v4.0.0/chick_heart/01_data_preprocessing/02_extracte_and_generate_surrogate_dataset/data/merge_surrogate_IAAFT2_simples_1000_train_8.csv
>#1: [100. 100. 100. 100. 100. 100. 100. 100. 100. 100. 100. 100. 100. 100.
 100.]
>#2: [100. 100. 100. 100. 100. 100. 100. 100. 100. 100. 100. 100. 100. 100.
 100.]
>#3: [100. 100. 100. 100. 100. 100. 100. 100. 100. 100. 100. 100. 100. 100.
 100.]
>#4: [100. 100. 100. 100. 100. 100. 100. 100. 100. 100. 100. 100. 100. 100.
 100.]
>#5: [100. 100. 100. 100. 100. 100. 100. 100. 100. 100. 100. 100. 100. 100.
 100.]
>#6: [100. 100. 100. 100. 100. 100. 100. 100. 100. 100. 100. 100. 100. 100.
 100.]
>#7: [100. 100. 100. 100. 100. 100. 100. 100. 100. 100. 100. 100. 100. 100.
 100.]
>#8: [100. 100. 100. 100. 100. 100. 100. 100. 100. 100. 100. 100. 100. 100.
 100.]
>#9: [100. 100. 100. 100. 100. 100. 100. 100. 100. 100. 100. 100. 100. 100.
 100.]
>#10: [100. 100. 100. 100. 100. 100. 100. 100. 100. 100. 100. 100. 100. 100.
 100.]
------------------ summarize results -------------------------
ML_model: Bagging_model
scores: [array([100., 100., 100., 100., 100., 100., 100., 100., 100., 100., 100.,
       100., 100., 100., 100.]), array([100., 100., 100., 100., 100., 100., 100., 100., 100., 100., 100.,
       100., 100., 100., 100.]), array([100., 100., 100., 100., 100., 100., 100., 100., 100., 100., 100.,
       100., 100., 100., 100.]), array([100., 100., 100., 100., 100., 100., 100., 100., 100., 100., 100.,
       100., 100., 100., 100.]), array([100., 100., 100., 100., 100., 100., 100., 100., 100., 100., 100.,
       100., 100., 100., 100.]), array([100., 100., 100., 100., 100., 100., 100., 100., 100., 100., 100.,
       100., 100., 100., 100.]), array([100., 100., 100., 100., 100., 100., 100., 100., 100., 100., 100.,
       100., 100., 100., 100.]), array([100., 100., 100., 100., 100., 100., 100., 100., 100., 100., 100.,
       100., 100., 100., 100.]), array([100., 100., 100., 100., 100., 100., 100., 100., 100., 100., 100.,
       100., 100., 100., 100.]), array([100., 100., 100., 100., 100., 100., 100., 100., 100., 100., 100.,
       100., 100., 100., 100.])]
Accuracy mean (std): 100.000% (0.000)

Running time 147.1 seconds
------------------------------ 01 Completed ------------------------------

------------------------------ 02 Start Evaluation ------------------------------
surr_type: IAAFT2
simples: 1000
ID_train: 8
ML_model: Bagging_model
repeats: 10

02_evaluation_performance directory already exists!
The results have been saved to a txt file: 02_evaluation_performance/evaluation_performance_surrogate_IAAFT2_simples_1000_Bagging_model_train_8.txt
# 1 >> score:[100. 100. 100. 100. 100. 100. 100. 100. 100. 100. 100. 100. 100. 100.
 100.]:
# 2 >> score:[100. 100. 100. 100. 100. 100. 100. 100. 100. 100. 100. 100. 100. 100.
 100.]:
# 3 >> score:[100. 100. 100. 100. 100. 100. 100. 100. 100. 100. 100. 100. 100. 100.
 100.]:
# 4 >> score:[100. 100. 100. 100. 100. 100. 100. 100. 100. 100. 100. 100. 100. 100.
 100.]:
# 5 >> score:[100. 100. 100. 100. 100. 100. 100. 100. 100. 100. 100. 100. 100. 100.
 100.]:
# 6 >> score:[100. 100. 100. 100. 100. 100. 100. 100. 100. 100. 100. 100. 100. 100.
 100.]:
# 7 >> score:[100. 100. 100. 100. 100. 100. 100. 100. 100. 100. 100. 100. 100. 100.
 100.]:
# 8 >> score:[100. 100. 100. 100. 100. 100. 100. 100. 100. 100. 100. 100. 100. 100.
 100.]:
# 9 >> score:[100. 100. 100. 100. 100. 100. 100. 100. 100. 100. 100. 100. 100. 100.
 100.]:
# 10 >> score:[100. 100. 100. 100. 100. 100. 100. 100. 100. 100. 100. 100. 100. 100.
 100.]:
------------------ summarize results -------------------------
ML_model: Bagging_model
scores: [array([100., 100., 100., 100., 100., 100., 100., 100., 100., 100., 100.,
       100., 100., 100., 100.]), array([100., 100., 100., 100., 100., 100., 100., 100., 100., 100., 100.,
       100., 100., 100., 100.]), array([100., 100., 100., 100., 100., 100., 100., 100., 100., 100., 100.,
       100., 100., 100., 100.]), array([100., 100., 100., 100., 100., 100., 100., 100., 100., 100., 100.,
       100., 100., 100., 100.]), array([100., 100., 100., 100., 100., 100., 100., 100., 100., 100., 100.,
       100., 100., 100., 100.]), array([100., 100., 100., 100., 100., 100., 100., 100., 100., 100., 100.,
       100., 100., 100., 100.]), array([100., 100., 100., 100., 100., 100., 100., 100., 100., 100., 100.,
       100., 100., 100., 100.]), array([100., 100., 100., 100., 100., 100., 100., 100., 100., 100., 100.,
       100., 100., 100., 100.]), array([100., 100., 100., 100., 100., 100., 100., 100., 100., 100., 100.,
       100., 100., 100., 100.]), array([100., 100., 100., 100., 100., 100., 100., 100., 100., 100., 100.,
       100., 100., 100., 100.])]
Accuracy mean (std): 100.000% (0.000)

Running time 18.8 seconds
------------------------------ 02 Completed Evaluation ------------------------------

------------------------------ 03 Start sliding windows ------------------------------
surr_type: IAAFT2
simples: 1000
ID_train: 8
ID_test: 14
Variable_label: chick_heart
tsid: 14
features: 150
sw_width: 150

03_sliding_window_data directory already exists!
14.shape: (300, 2)
success-> sliding_window_features_shape (real=(300-150+1, 150)):  (151, 150)
------------------------------ 03 Completed sliding windows ------------------------------

------------------------------ 04 Start predicate ------------------------------
surr_type: IAAFT2
simples: 1000
ID_train: 8
ID_test: 14
ML_model: Bagging_model
repeats: 10

04_prediction_data directory already exists!
df_X_test.shape (151, 150)
----------------------- prediction ... -----------------------
y_pred_list.shape: (151, 1)
y_pred_list.shape: (151, 2)
y_pred_list.shape: (151, 3)
y_pred_list.shape: (151, 4)
y_pred_list.shape: (151, 5)
y_pred_list.shape: (151, 6)
y_pred_list.shape: (151, 7)
y_pred_list.shape: (151, 8)
y_pred_list.shape: (151, 9)
y_pred_list.shape: (151, 10)
------------------------------ 04 Completed predicate ------------------------------

------------------------------ 05 Start plots ------------------------------
surr_type: IAAFT2
simples: 1000
ID_train: 8
ID_test: 14
Variable_label: chick_heart
ML_model: Bagging_model
sw_width: 150
tsid: 14

05_data_ews directory already exists!
05_data_ews/IAAFT2 directory already exists!
05_figures_ews directory already exists!
05_figures_ews/IAAFT2 directory already exists!
sliding_window_14: 150
------------------------------ 05 Completed plots ------------------------------

------------------------------ 07 Start ROC for ml ------------------------------
surr_type: IAAFT2
simples: 1000
ID_merge_tsid: [14]
ML_model: Bagging_model
repeats: 10
features: 150

07_roc_data_and_figures_sdml directory already exists!
07_roc_data_and_figures_sdml/data directory already exists!
07_roc_data_and_figures_sdml/data/IAAFT2 directory already exists!
07_roc_data_and_figures_sdml/data/IAAFT2/ROC directory already exists!
07_roc_data_and_figures_sdml/figures directory already exists!
07_roc_data_and_figures_sdml/figures/IAAFT2 directory already exists!

07_roc_data_and_figures_sdml/figures/IAAFT2/ROC directory already exists!

len_eval_pts = 40

----- 01 forced trajectories and compute EWS -----
Complete for forced tsid=14
----- 01 null trajectories and compute EWS -----
Complete for null tsid=14
----- 02 Compute ROC curves -----
Exported ROC data to 07_roc_data_and_figures_sdml/data/IAAFT2/ROC/df_roc_surrogate_IAAFT2_simples_1000_Bagging_model_[14].csv
Exported ROC figure to 07_roc_data_and_figures_sdml/figures/IAAFT2/ROC/figure_roc_surrogate_IAAFT2_simples_1000_Bagging_model_[14].png
Ran in 1.98s
------------------------------ 07 Completed ROC for ml ------------------------------

------------------------------ 07 Start ROC for ml ------------------------------
surr_type: IAAFT2
simples: 1000
ID_merge_tsid: [8]
ML_model: Bagging_model
repeats: 10
features: 150

07_roc_data_and_figures_sdml directory already exists!
07_roc_data_and_figures_sdml/data directory already exists!
07_roc_data_and_figures_sdml/data/IAAFT2 directory already exists!
07_roc_data_and_figures_sdml/data/IAAFT2/ROC directory already exists!
07_roc_data_and_figures_sdml/figures directory already exists!
07_roc_data_and_figures_sdml/figures/IAAFT2 directory already exists!

07_roc_data_and_figures_sdml/figures/IAAFT2/ROC directory already exists!

len_eval_pts = 40

----- 01 forced trajectories and compute EWS -----
Complete for forced tsid=8
----- 01 null trajectories and compute EWS -----
Complete for null tsid=8
----- 02 Compute ROC curves -----
Exported ROC data to 07_roc_data_and_figures_sdml/data/IAAFT2/ROC/df_roc_surrogate_IAAFT2_simples_1000_Bagging_model_[8].csv
Exported ROC figure to 07_roc_data_and_figures_sdml/figures/IAAFT2/ROC/figure_roc_surrogate_IAAFT2_simples_1000_Bagging_model_[8].png
Ran in 2.00s
------------------------------ 07 Completed ROC for ml ------------------------------

------------------------------ 07 Start ROC for ml ------------------------------
surr_type: IAAFT2
simples: 1000
ID_merge_tsid: [8,14]
ML_model: Bagging_model
repeats: 10
features: 150

07_roc_data_and_figures_sdml directory already exists!
07_roc_data_and_figures_sdml/data directory already exists!
07_roc_data_and_figures_sdml/data/IAAFT2 directory already exists!
07_roc_data_and_figures_sdml/data/IAAFT2/ROC directory already exists!
07_roc_data_and_figures_sdml/figures directory already exists!
07_roc_data_and_figures_sdml/figures/IAAFT2 directory already exists!

07_roc_data_and_figures_sdml/figures/IAAFT2/ROC directory already exists!

len_eval_pts = 40

----- 01 forced trajectories and compute EWS -----
Complete for forced tsid=8
Complete for forced tsid=14
----- 01 null trajectories and compute EWS -----
Complete for null tsid=8
Complete for null tsid=14
----- 02 Compute ROC curves -----
Exported ROC data to 07_roc_data_and_figures_sdml/data/IAAFT2/ROC/df_roc_surrogate_IAAFT2_simples_1000_Bagging_model_[8,14].csv
Exported ROC figure to 07_roc_data_and_figures_sdml/figures/IAAFT2/ROC/figure_roc_surrogate_IAAFT2_simples_1000_Bagging_model_[8,14].png
Ran in 2.29s
------------------------------ 07 Completed ROC for ml ------------------------------

------------------------------ 07 Start ROC for ml ------------------------------
surr_type: IAAFT2
simples: 1000
ID_merge_tsid: all
ML_model: Bagging_model
repeats: 10
features: 150

07_roc_data_and_figures_sdml directory already exists!
07_roc_data_and_figures_sdml/data directory already exists!
07_roc_data_and_figures_sdml/data/IAAFT2 directory already exists!
07_roc_data_and_figures_sdml/data/IAAFT2/ROC directory already exists!
07_roc_data_and_figures_sdml/figures directory already exists!
07_roc_data_and_figures_sdml/figures/IAAFT2 directory already exists!

07_roc_data_and_figures_sdml/figures/IAAFT2/ROC directory already exists!

len_eval_pts = 40

----- 01 forced trajectories and compute EWS -----
Complete for forced tsid=1
Complete for forced tsid=2
Complete for forced tsid=3
Complete for forced tsid=4
Complete for forced tsid=5
Complete for forced tsid=6
Complete for forced tsid=7
Complete for forced tsid=8
Complete for forced tsid=9
Complete for forced tsid=10
Complete for forced tsid=11
Complete for forced tsid=12
Complete for forced tsid=13
Complete for forced tsid=14
Complete for forced tsid=15
Complete for forced tsid=16
Complete for forced tsid=17
Complete for forced tsid=18
Complete for forced tsid=19
Complete for forced tsid=20
Complete for forced tsid=21
Complete for forced tsid=22
Complete for forced tsid=23
----- 01 null trajectories and compute EWS -----
Complete for null tsid=1
Complete for null tsid=2
Complete for null tsid=3
Complete for null tsid=4
Complete for null tsid=5
Complete for null tsid=6
Complete for null tsid=7
Complete for null tsid=8
Complete for null tsid=9
Complete for null tsid=10
Complete for null tsid=11
Complete for null tsid=12
Complete for null tsid=13
Complete for null tsid=14
Complete for null tsid=15
Complete for null tsid=16
Complete for null tsid=17
Complete for null tsid=18
Complete for null tsid=19
Complete for null tsid=20
Complete for null tsid=21
Complete for null tsid=22
Complete for null tsid=23
----- 02 Compute ROC curves -----
Exported ROC data to 07_roc_data_and_figures_sdml/data/IAAFT2/ROC/df_roc_surrogate_IAAFT2_simples_1000_Bagging_model_all.csv
Exported ROC figure to 07_roc_data_and_figures_sdml/figures/IAAFT2/ROC/figure_roc_surrogate_IAAFT2_simples_1000_Bagging_model_all.png
Ran in 11.13s
------------------------------ 07 Completed ROC for ml ------------------------------

-------------------------------------------------------------------------------------
------------------------------ 01 Start run ------------------------------
surr_type: IAAFT2
simples: 1000
ID_train: 8
ML_model: RF_model
repeats: 10

01_evaluation_data directory already exists!
models directory already exists!

full_path= G:/surrogate_data_based_machine_learning_v4.0.0/chick_heart/01_data_preprocessing/02_extracte_and_generate_surrogate_dataset/data/merge_surrogate_IAAFT2_simples_1000_train_8.csv
>#1: [100. 100. 100. 100. 100. 100. 100. 100. 100. 100. 100. 100. 100. 100.
 100.]
>#2: [100. 100. 100. 100. 100. 100. 100. 100. 100. 100. 100. 100. 100. 100.
 100.]
>#3: [100. 100. 100. 100. 100. 100. 100. 100. 100. 100. 100. 100. 100. 100.
 100.]
>#4: [100. 100. 100. 100. 100. 100. 100. 100. 100. 100. 100. 100. 100. 100.
 100.]
>#5: [100. 100. 100. 100. 100. 100. 100. 100. 100. 100. 100. 100. 100. 100.
 100.]
>#6: [100. 100. 100. 100. 100. 100. 100. 100. 100. 100. 100. 100. 100. 100.
 100.]
>#7: [100. 100. 100. 100. 100. 100. 100. 100. 100. 100. 100. 100. 100. 100.
 100.]
>#8: [100. 100. 100. 100. 100. 100. 100. 100. 100. 100. 100. 100. 100. 100.
 100.]
>#9: [100. 100. 100. 100. 100. 100. 100. 100. 100. 100. 100. 100. 100. 100.
 100.]
>#10: [100. 100. 100. 100. 100. 100. 100. 100. 100. 100. 100. 100. 100. 100.
 100.]
------------------ summarize results -------------------------
ML_model: RF_model
scores: [array([100., 100., 100., 100., 100., 100., 100., 100., 100., 100., 100.,
       100., 100., 100., 100.]), array([100., 100., 100., 100., 100., 100., 100., 100., 100., 100., 100.,
       100., 100., 100., 100.]), array([100., 100., 100., 100., 100., 100., 100., 100., 100., 100., 100.,
       100., 100., 100., 100.]), array([100., 100., 100., 100., 100., 100., 100., 100., 100., 100., 100.,
       100., 100., 100., 100.]), array([100., 100., 100., 100., 100., 100., 100., 100., 100., 100., 100.,
       100., 100., 100., 100.]), array([100., 100., 100., 100., 100., 100., 100., 100., 100., 100., 100.,
       100., 100., 100., 100.]), array([100., 100., 100., 100., 100., 100., 100., 100., 100., 100., 100.,
       100., 100., 100., 100.]), array([100., 100., 100., 100., 100., 100., 100., 100., 100., 100., 100.,
       100., 100., 100., 100.]), array([100., 100., 100., 100., 100., 100., 100., 100., 100., 100., 100.,
       100., 100., 100., 100.]), array([100., 100., 100., 100., 100., 100., 100., 100., 100., 100., 100.,
       100., 100., 100., 100.])]
Accuracy mean (std): 100.000% (0.000)

Running time 19.4 seconds
------------------------------ 01 Completed ------------------------------

------------------------------ 02 Start Evaluation ------------------------------
surr_type: IAAFT2
simples: 1000
ID_train: 8
ML_model: RF_model
repeats: 10

02_evaluation_performance directory already exists!
The results have been saved to a txt file: 02_evaluation_performance/evaluation_performance_surrogate_IAAFT2_simples_1000_RF_model_train_8.txt
# 1 >> score:[100. 100. 100. 100. 100. 100. 100. 100. 100. 100. 100. 100. 100. 100.
 100.]:
# 2 >> score:[100. 100. 100. 100. 100. 100. 100. 100. 100. 100. 100. 100. 100. 100.
 100.]:
# 3 >> score:[100. 100. 100. 100. 100. 100. 100. 100. 100. 100. 100. 100. 100. 100.
 100.]:
# 4 >> score:[100. 100. 100. 100. 100. 100. 100. 100. 100. 100. 100. 100. 100. 100.
 100.]:
# 5 >> score:[100. 100. 100. 100. 100. 100. 100. 100. 100. 100. 100. 100. 100. 100.
 100.]:
# 6 >> score:[100. 100. 100. 100. 100. 100. 100. 100. 100. 100. 100. 100. 100. 100.
 100.]:
# 7 >> score:[100. 100. 100. 100. 100. 100. 100. 100. 100. 100. 100. 100. 100. 100.
 100.]:
# 8 >> score:[100. 100. 100. 100. 100. 100. 100. 100. 100. 100. 100. 100. 100. 100.
 100.]:
# 9 >> score:[100. 100. 100. 100. 100. 100. 100. 100. 100. 100. 100. 100. 100. 100.
 100.]:
# 10 >> score:[100. 100. 100. 100. 100. 100. 100. 100. 100. 100. 100. 100. 100. 100.
 100.]:
------------------ summarize results -------------------------
ML_model: RF_model
scores: [array([100., 100., 100., 100., 100., 100., 100., 100., 100., 100., 100.,
       100., 100., 100., 100.]), array([100., 100., 100., 100., 100., 100., 100., 100., 100., 100., 100.,
       100., 100., 100., 100.]), array([100., 100., 100., 100., 100., 100., 100., 100., 100., 100., 100.,
       100., 100., 100., 100.]), array([100., 100., 100., 100., 100., 100., 100., 100., 100., 100., 100.,
       100., 100., 100., 100.]), array([100., 100., 100., 100., 100., 100., 100., 100., 100., 100., 100.,
       100., 100., 100., 100.]), array([100., 100., 100., 100., 100., 100., 100., 100., 100., 100., 100.,
       100., 100., 100., 100.]), array([100., 100., 100., 100., 100., 100., 100., 100., 100., 100., 100.,
       100., 100., 100., 100.]), array([100., 100., 100., 100., 100., 100., 100., 100., 100., 100., 100.,
       100., 100., 100., 100.]), array([100., 100., 100., 100., 100., 100., 100., 100., 100., 100., 100.,
       100., 100., 100., 100.]), array([100., 100., 100., 100., 100., 100., 100., 100., 100., 100., 100.,
       100., 100., 100., 100.])]
Accuracy mean (std): 100.000% (0.000)

Running time 6.1 seconds
------------------------------ 02 Completed Evaluation ------------------------------

------------------------------ 03 Start sliding windows ------------------------------
surr_type: IAAFT2
simples: 1000
ID_train: 8
ID_test: 14
Variable_label: chick_heart
tsid: 14
features: 150
sw_width: 150

03_sliding_window_data directory already exists!
14.shape: (300, 2)
success-> sliding_window_features_shape (real=(300-150+1, 150)):  (151, 150)
------------------------------ 03 Completed sliding windows ------------------------------

------------------------------ 04 Start predicate ------------------------------
surr_type: IAAFT2
simples: 1000
ID_train: 8
ID_test: 14
ML_model: RF_model
repeats: 10

04_prediction_data directory already exists!
df_X_test.shape (151, 150)
----------------------- prediction ... -----------------------
y_pred_list.shape: (151, 1)
y_pred_list.shape: (151, 2)
y_pred_list.shape: (151, 3)
y_pred_list.shape: (151, 4)
y_pred_list.shape: (151, 5)
y_pred_list.shape: (151, 6)
y_pred_list.shape: (151, 7)
y_pred_list.shape: (151, 8)
y_pred_list.shape: (151, 9)
y_pred_list.shape: (151, 10)
------------------------------ 04 Completed predicate ------------------------------

------------------------------ 05 Start plots ------------------------------
surr_type: IAAFT2
simples: 1000
ID_train: 8
ID_test: 14
Variable_label: chick_heart
ML_model: RF_model
sw_width: 150
tsid: 14

05_data_ews directory already exists!
05_data_ews/IAAFT2 directory already exists!
05_figures_ews directory already exists!
05_figures_ews/IAAFT2 directory already exists!
sliding_window_14: 150
------------------------------ 05 Completed plots ------------------------------

------------------------------ 07 Start ROC for ml ------------------------------
surr_type: IAAFT2
simples: 1000
ID_merge_tsid: [14]
ML_model: RF_model
repeats: 10
features: 150

07_roc_data_and_figures_sdml directory already exists!
07_roc_data_and_figures_sdml/data directory already exists!
07_roc_data_and_figures_sdml/data/IAAFT2 directory already exists!
07_roc_data_and_figures_sdml/data/IAAFT2/ROC directory already exists!
07_roc_data_and_figures_sdml/figures directory already exists!
07_roc_data_and_figures_sdml/figures/IAAFT2 directory already exists!

07_roc_data_and_figures_sdml/figures/IAAFT2/ROC directory already exists!

len_eval_pts = 40

----- 01 forced trajectories and compute EWS -----
Complete for forced tsid=14
----- 01 null trajectories and compute EWS -----
Complete for null tsid=14
----- 02 Compute ROC curves -----
Exported ROC data to 07_roc_data_and_figures_sdml/data/IAAFT2/ROC/df_roc_surrogate_IAAFT2_simples_1000_RF_model_[14].csv
Exported ROC figure to 07_roc_data_and_figures_sdml/figures/IAAFT2/ROC/figure_roc_surrogate_IAAFT2_simples_1000_RF_model_[14].png
Ran in 1.86s
------------------------------ 07 Completed ROC for ml ------------------------------

------------------------------ 07 Start ROC for ml ------------------------------
surr_type: IAAFT2
simples: 1000
ID_merge_tsid: [8]
ML_model: RF_model
repeats: 10
features: 150

07_roc_data_and_figures_sdml directory already exists!
07_roc_data_and_figures_sdml/data directory already exists!
07_roc_data_and_figures_sdml/data/IAAFT2 directory already exists!
07_roc_data_and_figures_sdml/data/IAAFT2/ROC directory already exists!
07_roc_data_and_figures_sdml/figures directory already exists!
07_roc_data_and_figures_sdml/figures/IAAFT2 directory already exists!

07_roc_data_and_figures_sdml/figures/IAAFT2/ROC directory already exists!

len_eval_pts = 40

----- 01 forced trajectories and compute EWS -----
Complete for forced tsid=8
----- 01 null trajectories and compute EWS -----
Complete for null tsid=8
----- 02 Compute ROC curves -----
Exported ROC data to 07_roc_data_and_figures_sdml/data/IAAFT2/ROC/df_roc_surrogate_IAAFT2_simples_1000_RF_model_[8].csv
Exported ROC figure to 07_roc_data_and_figures_sdml/figures/IAAFT2/ROC/figure_roc_surrogate_IAAFT2_simples_1000_RF_model_[8].png
Ran in 1.89s
------------------------------ 07 Completed ROC for ml ------------------------------

------------------------------ 07 Start ROC for ml ------------------------------
surr_type: IAAFT2
simples: 1000
ID_merge_tsid: [8,14]
ML_model: RF_model
repeats: 10
features: 150

07_roc_data_and_figures_sdml directory already exists!
07_roc_data_and_figures_sdml/data directory already exists!
07_roc_data_and_figures_sdml/data/IAAFT2 directory already exists!
07_roc_data_and_figures_sdml/data/IAAFT2/ROC directory already exists!
07_roc_data_and_figures_sdml/figures directory already exists!
07_roc_data_and_figures_sdml/figures/IAAFT2 directory already exists!

07_roc_data_and_figures_sdml/figures/IAAFT2/ROC directory already exists!

len_eval_pts = 40

----- 01 forced trajectories and compute EWS -----
Complete for forced tsid=8
Complete for forced tsid=14
----- 01 null trajectories and compute EWS -----
Complete for null tsid=8
Complete for null tsid=14
----- 02 Compute ROC curves -----
Exported ROC data to 07_roc_data_and_figures_sdml/data/IAAFT2/ROC/df_roc_surrogate_IAAFT2_simples_1000_RF_model_[8,14].csv
Exported ROC figure to 07_roc_data_and_figures_sdml/figures/IAAFT2/ROC/figure_roc_surrogate_IAAFT2_simples_1000_RF_model_[8,14].png
Ran in 2.17s
------------------------------ 07 Completed ROC for ml ------------------------------

------------------------------ 07 Start ROC for ml ------------------------------
surr_type: IAAFT2
simples: 1000
ID_merge_tsid: all
ML_model: RF_model
repeats: 10
features: 150

07_roc_data_and_figures_sdml directory already exists!
07_roc_data_and_figures_sdml/data directory already exists!
07_roc_data_and_figures_sdml/data/IAAFT2 directory already exists!
07_roc_data_and_figures_sdml/data/IAAFT2/ROC directory already exists!
07_roc_data_and_figures_sdml/figures directory already exists!
07_roc_data_and_figures_sdml/figures/IAAFT2 directory already exists!

07_roc_data_and_figures_sdml/figures/IAAFT2/ROC directory already exists!

len_eval_pts = 40

----- 01 forced trajectories and compute EWS -----
Complete for forced tsid=1
Complete for forced tsid=2
Complete for forced tsid=3
Complete for forced tsid=4
Complete for forced tsid=5
Complete for forced tsid=6
Complete for forced tsid=7
Complete for forced tsid=8
Complete for forced tsid=9
Complete for forced tsid=10
Complete for forced tsid=11
Complete for forced tsid=12
Complete for forced tsid=13
Complete for forced tsid=14
Complete for forced tsid=15
Complete for forced tsid=16
Complete for forced tsid=17
Complete for forced tsid=18
Complete for forced tsid=19
Complete for forced tsid=20
Complete for forced tsid=21
Complete for forced tsid=22
Complete for forced tsid=23
----- 01 null trajectories and compute EWS -----
Complete for null tsid=1
Complete for null tsid=2
Complete for null tsid=3
Complete for null tsid=4
Complete for null tsid=5
Complete for null tsid=6
Complete for null tsid=7
Complete for null tsid=8
Complete for null tsid=9
Complete for null tsid=10
Complete for null tsid=11
Complete for null tsid=12
Complete for null tsid=13
Complete for null tsid=14
Complete for null tsid=15
Complete for null tsid=16
Complete for null tsid=17
Complete for null tsid=18
Complete for null tsid=19
Complete for null tsid=20
Complete for null tsid=21
Complete for null tsid=22
Complete for null tsid=23
----- 02 Compute ROC curves -----
Exported ROC data to 07_roc_data_and_figures_sdml/data/IAAFT2/ROC/df_roc_surrogate_IAAFT2_simples_1000_RF_model_all.csv
Exported ROC figure to 07_roc_data_and_figures_sdml/figures/IAAFT2/ROC/figure_roc_surrogate_IAAFT2_simples_1000_RF_model_all.png
Ran in 7.90s
------------------------------ 07 Completed ROC for ml ------------------------------

-------------------------------------------------------------------------------------
------------------------------ 01 Start run ------------------------------
surr_type: IAAFT2
simples: 1000
ID_train: 8
ML_model: GBM_model
repeats: 10

01_evaluation_data directory already exists!
models directory already exists!

full_path= G:/surrogate_data_based_machine_learning_v4.0.0/chick_heart/01_data_preprocessing/02_extracte_and_generate_surrogate_dataset/data/merge_surrogate_IAAFT2_simples_1000_train_8.csv
>#1: [100.          98.61132812 100.         100.         100.
  99.96874878  99.70703125 100.         100.          99.99609375
  98.85542404  99.72460938  99.70898438  99.44140625 100.        ]
>#2: [100.          98.61132812 100.         100.         100.
  99.97656158  99.70703125 100.         100.          99.98828125
  98.85542404  99.72460938  99.70898438  99.44140625  99.99609375]
>#3: [100.          98.61132812 100.         100.         100.
  99.96484238  99.70703125 100.         100.          99.984375
  98.85542404  99.72460938  99.71679687  99.44140625 100.        ]
>#4: [100.          98.61132812 100.         100.         100.
  99.98046799  99.70703125 100.         100.          99.98046875
  98.85542404  99.72460938  99.71289062  99.44140625  99.9921875 ]
>#5: [100.          98.61132812 100.         100.         100.
  99.96874878  99.70703125  99.99609375 100.          99.98828125
  98.85542404  99.72460938  99.70898438  99.44140625  99.99609375]
>#6: [100.          98.61132812 100.         100.         100.
  99.97656158  99.70703125 100.         100.          99.98828125
  98.85542404  99.72460938  99.70898438  99.44140625  99.99609375]
>#7: [100.          98.61132812 100.         100.         100.
  99.96874878  99.70703125 100.         100.          99.984375
  98.85542404  99.72460938  99.70898438  99.44140625 100.        ]
>#8: [100.          98.61132812 100.         100.         100.
  99.96484238  99.70703125 100.         100.          99.984375
  98.85542404  99.72460938  99.71289062  99.44140625 100.        ]
>#9: [100.          98.61132812 100.         100.         100.
  99.98046799  99.70703125 100.         100.          99.9921875
  98.85542404  99.72460938  99.70898438  99.44140625  99.99609375]
>#10: [100.          98.61132812 100.         100.         100.
  99.97656158  99.70703125 100.         100.          99.99609375
  98.85542404  99.72460938  99.70898438  99.44140625 100.        ]
------------------ summarize results -------------------------
ML_model: GBM_model
scores: [array([100.        ,  98.61132812, 100.        , 100.        ,
       100.        ,  99.96874878,  99.70703125, 100.        ,
       100.        ,  99.99609375,  98.85542404,  99.72460938,
        99.70898438,  99.44140625, 100.        ]), array([100.        ,  98.61132812, 100.        , 100.        ,
       100.        ,  99.97656158,  99.70703125, 100.        ,
       100.        ,  99.98828125,  98.85542404,  99.72460938,
        99.70898438,  99.44140625,  99.99609375]), array([100.        ,  98.61132812, 100.        , 100.        ,
       100.        ,  99.96484238,  99.70703125, 100.        ,
       100.        ,  99.984375  ,  98.85542404,  99.72460938,
        99.71679687,  99.44140625, 100.        ]), array([100.        ,  98.61132812, 100.        , 100.        ,
       100.        ,  99.98046799,  99.70703125, 100.        ,
       100.        ,  99.98046875,  98.85542404,  99.72460938,
        99.71289062,  99.44140625,  99.9921875 ]), array([100.        ,  98.61132812, 100.        , 100.        ,
       100.        ,  99.96874878,  99.70703125,  99.99609375,
       100.        ,  99.98828125,  98.85542404,  99.72460938,
        99.70898438,  99.44140625,  99.99609375]), array([100.        ,  98.61132812, 100.        , 100.        ,
       100.        ,  99.97656158,  99.70703125, 100.        ,
       100.        ,  99.98828125,  98.85542404,  99.72460938,
        99.70898438,  99.44140625,  99.99609375]), array([100.        ,  98.61132812, 100.        , 100.        ,
       100.        ,  99.96874878,  99.70703125, 100.        ,
       100.        ,  99.984375  ,  98.85542404,  99.72460938,
        99.70898438,  99.44140625, 100.        ]), array([100.        ,  98.61132812, 100.        , 100.        ,
       100.        ,  99.96484238,  99.70703125, 100.        ,
       100.        ,  99.984375  ,  98.85542404,  99.72460938,
        99.71289062,  99.44140625, 100.        ]), array([100.        ,  98.61132812, 100.        , 100.        ,
       100.        ,  99.98046799,  99.70703125, 100.        ,
       100.        ,  99.9921875 ,  98.85542404,  99.72460938,
        99.70898438,  99.44140625,  99.99609375]), array([100.        ,  98.61132812, 100.        , 100.        ,
       100.        ,  99.97656158,  99.70703125, 100.        ,
       100.        ,  99.99609375,  98.85542404,  99.72460938,
        99.70898438,  99.44140625, 100.        ])]
Accuracy mean (std): 99.734% (0.427)

Running time 241.0 seconds
------------------------------ 01 Completed ------------------------------

------------------------------ 02 Start Evaluation ------------------------------
surr_type: IAAFT2
simples: 1000
ID_train: 8
ML_model: GBM_model
repeats: 10

02_evaluation_performance directory already exists!
The results have been saved to a txt file: 02_evaluation_performance/evaluation_performance_surrogate_IAAFT2_simples_1000_GBM_model_train_8.txt
# 1 >> score:[ 99.74984365  99.9375      99.75        94.125      100.
 100.         100.         100.         100.         100.
  99.87492183  98.6875     100.         100.          91.46875   ]:
# 2 >> score:[ 99.74984365 100.          99.875       94.125      100.
 100.         100.         100.         100.         100.
  99.87492183  98.8125     100.         100.          91.46875   ]:
# 3 >> score:[ 99.74984365 100.          99.75        94.125      100.
 100.         100.         100.         100.         100.
  99.81238274  98.8125     100.          99.9375      91.46875   ]:
# 4 >> score:[ 99.74984365 100.          99.6875      94.125      100.
 100.         100.         100.         100.         100.
  99.87492183  98.6875     100.          99.9375      91.46875   ]:
# 5 >> score:[ 99.74984365  99.9375      99.625       94.125      100.
 100.         100.         100.         100.         100.
  99.87492183  98.6875     100.         100.          91.46875   ]:
# 6 >> score:[ 99.74984365 100.          99.6875      94.125      100.
 100.         100.         100.         100.         100.
  99.87492183  98.625      100.         100.          91.46875   ]:
# 7 >> score:[ 99.68730457 100.          99.8125      94.125      100.
 100.         100.         100.         100.         100.
  99.87492183  98.9375     100.          99.9375      91.46875   ]:
# 8 >> score:[ 99.81238274 100.          99.875       94.125      100.
 100.         100.         100.         100.         100.
  99.87492183  98.6875     100.         100.          91.46875   ]:
# 9 >> score:[ 99.68730457 100.          99.6875      94.125      100.
 100.         100.         100.         100.         100.
  99.81238274  98.75       100.         100.          91.46875   ]:
# 10 >> score:[ 99.81238274 100.          99.75        94.125      100.
 100.         100.         100.         100.         100.
  99.74984365  98.6875     100.         100.          91.46875   ]:
------------------ summarize results -------------------------
ML_model: GBM_model
scores: [array([ 99.74984365,  99.9375    ,  99.75      ,  94.125     ,
       100.        , 100.        , 100.        , 100.        ,
       100.        , 100.        ,  99.87492183,  98.6875    ,
       100.        , 100.        ,  91.46875   ]), array([ 99.74984365, 100.        ,  99.875     ,  94.125     ,
       100.        , 100.        , 100.        , 100.        ,
       100.        , 100.        ,  99.87492183,  98.8125    ,
       100.        , 100.        ,  91.46875   ]), array([ 99.74984365, 100.        ,  99.75      ,  94.125     ,
       100.        , 100.        , 100.        , 100.        ,
       100.        , 100.        ,  99.81238274,  98.8125    ,
       100.        ,  99.9375    ,  91.46875   ]), array([ 99.74984365, 100.        ,  99.6875    ,  94.125     ,
       100.        , 100.        , 100.        , 100.        ,
       100.        , 100.        ,  99.87492183,  98.6875    ,
       100.        ,  99.9375    ,  91.46875   ]), array([ 99.74984365,  99.9375    ,  99.625     ,  94.125     ,
       100.        , 100.        , 100.        , 100.        ,
       100.        , 100.        ,  99.87492183,  98.6875    ,
       100.        , 100.        ,  91.46875   ]), array([ 99.74984365, 100.        ,  99.6875    ,  94.125     ,
       100.        , 100.        , 100.        , 100.        ,
       100.        , 100.        ,  99.87492183,  98.625     ,
       100.        , 100.        ,  91.46875   ]), array([ 99.68730457, 100.        ,  99.8125    ,  94.125     ,
       100.        , 100.        , 100.        , 100.        ,
       100.        , 100.        ,  99.87492183,  98.9375    ,
       100.        ,  99.9375    ,  91.46875   ]), array([ 99.81238274, 100.        ,  99.875     ,  94.125     ,
       100.        , 100.        , 100.        , 100.        ,
       100.        , 100.        ,  99.87492183,  98.6875    ,
       100.        , 100.        ,  91.46875   ]), array([ 99.68730457, 100.        ,  99.6875    ,  94.125     ,
       100.        , 100.        , 100.        , 100.        ,
       100.        , 100.        ,  99.81238274,  98.75      ,
       100.        , 100.        ,  91.46875   ]), array([ 99.81238274, 100.        ,  99.75      ,  94.125     ,
       100.        , 100.        , 100.        , 100.        ,
       100.        , 100.        ,  99.74984365,  98.6875    ,
       100.        , 100.        ,  91.46875   ])]
Accuracy mean (std): 98.910% (2.466)

Running time 27.5 seconds
------------------------------ 02 Completed Evaluation ------------------------------

------------------------------ 03 Start sliding windows ------------------------------
surr_type: IAAFT2
simples: 1000
ID_train: 8
ID_test: 14
Variable_label: chick_heart
tsid: 14
features: 150
sw_width: 150

03_sliding_window_data directory already exists!
14.shape: (300, 2)
success-> sliding_window_features_shape (real=(300-150+1, 150)):  (151, 150)
------------------------------ 03 Completed sliding windows ------------------------------

------------------------------ 04 Start predicate ------------------------------
surr_type: IAAFT2
simples: 1000
ID_train: 8
ID_test: 14
ML_model: GBM_model
repeats: 10

04_prediction_data directory already exists!
df_X_test.shape (151, 150)
----------------------- prediction ... -----------------------
y_pred_list.shape: (151, 1)
y_pred_list.shape: (151, 2)
y_pred_list.shape: (151, 3)
y_pred_list.shape: (151, 4)
y_pred_list.shape: (151, 5)
y_pred_list.shape: (151, 6)
y_pred_list.shape: (151, 7)
y_pred_list.shape: (151, 8)
y_pred_list.shape: (151, 9)
y_pred_list.shape: (151, 10)
------------------------------ 04 Completed predicate ------------------------------

------------------------------ 05 Start plots ------------------------------
surr_type: IAAFT2
simples: 1000
ID_train: 8
ID_test: 14
Variable_label: chick_heart
ML_model: GBM_model
sw_width: 150
tsid: 14

05_data_ews directory already exists!
05_data_ews/IAAFT2 directory already exists!
05_figures_ews directory already exists!
05_figures_ews/IAAFT2 directory already exists!
sliding_window_14: 150
------------------------------ 05 Completed plots ------------------------------

------------------------------ 07 Start ROC for ml ------------------------------
surr_type: IAAFT2
simples: 1000
ID_merge_tsid: [14]
ML_model: GBM_model
repeats: 10
features: 150

07_roc_data_and_figures_sdml directory already exists!
07_roc_data_and_figures_sdml/data directory already exists!
07_roc_data_and_figures_sdml/data/IAAFT2 directory already exists!
07_roc_data_and_figures_sdml/data/IAAFT2/ROC directory already exists!
07_roc_data_and_figures_sdml/figures directory already exists!
07_roc_data_and_figures_sdml/figures/IAAFT2 directory already exists!

07_roc_data_and_figures_sdml/figures/IAAFT2/ROC directory already exists!

len_eval_pts = 40

----- 01 forced trajectories and compute EWS -----
Complete for forced tsid=14
----- 01 null trajectories and compute EWS -----
Complete for null tsid=14
----- 02 Compute ROC curves -----
Exported ROC data to 07_roc_data_and_figures_sdml/data/IAAFT2/ROC/df_roc_surrogate_IAAFT2_simples_1000_GBM_model_[14].csv
Exported ROC figure to 07_roc_data_and_figures_sdml/figures/IAAFT2/ROC/figure_roc_surrogate_IAAFT2_simples_1000_GBM_model_[14].png
Ran in 1.51s
------------------------------ 07 Completed ROC for ml ------------------------------

------------------------------ 07 Start ROC for ml ------------------------------
surr_type: IAAFT2
simples: 1000
ID_merge_tsid: [8]
ML_model: GBM_model
repeats: 10
features: 150

07_roc_data_and_figures_sdml directory already exists!
07_roc_data_and_figures_sdml/data directory already exists!
07_roc_data_and_figures_sdml/data/IAAFT2 directory already exists!
07_roc_data_and_figures_sdml/data/IAAFT2/ROC directory already exists!
07_roc_data_and_figures_sdml/figures directory already exists!
07_roc_data_and_figures_sdml/figures/IAAFT2 directory already exists!

07_roc_data_and_figures_sdml/figures/IAAFT2/ROC directory already exists!

len_eval_pts = 40

----- 01 forced trajectories and compute EWS -----
Complete for forced tsid=8
----- 01 null trajectories and compute EWS -----
Complete for null tsid=8
----- 02 Compute ROC curves -----
Exported ROC data to 07_roc_data_and_figures_sdml/data/IAAFT2/ROC/df_roc_surrogate_IAAFT2_simples_1000_GBM_model_[8].csv
Exported ROC figure to 07_roc_data_and_figures_sdml/figures/IAAFT2/ROC/figure_roc_surrogate_IAAFT2_simples_1000_GBM_model_[8].png
Ran in 1.47s
------------------------------ 07 Completed ROC for ml ------------------------------

------------------------------ 07 Start ROC for ml ------------------------------
surr_type: IAAFT2
simples: 1000
ID_merge_tsid: [8,14]
ML_model: GBM_model
repeats: 10
features: 150

07_roc_data_and_figures_sdml directory already exists!
07_roc_data_and_figures_sdml/data directory already exists!
07_roc_data_and_figures_sdml/data/IAAFT2 directory already exists!
07_roc_data_and_figures_sdml/data/IAAFT2/ROC directory already exists!
07_roc_data_and_figures_sdml/figures directory already exists!
07_roc_data_and_figures_sdml/figures/IAAFT2 directory already exists!

07_roc_data_and_figures_sdml/figures/IAAFT2/ROC directory already exists!

len_eval_pts = 40

----- 01 forced trajectories and compute EWS -----
Complete for forced tsid=8
Complete for forced tsid=14
----- 01 null trajectories and compute EWS -----
Complete for null tsid=8
Complete for null tsid=14
----- 02 Compute ROC curves -----
Exported ROC data to 07_roc_data_and_figures_sdml/data/IAAFT2/ROC/df_roc_surrogate_IAAFT2_simples_1000_GBM_model_[8,14].csv
Exported ROC figure to 07_roc_data_and_figures_sdml/figures/IAAFT2/ROC/figure_roc_surrogate_IAAFT2_simples_1000_GBM_model_[8,14].png
Ran in 1.54s
------------------------------ 07 Completed ROC for ml ------------------------------

------------------------------ 07 Start ROC for ml ------------------------------
surr_type: IAAFT2
simples: 1000
ID_merge_tsid: all
ML_model: GBM_model
repeats: 10
features: 150

07_roc_data_and_figures_sdml directory already exists!
07_roc_data_and_figures_sdml/data directory already exists!
07_roc_data_and_figures_sdml/data/IAAFT2 directory already exists!
07_roc_data_and_figures_sdml/data/IAAFT2/ROC directory already exists!
07_roc_data_and_figures_sdml/figures directory already exists!
07_roc_data_and_figures_sdml/figures/IAAFT2 directory already exists!

07_roc_data_and_figures_sdml/figures/IAAFT2/ROC directory already exists!

len_eval_pts = 40

----- 01 forced trajectories and compute EWS -----
Complete for forced tsid=1
Complete for forced tsid=2
Complete for forced tsid=3
Complete for forced tsid=4
Complete for forced tsid=5
Complete for forced tsid=6
Complete for forced tsid=7
Complete for forced tsid=8
Complete for forced tsid=9
Complete for forced tsid=10
Complete for forced tsid=11
Complete for forced tsid=12
Complete for forced tsid=13
Complete for forced tsid=14
Complete for forced tsid=15
Complete for forced tsid=16
Complete for forced tsid=17
Complete for forced tsid=18
Complete for forced tsid=19
Complete for forced tsid=20
Complete for forced tsid=21
Complete for forced tsid=22
Complete for forced tsid=23
----- 01 null trajectories and compute EWS -----
Complete for null tsid=1
Complete for null tsid=2
Complete for null tsid=3
Complete for null tsid=4
Complete for null tsid=5
Complete for null tsid=6
Complete for null tsid=7
Complete for null tsid=8
Complete for null tsid=9
Complete for null tsid=10
Complete for null tsid=11
Complete for null tsid=12
Complete for null tsid=13
Complete for null tsid=14
Complete for null tsid=15
Complete for null tsid=16
Complete for null tsid=17
Complete for null tsid=18
Complete for null tsid=19
Complete for null tsid=20
Complete for null tsid=21
Complete for null tsid=22
Complete for null tsid=23
----- 02 Compute ROC curves -----
Exported ROC data to 07_roc_data_and_figures_sdml/data/IAAFT2/ROC/df_roc_surrogate_IAAFT2_simples_1000_GBM_model_all.csv
Exported ROC figure to 07_roc_data_and_figures_sdml/figures/IAAFT2/ROC/figure_roc_surrogate_IAAFT2_simples_1000_GBM_model_all.png
Ran in 2.96s
------------------------------ 07 Completed ROC for ml ------------------------------

-------------------------------------------------------------------------------------
------------------------------ 01 Start run ------------------------------
surr_type: IAAFT2
simples: 1000
ID_train: 8
ML_model: Xgboost_model
repeats: 10

01_evaluation_data directory already exists!
models directory already exists!

full_path= G:/surrogate_data_based_machine_learning_v4.0.0/chick_heart/01_data_preprocessing/02_extracte_and_generate_surrogate_dataset/data/merge_surrogate_IAAFT2_simples_1000_train_8.csv
>#1: [100. 100. 100. 100. 100. 100. 100. 100. 100. 100. 100. 100. 100. 100.
 100.]
>#2: [100. 100. 100. 100. 100. 100. 100. 100. 100. 100. 100. 100. 100. 100.
 100.]
>#3: [100. 100. 100. 100. 100. 100. 100. 100. 100. 100. 100. 100. 100. 100.
 100.]
>#4: [100. 100. 100. 100. 100. 100. 100. 100. 100. 100. 100. 100. 100. 100.
 100.]
>#5: [100. 100. 100. 100. 100. 100. 100. 100. 100. 100. 100. 100. 100. 100.
 100.]
>#6: [100. 100. 100. 100. 100. 100. 100. 100. 100. 100. 100. 100. 100. 100.
 100.]
>#7: [100. 100. 100. 100. 100. 100. 100. 100. 100. 100. 100. 100. 100. 100.
 100.]
>#8: [100. 100. 100. 100. 100. 100. 100. 100. 100. 100. 100. 100. 100. 100.
 100.]
>#9: [100. 100. 100. 100. 100. 100. 100. 100. 100. 100. 100. 100. 100. 100.
 100.]
>#10: [100. 100. 100. 100. 100. 100. 100. 100. 100. 100. 100. 100. 100. 100.
 100.]
------------------ summarize results -------------------------
ML_model: Xgboost_model
scores: [array([100., 100., 100., 100., 100., 100., 100., 100., 100., 100., 100.,
       100., 100., 100., 100.]), array([100., 100., 100., 100., 100., 100., 100., 100., 100., 100., 100.,
       100., 100., 100., 100.]), array([100., 100., 100., 100., 100., 100., 100., 100., 100., 100., 100.,
       100., 100., 100., 100.]), array([100., 100., 100., 100., 100., 100., 100., 100., 100., 100., 100.,
       100., 100., 100., 100.]), array([100., 100., 100., 100., 100., 100., 100., 100., 100., 100., 100.,
       100., 100., 100., 100.]), array([100., 100., 100., 100., 100., 100., 100., 100., 100., 100., 100.,
       100., 100., 100., 100.]), array([100., 100., 100., 100., 100., 100., 100., 100., 100., 100., 100.,
       100., 100., 100., 100.]), array([100., 100., 100., 100., 100., 100., 100., 100., 100., 100., 100.,
       100., 100., 100., 100.]), array([100., 100., 100., 100., 100., 100., 100., 100., 100., 100., 100.,
       100., 100., 100., 100.]), array([100., 100., 100., 100., 100., 100., 100., 100., 100., 100., 100.,
       100., 100., 100., 100.])]
Accuracy mean (std): 100.000% (0.000)

Running time 10.4 seconds
------------------------------ 01 Completed ------------------------------

------------------------------ 02 Start Evaluation ------------------------------
surr_type: IAAFT2
simples: 1000
ID_train: 8
ML_model: Xgboost_model
repeats: 10

02_evaluation_performance directory already exists!
The results have been saved to a txt file: 02_evaluation_performance/evaluation_performance_surrogate_IAAFT2_simples_1000_Xgboost_model_train_8.txt
# 1 >> score:[100. 100. 100. 100. 100. 100. 100. 100. 100. 100. 100. 100. 100. 100.
 100.]:
# 2 >> score:[100. 100. 100. 100. 100. 100. 100. 100. 100. 100. 100. 100. 100. 100.
 100.]:
# 3 >> score:[100. 100. 100. 100. 100. 100. 100. 100. 100. 100. 100. 100. 100. 100.
 100.]:
# 4 >> score:[100. 100. 100. 100. 100. 100. 100. 100. 100. 100. 100. 100. 100. 100.
 100.]:
# 5 >> score:[100. 100. 100. 100. 100. 100. 100. 100. 100. 100. 100. 100. 100. 100.
 100.]:
# 6 >> score:[100. 100. 100. 100. 100. 100. 100. 100. 100. 100. 100. 100. 100. 100.
 100.]:
# 7 >> score:[100. 100. 100. 100. 100. 100. 100. 100. 100. 100. 100. 100. 100. 100.
 100.]:
# 8 >> score:[100. 100. 100. 100. 100. 100. 100. 100. 100. 100. 100. 100. 100. 100.
 100.]:
# 9 >> score:[100. 100. 100. 100. 100. 100. 100. 100. 100. 100. 100. 100. 100. 100.
 100.]:
# 10 >> score:[100. 100. 100. 100. 100. 100. 100. 100. 100. 100. 100. 100. 100. 100.
 100.]:
------------------ summarize results -------------------------
ML_model: Xgboost_model
scores: [array([100., 100., 100., 100., 100., 100., 100., 100., 100., 100., 100.,
       100., 100., 100., 100.]), array([100., 100., 100., 100., 100., 100., 100., 100., 100., 100., 100.,
       100., 100., 100., 100.]), array([100., 100., 100., 100., 100., 100., 100., 100., 100., 100., 100.,
       100., 100., 100., 100.]), array([100., 100., 100., 100., 100., 100., 100., 100., 100., 100., 100.,
       100., 100., 100., 100.]), array([100., 100., 100., 100., 100., 100., 100., 100., 100., 100., 100.,
       100., 100., 100., 100.]), array([100., 100., 100., 100., 100., 100., 100., 100., 100., 100., 100.,
       100., 100., 100., 100.]), array([100., 100., 100., 100., 100., 100., 100., 100., 100., 100., 100.,
       100., 100., 100., 100.]), array([100., 100., 100., 100., 100., 100., 100., 100., 100., 100., 100.,
       100., 100., 100., 100.]), array([100., 100., 100., 100., 100., 100., 100., 100., 100., 100., 100.,
       100., 100., 100., 100.]), array([100., 100., 100., 100., 100., 100., 100., 100., 100., 100., 100.,
       100., 100., 100., 100.])]
Accuracy mean (std): 100.000% (0.000)

Running time 5.1 seconds
------------------------------ 02 Completed Evaluation ------------------------------

------------------------------ 03 Start sliding windows ------------------------------
surr_type: IAAFT2
simples: 1000
ID_train: 8
ID_test: 14
Variable_label: chick_heart
tsid: 14
features: 150
sw_width: 150

03_sliding_window_data directory already exists!
14.shape: (300, 2)
success-> sliding_window_features_shape (real=(300-150+1, 150)):  (151, 150)
------------------------------ 03 Completed sliding windows ------------------------------

------------------------------ 04 Start predicate ------------------------------
surr_type: IAAFT2
simples: 1000
ID_train: 8
ID_test: 14
ML_model: Xgboost_model
repeats: 10

04_prediction_data directory already exists!
df_X_test.shape (151, 150)
----------------------- prediction ... -----------------------
y_pred_list.shape: (151, 1)
y_pred_list.shape: (151, 2)
y_pred_list.shape: (151, 3)
y_pred_list.shape: (151, 4)
y_pred_list.shape: (151, 5)
y_pred_list.shape: (151, 6)
y_pred_list.shape: (151, 7)
y_pred_list.shape: (151, 8)
y_pred_list.shape: (151, 9)
y_pred_list.shape: (151, 10)
------------------------------ 04 Completed predicate ------------------------------

------------------------------ 05 Start plots ------------------------------
surr_type: IAAFT2
simples: 1000
ID_train: 8
ID_test: 14
Variable_label: chick_heart
ML_model: Xgboost_model
sw_width: 150
tsid: 14

05_data_ews directory already exists!
05_data_ews/IAAFT2 directory already exists!
05_figures_ews directory already exists!
05_figures_ews/IAAFT2 directory already exists!
sliding_window_14: 150
------------------------------ 05 Completed plots ------------------------------

------------------------------ 07 Start ROC for ml ------------------------------
surr_type: IAAFT2
simples: 1000
ID_merge_tsid: [14]
ML_model: Xgboost_model
repeats: 10
features: 150

07_roc_data_and_figures_sdml directory already exists!
07_roc_data_and_figures_sdml/data directory already exists!
07_roc_data_and_figures_sdml/data/IAAFT2 directory already exists!
07_roc_data_and_figures_sdml/data/IAAFT2/ROC directory already exists!
07_roc_data_and_figures_sdml/figures directory already exists!
07_roc_data_and_figures_sdml/figures/IAAFT2 directory already exists!

07_roc_data_and_figures_sdml/figures/IAAFT2/ROC directory already exists!

len_eval_pts = 40

----- 01 forced trajectories and compute EWS -----
Complete for forced tsid=14
----- 01 null trajectories and compute EWS -----
Complete for null tsid=14
----- 02 Compute ROC curves -----
Exported ROC data to 07_roc_data_and_figures_sdml/data/IAAFT2/ROC/df_roc_surrogate_IAAFT2_simples_1000_Xgboost_model_[14].csv
Exported ROC figure to 07_roc_data_and_figures_sdml/figures/IAAFT2/ROC/figure_roc_surrogate_IAAFT2_simples_1000_Xgboost_model_[14].png
Ran in 1.48s
------------------------------ 07 Completed ROC for ml ------------------------------

------------------------------ 07 Start ROC for ml ------------------------------
surr_type: IAAFT2
simples: 1000
ID_merge_tsid: [8]
ML_model: Xgboost_model
repeats: 10
features: 150

07_roc_data_and_figures_sdml directory already exists!
07_roc_data_and_figures_sdml/data directory already exists!
07_roc_data_and_figures_sdml/data/IAAFT2 directory already exists!
07_roc_data_and_figures_sdml/data/IAAFT2/ROC directory already exists!
07_roc_data_and_figures_sdml/figures directory already exists!
07_roc_data_and_figures_sdml/figures/IAAFT2 directory already exists!

07_roc_data_and_figures_sdml/figures/IAAFT2/ROC directory already exists!

len_eval_pts = 40

----- 01 forced trajectories and compute EWS -----
Complete for forced tsid=8
----- 01 null trajectories and compute EWS -----
Complete for null tsid=8
----- 02 Compute ROC curves -----
Exported ROC data to 07_roc_data_and_figures_sdml/data/IAAFT2/ROC/df_roc_surrogate_IAAFT2_simples_1000_Xgboost_model_[8].csv
Exported ROC figure to 07_roc_data_and_figures_sdml/figures/IAAFT2/ROC/figure_roc_surrogate_IAAFT2_simples_1000_Xgboost_model_[8].png
Ran in 1.46s
------------------------------ 07 Completed ROC for ml ------------------------------

------------------------------ 07 Start ROC for ml ------------------------------
surr_type: IAAFT2
simples: 1000
ID_merge_tsid: [8,14]
ML_model: Xgboost_model
repeats: 10
features: 150

07_roc_data_and_figures_sdml directory already exists!
07_roc_data_and_figures_sdml/data directory already exists!
07_roc_data_and_figures_sdml/data/IAAFT2 directory already exists!
07_roc_data_and_figures_sdml/data/IAAFT2/ROC directory already exists!
07_roc_data_and_figures_sdml/figures directory already exists!
07_roc_data_and_figures_sdml/figures/IAAFT2 directory already exists!

07_roc_data_and_figures_sdml/figures/IAAFT2/ROC directory already exists!

len_eval_pts = 40

----- 01 forced trajectories and compute EWS -----
Complete for forced tsid=8
Complete for forced tsid=14
----- 01 null trajectories and compute EWS -----
Complete for null tsid=8
Complete for null tsid=14
----- 02 Compute ROC curves -----
Exported ROC data to 07_roc_data_and_figures_sdml/data/IAAFT2/ROC/df_roc_surrogate_IAAFT2_simples_1000_Xgboost_model_[8,14].csv
Exported ROC figure to 07_roc_data_and_figures_sdml/figures/IAAFT2/ROC/figure_roc_surrogate_IAAFT2_simples_1000_Xgboost_model_[8,14].png
Ran in 1.55s
------------------------------ 07 Completed ROC for ml ------------------------------

------------------------------ 07 Start ROC for ml ------------------------------
surr_type: IAAFT2
simples: 1000
ID_merge_tsid: all
ML_model: Xgboost_model
repeats: 10
features: 150

07_roc_data_and_figures_sdml directory already exists!
07_roc_data_and_figures_sdml/data directory already exists!
07_roc_data_and_figures_sdml/data/IAAFT2 directory already exists!
07_roc_data_and_figures_sdml/data/IAAFT2/ROC directory already exists!
07_roc_data_and_figures_sdml/figures directory already exists!
07_roc_data_and_figures_sdml/figures/IAAFT2 directory already exists!

07_roc_data_and_figures_sdml/figures/IAAFT2/ROC directory already exists!

len_eval_pts = 40

----- 01 forced trajectories and compute EWS -----
Complete for forced tsid=1
Complete for forced tsid=2
Complete for forced tsid=3
Complete for forced tsid=4
Complete for forced tsid=5
Complete for forced tsid=6
Complete for forced tsid=7
Complete for forced tsid=8
Complete for forced tsid=9
Complete for forced tsid=10
Complete for forced tsid=11
Complete for forced tsid=12
Complete for forced tsid=13
Complete for forced tsid=14
Complete for forced tsid=15
Complete for forced tsid=16
Complete for forced tsid=17
Complete for forced tsid=18
Complete for forced tsid=19
Complete for forced tsid=20
Complete for forced tsid=21
Complete for forced tsid=22
Complete for forced tsid=23
----- 01 null trajectories and compute EWS -----
Complete for null tsid=1
Complete for null tsid=2
Complete for null tsid=3
Complete for null tsid=4
Complete for null tsid=5
Complete for null tsid=6
Complete for null tsid=7
Complete for null tsid=8
Complete for null tsid=9
Complete for null tsid=10
Complete for null tsid=11
Complete for null tsid=12
Complete for null tsid=13
Complete for null tsid=14
Complete for null tsid=15
Complete for null tsid=16
Complete for null tsid=17
Complete for null tsid=18
Complete for null tsid=19
Complete for null tsid=20
Complete for null tsid=21
Complete for null tsid=22
Complete for null tsid=23
----- 02 Compute ROC curves -----
Exported ROC data to 07_roc_data_and_figures_sdml/data/IAAFT2/ROC/df_roc_surrogate_IAAFT2_simples_1000_Xgboost_model_all.csv
Exported ROC figure to 07_roc_data_and_figures_sdml/figures/IAAFT2/ROC/figure_roc_surrogate_IAAFT2_simples_1000_Xgboost_model_all.png
Ran in 3.23s
------------------------------ 07 Completed ROC for ml ------------------------------

-------------------------------------------------------------------------------------
------------------------------ 01 Start run ------------------------------
surr_type: IAAFT2
simples: 1000
ID_train: 8
ML_model: LGBM_model
repeats: 10

01_evaluation_data directory already exists!
models directory already exists!

full_path= G:/surrogate_data_based_machine_learning_v4.0.0/chick_heart/01_data_preprocessing/02_extracte_and_generate_surrogate_dataset/data/merge_surrogate_IAAFT2_simples_1000_train_8.csv
>#1: [100. 100. 100. 100. 100. 100. 100. 100. 100. 100. 100. 100. 100. 100.
 100.]
>#2: [100. 100. 100. 100. 100. 100. 100. 100. 100. 100. 100. 100. 100. 100.
 100.]
>#3: [100. 100. 100. 100. 100. 100. 100. 100. 100. 100. 100. 100. 100. 100.
 100.]
>#4: [100. 100. 100. 100. 100. 100. 100. 100. 100. 100. 100. 100. 100. 100.
 100.]
>#5: [100. 100. 100. 100. 100. 100. 100. 100. 100. 100. 100. 100. 100. 100.
 100.]
>#6: [100. 100. 100. 100. 100. 100. 100. 100. 100. 100. 100. 100. 100. 100.
 100.]
>#7: [100. 100. 100. 100. 100. 100. 100. 100. 100. 100. 100. 100. 100. 100.
 100.]
>#8: [100. 100. 100. 100. 100. 100. 100. 100. 100. 100. 100. 100. 100. 100.
 100.]
>#9: [100. 100. 100. 100. 100. 100. 100. 100. 100. 100. 100. 100. 100. 100.
 100.]
>#10: [100. 100. 100. 100. 100. 100. 100. 100. 100. 100. 100. 100. 100. 100.
 100.]
------------------ summarize results -------------------------
ML_model: LGBM_model
scores: [array([100., 100., 100., 100., 100., 100., 100., 100., 100., 100., 100.,
       100., 100., 100., 100.]), array([100., 100., 100., 100., 100., 100., 100., 100., 100., 100., 100.,
       100., 100., 100., 100.]), array([100., 100., 100., 100., 100., 100., 100., 100., 100., 100., 100.,
       100., 100., 100., 100.]), array([100., 100., 100., 100., 100., 100., 100., 100., 100., 100., 100.,
       100., 100., 100., 100.]), array([100., 100., 100., 100., 100., 100., 100., 100., 100., 100., 100.,
       100., 100., 100., 100.]), array([100., 100., 100., 100., 100., 100., 100., 100., 100., 100., 100.,
       100., 100., 100., 100.]), array([100., 100., 100., 100., 100., 100., 100., 100., 100., 100., 100.,
       100., 100., 100., 100.]), array([100., 100., 100., 100., 100., 100., 100., 100., 100., 100., 100.,
       100., 100., 100., 100.]), array([100., 100., 100., 100., 100., 100., 100., 100., 100., 100., 100.,
       100., 100., 100., 100.]), array([100., 100., 100., 100., 100., 100., 100., 100., 100., 100., 100.,
       100., 100., 100., 100.])]
Accuracy mean (std): 100.000% (0.000)

Running time 26.0 seconds
------------------------------ 01 Completed ------------------------------

------------------------------ 02 Start Evaluation ------------------------------
surr_type: IAAFT2
simples: 1000
ID_train: 8
ML_model: LGBM_model
repeats: 10

02_evaluation_performance directory already exists!
The results have been saved to a txt file: 02_evaluation_performance/evaluation_performance_surrogate_IAAFT2_simples_1000_LGBM_model_train_8.txt
# 1 >> score:[100.     100.      99.9375  99.75   100.     100.     100.      99.875
 100.     100.     100.     100.      99.75   100.     100.    ]:
# 2 >> score:[100.     100.      99.9375  99.75   100.     100.     100.      99.875
 100.     100.     100.     100.      99.75   100.     100.    ]:
# 3 >> score:[100.     100.      99.9375  99.75   100.     100.     100.      99.875
 100.     100.     100.     100.      99.75   100.     100.    ]:
# 4 >> score:[100.     100.      99.9375  99.75   100.     100.     100.      99.875
 100.     100.     100.     100.      99.75   100.     100.    ]:
# 5 >> score:[100.     100.      99.9375  99.75   100.     100.     100.      99.875
 100.     100.     100.     100.      99.75   100.     100.    ]:
# 6 >> score:[100.     100.      99.9375  99.75   100.     100.     100.      99.875
 100.     100.     100.     100.      99.75   100.     100.    ]:
# 7 >> score:[100.     100.      99.9375  99.75   100.     100.     100.      99.875
 100.     100.     100.     100.      99.75   100.     100.    ]:
# 8 >> score:[100.     100.      99.9375  99.75   100.     100.     100.      99.875
 100.     100.     100.     100.      99.75   100.     100.    ]:
# 9 >> score:[100.     100.      99.9375  99.75   100.     100.     100.      99.875
 100.     100.     100.     100.      99.75   100.     100.    ]:
# 10 >> score:[100.     100.      99.9375  99.75   100.     100.     100.      99.875
 100.     100.     100.     100.      99.75   100.     100.    ]:
------------------ summarize results -------------------------
ML_model: LGBM_model
scores: [array([100.    , 100.    ,  99.9375,  99.75  , 100.    , 100.    ,
       100.    ,  99.875 , 100.    , 100.    , 100.    , 100.    ,
        99.75  , 100.    , 100.    ]), array([100.    , 100.    ,  99.9375,  99.75  , 100.    , 100.    ,
       100.    ,  99.875 , 100.    , 100.    , 100.    , 100.    ,
        99.75  , 100.    , 100.    ]), array([100.    , 100.    ,  99.9375,  99.75  , 100.    , 100.    ,
       100.    ,  99.875 , 100.    , 100.    , 100.    , 100.    ,
        99.75  , 100.    , 100.    ]), array([100.    , 100.    ,  99.9375,  99.75  , 100.    , 100.    ,
       100.    ,  99.875 , 100.    , 100.    , 100.    , 100.    ,
        99.75  , 100.    , 100.    ]), array([100.    , 100.    ,  99.9375,  99.75  , 100.    , 100.    ,
       100.    ,  99.875 , 100.    , 100.    , 100.    , 100.    ,
        99.75  , 100.    , 100.    ]), array([100.    , 100.    ,  99.9375,  99.75  , 100.    , 100.    ,
       100.    ,  99.875 , 100.    , 100.    , 100.    , 100.    ,
        99.75  , 100.    , 100.    ]), array([100.    , 100.    ,  99.9375,  99.75  , 100.    , 100.    ,
       100.    ,  99.875 , 100.    , 100.    , 100.    , 100.    ,
        99.75  , 100.    , 100.    ]), array([100.    , 100.    ,  99.9375,  99.75  , 100.    , 100.    ,
       100.    ,  99.875 , 100.    , 100.    , 100.    , 100.    ,
        99.75  , 100.    , 100.    ]), array([100.    , 100.    ,  99.9375,  99.75  , 100.    , 100.    ,
       100.    ,  99.875 , 100.    , 100.    , 100.    , 100.    ,
        99.75  , 100.    , 100.    ]), array([100.    , 100.    ,  99.9375,  99.75  , 100.    , 100.    ,
       100.    ,  99.875 , 100.    , 100.    , 100.    , 100.    ,
        99.75  , 100.    , 100.    ])]
Accuracy mean (std): 99.954% (0.087)

Running time 6.0 seconds
------------------------------ 02 Completed Evaluation ------------------------------

------------------------------ 03 Start sliding windows ------------------------------
surr_type: IAAFT2
simples: 1000
ID_train: 8
ID_test: 14
Variable_label: chick_heart
tsid: 14
features: 150
sw_width: 150

03_sliding_window_data directory already exists!
14.shape: (300, 2)
success-> sliding_window_features_shape (real=(300-150+1, 150)):  (151, 150)
------------------------------ 03 Completed sliding windows ------------------------------

------------------------------ 04 Start predicate ------------------------------
surr_type: IAAFT2
simples: 1000
ID_train: 8
ID_test: 14
ML_model: LGBM_model
repeats: 10

04_prediction_data directory already exists!
df_X_test.shape (151, 150)
----------------------- prediction ... -----------------------
y_pred_list.shape: (151, 1)
y_pred_list.shape: (151, 2)
y_pred_list.shape: (151, 3)
y_pred_list.shape: (151, 4)
y_pred_list.shape: (151, 5)
y_pred_list.shape: (151, 6)
y_pred_list.shape: (151, 7)
y_pred_list.shape: (151, 8)
y_pred_list.shape: (151, 9)
y_pred_list.shape: (151, 10)
------------------------------ 04 Completed predicate ------------------------------

------------------------------ 05 Start plots ------------------------------
surr_type: IAAFT2
simples: 1000
ID_train: 8
ID_test: 14
Variable_label: chick_heart
ML_model: LGBM_model
sw_width: 150
tsid: 14

05_data_ews directory already exists!
05_data_ews/IAAFT2 directory already exists!
05_figures_ews directory already exists!
05_figures_ews/IAAFT2 directory already exists!
sliding_window_14: 150
------------------------------ 05 Completed plots ------------------------------

------------------------------ 07 Start ROC for ml ------------------------------
surr_type: IAAFT2
simples: 1000
ID_merge_tsid: [14]
ML_model: LGBM_model
repeats: 10
features: 150

07_roc_data_and_figures_sdml directory already exists!
07_roc_data_and_figures_sdml/data directory already exists!
07_roc_data_and_figures_sdml/data/IAAFT2 directory already exists!
07_roc_data_and_figures_sdml/data/IAAFT2/ROC directory already exists!
07_roc_data_and_figures_sdml/figures directory already exists!
07_roc_data_and_figures_sdml/figures/IAAFT2 directory already exists!

07_roc_data_and_figures_sdml/figures/IAAFT2/ROC directory already exists!

len_eval_pts = 40

----- 01 forced trajectories and compute EWS -----
Complete for forced tsid=14
----- 01 null trajectories and compute EWS -----
Complete for null tsid=14
----- 02 Compute ROC curves -----
Exported ROC data to 07_roc_data_and_figures_sdml/data/IAAFT2/ROC/df_roc_surrogate_IAAFT2_simples_1000_LGBM_model_[14].csv
Exported ROC figure to 07_roc_data_and_figures_sdml/figures/IAAFT2/ROC/figure_roc_surrogate_IAAFT2_simples_1000_LGBM_model_[14].png
Ran in 1.48s
------------------------------ 07 Completed ROC for ml ------------------------------

------------------------------ 07 Start ROC for ml ------------------------------
surr_type: IAAFT2
simples: 1000
ID_merge_tsid: [8]
ML_model: LGBM_model
repeats: 10
features: 150

07_roc_data_and_figures_sdml directory already exists!
07_roc_data_and_figures_sdml/data directory already exists!
07_roc_data_and_figures_sdml/data/IAAFT2 directory already exists!
07_roc_data_and_figures_sdml/data/IAAFT2/ROC directory already exists!
07_roc_data_and_figures_sdml/figures directory already exists!
07_roc_data_and_figures_sdml/figures/IAAFT2 directory already exists!

07_roc_data_and_figures_sdml/figures/IAAFT2/ROC directory already exists!

len_eval_pts = 40

----- 01 forced trajectories and compute EWS -----
Complete for forced tsid=8
----- 01 null trajectories and compute EWS -----
Complete for null tsid=8
----- 02 Compute ROC curves -----
Exported ROC data to 07_roc_data_and_figures_sdml/data/IAAFT2/ROC/df_roc_surrogate_IAAFT2_simples_1000_LGBM_model_[8].csv
Exported ROC figure to 07_roc_data_and_figures_sdml/figures/IAAFT2/ROC/figure_roc_surrogate_IAAFT2_simples_1000_LGBM_model_[8].png
Ran in 1.46s
------------------------------ 07 Completed ROC for ml ------------------------------

------------------------------ 07 Start ROC for ml ------------------------------
surr_type: IAAFT2
simples: 1000
ID_merge_tsid: [8,14]
ML_model: LGBM_model
repeats: 10
features: 150

07_roc_data_and_figures_sdml directory already exists!
07_roc_data_and_figures_sdml/data directory already exists!
07_roc_data_and_figures_sdml/data/IAAFT2 directory already exists!
07_roc_data_and_figures_sdml/data/IAAFT2/ROC directory already exists!
07_roc_data_and_figures_sdml/figures directory already exists!
07_roc_data_and_figures_sdml/figures/IAAFT2 directory already exists!

07_roc_data_and_figures_sdml/figures/IAAFT2/ROC directory already exists!

len_eval_pts = 40

----- 01 forced trajectories and compute EWS -----
Complete for forced tsid=8
Complete for forced tsid=14
----- 01 null trajectories and compute EWS -----
Complete for null tsid=8
Complete for null tsid=14
----- 02 Compute ROC curves -----
Exported ROC data to 07_roc_data_and_figures_sdml/data/IAAFT2/ROC/df_roc_surrogate_IAAFT2_simples_1000_LGBM_model_[8,14].csv
Exported ROC figure to 07_roc_data_and_figures_sdml/figures/IAAFT2/ROC/figure_roc_surrogate_IAAFT2_simples_1000_LGBM_model_[8,14].png
Ran in 1.51s
------------------------------ 07 Completed ROC for ml ------------------------------

------------------------------ 07 Start ROC for ml ------------------------------
surr_type: IAAFT2
simples: 1000
ID_merge_tsid: all
ML_model: LGBM_model
repeats: 10
features: 150

07_roc_data_and_figures_sdml directory already exists!
07_roc_data_and_figures_sdml/data directory already exists!
07_roc_data_and_figures_sdml/data/IAAFT2 directory already exists!
07_roc_data_and_figures_sdml/data/IAAFT2/ROC directory already exists!
07_roc_data_and_figures_sdml/figures directory already exists!
07_roc_data_and_figures_sdml/figures/IAAFT2 directory already exists!

07_roc_data_and_figures_sdml/figures/IAAFT2/ROC directory already exists!

len_eval_pts = 40

----- 01 forced trajectories and compute EWS -----
Complete for forced tsid=1
Complete for forced tsid=2
Complete for forced tsid=3
Complete for forced tsid=4
Complete for forced tsid=5
Complete for forced tsid=6
Complete for forced tsid=7
Complete for forced tsid=8
Complete for forced tsid=9
Complete for forced tsid=10
Complete for forced tsid=11
Complete for forced tsid=12
Complete for forced tsid=13
Complete for forced tsid=14
Complete for forced tsid=15
Complete for forced tsid=16
Complete for forced tsid=17
Complete for forced tsid=18
Complete for forced tsid=19
Complete for forced tsid=20
Complete for forced tsid=21
Complete for forced tsid=22
Complete for forced tsid=23
----- 01 null trajectories and compute EWS -----
Complete for null tsid=1
Complete for null tsid=2
Complete for null tsid=3
Complete for null tsid=4
Complete for null tsid=5
Complete for null tsid=6
Complete for null tsid=7
Complete for null tsid=8
Complete for null tsid=9
Complete for null tsid=10
Complete for null tsid=11
Complete for null tsid=12
Complete for null tsid=13
Complete for null tsid=14
Complete for null tsid=15
Complete for null tsid=16
Complete for null tsid=17
Complete for null tsid=18
Complete for null tsid=19
Complete for null tsid=20
Complete for null tsid=21
Complete for null tsid=22
Complete for null tsid=23
----- 02 Compute ROC curves -----
Exported ROC data to 07_roc_data_and_figures_sdml/data/IAAFT2/ROC/df_roc_surrogate_IAAFT2_simples_1000_LGBM_model_all.csv
Exported ROC figure to 07_roc_data_and_figures_sdml/figures/IAAFT2/ROC/figure_roc_surrogate_IAAFT2_simples_1000_LGBM_model_all.png
Ran in 3.07s
------------------------------ 07 Completed ROC for ml ------------------------------

---------------------------- complete end ----------------------------
