---------------------------- Run start python scripts -----------------------------
-------------------------------------------------------------------------------------
Using GPU for TensorFlow.
------------------------------ 01 Start run ------------------------------
Data_folder: MS21
surr_type: RP
simples: 10000
ID_train: S3
DL_model: CNN_model
repeats: 10

01_evaluation_data directory already exists!
models directory already exists!

full_path= ../../01_data_preprocessing/02_extracte_and_generate_surrogate_dataset/MS21/data/merge_surrogate_RP_simples_10000_train_S3.csv

Epoch 1: val_accuracy improved from -inf to 1.00000, saving model to models\surrogate_RP_simples_10000_CNN_model_0.h5

Epoch 2: val_accuracy did not improve from 1.00000

Epoch 3: val_accuracy did not improve from 1.00000

Epoch 4: val_accuracy did not improve from 1.00000

Epoch 5: val_accuracy did not improve from 1.00000

Epoch 6: val_accuracy did not improve from 1.00000
Epoch 6: early stopping
>#1: 100.000

Epoch 1: val_accuracy improved from -inf to 1.00000, saving model to models\surrogate_RP_simples_10000_CNN_model_1.h5

Epoch 2: val_accuracy did not improve from 1.00000

Epoch 3: val_accuracy did not improve from 1.00000

Epoch 4: val_accuracy did not improve from 1.00000

Epoch 5: val_accuracy did not improve from 1.00000

Epoch 6: val_accuracy did not improve from 1.00000
Epoch 6: early stopping
>#2: 100.000

Epoch 1: val_accuracy improved from -inf to 1.00000, saving model to models\surrogate_RP_simples_10000_CNN_model_2.h5

Epoch 2: val_accuracy did not improve from 1.00000

Epoch 3: val_accuracy did not improve from 1.00000

Epoch 4: val_accuracy did not improve from 1.00000

Epoch 5: val_accuracy did not improve from 1.00000

Epoch 6: val_accuracy did not improve from 1.00000
Epoch 6: early stopping
>#3: 100.000

Epoch 1: val_accuracy improved from -inf to 1.00000, saving model to models\surrogate_RP_simples_10000_CNN_model_3.h5

Epoch 2: val_accuracy did not improve from 1.00000

Epoch 3: val_accuracy did not improve from 1.00000

Epoch 4: val_accuracy did not improve from 1.00000

Epoch 5: val_accuracy did not improve from 1.00000

Epoch 6: val_accuracy did not improve from 1.00000
Epoch 6: early stopping
>#4: 100.000

Epoch 1: val_accuracy improved from -inf to 1.00000, saving model to models\surrogate_RP_simples_10000_CNN_model_4.h5

Epoch 2: val_accuracy did not improve from 1.00000

Epoch 3: val_accuracy did not improve from 1.00000

Epoch 4: val_accuracy did not improve from 1.00000

Epoch 5: val_accuracy did not improve from 1.00000

Epoch 6: val_accuracy did not improve from 1.00000
Epoch 6: early stopping
>#5: 100.000

Epoch 1: val_accuracy improved from -inf to 1.00000, saving model to models\surrogate_RP_simples_10000_CNN_model_5.h5

Epoch 2: val_accuracy did not improve from 1.00000

Epoch 3: val_accuracy did not improve from 1.00000

Epoch 4: val_accuracy did not improve from 1.00000

Epoch 5: val_accuracy did not improve from 1.00000

Epoch 6: val_accuracy did not improve from 1.00000
Epoch 6: early stopping
>#6: 100.000

Epoch 1: val_accuracy improved from -inf to 1.00000, saving model to models\surrogate_RP_simples_10000_CNN_model_6.h5

Epoch 2: val_accuracy did not improve from 1.00000

Epoch 3: val_accuracy did not improve from 1.00000

Epoch 4: val_accuracy did not improve from 1.00000

Epoch 5: val_accuracy did not improve from 1.00000

Epoch 6: val_accuracy did not improve from 1.00000
Epoch 6: early stopping
>#7: 100.000

Epoch 1: val_accuracy improved from -inf to 1.00000, saving model to models\surrogate_RP_simples_10000_CNN_model_7.h5

Epoch 2: val_accuracy did not improve from 1.00000

Epoch 3: val_accuracy did not improve from 1.00000

Epoch 4: val_accuracy did not improve from 1.00000

Epoch 5: val_accuracy did not improve from 1.00000

Epoch 6: val_accuracy did not improve from 1.00000
Epoch 6: early stopping
>#8: 100.000

Epoch 1: val_accuracy improved from -inf to 1.00000, saving model to models\surrogate_RP_simples_10000_CNN_model_8.h5

Epoch 2: val_accuracy did not improve from 1.00000

Epoch 3: val_accuracy did not improve from 1.00000

Epoch 4: val_accuracy did not improve from 1.00000

Epoch 5: val_accuracy did not improve from 1.00000

Epoch 6: val_accuracy did not improve from 1.00000
Epoch 6: early stopping
>#9: 100.000

Epoch 1: val_accuracy improved from -inf to 1.00000, saving model to models\surrogate_RP_simples_10000_CNN_model_9.h5

Epoch 2: val_accuracy did not improve from 1.00000

Epoch 3: val_accuracy did not improve from 1.00000

Epoch 4: val_accuracy did not improve from 1.00000

Epoch 5: val_accuracy did not improve from 1.00000

Epoch 6: val_accuracy did not improve from 1.00000
Epoch 6: early stopping
>#10: 100.000
------------------ summarize results -------------------------
DL_model: CNN_model
scores: [100.0, 100.0, 100.0, 100.0, 100.0, 100.0, 100.0, 100.0, 100.0, 100.0]
Accuracy mean (std): 100.000% (0.000)

Running time 142.5 seconds
------------------------------ 01 Completed ------------------------------

------------------------------ 02 Start Evaluation ------------------------------
surr_type: RP
simples: 10000
ID_train: S3
DL_model: CNN_model
repeats: 10

02_evaluation_performance directory already exists!
# 0 >> accuracy: 1.0
# 1 >> accuracy: 1.0
# 2 >> accuracy: 1.0
# 3 >> accuracy: 1.0
# 4 >> accuracy: 1.0
# 5 >> accuracy: 1.0
# 6 >> accuracy: 1.0
# 7 >> accuracy: 1.0
# 8 >> accuracy: 1.0
# 9 >> accuracy: 1.0
The results have been saved to a txt file: 02_evaluation_performance/evaluation_performance_surrogate_RP_simples_10000_CNN_model_train_S3.txt

Running time 48.6 seconds
------------------------------ 02 Completed Evaluation ------------------------------

------------------------------ 03 Start sliding windows ------------------------------
surr_type: RP
simples: 10000
ID_train: S3
ID_test: S1
Variable_label: Mo
tsid: 1
features: 450
sw_width: 441

03_sliding_window_data directory already exists!
S1.shape: (883, 2)
success-> sliding_window_features_shape (real=(883-441+1, 450)):  (443, 450)
------------------------------ 03 Completed sliding windows ------------------------------

------------------------------ 04 Start predicate ------------------------------
surr_type: RP
simples: 10000
ID_train: S3
ID_test: S1
DL_model: CNN_model
repeats: 10

04_prediction_data directory already exists!
X_test.shape (443, 450)
X_test_array.shape:  (443, 450, 1)
--------------- prediction ... ---------------
y_pred_list.shape (443, 10)
------------------------------ 04 Completed predicate ------------------------------

------------------------------ 05 Start plots ------------------------------
surr_type: RP
simples: 10000
ID_train: S3
ID_test: S1
Variable_label: Mo
DL_model: CNN_model
sw_width: 441
tsid: 1

05_ews_data_and_figures directory already exists!
05_ews_data_and_figures/data directory already exists!
05_ews_data_and_figures/data/RP directory already exists!
05_ews_data_and_figures/figures directory already exists!
05_ews_data_and_figures/figures/RP directory already exists!

Record_Core: MS21
start_age, Transition, end_age: -20.48787 -10.5 -8.00274
sliding_window_S1: 441
------------------------------ 05 Completed plots ------------------------------

------------------------------ 06 Start ROC for variance and lag-1 autocorrelation ------------------------------
surr_type: RP
simples: 10000
ID_merge_tsid: [1]
DL_model: CNN_model
repeats: 10
features: 450

06_roc_data_and_figures_var_corr directory already exists!
06_roc_data_and_figures_var_corr/data directory already exists!
06_roc_data_and_figures_var_corr/data/ROC directory already exists!
06_roc_data_and_figures_var_corr/figures directory already exists!
06_roc_data_and_figures_var_corr/figures/ROC directory already exists!
len_eval_pts= 40

----- 01 forced trajectories and compute EWS -----
Complete for forced tsid=1
----- 01 null trajectories and compute EWS -----
Complete for null tsid=1
----- 02 Compute ROC curves -----
Exported ROC data to 06_roc_data_and_figures_var_corr/data/ROC/df_roc_var_corr_[1].csv
Exported ROC figure to 06_roc_data_and_figures_var_corr/figures/ROC/figure_roc_var_corr_[1].png
Ran in 1.50s
------------------------------ 06 Completed ROC for variance and lag-1 autocorrelation ------------------------------

------------------------------ 07 Start ROC for dl ------------------------------
surr_type: RP
simples: 10000
ID_merge_tsid: [1]
DL_model: CNN_model
repeats: 10
features: 450

07_roc_data_and_figures_sdml directory already exists!
07_roc_data_and_figures_sdml/data directory already exists!
07_roc_data_and_figures_sdml/data/RP directory already exists!
07_roc_data_and_figures_sdml/data/RP/ROC directory already exists!
07_roc_data_and_figures_sdml/figures directory already exists!
07_roc_data_and_figures_sdml/figures/RP directory already exists!

07_roc_data_and_figures_sdml/figures/RP/ROC directory already exists!

len_eval_pts = 40

----- 01 forced trajectories and compute EWS -----
Complete for forced tsid=1
----- 01 null trajectories and compute EWS -----
Complete for null tsid=1
----- 02 Compute ROC curves -----
Exported ROC data to 07_roc_data_and_figures_sdml/data/RP/ROC/df_roc_surrogate_RP_simples_10000_CNN_model_[1].csv
Exported ROC figure to 07_roc_data_and_figures_sdml/figures/RP/ROC/figure_roc_surrogate_RP_simples_10000_CNN_model_[1].png
Ran in 10.62s
------------------------------ 07 Completed ROC for dl ------------------------------

------------------------------ 06 Start ROC for variance and lag-1 autocorrelation ------------------------------
surr_type: RP
simples: 10000
ID_merge_tsid: [3]
DL_model: CNN_model
repeats: 10
features: 450

06_roc_data_and_figures_var_corr directory already exists!
06_roc_data_and_figures_var_corr/data directory already exists!
06_roc_data_and_figures_var_corr/data/ROC directory already exists!
06_roc_data_and_figures_var_corr/figures directory already exists!
06_roc_data_and_figures_var_corr/figures/ROC directory already exists!
len_eval_pts= 40

----- 01 forced trajectories and compute EWS -----
Complete for forced tsid=3
----- 01 null trajectories and compute EWS -----
Complete for null tsid=3
----- 02 Compute ROC curves -----
Exported ROC data to 06_roc_data_and_figures_var_corr/data/ROC/df_roc_var_corr_[3].csv
Exported ROC figure to 06_roc_data_and_figures_var_corr/figures/ROC/figure_roc_var_corr_[3].png
Ran in 1.48s
------------------------------ 06 Completed ROC for variance and lag-1 autocorrelation ------------------------------

------------------------------ 07 Start ROC for dl ------------------------------
surr_type: RP
simples: 10000
ID_merge_tsid: [3]
DL_model: CNN_model
repeats: 10
features: 450

07_roc_data_and_figures_sdml directory already exists!
07_roc_data_and_figures_sdml/data directory already exists!
07_roc_data_and_figures_sdml/data/RP directory already exists!
07_roc_data_and_figures_sdml/data/RP/ROC directory already exists!
07_roc_data_and_figures_sdml/figures directory already exists!
07_roc_data_and_figures_sdml/figures/RP directory already exists!

07_roc_data_and_figures_sdml/figures/RP/ROC directory already exists!

len_eval_pts = 40

----- 01 forced trajectories and compute EWS -----
Complete for forced tsid=3
----- 01 null trajectories and compute EWS -----
Complete for null tsid=3
----- 02 Compute ROC curves -----
Exported ROC data to 07_roc_data_and_figures_sdml/data/RP/ROC/df_roc_surrogate_RP_simples_10000_CNN_model_[3].csv
Exported ROC figure to 07_roc_data_and_figures_sdml/figures/RP/ROC/figure_roc_surrogate_RP_simples_10000_CNN_model_[3].png
Ran in 43.06s
------------------------------ 07 Completed ROC for dl ------------------------------

------------------------------ 06 Start ROC for variance and lag-1 autocorrelation ------------------------------
surr_type: RP
simples: 10000
ID_merge_tsid: [3,1]
DL_model: CNN_model
repeats: 10
features: 450

06_roc_data_and_figures_var_corr directory already exists!
06_roc_data_and_figures_var_corr/data directory already exists!
06_roc_data_and_figures_var_corr/data/ROC directory already exists!
06_roc_data_and_figures_var_corr/figures directory already exists!
06_roc_data_and_figures_var_corr/figures/ROC directory already exists!
len_eval_pts= 40

----- 01 forced trajectories and compute EWS -----
Complete for forced tsid=3
Complete for forced tsid=1
----- 01 null trajectories and compute EWS -----
Complete for null tsid=3
Complete for null tsid=1
----- 02 Compute ROC curves -----
Exported ROC data to 06_roc_data_and_figures_var_corr/data/ROC/df_roc_var_corr_[3,1].csv
Exported ROC figure to 06_roc_data_and_figures_var_corr/figures/ROC/figure_roc_var_corr_[3,1].png
Ran in 6.21s
------------------------------ 06 Completed ROC for variance and lag-1 autocorrelation ------------------------------

------------------------------ 07 Start ROC for dl ------------------------------
surr_type: RP
simples: 10000
ID_merge_tsid: [3,1]
DL_model: CNN_model
repeats: 10
features: 450

07_roc_data_and_figures_sdml directory already exists!
07_roc_data_and_figures_sdml/data directory already exists!
07_roc_data_and_figures_sdml/data/RP directory already exists!
07_roc_data_and_figures_sdml/data/RP/ROC directory already exists!
07_roc_data_and_figures_sdml/figures directory already exists!
07_roc_data_and_figures_sdml/figures/RP directory already exists!

07_roc_data_and_figures_sdml/figures/RP/ROC directory already exists!

len_eval_pts = 40

----- 01 forced trajectories and compute EWS -----
Complete for forced tsid=3
Complete for forced tsid=1
----- 01 null trajectories and compute EWS -----
Complete for null tsid=3
Complete for null tsid=1
----- 02 Compute ROC curves -----
Exported ROC data to 07_roc_data_and_figures_sdml/data/RP/ROC/df_roc_surrogate_RP_simples_10000_CNN_model_[3,1].csv
Exported ROC figure to 07_roc_data_and_figures_sdml/figures/RP/ROC/figure_roc_surrogate_RP_simples_10000_CNN_model_[3,1].png
Ran in 30.33s
------------------------------ 07 Completed ROC for dl ------------------------------

------------------------------ 06 Start ROC for variance and lag-1 autocorrelation ------------------------------
surr_type: RP
simples: 10000
ID_merge_tsid: all
DL_model: CNN_model
repeats: 10
features: 450

06_roc_data_and_figures_var_corr directory already exists!
06_roc_data_and_figures_var_corr/data directory already exists!
06_roc_data_and_figures_var_corr/data/ROC directory already exists!
06_roc_data_and_figures_var_corr/figures directory already exists!
06_roc_data_and_figures_var_corr/figures/ROC directory already exists!
len_eval_pts= 40

----- 01 forced trajectories and compute EWS -----
Complete for forced tsid=1
Complete for forced tsid=2
Complete for forced tsid=3
Complete for forced tsid=4
Complete for forced tsid=5
Complete for forced tsid=6
Complete for forced tsid=7
Complete for forced tsid=8
Complete for forced tsid=9
Complete for forced tsid=10
Complete for forced tsid=11
Complete for forced tsid=12
Complete for forced tsid=13
----- 01 null trajectories and compute EWS -----
Complete for null tsid=1
Complete for null tsid=2
Complete for null tsid=3
Complete for null tsid=4
Complete for null tsid=5
Complete for null tsid=6
Complete for null tsid=7
Complete for null tsid=8
Complete for null tsid=9
Complete for null tsid=10
Complete for null tsid=11
Complete for null tsid=12
Complete for null tsid=13
----- 02 Compute ROC curves -----
Exported ROC data to 06_roc_data_and_figures_var_corr/data/ROC/df_roc_var_corr_all.csv
Exported ROC figure to 06_roc_data_and_figures_var_corr/figures/ROC/figure_roc_var_corr_all.png
Ran in 2.86s
------------------------------ 06 Completed ROC for variance and lag-1 autocorrelation ------------------------------

------------------------------ 07 Start ROC for dl ------------------------------
surr_type: RP
simples: 10000
ID_merge_tsid: all
DL_model: CNN_model
repeats: 10
features: 450

07_roc_data_and_figures_sdml directory already exists!
07_roc_data_and_figures_sdml/data directory already exists!
07_roc_data_and_figures_sdml/data/RP directory already exists!
07_roc_data_and_figures_sdml/data/RP/ROC directory already exists!
07_roc_data_and_figures_sdml/figures directory already exists!
07_roc_data_and_figures_sdml/figures/RP directory already exists!

07_roc_data_and_figures_sdml/figures/RP/ROC directory already exists!

len_eval_pts = 40

----- 01 forced trajectories and compute EWS -----
Complete for forced tsid=1
Complete for forced tsid=2
Complete for forced tsid=3
Complete for forced tsid=4
Complete for forced tsid=5
Complete for forced tsid=6
Complete for forced tsid=7
Complete for forced tsid=8
Complete for forced tsid=9
Complete for forced tsid=10
Complete for forced tsid=11
Complete for forced tsid=12
Complete for forced tsid=13
----- 01 null trajectories and compute EWS -----
Complete for null tsid=1
Complete for null tsid=2
Complete for null tsid=3
Complete for null tsid=4
Complete for null tsid=5
Complete for null tsid=6
Complete for null tsid=7
Complete for null tsid=8
Complete for null tsid=9
Complete for null tsid=10
Complete for null tsid=11
Complete for null tsid=12
Complete for null tsid=13
----- 02 Compute ROC curves -----
Exported ROC data to 07_roc_data_and_figures_sdml/data/RP/ROC/df_roc_surrogate_RP_simples_10000_CNN_model_all.csv
Exported ROC figure to 07_roc_data_and_figures_sdml/figures/RP/ROC/figure_roc_surrogate_RP_simples_10000_CNN_model_all.png
Ran in 119.56s
------------------------------ 07 Completed ROC for dl ------------------------------

-------------------------------------------------------------------------------------
Using GPU for TensorFlow.
------------------------------ 01 Start run ------------------------------
Data_folder: MS21
surr_type: RP
simples: 10000
ID_train: S3
DL_model: three_head_CNN_model
repeats: 10

01_evaluation_data directory already exists!
models directory already exists!

full_path= ../../01_data_preprocessing/02_extracte_and_generate_surrogate_dataset/MS21/data/merge_surrogate_RP_simples_10000_train_S3.csv

Epoch 1: val_accuracy improved from -inf to 0.51200, saving model to models\surrogate_RP_simples_10000_three_head_CNN_model_0.h5

Epoch 2: val_accuracy improved from 0.51200 to 1.00000, saving model to models\surrogate_RP_simples_10000_three_head_CNN_model_0.h5

Epoch 3: val_accuracy did not improve from 1.00000

Epoch 4: val_accuracy did not improve from 1.00000

Epoch 5: val_accuracy did not improve from 1.00000

Epoch 6: val_accuracy did not improve from 1.00000

Epoch 7: val_accuracy did not improve from 1.00000
Epoch 7: early stopping
>#1: 100.000

Epoch 1: val_accuracy improved from -inf to 0.51200, saving model to models\surrogate_RP_simples_10000_three_head_CNN_model_1.h5

Epoch 2: val_accuracy improved from 0.51200 to 1.00000, saving model to models\surrogate_RP_simples_10000_three_head_CNN_model_1.h5

Epoch 3: val_accuracy did not improve from 1.00000

Epoch 4: val_accuracy did not improve from 1.00000

Epoch 5: val_accuracy did not improve from 1.00000

Epoch 6: val_accuracy did not improve from 1.00000

Epoch 7: val_accuracy did not improve from 1.00000
Epoch 7: early stopping
>#2: 100.000

Epoch 1: val_accuracy improved from -inf to 0.51200, saving model to models\surrogate_RP_simples_10000_three_head_CNN_model_2.h5

Epoch 2: val_accuracy improved from 0.51200 to 1.00000, saving model to models\surrogate_RP_simples_10000_three_head_CNN_model_2.h5

Epoch 3: val_accuracy did not improve from 1.00000

Epoch 4: val_accuracy did not improve from 1.00000

Epoch 5: val_accuracy did not improve from 1.00000

Epoch 6: val_accuracy did not improve from 1.00000

Epoch 7: val_accuracy did not improve from 1.00000
Epoch 7: early stopping
>#3: 100.000

Epoch 1: val_accuracy improved from -inf to 0.51200, saving model to models\surrogate_RP_simples_10000_three_head_CNN_model_3.h5

Epoch 2: val_accuracy improved from 0.51200 to 1.00000, saving model to models\surrogate_RP_simples_10000_three_head_CNN_model_3.h5

Epoch 3: val_accuracy did not improve from 1.00000

Epoch 4: val_accuracy did not improve from 1.00000

Epoch 5: val_accuracy did not improve from 1.00000

Epoch 6: val_accuracy did not improve from 1.00000

Epoch 7: val_accuracy did not improve from 1.00000
Epoch 7: early stopping
>#4: 100.000

Epoch 1: val_accuracy improved from -inf to 0.51200, saving model to models\surrogate_RP_simples_10000_three_head_CNN_model_4.h5

Epoch 2: val_accuracy improved from 0.51200 to 1.00000, saving model to models\surrogate_RP_simples_10000_three_head_CNN_model_4.h5

Epoch 3: val_accuracy did not improve from 1.00000

Epoch 4: val_accuracy did not improve from 1.00000

Epoch 5: val_accuracy did not improve from 1.00000

Epoch 6: val_accuracy did not improve from 1.00000

Epoch 7: val_accuracy did not improve from 1.00000
Epoch 7: early stopping
>#5: 100.000

Epoch 1: val_accuracy improved from -inf to 0.51525, saving model to models\surrogate_RP_simples_10000_three_head_CNN_model_5.h5

Epoch 2: val_accuracy improved from 0.51525 to 1.00000, saving model to models\surrogate_RP_simples_10000_three_head_CNN_model_5.h5

Epoch 3: val_accuracy did not improve from 1.00000

Epoch 4: val_accuracy did not improve from 1.00000

Epoch 5: val_accuracy did not improve from 1.00000

Epoch 6: val_accuracy did not improve from 1.00000

Epoch 7: val_accuracy did not improve from 1.00000
Epoch 7: early stopping
>#6: 100.000

Epoch 1: val_accuracy improved from -inf to 0.51200, saving model to models\surrogate_RP_simples_10000_three_head_CNN_model_6.h5

Epoch 2: val_accuracy improved from 0.51200 to 1.00000, saving model to models\surrogate_RP_simples_10000_three_head_CNN_model_6.h5

Epoch 3: val_accuracy did not improve from 1.00000

Epoch 4: val_accuracy did not improve from 1.00000

Epoch 5: val_accuracy did not improve from 1.00000

Epoch 6: val_accuracy did not improve from 1.00000

Epoch 7: val_accuracy did not improve from 1.00000
Epoch 7: early stopping
>#7: 100.000

Epoch 1: val_accuracy improved from -inf to 0.51200, saving model to models\surrogate_RP_simples_10000_three_head_CNN_model_7.h5

Epoch 2: val_accuracy improved from 0.51200 to 1.00000, saving model to models\surrogate_RP_simples_10000_three_head_CNN_model_7.h5

Epoch 3: val_accuracy did not improve from 1.00000

Epoch 4: val_accuracy did not improve from 1.00000

Epoch 5: val_accuracy did not improve from 1.00000

Epoch 6: val_accuracy did not improve from 1.00000

Epoch 7: val_accuracy did not improve from 1.00000
Epoch 7: early stopping
>#8: 100.000

Epoch 1: val_accuracy improved from -inf to 0.51200, saving model to models\surrogate_RP_simples_10000_three_head_CNN_model_8.h5

Epoch 2: val_accuracy improved from 0.51200 to 1.00000, saving model to models\surrogate_RP_simples_10000_three_head_CNN_model_8.h5

Epoch 3: val_accuracy did not improve from 1.00000

Epoch 4: val_accuracy did not improve from 1.00000

Epoch 5: val_accuracy did not improve from 1.00000

Epoch 6: val_accuracy did not improve from 1.00000

Epoch 7: val_accuracy did not improve from 1.00000
Epoch 7: early stopping
>#9: 100.000

Epoch 1: val_accuracy improved from -inf to 0.51200, saving model to models\surrogate_RP_simples_10000_three_head_CNN_model_9.h5

Epoch 2: val_accuracy did not improve from 0.51200

Epoch 3: val_accuracy improved from 0.51200 to 1.00000, saving model to models\surrogate_RP_simples_10000_three_head_CNN_model_9.h5

Epoch 4: val_accuracy did not improve from 1.00000

Epoch 5: val_accuracy did not improve from 1.00000

Epoch 6: val_accuracy did not improve from 1.00000

Epoch 7: val_accuracy did not improve from 1.00000

Epoch 8: val_accuracy did not improve from 1.00000
Epoch 8: early stopping
>#10: 100.000
------------------ summarize results -------------------------
DL_model: three_head_CNN_model
scores: [100.0, 100.0, 100.0, 100.0, 100.0, 100.0, 100.0, 100.0, 100.0, 100.0]
Accuracy mean (std): 100.000% (0.000)

Running time 411.0 seconds
------------------------------ 01 Completed ------------------------------

------------------------------ 02 Start Evaluation ------------------------------
surr_type: RP
simples: 10000
ID_train: S3
DL_model: three_head_CNN_model
repeats: 10

02_evaluation_performance directory already exists!
# 0 >> accuracy: 1.0
# 1 >> accuracy: 1.0
# 2 >> accuracy: 1.0
# 3 >> accuracy: 1.0
# 4 >> accuracy: 1.0
# 5 >> accuracy: 1.0
# 6 >> accuracy: 1.0
# 7 >> accuracy: 1.0
# 8 >> accuracy: 1.0
# 9 >> accuracy: 1.0
The results have been saved to a txt file: 02_evaluation_performance/evaluation_performance_surrogate_RP_simples_10000_three_head_CNN_model_train_S3.txt

Running time 25.2 seconds
------------------------------ 02 Completed Evaluation ------------------------------

------------------------------ 03 Start sliding windows ------------------------------
surr_type: RP
simples: 10000
ID_train: S3
ID_test: S1
Variable_label: Mo
tsid: 1
features: 450
sw_width: 441

03_sliding_window_data directory already exists!
S1.shape: (883, 2)
success-> sliding_window_features_shape (real=(883-441+1, 450)):  (443, 450)
------------------------------ 03 Completed sliding windows ------------------------------

------------------------------ 04 Start predicate ------------------------------
surr_type: RP
simples: 10000
ID_train: S3
ID_test: S1
DL_model: three_head_CNN_model
repeats: 10

04_prediction_data directory already exists!
X_test.shape (443, 450)
X_test_array.shape:  (443, 450, 1)
--------------- prediction ... ---------------
y_pred_list.shape (443, 10)
------------------------------ 04 Completed predicate ------------------------------

------------------------------ 05 Start plots ------------------------------
surr_type: RP
simples: 10000
ID_train: S3
ID_test: S1
Variable_label: Mo
DL_model: three_head_CNN_model
sw_width: 441
tsid: 1

05_ews_data_and_figures directory already exists!
05_ews_data_and_figures/data directory already exists!
05_ews_data_and_figures/data/RP directory already exists!
05_ews_data_and_figures/figures directory already exists!
05_ews_data_and_figures/figures/RP directory already exists!

Record_Core: MS21
start_age, Transition, end_age: -20.48787 -10.5 -8.00274
sliding_window_S1: 441
------------------------------ 05 Completed plots ------------------------------

------------------------------ 07 Start ROC for dl ------------------------------
surr_type: RP
simples: 10000
ID_merge_tsid: [1]
DL_model: three_head_CNN_model
repeats: 10
features: 450

07_roc_data_and_figures_sdml directory already exists!
07_roc_data_and_figures_sdml/data directory already exists!
07_roc_data_and_figures_sdml/data/RP directory already exists!
07_roc_data_and_figures_sdml/data/RP/ROC directory already exists!
07_roc_data_and_figures_sdml/figures directory already exists!
07_roc_data_and_figures_sdml/figures/RP directory already exists!

07_roc_data_and_figures_sdml/figures/RP/ROC directory already exists!

len_eval_pts = 40

----- 01 forced trajectories and compute EWS -----
Complete for forced tsid=1
----- 01 null trajectories and compute EWS -----
Complete for null tsid=1
----- 02 Compute ROC curves -----
Exported ROC data to 07_roc_data_and_figures_sdml/data/RP/ROC/df_roc_surrogate_RP_simples_10000_three_head_CNN_model_[1].csv
Exported ROC figure to 07_roc_data_and_figures_sdml/figures/RP/ROC/figure_roc_surrogate_RP_simples_10000_three_head_CNN_model_[1].png
Ran in 41.94s
------------------------------ 07 Completed ROC for dl ------------------------------

------------------------------ 07 Start ROC for dl ------------------------------
surr_type: RP
simples: 10000
ID_merge_tsid: [3]
DL_model: three_head_CNN_model
repeats: 10
features: 450

07_roc_data_and_figures_sdml directory already exists!
07_roc_data_and_figures_sdml/data directory already exists!
07_roc_data_and_figures_sdml/data/RP directory already exists!
07_roc_data_and_figures_sdml/data/RP/ROC directory already exists!
07_roc_data_and_figures_sdml/figures directory already exists!
07_roc_data_and_figures_sdml/figures/RP directory already exists!

07_roc_data_and_figures_sdml/figures/RP/ROC directory already exists!

len_eval_pts = 40

----- 01 forced trajectories and compute EWS -----
Complete for forced tsid=3
----- 01 null trajectories and compute EWS -----
Complete for null tsid=3
----- 02 Compute ROC curves -----
Exported ROC data to 07_roc_data_and_figures_sdml/data/RP/ROC/df_roc_surrogate_RP_simples_10000_three_head_CNN_model_[3].csv
Exported ROC figure to 07_roc_data_and_figures_sdml/figures/RP/ROC/figure_roc_surrogate_RP_simples_10000_three_head_CNN_model_[3].png
Ran in 16.32s
------------------------------ 07 Completed ROC for dl ------------------------------

------------------------------ 07 Start ROC for dl ------------------------------
surr_type: RP
simples: 10000
ID_merge_tsid: [3,1]
DL_model: three_head_CNN_model
repeats: 10
features: 450

07_roc_data_and_figures_sdml directory already exists!
07_roc_data_and_figures_sdml/data directory already exists!
07_roc_data_and_figures_sdml/data/RP directory already exists!
07_roc_data_and_figures_sdml/data/RP/ROC directory already exists!
07_roc_data_and_figures_sdml/figures directory already exists!
07_roc_data_and_figures_sdml/figures/RP directory already exists!

07_roc_data_and_figures_sdml/figures/RP/ROC directory already exists!

len_eval_pts = 40

----- 01 forced trajectories and compute EWS -----
Complete for forced tsid=3
Complete for forced tsid=1
----- 01 null trajectories and compute EWS -----
Complete for null tsid=3
Complete for null tsid=1
----- 02 Compute ROC curves -----
Exported ROC data to 07_roc_data_and_figures_sdml/data/RP/ROC/df_roc_surrogate_RP_simples_10000_three_head_CNN_model_[3,1].csv
Exported ROC figure to 07_roc_data_and_figures_sdml/figures/RP/ROC/figure_roc_surrogate_RP_simples_10000_three_head_CNN_model_[3,1].png
Ran in 73.32s
------------------------------ 07 Completed ROC for dl ------------------------------

------------------------------ 07 Start ROC for dl ------------------------------
surr_type: RP
simples: 10000
ID_merge_tsid: all
DL_model: three_head_CNN_model
repeats: 10
features: 450

07_roc_data_and_figures_sdml directory already exists!
07_roc_data_and_figures_sdml/data directory already exists!
07_roc_data_and_figures_sdml/data/RP directory already exists!
07_roc_data_and_figures_sdml/data/RP/ROC directory already exists!
07_roc_data_and_figures_sdml/figures directory already exists!
07_roc_data_and_figures_sdml/figures/RP directory already exists!

07_roc_data_and_figures_sdml/figures/RP/ROC directory already exists!

len_eval_pts = 40

----- 01 forced trajectories and compute EWS -----
Complete for forced tsid=1
Complete for forced tsid=2
Complete for forced tsid=3
Complete for forced tsid=4
Complete for forced tsid=5
Complete for forced tsid=6
Complete for forced tsid=7
Complete for forced tsid=8
Complete for forced tsid=9
Complete for forced tsid=10
Complete for forced tsid=11
Complete for forced tsid=12
Complete for forced tsid=13
----- 01 null trajectories and compute EWS -----
Complete for null tsid=1
Complete for null tsid=2
Complete for null tsid=3
Complete for null tsid=4
Complete for null tsid=5
Complete for null tsid=6
Complete for null tsid=7
Complete for null tsid=8
Complete for null tsid=9
Complete for null tsid=10
Complete for null tsid=11
Complete for null tsid=12
Complete for null tsid=13
----- 02 Compute ROC curves -----
Exported ROC data to 07_roc_data_and_figures_sdml/data/RP/ROC/df_roc_surrogate_RP_simples_10000_three_head_CNN_model_all.csv
Exported ROC figure to 07_roc_data_and_figures_sdml/figures/RP/ROC/figure_roc_surrogate_RP_simples_10000_three_head_CNN_model_all.png
Ran in 146.63s
------------------------------ 07 Completed ROC for dl ------------------------------

-------------------------------------------------------------------------------------
Using GPU for TensorFlow.
------------------------------ 01 Start run ------------------------------
Data_folder: MS21
surr_type: RP
simples: 10000
ID_train: S3
DL_model: LSTM_model
repeats: 10

01_evaluation_data directory already exists!
models directory already exists!

full_path= ../../01_data_preprocessing/02_extracte_and_generate_surrogate_dataset/MS21/data/merge_surrogate_RP_simples_10000_train_S3.csv

Epoch 1: val_accuracy improved from -inf to 0.99275, saving model to models\surrogate_RP_simples_10000_LSTM_model_0.h5

Epoch 2: val_accuracy improved from 0.99275 to 0.99950, saving model to models\surrogate_RP_simples_10000_LSTM_model_0.h5

Epoch 3: val_accuracy improved from 0.99950 to 1.00000, saving model to models\surrogate_RP_simples_10000_LSTM_model_0.h5

Epoch 4: val_accuracy did not improve from 1.00000

Epoch 5: val_accuracy did not improve from 1.00000

Epoch 6: val_accuracy did not improve from 1.00000

Epoch 7: val_accuracy did not improve from 1.00000

Epoch 8: val_accuracy did not improve from 1.00000
Epoch 8: early stopping
>#1: 100.000

Epoch 1: val_accuracy improved from -inf to 0.88625, saving model to models\surrogate_RP_simples_10000_LSTM_model_1.h5

Epoch 2: val_accuracy improved from 0.88625 to 0.93375, saving model to models\surrogate_RP_simples_10000_LSTM_model_1.h5

Epoch 3: val_accuracy improved from 0.93375 to 1.00000, saving model to models\surrogate_RP_simples_10000_LSTM_model_1.h5

Epoch 4: val_accuracy did not improve from 1.00000

Epoch 5: val_accuracy did not improve from 1.00000

Epoch 6: val_accuracy did not improve from 1.00000

Epoch 7: val_accuracy did not improve from 1.00000

Epoch 8: val_accuracy did not improve from 1.00000
Epoch 8: early stopping
>#2: 100.000

Epoch 1: val_accuracy improved from -inf to 0.48800, saving model to models\surrogate_RP_simples_10000_LSTM_model_2.h5

Epoch 2: val_accuracy improved from 0.48800 to 0.68200, saving model to models\surrogate_RP_simples_10000_LSTM_model_2.h5

Epoch 3: val_accuracy did not improve from 0.68200

Epoch 4: val_accuracy did not improve from 0.68200

Epoch 5: val_accuracy improved from 0.68200 to 1.00000, saving model to models\surrogate_RP_simples_10000_LSTM_model_2.h5

Epoch 6: val_accuracy did not improve from 1.00000

Epoch 7: val_accuracy did not improve from 1.00000

Epoch 8: val_accuracy did not improve from 1.00000

Epoch 9: val_accuracy did not improve from 1.00000

Epoch 10: val_accuracy did not improve from 1.00000
Epoch 10: early stopping
>#3: 100.000

Epoch 1: val_accuracy improved from -inf to 0.99925, saving model to models\surrogate_RP_simples_10000_LSTM_model_3.h5

Epoch 2: val_accuracy improved from 0.99925 to 1.00000, saving model to models\surrogate_RP_simples_10000_LSTM_model_3.h5

Epoch 3: val_accuracy did not improve from 1.00000

Epoch 4: val_accuracy did not improve from 1.00000

Epoch 5: val_accuracy did not improve from 1.00000

Epoch 6: val_accuracy did not improve from 1.00000

Epoch 7: val_accuracy did not improve from 1.00000
Epoch 7: early stopping
>#4: 100.000

Epoch 1: val_accuracy improved from -inf to 0.99100, saving model to models\surrogate_RP_simples_10000_LSTM_model_4.h5

Epoch 2: val_accuracy improved from 0.99100 to 1.00000, saving model to models\surrogate_RP_simples_10000_LSTM_model_4.h5

Epoch 3: val_accuracy did not improve from 1.00000

Epoch 4: val_accuracy did not improve from 1.00000

Epoch 5: val_accuracy did not improve from 1.00000

Epoch 6: val_accuracy did not improve from 1.00000

Epoch 7: val_accuracy did not improve from 1.00000
Epoch 7: early stopping
>#5: 100.000

Epoch 1: val_accuracy improved from -inf to 0.81700, saving model to models\surrogate_RP_simples_10000_LSTM_model_5.h5

Epoch 2: val_accuracy did not improve from 0.81700

Epoch 3: val_accuracy did not improve from 0.81700

Epoch 4: val_accuracy improved from 0.81700 to 1.00000, saving model to models\surrogate_RP_simples_10000_LSTM_model_5.h5

Epoch 5: val_accuracy did not improve from 1.00000

Epoch 6: val_accuracy did not improve from 1.00000

Epoch 7: val_accuracy did not improve from 1.00000

Epoch 8: val_accuracy did not improve from 1.00000

Epoch 9: val_accuracy did not improve from 1.00000
Epoch 9: early stopping
>#6: 100.000

Epoch 1: val_accuracy improved from -inf to 0.51200, saving model to models\surrogate_RP_simples_10000_LSTM_model_6.h5

Epoch 2: val_accuracy improved from 0.51200 to 0.99950, saving model to models\surrogate_RP_simples_10000_LSTM_model_6.h5

Epoch 3: val_accuracy improved from 0.99950 to 1.00000, saving model to models\surrogate_RP_simples_10000_LSTM_model_6.h5

Epoch 4: val_accuracy did not improve from 1.00000

Epoch 5: val_accuracy did not improve from 1.00000

Epoch 6: val_accuracy did not improve from 1.00000

Epoch 7: val_accuracy did not improve from 1.00000

Epoch 8: val_accuracy did not improve from 1.00000
Epoch 8: early stopping
>#7: 100.000

Epoch 1: val_accuracy improved from -inf to 0.75925, saving model to models\surrogate_RP_simples_10000_LSTM_model_7.h5

Epoch 2: val_accuracy improved from 0.75925 to 1.00000, saving model to models\surrogate_RP_simples_10000_LSTM_model_7.h5

Epoch 3: val_accuracy did not improve from 1.00000

Epoch 4: val_accuracy did not improve from 1.00000

Epoch 5: val_accuracy did not improve from 1.00000

Epoch 6: val_accuracy did not improve from 1.00000

Epoch 7: val_accuracy did not improve from 1.00000
Epoch 7: early stopping
>#8: 100.000

Epoch 1: val_accuracy improved from -inf to 1.00000, saving model to models\surrogate_RP_simples_10000_LSTM_model_8.h5

Epoch 2: val_accuracy did not improve from 1.00000

Epoch 3: val_accuracy did not improve from 1.00000

Epoch 4: val_accuracy did not improve from 1.00000

Epoch 5: val_accuracy did not improve from 1.00000

Epoch 6: val_accuracy did not improve from 1.00000
Epoch 6: early stopping
>#9: 100.000

Epoch 1: val_accuracy improved from -inf to 0.78925, saving model to models\surrogate_RP_simples_10000_LSTM_model_9.h5

Epoch 2: val_accuracy did not improve from 0.78925

Epoch 3: val_accuracy improved from 0.78925 to 1.00000, saving model to models\surrogate_RP_simples_10000_LSTM_model_9.h5

Epoch 4: val_accuracy did not improve from 1.00000

Epoch 5: val_accuracy did not improve from 1.00000

Epoch 6: val_accuracy did not improve from 1.00000

Epoch 7: val_accuracy did not improve from 1.00000

Epoch 8: val_accuracy did not improve from 1.00000
Epoch 8: early stopping
>#10: 100.000
------------------ summarize results -------------------------
DL_model: LSTM_model
scores: [100.0, 100.0, 100.0, 100.0, 100.0, 100.0, 100.0, 100.0, 100.0, 100.0]
Accuracy mean (std): 100.000% (0.000)

Running time 294.6 seconds
------------------------------ 01 Completed ------------------------------

------------------------------ 02 Start Evaluation ------------------------------
surr_type: RP
simples: 10000
ID_train: S3
DL_model: LSTM_model
repeats: 10

02_evaluation_performance directory already exists!
# 0 >> accuracy: 1.0
# 1 >> accuracy: 1.0
# 2 >> accuracy: 1.0
# 3 >> accuracy: 1.0
# 4 >> accuracy: 1.0
# 5 >> accuracy: 1.0
# 6 >> accuracy: 1.0
# 7 >> accuracy: 1.0
# 8 >> accuracy: 0.999750018119812
# 9 >> accuracy: 1.0
The results have been saved to a txt file: 02_evaluation_performance/evaluation_performance_surrogate_RP_simples_10000_LSTM_model_train_S3.txt

Running time 25.6 seconds
------------------------------ 02 Completed Evaluation ------------------------------

------------------------------ 03 Start sliding windows ------------------------------
surr_type: RP
simples: 10000
ID_train: S3
ID_test: S1
Variable_label: Mo
tsid: 1
features: 450
sw_width: 441

03_sliding_window_data directory already exists!
S1.shape: (883, 2)
success-> sliding_window_features_shape (real=(883-441+1, 450)):  (443, 450)
------------------------------ 03 Completed sliding windows ------------------------------

------------------------------ 04 Start predicate ------------------------------
surr_type: RP
simples: 10000
ID_train: S3
ID_test: S1
DL_model: LSTM_model
repeats: 10

04_prediction_data directory already exists!
X_test.shape (443, 450)
X_test_array.shape:  (443, 450, 1)
--------------- prediction ... ---------------
y_pred_list.shape (443, 10)
------------------------------ 04 Completed predicate ------------------------------

------------------------------ 05 Start plots ------------------------------
surr_type: RP
simples: 10000
ID_train: S3
ID_test: S1
Variable_label: Mo
DL_model: LSTM_model
sw_width: 441
tsid: 1

05_ews_data_and_figures directory already exists!
05_ews_data_and_figures/data directory already exists!
05_ews_data_and_figures/data/RP directory already exists!
05_ews_data_and_figures/figures directory already exists!
05_ews_data_and_figures/figures/RP directory already exists!

Record_Core: MS21
start_age, Transition, end_age: -20.48787 -10.5 -8.00274
sliding_window_S1: 441
------------------------------ 05 Completed plots ------------------------------

------------------------------ 07 Start ROC for dl ------------------------------
surr_type: RP
simples: 10000
ID_merge_tsid: [1]
DL_model: LSTM_model
repeats: 10
features: 450

07_roc_data_and_figures_sdml directory already exists!
07_roc_data_and_figures_sdml/data directory already exists!
07_roc_data_and_figures_sdml/data/RP directory already exists!
07_roc_data_and_figures_sdml/data/RP/ROC directory already exists!
07_roc_data_and_figures_sdml/figures directory already exists!
07_roc_data_and_figures_sdml/figures/RP directory already exists!

07_roc_data_and_figures_sdml/figures/RP/ROC directory already exists!

len_eval_pts = 40

----- 01 forced trajectories and compute EWS -----
Complete for forced tsid=1
----- 01 null trajectories and compute EWS -----
Complete for null tsid=1
----- 02 Compute ROC curves -----
Exported ROC data to 07_roc_data_and_figures_sdml/data/RP/ROC/df_roc_surrogate_RP_simples_10000_LSTM_model_[1].csv
Exported ROC figure to 07_roc_data_and_figures_sdml/figures/RP/ROC/figure_roc_surrogate_RP_simples_10000_LSTM_model_[1].png
Ran in 16.05s
------------------------------ 07 Completed ROC for dl ------------------------------

------------------------------ 07 Start ROC for dl ------------------------------
surr_type: RP
simples: 10000
ID_merge_tsid: [3]
DL_model: LSTM_model
repeats: 10
features: 450

07_roc_data_and_figures_sdml directory already exists!
07_roc_data_and_figures_sdml/data directory already exists!
07_roc_data_and_figures_sdml/data/RP directory already exists!
07_roc_data_and_figures_sdml/data/RP/ROC directory already exists!
07_roc_data_and_figures_sdml/figures directory already exists!
07_roc_data_and_figures_sdml/figures/RP directory already exists!

07_roc_data_and_figures_sdml/figures/RP/ROC directory already exists!

len_eval_pts = 40

----- 01 forced trajectories and compute EWS -----
Complete for forced tsid=3
----- 01 null trajectories and compute EWS -----
Complete for null tsid=3
----- 02 Compute ROC curves -----
Exported ROC data to 07_roc_data_and_figures_sdml/data/RP/ROC/df_roc_surrogate_RP_simples_10000_LSTM_model_[3].csv
Exported ROC figure to 07_roc_data_and_figures_sdml/figures/RP/ROC/figure_roc_surrogate_RP_simples_10000_LSTM_model_[3].png
Ran in 16.14s
------------------------------ 07 Completed ROC for dl ------------------------------

------------------------------ 07 Start ROC for dl ------------------------------
surr_type: RP
simples: 10000
ID_merge_tsid: [3,1]
DL_model: LSTM_model
repeats: 10
features: 450

07_roc_data_and_figures_sdml directory already exists!
07_roc_data_and_figures_sdml/data directory already exists!
07_roc_data_and_figures_sdml/data/RP directory already exists!
07_roc_data_and_figures_sdml/data/RP/ROC directory already exists!
07_roc_data_and_figures_sdml/figures directory already exists!
07_roc_data_and_figures_sdml/figures/RP directory already exists!

07_roc_data_and_figures_sdml/figures/RP/ROC directory already exists!

len_eval_pts = 40

----- 01 forced trajectories and compute EWS -----
Complete for forced tsid=3
Complete for forced tsid=1
----- 01 null trajectories and compute EWS -----
Complete for null tsid=3
Complete for null tsid=1
----- 02 Compute ROC curves -----
Exported ROC data to 07_roc_data_and_figures_sdml/data/RP/ROC/df_roc_surrogate_RP_simples_10000_LSTM_model_[3,1].csv
Exported ROC figure to 07_roc_data_and_figures_sdml/figures/RP/ROC/figure_roc_surrogate_RP_simples_10000_LSTM_model_[3,1].png
Ran in 22.59s
------------------------------ 07 Completed ROC for dl ------------------------------

------------------------------ 07 Start ROC for dl ------------------------------
surr_type: RP
simples: 10000
ID_merge_tsid: all
DL_model: LSTM_model
repeats: 10
features: 450

07_roc_data_and_figures_sdml directory already exists!
07_roc_data_and_figures_sdml/data directory already exists!
07_roc_data_and_figures_sdml/data/RP directory already exists!
07_roc_data_and_figures_sdml/data/RP/ROC directory already exists!
07_roc_data_and_figures_sdml/figures directory already exists!
07_roc_data_and_figures_sdml/figures/RP directory already exists!

07_roc_data_and_figures_sdml/figures/RP/ROC directory already exists!

len_eval_pts = 40

----- 01 forced trajectories and compute EWS -----
Complete for forced tsid=1
Complete for forced tsid=2
Complete for forced tsid=3
Complete for forced tsid=4
Complete for forced tsid=5
Complete for forced tsid=6
Complete for forced tsid=7
Complete for forced tsid=8
Complete for forced tsid=9
Complete for forced tsid=10
Complete for forced tsid=11
Complete for forced tsid=12
Complete for forced tsid=13
----- 01 null trajectories and compute EWS -----
Complete for null tsid=1
Complete for null tsid=2
Complete for null tsid=3
Complete for null tsid=4
Complete for null tsid=5
Complete for null tsid=6
Complete for null tsid=7
Complete for null tsid=8
Complete for null tsid=9
Complete for null tsid=10
Complete for null tsid=11
Complete for null tsid=12
Complete for null tsid=13
----- 02 Compute ROC curves -----
Exported ROC data to 07_roc_data_and_figures_sdml/data/RP/ROC/df_roc_surrogate_RP_simples_10000_LSTM_model_all.csv
Exported ROC figure to 07_roc_data_and_figures_sdml/figures/RP/ROC/figure_roc_surrogate_RP_simples_10000_LSTM_model_all.png
Ran in 94.79s
------------------------------ 07 Completed ROC for dl ------------------------------

-------------------------------------------------------------------------------------
Using GPU for TensorFlow.
------------------------------ 01 Start run ------------------------------
Data_folder: MS21
surr_type: RP
simples: 10000
ID_train: S3
DL_model: CNN_LSTM_model
repeats: 10

01_evaluation_data directory already exists!
models directory already exists!

full_path= ../../01_data_preprocessing/02_extracte_and_generate_surrogate_dataset/MS21/data/merge_surrogate_RP_simples_10000_train_S3.csv

Epoch 1: val_accuracy improved from -inf to 0.76675, saving model to models\surrogate_RP_simples_10000_CNN_LSTM_model_0.h5

Epoch 2: val_accuracy improved from 0.76675 to 0.81675, saving model to models\surrogate_RP_simples_10000_CNN_LSTM_model_0.h5

Epoch 3: val_accuracy did not improve from 0.81675

Epoch 4: val_accuracy improved from 0.81675 to 0.83875, saving model to models\surrogate_RP_simples_10000_CNN_LSTM_model_0.h5

Epoch 5: val_accuracy did not improve from 0.83875

Epoch 6: val_accuracy improved from 0.83875 to 0.84900, saving model to models\surrogate_RP_simples_10000_CNN_LSTM_model_0.h5

Epoch 7: val_accuracy improved from 0.84900 to 0.85025, saving model to models\surrogate_RP_simples_10000_CNN_LSTM_model_0.h5

Epoch 8: val_accuracy improved from 0.85025 to 0.87175, saving model to models\surrogate_RP_simples_10000_CNN_LSTM_model_0.h5

Epoch 9: val_accuracy improved from 0.87175 to 0.87500, saving model to models\surrogate_RP_simples_10000_CNN_LSTM_model_0.h5

Epoch 10: val_accuracy improved from 0.87500 to 0.89525, saving model to models\surrogate_RP_simples_10000_CNN_LSTM_model_0.h5

Epoch 11: val_accuracy did not improve from 0.89525

Epoch 12: val_accuracy did not improve from 0.89525

Epoch 13: val_accuracy did not improve from 0.89525

Epoch 14: val_accuracy improved from 0.89525 to 0.91400, saving model to models\surrogate_RP_simples_10000_CNN_LSTM_model_0.h5

Epoch 15: val_accuracy improved from 0.91400 to 0.91850, saving model to models\surrogate_RP_simples_10000_CNN_LSTM_model_0.h5

Epoch 16: val_accuracy did not improve from 0.91850

Epoch 17: val_accuracy improved from 0.91850 to 0.92750, saving model to models\surrogate_RP_simples_10000_CNN_LSTM_model_0.h5

Epoch 18: val_accuracy did not improve from 0.92750

Epoch 19: val_accuracy did not improve from 0.92750

Epoch 20: val_accuracy improved from 0.92750 to 0.95350, saving model to models\surrogate_RP_simples_10000_CNN_LSTM_model_0.h5

Epoch 21: val_accuracy did not improve from 0.95350

Epoch 22: val_accuracy improved from 0.95350 to 0.97800, saving model to models\surrogate_RP_simples_10000_CNN_LSTM_model_0.h5

Epoch 23: val_accuracy did not improve from 0.97800

Epoch 24: val_accuracy did not improve from 0.97800

Epoch 25: val_accuracy improved from 0.97800 to 0.98300, saving model to models\surrogate_RP_simples_10000_CNN_LSTM_model_0.h5

Epoch 26: val_accuracy did not improve from 0.98300

Epoch 27: val_accuracy did not improve from 0.98300

Epoch 28: val_accuracy did not improve from 0.98300

Epoch 29: val_accuracy did not improve from 0.98300

Epoch 30: val_accuracy did not improve from 0.98300
Epoch 30: early stopping
>#1: 98.300

Epoch 1: val_accuracy improved from -inf to 0.99950, saving model to models\surrogate_RP_simples_10000_CNN_LSTM_model_1.h5

Epoch 2: val_accuracy did not improve from 0.99950

Epoch 3: val_accuracy did not improve from 0.99950

Epoch 4: val_accuracy did not improve from 0.99950

Epoch 5: val_accuracy did not improve from 0.99950

Epoch 6: val_accuracy did not improve from 0.99950
Epoch 6: early stopping
>#2: 99.950

Epoch 1: val_accuracy improved from -inf to 1.00000, saving model to models\surrogate_RP_simples_10000_CNN_LSTM_model_2.h5

Epoch 2: val_accuracy did not improve from 1.00000

Epoch 3: val_accuracy did not improve from 1.00000

Epoch 4: val_accuracy did not improve from 1.00000

Epoch 5: val_accuracy did not improve from 1.00000

Epoch 6: val_accuracy did not improve from 1.00000
Epoch 6: early stopping
>#3: 100.000

Epoch 1: val_accuracy improved from -inf to 0.99850, saving model to models\surrogate_RP_simples_10000_CNN_LSTM_model_3.h5

Epoch 2: val_accuracy did not improve from 0.99850

Epoch 3: val_accuracy did not improve from 0.99850

Epoch 4: val_accuracy did not improve from 0.99850

Epoch 5: val_accuracy did not improve from 0.99850

Epoch 6: val_accuracy did not improve from 0.99850
Epoch 6: early stopping
>#4: 99.850

Epoch 1: val_accuracy improved from -inf to 0.99225, saving model to models\surrogate_RP_simples_10000_CNN_LSTM_model_4.h5

Epoch 2: val_accuracy did not improve from 0.99225

Epoch 3: val_accuracy did not improve from 0.99225

Epoch 4: val_accuracy improved from 0.99225 to 0.99600, saving model to models\surrogate_RP_simples_10000_CNN_LSTM_model_4.h5

Epoch 5: val_accuracy did not improve from 0.99600

Epoch 6: val_accuracy did not improve from 0.99600

Epoch 7: val_accuracy did not improve from 0.99600

Epoch 8: val_accuracy did not improve from 0.99600

Epoch 9: val_accuracy did not improve from 0.99600
Epoch 9: early stopping
>#5: 99.600

Epoch 1: val_accuracy improved from -inf to 0.97800, saving model to models\surrogate_RP_simples_10000_CNN_LSTM_model_5.h5

Epoch 2: val_accuracy did not improve from 0.97800

Epoch 3: val_accuracy did not improve from 0.97800

Epoch 4: val_accuracy did not improve from 0.97800

Epoch 5: val_accuracy did not improve from 0.97800

Epoch 6: val_accuracy improved from 0.97800 to 0.99225, saving model to models\surrogate_RP_simples_10000_CNN_LSTM_model_5.h5

Epoch 7: val_accuracy improved from 0.99225 to 0.99875, saving model to models\surrogate_RP_simples_10000_CNN_LSTM_model_5.h5

Epoch 8: val_accuracy improved from 0.99875 to 1.00000, saving model to models\surrogate_RP_simples_10000_CNN_LSTM_model_5.h5

Epoch 9: val_accuracy did not improve from 1.00000

Epoch 10: val_accuracy did not improve from 1.00000

Epoch 11: val_accuracy did not improve from 1.00000

Epoch 12: val_accuracy did not improve from 1.00000

Epoch 13: val_accuracy did not improve from 1.00000
Epoch 13: early stopping
>#6: 100.000

Epoch 1: val_accuracy improved from -inf to 0.98750, saving model to models\surrogate_RP_simples_10000_CNN_LSTM_model_6.h5

Epoch 2: val_accuracy improved from 0.98750 to 0.99400, saving model to models\surrogate_RP_simples_10000_CNN_LSTM_model_6.h5

Epoch 3: val_accuracy did not improve from 0.99400

Epoch 4: val_accuracy did not improve from 0.99400

Epoch 5: val_accuracy did not improve from 0.99400

Epoch 6: val_accuracy improved from 0.99400 to 0.99725, saving model to models\surrogate_RP_simples_10000_CNN_LSTM_model_6.h5

Epoch 7: val_accuracy improved from 0.99725 to 0.99775, saving model to models\surrogate_RP_simples_10000_CNN_LSTM_model_6.h5

Epoch 8: val_accuracy did not improve from 0.99775

Epoch 9: val_accuracy did not improve from 0.99775

Epoch 10: val_accuracy improved from 0.99775 to 1.00000, saving model to models\surrogate_RP_simples_10000_CNN_LSTM_model_6.h5

Epoch 11: val_accuracy did not improve from 1.00000

Epoch 12: val_accuracy did not improve from 1.00000

Epoch 13: val_accuracy did not improve from 1.00000

Epoch 14: val_accuracy did not improve from 1.00000

Epoch 15: val_accuracy did not improve from 1.00000
Epoch 15: early stopping
>#7: 100.000

Epoch 1: val_accuracy improved from -inf to 0.99625, saving model to models\surrogate_RP_simples_10000_CNN_LSTM_model_7.h5

Epoch 2: val_accuracy did not improve from 0.99625

Epoch 3: val_accuracy improved from 0.99625 to 0.99650, saving model to models\surrogate_RP_simples_10000_CNN_LSTM_model_7.h5

Epoch 4: val_accuracy improved from 0.99650 to 0.99750, saving model to models\surrogate_RP_simples_10000_CNN_LSTM_model_7.h5

Epoch 5: val_accuracy did not improve from 0.99750

Epoch 6: val_accuracy did not improve from 0.99750

Epoch 7: val_accuracy did not improve from 0.99750

Epoch 8: val_accuracy did not improve from 0.99750

Epoch 9: val_accuracy improved from 0.99750 to 0.99950, saving model to models\surrogate_RP_simples_10000_CNN_LSTM_model_7.h5

Epoch 10: val_accuracy did not improve from 0.99950

Epoch 11: val_accuracy did not improve from 0.99950

Epoch 12: val_accuracy did not improve from 0.99950

Epoch 13: val_accuracy did not improve from 0.99950

Epoch 14: val_accuracy did not improve from 0.99950
Epoch 14: early stopping
>#8: 99.950

Epoch 1: val_accuracy improved from -inf to 0.66025, saving model to models\surrogate_RP_simples_10000_CNN_LSTM_model_8.h5

Epoch 2: val_accuracy improved from 0.66025 to 0.98700, saving model to models\surrogate_RP_simples_10000_CNN_LSTM_model_8.h5

Epoch 3: val_accuracy did not improve from 0.98700

Epoch 4: val_accuracy did not improve from 0.98700

Epoch 5: val_accuracy did not improve from 0.98700

Epoch 6: val_accuracy did not improve from 0.98700

Epoch 7: val_accuracy did not improve from 0.98700
Epoch 7: early stopping
>#9: 98.700

Epoch 1: val_accuracy improved from -inf to 0.98050, saving model to models\surrogate_RP_simples_10000_CNN_LSTM_model_9.h5

Epoch 2: val_accuracy improved from 0.98050 to 0.98875, saving model to models\surrogate_RP_simples_10000_CNN_LSTM_model_9.h5

Epoch 3: val_accuracy did not improve from 0.98875

Epoch 4: val_accuracy did not improve from 0.98875

Epoch 5: val_accuracy improved from 0.98875 to 0.99150, saving model to models\surrogate_RP_simples_10000_CNN_LSTM_model_9.h5

Epoch 6: val_accuracy improved from 0.99150 to 0.99850, saving model to models\surrogate_RP_simples_10000_CNN_LSTM_model_9.h5

Epoch 7: val_accuracy did not improve from 0.99850

Epoch 8: val_accuracy improved from 0.99850 to 0.99925, saving model to models\surrogate_RP_simples_10000_CNN_LSTM_model_9.h5

Epoch 9: val_accuracy improved from 0.99925 to 1.00000, saving model to models\surrogate_RP_simples_10000_CNN_LSTM_model_9.h5

Epoch 10: val_accuracy did not improve from 1.00000

Epoch 11: val_accuracy did not improve from 1.00000

Epoch 12: val_accuracy did not improve from 1.00000

Epoch 13: val_accuracy did not improve from 1.00000

Epoch 14: val_accuracy did not improve from 1.00000
Epoch 14: early stopping
>#10: 100.000
------------------ summarize results -------------------------
DL_model: CNN_LSTM_model
scores: [98.29999804496765, 99.94999766349792, 100.0, 99.84999895095825, 99.59999918937683, 100.0, 100.0, 99.94999766349792, 98.69999885559082, 100.0]
Accuracy mean (std): 99.635% (0.586)

Running time 227.2 seconds
------------------------------ 01 Completed ------------------------------

------------------------------ 02 Start Evaluation ------------------------------
surr_type: RP
simples: 10000
ID_train: S3
DL_model: CNN_LSTM_model
repeats: 10

02_evaluation_performance directory already exists!
# 0 >> accuracy: 0.9822499752044678
# 1 >> accuracy: 0.9994999766349792
# 2 >> accuracy: 0.999750018119812
# 3 >> accuracy: 0.9977499842643738
# 4 >> accuracy: 0.9965000152587891
# 5 >> accuracy: 1.0
# 6 >> accuracy: 0.999750018119812
# 7 >> accuracy: 0.9987499713897705
# 8 >> accuracy: 0.9887499809265137
# 9 >> accuracy: 0.999750018119812
The results have been saved to a txt file: 02_evaluation_performance/evaluation_performance_surrogate_RP_simples_10000_CNN_LSTM_model_train_S3.txt

Running time 22.5 seconds
------------------------------ 02 Completed Evaluation ------------------------------

------------------------------ 03 Start sliding windows ------------------------------
surr_type: RP
simples: 10000
ID_train: S3
ID_test: S1
Variable_label: Mo
tsid: 1
features: 450
sw_width: 441

03_sliding_window_data directory already exists!
S1.shape: (883, 2)
success-> sliding_window_features_shape (real=(883-441+1, 450)):  (443, 450)
------------------------------ 03 Completed sliding windows ------------------------------

------------------------------ 04 Start predicate ------------------------------
surr_type: RP
simples: 10000
ID_train: S3
ID_test: S1
DL_model: CNN_LSTM_model
repeats: 10

04_prediction_data directory already exists!
X_test.shape (443, 450)
X_test_array.shape:  (443, 450, 1)
--------------- prediction ... ---------------
textX=(samples, steps, length, channels): (443, 10, 45, 1)
textX=(samples, steps, length, channels): (443, 10, 45, 1)
textX=(samples, steps, length, channels): (443, 10, 45, 1)
textX=(samples, steps, length, channels): (443, 10, 45, 1)
textX=(samples, steps, length, channels): (443, 10, 45, 1)
textX=(samples, steps, length, channels): (443, 10, 45, 1)
textX=(samples, steps, length, channels): (443, 10, 45, 1)
textX=(samples, steps, length, channels): (443, 10, 45, 1)
textX=(samples, steps, length, channels): (443, 10, 45, 1)
textX=(samples, steps, length, channels): (443, 10, 45, 1)
y_pred_list.shape (443, 10)
------------------------------ 04 Completed predicate ------------------------------

------------------------------ 05 Start plots ------------------------------
surr_type: RP
simples: 10000
ID_train: S3
ID_test: S1
Variable_label: Mo
DL_model: CNN_LSTM_model
sw_width: 441
tsid: 1

05_ews_data_and_figures directory already exists!
05_ews_data_and_figures/data directory already exists!
05_ews_data_and_figures/data/RP directory already exists!
05_ews_data_and_figures/figures directory already exists!
05_ews_data_and_figures/figures/RP directory already exists!

Record_Core: MS21
start_age, Transition, end_age: -20.48787 -10.5 -8.00274
sliding_window_S1: 441
------------------------------ 05 Completed plots ------------------------------

------------------------------ 07 Start ROC for dl ------------------------------
surr_type: RP
simples: 10000
ID_merge_tsid: [1]
DL_model: CNN_LSTM_model
repeats: 10
features: 450

07_roc_data_and_figures_sdml directory already exists!
07_roc_data_and_figures_sdml/data directory already exists!
07_roc_data_and_figures_sdml/data/RP directory already exists!
07_roc_data_and_figures_sdml/data/RP/ROC directory already exists!
07_roc_data_and_figures_sdml/figures directory already exists!
07_roc_data_and_figures_sdml/figures/RP directory already exists!

07_roc_data_and_figures_sdml/figures/RP/ROC directory already exists!

len_eval_pts = 40

----- 01 forced trajectories and compute EWS -----
Complete for forced tsid=1
----- 01 null trajectories and compute EWS -----
Complete for null tsid=1
----- 02 Compute ROC curves -----
Exported ROC data to 07_roc_data_and_figures_sdml/data/RP/ROC/df_roc_surrogate_RP_simples_10000_CNN_LSTM_model_[1].csv
Exported ROC figure to 07_roc_data_and_figures_sdml/figures/RP/ROC/figure_roc_surrogate_RP_simples_10000_CNN_LSTM_model_[1].png
Ran in 19.09s
------------------------------ 07 Completed ROC for dl ------------------------------

------------------------------ 07 Start ROC for dl ------------------------------
surr_type: RP
simples: 10000
ID_merge_tsid: [3]
DL_model: CNN_LSTM_model
repeats: 10
features: 450

07_roc_data_and_figures_sdml directory already exists!
07_roc_data_and_figures_sdml/data directory already exists!
07_roc_data_and_figures_sdml/data/RP directory already exists!
07_roc_data_and_figures_sdml/data/RP/ROC directory already exists!
07_roc_data_and_figures_sdml/figures directory already exists!
07_roc_data_and_figures_sdml/figures/RP directory already exists!

07_roc_data_and_figures_sdml/figures/RP/ROC directory already exists!

len_eval_pts = 40

----- 01 forced trajectories and compute EWS -----
Complete for forced tsid=3
----- 01 null trajectories and compute EWS -----
Complete for null tsid=3
----- 02 Compute ROC curves -----
Exported ROC data to 07_roc_data_and_figures_sdml/data/RP/ROC/df_roc_surrogate_RP_simples_10000_CNN_LSTM_model_[3].csv
Exported ROC figure to 07_roc_data_and_figures_sdml/figures/RP/ROC/figure_roc_surrogate_RP_simples_10000_CNN_LSTM_model_[3].png
Ran in 19.05s
------------------------------ 07 Completed ROC for dl ------------------------------

------------------------------ 07 Start ROC for dl ------------------------------
surr_type: RP
simples: 10000
ID_merge_tsid: [3,1]
DL_model: CNN_LSTM_model
repeats: 10
features: 450

07_roc_data_and_figures_sdml directory already exists!
07_roc_data_and_figures_sdml/data directory already exists!
07_roc_data_and_figures_sdml/data/RP directory already exists!
07_roc_data_and_figures_sdml/data/RP/ROC directory already exists!
07_roc_data_and_figures_sdml/figures directory already exists!
07_roc_data_and_figures_sdml/figures/RP directory already exists!

07_roc_data_and_figures_sdml/figures/RP/ROC directory already exists!

len_eval_pts = 40

----- 01 forced trajectories and compute EWS -----
Complete for forced tsid=3
Complete for forced tsid=1
----- 01 null trajectories and compute EWS -----
Complete for null tsid=3
Complete for null tsid=1
----- 02 Compute ROC curves -----
Exported ROC data to 07_roc_data_and_figures_sdml/data/RP/ROC/df_roc_surrogate_RP_simples_10000_CNN_LSTM_model_[3,1].csv
Exported ROC figure to 07_roc_data_and_figures_sdml/figures/RP/ROC/figure_roc_surrogate_RP_simples_10000_CNN_LSTM_model_[3,1].png
Ran in 26.05s
------------------------------ 07 Completed ROC for dl ------------------------------

------------------------------ 07 Start ROC for dl ------------------------------
surr_type: RP
simples: 10000
ID_merge_tsid: all
DL_model: CNN_LSTM_model
repeats: 10
features: 450

07_roc_data_and_figures_sdml directory already exists!
07_roc_data_and_figures_sdml/data directory already exists!
07_roc_data_and_figures_sdml/data/RP directory already exists!
07_roc_data_and_figures_sdml/data/RP/ROC directory already exists!
07_roc_data_and_figures_sdml/figures directory already exists!
07_roc_data_and_figures_sdml/figures/RP directory already exists!

07_roc_data_and_figures_sdml/figures/RP/ROC directory already exists!

len_eval_pts = 40

----- 01 forced trajectories and compute EWS -----
Complete for forced tsid=1
Complete for forced tsid=2
Complete for forced tsid=3
Complete for forced tsid=4
Complete for forced tsid=5
Complete for forced tsid=6
Complete for forced tsid=7
Complete for forced tsid=8
Complete for forced tsid=9
Complete for forced tsid=10
Complete for forced tsid=11
Complete for forced tsid=12
Complete for forced tsid=13
----- 01 null trajectories and compute EWS -----
Complete for null tsid=1
Complete for null tsid=2
Complete for null tsid=3
Complete for null tsid=4
Complete for null tsid=5
Complete for null tsid=6
Complete for null tsid=7
Complete for null tsid=8
Complete for null tsid=9
Complete for null tsid=10
Complete for null tsid=11
Complete for null tsid=12
Complete for null tsid=13
----- 02 Compute ROC curves -----
Exported ROC data to 07_roc_data_and_figures_sdml/data/RP/ROC/df_roc_surrogate_RP_simples_10000_CNN_LSTM_model_all.csv
Exported ROC figure to 07_roc_data_and_figures_sdml/figures/RP/ROC/figure_roc_surrogate_RP_simples_10000_CNN_LSTM_model_all.png
Ran in 110.17s
------------------------------ 07 Completed ROC for dl ------------------------------

-------------------------------------------------------------------------------------
Using GPU for TensorFlow.
------------------------------ 01 Start run ------------------------------
Data_folder: MS21
surr_type: RP
simples: 10000
ID_train: S3
DL_model: ConvLSTM_model
repeats: 10

01_evaluation_data directory already exists!
models directory already exists!

full_path= ../../01_data_preprocessing/02_extracte_and_generate_surrogate_dataset/MS21/data/merge_surrogate_RP_simples_10000_train_S3.csv

Epoch 1: val_accuracy improved from -inf to 1.00000, saving model to models\surrogate_RP_simples_10000_ConvLSTM_model_0.h5

Epoch 2: val_accuracy did not improve from 1.00000

Epoch 3: val_accuracy did not improve from 1.00000

Epoch 4: val_accuracy did not improve from 1.00000

Epoch 5: val_accuracy did not improve from 1.00000

Epoch 6: val_accuracy did not improve from 1.00000
Epoch 6: early stopping
>#1: 100.000

Epoch 1: val_accuracy improved from -inf to 1.00000, saving model to models\surrogate_RP_simples_10000_ConvLSTM_model_1.h5

Epoch 2: val_accuracy did not improve from 1.00000

Epoch 3: val_accuracy did not improve from 1.00000

Epoch 4: val_accuracy did not improve from 1.00000

Epoch 5: val_accuracy did not improve from 1.00000

Epoch 6: val_accuracy did not improve from 1.00000
Epoch 6: early stopping
>#2: 100.000

Epoch 1: val_accuracy improved from -inf to 1.00000, saving model to models\surrogate_RP_simples_10000_ConvLSTM_model_2.h5

Epoch 2: val_accuracy did not improve from 1.00000

Epoch 3: val_accuracy did not improve from 1.00000

Epoch 4: val_accuracy did not improve from 1.00000

Epoch 5: val_accuracy did not improve from 1.00000

Epoch 6: val_accuracy did not improve from 1.00000
Epoch 6: early stopping
>#3: 100.000

Epoch 1: val_accuracy improved from -inf to 1.00000, saving model to models\surrogate_RP_simples_10000_ConvLSTM_model_3.h5

Epoch 2: val_accuracy did not improve from 1.00000

Epoch 3: val_accuracy did not improve from 1.00000

Epoch 4: val_accuracy did not improve from 1.00000

Epoch 5: val_accuracy did not improve from 1.00000

Epoch 6: val_accuracy did not improve from 1.00000
Epoch 6: early stopping
>#4: 100.000

Epoch 1: val_accuracy improved from -inf to 1.00000, saving model to models\surrogate_RP_simples_10000_ConvLSTM_model_4.h5

Epoch 2: val_accuracy did not improve from 1.00000

Epoch 3: val_accuracy did not improve from 1.00000

Epoch 4: val_accuracy did not improve from 1.00000

Epoch 5: val_accuracy did not improve from 1.00000

Epoch 6: val_accuracy did not improve from 1.00000
Epoch 6: early stopping
>#5: 100.000

Epoch 1: val_accuracy improved from -inf to 1.00000, saving model to models\surrogate_RP_simples_10000_ConvLSTM_model_5.h5

Epoch 2: val_accuracy did not improve from 1.00000

Epoch 3: val_accuracy did not improve from 1.00000

Epoch 4: val_accuracy did not improve from 1.00000

Epoch 5: val_accuracy did not improve from 1.00000

Epoch 6: val_accuracy did not improve from 1.00000
Epoch 6: early stopping
>#6: 100.000

Epoch 1: val_accuracy improved from -inf to 1.00000, saving model to models\surrogate_RP_simples_10000_ConvLSTM_model_6.h5

Epoch 2: val_accuracy did not improve from 1.00000

Epoch 3: val_accuracy did not improve from 1.00000

Epoch 4: val_accuracy did not improve from 1.00000

Epoch 5: val_accuracy did not improve from 1.00000

Epoch 6: val_accuracy did not improve from 1.00000
Epoch 6: early stopping
>#7: 100.000

Epoch 1: val_accuracy improved from -inf to 1.00000, saving model to models\surrogate_RP_simples_10000_ConvLSTM_model_7.h5

Epoch 2: val_accuracy did not improve from 1.00000

Epoch 3: val_accuracy did not improve from 1.00000

Epoch 4: val_accuracy did not improve from 1.00000

Epoch 5: val_accuracy did not improve from 1.00000

Epoch 6: val_accuracy did not improve from 1.00000
Epoch 6: early stopping
>#8: 100.000

Epoch 1: val_accuracy improved from -inf to 1.00000, saving model to models\surrogate_RP_simples_10000_ConvLSTM_model_8.h5

Epoch 2: val_accuracy did not improve from 1.00000

Epoch 3: val_accuracy did not improve from 1.00000

Epoch 4: val_accuracy did not improve from 1.00000

Epoch 5: val_accuracy did not improve from 1.00000

Epoch 6: val_accuracy did not improve from 1.00000
Epoch 6: early stopping
>#9: 100.000

Epoch 1: val_accuracy improved from -inf to 1.00000, saving model to models\surrogate_RP_simples_10000_ConvLSTM_model_9.h5

Epoch 2: val_accuracy did not improve from 1.00000

Epoch 3: val_accuracy did not improve from 1.00000

Epoch 4: val_accuracy did not improve from 1.00000

Epoch 5: val_accuracy did not improve from 1.00000

Epoch 6: val_accuracy did not improve from 1.00000
Epoch 6: early stopping
>#10: 100.000
------------------ summarize results -------------------------
DL_model: ConvLSTM_model
scores: [100.0, 100.0, 100.0, 100.0, 100.0, 100.0, 100.0, 100.0, 100.0, 100.0]
Accuracy mean (std): 100.000% (0.000)

Running time 1510.8 seconds
------------------------------ 01 Completed ------------------------------

------------------------------ 02 Start Evaluation ------------------------------
surr_type: RP
simples: 10000
ID_train: S3
DL_model: ConvLSTM_model
repeats: 10

02_evaluation_performance directory already exists!
# 0 >> accuracy: 1.0
# 1 >> accuracy: 1.0
# 2 >> accuracy: 1.0
# 3 >> accuracy: 1.0
# 4 >> accuracy: 1.0
# 5 >> accuracy: 1.0
# 6 >> accuracy: 1.0
# 7 >> accuracy: 1.0
# 8 >> accuracy: 1.0
# 9 >> accuracy: 1.0
The results have been saved to a txt file: 02_evaluation_performance/evaluation_performance_surrogate_RP_simples_10000_ConvLSTM_model_train_S3.txt

Running time 33.0 seconds
------------------------------ 02 Completed Evaluation ------------------------------

------------------------------ 03 Start sliding windows ------------------------------
surr_type: RP
simples: 10000
ID_train: S3
ID_test: S1
Variable_label: Mo
tsid: 1
features: 450
sw_width: 441

03_sliding_window_data directory already exists!
S1.shape: (883, 2)
success-> sliding_window_features_shape (real=(883-441+1, 450)):  (443, 450)
------------------------------ 03 Completed sliding windows ------------------------------

------------------------------ 04 Start predicate ------------------------------
surr_type: RP
simples: 10000
ID_train: S3
ID_test: S1
DL_model: ConvLSTM_model
repeats: 10

04_prediction_data directory already exists!
X_test.shape (443, 450)
X_test_array.shape:  (443, 450, 1)
--------------- prediction ... ---------------
textX=(samples, time steps, rows, cols, channels): (443, 10, 1, 45, 1)
textX=(samples, time steps, rows, cols, channels): (443, 10, 1, 45, 1)
textX=(samples, time steps, rows, cols, channels): (443, 10, 1, 45, 1)
textX=(samples, time steps, rows, cols, channels): (443, 10, 1, 45, 1)
textX=(samples, time steps, rows, cols, channels): (443, 10, 1, 45, 1)
textX=(samples, time steps, rows, cols, channels): (443, 10, 1, 45, 1)
textX=(samples, time steps, rows, cols, channels): (443, 10, 1, 45, 1)
textX=(samples, time steps, rows, cols, channels): (443, 10, 1, 45, 1)
textX=(samples, time steps, rows, cols, channels): (443, 10, 1, 45, 1)
textX=(samples, time steps, rows, cols, channels): (443, 10, 1, 45, 1)
y_pred_list.shape (443, 10)
------------------------------ 04 Completed predicate ------------------------------

------------------------------ 05 Start plots ------------------------------
surr_type: RP
simples: 10000
ID_train: S3
ID_test: S1
Variable_label: Mo
DL_model: ConvLSTM_model
sw_width: 441
tsid: 1

05_ews_data_and_figures directory already exists!
05_ews_data_and_figures/data directory already exists!
05_ews_data_and_figures/data/RP directory already exists!
05_ews_data_and_figures/figures directory already exists!
05_ews_data_and_figures/figures/RP directory already exists!

Record_Core: MS21
start_age, Transition, end_age: -20.48787 -10.5 -8.00274
sliding_window_S1: 441
------------------------------ 05 Completed plots ------------------------------

------------------------------ 07 Start ROC for dl ------------------------------
surr_type: RP
simples: 10000
ID_merge_tsid: [1]
DL_model: ConvLSTM_model
repeats: 10
features: 450

07_roc_data_and_figures_sdml directory already exists!
07_roc_data_and_figures_sdml/data directory already exists!
07_roc_data_and_figures_sdml/data/RP directory already exists!
07_roc_data_and_figures_sdml/data/RP/ROC directory already exists!
07_roc_data_and_figures_sdml/figures directory already exists!
07_roc_data_and_figures_sdml/figures/RP directory already exists!

07_roc_data_and_figures_sdml/figures/RP/ROC directory already exists!

len_eval_pts = 40

----- 01 forced trajectories and compute EWS -----
Complete for forced tsid=1
----- 01 null trajectories and compute EWS -----
Complete for null tsid=1
----- 02 Compute ROC curves -----
Exported ROC data to 07_roc_data_and_figures_sdml/data/RP/ROC/df_roc_surrogate_RP_simples_10000_ConvLSTM_model_[1].csv
Exported ROC figure to 07_roc_data_and_figures_sdml/figures/RP/ROC/figure_roc_surrogate_RP_simples_10000_ConvLSTM_model_[1].png
Ran in 13.20s
------------------------------ 07 Completed ROC for dl ------------------------------

------------------------------ 07 Start ROC for dl ------------------------------
surr_type: RP
simples: 10000
ID_merge_tsid: [3]
DL_model: ConvLSTM_model
repeats: 10
features: 450

07_roc_data_and_figures_sdml directory already exists!
07_roc_data_and_figures_sdml/data directory already exists!
07_roc_data_and_figures_sdml/data/RP directory already exists!
07_roc_data_and_figures_sdml/data/RP/ROC directory already exists!
07_roc_data_and_figures_sdml/figures directory already exists!
07_roc_data_and_figures_sdml/figures/RP directory already exists!

07_roc_data_and_figures_sdml/figures/RP/ROC directory already exists!

len_eval_pts = 40

----- 01 forced trajectories and compute EWS -----
Complete for forced tsid=3
----- 01 null trajectories and compute EWS -----
Complete for null tsid=3
----- 02 Compute ROC curves -----
Exported ROC data to 07_roc_data_and_figures_sdml/data/RP/ROC/df_roc_surrogate_RP_simples_10000_ConvLSTM_model_[3].csv
Exported ROC figure to 07_roc_data_and_figures_sdml/figures/RP/ROC/figure_roc_surrogate_RP_simples_10000_ConvLSTM_model_[3].png
Ran in 13.04s
------------------------------ 07 Completed ROC for dl ------------------------------

------------------------------ 07 Start ROC for dl ------------------------------
surr_type: RP
simples: 10000
ID_merge_tsid: [3,1]
DL_model: ConvLSTM_model
repeats: 10
features: 450

07_roc_data_and_figures_sdml directory already exists!
07_roc_data_and_figures_sdml/data directory already exists!
07_roc_data_and_figures_sdml/data/RP directory already exists!
07_roc_data_and_figures_sdml/data/RP/ROC directory already exists!
07_roc_data_and_figures_sdml/figures directory already exists!
07_roc_data_and_figures_sdml/figures/RP directory already exists!

07_roc_data_and_figures_sdml/figures/RP/ROC directory already exists!

len_eval_pts = 40

----- 01 forced trajectories and compute EWS -----
Complete for forced tsid=3
Complete for forced tsid=1
----- 01 null trajectories and compute EWS -----
Complete for null tsid=3
Complete for null tsid=1
----- 02 Compute ROC curves -----
Exported ROC data to 07_roc_data_and_figures_sdml/data/RP/ROC/df_roc_surrogate_RP_simples_10000_ConvLSTM_model_[3,1].csv
Exported ROC figure to 07_roc_data_and_figures_sdml/figures/RP/ROC/figure_roc_surrogate_RP_simples_10000_ConvLSTM_model_[3,1].png
Ran in 17.60s
------------------------------ 07 Completed ROC for dl ------------------------------

------------------------------ 07 Start ROC for dl ------------------------------
surr_type: RP
simples: 10000
ID_merge_tsid: all
DL_model: ConvLSTM_model
repeats: 10
features: 450

07_roc_data_and_figures_sdml directory already exists!
07_roc_data_and_figures_sdml/data directory already exists!
07_roc_data_and_figures_sdml/data/RP directory already exists!
07_roc_data_and_figures_sdml/data/RP/ROC directory already exists!
07_roc_data_and_figures_sdml/figures directory already exists!
07_roc_data_and_figures_sdml/figures/RP directory already exists!

07_roc_data_and_figures_sdml/figures/RP/ROC directory already exists!

len_eval_pts = 40

----- 01 forced trajectories and compute EWS -----
Complete for forced tsid=1
Complete for forced tsid=2
Complete for forced tsid=3
Complete for forced tsid=4
Complete for forced tsid=5
Complete for forced tsid=6
Complete for forced tsid=7
Complete for forced tsid=8
Complete for forced tsid=9
Complete for forced tsid=10
Complete for forced tsid=11
Complete for forced tsid=12
Complete for forced tsid=13
----- 01 null trajectories and compute EWS -----
Complete for null tsid=1
Complete for null tsid=2
Complete for null tsid=3
Complete for null tsid=4
Complete for null tsid=5
Complete for null tsid=6
Complete for null tsid=7
Complete for null tsid=8
Complete for null tsid=9
Complete for null tsid=10
Complete for null tsid=11
Complete for null tsid=12
Complete for null tsid=13
----- 02 Compute ROC curves -----
Exported ROC data to 07_roc_data_and_figures_sdml/data/RP/ROC/df_roc_surrogate_RP_simples_10000_ConvLSTM_model_all.csv
Exported ROC figure to 07_roc_data_and_figures_sdml/figures/RP/ROC/figure_roc_surrogate_RP_simples_10000_ConvLSTM_model_all.png
Ran in 74.70s
------------------------------ 07 Completed ROC for dl ------------------------------

---------------------------- complete end ----------------------------
