---------------------------- Run start python scripts -----------------------------
-------------------------------------------------------------------------------------
Using GPU for TensorFlow.
------------------------------ 01 Start run ------------------------------
Data_folder: MS21
surr_type: IAAFT1
simples: 1000
ID_train: S3
DL_model: CNN_model
repeats: 10

01_evaluation_data directory already exists!
models directory already exists!

full_path= ../../01_data_preprocessing/02_extracte_and_generate_surrogate_dataset/MS21/data/merge_surrogate_IAAFT1_simples_1000_train_S3.csv

Epoch 1: val_accuracy improved from -inf to 0.49500, saving model to models\surrogate_IAAFT1_simples_1000_CNN_model_0.h5

Epoch 2: val_accuracy improved from 0.49500 to 0.55000, saving model to models\surrogate_IAAFT1_simples_1000_CNN_model_0.h5

Epoch 3: val_accuracy improved from 0.55000 to 1.00000, saving model to models\surrogate_IAAFT1_simples_1000_CNN_model_0.h5

Epoch 4: val_accuracy did not improve from 1.00000

Epoch 5: val_accuracy did not improve from 1.00000

Epoch 6: val_accuracy did not improve from 1.00000

Epoch 7: val_accuracy did not improve from 1.00000

Epoch 8: val_accuracy did not improve from 1.00000
Epoch 8: early stopping
>#1: 100.000

Epoch 1: val_accuracy improved from -inf to 0.49500, saving model to models\surrogate_IAAFT1_simples_1000_CNN_model_1.h5

Epoch 2: val_accuracy did not improve from 0.49500

Epoch 3: val_accuracy improved from 0.49500 to 1.00000, saving model to models\surrogate_IAAFT1_simples_1000_CNN_model_1.h5

Epoch 4: val_accuracy did not improve from 1.00000

Epoch 5: val_accuracy did not improve from 1.00000

Epoch 6: val_accuracy did not improve from 1.00000

Epoch 7: val_accuracy did not improve from 1.00000

Epoch 8: val_accuracy did not improve from 1.00000
Epoch 8: early stopping
>#2: 100.000

Epoch 1: val_accuracy improved from -inf to 0.49500, saving model to models\surrogate_IAAFT1_simples_1000_CNN_model_2.h5

Epoch 2: val_accuracy did not improve from 0.49500

Epoch 3: val_accuracy improved from 0.49500 to 0.99500, saving model to models\surrogate_IAAFT1_simples_1000_CNN_model_2.h5

Epoch 4: val_accuracy improved from 0.99500 to 1.00000, saving model to models\surrogate_IAAFT1_simples_1000_CNN_model_2.h5

Epoch 5: val_accuracy did not improve from 1.00000

Epoch 6: val_accuracy did not improve from 1.00000

Epoch 7: val_accuracy did not improve from 1.00000

Epoch 8: val_accuracy did not improve from 1.00000

Epoch 9: val_accuracy did not improve from 1.00000
Epoch 9: early stopping
>#3: 100.000

Epoch 1: val_accuracy improved from -inf to 0.50500, saving model to models\surrogate_IAAFT1_simples_1000_CNN_model_3.h5

Epoch 2: val_accuracy did not improve from 0.50500

Epoch 3: val_accuracy did not improve from 0.50500

Epoch 4: val_accuracy did not improve from 0.50500

Epoch 5: val_accuracy improved from 0.50500 to 1.00000, saving model to models\surrogate_IAAFT1_simples_1000_CNN_model_3.h5

Epoch 6: val_accuracy did not improve from 1.00000

Epoch 7: val_accuracy did not improve from 1.00000

Epoch 8: val_accuracy did not improve from 1.00000

Epoch 9: val_accuracy did not improve from 1.00000

Epoch 10: val_accuracy did not improve from 1.00000
Epoch 10: early stopping
>#4: 100.000

Epoch 1: val_accuracy improved from -inf to 0.50500, saving model to models\surrogate_IAAFT1_simples_1000_CNN_model_4.h5

Epoch 2: val_accuracy did not improve from 0.50500

Epoch 3: val_accuracy did not improve from 0.50500

Epoch 4: val_accuracy did not improve from 0.50500

Epoch 5: val_accuracy did not improve from 0.50500

Epoch 6: val_accuracy did not improve from 0.50500
Epoch 6: early stopping
>#5: 50.500

Epoch 1: val_accuracy improved from -inf to 0.49500, saving model to models\surrogate_IAAFT1_simples_1000_CNN_model_5.h5

Epoch 2: val_accuracy did not improve from 0.49500

Epoch 3: val_accuracy improved from 0.49500 to 1.00000, saving model to models\surrogate_IAAFT1_simples_1000_CNN_model_5.h5

Epoch 4: val_accuracy did not improve from 1.00000

Epoch 5: val_accuracy did not improve from 1.00000

Epoch 6: val_accuracy did not improve from 1.00000

Epoch 7: val_accuracy did not improve from 1.00000

Epoch 8: val_accuracy did not improve from 1.00000
Epoch 8: early stopping
>#6: 100.000

Epoch 1: val_accuracy improved from -inf to 0.49500, saving model to models\surrogate_IAAFT1_simples_1000_CNN_model_6.h5

Epoch 2: val_accuracy did not improve from 0.49500

Epoch 3: val_accuracy improved from 0.49500 to 1.00000, saving model to models\surrogate_IAAFT1_simples_1000_CNN_model_6.h5

Epoch 4: val_accuracy did not improve from 1.00000

Epoch 5: val_accuracy did not improve from 1.00000

Epoch 6: val_accuracy did not improve from 1.00000

Epoch 7: val_accuracy did not improve from 1.00000

Epoch 8: val_accuracy did not improve from 1.00000
Epoch 8: early stopping
>#7: 100.000

Epoch 1: val_accuracy improved from -inf to 0.49500, saving model to models\surrogate_IAAFT1_simples_1000_CNN_model_7.h5

Epoch 2: val_accuracy did not improve from 0.49500

Epoch 3: val_accuracy did not improve from 0.49500

Epoch 4: val_accuracy did not improve from 0.49500

Epoch 5: val_accuracy did not improve from 0.49500

Epoch 6: val_accuracy did not improve from 0.49500
Epoch 6: early stopping
>#8: 49.500

Epoch 1: val_accuracy improved from -inf to 0.49500, saving model to models\surrogate_IAAFT1_simples_1000_CNN_model_8.h5

Epoch 2: val_accuracy did not improve from 0.49500

Epoch 3: val_accuracy improved from 0.49500 to 1.00000, saving model to models\surrogate_IAAFT1_simples_1000_CNN_model_8.h5

Epoch 4: val_accuracy did not improve from 1.00000

Epoch 5: val_accuracy did not improve from 1.00000

Epoch 6: val_accuracy did not improve from 1.00000

Epoch 7: val_accuracy did not improve from 1.00000

Epoch 8: val_accuracy did not improve from 1.00000
Epoch 8: early stopping
>#9: 100.000

Epoch 1: val_accuracy improved from -inf to 0.50500, saving model to models\surrogate_IAAFT1_simples_1000_CNN_model_9.h5

Epoch 2: val_accuracy did not improve from 0.50500

Epoch 3: val_accuracy improved from 0.50500 to 0.61500, saving model to models\surrogate_IAAFT1_simples_1000_CNN_model_9.h5

Epoch 4: val_accuracy improved from 0.61500 to 1.00000, saving model to models\surrogate_IAAFT1_simples_1000_CNN_model_9.h5

Epoch 5: val_accuracy did not improve from 1.00000

Epoch 6: val_accuracy did not improve from 1.00000

Epoch 7: val_accuracy did not improve from 1.00000

Epoch 8: val_accuracy did not improve from 1.00000

Epoch 9: val_accuracy did not improve from 1.00000
Epoch 9: early stopping
>#10: 100.000
------------------ summarize results -------------------------
DL_model: CNN_model
scores: [100.0, 100.0, 100.0, 100.0, 50.49999952316284, 100.0, 100.0, 49.50000047683716, 100.0, 100.0]
Accuracy mean (std): 90.000% (20.001)

Running time 26.8 seconds
------------------------------ 01 Completed ------------------------------

------------------------------ 02 Start Evaluation ------------------------------
surr_type: IAAFT1
simples: 1000
ID_train: S3
DL_model: CNN_model
repeats: 10

02_evaluation_performance directory already exists!
# 0 >> accuracy: 1.0
# 1 >> accuracy: 1.0
# 2 >> accuracy: 1.0
# 3 >> accuracy: 1.0
# 4 >> accuracy: 0.5224999785423279
# 5 >> accuracy: 1.0
# 6 >> accuracy: 1.0
# 7 >> accuracy: 0.47749999165534973
# 8 >> accuracy: 1.0
# 9 >> accuracy: 1.0
The results have been saved to a txt file: 02_evaluation_performance/evaluation_performance_surrogate_IAAFT1_simples_1000_CNN_model_train_S3.txt

Running time 15.1 seconds
------------------------------ 02 Completed Evaluation ------------------------------

------------------------------ 03 Start sliding windows ------------------------------
surr_type: IAAFT1
simples: 1000
ID_train: S3
ID_test: S1
Variable_label: Mo
tsid: 1
features: 450
sw_width: 441

03_sliding_window_data directory already exists!
S1.shape: (883, 2)
success-> sliding_window_features_shape (real=(883-441+1, 450)):  (443, 450)
------------------------------ 03 Completed sliding windows ------------------------------

------------------------------ 04 Start predicate ------------------------------
surr_type: IAAFT1
simples: 1000
ID_train: S3
ID_test: S1
DL_model: CNN_model
repeats: 10

04_prediction_data directory already exists!
X_test.shape (443, 450)
X_test_array.shape:  (443, 450, 1)
--------------- prediction ... ---------------
y_pred_list.shape (443, 10)
------------------------------ 04 Completed predicate ------------------------------

------------------------------ 05 Start plots ------------------------------
surr_type: IAAFT1
simples: 1000
ID_train: S3
ID_test: S1
Variable_label: Mo
DL_model: CNN_model
sw_width: 441
tsid: 1

05_ews_data_and_figures directory already exists!
05_ews_data_and_figures/data directory already exists!
05_ews_data_and_figures/figures directory already exists!
Record_Core: MS21
start_age, Transition, end_age: -20.48787 -10.5 -8.00274
sliding_window_S1: 441
------------------------------ 05 Completed plots ------------------------------

------------------------------ 06 Start ROC for variance and lag-1 autocorrelation ------------------------------
surr_type: IAAFT1
simples: 1000
ID_merge_tsid: [1]
DL_model: CNN_model
repeats: 10
features: 450

06_roc_data_and_figures_var_corr directory already exists!
06_roc_data_and_figures_var_corr/data directory already exists!
06_roc_data_and_figures_var_corr/data/ROC directory already exists!
06_roc_data_and_figures_var_corr/figures directory already exists!
06_roc_data_and_figures_var_corr/figures/ROC directory already exists!
len_eval_pts= 40

----- 01 forced trajectories and compute EWS -----
Complete for forced tsid=1
----- 01 null trajectories and compute EWS -----
Complete for null tsid=1
----- 02 Compute ROC curves -----
Exported ROC data to 06_roc_data_and_figures_var_corr/data/ROC/df_roc_var_corr_[1].csv
Exported ROC figure to 06_roc_data_and_figures_var_corr/figures/ROC/figure_roc_var_corr_[1].png
Ran in 2.74s
------------------------------ 06 Completed ROC for variance and lag-1 autocorrelation ------------------------------

------------------------------ 07 Start ROC for dl ------------------------------
surr_type: IAAFT1
simples: 1000
ID_merge_tsid: [1]
DL_model: CNN_model
repeats: 10
features: 450

07_roc_data_and_figures_sdml directory already exists!
07_roc_data_and_figures_sdml/data directory already exists!
07_roc_data_and_figures_sdml/figures directory already exists!
len_eval_pts = 40

----- 01 forced trajectories and compute EWS -----
Complete for forced tsid=1
----- 01 null trajectories and compute EWS -----
Complete for null tsid=1
----- 02 Compute ROC curves -----
Exported ROC data to 07_roc_data_and_figures_sdml/data/IAAFT1/ROC/df_roc_surrogate_IAAFT1_simples_1000_CNN_model_[1].csv
Exported ROC figure to 07_roc_data_and_figures_sdml/figures/IAAFT1/ROC/figure_roc_surrogate_IAAFT1_simples_1000_CNN_model_[1].png
Ran in 18.12s
------------------------------ 07 Completed ROC for dl ------------------------------

------------------------------ 06 Start ROC for variance and lag-1 autocorrelation ------------------------------
surr_type: IAAFT1
simples: 1000
ID_merge_tsid: [3]
DL_model: CNN_model
repeats: 10
features: 450

06_roc_data_and_figures_var_corr directory already exists!
06_roc_data_and_figures_var_corr/data directory already exists!
06_roc_data_and_figures_var_corr/data/ROC directory already exists!
06_roc_data_and_figures_var_corr/figures directory already exists!
06_roc_data_and_figures_var_corr/figures/ROC directory already exists!
len_eval_pts= 40

----- 01 forced trajectories and compute EWS -----
Complete for forced tsid=3
----- 01 null trajectories and compute EWS -----
Complete for null tsid=3
----- 02 Compute ROC curves -----
Exported ROC data to 06_roc_data_and_figures_var_corr/data/ROC/df_roc_var_corr_[3].csv
Exported ROC figure to 06_roc_data_and_figures_var_corr/figures/ROC/figure_roc_var_corr_[3].png
Ran in 2.68s
------------------------------ 06 Completed ROC for variance and lag-1 autocorrelation ------------------------------

------------------------------ 07 Start ROC for dl ------------------------------
surr_type: IAAFT1
simples: 1000
ID_merge_tsid: [3]
DL_model: CNN_model
repeats: 10
features: 450

07_roc_data_and_figures_sdml directory already exists!
07_roc_data_and_figures_sdml/data directory already exists!
07_roc_data_and_figures_sdml/data/IAAFT1 directory already exists!
07_roc_data_and_figures_sdml/data/IAAFT1/ROC directory already exists!
07_roc_data_and_figures_sdml/figures directory already exists!
07_roc_data_and_figures_sdml/figures/IAAFT1 directory already exists!

07_roc_data_and_figures_sdml/figures/IAAFT1/ROC directory already exists!

len_eval_pts = 40

----- 01 forced trajectories and compute EWS -----
Complete for forced tsid=3
----- 01 null trajectories and compute EWS -----
Complete for null tsid=3
----- 02 Compute ROC curves -----
Exported ROC data to 07_roc_data_and_figures_sdml/data/IAAFT1/ROC/df_roc_surrogate_IAAFT1_simples_1000_CNN_model_[3].csv
Exported ROC figure to 07_roc_data_and_figures_sdml/figures/IAAFT1/ROC/figure_roc_surrogate_IAAFT1_simples_1000_CNN_model_[3].png
Ran in 17.90s
------------------------------ 07 Completed ROC for dl ------------------------------

------------------------------ 06 Start ROC for variance and lag-1 autocorrelation ------------------------------
surr_type: IAAFT1
simples: 1000
ID_merge_tsid: [3,1]
DL_model: CNN_model
repeats: 10
features: 450

06_roc_data_and_figures_var_corr directory already exists!
06_roc_data_and_figures_var_corr/data directory already exists!
06_roc_data_and_figures_var_corr/data/ROC directory already exists!
06_roc_data_and_figures_var_corr/figures directory already exists!
06_roc_data_and_figures_var_corr/figures/ROC directory already exists!
len_eval_pts= 40

----- 01 forced trajectories and compute EWS -----
Complete for forced tsid=3
Complete for forced tsid=1
----- 01 null trajectories and compute EWS -----
Complete for null tsid=3
Complete for null tsid=1
----- 02 Compute ROC curves -----
Exported ROC data to 06_roc_data_and_figures_var_corr/data/ROC/df_roc_var_corr_[3,1].csv
Exported ROC figure to 06_roc_data_and_figures_var_corr/figures/ROC/figure_roc_var_corr_[3,1].png
Ran in 2.92s
------------------------------ 06 Completed ROC for variance and lag-1 autocorrelation ------------------------------

------------------------------ 07 Start ROC for dl ------------------------------
surr_type: IAAFT1
simples: 1000
ID_merge_tsid: [3,1]
DL_model: CNN_model
repeats: 10
features: 450

07_roc_data_and_figures_sdml directory already exists!
07_roc_data_and_figures_sdml/data directory already exists!
07_roc_data_and_figures_sdml/data/IAAFT1 directory already exists!
07_roc_data_and_figures_sdml/data/IAAFT1/ROC directory already exists!
07_roc_data_and_figures_sdml/figures directory already exists!
07_roc_data_and_figures_sdml/figures/IAAFT1 directory already exists!

07_roc_data_and_figures_sdml/figures/IAAFT1/ROC directory already exists!

len_eval_pts = 40

----- 01 forced trajectories and compute EWS -----
Complete for forced tsid=3
Complete for forced tsid=1
----- 01 null trajectories and compute EWS -----
Complete for null tsid=3
Complete for null tsid=1
----- 02 Compute ROC curves -----
Exported ROC data to 07_roc_data_and_figures_sdml/data/IAAFT1/ROC/df_roc_surrogate_IAAFT1_simples_1000_CNN_model_[3,1].csv
Exported ROC figure to 07_roc_data_and_figures_sdml/figures/IAAFT1/ROC/figure_roc_surrogate_IAAFT1_simples_1000_CNN_model_[3,1].png
Ran in 22.55s
------------------------------ 07 Completed ROC for dl ------------------------------

------------------------------ 06 Start ROC for variance and lag-1 autocorrelation ------------------------------
surr_type: IAAFT1
simples: 1000
ID_merge_tsid: all
DL_model: CNN_model
repeats: 10
features: 450

06_roc_data_and_figures_var_corr directory already exists!
06_roc_data_and_figures_var_corr/data directory already exists!
06_roc_data_and_figures_var_corr/data/ROC directory already exists!
06_roc_data_and_figures_var_corr/figures directory already exists!
06_roc_data_and_figures_var_corr/figures/ROC directory already exists!
len_eval_pts= 40

----- 01 forced trajectories and compute EWS -----
Complete for forced tsid=1
Complete for forced tsid=2
Complete for forced tsid=3
Complete for forced tsid=4
Complete for forced tsid=5
Complete for forced tsid=6
Complete for forced tsid=7
Complete for forced tsid=8
Complete for forced tsid=9
Complete for forced tsid=10
Complete for forced tsid=11
Complete for forced tsid=12
Complete for forced tsid=13
----- 01 null trajectories and compute EWS -----
Complete for null tsid=1
Complete for null tsid=2
Complete for null tsid=3
Complete for null tsid=4
Complete for null tsid=5
Complete for null tsid=6
Complete for null tsid=7
Complete for null tsid=8
Complete for null tsid=9
Complete for null tsid=10
Complete for null tsid=11
Complete for null tsid=12
Complete for null tsid=13
----- 02 Compute ROC curves -----
Exported ROC data to 06_roc_data_and_figures_var_corr/data/ROC/df_roc_var_corr_all.csv
Exported ROC figure to 06_roc_data_and_figures_var_corr/figures/ROC/figure_roc_var_corr_all.png
Ran in 5.05s
------------------------------ 06 Completed ROC for variance and lag-1 autocorrelation ------------------------------

------------------------------ 07 Start ROC for dl ------------------------------
surr_type: IAAFT1
simples: 1000
ID_merge_tsid: all
DL_model: CNN_model
repeats: 10
features: 450

07_roc_data_and_figures_sdml directory already exists!
07_roc_data_and_figures_sdml/data directory already exists!
07_roc_data_and_figures_sdml/data/IAAFT1 directory already exists!
07_roc_data_and_figures_sdml/data/IAAFT1/ROC directory already exists!
07_roc_data_and_figures_sdml/figures directory already exists!
07_roc_data_and_figures_sdml/figures/IAAFT1 directory already exists!

07_roc_data_and_figures_sdml/figures/IAAFT1/ROC directory already exists!

len_eval_pts = 40

----- 01 forced trajectories and compute EWS -----
Complete for forced tsid=1
Complete for forced tsid=2
Complete for forced tsid=3
Complete for forced tsid=4
Complete for forced tsid=5
Complete for forced tsid=6
Complete for forced tsid=7
Complete for forced tsid=8
Complete for forced tsid=9
Complete for forced tsid=10
Complete for forced tsid=11
Complete for forced tsid=12
Complete for forced tsid=13
----- 01 null trajectories and compute EWS -----
Complete for null tsid=1
Complete for null tsid=2
Complete for null tsid=3
Complete for null tsid=4
Complete for null tsid=5
Complete for null tsid=6
Complete for null tsid=7
Complete for null tsid=8
Complete for null tsid=9
Complete for null tsid=10
Complete for null tsid=11
Complete for null tsid=12
Complete for null tsid=13
----- 02 Compute ROC curves -----
Exported ROC data to 07_roc_data_and_figures_sdml/data/IAAFT1/ROC/df_roc_surrogate_IAAFT1_simples_1000_CNN_model_all.csv
Exported ROC figure to 07_roc_data_and_figures_sdml/figures/IAAFT1/ROC/figure_roc_surrogate_IAAFT1_simples_1000_CNN_model_all.png
Ran in 66.12s
------------------------------ 07 Completed ROC for dl ------------------------------

-------------------------------------------------------------------------------------
Using GPU for TensorFlow.
------------------------------ 01 Start run ------------------------------
Data_folder: MS21
surr_type: IAAFT1
simples: 1000
ID_train: S3
DL_model: three_head_CNN_model
repeats: 10

01_evaluation_data directory already exists!
models directory already exists!

full_path= ../../01_data_preprocessing/02_extracte_and_generate_surrogate_dataset/MS21/data/merge_surrogate_IAAFT1_simples_1000_train_S3.csv

Epoch 1: val_accuracy improved from -inf to 0.49500, saving model to models\surrogate_IAAFT1_simples_1000_three_head_CNN_model_0.h5

Epoch 2: val_accuracy did not improve from 0.49500

Epoch 3: val_accuracy did not improve from 0.49500

Epoch 4: val_accuracy did not improve from 0.49500

Epoch 5: val_accuracy did not improve from 0.49500

Epoch 6: val_accuracy did not improve from 0.49500
Epoch 6: early stopping
>#1: 49.500

Epoch 1: val_accuracy improved from -inf to 0.49500, saving model to models\surrogate_IAAFT1_simples_1000_three_head_CNN_model_1.h5

Epoch 2: val_accuracy did not improve from 0.49500

Epoch 3: val_accuracy did not improve from 0.49500

Epoch 4: val_accuracy did not improve from 0.49500

Epoch 5: val_accuracy did not improve from 0.49500

Epoch 6: val_accuracy did not improve from 0.49500
Epoch 6: early stopping
>#2: 49.500

Epoch 1: val_accuracy improved from -inf to 0.49500, saving model to models\surrogate_IAAFT1_simples_1000_three_head_CNN_model_2.h5

Epoch 2: val_accuracy did not improve from 0.49500

Epoch 3: val_accuracy did not improve from 0.49500

Epoch 4: val_accuracy did not improve from 0.49500

Epoch 5: val_accuracy did not improve from 0.49500

Epoch 6: val_accuracy did not improve from 0.49500
Epoch 6: early stopping
>#3: 49.500

Epoch 1: val_accuracy improved from -inf to 0.49500, saving model to models\surrogate_IAAFT1_simples_1000_three_head_CNN_model_3.h5

Epoch 2: val_accuracy did not improve from 0.49500

Epoch 3: val_accuracy did not improve from 0.49500

Epoch 4: val_accuracy did not improve from 0.49500

Epoch 5: val_accuracy did not improve from 0.49500

Epoch 6: val_accuracy did not improve from 0.49500
Epoch 6: early stopping
>#4: 49.500

Epoch 1: val_accuracy improved from -inf to 0.49500, saving model to models\surrogate_IAAFT1_simples_1000_three_head_CNN_model_4.h5

Epoch 2: val_accuracy did not improve from 0.49500

Epoch 3: val_accuracy did not improve from 0.49500

Epoch 4: val_accuracy did not improve from 0.49500

Epoch 5: val_accuracy did not improve from 0.49500

Epoch 6: val_accuracy did not improve from 0.49500
Epoch 6: early stopping
>#5: 49.500

Epoch 1: val_accuracy improved from -inf to 0.49500, saving model to models\surrogate_IAAFT1_simples_1000_three_head_CNN_model_5.h5

Epoch 2: val_accuracy did not improve from 0.49500

Epoch 3: val_accuracy did not improve from 0.49500

Epoch 4: val_accuracy did not improve from 0.49500

Epoch 5: val_accuracy did not improve from 0.49500

Epoch 6: val_accuracy did not improve from 0.49500
Epoch 6: early stopping
>#6: 49.500

Epoch 1: val_accuracy improved from -inf to 0.49500, saving model to models\surrogate_IAAFT1_simples_1000_three_head_CNN_model_6.h5

Epoch 2: val_accuracy did not improve from 0.49500

Epoch 3: val_accuracy did not improve from 0.49500

Epoch 4: val_accuracy did not improve from 0.49500

Epoch 5: val_accuracy did not improve from 0.49500

Epoch 6: val_accuracy did not improve from 0.49500
Epoch 6: early stopping
>#7: 49.500

Epoch 1: val_accuracy improved from -inf to 0.49500, saving model to models\surrogate_IAAFT1_simples_1000_three_head_CNN_model_7.h5

Epoch 2: val_accuracy did not improve from 0.49500

Epoch 3: val_accuracy did not improve from 0.49500

Epoch 4: val_accuracy did not improve from 0.49500

Epoch 5: val_accuracy did not improve from 0.49500

Epoch 6: val_accuracy did not improve from 0.49500
Epoch 6: early stopping
>#8: 49.500

Epoch 1: val_accuracy improved from -inf to 0.49500, saving model to models\surrogate_IAAFT1_simples_1000_three_head_CNN_model_8.h5

Epoch 2: val_accuracy did not improve from 0.49500

Epoch 3: val_accuracy did not improve from 0.49500

Epoch 4: val_accuracy did not improve from 0.49500

Epoch 5: val_accuracy did not improve from 0.49500

Epoch 6: val_accuracy did not improve from 0.49500
Epoch 6: early stopping
>#9: 49.500

Epoch 1: val_accuracy improved from -inf to 0.49500, saving model to models\surrogate_IAAFT1_simples_1000_three_head_CNN_model_9.h5

Epoch 2: val_accuracy did not improve from 0.49500

Epoch 3: val_accuracy did not improve from 0.49500

Epoch 4: val_accuracy did not improve from 0.49500

Epoch 5: val_accuracy did not improve from 0.49500

Epoch 6: val_accuracy did not improve from 0.49500
Epoch 6: early stopping
>#10: 49.500
------------------ summarize results -------------------------
DL_model: three_head_CNN_model
scores: [49.50000047683716, 49.50000047683716, 49.50000047683716, 49.50000047683716, 49.50000047683716, 49.50000047683716, 49.50000047683716, 49.50000047683716, 49.50000047683716, 49.50000047683716]
Accuracy mean (std): 49.500% (0.000)

Running time 38.6 seconds
------------------------------ 01 Completed ------------------------------

------------------------------ 02 Start Evaluation ------------------------------
surr_type: IAAFT1
simples: 1000
ID_train: S3
DL_model: three_head_CNN_model
repeats: 10

02_evaluation_performance directory already exists!
# 0 >> accuracy: 0.47749999165534973
# 1 >> accuracy: 0.47749999165534973
# 2 >> accuracy: 0.47749999165534973
# 3 >> accuracy: 0.47749999165534973
# 4 >> accuracy: 0.47749999165534973
# 5 >> accuracy: 0.47749999165534973
# 6 >> accuracy: 0.47749999165534973
# 7 >> accuracy: 0.47749999165534973
# 8 >> accuracy: 0.47749999165534973
# 9 >> accuracy: 0.47749999165534973
The results have been saved to a txt file: 02_evaluation_performance/evaluation_performance_surrogate_IAAFT1_simples_1000_three_head_CNN_model_train_S3.txt

Running time 12.1 seconds
------------------------------ 02 Completed Evaluation ------------------------------

------------------------------ 03 Start sliding windows ------------------------------
surr_type: IAAFT1
simples: 1000
ID_train: S3
ID_test: S1
Variable_label: Mo
tsid: 1
features: 450
sw_width: 441

03_sliding_window_data directory already exists!
S1.shape: (883, 2)
success-> sliding_window_features_shape (real=(883-441+1, 450)):  (443, 450)
------------------------------ 03 Completed sliding windows ------------------------------

------------------------------ 04 Start predicate ------------------------------
surr_type: IAAFT1
simples: 1000
ID_train: S3
ID_test: S1
DL_model: three_head_CNN_model
repeats: 10

04_prediction_data directory already exists!
X_test.shape (443, 450)
X_test_array.shape:  (443, 450, 1)
--------------- prediction ... ---------------
y_pred_list.shape (443, 10)
------------------------------ 04 Completed predicate ------------------------------

------------------------------ 05 Start plots ------------------------------
surr_type: IAAFT1
simples: 1000
ID_train: S3
ID_test: S1
Variable_label: Mo
DL_model: three_head_CNN_model
sw_width: 441
tsid: 1

05_ews_data_and_figures directory already exists!
05_ews_data_and_figures/data directory already exists!
05_ews_data_and_figures/data/IAAFT1 directory already exists!
05_ews_data_and_figures/figures directory already exists!
05_ews_data_and_figures/figures/IAAFT1 directory already exists!

Record_Core: MS21
start_age, Transition, end_age: -20.48787 -10.5 -8.00274
sliding_window_S1: 441
------------------------------ 05 Completed plots ------------------------------

------------------------------ 07 Start ROC for dl ------------------------------
surr_type: IAAFT1
simples: 1000
ID_merge_tsid: [1]
DL_model: three_head_CNN_model
repeats: 10
features: 450

07_roc_data_and_figures_sdml directory already exists!
07_roc_data_and_figures_sdml/data directory already exists!
07_roc_data_and_figures_sdml/data/IAAFT1 directory already exists!
07_roc_data_and_figures_sdml/data/IAAFT1/ROC directory already exists!
07_roc_data_and_figures_sdml/figures directory already exists!
07_roc_data_and_figures_sdml/figures/IAAFT1 directory already exists!

07_roc_data_and_figures_sdml/figures/IAAFT1/ROC directory already exists!

len_eval_pts = 40

----- 01 forced trajectories and compute EWS -----
Complete for forced tsid=1
----- 01 null trajectories and compute EWS -----
Complete for null tsid=1
----- 02 Compute ROC curves -----
Exported ROC data to 07_roc_data_and_figures_sdml/data/IAAFT1/ROC/df_roc_surrogate_IAAFT1_simples_1000_three_head_CNN_model_[1].csv
Exported ROC figure to 07_roc_data_and_figures_sdml/figures/IAAFT1/ROC/figure_roc_surrogate_IAAFT1_simples_1000_three_head_CNN_model_[1].png
Ran in 13.15s
------------------------------ 07 Completed ROC for dl ------------------------------

------------------------------ 07 Start ROC for dl ------------------------------
surr_type: IAAFT1
simples: 1000
ID_merge_tsid: [3]
DL_model: three_head_CNN_model
repeats: 10
features: 450

07_roc_data_and_figures_sdml directory already exists!
07_roc_data_and_figures_sdml/data directory already exists!
07_roc_data_and_figures_sdml/data/IAAFT1 directory already exists!
07_roc_data_and_figures_sdml/data/IAAFT1/ROC directory already exists!
07_roc_data_and_figures_sdml/figures directory already exists!
07_roc_data_and_figures_sdml/figures/IAAFT1 directory already exists!

07_roc_data_and_figures_sdml/figures/IAAFT1/ROC directory already exists!

len_eval_pts = 40

----- 01 forced trajectories and compute EWS -----
Complete for forced tsid=3
----- 01 null trajectories and compute EWS -----
Complete for null tsid=3
----- 02 Compute ROC curves -----
Exported ROC data to 07_roc_data_and_figures_sdml/data/IAAFT1/ROC/df_roc_surrogate_IAAFT1_simples_1000_three_head_CNN_model_[3].csv
Exported ROC figure to 07_roc_data_and_figures_sdml/figures/IAAFT1/ROC/figure_roc_surrogate_IAAFT1_simples_1000_three_head_CNN_model_[3].png
Ran in 13.11s
------------------------------ 07 Completed ROC for dl ------------------------------

------------------------------ 07 Start ROC for dl ------------------------------
surr_type: IAAFT1
simples: 1000
ID_merge_tsid: [3,1]
DL_model: three_head_CNN_model
repeats: 10
features: 450

07_roc_data_and_figures_sdml directory already exists!
07_roc_data_and_figures_sdml/data directory already exists!
07_roc_data_and_figures_sdml/data/IAAFT1 directory already exists!
07_roc_data_and_figures_sdml/data/IAAFT1/ROC directory already exists!
07_roc_data_and_figures_sdml/figures directory already exists!
07_roc_data_and_figures_sdml/figures/IAAFT1 directory already exists!

07_roc_data_and_figures_sdml/figures/IAAFT1/ROC directory already exists!

len_eval_pts = 40

----- 01 forced trajectories and compute EWS -----
Complete for forced tsid=3
Complete for forced tsid=1
----- 01 null trajectories and compute EWS -----
Complete for null tsid=3
Complete for null tsid=1
----- 02 Compute ROC curves -----
Exported ROC data to 07_roc_data_and_figures_sdml/data/IAAFT1/ROC/df_roc_surrogate_IAAFT1_simples_1000_three_head_CNN_model_[3,1].csv
Exported ROC figure to 07_roc_data_and_figures_sdml/figures/IAAFT1/ROC/figure_roc_surrogate_IAAFT1_simples_1000_three_head_CNN_model_[3,1].png
Ran in 17.30s
------------------------------ 07 Completed ROC for dl ------------------------------

------------------------------ 07 Start ROC for dl ------------------------------
surr_type: IAAFT1
simples: 1000
ID_merge_tsid: all
DL_model: three_head_CNN_model
repeats: 10
features: 450

07_roc_data_and_figures_sdml directory already exists!
07_roc_data_and_figures_sdml/data directory already exists!
07_roc_data_and_figures_sdml/data/IAAFT1 directory already exists!
07_roc_data_and_figures_sdml/data/IAAFT1/ROC directory already exists!
07_roc_data_and_figures_sdml/figures directory already exists!
07_roc_data_and_figures_sdml/figures/IAAFT1 directory already exists!

07_roc_data_and_figures_sdml/figures/IAAFT1/ROC directory already exists!

len_eval_pts = 40

----- 01 forced trajectories and compute EWS -----
Complete for forced tsid=1
Complete for forced tsid=2
Complete for forced tsid=3
Complete for forced tsid=4
Complete for forced tsid=5
Complete for forced tsid=6
Complete for forced tsid=7
Complete for forced tsid=8
Complete for forced tsid=9
Complete for forced tsid=10
Complete for forced tsid=11
Complete for forced tsid=12
Complete for forced tsid=13
----- 01 null trajectories and compute EWS -----
Complete for null tsid=1
Complete for null tsid=2
Complete for null tsid=3
Complete for null tsid=4
Complete for null tsid=5
Complete for null tsid=6
Complete for null tsid=7
Complete for null tsid=8
Complete for null tsid=9
Complete for null tsid=10
Complete for null tsid=11
Complete for null tsid=12
Complete for null tsid=13
----- 02 Compute ROC curves -----
Exported ROC data to 07_roc_data_and_figures_sdml/data/IAAFT1/ROC/df_roc_surrogate_IAAFT1_simples_1000_three_head_CNN_model_all.csv
Exported ROC figure to 07_roc_data_and_figures_sdml/figures/IAAFT1/ROC/figure_roc_surrogate_IAAFT1_simples_1000_three_head_CNN_model_all.png
Ran in 128.32s
------------------------------ 07 Completed ROC for dl ------------------------------

-------------------------------------------------------------------------------------
Using GPU for TensorFlow.
------------------------------ 01 Start run ------------------------------
Data_folder: MS21
surr_type: IAAFT1
simples: 1000
ID_train: S3
DL_model: LSTM_model
repeats: 10

01_evaluation_data directory already exists!
models directory already exists!

full_path= ../../01_data_preprocessing/02_extracte_and_generate_surrogate_dataset/MS21/data/merge_surrogate_IAAFT1_simples_1000_train_S3.csv

Epoch 1: val_accuracy improved from -inf to 0.49500, saving model to models\surrogate_IAAFT1_simples_1000_LSTM_model_0.h5

Epoch 2: val_accuracy improved from 0.49500 to 1.00000, saving model to models\surrogate_IAAFT1_simples_1000_LSTM_model_0.h5

Epoch 3: val_accuracy did not improve from 1.00000

Epoch 4: val_accuracy did not improve from 1.00000

Epoch 5: val_accuracy did not improve from 1.00000

Epoch 6: val_accuracy did not improve from 1.00000

Epoch 7: val_accuracy did not improve from 1.00000
Epoch 7: early stopping
>#1: 100.000

Epoch 1: val_accuracy improved from -inf to 0.85000, saving model to models\surrogate_IAAFT1_simples_1000_LSTM_model_1.h5

Epoch 2: val_accuracy did not improve from 0.85000

Epoch 3: val_accuracy did not improve from 0.85000

Epoch 4: val_accuracy did not improve from 0.85000

Epoch 5: val_accuracy did not improve from 0.85000

Epoch 6: val_accuracy did not improve from 0.85000
Epoch 6: early stopping
>#2: 85.000

Epoch 1: val_accuracy improved from -inf to 0.64750, saving model to models\surrogate_IAAFT1_simples_1000_LSTM_model_2.h5

Epoch 2: val_accuracy improved from 0.64750 to 1.00000, saving model to models\surrogate_IAAFT1_simples_1000_LSTM_model_2.h5

Epoch 3: val_accuracy did not improve from 1.00000

Epoch 4: val_accuracy did not improve from 1.00000

Epoch 5: val_accuracy did not improve from 1.00000

Epoch 6: val_accuracy did not improve from 1.00000

Epoch 7: val_accuracy did not improve from 1.00000
Epoch 7: early stopping
>#3: 100.000

Epoch 1: val_accuracy improved from -inf to 0.77000, saving model to models\surrogate_IAAFT1_simples_1000_LSTM_model_3.h5

Epoch 2: val_accuracy did not improve from 0.77000

Epoch 3: val_accuracy did not improve from 0.77000

Epoch 4: val_accuracy did not improve from 0.77000

Epoch 5: val_accuracy did not improve from 0.77000

Epoch 6: val_accuracy did not improve from 0.77000
Epoch 6: early stopping
>#4: 77.000

Epoch 1: val_accuracy improved from -inf to 0.55750, saving model to models\surrogate_IAAFT1_simples_1000_LSTM_model_4.h5

Epoch 2: val_accuracy improved from 0.55750 to 1.00000, saving model to models\surrogate_IAAFT1_simples_1000_LSTM_model_4.h5

Epoch 3: val_accuracy did not improve from 1.00000

Epoch 4: val_accuracy did not improve from 1.00000

Epoch 5: val_accuracy did not improve from 1.00000

Epoch 6: val_accuracy did not improve from 1.00000

Epoch 7: val_accuracy did not improve from 1.00000
Epoch 7: early stopping
>#5: 100.000

Epoch 1: val_accuracy improved from -inf to 0.60250, saving model to models\surrogate_IAAFT1_simples_1000_LSTM_model_5.h5

Epoch 2: val_accuracy improved from 0.60250 to 1.00000, saving model to models\surrogate_IAAFT1_simples_1000_LSTM_model_5.h5

Epoch 3: val_accuracy did not improve from 1.00000

Epoch 4: val_accuracy did not improve from 1.00000

Epoch 5: val_accuracy did not improve from 1.00000

Epoch 6: val_accuracy did not improve from 1.00000

Epoch 7: val_accuracy did not improve from 1.00000
Epoch 7: early stopping
>#6: 100.000

Epoch 1: val_accuracy improved from -inf to 0.75250, saving model to models\surrogate_IAAFT1_simples_1000_LSTM_model_6.h5

Epoch 2: val_accuracy improved from 0.75250 to 1.00000, saving model to models\surrogate_IAAFT1_simples_1000_LSTM_model_6.h5

Epoch 3: val_accuracy did not improve from 1.00000

Epoch 4: val_accuracy did not improve from 1.00000

Epoch 5: val_accuracy did not improve from 1.00000

Epoch 6: val_accuracy did not improve from 1.00000

Epoch 7: val_accuracy did not improve from 1.00000
Epoch 7: early stopping
>#7: 100.000

Epoch 1: val_accuracy improved from -inf to 0.77750, saving model to models\surrogate_IAAFT1_simples_1000_LSTM_model_7.h5

Epoch 2: val_accuracy improved from 0.77750 to 1.00000, saving model to models\surrogate_IAAFT1_simples_1000_LSTM_model_7.h5

Epoch 3: val_accuracy did not improve from 1.00000

Epoch 4: val_accuracy did not improve from 1.00000

Epoch 5: val_accuracy did not improve from 1.00000

Epoch 6: val_accuracy did not improve from 1.00000

Epoch 7: val_accuracy did not improve from 1.00000
Epoch 7: early stopping
>#8: 100.000

Epoch 1: val_accuracy improved from -inf to 0.73500, saving model to models\surrogate_IAAFT1_simples_1000_LSTM_model_8.h5

Epoch 2: val_accuracy did not improve from 0.73500

Epoch 3: val_accuracy did not improve from 0.73500

Epoch 4: val_accuracy did not improve from 0.73500

Epoch 5: val_accuracy improved from 0.73500 to 0.97500, saving model to models\surrogate_IAAFT1_simples_1000_LSTM_model_8.h5

Epoch 6: val_accuracy improved from 0.97500 to 1.00000, saving model to models\surrogate_IAAFT1_simples_1000_LSTM_model_8.h5

Epoch 7: val_accuracy did not improve from 1.00000

Epoch 8: val_accuracy did not improve from 1.00000

Epoch 9: val_accuracy did not improve from 1.00000

Epoch 10: val_accuracy did not improve from 1.00000

Epoch 11: val_accuracy did not improve from 1.00000
Epoch 11: early stopping
>#9: 100.000

Epoch 1: val_accuracy improved from -inf to 0.76000, saving model to models\surrogate_IAAFT1_simples_1000_LSTM_model_9.h5

Epoch 2: val_accuracy did not improve from 0.76000

Epoch 3: val_accuracy did not improve from 0.76000

Epoch 4: val_accuracy did not improve from 0.76000

Epoch 5: val_accuracy did not improve from 0.76000

Epoch 6: val_accuracy did not improve from 0.76000
Epoch 6: early stopping
>#10: 76.000
------------------ summarize results -------------------------
DL_model: LSTM_model
scores: [100.0, 85.00000238418579, 100.0, 76.99999809265137, 100.0, 100.0, 100.0, 100.0, 100.0, 75.99999904632568]
Accuracy mean (std): 93.800% (9.724)

Running time 76.2 seconds
------------------------------ 01 Completed ------------------------------

------------------------------ 02 Start Evaluation ------------------------------
surr_type: IAAFT1
simples: 1000
ID_train: S3
DL_model: LSTM_model
repeats: 10

02_evaluation_performance directory already exists!
# 0 >> accuracy: 1.0
# 1 >> accuracy: 0.8450000286102295
# 2 >> accuracy: 1.0
# 3 >> accuracy: 0.7599999904632568
# 4 >> accuracy: 1.0
# 5 >> accuracy: 1.0
# 6 >> accuracy: 1.0
# 7 >> accuracy: 1.0
# 8 >> accuracy: 1.0
# 9 >> accuracy: 0.7425000071525574
The results have been saved to a txt file: 02_evaluation_performance/evaluation_performance_surrogate_IAAFT1_simples_1000_LSTM_model_train_S3.txt

Running time 15.1 seconds
------------------------------ 02 Completed Evaluation ------------------------------

------------------------------ 03 Start sliding windows ------------------------------
surr_type: IAAFT1
simples: 1000
ID_train: S3
ID_test: S1
Variable_label: Mo
tsid: 1
features: 450
sw_width: 441

03_sliding_window_data directory already exists!
S1.shape: (883, 2)
success-> sliding_window_features_shape (real=(883-441+1, 450)):  (443, 450)
------------------------------ 03 Completed sliding windows ------------------------------

------------------------------ 04 Start predicate ------------------------------
surr_type: IAAFT1
simples: 1000
ID_train: S3
ID_test: S1
DL_model: LSTM_model
repeats: 10

04_prediction_data directory already exists!
X_test.shape (443, 450)
X_test_array.shape:  (443, 450, 1)
--------------- prediction ... ---------------
y_pred_list.shape (443, 10)
------------------------------ 04 Completed predicate ------------------------------

------------------------------ 05 Start plots ------------------------------
surr_type: IAAFT1
simples: 1000
ID_train: S3
ID_test: S1
Variable_label: Mo
DL_model: LSTM_model
sw_width: 441
tsid: 1

05_ews_data_and_figures directory already exists!
05_ews_data_and_figures/data directory already exists!
05_ews_data_and_figures/data/IAAFT1 directory already exists!
05_ews_data_and_figures/figures directory already exists!
05_ews_data_and_figures/figures/IAAFT1 directory already exists!

Record_Core: MS21
start_age, Transition, end_age: -20.48787 -10.5 -8.00274
sliding_window_S1: 441
------------------------------ 05 Completed plots ------------------------------

------------------------------ 07 Start ROC for dl ------------------------------
surr_type: IAAFT1
simples: 1000
ID_merge_tsid: [1]
DL_model: LSTM_model
repeats: 10
features: 450

07_roc_data_and_figures_sdml directory already exists!
07_roc_data_and_figures_sdml/data directory already exists!
07_roc_data_and_figures_sdml/data/IAAFT1 directory already exists!
07_roc_data_and_figures_sdml/data/IAAFT1/ROC directory already exists!
07_roc_data_and_figures_sdml/figures directory already exists!
07_roc_data_and_figures_sdml/figures/IAAFT1 directory already exists!

07_roc_data_and_figures_sdml/figures/IAAFT1/ROC directory already exists!

len_eval_pts = 40

----- 01 forced trajectories and compute EWS -----
Complete for forced tsid=1
----- 01 null trajectories and compute EWS -----
Complete for null tsid=1
----- 02 Compute ROC curves -----
Exported ROC data to 07_roc_data_and_figures_sdml/data/IAAFT1/ROC/df_roc_surrogate_IAAFT1_simples_1000_LSTM_model_[1].csv
Exported ROC figure to 07_roc_data_and_figures_sdml/figures/IAAFT1/ROC/figure_roc_surrogate_IAAFT1_simples_1000_LSTM_model_[1].png
Ran in 16.22s
------------------------------ 07 Completed ROC for dl ------------------------------

------------------------------ 07 Start ROC for dl ------------------------------
surr_type: IAAFT1
simples: 1000
ID_merge_tsid: [3]
DL_model: LSTM_model
repeats: 10
features: 450

07_roc_data_and_figures_sdml directory already exists!
07_roc_data_and_figures_sdml/data directory already exists!
07_roc_data_and_figures_sdml/data/IAAFT1 directory already exists!
07_roc_data_and_figures_sdml/data/IAAFT1/ROC directory already exists!
07_roc_data_and_figures_sdml/figures directory already exists!
07_roc_data_and_figures_sdml/figures/IAAFT1 directory already exists!

07_roc_data_and_figures_sdml/figures/IAAFT1/ROC directory already exists!

len_eval_pts = 40

----- 01 forced trajectories and compute EWS -----
Complete for forced tsid=3
----- 01 null trajectories and compute EWS -----
Complete for null tsid=3
----- 02 Compute ROC curves -----
Exported ROC data to 07_roc_data_and_figures_sdml/data/IAAFT1/ROC/df_roc_surrogate_IAAFT1_simples_1000_LSTM_model_[3].csv
Exported ROC figure to 07_roc_data_and_figures_sdml/figures/IAAFT1/ROC/figure_roc_surrogate_IAAFT1_simples_1000_LSTM_model_[3].png
Ran in 16.20s
------------------------------ 07 Completed ROC for dl ------------------------------

------------------------------ 07 Start ROC for dl ------------------------------
surr_type: IAAFT1
simples: 1000
ID_merge_tsid: [3,1]
DL_model: LSTM_model
repeats: 10
features: 450

07_roc_data_and_figures_sdml directory already exists!
07_roc_data_and_figures_sdml/data directory already exists!
07_roc_data_and_figures_sdml/data/IAAFT1 directory already exists!
07_roc_data_and_figures_sdml/data/IAAFT1/ROC directory already exists!
07_roc_data_and_figures_sdml/figures directory already exists!
07_roc_data_and_figures_sdml/figures/IAAFT1 directory already exists!

07_roc_data_and_figures_sdml/figures/IAAFT1/ROC directory already exists!

len_eval_pts = 40

----- 01 forced trajectories and compute EWS -----
Complete for forced tsid=3
Complete for forced tsid=1
----- 01 null trajectories and compute EWS -----
Complete for null tsid=3
Complete for null tsid=1
----- 02 Compute ROC curves -----
Exported ROC data to 07_roc_data_and_figures_sdml/data/IAAFT1/ROC/df_roc_surrogate_IAAFT1_simples_1000_LSTM_model_[3,1].csv
Exported ROC figure to 07_roc_data_and_figures_sdml/figures/IAAFT1/ROC/figure_roc_surrogate_IAAFT1_simples_1000_LSTM_model_[3,1].png
Ran in 22.73s
------------------------------ 07 Completed ROC for dl ------------------------------

------------------------------ 07 Start ROC for dl ------------------------------
surr_type: IAAFT1
simples: 1000
ID_merge_tsid: all
DL_model: LSTM_model
repeats: 10
features: 450

07_roc_data_and_figures_sdml directory already exists!
07_roc_data_and_figures_sdml/data directory already exists!
07_roc_data_and_figures_sdml/data/IAAFT1 directory already exists!
07_roc_data_and_figures_sdml/data/IAAFT1/ROC directory already exists!
07_roc_data_and_figures_sdml/figures directory already exists!
07_roc_data_and_figures_sdml/figures/IAAFT1 directory already exists!

07_roc_data_and_figures_sdml/figures/IAAFT1/ROC directory already exists!

len_eval_pts = 40

----- 01 forced trajectories and compute EWS -----
Complete for forced tsid=1
Complete for forced tsid=2
Complete for forced tsid=3
Complete for forced tsid=4
Complete for forced tsid=5
Complete for forced tsid=6
Complete for forced tsid=7
Complete for forced tsid=8
Complete for forced tsid=9
Complete for forced tsid=10
Complete for forced tsid=11
Complete for forced tsid=12
Complete for forced tsid=13
----- 01 null trajectories and compute EWS -----
Complete for null tsid=1
Complete for null tsid=2
Complete for null tsid=3
Complete for null tsid=4
Complete for null tsid=5
Complete for null tsid=6
Complete for null tsid=7
Complete for null tsid=8
Complete for null tsid=9
Complete for null tsid=10
Complete for null tsid=11
Complete for null tsid=12
Complete for null tsid=13
----- 02 Compute ROC curves -----
Exported ROC data to 07_roc_data_and_figures_sdml/data/IAAFT1/ROC/df_roc_surrogate_IAAFT1_simples_1000_LSTM_model_all.csv
Exported ROC figure to 07_roc_data_and_figures_sdml/figures/IAAFT1/ROC/figure_roc_surrogate_IAAFT1_simples_1000_LSTM_model_all.png
Ran in 168.86s
------------------------------ 07 Completed ROC for dl ------------------------------

-------------------------------------------------------------------------------------
Using GPU for TensorFlow.
------------------------------ 01 Start run ------------------------------
Data_folder: MS21
surr_type: IAAFT1
simples: 1000
ID_train: S3
DL_model: CNN_LSTM_model
repeats: 10

01_evaluation_data directory already exists!
models directory already exists!

full_path= ../../01_data_preprocessing/02_extracte_and_generate_surrogate_dataset/MS21/data/merge_surrogate_IAAFT1_simples_1000_train_S3.csv

Epoch 1: val_accuracy improved from -inf to 0.50500, saving model to models\surrogate_IAAFT1_simples_1000_CNN_LSTM_model_0.h5

Epoch 2: val_accuracy improved from 0.50500 to 0.83000, saving model to models\surrogate_IAAFT1_simples_1000_CNN_LSTM_model_0.h5

Epoch 3: val_accuracy did not improve from 0.83000

Epoch 4: val_accuracy did not improve from 0.83000

Epoch 5: val_accuracy did not improve from 0.83000

Epoch 6: val_accuracy did not improve from 0.83000

Epoch 7: val_accuracy did not improve from 0.83000
Epoch 7: early stopping
>#1: 83.000

Epoch 1: val_accuracy improved from -inf to 0.50500, saving model to models\surrogate_IAAFT1_simples_1000_CNN_LSTM_model_1.h5

Epoch 2: val_accuracy improved from 0.50500 to 0.51250, saving model to models\surrogate_IAAFT1_simples_1000_CNN_LSTM_model_1.h5

Epoch 3: val_accuracy did not improve from 0.51250

Epoch 4: val_accuracy did not improve from 0.51250

Epoch 5: val_accuracy improved from 0.51250 to 0.61000, saving model to models\surrogate_IAAFT1_simples_1000_CNN_LSTM_model_1.h5

Epoch 6: val_accuracy improved from 0.61000 to 0.65250, saving model to models\surrogate_IAAFT1_simples_1000_CNN_LSTM_model_1.h5

Epoch 7: val_accuracy did not improve from 0.65250

Epoch 8: val_accuracy improved from 0.65250 to 0.69250, saving model to models\surrogate_IAAFT1_simples_1000_CNN_LSTM_model_1.h5

Epoch 9: val_accuracy did not improve from 0.69250

Epoch 10: val_accuracy did not improve from 0.69250

Epoch 11: val_accuracy did not improve from 0.69250

Epoch 12: val_accuracy improved from 0.69250 to 0.71250, saving model to models\surrogate_IAAFT1_simples_1000_CNN_LSTM_model_1.h5

Epoch 13: val_accuracy did not improve from 0.71250

Epoch 14: val_accuracy did not improve from 0.71250

Epoch 15: val_accuracy did not improve from 0.71250

Epoch 16: val_accuracy improved from 0.71250 to 0.71500, saving model to models\surrogate_IAAFT1_simples_1000_CNN_LSTM_model_1.h5

Epoch 17: val_accuracy did not improve from 0.71500

Epoch 18: val_accuracy did not improve from 0.71500

Epoch 19: val_accuracy did not improve from 0.71500

Epoch 20: val_accuracy did not improve from 0.71500

Epoch 21: val_accuracy improved from 0.71500 to 0.72250, saving model to models\surrogate_IAAFT1_simples_1000_CNN_LSTM_model_1.h5

Epoch 22: val_accuracy did not improve from 0.72250

Epoch 23: val_accuracy did not improve from 0.72250

Epoch 24: val_accuracy improved from 0.72250 to 0.73000, saving model to models\surrogate_IAAFT1_simples_1000_CNN_LSTM_model_1.h5

Epoch 25: val_accuracy did not improve from 0.73000

Epoch 26: val_accuracy did not improve from 0.73000

Epoch 27: val_accuracy did not improve from 0.73000

Epoch 28: val_accuracy improved from 0.73000 to 0.74000, saving model to models\surrogate_IAAFT1_simples_1000_CNN_LSTM_model_1.h5

Epoch 29: val_accuracy did not improve from 0.74000

Epoch 30: val_accuracy did not improve from 0.74000

Epoch 31: val_accuracy did not improve from 0.74000

Epoch 32: val_accuracy did not improve from 0.74000

Epoch 33: val_accuracy improved from 0.74000 to 0.84500, saving model to models\surrogate_IAAFT1_simples_1000_CNN_LSTM_model_1.h5

Epoch 34: val_accuracy did not improve from 0.84500

Epoch 35: val_accuracy did not improve from 0.84500

Epoch 36: val_accuracy did not improve from 0.84500

Epoch 37: val_accuracy did not improve from 0.84500

Epoch 38: val_accuracy did not improve from 0.84500
Epoch 38: early stopping
>#2: 84.500

Epoch 1: val_accuracy improved from -inf to 0.51250, saving model to models\surrogate_IAAFT1_simples_1000_CNN_LSTM_model_2.h5

Epoch 2: val_accuracy improved from 0.51250 to 0.57500, saving model to models\surrogate_IAAFT1_simples_1000_CNN_LSTM_model_2.h5

Epoch 3: val_accuracy improved from 0.57500 to 0.71250, saving model to models\surrogate_IAAFT1_simples_1000_CNN_LSTM_model_2.h5

Epoch 4: val_accuracy improved from 0.71250 to 0.76500, saving model to models\surrogate_IAAFT1_simples_1000_CNN_LSTM_model_2.h5

Epoch 5: val_accuracy did not improve from 0.76500

Epoch 6: val_accuracy did not improve from 0.76500

Epoch 7: val_accuracy did not improve from 0.76500

Epoch 8: val_accuracy improved from 0.76500 to 0.81250, saving model to models\surrogate_IAAFT1_simples_1000_CNN_LSTM_model_2.h5

Epoch 9: val_accuracy did not improve from 0.81250

Epoch 10: val_accuracy did not improve from 0.81250

Epoch 11: val_accuracy did not improve from 0.81250

Epoch 12: val_accuracy did not improve from 0.81250

Epoch 13: val_accuracy did not improve from 0.81250
Epoch 13: early stopping
>#3: 81.250

Epoch 1: val_accuracy improved from -inf to 0.50500, saving model to models\surrogate_IAAFT1_simples_1000_CNN_LSTM_model_3.h5

Epoch 2: val_accuracy did not improve from 0.50500

Epoch 3: val_accuracy did not improve from 0.50500

Epoch 4: val_accuracy did not improve from 0.50500

Epoch 5: val_accuracy did not improve from 0.50500

Epoch 6: val_accuracy did not improve from 0.50500
Epoch 6: early stopping
>#4: 50.500

Epoch 1: val_accuracy improved from -inf to 0.50500, saving model to models\surrogate_IAAFT1_simples_1000_CNN_LSTM_model_4.h5

Epoch 2: val_accuracy improved from 0.50500 to 0.72250, saving model to models\surrogate_IAAFT1_simples_1000_CNN_LSTM_model_4.h5

Epoch 3: val_accuracy improved from 0.72250 to 0.97750, saving model to models\surrogate_IAAFT1_simples_1000_CNN_LSTM_model_4.h5

Epoch 4: val_accuracy did not improve from 0.97750

Epoch 5: val_accuracy did not improve from 0.97750

Epoch 6: val_accuracy did not improve from 0.97750

Epoch 7: val_accuracy did not improve from 0.97750

Epoch 8: val_accuracy did not improve from 0.97750
Epoch 8: early stopping
>#5: 97.750

Epoch 1: val_accuracy improved from -inf to 0.50500, saving model to models\surrogate_IAAFT1_simples_1000_CNN_LSTM_model_5.h5

Epoch 2: val_accuracy did not improve from 0.50500

Epoch 3: val_accuracy improved from 0.50500 to 0.69750, saving model to models\surrogate_IAAFT1_simples_1000_CNN_LSTM_model_5.h5

Epoch 4: val_accuracy did not improve from 0.69750

Epoch 5: val_accuracy did not improve from 0.69750

Epoch 6: val_accuracy did not improve from 0.69750

Epoch 7: val_accuracy did not improve from 0.69750

Epoch 8: val_accuracy improved from 0.69750 to 0.73500, saving model to models\surrogate_IAAFT1_simples_1000_CNN_LSTM_model_5.h5

Epoch 9: val_accuracy did not improve from 0.73500

Epoch 10: val_accuracy did not improve from 0.73500

Epoch 11: val_accuracy did not improve from 0.73500

Epoch 12: val_accuracy did not improve from 0.73500

Epoch 13: val_accuracy did not improve from 0.73500
Epoch 13: early stopping
>#6: 73.500

Epoch 1: val_accuracy improved from -inf to 0.63250, saving model to models\surrogate_IAAFT1_simples_1000_CNN_LSTM_model_6.h5

Epoch 2: val_accuracy did not improve from 0.63250

Epoch 3: val_accuracy did not improve from 0.63250

Epoch 4: val_accuracy did not improve from 0.63250

Epoch 5: val_accuracy did not improve from 0.63250

Epoch 6: val_accuracy did not improve from 0.63250
Epoch 6: early stopping
>#7: 63.250

Epoch 1: val_accuracy improved from -inf to 0.59750, saving model to models\surrogate_IAAFT1_simples_1000_CNN_LSTM_model_7.h5

Epoch 2: val_accuracy improved from 0.59750 to 0.69500, saving model to models\surrogate_IAAFT1_simples_1000_CNN_LSTM_model_7.h5

Epoch 3: val_accuracy improved from 0.69500 to 1.00000, saving model to models\surrogate_IAAFT1_simples_1000_CNN_LSTM_model_7.h5

Epoch 4: val_accuracy did not improve from 1.00000

Epoch 5: val_accuracy did not improve from 1.00000

Epoch 6: val_accuracy did not improve from 1.00000

Epoch 7: val_accuracy did not improve from 1.00000

Epoch 8: val_accuracy did not improve from 1.00000
Epoch 8: early stopping
>#8: 100.000

Epoch 1: val_accuracy improved from -inf to 0.50500, saving model to models\surrogate_IAAFT1_simples_1000_CNN_LSTM_model_8.h5

Epoch 2: val_accuracy did not improve from 0.50500

Epoch 3: val_accuracy did not improve from 0.50500

Epoch 4: val_accuracy did not improve from 0.50500

Epoch 5: val_accuracy did not improve from 0.50500

Epoch 6: val_accuracy did not improve from 0.50500
Epoch 6: early stopping
>#9: 50.500

Epoch 1: val_accuracy improved from -inf to 0.50500, saving model to models\surrogate_IAAFT1_simples_1000_CNN_LSTM_model_9.h5

Epoch 2: val_accuracy improved from 0.50500 to 0.79500, saving model to models\surrogate_IAAFT1_simples_1000_CNN_LSTM_model_9.h5

Epoch 3: val_accuracy did not improve from 0.79500

Epoch 4: val_accuracy improved from 0.79500 to 0.84500, saving model to models\surrogate_IAAFT1_simples_1000_CNN_LSTM_model_9.h5

Epoch 5: val_accuracy did not improve from 0.84500

Epoch 6: val_accuracy did not improve from 0.84500

Epoch 7: val_accuracy did not improve from 0.84500

Epoch 8: val_accuracy did not improve from 0.84500

Epoch 9: val_accuracy did not improve from 0.84500
Epoch 9: early stopping
>#10: 84.500
------------------ summarize results -------------------------
DL_model: CNN_LSTM_model
scores: [82.99999833106995, 84.50000286102295, 81.25, 50.49999952316284, 97.75000214576721, 73.50000143051147, 63.24999928474426, 100.0, 50.49999952316284, 84.50000286102295]
Accuracy mean (std): 76.875% (16.528)

Running time 67.5 seconds
------------------------------ 01 Completed ------------------------------

------------------------------ 02 Start Evaluation ------------------------------
surr_type: IAAFT1
simples: 1000
ID_train: S3
DL_model: CNN_LSTM_model
repeats: 10

02_evaluation_performance directory already exists!
# 0 >> accuracy: 0.8475000262260437
# 1 >> accuracy: 0.862500011920929
# 2 >> accuracy: 0.8174999952316284
# 3 >> accuracy: 0.5224999785423279
# 4 >> accuracy: 0.9750000238418579
# 5 >> accuracy: 0.737500011920929
# 6 >> accuracy: 0.6549999713897705
# 7 >> accuracy: 0.9975000023841858
# 8 >> accuracy: 0.5224999785423279
# 9 >> accuracy: 0.8575000166893005
The results have been saved to a txt file: 02_evaluation_performance/evaluation_performance_surrogate_IAAFT1_simples_1000_CNN_LSTM_model_train_S3.txt

Running time 17.4 seconds
------------------------------ 02 Completed Evaluation ------------------------------

------------------------------ 03 Start sliding windows ------------------------------
surr_type: IAAFT1
simples: 1000
ID_train: S3
ID_test: S1
Variable_label: Mo
tsid: 1
features: 450
sw_width: 441

03_sliding_window_data directory already exists!
S1.shape: (883, 2)
success-> sliding_window_features_shape (real=(883-441+1, 450)):  (443, 450)
------------------------------ 03 Completed sliding windows ------------------------------

------------------------------ 04 Start predicate ------------------------------
surr_type: IAAFT1
simples: 1000
ID_train: S3
ID_test: S1
DL_model: CNN_LSTM_model
repeats: 10

04_prediction_data directory already exists!
X_test.shape (443, 450)
X_test_array.shape:  (443, 450, 1)
--------------- prediction ... ---------------
textX=(samples, steps, length, channels): (443, 10, 45, 1)
textX=(samples, steps, length, channels): (443, 10, 45, 1)
textX=(samples, steps, length, channels): (443, 10, 45, 1)
textX=(samples, steps, length, channels): (443, 10, 45, 1)
textX=(samples, steps, length, channels): (443, 10, 45, 1)
textX=(samples, steps, length, channels): (443, 10, 45, 1)
textX=(samples, steps, length, channels): (443, 10, 45, 1)
textX=(samples, steps, length, channels): (443, 10, 45, 1)
textX=(samples, steps, length, channels): (443, 10, 45, 1)
textX=(samples, steps, length, channels): (443, 10, 45, 1)
y_pred_list.shape (443, 10)
------------------------------ 04 Completed predicate ------------------------------

------------------------------ 05 Start plots ------------------------------
surr_type: IAAFT1
simples: 1000
ID_train: S3
ID_test: S1
Variable_label: Mo
DL_model: CNN_LSTM_model
sw_width: 441
tsid: 1

05_ews_data_and_figures directory already exists!
05_ews_data_and_figures/data directory already exists!
05_ews_data_and_figures/data/IAAFT1 directory already exists!
05_ews_data_and_figures/figures directory already exists!
05_ews_data_and_figures/figures/IAAFT1 directory already exists!

Record_Core: MS21
start_age, Transition, end_age: -20.48787 -10.5 -8.00274
sliding_window_S1: 441
------------------------------ 05 Completed plots ------------------------------

------------------------------ 07 Start ROC for dl ------------------------------
surr_type: IAAFT1
simples: 1000
ID_merge_tsid: [1]
DL_model: CNN_LSTM_model
repeats: 10
features: 450

07_roc_data_and_figures_sdml directory already exists!
07_roc_data_and_figures_sdml/data directory already exists!
07_roc_data_and_figures_sdml/data/IAAFT1 directory already exists!
07_roc_data_and_figures_sdml/data/IAAFT1/ROC directory already exists!
07_roc_data_and_figures_sdml/figures directory already exists!
07_roc_data_and_figures_sdml/figures/IAAFT1 directory already exists!

07_roc_data_and_figures_sdml/figures/IAAFT1/ROC directory already exists!

len_eval_pts = 40

----- 01 forced trajectories and compute EWS -----
Complete for forced tsid=1
----- 01 null trajectories and compute EWS -----
Complete for null tsid=1
----- 02 Compute ROC curves -----
Exported ROC data to 07_roc_data_and_figures_sdml/data/IAAFT1/ROC/df_roc_surrogate_IAAFT1_simples_1000_CNN_LSTM_model_[1].csv
Exported ROC figure to 07_roc_data_and_figures_sdml/figures/IAAFT1/ROC/figure_roc_surrogate_IAAFT1_simples_1000_CNN_LSTM_model_[1].png
Ran in 19.21s
------------------------------ 07 Completed ROC for dl ------------------------------

------------------------------ 07 Start ROC for dl ------------------------------
surr_type: IAAFT1
simples: 1000
ID_merge_tsid: [3]
DL_model: CNN_LSTM_model
repeats: 10
features: 450

07_roc_data_and_figures_sdml directory already exists!
07_roc_data_and_figures_sdml/data directory already exists!
07_roc_data_and_figures_sdml/data/IAAFT1 directory already exists!
07_roc_data_and_figures_sdml/data/IAAFT1/ROC directory already exists!
07_roc_data_and_figures_sdml/figures directory already exists!
07_roc_data_and_figures_sdml/figures/IAAFT1 directory already exists!

07_roc_data_and_figures_sdml/figures/IAAFT1/ROC directory already exists!

len_eval_pts = 40

----- 01 forced trajectories and compute EWS -----
Complete for forced tsid=3
----- 01 null trajectories and compute EWS -----
Complete for null tsid=3
----- 02 Compute ROC curves -----
Exported ROC data to 07_roc_data_and_figures_sdml/data/IAAFT1/ROC/df_roc_surrogate_IAAFT1_simples_1000_CNN_LSTM_model_[3].csv
Exported ROC figure to 07_roc_data_and_figures_sdml/figures/IAAFT1/ROC/figure_roc_surrogate_IAAFT1_simples_1000_CNN_LSTM_model_[3].png
Ran in 19.26s
------------------------------ 07 Completed ROC for dl ------------------------------

------------------------------ 07 Start ROC for dl ------------------------------
surr_type: IAAFT1
simples: 1000
ID_merge_tsid: [3,1]
DL_model: CNN_LSTM_model
repeats: 10
features: 450

07_roc_data_and_figures_sdml directory already exists!
07_roc_data_and_figures_sdml/data directory already exists!
07_roc_data_and_figures_sdml/data/IAAFT1 directory already exists!
07_roc_data_and_figures_sdml/data/IAAFT1/ROC directory already exists!
07_roc_data_and_figures_sdml/figures directory already exists!
07_roc_data_and_figures_sdml/figures/IAAFT1 directory already exists!

07_roc_data_and_figures_sdml/figures/IAAFT1/ROC directory already exists!

len_eval_pts = 40

----- 01 forced trajectories and compute EWS -----
Complete for forced tsid=3
Complete for forced tsid=1
----- 01 null trajectories and compute EWS -----
Complete for null tsid=3
Complete for null tsid=1
----- 02 Compute ROC curves -----
Exported ROC data to 07_roc_data_and_figures_sdml/data/IAAFT1/ROC/df_roc_surrogate_IAAFT1_simples_1000_CNN_LSTM_model_[3,1].csv
Exported ROC figure to 07_roc_data_and_figures_sdml/figures/IAAFT1/ROC/figure_roc_surrogate_IAAFT1_simples_1000_CNN_LSTM_model_[3,1].png
Ran in 49.55s
------------------------------ 07 Completed ROC for dl ------------------------------

------------------------------ 07 Start ROC for dl ------------------------------
surr_type: IAAFT1
simples: 1000
ID_merge_tsid: all
DL_model: CNN_LSTM_model
repeats: 10
features: 450

07_roc_data_and_figures_sdml directory already exists!
07_roc_data_and_figures_sdml/data directory already exists!
07_roc_data_and_figures_sdml/data/IAAFT1 directory already exists!
07_roc_data_and_figures_sdml/data/IAAFT1/ROC directory already exists!
07_roc_data_and_figures_sdml/figures directory already exists!
07_roc_data_and_figures_sdml/figures/IAAFT1 directory already exists!

07_roc_data_and_figures_sdml/figures/IAAFT1/ROC directory already exists!

len_eval_pts = 40

----- 01 forced trajectories and compute EWS -----
Complete for forced tsid=1
Complete for forced tsid=2
Complete for forced tsid=3
Complete for forced tsid=4
Complete for forced tsid=5
Complete for forced tsid=6
Complete for forced tsid=7
Complete for forced tsid=8
Complete for forced tsid=9
Complete for forced tsid=10
Complete for forced tsid=11
Complete for forced tsid=12
Complete for forced tsid=13
----- 01 null trajectories and compute EWS -----
Complete for null tsid=1
Complete for null tsid=2
Complete for null tsid=3
Complete for null tsid=4
Complete for null tsid=5
Complete for null tsid=6
Complete for null tsid=7
Complete for null tsid=8
Complete for null tsid=9
Complete for null tsid=10
Complete for null tsid=11
Complete for null tsid=12
Complete for null tsid=13
----- 02 Compute ROC curves -----
Exported ROC data to 07_roc_data_and_figures_sdml/data/IAAFT1/ROC/df_roc_surrogate_IAAFT1_simples_1000_CNN_LSTM_model_all.csv
Exported ROC figure to 07_roc_data_and_figures_sdml/figures/IAAFT1/ROC/figure_roc_surrogate_IAAFT1_simples_1000_CNN_LSTM_model_all.png
Ran in 171.35s
------------------------------ 07 Completed ROC for dl ------------------------------

-------------------------------------------------------------------------------------
Using GPU for TensorFlow.
------------------------------ 01 Start run ------------------------------
Data_folder: MS21
surr_type: IAAFT1
simples: 1000
ID_train: S3
DL_model: ConvLSTM_model
repeats: 10

01_evaluation_data directory already exists!
models directory already exists!

full_path= ../../01_data_preprocessing/02_extracte_and_generate_surrogate_dataset/MS21/data/merge_surrogate_IAAFT1_simples_1000_train_S3.csv

Epoch 1: val_accuracy improved from -inf to 0.73500, saving model to models\surrogate_IAAFT1_simples_1000_ConvLSTM_model_0.h5

Epoch 2: val_accuracy improved from 0.73500 to 1.00000, saving model to models\surrogate_IAAFT1_simples_1000_ConvLSTM_model_0.h5

Epoch 3: val_accuracy did not improve from 1.00000

Epoch 4: val_accuracy did not improve from 1.00000

Epoch 5: val_accuracy did not improve from 1.00000

Epoch 6: val_accuracy did not improve from 1.00000

Epoch 7: val_accuracy did not improve from 1.00000
Epoch 7: early stopping
>#1: 100.000

Epoch 1: val_accuracy improved from -inf to 0.49500, saving model to models\surrogate_IAAFT1_simples_1000_ConvLSTM_model_1.h5

Epoch 2: val_accuracy improved from 0.49500 to 1.00000, saving model to models\surrogate_IAAFT1_simples_1000_ConvLSTM_model_1.h5

Epoch 3: val_accuracy did not improve from 1.00000

Epoch 4: val_accuracy did not improve from 1.00000

Epoch 5: val_accuracy did not improve from 1.00000

Epoch 6: val_accuracy did not improve from 1.00000

Epoch 7: val_accuracy did not improve from 1.00000
Epoch 7: early stopping
>#2: 100.000

Epoch 1: val_accuracy improved from -inf to 0.49500, saving model to models\surrogate_IAAFT1_simples_1000_ConvLSTM_model_2.h5

Epoch 2: val_accuracy improved from 0.49500 to 1.00000, saving model to models\surrogate_IAAFT1_simples_1000_ConvLSTM_model_2.h5

Epoch 3: val_accuracy did not improve from 1.00000

Epoch 4: val_accuracy did not improve from 1.00000

Epoch 5: val_accuracy did not improve from 1.00000

Epoch 6: val_accuracy did not improve from 1.00000

Epoch 7: val_accuracy did not improve from 1.00000
Epoch 7: early stopping
>#3: 100.000

Epoch 1: val_accuracy improved from -inf to 0.49500, saving model to models\surrogate_IAAFT1_simples_1000_ConvLSTM_model_3.h5

Epoch 2: val_accuracy improved from 0.49500 to 1.00000, saving model to models\surrogate_IAAFT1_simples_1000_ConvLSTM_model_3.h5

Epoch 3: val_accuracy did not improve from 1.00000

Epoch 4: val_accuracy did not improve from 1.00000

Epoch 5: val_accuracy did not improve from 1.00000

Epoch 6: val_accuracy did not improve from 1.00000

Epoch 7: val_accuracy did not improve from 1.00000
Epoch 7: early stopping
>#4: 100.000

Epoch 1: val_accuracy improved from -inf to 0.49500, saving model to models\surrogate_IAAFT1_simples_1000_ConvLSTM_model_4.h5

Epoch 2: val_accuracy improved from 0.49500 to 1.00000, saving model to models\surrogate_IAAFT1_simples_1000_ConvLSTM_model_4.h5

Epoch 3: val_accuracy did not improve from 1.00000

Epoch 4: val_accuracy did not improve from 1.00000

Epoch 5: val_accuracy did not improve from 1.00000

Epoch 6: val_accuracy did not improve from 1.00000

Epoch 7: val_accuracy did not improve from 1.00000
Epoch 7: early stopping
>#5: 100.000

Epoch 1: val_accuracy improved from -inf to 1.00000, saving model to models\surrogate_IAAFT1_simples_1000_ConvLSTM_model_5.h5

Epoch 2: val_accuracy did not improve from 1.00000

Epoch 3: val_accuracy did not improve from 1.00000

Epoch 4: val_accuracy did not improve from 1.00000

Epoch 5: val_accuracy did not improve from 1.00000

Epoch 6: val_accuracy did not improve from 1.00000
Epoch 6: early stopping
>#6: 100.000

Epoch 1: val_accuracy improved from -inf to 0.49500, saving model to models\surrogate_IAAFT1_simples_1000_ConvLSTM_model_6.h5

Epoch 2: val_accuracy improved from 0.49500 to 1.00000, saving model to models\surrogate_IAAFT1_simples_1000_ConvLSTM_model_6.h5

Epoch 3: val_accuracy did not improve from 1.00000

Epoch 4: val_accuracy did not improve from 1.00000

Epoch 5: val_accuracy did not improve from 1.00000

Epoch 6: val_accuracy did not improve from 1.00000

Epoch 7: val_accuracy did not improve from 1.00000
Epoch 7: early stopping
>#7: 100.000

Epoch 1: val_accuracy improved from -inf to 0.49500, saving model to models\surrogate_IAAFT1_simples_1000_ConvLSTM_model_7.h5

Epoch 2: val_accuracy improved from 0.49500 to 1.00000, saving model to models\surrogate_IAAFT1_simples_1000_ConvLSTM_model_7.h5

Epoch 3: val_accuracy did not improve from 1.00000

Epoch 4: val_accuracy did not improve from 1.00000

Epoch 5: val_accuracy did not improve from 1.00000

Epoch 6: val_accuracy did not improve from 1.00000

Epoch 7: val_accuracy did not improve from 1.00000
Epoch 7: early stopping
>#8: 100.000

Epoch 1: val_accuracy improved from -inf to 0.49500, saving model to models\surrogate_IAAFT1_simples_1000_ConvLSTM_model_8.h5

Epoch 2: val_accuracy improved from 0.49500 to 1.00000, saving model to models\surrogate_IAAFT1_simples_1000_ConvLSTM_model_8.h5

Epoch 3: val_accuracy did not improve from 1.00000

Epoch 4: val_accuracy did not improve from 1.00000

Epoch 5: val_accuracy did not improve from 1.00000

Epoch 6: val_accuracy did not improve from 1.00000

Epoch 7: val_accuracy did not improve from 1.00000
Epoch 7: early stopping
>#9: 100.000

Epoch 1: val_accuracy improved from -inf to 0.49500, saving model to models\surrogate_IAAFT1_simples_1000_ConvLSTM_model_9.h5

Epoch 2: val_accuracy improved from 0.49500 to 1.00000, saving model to models\surrogate_IAAFT1_simples_1000_ConvLSTM_model_9.h5

Epoch 3: val_accuracy did not improve from 1.00000

Epoch 4: val_accuracy did not improve from 1.00000

Epoch 5: val_accuracy did not improve from 1.00000

Epoch 6: val_accuracy did not improve from 1.00000

Epoch 7: val_accuracy did not improve from 1.00000
Epoch 7: early stopping
>#10: 100.000
------------------ summarize results -------------------------
DL_model: ConvLSTM_model
scores: [100.0, 100.0, 100.0, 100.0, 100.0, 100.0, 100.0, 100.0, 100.0, 100.0]
Accuracy mean (std): 100.000% (0.000)

Running time 232.2 seconds
------------------------------ 01 Completed ------------------------------

------------------------------ 02 Start Evaluation ------------------------------
surr_type: IAAFT1
simples: 1000
ID_train: S3
DL_model: ConvLSTM_model
repeats: 10

02_evaluation_performance directory already exists!
# 0 >> accuracy: 1.0
# 1 >> accuracy: 1.0
# 2 >> accuracy: 1.0
# 3 >> accuracy: 1.0
# 4 >> accuracy: 1.0
# 5 >> accuracy: 1.0
# 6 >> accuracy: 1.0
# 7 >> accuracy: 1.0
# 8 >> accuracy: 1.0
# 9 >> accuracy: 1.0
The results have been saved to a txt file: 02_evaluation_performance/evaluation_performance_surrogate_IAAFT1_simples_1000_ConvLSTM_model_train_S3.txt

Running time 27.8 seconds
------------------------------ 02 Completed Evaluation ------------------------------

------------------------------ 03 Start sliding windows ------------------------------
surr_type: IAAFT1
simples: 1000
ID_train: S3
ID_test: S1
Variable_label: Mo
tsid: 1
features: 450
sw_width: 441

03_sliding_window_data directory already exists!
S1.shape: (883, 2)
success-> sliding_window_features_shape (real=(883-441+1, 450)):  (443, 450)
------------------------------ 03 Completed sliding windows ------------------------------

------------------------------ 04 Start predicate ------------------------------
surr_type: IAAFT1
simples: 1000
ID_train: S3
ID_test: S1
DL_model: ConvLSTM_model
repeats: 10

04_prediction_data directory already exists!
X_test.shape (443, 450)
X_test_array.shape:  (443, 450, 1)
--------------- prediction ... ---------------
textX=(samples, time steps, rows, cols, channels): (443, 10, 1, 45, 1)
textX=(samples, time steps, rows, cols, channels): (443, 10, 1, 45, 1)
textX=(samples, time steps, rows, cols, channels): (443, 10, 1, 45, 1)
textX=(samples, time steps, rows, cols, channels): (443, 10, 1, 45, 1)
textX=(samples, time steps, rows, cols, channels): (443, 10, 1, 45, 1)
textX=(samples, time steps, rows, cols, channels): (443, 10, 1, 45, 1)
textX=(samples, time steps, rows, cols, channels): (443, 10, 1, 45, 1)
textX=(samples, time steps, rows, cols, channels): (443, 10, 1, 45, 1)
textX=(samples, time steps, rows, cols, channels): (443, 10, 1, 45, 1)
textX=(samples, time steps, rows, cols, channels): (443, 10, 1, 45, 1)
y_pred_list.shape (443, 10)
------------------------------ 04 Completed predicate ------------------------------

------------------------------ 05 Start plots ------------------------------
surr_type: IAAFT1
simples: 1000
ID_train: S3
ID_test: S1
Variable_label: Mo
DL_model: ConvLSTM_model
sw_width: 441
tsid: 1

05_ews_data_and_figures directory already exists!
05_ews_data_and_figures/data directory already exists!
05_ews_data_and_figures/data/IAAFT1 directory already exists!
05_ews_data_and_figures/figures directory already exists!
05_ews_data_and_figures/figures/IAAFT1 directory already exists!

Record_Core: MS21
start_age, Transition, end_age: -20.48787 -10.5 -8.00274
sliding_window_S1: 441
------------------------------ 05 Completed plots ------------------------------

------------------------------ 07 Start ROC for dl ------------------------------
surr_type: IAAFT1
simples: 1000
ID_merge_tsid: [1]
DL_model: ConvLSTM_model
repeats: 10
features: 450

07_roc_data_and_figures_sdml directory already exists!
07_roc_data_and_figures_sdml/data directory already exists!
07_roc_data_and_figures_sdml/data/IAAFT1 directory already exists!
07_roc_data_and_figures_sdml/data/IAAFT1/ROC directory already exists!
07_roc_data_and_figures_sdml/figures directory already exists!
07_roc_data_and_figures_sdml/figures/IAAFT1 directory already exists!

07_roc_data_and_figures_sdml/figures/IAAFT1/ROC directory already exists!

len_eval_pts = 40

----- 01 forced trajectories and compute EWS -----
Complete for forced tsid=1
----- 01 null trajectories and compute EWS -----
Complete for null tsid=1
----- 02 Compute ROC curves -----
Exported ROC data to 07_roc_data_and_figures_sdml/data/IAAFT1/ROC/df_roc_surrogate_IAAFT1_simples_1000_ConvLSTM_model_[1].csv
Exported ROC figure to 07_roc_data_and_figures_sdml/figures/IAAFT1/ROC/figure_roc_surrogate_IAAFT1_simples_1000_ConvLSTM_model_[1].png
Ran in 13.78s
------------------------------ 07 Completed ROC for dl ------------------------------

------------------------------ 07 Start ROC for dl ------------------------------
surr_type: IAAFT1
simples: 1000
ID_merge_tsid: [3]
DL_model: ConvLSTM_model
repeats: 10
features: 450

07_roc_data_and_figures_sdml directory already exists!
07_roc_data_and_figures_sdml/data directory already exists!
07_roc_data_and_figures_sdml/data/IAAFT1 directory already exists!
07_roc_data_and_figures_sdml/data/IAAFT1/ROC directory already exists!
07_roc_data_and_figures_sdml/figures directory already exists!
07_roc_data_and_figures_sdml/figures/IAAFT1 directory already exists!

07_roc_data_and_figures_sdml/figures/IAAFT1/ROC directory already exists!

len_eval_pts = 40

----- 01 forced trajectories and compute EWS -----
Complete for forced tsid=3
----- 01 null trajectories and compute EWS -----
Complete for null tsid=3
----- 02 Compute ROC curves -----
Exported ROC data to 07_roc_data_and_figures_sdml/data/IAAFT1/ROC/df_roc_surrogate_IAAFT1_simples_1000_ConvLSTM_model_[3].csv
Exported ROC figure to 07_roc_data_and_figures_sdml/figures/IAAFT1/ROC/figure_roc_surrogate_IAAFT1_simples_1000_ConvLSTM_model_[3].png
Ran in 13.98s
------------------------------ 07 Completed ROC for dl ------------------------------

------------------------------ 07 Start ROC for dl ------------------------------
surr_type: IAAFT1
simples: 1000
ID_merge_tsid: [3,1]
DL_model: ConvLSTM_model
repeats: 10
features: 450

07_roc_data_and_figures_sdml directory already exists!
07_roc_data_and_figures_sdml/data directory already exists!
07_roc_data_and_figures_sdml/data/IAAFT1 directory already exists!
07_roc_data_and_figures_sdml/data/IAAFT1/ROC directory already exists!
07_roc_data_and_figures_sdml/figures directory already exists!
07_roc_data_and_figures_sdml/figures/IAAFT1 directory already exists!

07_roc_data_and_figures_sdml/figures/IAAFT1/ROC directory already exists!

len_eval_pts = 40

----- 01 forced trajectories and compute EWS -----
Complete for forced tsid=3
Complete for forced tsid=1
----- 01 null trajectories and compute EWS -----
Complete for null tsid=3
Complete for null tsid=1
----- 02 Compute ROC curves -----
Exported ROC data to 07_roc_data_and_figures_sdml/data/IAAFT1/ROC/df_roc_surrogate_IAAFT1_simples_1000_ConvLSTM_model_[3,1].csv
Exported ROC figure to 07_roc_data_and_figures_sdml/figures/IAAFT1/ROC/figure_roc_surrogate_IAAFT1_simples_1000_ConvLSTM_model_[3,1].png
Ran in 17.67s
------------------------------ 07 Completed ROC for dl ------------------------------

------------------------------ 07 Start ROC for dl ------------------------------
surr_type: IAAFT1
simples: 1000
ID_merge_tsid: all
DL_model: ConvLSTM_model
repeats: 10
features: 450

07_roc_data_and_figures_sdml directory already exists!
07_roc_data_and_figures_sdml/data directory already exists!
07_roc_data_and_figures_sdml/data/IAAFT1 directory already exists!
07_roc_data_and_figures_sdml/data/IAAFT1/ROC directory already exists!
07_roc_data_and_figures_sdml/figures directory already exists!
07_roc_data_and_figures_sdml/figures/IAAFT1 directory already exists!

07_roc_data_and_figures_sdml/figures/IAAFT1/ROC directory already exists!

len_eval_pts = 40

----- 01 forced trajectories and compute EWS -----
Complete for forced tsid=1
Complete for forced tsid=2
Complete for forced tsid=3
Complete for forced tsid=4
Complete for forced tsid=5
Complete for forced tsid=6
Complete for forced tsid=7
Complete for forced tsid=8
Complete for forced tsid=9
Complete for forced tsid=10
Complete for forced tsid=11
Complete for forced tsid=12
Complete for forced tsid=13
----- 01 null trajectories and compute EWS -----
Complete for null tsid=1
Complete for null tsid=2
Complete for null tsid=3
Complete for null tsid=4
Complete for null tsid=5
Complete for null tsid=6
Complete for null tsid=7
Complete for null tsid=8
Complete for null tsid=9
Complete for null tsid=10
Complete for null tsid=11
Complete for null tsid=12
Complete for null tsid=13
----- 02 Compute ROC curves -----
Exported ROC data to 07_roc_data_and_figures_sdml/data/IAAFT1/ROC/df_roc_surrogate_IAAFT1_simples_1000_ConvLSTM_model_all.csv
Exported ROC figure to 07_roc_data_and_figures_sdml/figures/IAAFT1/ROC/figure_roc_surrogate_IAAFT1_simples_1000_ConvLSTM_model_all.png
Ran in 75.50s
------------------------------ 07 Completed ROC for dl ------------------------------

---------------------------- complete end ----------------------------
