---------------------------- Run start python scripts -----------------------------
-------------------------------------------------------------------------------------
Using GPU for TensorFlow.
------------------------------ 01 Start run ------------------------------
Data_folder: MS66
surr_type: IAAFT2
simples: 1000
ID_train: S5_S4
DL_model: CNN_model
repeats: 10

01_evaluation_data directory already exists!
models directory already exists!

full_path= G:/surrogate_data_based_machine_learning_v4.0.0/anoxia/01_data_preprocessing/02_extracte_and_generate_surrogate_dataset/MS66/data/merge_surrogate_IAAFT2_simples_1000_train_S5_S4.csv

Epoch 1: val_accuracy improved from -inf to 0.51500, saving model to models\surrogate_IAAFT2_simples_1000_CNN_model_0.h5

Epoch 2: val_accuracy improved from 0.51500 to 0.78375, saving model to models\surrogate_IAAFT2_simples_1000_CNN_model_0.h5

Epoch 3: val_accuracy improved from 0.78375 to 1.00000, saving model to models\surrogate_IAAFT2_simples_1000_CNN_model_0.h5

Epoch 4: val_accuracy did not improve from 1.00000

Epoch 5: val_accuracy did not improve from 1.00000

Epoch 6: val_accuracy did not improve from 1.00000

Epoch 7: val_accuracy did not improve from 1.00000

Epoch 8: val_accuracy did not improve from 1.00000
Epoch 8: early stopping
>#1: 100.000

Epoch 1: val_accuracy improved from -inf to 0.79500, saving model to models\surrogate_IAAFT2_simples_1000_CNN_model_1.h5

Epoch 2: val_accuracy improved from 0.79500 to 1.00000, saving model to models\surrogate_IAAFT2_simples_1000_CNN_model_1.h5

Epoch 3: val_accuracy did not improve from 1.00000

Epoch 4: val_accuracy did not improve from 1.00000

Epoch 5: val_accuracy did not improve from 1.00000

Epoch 6: val_accuracy did not improve from 1.00000

Epoch 7: val_accuracy did not improve from 1.00000
Epoch 7: early stopping
>#2: 100.000

Epoch 1: val_accuracy improved from -inf to 1.00000, saving model to models\surrogate_IAAFT2_simples_1000_CNN_model_2.h5

Epoch 2: val_accuracy did not improve from 1.00000

Epoch 3: val_accuracy did not improve from 1.00000

Epoch 4: val_accuracy did not improve from 1.00000

Epoch 5: val_accuracy did not improve from 1.00000

Epoch 6: val_accuracy did not improve from 1.00000
Epoch 6: early stopping
>#3: 100.000

Epoch 1: val_accuracy improved from -inf to 0.74250, saving model to models\surrogate_IAAFT2_simples_1000_CNN_model_3.h5

Epoch 2: val_accuracy improved from 0.74250 to 1.00000, saving model to models\surrogate_IAAFT2_simples_1000_CNN_model_3.h5

Epoch 3: val_accuracy did not improve from 1.00000

Epoch 4: val_accuracy did not improve from 1.00000

Epoch 5: val_accuracy did not improve from 1.00000

Epoch 6: val_accuracy did not improve from 1.00000

Epoch 7: val_accuracy did not improve from 1.00000
Epoch 7: early stopping
>#4: 100.000

Epoch 1: val_accuracy improved from -inf to 0.78375, saving model to models\surrogate_IAAFT2_simples_1000_CNN_model_4.h5

Epoch 2: val_accuracy improved from 0.78375 to 1.00000, saving model to models\surrogate_IAAFT2_simples_1000_CNN_model_4.h5

Epoch 3: val_accuracy did not improve from 1.00000

Epoch 4: val_accuracy did not improve from 1.00000

Epoch 5: val_accuracy did not improve from 1.00000

Epoch 6: val_accuracy did not improve from 1.00000

Epoch 7: val_accuracy did not improve from 1.00000
Epoch 7: early stopping
>#5: 100.000

Epoch 1: val_accuracy improved from -inf to 0.66625, saving model to models\surrogate_IAAFT2_simples_1000_CNN_model_5.h5

Epoch 2: val_accuracy improved from 0.66625 to 1.00000, saving model to models\surrogate_IAAFT2_simples_1000_CNN_model_5.h5

Epoch 3: val_accuracy did not improve from 1.00000

Epoch 4: val_accuracy did not improve from 1.00000

Epoch 5: val_accuracy did not improve from 1.00000

Epoch 6: val_accuracy did not improve from 1.00000

Epoch 7: val_accuracy did not improve from 1.00000
Epoch 7: early stopping
>#6: 100.000

Epoch 1: val_accuracy improved from -inf to 0.51500, saving model to models\surrogate_IAAFT2_simples_1000_CNN_model_6.h5

Epoch 2: val_accuracy improved from 0.51500 to 1.00000, saving model to models\surrogate_IAAFT2_simples_1000_CNN_model_6.h5

Epoch 3: val_accuracy did not improve from 1.00000

Epoch 4: val_accuracy did not improve from 1.00000

Epoch 5: val_accuracy did not improve from 1.00000

Epoch 6: val_accuracy did not improve from 1.00000

Epoch 7: val_accuracy did not improve from 1.00000
Epoch 7: early stopping
>#7: 100.000

Epoch 1: val_accuracy improved from -inf to 0.74625, saving model to models\surrogate_IAAFT2_simples_1000_CNN_model_7.h5

Epoch 2: val_accuracy improved from 0.74625 to 0.91250, saving model to models\surrogate_IAAFT2_simples_1000_CNN_model_7.h5

Epoch 3: val_accuracy improved from 0.91250 to 1.00000, saving model to models\surrogate_IAAFT2_simples_1000_CNN_model_7.h5

Epoch 4: val_accuracy did not improve from 1.00000

Epoch 5: val_accuracy did not improve from 1.00000

Epoch 6: val_accuracy did not improve from 1.00000

Epoch 7: val_accuracy did not improve from 1.00000

Epoch 8: val_accuracy did not improve from 1.00000
Epoch 8: early stopping
>#8: 100.000

Epoch 1: val_accuracy improved from -inf to 0.60125, saving model to models\surrogate_IAAFT2_simples_1000_CNN_model_8.h5

Epoch 2: val_accuracy improved from 0.60125 to 1.00000, saving model to models\surrogate_IAAFT2_simples_1000_CNN_model_8.h5

Epoch 3: val_accuracy did not improve from 1.00000

Epoch 4: val_accuracy did not improve from 1.00000

Epoch 5: val_accuracy did not improve from 1.00000

Epoch 6: val_accuracy did not improve from 1.00000

Epoch 7: val_accuracy did not improve from 1.00000
Epoch 7: early stopping
>#9: 100.000

Epoch 1: val_accuracy improved from -inf to 0.80125, saving model to models\surrogate_IAAFT2_simples_1000_CNN_model_9.h5

Epoch 2: val_accuracy improved from 0.80125 to 1.00000, saving model to models\surrogate_IAAFT2_simples_1000_CNN_model_9.h5

Epoch 3: val_accuracy did not improve from 1.00000

Epoch 4: val_accuracy did not improve from 1.00000

Epoch 5: val_accuracy did not improve from 1.00000

Epoch 6: val_accuracy did not improve from 1.00000

Epoch 7: val_accuracy did not improve from 1.00000
Epoch 7: early stopping
>#10: 100.000
------------------ summarize results -------------------------
DL_model: CNN_model
scores: [100.0, 100.0, 100.0, 100.0, 100.0, 100.0, 100.0, 100.0, 100.0, 100.0]
Accuracy mean (std): 100.000% (0.000)

Running time 61.9 seconds
------------------------------ 01 Completed ------------------------------

------------------------------ 02 Start Evaluation ------------------------------
surr_type: IAAFT2
simples: 1000
ID_train: S5_S4
DL_model: CNN_model
repeats: 10

02_evaluation_performance directory already exists!
# 0 >> accuracy: 1.0
# 1 >> accuracy: 1.0
# 2 >> accuracy: 0.9987499713897705
# 3 >> accuracy: 1.0
# 4 >> accuracy: 1.0
# 5 >> accuracy: 1.0
# 6 >> accuracy: 1.0
# 7 >> accuracy: 1.0
# 8 >> accuracy: 1.0
# 9 >> accuracy: 1.0
The results have been saved to a txt file: 02_evaluation_performance/evaluation_performance_surrogate_IAAFT2_simples_1000_CNN_model_train_S5_S4.txt

Running time 9.2 seconds
------------------------------ 02 Completed Evaluation ------------------------------

------------------------------ 03 Start sliding windows ------------------------------
surr_type: IAAFT2
simples: 1000
ID_train: S5_S4
ID_test: S1
Variable_label: Mo
tsid: 2
features: 220
sw_width: 208

03_sliding_window_data directory already exists!
S1.shape: (416, 2)
success-> sliding_window_features_shape (real=(416-208+1, 220)):  (209, 220)
------------------------------ 03 Completed sliding windows ------------------------------

------------------------------ 04 Start predicate ------------------------------
surr_type: IAAFT2
simples: 1000
ID_train: S5_S4
ID_test: S1
DL_model: CNN_model
repeats: 10

04_prediction_data directory already exists!
X_test.shape (209, 220)
X_test_array.shape:  (209, 220, 1)
--------------- prediction ... ---------------
y_pred_list.shape (209, 10)
------------------------------ 04 Completed predicate ------------------------------

------------------------------ 05 Start plots ------------------------------
surr_type: IAAFT2
simples: 1000
ID_train: S5_S4
ID_test: S1
Variable_label: Mo
DL_model: CNN_model
sw_width: 208
tsid: 2

05_ews_data_and_figures directory already exists!
05_ews_data_and_figures/data directory already exists!
05_ews_data_and_figures/figures directory already exists!
Record_Core: MS66
start_age, Transition, end_age: -20.481013 -10.5 -8.005155
sliding_window_S1: 208
------------------------------ 05 Completed plots ------------------------------

------------------------------ 06 Start ROC for variance and lag-1 autocorrelation ------------------------------
surr_type: IAAFT2
simples: 1000
ID_merge_tsid: [4,2]
DL_model: CNN_model
repeats: 10
features: 220

06_roc_data_and_figures_var_corr directory already exists!
06_roc_data_and_figures_var_corr/data directory already exists!
06_roc_data_and_figures_var_corr/data/ROC directory already exists!
06_roc_data_and_figures_var_corr/figures directory already exists!
06_roc_data_and_figures_var_corr/figures/ROC directory already exists!
len_eval_pts= 20

----- 01 forced trajectories and compute EWS -----
Complete for forced tsid=4
Complete for forced tsid=2
----- 01 null trajectories and compute EWS -----
Complete for null tsid=4
Complete for null tsid=2
----- 02 Compute ROC curves -----
Exported ROC data to 06_roc_data_and_figures_var_corr/data/ROC/df_roc_var_corr_[4,2].csv
Exported ROC figure to 06_roc_data_and_figures_var_corr/figures/ROC/figure_roc_var_corr_[4,2].png
Ran in 1.42s
------------------------------ 06 Completed ROC for variance and lag-1 autocorrelation ------------------------------

------------------------------ 07 Start ROC for dl ------------------------------
surr_type: IAAFT2
simples: 1000
ID_merge_tsid: [4,2]
DL_model: CNN_model
repeats: 10
features: 220

07_roc_data_and_figures_sdml directory already exists!
07_roc_data_and_figures_sdml/data directory already exists!
07_roc_data_and_figures_sdml/figures directory already exists!
len_eval_pts = 20

----- 01 forced trajectories and compute EWS -----
Complete for forced tsid=4
Complete for forced tsid=2
----- 01 null trajectories and compute EWS -----
Complete for null tsid=4
Complete for null tsid=2
----- 02 Compute ROC curves -----
Exported ROC data to 07_roc_data_and_figures_sdml/data/IAAFT2/ROC/df_roc_surrogate_IAAFT2_simples_1000_CNN_model_[4,2].csv
Exported ROC figure to 07_roc_data_and_figures_sdml/figures/IAAFT2/ROC/figure_roc_surrogate_IAAFT2_simples_1000_CNN_model_[4,2].png
Ran in 11.13s
------------------------------ 07 Completed ROC for dl ------------------------------

------------------------------ 06 Start ROC for variance and lag-1 autocorrelation ------------------------------
surr_type: IAAFT2
simples: 1000
ID_merge_tsid: [8,6]
DL_model: CNN_model
repeats: 10
features: 220

06_roc_data_and_figures_var_corr directory already exists!
06_roc_data_and_figures_var_corr/data directory already exists!
06_roc_data_and_figures_var_corr/data/ROC directory already exists!
06_roc_data_and_figures_var_corr/figures directory already exists!
06_roc_data_and_figures_var_corr/figures/ROC directory already exists!
len_eval_pts= 20

----- 01 forced trajectories and compute EWS -----
Complete for forced tsid=8
Complete for forced tsid=6
----- 01 null trajectories and compute EWS -----
Complete for null tsid=8
Complete for null tsid=6
----- 02 Compute ROC curves -----
Exported ROC data to 06_roc_data_and_figures_var_corr/data/ROC/df_roc_var_corr_[8,6].csv
Exported ROC figure to 06_roc_data_and_figures_var_corr/figures/ROC/figure_roc_var_corr_[8,6].png
Ran in 1.40s
------------------------------ 06 Completed ROC for variance and lag-1 autocorrelation ------------------------------

------------------------------ 07 Start ROC for dl ------------------------------
surr_type: IAAFT2
simples: 1000
ID_merge_tsid: [8,6]
DL_model: CNN_model
repeats: 10
features: 220

07_roc_data_and_figures_sdml directory already exists!
07_roc_data_and_figures_sdml/data directory already exists!
07_roc_data_and_figures_sdml/data/IAAFT2 directory already exists!
07_roc_data_and_figures_sdml/data/IAAFT2/ROC directory already exists!
07_roc_data_and_figures_sdml/figures directory already exists!
07_roc_data_and_figures_sdml/figures/IAAFT2 directory already exists!

07_roc_data_and_figures_sdml/figures/IAAFT2/ROC directory already exists!

len_eval_pts = 20

----- 01 forced trajectories and compute EWS -----
Complete for forced tsid=8
Complete for forced tsid=6
----- 01 null trajectories and compute EWS -----
Complete for null tsid=8
Complete for null tsid=6
----- 02 Compute ROC curves -----
Exported ROC data to 07_roc_data_and_figures_sdml/data/IAAFT2/ROC/df_roc_surrogate_IAAFT2_simples_1000_CNN_model_[8,6].csv
Exported ROC figure to 07_roc_data_and_figures_sdml/figures/IAAFT2/ROC/figure_roc_surrogate_IAAFT2_simples_1000_CNN_model_[8,6].png
Ran in 10.93s
------------------------------ 07 Completed ROC for dl ------------------------------

------------------------------ 06 Start ROC for variance and lag-1 autocorrelation ------------------------------
surr_type: IAAFT2
simples: 1000
ID_merge_tsid: [8,6,4,2]
DL_model: CNN_model
repeats: 10
features: 220

06_roc_data_and_figures_var_corr directory already exists!
06_roc_data_and_figures_var_corr/data directory already exists!
06_roc_data_and_figures_var_corr/data/ROC directory already exists!
06_roc_data_and_figures_var_corr/figures directory already exists!
06_roc_data_and_figures_var_corr/figures/ROC directory already exists!
len_eval_pts= 20

----- 01 forced trajectories and compute EWS -----
Complete for forced tsid=8
Complete for forced tsid=6
Complete for forced tsid=4
Complete for forced tsid=2
----- 01 null trajectories and compute EWS -----
Complete for null tsid=8
Complete for null tsid=6
Complete for null tsid=4
Complete for null tsid=2
----- 02 Compute ROC curves -----
Exported ROC data to 06_roc_data_and_figures_var_corr/data/ROC/df_roc_var_corr_[8,6,4,2].csv
Exported ROC figure to 06_roc_data_and_figures_var_corr/figures/ROC/figure_roc_var_corr_[8,6,4,2].png
Ran in 1.56s
------------------------------ 06 Completed ROC for variance and lag-1 autocorrelation ------------------------------

------------------------------ 07 Start ROC for dl ------------------------------
surr_type: IAAFT2
simples: 1000
ID_merge_tsid: [8,6,4,2]
DL_model: CNN_model
repeats: 10
features: 220

07_roc_data_and_figures_sdml directory already exists!
07_roc_data_and_figures_sdml/data directory already exists!
07_roc_data_and_figures_sdml/data/IAAFT2 directory already exists!
07_roc_data_and_figures_sdml/data/IAAFT2/ROC directory already exists!
07_roc_data_and_figures_sdml/figures directory already exists!
07_roc_data_and_figures_sdml/figures/IAAFT2 directory already exists!

07_roc_data_and_figures_sdml/figures/IAAFT2/ROC directory already exists!

len_eval_pts = 20

----- 01 forced trajectories and compute EWS -----
Complete for forced tsid=8
Complete for forced tsid=6
Complete for forced tsid=4
Complete for forced tsid=2
----- 01 null trajectories and compute EWS -----
Complete for null tsid=8
Complete for null tsid=6
Complete for null tsid=4
Complete for null tsid=2
----- 02 Compute ROC curves -----
Exported ROC data to 07_roc_data_and_figures_sdml/data/IAAFT2/ROC/df_roc_surrogate_IAAFT2_simples_1000_CNN_model_[8,6,4,2].csv
Exported ROC figure to 07_roc_data_and_figures_sdml/figures/IAAFT2/ROC/figure_roc_surrogate_IAAFT2_simples_1000_CNN_model_[8,6,4,2].png
Ran in 15.12s
------------------------------ 07 Completed ROC for dl ------------------------------

------------------------------ 06 Start ROC for variance and lag-1 autocorrelation ------------------------------
surr_type: IAAFT2
simples: 1000
ID_merge_tsid: all
DL_model: CNN_model
repeats: 10
features: 220

06_roc_data_and_figures_var_corr directory already exists!
06_roc_data_and_figures_var_corr/data directory already exists!
06_roc_data_and_figures_var_corr/data/ROC directory already exists!
06_roc_data_and_figures_var_corr/figures directory already exists!
06_roc_data_and_figures_var_corr/figures/ROC directory already exists!
len_eval_pts= 20

----- 01 forced trajectories and compute EWS -----
Complete for forced tsid=1
Complete for forced tsid=2
Complete for forced tsid=3
Complete for forced tsid=4
Complete for forced tsid=5
Complete for forced tsid=6
Complete for forced tsid=7
Complete for forced tsid=8
Complete for forced tsid=9
Complete for forced tsid=10
Complete for forced tsid=11
Complete for forced tsid=12
Complete for forced tsid=13
----- 01 null trajectories and compute EWS -----
Complete for null tsid=1
Complete for null tsid=2
Complete for null tsid=3
Complete for null tsid=4
Complete for null tsid=5
Complete for null tsid=6
Complete for null tsid=7
Complete for null tsid=8
Complete for null tsid=9
Complete for null tsid=10
Complete for null tsid=11
Complete for null tsid=12
Complete for null tsid=13
----- 02 Compute ROC curves -----
Exported ROC data to 06_roc_data_and_figures_var_corr/data/ROC/df_roc_var_corr_all.csv
Exported ROC figure to 06_roc_data_and_figures_var_corr/figures/ROC/figure_roc_var_corr_all.png
Ran in 2.16s
------------------------------ 06 Completed ROC for variance and lag-1 autocorrelation ------------------------------

------------------------------ 07 Start ROC for dl ------------------------------
surr_type: IAAFT2
simples: 1000
ID_merge_tsid: all
DL_model: CNN_model
repeats: 10
features: 220

07_roc_data_and_figures_sdml directory already exists!
07_roc_data_and_figures_sdml/data directory already exists!
07_roc_data_and_figures_sdml/data/IAAFT2 directory already exists!
07_roc_data_and_figures_sdml/data/IAAFT2/ROC directory already exists!
07_roc_data_and_figures_sdml/figures directory already exists!
07_roc_data_and_figures_sdml/figures/IAAFT2 directory already exists!

07_roc_data_and_figures_sdml/figures/IAAFT2/ROC directory already exists!

len_eval_pts = 20

----- 01 forced trajectories and compute EWS -----
Complete for forced tsid=1
Complete for forced tsid=2
Complete for forced tsid=3
Complete for forced tsid=4
Complete for forced tsid=5
Complete for forced tsid=6
Complete for forced tsid=7
Complete for forced tsid=8
Complete for forced tsid=9
Complete for forced tsid=10
Complete for forced tsid=11
Complete for forced tsid=12
Complete for forced tsid=13
----- 01 null trajectories and compute EWS -----
Complete for null tsid=1
Complete for null tsid=2
Complete for null tsid=3
Complete for null tsid=4
Complete for null tsid=5
Complete for null tsid=6
Complete for null tsid=7
Complete for null tsid=8
Complete for null tsid=9
Complete for null tsid=10
Complete for null tsid=11
Complete for null tsid=12
Complete for null tsid=13
----- 02 Compute ROC curves -----
Exported ROC data to 07_roc_data_and_figures_sdml/data/IAAFT2/ROC/df_roc_surrogate_IAAFT2_simples_1000_CNN_model_all.csv
Exported ROC figure to 07_roc_data_and_figures_sdml/figures/IAAFT2/ROC/figure_roc_surrogate_IAAFT2_simples_1000_CNN_model_all.png
Ran in 36.09s
------------------------------ 07 Completed ROC for dl ------------------------------

------------------------------ 03 Start sliding windows ------------------------------
surr_type: IAAFT2
simples: 1000
ID_train: S5_S4
ID_test: S3
Variable_label: Mo
tsid: 4
features: 220
sw_width: 148

03_sliding_window_data directory already exists!
S3.shape: (297, 2)
success-> sliding_window_features_shape (real=(297-148+1, 220)):  (150, 220)
------------------------------ 03 Completed sliding windows ------------------------------

------------------------------ 04 Start predicate ------------------------------
surr_type: IAAFT2
simples: 1000
ID_train: S5_S4
ID_test: S3
DL_model: CNN_model
repeats: 10

04_prediction_data directory already exists!
X_test.shape (150, 220)
X_test_array.shape:  (150, 220, 1)
--------------- prediction ... ---------------
y_pred_list.shape (150, 10)
------------------------------ 04 Completed predicate ------------------------------

------------------------------ 05 Start plots ------------------------------
surr_type: IAAFT2
simples: 1000
ID_train: S5_S4
ID_test: S3
Variable_label: Mo
DL_model: CNN_model
sw_width: 148
tsid: 4

05_ews_data_and_figures directory already exists!
05_ews_data_and_figures/data directory already exists!
05_ews_data_and_figures/data/IAAFT2 directory already exists!
05_ews_data_and_figures/figures directory already exists!
05_ews_data_and_figures/figures/IAAFT2 directory already exists!

Record_Core: MS66
start_age, Transition, end_age: -95.770526 -85.8 -83.722374
sliding_window_S3: 148
------------------------------ 05 Completed plots ------------------------------

-------------------------------------------------------------------------------------
Using GPU for TensorFlow.
------------------------------ 01 Start run ------------------------------
Data_folder: MS66
surr_type: IAAFT2
simples: 1000
ID_train: S5_S4
DL_model: three_head_CNN_model
repeats: 10

01_evaluation_data directory already exists!
models directory already exists!

full_path= G:/surrogate_data_based_machine_learning_v4.0.0/anoxia/01_data_preprocessing/02_extracte_and_generate_surrogate_dataset/MS66/data/merge_surrogate_IAAFT2_simples_1000_train_S5_S4.csv

Epoch 1: val_accuracy improved from -inf to 0.51500, saving model to models\surrogate_IAAFT2_simples_1000_three_head_CNN_model_0.h5

Epoch 2: val_accuracy did not improve from 0.51500

Epoch 3: val_accuracy improved from 0.51500 to 0.55125, saving model to models\surrogate_IAAFT2_simples_1000_three_head_CNN_model_0.h5

Epoch 4: val_accuracy improved from 0.55125 to 0.71000, saving model to models\surrogate_IAAFT2_simples_1000_three_head_CNN_model_0.h5

Epoch 5: val_accuracy improved from 0.71000 to 0.98500, saving model to models\surrogate_IAAFT2_simples_1000_three_head_CNN_model_0.h5

Epoch 6: val_accuracy improved from 0.98500 to 1.00000, saving model to models\surrogate_IAAFT2_simples_1000_three_head_CNN_model_0.h5

Epoch 7: val_accuracy did not improve from 1.00000

Epoch 8: val_accuracy did not improve from 1.00000

Epoch 9: val_accuracy did not improve from 1.00000

Epoch 10: val_accuracy did not improve from 1.00000

Epoch 11: val_accuracy did not improve from 1.00000
Epoch 11: early stopping
>#1: 100.000

Epoch 1: val_accuracy improved from -inf to 0.51500, saving model to models\surrogate_IAAFT2_simples_1000_three_head_CNN_model_1.h5

Epoch 2: val_accuracy did not improve from 0.51500

Epoch 3: val_accuracy improved from 0.51500 to 0.54000, saving model to models\surrogate_IAAFT2_simples_1000_three_head_CNN_model_1.h5

Epoch 4: val_accuracy improved from 0.54000 to 0.97125, saving model to models\surrogate_IAAFT2_simples_1000_three_head_CNN_model_1.h5

Epoch 5: val_accuracy improved from 0.97125 to 1.00000, saving model to models\surrogate_IAAFT2_simples_1000_three_head_CNN_model_1.h5

Epoch 6: val_accuracy did not improve from 1.00000

Epoch 7: val_accuracy did not improve from 1.00000

Epoch 8: val_accuracy did not improve from 1.00000

Epoch 9: val_accuracy did not improve from 1.00000

Epoch 10: val_accuracy did not improve from 1.00000
Epoch 10: early stopping
>#2: 100.000

Epoch 1: val_accuracy improved from -inf to 0.51500, saving model to models\surrogate_IAAFT2_simples_1000_three_head_CNN_model_2.h5

Epoch 2: val_accuracy did not improve from 0.51500

Epoch 3: val_accuracy improved from 0.51500 to 0.52500, saving model to models\surrogate_IAAFT2_simples_1000_three_head_CNN_model_2.h5

Epoch 4: val_accuracy improved from 0.52500 to 0.98000, saving model to models\surrogate_IAAFT2_simples_1000_three_head_CNN_model_2.h5

Epoch 5: val_accuracy improved from 0.98000 to 1.00000, saving model to models\surrogate_IAAFT2_simples_1000_three_head_CNN_model_2.h5

Epoch 6: val_accuracy did not improve from 1.00000

Epoch 7: val_accuracy did not improve from 1.00000

Epoch 8: val_accuracy did not improve from 1.00000

Epoch 9: val_accuracy did not improve from 1.00000

Epoch 10: val_accuracy did not improve from 1.00000
Epoch 10: early stopping
>#3: 100.000

Epoch 1: val_accuracy improved from -inf to 0.51500, saving model to models\surrogate_IAAFT2_simples_1000_three_head_CNN_model_3.h5

Epoch 2: val_accuracy did not improve from 0.51500

Epoch 3: val_accuracy improved from 0.51500 to 0.60000, saving model to models\surrogate_IAAFT2_simples_1000_three_head_CNN_model_3.h5

Epoch 4: val_accuracy improved from 0.60000 to 0.88125, saving model to models\surrogate_IAAFT2_simples_1000_three_head_CNN_model_3.h5

Epoch 5: val_accuracy improved from 0.88125 to 1.00000, saving model to models\surrogate_IAAFT2_simples_1000_three_head_CNN_model_3.h5

Epoch 6: val_accuracy did not improve from 1.00000

Epoch 7: val_accuracy did not improve from 1.00000

Epoch 8: val_accuracy did not improve from 1.00000

Epoch 9: val_accuracy did not improve from 1.00000

Epoch 10: val_accuracy did not improve from 1.00000
Epoch 10: early stopping
>#4: 100.000

Epoch 1: val_accuracy improved from -inf to 0.51500, saving model to models\surrogate_IAAFT2_simples_1000_three_head_CNN_model_4.h5

Epoch 2: val_accuracy did not improve from 0.51500

Epoch 3: val_accuracy improved from 0.51500 to 0.57625, saving model to models\surrogate_IAAFT2_simples_1000_three_head_CNN_model_4.h5

Epoch 4: val_accuracy improved from 0.57625 to 0.89250, saving model to models\surrogate_IAAFT2_simples_1000_three_head_CNN_model_4.h5

Epoch 5: val_accuracy improved from 0.89250 to 1.00000, saving model to models\surrogate_IAAFT2_simples_1000_three_head_CNN_model_4.h5

Epoch 6: val_accuracy did not improve from 1.00000

Epoch 7: val_accuracy did not improve from 1.00000

Epoch 8: val_accuracy did not improve from 1.00000

Epoch 9: val_accuracy did not improve from 1.00000

Epoch 10: val_accuracy did not improve from 1.00000
Epoch 10: early stopping
>#5: 100.000

Epoch 1: val_accuracy improved from -inf to 0.51500, saving model to models\surrogate_IAAFT2_simples_1000_three_head_CNN_model_5.h5

Epoch 2: val_accuracy did not improve from 0.51500

Epoch 3: val_accuracy did not improve from 0.51500

Epoch 4: val_accuracy improved from 0.51500 to 0.93250, saving model to models\surrogate_IAAFT2_simples_1000_three_head_CNN_model_5.h5

Epoch 5: val_accuracy improved from 0.93250 to 1.00000, saving model to models\surrogate_IAAFT2_simples_1000_three_head_CNN_model_5.h5

Epoch 6: val_accuracy did not improve from 1.00000

Epoch 7: val_accuracy did not improve from 1.00000

Epoch 8: val_accuracy did not improve from 1.00000

Epoch 9: val_accuracy did not improve from 1.00000

Epoch 10: val_accuracy did not improve from 1.00000
Epoch 10: early stopping
>#6: 100.000

Epoch 1: val_accuracy improved from -inf to 0.51500, saving model to models\surrogate_IAAFT2_simples_1000_three_head_CNN_model_6.h5

Epoch 2: val_accuracy did not improve from 0.51500

Epoch 3: val_accuracy improved from 0.51500 to 0.56000, saving model to models\surrogate_IAAFT2_simples_1000_three_head_CNN_model_6.h5

Epoch 4: val_accuracy improved from 0.56000 to 1.00000, saving model to models\surrogate_IAAFT2_simples_1000_three_head_CNN_model_6.h5

Epoch 5: val_accuracy did not improve from 1.00000

Epoch 6: val_accuracy did not improve from 1.00000

Epoch 7: val_accuracy did not improve from 1.00000

Epoch 8: val_accuracy did not improve from 1.00000

Epoch 9: val_accuracy did not improve from 1.00000
Epoch 9: early stopping
>#7: 100.000

Epoch 1: val_accuracy improved from -inf to 0.51500, saving model to models\surrogate_IAAFT2_simples_1000_three_head_CNN_model_7.h5

Epoch 2: val_accuracy did not improve from 0.51500

Epoch 3: val_accuracy improved from 0.51500 to 0.56125, saving model to models\surrogate_IAAFT2_simples_1000_three_head_CNN_model_7.h5

Epoch 4: val_accuracy improved from 0.56125 to 0.73125, saving model to models\surrogate_IAAFT2_simples_1000_three_head_CNN_model_7.h5

Epoch 5: val_accuracy improved from 0.73125 to 1.00000, saving model to models\surrogate_IAAFT2_simples_1000_three_head_CNN_model_7.h5

Epoch 6: val_accuracy did not improve from 1.00000

Epoch 7: val_accuracy did not improve from 1.00000

Epoch 8: val_accuracy did not improve from 1.00000

Epoch 9: val_accuracy did not improve from 1.00000

Epoch 10: val_accuracy did not improve from 1.00000
Epoch 10: early stopping
>#8: 100.000

Epoch 1: val_accuracy improved from -inf to 0.51500, saving model to models\surrogate_IAAFT2_simples_1000_three_head_CNN_model_8.h5

Epoch 2: val_accuracy did not improve from 0.51500

Epoch 3: val_accuracy improved from 0.51500 to 1.00000, saving model to models\surrogate_IAAFT2_simples_1000_three_head_CNN_model_8.h5

Epoch 4: val_accuracy did not improve from 1.00000

Epoch 5: val_accuracy did not improve from 1.00000

Epoch 6: val_accuracy did not improve from 1.00000

Epoch 7: val_accuracy did not improve from 1.00000

Epoch 8: val_accuracy did not improve from 1.00000
Epoch 8: early stopping
>#9: 100.000

Epoch 1: val_accuracy improved from -inf to 0.51500, saving model to models\surrogate_IAAFT2_simples_1000_three_head_CNN_model_9.h5

Epoch 2: val_accuracy did not improve from 0.51500

Epoch 3: val_accuracy did not improve from 0.51500

Epoch 4: val_accuracy improved from 0.51500 to 0.98875, saving model to models\surrogate_IAAFT2_simples_1000_three_head_CNN_model_9.h5

Epoch 5: val_accuracy improved from 0.98875 to 1.00000, saving model to models\surrogate_IAAFT2_simples_1000_three_head_CNN_model_9.h5

Epoch 6: val_accuracy did not improve from 1.00000

Epoch 7: val_accuracy did not improve from 1.00000

Epoch 8: val_accuracy did not improve from 1.00000

Epoch 9: val_accuracy did not improve from 1.00000

Epoch 10: val_accuracy did not improve from 1.00000
Epoch 10: early stopping
>#10: 100.000
------------------ summarize results -------------------------
DL_model: three_head_CNN_model
scores: [100.0, 100.0, 100.0, 100.0, 100.0, 100.0, 100.0, 100.0, 100.0, 100.0]
Accuracy mean (std): 100.000% (0.000)

Running time 87.2 seconds
------------------------------ 01 Completed ------------------------------

------------------------------ 02 Start Evaluation ------------------------------
surr_type: IAAFT2
simples: 1000
ID_train: S5_S4
DL_model: three_head_CNN_model
repeats: 10

02_evaluation_performance directory already exists!
# 0 >> accuracy: 1.0
# 1 >> accuracy: 1.0
# 2 >> accuracy: 1.0
# 3 >> accuracy: 1.0
# 4 >> accuracy: 1.0
# 5 >> accuracy: 1.0
# 6 >> accuracy: 1.0
# 7 >> accuracy: 1.0
# 8 >> accuracy: 1.0
# 9 >> accuracy: 1.0
The results have been saved to a txt file: 02_evaluation_performance/evaluation_performance_surrogate_IAAFT2_simples_1000_three_head_CNN_model_train_S5_S4.txt

Running time 12.0 seconds
------------------------------ 02 Completed Evaluation ------------------------------

------------------------------ 03 Start sliding windows ------------------------------
surr_type: IAAFT2
simples: 1000
ID_train: S5_S4
ID_test: S1
Variable_label: Mo
tsid: 2
features: 220
sw_width: 208

03_sliding_window_data directory already exists!
S1.shape: (416, 2)
success-> sliding_window_features_shape (real=(416-208+1, 220)):  (209, 220)
------------------------------ 03 Completed sliding windows ------------------------------

------------------------------ 04 Start predicate ------------------------------
surr_type: IAAFT2
simples: 1000
ID_train: S5_S4
ID_test: S1
DL_model: three_head_CNN_model
repeats: 10

04_prediction_data directory already exists!
X_test.shape (209, 220)
X_test_array.shape:  (209, 220, 1)
--------------- prediction ... ---------------
y_pred_list.shape (209, 10)
------------------------------ 04 Completed predicate ------------------------------

------------------------------ 05 Start plots ------------------------------
surr_type: IAAFT2
simples: 1000
ID_train: S5_S4
ID_test: S1
Variable_label: Mo
DL_model: three_head_CNN_model
sw_width: 208
tsid: 2

05_ews_data_and_figures directory already exists!
05_ews_data_and_figures/data directory already exists!
05_ews_data_and_figures/data/IAAFT2 directory already exists!
05_ews_data_and_figures/figures directory already exists!
05_ews_data_and_figures/figures/IAAFT2 directory already exists!

Record_Core: MS66
start_age, Transition, end_age: -20.481013 -10.5 -8.005155
sliding_window_S1: 208
------------------------------ 05 Completed plots ------------------------------

------------------------------ 07 Start ROC for dl ------------------------------
surr_type: IAAFT2
simples: 1000
ID_merge_tsid: [4,2]
DL_model: three_head_CNN_model
repeats: 10
features: 220

07_roc_data_and_figures_sdml directory already exists!
07_roc_data_and_figures_sdml/data directory already exists!
07_roc_data_and_figures_sdml/data/IAAFT2 directory already exists!
07_roc_data_and_figures_sdml/data/IAAFT2/ROC directory already exists!
07_roc_data_and_figures_sdml/figures directory already exists!
07_roc_data_and_figures_sdml/figures/IAAFT2 directory already exists!

07_roc_data_and_figures_sdml/figures/IAAFT2/ROC directory already exists!

len_eval_pts = 20

----- 01 forced trajectories and compute EWS -----
Complete for forced tsid=4
Complete for forced tsid=2
----- 01 null trajectories and compute EWS -----
Complete for null tsid=4
Complete for null tsid=2
----- 02 Compute ROC curves -----
Exported ROC data to 07_roc_data_and_figures_sdml/data/IAAFT2/ROC/df_roc_surrogate_IAAFT2_simples_1000_three_head_CNN_model_[4,2].csv
Exported ROC figure to 07_roc_data_and_figures_sdml/figures/IAAFT2/ROC/figure_roc_surrogate_IAAFT2_simples_1000_three_head_CNN_model_[4,2].png
Ran in 15.99s
------------------------------ 07 Completed ROC for dl ------------------------------

------------------------------ 07 Start ROC for dl ------------------------------
surr_type: IAAFT2
simples: 1000
ID_merge_tsid: [8,6]
DL_model: three_head_CNN_model
repeats: 10
features: 220

07_roc_data_and_figures_sdml directory already exists!
07_roc_data_and_figures_sdml/data directory already exists!
07_roc_data_and_figures_sdml/data/IAAFT2 directory already exists!
07_roc_data_and_figures_sdml/data/IAAFT2/ROC directory already exists!
07_roc_data_and_figures_sdml/figures directory already exists!
07_roc_data_and_figures_sdml/figures/IAAFT2 directory already exists!

07_roc_data_and_figures_sdml/figures/IAAFT2/ROC directory already exists!

len_eval_pts = 20

----- 01 forced trajectories and compute EWS -----
Complete for forced tsid=8
Complete for forced tsid=6
----- 01 null trajectories and compute EWS -----
Complete for null tsid=8
Complete for null tsid=6
----- 02 Compute ROC curves -----
Exported ROC data to 07_roc_data_and_figures_sdml/data/IAAFT2/ROC/df_roc_surrogate_IAAFT2_simples_1000_three_head_CNN_model_[8,6].csv
Exported ROC figure to 07_roc_data_and_figures_sdml/figures/IAAFT2/ROC/figure_roc_surrogate_IAAFT2_simples_1000_three_head_CNN_model_[8,6].png
Ran in 15.89s
------------------------------ 07 Completed ROC for dl ------------------------------

------------------------------ 07 Start ROC for dl ------------------------------
surr_type: IAAFT2
simples: 1000
ID_merge_tsid: [8,6,4,2]
DL_model: three_head_CNN_model
repeats: 10
features: 220

07_roc_data_and_figures_sdml directory already exists!
07_roc_data_and_figures_sdml/data directory already exists!
07_roc_data_and_figures_sdml/data/IAAFT2 directory already exists!
07_roc_data_and_figures_sdml/data/IAAFT2/ROC directory already exists!
07_roc_data_and_figures_sdml/figures directory already exists!
07_roc_data_and_figures_sdml/figures/IAAFT2 directory already exists!

07_roc_data_and_figures_sdml/figures/IAAFT2/ROC directory already exists!

len_eval_pts = 20

----- 01 forced trajectories and compute EWS -----
Complete for forced tsid=8
Complete for forced tsid=6
Complete for forced tsid=4
Complete for forced tsid=2
----- 01 null trajectories and compute EWS -----
Complete for null tsid=8
Complete for null tsid=6
Complete for null tsid=4
Complete for null tsid=2
----- 02 Compute ROC curves -----
Exported ROC data to 07_roc_data_and_figures_sdml/data/IAAFT2/ROC/df_roc_surrogate_IAAFT2_simples_1000_three_head_CNN_model_[8,6,4,2].csv
Exported ROC figure to 07_roc_data_and_figures_sdml/figures/IAAFT2/ROC/figure_roc_surrogate_IAAFT2_simples_1000_three_head_CNN_model_[8,6,4,2].png
Ran in 36.47s
------------------------------ 07 Completed ROC for dl ------------------------------

------------------------------ 07 Start ROC for dl ------------------------------
surr_type: IAAFT2
simples: 1000
ID_merge_tsid: all
DL_model: three_head_CNN_model
repeats: 10
features: 220

07_roc_data_and_figures_sdml directory already exists!
07_roc_data_and_figures_sdml/data directory already exists!
07_roc_data_and_figures_sdml/data/IAAFT2 directory already exists!
07_roc_data_and_figures_sdml/data/IAAFT2/ROC directory already exists!
07_roc_data_and_figures_sdml/figures directory already exists!
07_roc_data_and_figures_sdml/figures/IAAFT2 directory already exists!

07_roc_data_and_figures_sdml/figures/IAAFT2/ROC directory already exists!

len_eval_pts = 20

----- 01 forced trajectories and compute EWS -----
Complete for forced tsid=1
Complete for forced tsid=2
Complete for forced tsid=3
Complete for forced tsid=4
Complete for forced tsid=5
Complete for forced tsid=6
Complete for forced tsid=7
Complete for forced tsid=8
Complete for forced tsid=9
Complete for forced tsid=10
Complete for forced tsid=11
Complete for forced tsid=12
Complete for forced tsid=13
----- 01 null trajectories and compute EWS -----
Complete for null tsid=1
Complete for null tsid=2
Complete for null tsid=3
Complete for null tsid=4
Complete for null tsid=5
Complete for null tsid=6
Complete for null tsid=7
Complete for null tsid=8
Complete for null tsid=9
Complete for null tsid=10
Complete for null tsid=11
Complete for null tsid=12
Complete for null tsid=13
----- 02 Compute ROC curves -----
Exported ROC data to 07_roc_data_and_figures_sdml/data/IAAFT2/ROC/df_roc_surrogate_IAAFT2_simples_1000_three_head_CNN_model_all.csv
Exported ROC figure to 07_roc_data_and_figures_sdml/figures/IAAFT2/ROC/figure_roc_surrogate_IAAFT2_simples_1000_three_head_CNN_model_all.png
Ran in 73.79s
------------------------------ 07 Completed ROC for dl ------------------------------

------------------------------ 03 Start sliding windows ------------------------------
surr_type: IAAFT2
simples: 1000
ID_train: S5_S4
ID_test: S3
Variable_label: Mo
tsid: 4
features: 220
sw_width: 148

03_sliding_window_data directory already exists!
S3.shape: (297, 2)
success-> sliding_window_features_shape (real=(297-148+1, 220)):  (150, 220)
------------------------------ 03 Completed sliding windows ------------------------------

------------------------------ 04 Start predicate ------------------------------
surr_type: IAAFT2
simples: 1000
ID_train: S5_S4
ID_test: S3
DL_model: three_head_CNN_model
repeats: 10

04_prediction_data directory already exists!
X_test.shape (150, 220)
X_test_array.shape:  (150, 220, 1)
--------------- prediction ... ---------------
y_pred_list.shape (150, 10)
------------------------------ 04 Completed predicate ------------------------------

------------------------------ 05 Start plots ------------------------------
surr_type: IAAFT2
simples: 1000
ID_train: S5_S4
ID_test: S3
Variable_label: Mo
DL_model: three_head_CNN_model
sw_width: 148
tsid: 4

05_ews_data_and_figures directory already exists!
05_ews_data_and_figures/data directory already exists!
05_ews_data_and_figures/data/IAAFT2 directory already exists!
05_ews_data_and_figures/figures directory already exists!
05_ews_data_and_figures/figures/IAAFT2 directory already exists!

Record_Core: MS66
start_age, Transition, end_age: -95.770526 -85.8 -83.722374
sliding_window_S3: 148
------------------------------ 05 Completed plots ------------------------------

-------------------------------------------------------------------------------------
Using GPU for TensorFlow.
------------------------------ 01 Start run ------------------------------
Data_folder: MS66
surr_type: IAAFT2
simples: 1000
ID_train: S5_S4
DL_model: LSTM_model
repeats: 10

01_evaluation_data directory already exists!
models directory already exists!

full_path= G:/surrogate_data_based_machine_learning_v4.0.0/anoxia/01_data_preprocessing/02_extracte_and_generate_surrogate_dataset/MS66/data/merge_surrogate_IAAFT2_simples_1000_train_S5_S4.csv

Epoch 1: val_accuracy improved from -inf to 0.77125, saving model to models\surrogate_IAAFT2_simples_1000_LSTM_model_0.h5

Epoch 2: val_accuracy improved from 0.77125 to 0.85625, saving model to models\surrogate_IAAFT2_simples_1000_LSTM_model_0.h5

Epoch 3: val_accuracy improved from 0.85625 to 0.95750, saving model to models\surrogate_IAAFT2_simples_1000_LSTM_model_0.h5

Epoch 4: val_accuracy did not improve from 0.95750

Epoch 5: val_accuracy improved from 0.95750 to 0.96750, saving model to models\surrogate_IAAFT2_simples_1000_LSTM_model_0.h5

Epoch 6: val_accuracy did not improve from 0.96750

Epoch 7: val_accuracy improved from 0.96750 to 0.98250, saving model to models\surrogate_IAAFT2_simples_1000_LSTM_model_0.h5

Epoch 8: val_accuracy improved from 0.98250 to 0.98750, saving model to models\surrogate_IAAFT2_simples_1000_LSTM_model_0.h5

Epoch 9: val_accuracy improved from 0.98750 to 0.99625, saving model to models\surrogate_IAAFT2_simples_1000_LSTM_model_0.h5

Epoch 10: val_accuracy improved from 0.99625 to 0.99750, saving model to models\surrogate_IAAFT2_simples_1000_LSTM_model_0.h5

Epoch 11: val_accuracy did not improve from 0.99750

Epoch 12: val_accuracy did not improve from 0.99750

Epoch 13: val_accuracy did not improve from 0.99750

Epoch 14: val_accuracy did not improve from 0.99750

Epoch 15: val_accuracy did not improve from 0.99750
Epoch 15: early stopping
>#1: 99.750

Epoch 1: val_accuracy improved from -inf to 0.80500, saving model to models\surrogate_IAAFT2_simples_1000_LSTM_model_1.h5

Epoch 2: val_accuracy improved from 0.80500 to 0.98000, saving model to models\surrogate_IAAFT2_simples_1000_LSTM_model_1.h5

Epoch 3: val_accuracy improved from 0.98000 to 0.99750, saving model to models\surrogate_IAAFT2_simples_1000_LSTM_model_1.h5

Epoch 4: val_accuracy did not improve from 0.99750

Epoch 5: val_accuracy did not improve from 0.99750

Epoch 6: val_accuracy did not improve from 0.99750

Epoch 7: val_accuracy did not improve from 0.99750

Epoch 8: val_accuracy did not improve from 0.99750
Epoch 8: early stopping
>#2: 99.750

Epoch 1: val_accuracy improved from -inf to 0.87750, saving model to models\surrogate_IAAFT2_simples_1000_LSTM_model_2.h5

Epoch 2: val_accuracy did not improve from 0.87750

Epoch 3: val_accuracy did not improve from 0.87750

Epoch 4: val_accuracy did not improve from 0.87750

Epoch 5: val_accuracy improved from 0.87750 to 0.88000, saving model to models\surrogate_IAAFT2_simples_1000_LSTM_model_2.h5

Epoch 6: val_accuracy improved from 0.88000 to 0.99875, saving model to models\surrogate_IAAFT2_simples_1000_LSTM_model_2.h5

Epoch 7: val_accuracy did not improve from 0.99875

Epoch 8: val_accuracy did not improve from 0.99875

Epoch 9: val_accuracy did not improve from 0.99875

Epoch 10: val_accuracy did not improve from 0.99875

Epoch 11: val_accuracy did not improve from 0.99875
Epoch 11: early stopping
>#3: 99.875

Epoch 1: val_accuracy improved from -inf to 0.68500, saving model to models\surrogate_IAAFT2_simples_1000_LSTM_model_3.h5

Epoch 2: val_accuracy improved from 0.68500 to 0.77250, saving model to models\surrogate_IAAFT2_simples_1000_LSTM_model_3.h5

Epoch 3: val_accuracy did not improve from 0.77250

Epoch 4: val_accuracy improved from 0.77250 to 0.80625, saving model to models\surrogate_IAAFT2_simples_1000_LSTM_model_3.h5

Epoch 5: val_accuracy did not improve from 0.80625

Epoch 6: val_accuracy improved from 0.80625 to 0.80750, saving model to models\surrogate_IAAFT2_simples_1000_LSTM_model_3.h5

Epoch 7: val_accuracy improved from 0.80750 to 0.99625, saving model to models\surrogate_IAAFT2_simples_1000_LSTM_model_3.h5

Epoch 8: val_accuracy improved from 0.99625 to 0.99875, saving model to models\surrogate_IAAFT2_simples_1000_LSTM_model_3.h5

Epoch 9: val_accuracy did not improve from 0.99875

Epoch 10: val_accuracy improved from 0.99875 to 1.00000, saving model to models\surrogate_IAAFT2_simples_1000_LSTM_model_3.h5

Epoch 11: val_accuracy did not improve from 1.00000

Epoch 12: val_accuracy did not improve from 1.00000

Epoch 13: val_accuracy did not improve from 1.00000

Epoch 14: val_accuracy did not improve from 1.00000

Epoch 15: val_accuracy did not improve from 1.00000
Epoch 15: early stopping
>#4: 100.000

Epoch 1: val_accuracy improved from -inf to 0.69250, saving model to models\surrogate_IAAFT2_simples_1000_LSTM_model_4.h5

Epoch 2: val_accuracy improved from 0.69250 to 0.80375, saving model to models\surrogate_IAAFT2_simples_1000_LSTM_model_4.h5

Epoch 3: val_accuracy did not improve from 0.80375

Epoch 4: val_accuracy improved from 0.80375 to 0.94625, saving model to models\surrogate_IAAFT2_simples_1000_LSTM_model_4.h5

Epoch 5: val_accuracy did not improve from 0.94625

Epoch 6: val_accuracy did not improve from 0.94625

Epoch 7: val_accuracy did not improve from 0.94625

Epoch 8: val_accuracy improved from 0.94625 to 0.95750, saving model to models\surrogate_IAAFT2_simples_1000_LSTM_model_4.h5

Epoch 9: val_accuracy improved from 0.95750 to 0.99375, saving model to models\surrogate_IAAFT2_simples_1000_LSTM_model_4.h5

Epoch 10: val_accuracy improved from 0.99375 to 0.99625, saving model to models\surrogate_IAAFT2_simples_1000_LSTM_model_4.h5

Epoch 11: val_accuracy did not improve from 0.99625

Epoch 12: val_accuracy did not improve from 0.99625

Epoch 13: val_accuracy did not improve from 0.99625

Epoch 14: val_accuracy did not improve from 0.99625

Epoch 15: val_accuracy did not improve from 0.99625
Epoch 15: early stopping
>#5: 99.625

Epoch 1: val_accuracy improved from -inf to 0.76000, saving model to models\surrogate_IAAFT2_simples_1000_LSTM_model_5.h5

Epoch 2: val_accuracy improved from 0.76000 to 0.78875, saving model to models\surrogate_IAAFT2_simples_1000_LSTM_model_5.h5

Epoch 3: val_accuracy improved from 0.78875 to 0.96000, saving model to models\surrogate_IAAFT2_simples_1000_LSTM_model_5.h5

Epoch 4: val_accuracy did not improve from 0.96000

Epoch 5: val_accuracy did not improve from 0.96000

Epoch 6: val_accuracy did not improve from 0.96000

Epoch 7: val_accuracy did not improve from 0.96000

Epoch 8: val_accuracy did not improve from 0.96000
Epoch 8: early stopping
>#6: 96.000

Epoch 1: val_accuracy improved from -inf to 0.62250, saving model to models\surrogate_IAAFT2_simples_1000_LSTM_model_6.h5

Epoch 2: val_accuracy improved from 0.62250 to 0.78875, saving model to models\surrogate_IAAFT2_simples_1000_LSTM_model_6.h5

Epoch 3: val_accuracy improved from 0.78875 to 0.80250, saving model to models\surrogate_IAAFT2_simples_1000_LSTM_model_6.h5

Epoch 4: val_accuracy improved from 0.80250 to 0.85000, saving model to models\surrogate_IAAFT2_simples_1000_LSTM_model_6.h5

Epoch 5: val_accuracy improved from 0.85000 to 0.99750, saving model to models\surrogate_IAAFT2_simples_1000_LSTM_model_6.h5

Epoch 6: val_accuracy did not improve from 0.99750

Epoch 7: val_accuracy did not improve from 0.99750

Epoch 8: val_accuracy did not improve from 0.99750

Epoch 9: val_accuracy did not improve from 0.99750

Epoch 10: val_accuracy did not improve from 0.99750
Epoch 10: early stopping
>#7: 99.750

Epoch 1: val_accuracy improved from -inf to 0.74750, saving model to models\surrogate_IAAFT2_simples_1000_LSTM_model_7.h5

Epoch 2: val_accuracy did not improve from 0.74750

Epoch 3: val_accuracy improved from 0.74750 to 0.81375, saving model to models\surrogate_IAAFT2_simples_1000_LSTM_model_7.h5

Epoch 4: val_accuracy did not improve from 0.81375

Epoch 5: val_accuracy did not improve from 0.81375

Epoch 6: val_accuracy did not improve from 0.81375

Epoch 7: val_accuracy improved from 0.81375 to 0.83250, saving model to models\surrogate_IAAFT2_simples_1000_LSTM_model_7.h5

Epoch 8: val_accuracy improved from 0.83250 to 0.99625, saving model to models\surrogate_IAAFT2_simples_1000_LSTM_model_7.h5

Epoch 9: val_accuracy did not improve from 0.99625

Epoch 10: val_accuracy did not improve from 0.99625

Epoch 11: val_accuracy did not improve from 0.99625

Epoch 12: val_accuracy did not improve from 0.99625

Epoch 13: val_accuracy did not improve from 0.99625
Epoch 13: early stopping
>#8: 99.625

Epoch 1: val_accuracy improved from -inf to 0.64500, saving model to models\surrogate_IAAFT2_simples_1000_LSTM_model_8.h5

Epoch 2: val_accuracy improved from 0.64500 to 0.77375, saving model to models\surrogate_IAAFT2_simples_1000_LSTM_model_8.h5

Epoch 3: val_accuracy improved from 0.77375 to 0.79125, saving model to models\surrogate_IAAFT2_simples_1000_LSTM_model_8.h5

Epoch 4: val_accuracy improved from 0.79125 to 0.98375, saving model to models\surrogate_IAAFT2_simples_1000_LSTM_model_8.h5

Epoch 5: val_accuracy did not improve from 0.98375

Epoch 6: val_accuracy did not improve from 0.98375

Epoch 7: val_accuracy did not improve from 0.98375

Epoch 8: val_accuracy did not improve from 0.98375

Epoch 9: val_accuracy improved from 0.98375 to 0.99750, saving model to models\surrogate_IAAFT2_simples_1000_LSTM_model_8.h5

Epoch 10: val_accuracy did not improve from 0.99750

Epoch 11: val_accuracy did not improve from 0.99750

Epoch 12: val_accuracy did not improve from 0.99750

Epoch 13: val_accuracy did not improve from 0.99750

Epoch 14: val_accuracy did not improve from 0.99750
Epoch 14: early stopping
>#9: 99.750

Epoch 1: val_accuracy improved from -inf to 0.69500, saving model to models\surrogate_IAAFT2_simples_1000_LSTM_model_9.h5

Epoch 2: val_accuracy improved from 0.69500 to 0.84250, saving model to models\surrogate_IAAFT2_simples_1000_LSTM_model_9.h5

Epoch 3: val_accuracy did not improve from 0.84250

Epoch 4: val_accuracy improved from 0.84250 to 0.86000, saving model to models\surrogate_IAAFT2_simples_1000_LSTM_model_9.h5

Epoch 5: val_accuracy improved from 0.86000 to 0.98875, saving model to models\surrogate_IAAFT2_simples_1000_LSTM_model_9.h5

Epoch 6: val_accuracy improved from 0.98875 to 0.99125, saving model to models\surrogate_IAAFT2_simples_1000_LSTM_model_9.h5

Epoch 7: val_accuracy did not improve from 0.99125

Epoch 8: val_accuracy did not improve from 0.99125

Epoch 9: val_accuracy did not improve from 0.99125

Epoch 10: val_accuracy improved from 0.99125 to 0.99375, saving model to models\surrogate_IAAFT2_simples_1000_LSTM_model_9.h5

Epoch 11: val_accuracy did not improve from 0.99375

Epoch 12: val_accuracy did not improve from 0.99375

Epoch 13: val_accuracy improved from 0.99375 to 0.99500, saving model to models\surrogate_IAAFT2_simples_1000_LSTM_model_9.h5

Epoch 14: val_accuracy did not improve from 0.99500

Epoch 15: val_accuracy did not improve from 0.99500

Epoch 16: val_accuracy improved from 0.99500 to 0.99625, saving model to models\surrogate_IAAFT2_simples_1000_LSTM_model_9.h5

Epoch 17: val_accuracy did not improve from 0.99625

Epoch 18: val_accuracy did not improve from 0.99625

Epoch 19: val_accuracy did not improve from 0.99625

Epoch 20: val_accuracy did not improve from 0.99625

Epoch 21: val_accuracy did not improve from 0.99625
Epoch 21: early stopping
>#10: 99.625
------------------ summarize results -------------------------
DL_model: LSTM_model
scores: [99.75000023841858, 99.75000023841858, 99.87499713897705, 100.0, 99.62499737739563, 95.99999785423279, 99.75000023841858, 99.62499737739563, 99.75000023841858, 99.62499737739563]
Accuracy mean (std): 99.375% (1.131)

Running time 108.5 seconds
------------------------------ 01 Completed ------------------------------

------------------------------ 02 Start Evaluation ------------------------------
surr_type: IAAFT2
simples: 1000
ID_train: S5_S4
DL_model: LSTM_model
repeats: 10

02_evaluation_performance directory already exists!
# 0 >> accuracy: 0.9975000023841858
# 1 >> accuracy: 0.9987499713897705
# 2 >> accuracy: 0.9987499713897705
# 3 >> accuracy: 1.0
# 4 >> accuracy: 0.9975000023841858
# 5 >> accuracy: 0.9775000214576721
# 6 >> accuracy: 0.9987499713897705
# 7 >> accuracy: 0.9987499713897705
# 8 >> accuracy: 0.9987499713897705
# 9 >> accuracy: 0.9962499737739563
The results have been saved to a txt file: 02_evaluation_performance/evaluation_performance_surrogate_IAAFT2_simples_1000_LSTM_model_train_S5_S4.txt

Running time 23.5 seconds
------------------------------ 02 Completed Evaluation ------------------------------

------------------------------ 03 Start sliding windows ------------------------------
surr_type: IAAFT2
simples: 1000
ID_train: S5_S4
ID_test: S1
Variable_label: Mo
tsid: 2
features: 220
sw_width: 208

03_sliding_window_data directory already exists!
S1.shape: (416, 2)
success-> sliding_window_features_shape (real=(416-208+1, 220)):  (209, 220)
------------------------------ 03 Completed sliding windows ------------------------------

------------------------------ 04 Start predicate ------------------------------
surr_type: IAAFT2
simples: 1000
ID_train: S5_S4
ID_test: S1
DL_model: LSTM_model
repeats: 10

04_prediction_data directory already exists!
X_test.shape (209, 220)
X_test_array.shape:  (209, 220, 1)
--------------- prediction ... ---------------
y_pred_list.shape (209, 10)
------------------------------ 04 Completed predicate ------------------------------

------------------------------ 05 Start plots ------------------------------
surr_type: IAAFT2
simples: 1000
ID_train: S5_S4
ID_test: S1
Variable_label: Mo
DL_model: LSTM_model
sw_width: 208
tsid: 2

05_ews_data_and_figures directory already exists!
05_ews_data_and_figures/data directory already exists!
05_ews_data_and_figures/data/IAAFT2 directory already exists!
05_ews_data_and_figures/figures directory already exists!
05_ews_data_and_figures/figures/IAAFT2 directory already exists!

Record_Core: MS66
start_age, Transition, end_age: -20.481013 -10.5 -8.005155
sliding_window_S1: 208
------------------------------ 05 Completed plots ------------------------------

------------------------------ 07 Start ROC for dl ------------------------------
surr_type: IAAFT2
simples: 1000
ID_merge_tsid: [4,2]
DL_model: LSTM_model
repeats: 10
features: 220

07_roc_data_and_figures_sdml directory already exists!
07_roc_data_and_figures_sdml/data directory already exists!
07_roc_data_and_figures_sdml/data/IAAFT2 directory already exists!
07_roc_data_and_figures_sdml/data/IAAFT2/ROC directory already exists!
07_roc_data_and_figures_sdml/figures directory already exists!
07_roc_data_and_figures_sdml/figures/IAAFT2 directory already exists!

07_roc_data_and_figures_sdml/figures/IAAFT2/ROC directory already exists!

len_eval_pts = 20

----- 01 forced trajectories and compute EWS -----
Complete for forced tsid=4
Complete for forced tsid=2
----- 01 null trajectories and compute EWS -----
Complete for null tsid=4
Complete for null tsid=2
----- 02 Compute ROC curves -----
Exported ROC data to 07_roc_data_and_figures_sdml/data/IAAFT2/ROC/df_roc_surrogate_IAAFT2_simples_1000_LSTM_model_[4,2].csv
Exported ROC figure to 07_roc_data_and_figures_sdml/figures/IAAFT2/ROC/figure_roc_surrogate_IAAFT2_simples_1000_LSTM_model_[4,2].png
Ran in 21.55s
------------------------------ 07 Completed ROC for dl ------------------------------

------------------------------ 07 Start ROC for dl ------------------------------
surr_type: IAAFT2
simples: 1000
ID_merge_tsid: [8,6]
DL_model: LSTM_model
repeats: 10
features: 220

07_roc_data_and_figures_sdml directory already exists!
07_roc_data_and_figures_sdml/data directory already exists!
07_roc_data_and_figures_sdml/data/IAAFT2 directory already exists!
07_roc_data_and_figures_sdml/data/IAAFT2/ROC directory already exists!
07_roc_data_and_figures_sdml/figures directory already exists!
07_roc_data_and_figures_sdml/figures/IAAFT2 directory already exists!

07_roc_data_and_figures_sdml/figures/IAAFT2/ROC directory already exists!

len_eval_pts = 20

----- 01 forced trajectories and compute EWS -----
Complete for forced tsid=8
Complete for forced tsid=6
----- 01 null trajectories and compute EWS -----
Complete for null tsid=8
Complete for null tsid=6
----- 02 Compute ROC curves -----
Exported ROC data to 07_roc_data_and_figures_sdml/data/IAAFT2/ROC/df_roc_surrogate_IAAFT2_simples_1000_LSTM_model_[8,6].csv
Exported ROC figure to 07_roc_data_and_figures_sdml/figures/IAAFT2/ROC/figure_roc_surrogate_IAAFT2_simples_1000_LSTM_model_[8,6].png
Ran in 21.64s
------------------------------ 07 Completed ROC for dl ------------------------------

------------------------------ 07 Start ROC for dl ------------------------------
surr_type: IAAFT2
simples: 1000
ID_merge_tsid: [8,6,4,2]
DL_model: LSTM_model
repeats: 10
features: 220

07_roc_data_and_figures_sdml directory already exists!
07_roc_data_and_figures_sdml/data directory already exists!
07_roc_data_and_figures_sdml/data/IAAFT2 directory already exists!
07_roc_data_and_figures_sdml/data/IAAFT2/ROC directory already exists!
07_roc_data_and_figures_sdml/figures directory already exists!
07_roc_data_and_figures_sdml/figures/IAAFT2 directory already exists!

07_roc_data_and_figures_sdml/figures/IAAFT2/ROC directory already exists!

len_eval_pts = 20

----- 01 forced trajectories and compute EWS -----
Complete for forced tsid=8
Complete for forced tsid=6
Complete for forced tsid=4
Complete for forced tsid=2
----- 01 null trajectories and compute EWS -----
Complete for null tsid=8
Complete for null tsid=6
Complete for null tsid=4
Complete for null tsid=2
----- 02 Compute ROC curves -----
Exported ROC data to 07_roc_data_and_figures_sdml/data/IAAFT2/ROC/df_roc_surrogate_IAAFT2_simples_1000_LSTM_model_[8,6,4,2].csv
Exported ROC figure to 07_roc_data_and_figures_sdml/figures/IAAFT2/ROC/figure_roc_surrogate_IAAFT2_simples_1000_LSTM_model_[8,6,4,2].png
Ran in 41.49s
------------------------------ 07 Completed ROC for dl ------------------------------

------------------------------ 07 Start ROC for dl ------------------------------
surr_type: IAAFT2
simples: 1000
ID_merge_tsid: all
DL_model: LSTM_model
repeats: 10
features: 220

07_roc_data_and_figures_sdml directory already exists!
07_roc_data_and_figures_sdml/data directory already exists!
07_roc_data_and_figures_sdml/data/IAAFT2 directory already exists!
07_roc_data_and_figures_sdml/data/IAAFT2/ROC directory already exists!
07_roc_data_and_figures_sdml/figures directory already exists!
07_roc_data_and_figures_sdml/figures/IAAFT2 directory already exists!

07_roc_data_and_figures_sdml/figures/IAAFT2/ROC directory already exists!

len_eval_pts = 20

----- 01 forced trajectories and compute EWS -----
Complete for forced tsid=1
Complete for forced tsid=2
Complete for forced tsid=3
Complete for forced tsid=4
Complete for forced tsid=5
Complete for forced tsid=6
Complete for forced tsid=7
Complete for forced tsid=8
Complete for forced tsid=9
Complete for forced tsid=10
Complete for forced tsid=11
Complete for forced tsid=12
Complete for forced tsid=13
----- 01 null trajectories and compute EWS -----
Complete for null tsid=1
Complete for null tsid=2
Complete for null tsid=3
Complete for null tsid=4
Complete for null tsid=5
Complete for null tsid=6
Complete for null tsid=7
Complete for null tsid=8
Complete for null tsid=9
Complete for null tsid=10
Complete for null tsid=11
Complete for null tsid=12
Complete for null tsid=13
----- 02 Compute ROC curves -----
Exported ROC data to 07_roc_data_and_figures_sdml/data/IAAFT2/ROC/df_roc_surrogate_IAAFT2_simples_1000_LSTM_model_all.csv
Exported ROC figure to 07_roc_data_and_figures_sdml/figures/IAAFT2/ROC/figure_roc_surrogate_IAAFT2_simples_1000_LSTM_model_all.png
Ran in 117.44s
------------------------------ 07 Completed ROC for dl ------------------------------

------------------------------ 03 Start sliding windows ------------------------------
surr_type: IAAFT2
simples: 1000
ID_train: S5_S4
ID_test: S3
Variable_label: Mo
tsid: 4
features: 220
sw_width: 148

03_sliding_window_data directory already exists!
S3.shape: (297, 2)
success-> sliding_window_features_shape (real=(297-148+1, 220)):  (150, 220)
------------------------------ 03 Completed sliding windows ------------------------------

------------------------------ 04 Start predicate ------------------------------
surr_type: IAAFT2
simples: 1000
ID_train: S5_S4
ID_test: S3
DL_model: LSTM_model
repeats: 10

04_prediction_data directory already exists!
X_test.shape (150, 220)
X_test_array.shape:  (150, 220, 1)
--------------- prediction ... ---------------
y_pred_list.shape (150, 10)
------------------------------ 04 Completed predicate ------------------------------

------------------------------ 05 Start plots ------------------------------
surr_type: IAAFT2
simples: 1000
ID_train: S5_S4
ID_test: S3
Variable_label: Mo
DL_model: LSTM_model
sw_width: 148
tsid: 4

05_ews_data_and_figures directory already exists!
05_ews_data_and_figures/data directory already exists!
05_ews_data_and_figures/data/IAAFT2 directory already exists!
05_ews_data_and_figures/figures directory already exists!
05_ews_data_and_figures/figures/IAAFT2 directory already exists!

Record_Core: MS66
start_age, Transition, end_age: -95.770526 -85.8 -83.722374
sliding_window_S3: 148
------------------------------ 05 Completed plots ------------------------------

-------------------------------------------------------------------------------------
Using GPU for TensorFlow.
------------------------------ 01 Start run ------------------------------
Data_folder: MS66
surr_type: IAAFT2
simples: 1000
ID_train: S5_S4
DL_model: CNN_LSTM_model
repeats: 10

01_evaluation_data directory already exists!
models directory already exists!

full_path= G:/surrogate_data_based_machine_learning_v4.0.0/anoxia/01_data_preprocessing/02_extracte_and_generate_surrogate_dataset/MS66/data/merge_surrogate_IAAFT2_simples_1000_train_S5_S4.csv

Epoch 1: val_accuracy improved from -inf to 0.74500, saving model to models\surrogate_IAAFT2_simples_1000_CNN_LSTM_model_0.h5

Epoch 2: val_accuracy improved from 0.74500 to 0.77750, saving model to models\surrogate_IAAFT2_simples_1000_CNN_LSTM_model_0.h5

Epoch 3: val_accuracy improved from 0.77750 to 0.90875, saving model to models\surrogate_IAAFT2_simples_1000_CNN_LSTM_model_0.h5

Epoch 4: val_accuracy improved from 0.90875 to 0.93125, saving model to models\surrogate_IAAFT2_simples_1000_CNN_LSTM_model_0.h5

Epoch 5: val_accuracy improved from 0.93125 to 0.94375, saving model to models\surrogate_IAAFT2_simples_1000_CNN_LSTM_model_0.h5

Epoch 6: val_accuracy did not improve from 0.94375

Epoch 7: val_accuracy did not improve from 0.94375

Epoch 8: val_accuracy did not improve from 0.94375

Epoch 9: val_accuracy did not improve from 0.94375

Epoch 10: val_accuracy did not improve from 0.94375
Epoch 10: early stopping
>#1: 94.375

Epoch 1: val_accuracy improved from -inf to 0.74500, saving model to models\surrogate_IAAFT2_simples_1000_CNN_LSTM_model_1.h5

Epoch 2: val_accuracy improved from 0.74500 to 0.91750, saving model to models\surrogate_IAAFT2_simples_1000_CNN_LSTM_model_1.h5

Epoch 3: val_accuracy did not improve from 0.91750

Epoch 4: val_accuracy improved from 0.91750 to 0.96000, saving model to models\surrogate_IAAFT2_simples_1000_CNN_LSTM_model_1.h5

Epoch 5: val_accuracy did not improve from 0.96000

Epoch 6: val_accuracy did not improve from 0.96000

Epoch 7: val_accuracy improved from 0.96000 to 0.96375, saving model to models\surrogate_IAAFT2_simples_1000_CNN_LSTM_model_1.h5

Epoch 8: val_accuracy did not improve from 0.96375

Epoch 9: val_accuracy improved from 0.96375 to 0.99750, saving model to models\surrogate_IAAFT2_simples_1000_CNN_LSTM_model_1.h5

Epoch 10: val_accuracy did not improve from 0.99750

Epoch 11: val_accuracy did not improve from 0.99750

Epoch 12: val_accuracy did not improve from 0.99750

Epoch 13: val_accuracy did not improve from 0.99750

Epoch 14: val_accuracy did not improve from 0.99750
Epoch 14: early stopping
>#2: 99.750

Epoch 1: val_accuracy improved from -inf to 0.87375, saving model to models\surrogate_IAAFT2_simples_1000_CNN_LSTM_model_2.h5

Epoch 2: val_accuracy improved from 0.87375 to 0.94375, saving model to models\surrogate_IAAFT2_simples_1000_CNN_LSTM_model_2.h5

Epoch 3: val_accuracy did not improve from 0.94375

Epoch 4: val_accuracy improved from 0.94375 to 0.98500, saving model to models\surrogate_IAAFT2_simples_1000_CNN_LSTM_model_2.h5

Epoch 5: val_accuracy did not improve from 0.98500

Epoch 6: val_accuracy improved from 0.98500 to 0.98625, saving model to models\surrogate_IAAFT2_simples_1000_CNN_LSTM_model_2.h5

Epoch 7: val_accuracy did not improve from 0.98625

Epoch 8: val_accuracy did not improve from 0.98625

Epoch 9: val_accuracy did not improve from 0.98625

Epoch 10: val_accuracy improved from 0.98625 to 0.99125, saving model to models\surrogate_IAAFT2_simples_1000_CNN_LSTM_model_2.h5

Epoch 11: val_accuracy did not improve from 0.99125

Epoch 12: val_accuracy did not improve from 0.99125

Epoch 13: val_accuracy did not improve from 0.99125

Epoch 14: val_accuracy did not improve from 0.99125

Epoch 15: val_accuracy did not improve from 0.99125
Epoch 15: early stopping
>#3: 99.125

Epoch 1: val_accuracy improved from -inf to 0.76375, saving model to models\surrogate_IAAFT2_simples_1000_CNN_LSTM_model_3.h5

Epoch 2: val_accuracy improved from 0.76375 to 0.95000, saving model to models\surrogate_IAAFT2_simples_1000_CNN_LSTM_model_3.h5

Epoch 3: val_accuracy did not improve from 0.95000

Epoch 4: val_accuracy did not improve from 0.95000

Epoch 5: val_accuracy did not improve from 0.95000

Epoch 6: val_accuracy did not improve from 0.95000

Epoch 7: val_accuracy did not improve from 0.95000
Epoch 7: early stopping
>#4: 95.000

Epoch 1: val_accuracy improved from -inf to 0.76625, saving model to models\surrogate_IAAFT2_simples_1000_CNN_LSTM_model_4.h5

Epoch 2: val_accuracy improved from 0.76625 to 0.97250, saving model to models\surrogate_IAAFT2_simples_1000_CNN_LSTM_model_4.h5

Epoch 3: val_accuracy did not improve from 0.97250

Epoch 4: val_accuracy did not improve from 0.97250

Epoch 5: val_accuracy did not improve from 0.97250

Epoch 6: val_accuracy did not improve from 0.97250

Epoch 7: val_accuracy did not improve from 0.97250
Epoch 7: early stopping
>#5: 97.250

Epoch 1: val_accuracy improved from -inf to 0.74500, saving model to models\surrogate_IAAFT2_simples_1000_CNN_LSTM_model_5.h5

Epoch 2: val_accuracy improved from 0.74500 to 0.83250, saving model to models\surrogate_IAAFT2_simples_1000_CNN_LSTM_model_5.h5

Epoch 3: val_accuracy improved from 0.83250 to 0.85500, saving model to models\surrogate_IAAFT2_simples_1000_CNN_LSTM_model_5.h5

Epoch 4: val_accuracy improved from 0.85500 to 0.86000, saving model to models\surrogate_IAAFT2_simples_1000_CNN_LSTM_model_5.h5

Epoch 5: val_accuracy improved from 0.86000 to 0.92375, saving model to models\surrogate_IAAFT2_simples_1000_CNN_LSTM_model_5.h5

Epoch 6: val_accuracy did not improve from 0.92375

Epoch 7: val_accuracy did not improve from 0.92375

Epoch 8: val_accuracy improved from 0.92375 to 0.96500, saving model to models\surrogate_IAAFT2_simples_1000_CNN_LSTM_model_5.h5

Epoch 9: val_accuracy did not improve from 0.96500

Epoch 10: val_accuracy did not improve from 0.96500

Epoch 11: val_accuracy did not improve from 0.96500

Epoch 12: val_accuracy did not improve from 0.96500

Epoch 13: val_accuracy did not improve from 0.96500
Epoch 13: early stopping
>#6: 96.500

Epoch 1: val_accuracy improved from -inf to 0.74750, saving model to models\surrogate_IAAFT2_simples_1000_CNN_LSTM_model_6.h5

Epoch 2: val_accuracy improved from 0.74750 to 1.00000, saving model to models\surrogate_IAAFT2_simples_1000_CNN_LSTM_model_6.h5

Epoch 3: val_accuracy did not improve from 1.00000

Epoch 4: val_accuracy did not improve from 1.00000

Epoch 5: val_accuracy did not improve from 1.00000

Epoch 6: val_accuracy did not improve from 1.00000

Epoch 7: val_accuracy did not improve from 1.00000
Epoch 7: early stopping
>#7: 100.000

Epoch 1: val_accuracy improved from -inf to 0.98250, saving model to models\surrogate_IAAFT2_simples_1000_CNN_LSTM_model_7.h5

Epoch 2: val_accuracy did not improve from 0.98250

Epoch 3: val_accuracy did not improve from 0.98250

Epoch 4: val_accuracy did not improve from 0.98250

Epoch 5: val_accuracy did not improve from 0.98250

Epoch 6: val_accuracy did not improve from 0.98250
Epoch 6: early stopping
>#8: 98.250

Epoch 1: val_accuracy improved from -inf to 0.76000, saving model to models\surrogate_IAAFT2_simples_1000_CNN_LSTM_model_8.h5

Epoch 2: val_accuracy improved from 0.76000 to 0.99750, saving model to models\surrogate_IAAFT2_simples_1000_CNN_LSTM_model_8.h5

Epoch 3: val_accuracy did not improve from 0.99750

Epoch 4: val_accuracy did not improve from 0.99750

Epoch 5: val_accuracy did not improve from 0.99750

Epoch 6: val_accuracy did not improve from 0.99750

Epoch 7: val_accuracy did not improve from 0.99750
Epoch 7: early stopping
>#9: 99.750

Epoch 1: val_accuracy improved from -inf to 0.74500, saving model to models\surrogate_IAAFT2_simples_1000_CNN_LSTM_model_9.h5

Epoch 2: val_accuracy improved from 0.74500 to 1.00000, saving model to models\surrogate_IAAFT2_simples_1000_CNN_LSTM_model_9.h5

Epoch 3: val_accuracy did not improve from 1.00000

Epoch 4: val_accuracy did not improve from 1.00000

Epoch 5: val_accuracy did not improve from 1.00000

Epoch 6: val_accuracy did not improve from 1.00000

Epoch 7: val_accuracy did not improve from 1.00000
Epoch 7: early stopping
>#10: 100.000
------------------ summarize results -------------------------
DL_model: CNN_LSTM_model
scores: [94.37500238418579, 99.75000023841858, 99.12499785423279, 94.9999988079071, 97.25000262260437, 96.49999737739563, 100.0, 98.25000166893005, 99.75000023841858, 100.0]
Accuracy mean (std): 98.000% (2.010)

Running time 92.5 seconds
------------------------------ 01 Completed ------------------------------

------------------------------ 02 Start Evaluation ------------------------------
surr_type: IAAFT2
simples: 1000
ID_train: S5_S4
DL_model: CNN_LSTM_model
repeats: 10

02_evaluation_performance directory already exists!
# 0 >> accuracy: 0.9449999928474426
# 1 >> accuracy: 1.0
# 2 >> accuracy: 0.9987499713897705
# 3 >> accuracy: 0.9549999833106995
# 4 >> accuracy: 0.9737499952316284
# 5 >> accuracy: 0.9637500047683716
# 6 >> accuracy: 1.0
# 7 >> accuracy: 0.9912499785423279
# 8 >> accuracy: 0.9975000023841858
# 9 >> accuracy: 0.9987499713897705
The results have been saved to a txt file: 02_evaluation_performance/evaluation_performance_surrogate_IAAFT2_simples_1000_CNN_LSTM_model_train_S5_S4.txt

Running time 21.6 seconds
------------------------------ 02 Completed Evaluation ------------------------------

------------------------------ 03 Start sliding windows ------------------------------
surr_type: IAAFT2
simples: 1000
ID_train: S5_S4
ID_test: S1
Variable_label: Mo
tsid: 2
features: 220
sw_width: 208

03_sliding_window_data directory already exists!
S1.shape: (416, 2)
success-> sliding_window_features_shape (real=(416-208+1, 220)):  (209, 220)
------------------------------ 03 Completed sliding windows ------------------------------

------------------------------ 04 Start predicate ------------------------------
surr_type: IAAFT2
simples: 1000
ID_train: S5_S4
ID_test: S1
DL_model: CNN_LSTM_model
repeats: 10

04_prediction_data directory already exists!
X_test.shape (209, 220)
X_test_array.shape:  (209, 220, 1)
--------------- prediction ... ---------------
textX=(samples, steps, length, channels): (209, 10, 22, 1)
textX=(samples, steps, length, channels): (209, 10, 22, 1)
textX=(samples, steps, length, channels): (209, 10, 22, 1)
textX=(samples, steps, length, channels): (209, 10, 22, 1)
textX=(samples, steps, length, channels): (209, 10, 22, 1)
textX=(samples, steps, length, channels): (209, 10, 22, 1)
textX=(samples, steps, length, channels): (209, 10, 22, 1)
textX=(samples, steps, length, channels): (209, 10, 22, 1)
textX=(samples, steps, length, channels): (209, 10, 22, 1)
textX=(samples, steps, length, channels): (209, 10, 22, 1)
y_pred_list.shape (209, 10)
------------------------------ 04 Completed predicate ------------------------------

------------------------------ 05 Start plots ------------------------------
surr_type: IAAFT2
simples: 1000
ID_train: S5_S4
ID_test: S1
Variable_label: Mo
DL_model: CNN_LSTM_model
sw_width: 208
tsid: 2

05_ews_data_and_figures directory already exists!
05_ews_data_and_figures/data directory already exists!
05_ews_data_and_figures/data/IAAFT2 directory already exists!
05_ews_data_and_figures/figures directory already exists!
05_ews_data_and_figures/figures/IAAFT2 directory already exists!

Record_Core: MS66
start_age, Transition, end_age: -20.481013 -10.5 -8.005155
sliding_window_S1: 208
------------------------------ 05 Completed plots ------------------------------

------------------------------ 07 Start ROC for dl ------------------------------
surr_type: IAAFT2
simples: 1000
ID_merge_tsid: [4,2]
DL_model: CNN_LSTM_model
repeats: 10
features: 220

07_roc_data_and_figures_sdml directory already exists!
07_roc_data_and_figures_sdml/data directory already exists!
07_roc_data_and_figures_sdml/data/IAAFT2 directory already exists!
07_roc_data_and_figures_sdml/data/IAAFT2/ROC directory already exists!
07_roc_data_and_figures_sdml/figures directory already exists!
07_roc_data_and_figures_sdml/figures/IAAFT2 directory already exists!

07_roc_data_and_figures_sdml/figures/IAAFT2/ROC directory already exists!

len_eval_pts = 20

----- 01 forced trajectories and compute EWS -----
Complete for forced tsid=4
Complete for forced tsid=2
----- 01 null trajectories and compute EWS -----
Complete for null tsid=4
Complete for null tsid=2
----- 02 Compute ROC curves -----
Exported ROC data to 07_roc_data_and_figures_sdml/data/IAAFT2/ROC/df_roc_surrogate_IAAFT2_simples_1000_CNN_LSTM_model_[4,2].csv
Exported ROC figure to 07_roc_data_and_figures_sdml/figures/IAAFT2/ROC/figure_roc_surrogate_IAAFT2_simples_1000_CNN_LSTM_model_[4,2].png
Ran in 26.00s
------------------------------ 07 Completed ROC for dl ------------------------------

------------------------------ 07 Start ROC for dl ------------------------------
surr_type: IAAFT2
simples: 1000
ID_merge_tsid: [8,6]
DL_model: CNN_LSTM_model
repeats: 10
features: 220

07_roc_data_and_figures_sdml directory already exists!
07_roc_data_and_figures_sdml/data directory already exists!
07_roc_data_and_figures_sdml/data/IAAFT2 directory already exists!
07_roc_data_and_figures_sdml/data/IAAFT2/ROC directory already exists!
07_roc_data_and_figures_sdml/figures directory already exists!
07_roc_data_and_figures_sdml/figures/IAAFT2 directory already exists!

07_roc_data_and_figures_sdml/figures/IAAFT2/ROC directory already exists!

len_eval_pts = 20

----- 01 forced trajectories and compute EWS -----
Complete for forced tsid=8
Complete for forced tsid=6
----- 01 null trajectories and compute EWS -----
Complete for null tsid=8
Complete for null tsid=6
----- 02 Compute ROC curves -----
Exported ROC data to 07_roc_data_and_figures_sdml/data/IAAFT2/ROC/df_roc_surrogate_IAAFT2_simples_1000_CNN_LSTM_model_[8,6].csv
Exported ROC figure to 07_roc_data_and_figures_sdml/figures/IAAFT2/ROC/figure_roc_surrogate_IAAFT2_simples_1000_CNN_LSTM_model_[8,6].png
Ran in 26.42s
------------------------------ 07 Completed ROC for dl ------------------------------

------------------------------ 07 Start ROC for dl ------------------------------
surr_type: IAAFT2
simples: 1000
ID_merge_tsid: [8,6,4,2]
DL_model: CNN_LSTM_model
repeats: 10
features: 220

07_roc_data_and_figures_sdml directory already exists!
07_roc_data_and_figures_sdml/data directory already exists!
07_roc_data_and_figures_sdml/data/IAAFT2 directory already exists!
07_roc_data_and_figures_sdml/data/IAAFT2/ROC directory already exists!
07_roc_data_and_figures_sdml/figures directory already exists!
07_roc_data_and_figures_sdml/figures/IAAFT2 directory already exists!

07_roc_data_and_figures_sdml/figures/IAAFT2/ROC directory already exists!

len_eval_pts = 20

----- 01 forced trajectories and compute EWS -----
Complete for forced tsid=8
Complete for forced tsid=6
Complete for forced tsid=4
Complete for forced tsid=2
----- 01 null trajectories and compute EWS -----
Complete for null tsid=8
Complete for null tsid=6
Complete for null tsid=4
Complete for null tsid=2
----- 02 Compute ROC curves -----
Exported ROC data to 07_roc_data_and_figures_sdml/data/IAAFT2/ROC/df_roc_surrogate_IAAFT2_simples_1000_CNN_LSTM_model_[8,6,4,2].csv
Exported ROC figure to 07_roc_data_and_figures_sdml/figures/IAAFT2/ROC/figure_roc_surrogate_IAAFT2_simples_1000_CNN_LSTM_model_[8,6,4,2].png
Ran in 64.33s
------------------------------ 07 Completed ROC for dl ------------------------------

------------------------------ 07 Start ROC for dl ------------------------------
surr_type: IAAFT2
simples: 1000
ID_merge_tsid: all
DL_model: CNN_LSTM_model
repeats: 10
features: 220

07_roc_data_and_figures_sdml directory already exists!
07_roc_data_and_figures_sdml/data directory already exists!
07_roc_data_and_figures_sdml/data/IAAFT2 directory already exists!
07_roc_data_and_figures_sdml/data/IAAFT2/ROC directory already exists!
07_roc_data_and_figures_sdml/figures directory already exists!
07_roc_data_and_figures_sdml/figures/IAAFT2 directory already exists!

07_roc_data_and_figures_sdml/figures/IAAFT2/ROC directory already exists!

len_eval_pts = 20

----- 01 forced trajectories and compute EWS -----
Complete for forced tsid=1
Complete for forced tsid=2
Complete for forced tsid=3
Complete for forced tsid=4
Complete for forced tsid=5
Complete for forced tsid=6
Complete for forced tsid=7
Complete for forced tsid=8
Complete for forced tsid=9
Complete for forced tsid=10
Complete for forced tsid=11
Complete for forced tsid=12
Complete for forced tsid=13
----- 01 null trajectories and compute EWS -----
Complete for null tsid=1
Complete for null tsid=2
Complete for null tsid=3
Complete for null tsid=4
Complete for null tsid=5
Complete for null tsid=6
Complete for null tsid=7
Complete for null tsid=8
Complete for null tsid=9
Complete for null tsid=10
Complete for null tsid=11
Complete for null tsid=12
Complete for null tsid=13
----- 02 Compute ROC curves -----
Exported ROC data to 07_roc_data_and_figures_sdml/data/IAAFT2/ROC/df_roc_surrogate_IAAFT2_simples_1000_CNN_LSTM_model_all.csv
Exported ROC figure to 07_roc_data_and_figures_sdml/figures/IAAFT2/ROC/figure_roc_surrogate_IAAFT2_simples_1000_CNN_LSTM_model_all.png
Ran in 112.65s
------------------------------ 07 Completed ROC for dl ------------------------------

------------------------------ 03 Start sliding windows ------------------------------
surr_type: IAAFT2
simples: 1000
ID_train: S5_S4
ID_test: S3
Variable_label: Mo
tsid: 4
features: 220
sw_width: 148

03_sliding_window_data directory already exists!
S3.shape: (297, 2)
success-> sliding_window_features_shape (real=(297-148+1, 220)):  (150, 220)
------------------------------ 03 Completed sliding windows ------------------------------

------------------------------ 04 Start predicate ------------------------------
surr_type: IAAFT2
simples: 1000
ID_train: S5_S4
ID_test: S3
DL_model: CNN_LSTM_model
repeats: 10

04_prediction_data directory already exists!
X_test.shape (150, 220)
X_test_array.shape:  (150, 220, 1)
--------------- prediction ... ---------------
textX=(samples, steps, length, channels): (150, 10, 22, 1)
textX=(samples, steps, length, channels): (150, 10, 22, 1)
textX=(samples, steps, length, channels): (150, 10, 22, 1)
textX=(samples, steps, length, channels): (150, 10, 22, 1)
textX=(samples, steps, length, channels): (150, 10, 22, 1)
textX=(samples, steps, length, channels): (150, 10, 22, 1)
textX=(samples, steps, length, channels): (150, 10, 22, 1)
textX=(samples, steps, length, channels): (150, 10, 22, 1)
textX=(samples, steps, length, channels): (150, 10, 22, 1)
textX=(samples, steps, length, channels): (150, 10, 22, 1)
y_pred_list.shape (150, 10)
------------------------------ 04 Completed predicate ------------------------------

------------------------------ 05 Start plots ------------------------------
surr_type: IAAFT2
simples: 1000
ID_train: S5_S4
ID_test: S3
Variable_label: Mo
DL_model: CNN_LSTM_model
sw_width: 148
tsid: 4

05_ews_data_and_figures directory already exists!
05_ews_data_and_figures/data directory already exists!
05_ews_data_and_figures/data/IAAFT2 directory already exists!
05_ews_data_and_figures/figures directory already exists!
05_ews_data_and_figures/figures/IAAFT2 directory already exists!

Record_Core: MS66
start_age, Transition, end_age: -95.770526 -85.8 -83.722374
sliding_window_S3: 148
------------------------------ 05 Completed plots ------------------------------

-------------------------------------------------------------------------------------
Using GPU for TensorFlow.
------------------------------ 01 Start run ------------------------------
Data_folder: MS66
surr_type: IAAFT2
simples: 1000
ID_train: S5_S4
DL_model: ConvLSTM_model
repeats: 10

01_evaluation_data directory already exists!
models directory already exists!

full_path= G:/surrogate_data_based_machine_learning_v4.0.0/anoxia/01_data_preprocessing/02_extracte_and_generate_surrogate_dataset/MS66/data/merge_surrogate_IAAFT2_simples_1000_train_S5_S4.csv

Epoch 1: val_accuracy improved from -inf to 0.92125, saving model to models\surrogate_IAAFT2_simples_1000_ConvLSTM_model_0.h5

Epoch 2: val_accuracy improved from 0.92125 to 1.00000, saving model to models\surrogate_IAAFT2_simples_1000_ConvLSTM_model_0.h5

Epoch 3: val_accuracy did not improve from 1.00000

Epoch 4: val_accuracy did not improve from 1.00000

Epoch 5: val_accuracy did not improve from 1.00000

Epoch 6: val_accuracy did not improve from 1.00000

Epoch 7: val_accuracy did not improve from 1.00000
Epoch 7: early stopping
>#1: 100.000

Epoch 1: val_accuracy improved from -inf to 1.00000, saving model to models\surrogate_IAAFT2_simples_1000_ConvLSTM_model_1.h5

Epoch 2: val_accuracy did not improve from 1.00000

Epoch 3: val_accuracy did not improve from 1.00000

Epoch 4: val_accuracy did not improve from 1.00000

Epoch 5: val_accuracy did not improve from 1.00000

Epoch 6: val_accuracy did not improve from 1.00000
Epoch 6: early stopping
>#2: 100.000

Epoch 1: val_accuracy improved from -inf to 1.00000, saving model to models\surrogate_IAAFT2_simples_1000_ConvLSTM_model_2.h5

Epoch 2: val_accuracy did not improve from 1.00000

Epoch 3: val_accuracy did not improve from 1.00000

Epoch 4: val_accuracy did not improve from 1.00000

Epoch 5: val_accuracy did not improve from 1.00000

Epoch 6: val_accuracy did not improve from 1.00000
Epoch 6: early stopping
>#3: 100.000

Epoch 1: val_accuracy improved from -inf to 0.99375, saving model to models\surrogate_IAAFT2_simples_1000_ConvLSTM_model_3.h5

Epoch 2: val_accuracy improved from 0.99375 to 1.00000, saving model to models\surrogate_IAAFT2_simples_1000_ConvLSTM_model_3.h5

Epoch 3: val_accuracy did not improve from 1.00000

Epoch 4: val_accuracy did not improve from 1.00000

Epoch 5: val_accuracy did not improve from 1.00000

Epoch 6: val_accuracy did not improve from 1.00000

Epoch 7: val_accuracy did not improve from 1.00000
Epoch 7: early stopping
>#4: 100.000

Epoch 1: val_accuracy improved from -inf to 0.94750, saving model to models\surrogate_IAAFT2_simples_1000_ConvLSTM_model_4.h5

Epoch 2: val_accuracy improved from 0.94750 to 1.00000, saving model to models\surrogate_IAAFT2_simples_1000_ConvLSTM_model_4.h5

Epoch 3: val_accuracy did not improve from 1.00000

Epoch 4: val_accuracy did not improve from 1.00000

Epoch 5: val_accuracy did not improve from 1.00000

Epoch 6: val_accuracy did not improve from 1.00000

Epoch 7: val_accuracy did not improve from 1.00000
Epoch 7: early stopping
>#5: 100.000

Epoch 1: val_accuracy improved from -inf to 0.99000, saving model to models\surrogate_IAAFT2_simples_1000_ConvLSTM_model_5.h5

Epoch 2: val_accuracy improved from 0.99000 to 1.00000, saving model to models\surrogate_IAAFT2_simples_1000_ConvLSTM_model_5.h5

Epoch 3: val_accuracy did not improve from 1.00000

Epoch 4: val_accuracy did not improve from 1.00000

Epoch 5: val_accuracy did not improve from 1.00000

Epoch 6: val_accuracy did not improve from 1.00000

Epoch 7: val_accuracy did not improve from 1.00000
Epoch 7: early stopping
>#6: 100.000

Epoch 1: val_accuracy improved from -inf to 1.00000, saving model to models\surrogate_IAAFT2_simples_1000_ConvLSTM_model_6.h5

Epoch 2: val_accuracy did not improve from 1.00000

Epoch 3: val_accuracy did not improve from 1.00000

Epoch 4: val_accuracy did not improve from 1.00000

Epoch 5: val_accuracy did not improve from 1.00000

Epoch 6: val_accuracy did not improve from 1.00000
Epoch 6: early stopping
>#7: 100.000

Epoch 1: val_accuracy improved from -inf to 0.99125, saving model to models\surrogate_IAAFT2_simples_1000_ConvLSTM_model_7.h5

Epoch 2: val_accuracy improved from 0.99125 to 1.00000, saving model to models\surrogate_IAAFT2_simples_1000_ConvLSTM_model_7.h5

Epoch 3: val_accuracy did not improve from 1.00000

Epoch 4: val_accuracy did not improve from 1.00000

Epoch 5: val_accuracy did not improve from 1.00000

Epoch 6: val_accuracy did not improve from 1.00000

Epoch 7: val_accuracy did not improve from 1.00000
Epoch 7: early stopping
>#8: 100.000

Epoch 1: val_accuracy improved from -inf to 1.00000, saving model to models\surrogate_IAAFT2_simples_1000_ConvLSTM_model_8.h5

Epoch 2: val_accuracy did not improve from 1.00000

Epoch 3: val_accuracy did not improve from 1.00000

Epoch 4: val_accuracy did not improve from 1.00000

Epoch 5: val_accuracy did not improve from 1.00000

Epoch 6: val_accuracy did not improve from 1.00000
Epoch 6: early stopping
>#9: 100.000

Epoch 1: val_accuracy improved from -inf to 0.98000, saving model to models\surrogate_IAAFT2_simples_1000_ConvLSTM_model_9.h5

Epoch 2: val_accuracy improved from 0.98000 to 1.00000, saving model to models\surrogate_IAAFT2_simples_1000_ConvLSTM_model_9.h5

Epoch 3: val_accuracy did not improve from 1.00000

Epoch 4: val_accuracy did not improve from 1.00000

Epoch 5: val_accuracy did not improve from 1.00000

Epoch 6: val_accuracy did not improve from 1.00000

Epoch 7: val_accuracy did not improve from 1.00000
Epoch 7: early stopping
>#10: 100.000
------------------ summarize results -------------------------
DL_model: ConvLSTM_model
scores: [100.0, 100.0, 100.0, 100.0, 100.0, 100.0, 100.0, 100.0, 100.0, 100.0]
Accuracy mean (std): 100.000% (0.000)

Running time 364.4 seconds
------------------------------ 01 Completed ------------------------------

------------------------------ 02 Start Evaluation ------------------------------
surr_type: IAAFT2
simples: 1000
ID_train: S5_S4
DL_model: ConvLSTM_model
repeats: 10

02_evaluation_performance directory already exists!
# 0 >> accuracy: 1.0
# 1 >> accuracy: 1.0
# 2 >> accuracy: 1.0
# 3 >> accuracy: 1.0
# 4 >> accuracy: 1.0
# 5 >> accuracy: 1.0
# 6 >> accuracy: 1.0
# 7 >> accuracy: 1.0
# 8 >> accuracy: 1.0
# 9 >> accuracy: 1.0
The results have been saved to a txt file: 02_evaluation_performance/evaluation_performance_surrogate_IAAFT2_simples_1000_ConvLSTM_model_train_S5_S4.txt

Running time 23.8 seconds
------------------------------ 02 Completed Evaluation ------------------------------

------------------------------ 03 Start sliding windows ------------------------------
surr_type: IAAFT2
simples: 1000
ID_train: S5_S4
ID_test: S1
Variable_label: Mo
tsid: 2
features: 220
sw_width: 208

03_sliding_window_data directory already exists!
S1.shape: (416, 2)
success-> sliding_window_features_shape (real=(416-208+1, 220)):  (209, 220)
------------------------------ 03 Completed sliding windows ------------------------------

------------------------------ 04 Start predicate ------------------------------
surr_type: IAAFT2
simples: 1000
ID_train: S5_S4
ID_test: S1
DL_model: ConvLSTM_model
repeats: 10

04_prediction_data directory already exists!
X_test.shape (209, 220)
X_test_array.shape:  (209, 220, 1)
--------------- prediction ... ---------------
textX=(samples, time steps, rows, cols, channels): (209, 10, 1, 22, 1)
textX=(samples, time steps, rows, cols, channels): (209, 10, 1, 22, 1)
textX=(samples, time steps, rows, cols, channels): (209, 10, 1, 22, 1)
textX=(samples, time steps, rows, cols, channels): (209, 10, 1, 22, 1)
textX=(samples, time steps, rows, cols, channels): (209, 10, 1, 22, 1)
textX=(samples, time steps, rows, cols, channels): (209, 10, 1, 22, 1)
textX=(samples, time steps, rows, cols, channels): (209, 10, 1, 22, 1)
textX=(samples, time steps, rows, cols, channels): (209, 10, 1, 22, 1)
textX=(samples, time steps, rows, cols, channels): (209, 10, 1, 22, 1)
textX=(samples, time steps, rows, cols, channels): (209, 10, 1, 22, 1)
y_pred_list.shape (209, 10)
------------------------------ 04 Completed predicate ------------------------------

------------------------------ 05 Start plots ------------------------------
surr_type: IAAFT2
simples: 1000
ID_train: S5_S4
ID_test: S1
Variable_label: Mo
DL_model: ConvLSTM_model
sw_width: 208
tsid: 2

05_ews_data_and_figures directory already exists!
05_ews_data_and_figures/data directory already exists!
05_ews_data_and_figures/data/IAAFT2 directory already exists!
05_ews_data_and_figures/figures directory already exists!
05_ews_data_and_figures/figures/IAAFT2 directory already exists!

Record_Core: MS66
start_age, Transition, end_age: -20.481013 -10.5 -8.005155
sliding_window_S1: 208
------------------------------ 05 Completed plots ------------------------------

------------------------------ 07 Start ROC for dl ------------------------------
surr_type: IAAFT2
simples: 1000
ID_merge_tsid: [4,2]
DL_model: ConvLSTM_model
repeats: 10
features: 220

07_roc_data_and_figures_sdml directory already exists!
07_roc_data_and_figures_sdml/data directory already exists!
07_roc_data_and_figures_sdml/data/IAAFT2 directory already exists!
07_roc_data_and_figures_sdml/data/IAAFT2/ROC directory already exists!
07_roc_data_and_figures_sdml/figures directory already exists!
07_roc_data_and_figures_sdml/figures/IAAFT2 directory already exists!

07_roc_data_and_figures_sdml/figures/IAAFT2/ROC directory already exists!

len_eval_pts = 20

----- 01 forced trajectories and compute EWS -----
Complete for forced tsid=4
Complete for forced tsid=2
----- 01 null trajectories and compute EWS -----
Complete for null tsid=4
Complete for null tsid=2
----- 02 Compute ROC curves -----
Exported ROC data to 07_roc_data_and_figures_sdml/data/IAAFT2/ROC/df_roc_surrogate_IAAFT2_simples_1000_ConvLSTM_model_[4,2].csv
Exported ROC figure to 07_roc_data_and_figures_sdml/figures/IAAFT2/ROC/figure_roc_surrogate_IAAFT2_simples_1000_ConvLSTM_model_[4,2].png
Ran in 16.78s
------------------------------ 07 Completed ROC for dl ------------------------------

------------------------------ 07 Start ROC for dl ------------------------------
surr_type: IAAFT2
simples: 1000
ID_merge_tsid: [8,6]
DL_model: ConvLSTM_model
repeats: 10
features: 220

07_roc_data_and_figures_sdml directory already exists!
07_roc_data_and_figures_sdml/data directory already exists!
07_roc_data_and_figures_sdml/data/IAAFT2 directory already exists!
07_roc_data_and_figures_sdml/data/IAAFT2/ROC directory already exists!
07_roc_data_and_figures_sdml/figures directory already exists!
07_roc_data_and_figures_sdml/figures/IAAFT2 directory already exists!

07_roc_data_and_figures_sdml/figures/IAAFT2/ROC directory already exists!

len_eval_pts = 20

----- 01 forced trajectories and compute EWS -----
Complete for forced tsid=8
Complete for forced tsid=6
----- 01 null trajectories and compute EWS -----
Complete for null tsid=8
Complete for null tsid=6
----- 02 Compute ROC curves -----
Exported ROC data to 07_roc_data_and_figures_sdml/data/IAAFT2/ROC/df_roc_surrogate_IAAFT2_simples_1000_ConvLSTM_model_[8,6].csv
Exported ROC figure to 07_roc_data_and_figures_sdml/figures/IAAFT2/ROC/figure_roc_surrogate_IAAFT2_simples_1000_ConvLSTM_model_[8,6].png
Ran in 16.76s
------------------------------ 07 Completed ROC for dl ------------------------------

------------------------------ 07 Start ROC for dl ------------------------------
surr_type: IAAFT2
simples: 1000
ID_merge_tsid: [8,6,4,2]
DL_model: ConvLSTM_model
repeats: 10
features: 220

07_roc_data_and_figures_sdml directory already exists!
07_roc_data_and_figures_sdml/data directory already exists!
07_roc_data_and_figures_sdml/data/IAAFT2 directory already exists!
07_roc_data_and_figures_sdml/data/IAAFT2/ROC directory already exists!
07_roc_data_and_figures_sdml/figures directory already exists!
07_roc_data_and_figures_sdml/figures/IAAFT2 directory already exists!

07_roc_data_and_figures_sdml/figures/IAAFT2/ROC directory already exists!

len_eval_pts = 20

----- 01 forced trajectories and compute EWS -----
Complete for forced tsid=8
Complete for forced tsid=6
Complete for forced tsid=4
Complete for forced tsid=2
----- 01 null trajectories and compute EWS -----
Complete for null tsid=8
Complete for null tsid=6
Complete for null tsid=4
Complete for null tsid=2
----- 02 Compute ROC curves -----
Exported ROC data to 07_roc_data_and_figures_sdml/data/IAAFT2/ROC/df_roc_surrogate_IAAFT2_simples_1000_ConvLSTM_model_[8,6,4,2].csv
Exported ROC figure to 07_roc_data_and_figures_sdml/figures/IAAFT2/ROC/figure_roc_surrogate_IAAFT2_simples_1000_ConvLSTM_model_[8,6,4,2].png
Ran in 25.19s
------------------------------ 07 Completed ROC for dl ------------------------------

------------------------------ 07 Start ROC for dl ------------------------------
surr_type: IAAFT2
simples: 1000
ID_merge_tsid: all
DL_model: ConvLSTM_model
repeats: 10
features: 220

07_roc_data_and_figures_sdml directory already exists!
07_roc_data_and_figures_sdml/data directory already exists!
07_roc_data_and_figures_sdml/data/IAAFT2 directory already exists!
07_roc_data_and_figures_sdml/data/IAAFT2/ROC directory already exists!
07_roc_data_and_figures_sdml/figures directory already exists!
07_roc_data_and_figures_sdml/figures/IAAFT2 directory already exists!

07_roc_data_and_figures_sdml/figures/IAAFT2/ROC directory already exists!

len_eval_pts = 20

----- 01 forced trajectories and compute EWS -----
Complete for forced tsid=1
Complete for forced tsid=2
Complete for forced tsid=3
Complete for forced tsid=4
Complete for forced tsid=5
Complete for forced tsid=6
Complete for forced tsid=7
Complete for forced tsid=8
Complete for forced tsid=9
Complete for forced tsid=10
Complete for forced tsid=11
Complete for forced tsid=12
Complete for forced tsid=13
----- 01 null trajectories and compute EWS -----
Complete for null tsid=1
Complete for null tsid=2
Complete for null tsid=3
Complete for null tsid=4
Complete for null tsid=5
Complete for null tsid=6
Complete for null tsid=7
Complete for null tsid=8
Complete for null tsid=9
Complete for null tsid=10
Complete for null tsid=11
Complete for null tsid=12
Complete for null tsid=13
----- 02 Compute ROC curves -----
Exported ROC data to 07_roc_data_and_figures_sdml/data/IAAFT2/ROC/df_roc_surrogate_IAAFT2_simples_1000_ConvLSTM_model_all.csv
Exported ROC figure to 07_roc_data_and_figures_sdml/figures/IAAFT2/ROC/figure_roc_surrogate_IAAFT2_simples_1000_ConvLSTM_model_all.png
Ran in 98.48s
------------------------------ 07 Completed ROC for dl ------------------------------

------------------------------ 03 Start sliding windows ------------------------------
surr_type: IAAFT2
simples: 1000
ID_train: S5_S4
ID_test: S3
Variable_label: Mo
tsid: 4
features: 220
sw_width: 148

03_sliding_window_data directory already exists!
S3.shape: (297, 2)
success-> sliding_window_features_shape (real=(297-148+1, 220)):  (150, 220)
------------------------------ 03 Completed sliding windows ------------------------------

------------------------------ 04 Start predicate ------------------------------
surr_type: IAAFT2
simples: 1000
ID_train: S5_S4
ID_test: S3
DL_model: ConvLSTM_model
repeats: 10

04_prediction_data directory already exists!
X_test.shape (150, 220)
X_test_array.shape:  (150, 220, 1)
--------------- prediction ... ---------------
textX=(samples, time steps, rows, cols, channels): (150, 10, 1, 22, 1)
textX=(samples, time steps, rows, cols, channels): (150, 10, 1, 22, 1)
textX=(samples, time steps, rows, cols, channels): (150, 10, 1, 22, 1)
textX=(samples, time steps, rows, cols, channels): (150, 10, 1, 22, 1)
textX=(samples, time steps, rows, cols, channels): (150, 10, 1, 22, 1)
textX=(samples, time steps, rows, cols, channels): (150, 10, 1, 22, 1)
textX=(samples, time steps, rows, cols, channels): (150, 10, 1, 22, 1)
textX=(samples, time steps, rows, cols, channels): (150, 10, 1, 22, 1)
textX=(samples, time steps, rows, cols, channels): (150, 10, 1, 22, 1)
textX=(samples, time steps, rows, cols, channels): (150, 10, 1, 22, 1)
y_pred_list.shape (150, 10)
------------------------------ 04 Completed predicate ------------------------------

------------------------------ 05 Start plots ------------------------------
surr_type: IAAFT2
simples: 1000
ID_train: S5_S4
ID_test: S3
Variable_label: Mo
DL_model: ConvLSTM_model
sw_width: 148
tsid: 4

05_ews_data_and_figures directory already exists!
05_ews_data_and_figures/data directory already exists!
05_ews_data_and_figures/data/IAAFT2 directory already exists!
05_ews_data_and_figures/figures directory already exists!
05_ews_data_and_figures/figures/IAAFT2 directory already exists!

Record_Core: MS66
start_age, Transition, end_age: -95.770526 -85.8 -83.722374
sliding_window_S3: 148
------------------------------ 05 Completed plots ------------------------------

---------------------------- complete end ----------------------------
