---------------------------- Run start python scripts -----------------------------
-------------------------------------------------------------------------------------
Using GPU for TensorFlow.
------------------------------ 01 Start run ------------------------------
Data_folder: MS66
surr_type: AAFT
simples: 10000
ID_train: S5_S4
DL_model: CNN_model
repeats: 10

01_evaluation_data directory already exists!
models directory already exists!

full_path= G:/surrogate_data_based_machine_learning_v4.0.0/anoxia/01_data_preprocessing/02_extracte_and_generate_surrogate_dataset/MS66/data/merge_surrogate_AAFT_simples_10000_train_S5_S4.csv

Epoch 1: val_accuracy improved from -inf to 1.00000, saving model to models\surrogate_AAFT_simples_10000_CNN_model_0.h5

Epoch 2: val_accuracy did not improve from 1.00000

Epoch 3: val_accuracy did not improve from 1.00000

Epoch 4: val_accuracy did not improve from 1.00000

Epoch 5: val_accuracy did not improve from 1.00000

Epoch 6: val_accuracy did not improve from 1.00000
Epoch 6: early stopping
>#1: 100.000

Epoch 1: val_accuracy improved from -inf to 1.00000, saving model to models\surrogate_AAFT_simples_10000_CNN_model_1.h5

Epoch 2: val_accuracy did not improve from 1.00000

Epoch 3: val_accuracy did not improve from 1.00000

Epoch 4: val_accuracy did not improve from 1.00000

Epoch 5: val_accuracy did not improve from 1.00000

Epoch 6: val_accuracy did not improve from 1.00000
Epoch 6: early stopping
>#2: 100.000

Epoch 1: val_accuracy improved from -inf to 1.00000, saving model to models\surrogate_AAFT_simples_10000_CNN_model_2.h5

Epoch 2: val_accuracy did not improve from 1.00000

Epoch 3: val_accuracy did not improve from 1.00000

Epoch 4: val_accuracy did not improve from 1.00000

Epoch 5: val_accuracy did not improve from 1.00000

Epoch 6: val_accuracy did not improve from 1.00000
Epoch 6: early stopping
>#3: 100.000

Epoch 1: val_accuracy improved from -inf to 1.00000, saving model to models\surrogate_AAFT_simples_10000_CNN_model_3.h5

Epoch 2: val_accuracy did not improve from 1.00000

Epoch 3: val_accuracy did not improve from 1.00000

Epoch 4: val_accuracy did not improve from 1.00000

Epoch 5: val_accuracy did not improve from 1.00000

Epoch 6: val_accuracy did not improve from 1.00000
Epoch 6: early stopping
>#4: 100.000

Epoch 1: val_accuracy improved from -inf to 1.00000, saving model to models\surrogate_AAFT_simples_10000_CNN_model_4.h5

Epoch 2: val_accuracy did not improve from 1.00000

Epoch 3: val_accuracy did not improve from 1.00000

Epoch 4: val_accuracy did not improve from 1.00000

Epoch 5: val_accuracy did not improve from 1.00000

Epoch 6: val_accuracy did not improve from 1.00000
Epoch 6: early stopping
>#5: 100.000

Epoch 1: val_accuracy improved from -inf to 1.00000, saving model to models\surrogate_AAFT_simples_10000_CNN_model_5.h5

Epoch 2: val_accuracy did not improve from 1.00000

Epoch 3: val_accuracy did not improve from 1.00000

Epoch 4: val_accuracy did not improve from 1.00000

Epoch 5: val_accuracy did not improve from 1.00000

Epoch 6: val_accuracy did not improve from 1.00000
Epoch 6: early stopping
>#6: 100.000

Epoch 1: val_accuracy improved from -inf to 1.00000, saving model to models\surrogate_AAFT_simples_10000_CNN_model_6.h5

Epoch 2: val_accuracy did not improve from 1.00000

Epoch 3: val_accuracy did not improve from 1.00000

Epoch 4: val_accuracy did not improve from 1.00000

Epoch 5: val_accuracy did not improve from 1.00000

Epoch 6: val_accuracy did not improve from 1.00000
Epoch 6: early stopping
>#7: 100.000

Epoch 1: val_accuracy improved from -inf to 1.00000, saving model to models\surrogate_AAFT_simples_10000_CNN_model_7.h5

Epoch 2: val_accuracy did not improve from 1.00000

Epoch 3: val_accuracy did not improve from 1.00000

Epoch 4: val_accuracy did not improve from 1.00000

Epoch 5: val_accuracy did not improve from 1.00000

Epoch 6: val_accuracy did not improve from 1.00000
Epoch 6: early stopping
>#8: 100.000

Epoch 1: val_accuracy improved from -inf to 1.00000, saving model to models\surrogate_AAFT_simples_10000_CNN_model_8.h5

Epoch 2: val_accuracy did not improve from 1.00000

Epoch 3: val_accuracy did not improve from 1.00000

Epoch 4: val_accuracy did not improve from 1.00000

Epoch 5: val_accuracy did not improve from 1.00000

Epoch 6: val_accuracy did not improve from 1.00000
Epoch 6: early stopping
>#9: 100.000

Epoch 1: val_accuracy improved from -inf to 1.00000, saving model to models\surrogate_AAFT_simples_10000_CNN_model_9.h5

Epoch 2: val_accuracy did not improve from 1.00000

Epoch 3: val_accuracy did not improve from 1.00000

Epoch 4: val_accuracy did not improve from 1.00000

Epoch 5: val_accuracy did not improve from 1.00000

Epoch 6: val_accuracy did not improve from 1.00000
Epoch 6: early stopping
>#10: 100.000
------------------ summarize results -------------------------
DL_model: CNN_model
scores: [100.0, 100.0, 100.0, 100.0, 100.0, 100.0, 100.0, 100.0, 100.0, 100.0]
Accuracy mean (std): 100.000% (0.000)

Running time 196.2 seconds
------------------------------ 01 Completed ------------------------------

------------------------------ 02 Start Evaluation ------------------------------
surr_type: AAFT
simples: 10000
ID_train: S5_S4
DL_model: CNN_model
repeats: 10

02_evaluation_performance directory already exists!
# 0 >> accuracy: 1.0
# 1 >> accuracy: 1.0
# 2 >> accuracy: 1.0
# 3 >> accuracy: 1.0
# 4 >> accuracy: 1.0
# 5 >> accuracy: 1.0
# 6 >> accuracy: 1.0
# 7 >> accuracy: 1.0
# 8 >> accuracy: 1.0
# 9 >> accuracy: 1.0
The results have been saved to a txt file: 02_evaluation_performance/evaluation_performance_surrogate_AAFT_simples_10000_CNN_model_train_S5_S4.txt

Running time 31.9 seconds
------------------------------ 02 Completed Evaluation ------------------------------

------------------------------ 03 Start sliding windows ------------------------------
surr_type: AAFT
simples: 10000
ID_train: S5_S4
ID_test: S1
Variable_label: Mo
tsid: 2
features: 220
sw_width: 208

03_sliding_window_data directory already exists!
S1.shape: (416, 2)
success-> sliding_window_features_shape (real=(416-208+1, 220)):  (209, 220)
------------------------------ 03 Completed sliding windows ------------------------------

------------------------------ 04 Start predicate ------------------------------
surr_type: AAFT
simples: 10000
ID_train: S5_S4
ID_test: S1
DL_model: CNN_model
repeats: 10

04_prediction_data directory already exists!
X_test.shape (209, 220)
X_test_array.shape:  (209, 220, 1)
--------------- prediction ... ---------------
y_pred_list.shape (209, 10)
------------------------------ 04 Completed predicate ------------------------------

------------------------------ 05 Start plots ------------------------------
surr_type: AAFT
simples: 10000
ID_train: S5_S4
ID_test: S1
Variable_label: Mo
DL_model: CNN_model
sw_width: 208
tsid: 2

05_ews_data_and_figures directory already exists!
05_ews_data_and_figures/data directory already exists!
05_ews_data_and_figures/data/AAFT directory already exists!
05_ews_data_and_figures/figures directory already exists!
05_ews_data_and_figures/figures/AAFT directory already exists!

Record_Core: MS66
start_age, Transition, end_age: -20.481013 -10.5 -8.005155
sliding_window_S1: 208
------------------------------ 05 Completed plots ------------------------------

------------------------------ 06 Start ROC for variance and lag-1 autocorrelation ------------------------------
surr_type: AAFT
simples: 10000
ID_merge_tsid: [4,2]
DL_model: CNN_model
repeats: 10
features: 220

06_roc_data_and_figures_var_corr directory already exists!
06_roc_data_and_figures_var_corr/data directory already exists!
06_roc_data_and_figures_var_corr/data/ROC directory already exists!
06_roc_data_and_figures_var_corr/figures directory already exists!
06_roc_data_and_figures_var_corr/figures/ROC directory already exists!
len_eval_pts= 20

----- 01 forced trajectories and compute EWS -----
Complete for forced tsid=4
Complete for forced tsid=2
----- 01 null trajectories and compute EWS -----
Complete for null tsid=4
Complete for null tsid=2
----- 02 Compute ROC curves -----
Exported ROC data to 06_roc_data_and_figures_var_corr/data/ROC/df_roc_var_corr_[4,2].csv
Exported ROC figure to 06_roc_data_and_figures_var_corr/figures/ROC/figure_roc_var_corr_[4,2].png
Ran in 2.70s
------------------------------ 06 Completed ROC for variance and lag-1 autocorrelation ------------------------------

------------------------------ 07 Start ROC for dl ------------------------------
surr_type: AAFT
simples: 10000
ID_merge_tsid: [4,2]
DL_model: CNN_model
repeats: 10
features: 220

07_roc_data_and_figures_sdml directory already exists!
07_roc_data_and_figures_sdml/data directory already exists!
07_roc_data_and_figures_sdml/data/AAFT directory already exists!
07_roc_data_and_figures_sdml/data/AAFT/ROC directory already exists!
07_roc_data_and_figures_sdml/figures directory already exists!
07_roc_data_and_figures_sdml/figures/AAFT directory already exists!

07_roc_data_and_figures_sdml/figures/AAFT/ROC directory already exists!

len_eval_pts = 20

----- 01 forced trajectories and compute EWS -----
Complete for forced tsid=4
Complete for forced tsid=2
----- 01 null trajectories and compute EWS -----
Complete for null tsid=4
Complete for null tsid=2
----- 02 Compute ROC curves -----
Exported ROC data to 07_roc_data_and_figures_sdml/data/AAFT/ROC/df_roc_surrogate_AAFT_simples_10000_CNN_model_[4,2].csv
Exported ROC figure to 07_roc_data_and_figures_sdml/figures/AAFT/ROC/figure_roc_surrogate_AAFT_simples_10000_CNN_model_[4,2].png
Ran in 20.17s
------------------------------ 07 Completed ROC for dl ------------------------------

------------------------------ 06 Start ROC for variance and lag-1 autocorrelation ------------------------------
surr_type: AAFT
simples: 10000
ID_merge_tsid: [8,6]
DL_model: CNN_model
repeats: 10
features: 220

06_roc_data_and_figures_var_corr directory already exists!
06_roc_data_and_figures_var_corr/data directory already exists!
06_roc_data_and_figures_var_corr/data/ROC directory already exists!
06_roc_data_and_figures_var_corr/figures directory already exists!
06_roc_data_and_figures_var_corr/figures/ROC directory already exists!
len_eval_pts= 20

----- 01 forced trajectories and compute EWS -----
Complete for forced tsid=8
Complete for forced tsid=6
----- 01 null trajectories and compute EWS -----
Complete for null tsid=8
Complete for null tsid=6
----- 02 Compute ROC curves -----
Exported ROC data to 06_roc_data_and_figures_var_corr/data/ROC/df_roc_var_corr_[8,6].csv
Exported ROC figure to 06_roc_data_and_figures_var_corr/figures/ROC/figure_roc_var_corr_[8,6].png
Ran in 2.65s
------------------------------ 06 Completed ROC for variance and lag-1 autocorrelation ------------------------------

------------------------------ 07 Start ROC for dl ------------------------------
surr_type: AAFT
simples: 10000
ID_merge_tsid: [8,6]
DL_model: CNN_model
repeats: 10
features: 220

07_roc_data_and_figures_sdml directory already exists!
07_roc_data_and_figures_sdml/data directory already exists!
07_roc_data_and_figures_sdml/data/AAFT directory already exists!
07_roc_data_and_figures_sdml/data/AAFT/ROC directory already exists!
07_roc_data_and_figures_sdml/figures directory already exists!
07_roc_data_and_figures_sdml/figures/AAFT directory already exists!

07_roc_data_and_figures_sdml/figures/AAFT/ROC directory already exists!

len_eval_pts = 20

----- 01 forced trajectories and compute EWS -----
Complete for forced tsid=8
Complete for forced tsid=6
----- 01 null trajectories and compute EWS -----
Complete for null tsid=8
Complete for null tsid=6
----- 02 Compute ROC curves -----
Exported ROC data to 07_roc_data_and_figures_sdml/data/AAFT/ROC/df_roc_surrogate_AAFT_simples_10000_CNN_model_[8,6].csv
Exported ROC figure to 07_roc_data_and_figures_sdml/figures/AAFT/ROC/figure_roc_surrogate_AAFT_simples_10000_CNN_model_[8,6].png
Ran in 20.54s
------------------------------ 07 Completed ROC for dl ------------------------------

------------------------------ 06 Start ROC for variance and lag-1 autocorrelation ------------------------------
surr_type: AAFT
simples: 10000
ID_merge_tsid: [8,6,4,2]
DL_model: CNN_model
repeats: 10
features: 220

06_roc_data_and_figures_var_corr directory already exists!
06_roc_data_and_figures_var_corr/data directory already exists!
06_roc_data_and_figures_var_corr/data/ROC directory already exists!
06_roc_data_and_figures_var_corr/figures directory already exists!
06_roc_data_and_figures_var_corr/figures/ROC directory already exists!
len_eval_pts= 20

----- 01 forced trajectories and compute EWS -----
Complete for forced tsid=8
Complete for forced tsid=6
Complete for forced tsid=4
Complete for forced tsid=2
----- 01 null trajectories and compute EWS -----
Complete for null tsid=8
Complete for null tsid=6
Complete for null tsid=4
Complete for null tsid=2
----- 02 Compute ROC curves -----
Exported ROC data to 06_roc_data_and_figures_var_corr/data/ROC/df_roc_var_corr_[8,6,4,2].csv
Exported ROC figure to 06_roc_data_and_figures_var_corr/figures/ROC/figure_roc_var_corr_[8,6,4,2].png
Ran in 2.96s
------------------------------ 06 Completed ROC for variance and lag-1 autocorrelation ------------------------------

------------------------------ 07 Start ROC for dl ------------------------------
surr_type: AAFT
simples: 10000
ID_merge_tsid: [8,6,4,2]
DL_model: CNN_model
repeats: 10
features: 220

07_roc_data_and_figures_sdml directory already exists!
07_roc_data_and_figures_sdml/data directory already exists!
07_roc_data_and_figures_sdml/data/AAFT directory already exists!
07_roc_data_and_figures_sdml/data/AAFT/ROC directory already exists!
07_roc_data_and_figures_sdml/figures directory already exists!
07_roc_data_and_figures_sdml/figures/AAFT directory already exists!

07_roc_data_and_figures_sdml/figures/AAFT/ROC directory already exists!

len_eval_pts = 20

----- 01 forced trajectories and compute EWS -----
Complete for forced tsid=8
Complete for forced tsid=6
Complete for forced tsid=4
Complete for forced tsid=2
----- 01 null trajectories and compute EWS -----
Complete for null tsid=8
Complete for null tsid=6
Complete for null tsid=4
Complete for null tsid=2
----- 02 Compute ROC curves -----
Exported ROC data to 07_roc_data_and_figures_sdml/data/AAFT/ROC/df_roc_surrogate_AAFT_simples_10000_CNN_model_[8,6,4,2].csv
Exported ROC figure to 07_roc_data_and_figures_sdml/figures/AAFT/ROC/figure_roc_surrogate_AAFT_simples_10000_CNN_model_[8,6,4,2].png
Ran in 27.72s
------------------------------ 07 Completed ROC for dl ------------------------------

------------------------------ 06 Start ROC for variance and lag-1 autocorrelation ------------------------------
surr_type: AAFT
simples: 10000
ID_merge_tsid: all
DL_model: CNN_model
repeats: 10
features: 220

06_roc_data_and_figures_var_corr directory already exists!
06_roc_data_and_figures_var_corr/data directory already exists!
06_roc_data_and_figures_var_corr/data/ROC directory already exists!
06_roc_data_and_figures_var_corr/figures directory already exists!
06_roc_data_and_figures_var_corr/figures/ROC directory already exists!
len_eval_pts= 20

----- 01 forced trajectories and compute EWS -----
Complete for forced tsid=1
Complete for forced tsid=2
Complete for forced tsid=3
Complete for forced tsid=4
Complete for forced tsid=5
Complete for forced tsid=6
Complete for forced tsid=7
Complete for forced tsid=8
Complete for forced tsid=9
Complete for forced tsid=10
Complete for forced tsid=11
Complete for forced tsid=12
Complete for forced tsid=13
----- 01 null trajectories and compute EWS -----
Complete for null tsid=1
Complete for null tsid=2
Complete for null tsid=3
Complete for null tsid=4
Complete for null tsid=5
Complete for null tsid=6
Complete for null tsid=7
Complete for null tsid=8
Complete for null tsid=9
Complete for null tsid=10
Complete for null tsid=11
Complete for null tsid=12
Complete for null tsid=13
----- 02 Compute ROC curves -----
Exported ROC data to 06_roc_data_and_figures_var_corr/data/ROC/df_roc_var_corr_all.csv
Exported ROC figure to 06_roc_data_and_figures_var_corr/figures/ROC/figure_roc_var_corr_all.png
Ran in 3.90s
------------------------------ 06 Completed ROC for variance and lag-1 autocorrelation ------------------------------

------------------------------ 07 Start ROC for dl ------------------------------
surr_type: AAFT
simples: 10000
ID_merge_tsid: all
DL_model: CNN_model
repeats: 10
features: 220

07_roc_data_and_figures_sdml directory already exists!
07_roc_data_and_figures_sdml/data directory already exists!
07_roc_data_and_figures_sdml/data/AAFT directory already exists!
07_roc_data_and_figures_sdml/data/AAFT/ROC directory already exists!
07_roc_data_and_figures_sdml/figures directory already exists!
07_roc_data_and_figures_sdml/figures/AAFT directory already exists!

07_roc_data_and_figures_sdml/figures/AAFT/ROC directory already exists!

len_eval_pts = 20

----- 01 forced trajectories and compute EWS -----
Complete for forced tsid=1
Complete for forced tsid=2
Complete for forced tsid=3
Complete for forced tsid=4
Complete for forced tsid=5
Complete for forced tsid=6
Complete for forced tsid=7
Complete for forced tsid=8
Complete for forced tsid=9
Complete for forced tsid=10
Complete for forced tsid=11
Complete for forced tsid=12
Complete for forced tsid=13
----- 01 null trajectories and compute EWS -----
Complete for null tsid=1
Complete for null tsid=2
Complete for null tsid=3
Complete for null tsid=4
Complete for null tsid=5
Complete for null tsid=6
Complete for null tsid=7
Complete for null tsid=8
Complete for null tsid=9
Complete for null tsid=10
Complete for null tsid=11
Complete for null tsid=12
Complete for null tsid=13
----- 02 Compute ROC curves -----
Exported ROC data to 07_roc_data_and_figures_sdml/data/AAFT/ROC/df_roc_surrogate_AAFT_simples_10000_CNN_model_all.csv
Exported ROC figure to 07_roc_data_and_figures_sdml/figures/AAFT/ROC/figure_roc_surrogate_AAFT_simples_10000_CNN_model_all.png
Ran in 63.19s
------------------------------ 07 Completed ROC for dl ------------------------------

------------------------------ 03 Start sliding windows ------------------------------
surr_type: AAFT
simples: 10000
ID_train: S5_S4
ID_test: S3
Variable_label: Mo
tsid: 4
features: 220
sw_width: 148

03_sliding_window_data directory already exists!
S3.shape: (297, 2)
success-> sliding_window_features_shape (real=(297-148+1, 220)):  (150, 220)
------------------------------ 03 Completed sliding windows ------------------------------

------------------------------ 04 Start predicate ------------------------------
surr_type: AAFT
simples: 10000
ID_train: S5_S4
ID_test: S3
DL_model: CNN_model
repeats: 10

04_prediction_data directory already exists!
X_test.shape (150, 220)
X_test_array.shape:  (150, 220, 1)
--------------- prediction ... ---------------
y_pred_list.shape (150, 10)
------------------------------ 04 Completed predicate ------------------------------

------------------------------ 05 Start plots ------------------------------
surr_type: AAFT
simples: 10000
ID_train: S5_S4
ID_test: S3
Variable_label: Mo
DL_model: CNN_model
sw_width: 148
tsid: 4

05_ews_data_and_figures directory already exists!
05_ews_data_and_figures/data directory already exists!
05_ews_data_and_figures/data/AAFT directory already exists!
05_ews_data_and_figures/figures directory already exists!
05_ews_data_and_figures/figures/AAFT directory already exists!

Record_Core: MS66
start_age, Transition, end_age: -95.770526 -85.8 -83.722374
sliding_window_S3: 148
------------------------------ 05 Completed plots ------------------------------

-------------------------------------------------------------------------------------
Using GPU for TensorFlow.
------------------------------ 01 Start run ------------------------------
Data_folder: MS66
surr_type: AAFT
simples: 10000
ID_train: S5_S4
DL_model: three_head_CNN_model
repeats: 10

01_evaluation_data directory already exists!
models directory already exists!

full_path= G:/surrogate_data_based_machine_learning_v4.0.0/anoxia/01_data_preprocessing/02_extracte_and_generate_surrogate_dataset/MS66/data/merge_surrogate_AAFT_simples_10000_train_S5_S4.csv

Epoch 1: val_accuracy improved from -inf to 1.00000, saving model to models\surrogate_AAFT_simples_10000_three_head_CNN_model_0.h5

Epoch 2: val_accuracy did not improve from 1.00000

Epoch 3: val_accuracy did not improve from 1.00000

Epoch 4: val_accuracy did not improve from 1.00000

Epoch 5: val_accuracy did not improve from 1.00000

Epoch 6: val_accuracy did not improve from 1.00000
Epoch 6: early stopping
>#1: 100.000

Epoch 1: val_accuracy improved from -inf to 1.00000, saving model to models\surrogate_AAFT_simples_10000_three_head_CNN_model_1.h5

Epoch 2: val_accuracy did not improve from 1.00000

Epoch 3: val_accuracy did not improve from 1.00000

Epoch 4: val_accuracy did not improve from 1.00000

Epoch 5: val_accuracy did not improve from 1.00000

Epoch 6: val_accuracy did not improve from 1.00000
Epoch 6: early stopping
>#2: 100.000

Epoch 1: val_accuracy improved from -inf to 1.00000, saving model to models\surrogate_AAFT_simples_10000_three_head_CNN_model_2.h5

Epoch 2: val_accuracy did not improve from 1.00000

Epoch 3: val_accuracy did not improve from 1.00000

Epoch 4: val_accuracy did not improve from 1.00000

Epoch 5: val_accuracy did not improve from 1.00000

Epoch 6: val_accuracy did not improve from 1.00000
Epoch 6: early stopping
>#3: 100.000

Epoch 1: val_accuracy improved from -inf to 1.00000, saving model to models\surrogate_AAFT_simples_10000_three_head_CNN_model_3.h5

Epoch 2: val_accuracy did not improve from 1.00000

Epoch 3: val_accuracy did not improve from 1.00000

Epoch 4: val_accuracy did not improve from 1.00000

Epoch 5: val_accuracy did not improve from 1.00000

Epoch 6: val_accuracy did not improve from 1.00000
Epoch 6: early stopping
>#4: 100.000

Epoch 1: val_accuracy improved from -inf to 1.00000, saving model to models\surrogate_AAFT_simples_10000_three_head_CNN_model_4.h5

Epoch 2: val_accuracy did not improve from 1.00000

Epoch 3: val_accuracy did not improve from 1.00000

Epoch 4: val_accuracy did not improve from 1.00000

Epoch 5: val_accuracy did not improve from 1.00000

Epoch 6: val_accuracy did not improve from 1.00000
Epoch 6: early stopping
>#5: 100.000

Epoch 1: val_accuracy improved from -inf to 1.00000, saving model to models\surrogate_AAFT_simples_10000_three_head_CNN_model_5.h5

Epoch 2: val_accuracy did not improve from 1.00000

Epoch 3: val_accuracy did not improve from 1.00000

Epoch 4: val_accuracy did not improve from 1.00000

Epoch 5: val_accuracy did not improve from 1.00000

Epoch 6: val_accuracy did not improve from 1.00000
Epoch 6: early stopping
>#6: 100.000

Epoch 1: val_accuracy improved from -inf to 1.00000, saving model to models\surrogate_AAFT_simples_10000_three_head_CNN_model_6.h5

Epoch 2: val_accuracy did not improve from 1.00000

Epoch 3: val_accuracy did not improve from 1.00000

Epoch 4: val_accuracy did not improve from 1.00000

Epoch 5: val_accuracy did not improve from 1.00000

Epoch 6: val_accuracy did not improve from 1.00000
Epoch 6: early stopping
>#7: 100.000

Epoch 1: val_accuracy improved from -inf to 1.00000, saving model to models\surrogate_AAFT_simples_10000_three_head_CNN_model_7.h5

Epoch 2: val_accuracy did not improve from 1.00000

Epoch 3: val_accuracy did not improve from 1.00000

Epoch 4: val_accuracy did not improve from 1.00000

Epoch 5: val_accuracy did not improve from 1.00000

Epoch 6: val_accuracy did not improve from 1.00000
Epoch 6: early stopping
>#8: 100.000

Epoch 1: val_accuracy improved from -inf to 1.00000, saving model to models\surrogate_AAFT_simples_10000_three_head_CNN_model_8.h5

Epoch 2: val_accuracy did not improve from 1.00000

Epoch 3: val_accuracy did not improve from 1.00000

Epoch 4: val_accuracy did not improve from 1.00000

Epoch 5: val_accuracy did not improve from 1.00000

Epoch 6: val_accuracy did not improve from 1.00000
Epoch 6: early stopping
>#9: 100.000

Epoch 1: val_accuracy improved from -inf to 1.00000, saving model to models\surrogate_AAFT_simples_10000_three_head_CNN_model_9.h5

Epoch 2: val_accuracy did not improve from 1.00000

Epoch 3: val_accuracy did not improve from 1.00000

Epoch 4: val_accuracy did not improve from 1.00000

Epoch 5: val_accuracy did not improve from 1.00000

Epoch 6: val_accuracy did not improve from 1.00000
Epoch 6: early stopping
>#10: 100.000
------------------ summarize results -------------------------
DL_model: three_head_CNN_model
scores: [100.0, 100.0, 100.0, 100.0, 100.0, 100.0, 100.0, 100.0, 100.0, 100.0]
Accuracy mean (std): 100.000% (0.000)

Running time 236.7 seconds
------------------------------ 01 Completed ------------------------------

------------------------------ 02 Start Evaluation ------------------------------
surr_type: AAFT
simples: 10000
ID_train: S5_S4
DL_model: three_head_CNN_model
repeats: 10

02_evaluation_performance directory already exists!
# 0 >> accuracy: 1.0
# 1 >> accuracy: 1.0
# 2 >> accuracy: 1.0
# 3 >> accuracy: 1.0
# 4 >> accuracy: 1.0
# 5 >> accuracy: 1.0
# 6 >> accuracy: 1.0
# 7 >> accuracy: 1.0
# 8 >> accuracy: 1.0
# 9 >> accuracy: 1.0
The results have been saved to a txt file: 02_evaluation_performance/evaluation_performance_surrogate_AAFT_simples_10000_three_head_CNN_model_train_S5_S4.txt

Running time 22.8 seconds
------------------------------ 02 Completed Evaluation ------------------------------

------------------------------ 03 Start sliding windows ------------------------------
surr_type: AAFT
simples: 10000
ID_train: S5_S4
ID_test: S1
Variable_label: Mo
tsid: 2
features: 220
sw_width: 208

03_sliding_window_data directory already exists!
S1.shape: (416, 2)
success-> sliding_window_features_shape (real=(416-208+1, 220)):  (209, 220)
------------------------------ 03 Completed sliding windows ------------------------------

------------------------------ 04 Start predicate ------------------------------
surr_type: AAFT
simples: 10000
ID_train: S5_S4
ID_test: S1
DL_model: three_head_CNN_model
repeats: 10

04_prediction_data directory already exists!
X_test.shape (209, 220)
X_test_array.shape:  (209, 220, 1)
--------------- prediction ... ---------------
y_pred_list.shape (209, 10)
------------------------------ 04 Completed predicate ------------------------------

------------------------------ 05 Start plots ------------------------------
surr_type: AAFT
simples: 10000
ID_train: S5_S4
ID_test: S1
Variable_label: Mo
DL_model: three_head_CNN_model
sw_width: 208
tsid: 2

05_ews_data_and_figures directory already exists!
05_ews_data_and_figures/data directory already exists!
05_ews_data_and_figures/data/AAFT directory already exists!
05_ews_data_and_figures/figures directory already exists!
05_ews_data_and_figures/figures/AAFT directory already exists!

Record_Core: MS66
start_age, Transition, end_age: -20.481013 -10.5 -8.005155
sliding_window_S1: 208
------------------------------ 05 Completed plots ------------------------------

------------------------------ 07 Start ROC for dl ------------------------------
surr_type: AAFT
simples: 10000
ID_merge_tsid: [4,2]
DL_model: three_head_CNN_model
repeats: 10
features: 220

07_roc_data_and_figures_sdml directory already exists!
07_roc_data_and_figures_sdml/data directory already exists!
07_roc_data_and_figures_sdml/data/AAFT directory already exists!
07_roc_data_and_figures_sdml/data/AAFT/ROC directory already exists!
07_roc_data_and_figures_sdml/figures directory already exists!
07_roc_data_and_figures_sdml/figures/AAFT directory already exists!

07_roc_data_and_figures_sdml/figures/AAFT/ROC directory already exists!

len_eval_pts = 20

----- 01 forced trajectories and compute EWS -----
Complete for forced tsid=4
Complete for forced tsid=2
----- 01 null trajectories and compute EWS -----
Complete for null tsid=4
Complete for null tsid=2
----- 02 Compute ROC curves -----
Exported ROC data to 07_roc_data_and_figures_sdml/data/AAFT/ROC/df_roc_surrogate_AAFT_simples_10000_three_head_CNN_model_[4,2].csv
Exported ROC figure to 07_roc_data_and_figures_sdml/figures/AAFT/ROC/figure_roc_surrogate_AAFT_simples_10000_three_head_CNN_model_[4,2].png
Ran in 16.14s
------------------------------ 07 Completed ROC for dl ------------------------------

------------------------------ 07 Start ROC for dl ------------------------------
surr_type: AAFT
simples: 10000
ID_merge_tsid: [8,6]
DL_model: three_head_CNN_model
repeats: 10
features: 220

07_roc_data_and_figures_sdml directory already exists!
07_roc_data_and_figures_sdml/data directory already exists!
07_roc_data_and_figures_sdml/data/AAFT directory already exists!
07_roc_data_and_figures_sdml/data/AAFT/ROC directory already exists!
07_roc_data_and_figures_sdml/figures directory already exists!
07_roc_data_and_figures_sdml/figures/AAFT directory already exists!

07_roc_data_and_figures_sdml/figures/AAFT/ROC directory already exists!

len_eval_pts = 20

----- 01 forced trajectories and compute EWS -----
Complete for forced tsid=8
Complete for forced tsid=6
----- 01 null trajectories and compute EWS -----
Complete for null tsid=8
Complete for null tsid=6
----- 02 Compute ROC curves -----
Exported ROC data to 07_roc_data_and_figures_sdml/data/AAFT/ROC/df_roc_surrogate_AAFT_simples_10000_three_head_CNN_model_[8,6].csv
Exported ROC figure to 07_roc_data_and_figures_sdml/figures/AAFT/ROC/figure_roc_surrogate_AAFT_simples_10000_three_head_CNN_model_[8,6].png
Ran in 16.16s
------------------------------ 07 Completed ROC for dl ------------------------------

------------------------------ 07 Start ROC for dl ------------------------------
surr_type: AAFT
simples: 10000
ID_merge_tsid: [8,6,4,2]
DL_model: three_head_CNN_model
repeats: 10
features: 220

07_roc_data_and_figures_sdml directory already exists!
07_roc_data_and_figures_sdml/data directory already exists!
07_roc_data_and_figures_sdml/data/AAFT directory already exists!
07_roc_data_and_figures_sdml/data/AAFT/ROC directory already exists!
07_roc_data_and_figures_sdml/figures directory already exists!
07_roc_data_and_figures_sdml/figures/AAFT directory already exists!

07_roc_data_and_figures_sdml/figures/AAFT/ROC directory already exists!

len_eval_pts = 20

----- 01 forced trajectories and compute EWS -----
Complete for forced tsid=8
Complete for forced tsid=6
Complete for forced tsid=4
Complete for forced tsid=2
----- 01 null trajectories and compute EWS -----
Complete for null tsid=8
Complete for null tsid=6
Complete for null tsid=4
Complete for null tsid=2
----- 02 Compute ROC curves -----
Exported ROC data to 07_roc_data_and_figures_sdml/data/AAFT/ROC/df_roc_surrogate_AAFT_simples_10000_three_head_CNN_model_[8,6,4,2].csv
Exported ROC figure to 07_roc_data_and_figures_sdml/figures/AAFT/ROC/figure_roc_surrogate_AAFT_simples_10000_three_head_CNN_model_[8,6,4,2].png
Ran in 23.33s
------------------------------ 07 Completed ROC for dl ------------------------------

------------------------------ 07 Start ROC for dl ------------------------------
surr_type: AAFT
simples: 10000
ID_merge_tsid: all
DL_model: three_head_CNN_model
repeats: 10
features: 220

07_roc_data_and_figures_sdml directory already exists!
07_roc_data_and_figures_sdml/data directory already exists!
07_roc_data_and_figures_sdml/data/AAFT directory already exists!
07_roc_data_and_figures_sdml/data/AAFT/ROC directory already exists!
07_roc_data_and_figures_sdml/figures directory already exists!
07_roc_data_and_figures_sdml/figures/AAFT directory already exists!

07_roc_data_and_figures_sdml/figures/AAFT/ROC directory already exists!

len_eval_pts = 20

----- 01 forced trajectories and compute EWS -----
Complete for forced tsid=1
Complete for forced tsid=2
Complete for forced tsid=3
Complete for forced tsid=4
Complete for forced tsid=5
Complete for forced tsid=6
Complete for forced tsid=7
Complete for forced tsid=8
Complete for forced tsid=9
Complete for forced tsid=10
Complete for forced tsid=11
Complete for forced tsid=12
Complete for forced tsid=13
----- 01 null trajectories and compute EWS -----
Complete for null tsid=1
Complete for null tsid=2
Complete for null tsid=3
Complete for null tsid=4
Complete for null tsid=5
Complete for null tsid=6
Complete for null tsid=7
Complete for null tsid=8
Complete for null tsid=9
Complete for null tsid=10
Complete for null tsid=11
Complete for null tsid=12
Complete for null tsid=13
----- 02 Compute ROC curves -----
Exported ROC data to 07_roc_data_and_figures_sdml/data/AAFT/ROC/df_roc_surrogate_AAFT_simples_10000_three_head_CNN_model_all.csv
Exported ROC figure to 07_roc_data_and_figures_sdml/figures/AAFT/ROC/figure_roc_surrogate_AAFT_simples_10000_three_head_CNN_model_all.png
Ran in 64.66s
------------------------------ 07 Completed ROC for dl ------------------------------

------------------------------ 03 Start sliding windows ------------------------------
surr_type: AAFT
simples: 10000
ID_train: S5_S4
ID_test: S3
Variable_label: Mo
tsid: 4
features: 220
sw_width: 148

03_sliding_window_data directory already exists!
S3.shape: (297, 2)
success-> sliding_window_features_shape (real=(297-148+1, 220)):  (150, 220)
------------------------------ 03 Completed sliding windows ------------------------------

------------------------------ 04 Start predicate ------------------------------
surr_type: AAFT
simples: 10000
ID_train: S5_S4
ID_test: S3
DL_model: three_head_CNN_model
repeats: 10

04_prediction_data directory already exists!
X_test.shape (150, 220)
X_test_array.shape:  (150, 220, 1)
--------------- prediction ... ---------------
y_pred_list.shape (150, 10)
------------------------------ 04 Completed predicate ------------------------------

------------------------------ 05 Start plots ------------------------------
surr_type: AAFT
simples: 10000
ID_train: S5_S4
ID_test: S3
Variable_label: Mo
DL_model: three_head_CNN_model
sw_width: 148
tsid: 4

05_ews_data_and_figures directory already exists!
05_ews_data_and_figures/data directory already exists!
05_ews_data_and_figures/data/AAFT directory already exists!
05_ews_data_and_figures/figures directory already exists!
05_ews_data_and_figures/figures/AAFT directory already exists!

Record_Core: MS66
start_age, Transition, end_age: -95.770526 -85.8 -83.722374
sliding_window_S3: 148
------------------------------ 05 Completed plots ------------------------------

-------------------------------------------------------------------------------------
Using GPU for TensorFlow.
------------------------------ 01 Start run ------------------------------
Data_folder: MS66
surr_type: AAFT
simples: 10000
ID_train: S5_S4
DL_model: LSTM_model
repeats: 10

01_evaluation_data directory already exists!
models directory already exists!

full_path= G:/surrogate_data_based_machine_learning_v4.0.0/anoxia/01_data_preprocessing/02_extracte_and_generate_surrogate_dataset/MS66/data/merge_surrogate_AAFT_simples_10000_train_S5_S4.csv

Epoch 1: val_accuracy improved from -inf to 0.95438, saving model to models\surrogate_AAFT_simples_10000_LSTM_model_0.h5

Epoch 2: val_accuracy improved from 0.95438 to 0.99975, saving model to models\surrogate_AAFT_simples_10000_LSTM_model_0.h5

Epoch 3: val_accuracy improved from 0.99975 to 1.00000, saving model to models\surrogate_AAFT_simples_10000_LSTM_model_0.h5

Epoch 4: val_accuracy did not improve from 1.00000

Epoch 5: val_accuracy did not improve from 1.00000

Epoch 6: val_accuracy did not improve from 1.00000

Epoch 7: val_accuracy did not improve from 1.00000

Epoch 8: val_accuracy did not improve from 1.00000
Epoch 8: early stopping
>#1: 100.000

Epoch 1: val_accuracy improved from -inf to 0.84875, saving model to models\surrogate_AAFT_simples_10000_LSTM_model_1.h5

Epoch 2: val_accuracy improved from 0.84875 to 1.00000, saving model to models\surrogate_AAFT_simples_10000_LSTM_model_1.h5

Epoch 3: val_accuracy did not improve from 1.00000

Epoch 4: val_accuracy did not improve from 1.00000

Epoch 5: val_accuracy did not improve from 1.00000

Epoch 6: val_accuracy did not improve from 1.00000

Epoch 7: val_accuracy did not improve from 1.00000
Epoch 7: early stopping
>#2: 100.000

Epoch 1: val_accuracy improved from -inf to 0.99262, saving model to models\surrogate_AAFT_simples_10000_LSTM_model_2.h5

Epoch 2: val_accuracy did not improve from 0.99262

Epoch 3: val_accuracy did not improve from 0.99262

Epoch 4: val_accuracy improved from 0.99262 to 0.99762, saving model to models\surrogate_AAFT_simples_10000_LSTM_model_2.h5

Epoch 5: val_accuracy did not improve from 0.99762

Epoch 6: val_accuracy improved from 0.99762 to 1.00000, saving model to models\surrogate_AAFT_simples_10000_LSTM_model_2.h5

Epoch 7: val_accuracy did not improve from 1.00000

Epoch 8: val_accuracy did not improve from 1.00000

Epoch 9: val_accuracy did not improve from 1.00000

Epoch 10: val_accuracy did not improve from 1.00000

Epoch 11: val_accuracy did not improve from 1.00000
Epoch 11: early stopping
>#3: 100.000

Epoch 1: val_accuracy improved from -inf to 0.99888, saving model to models\surrogate_AAFT_simples_10000_LSTM_model_3.h5

Epoch 2: val_accuracy did not improve from 0.99888

Epoch 3: val_accuracy improved from 0.99888 to 0.99963, saving model to models\surrogate_AAFT_simples_10000_LSTM_model_3.h5

Epoch 4: val_accuracy improved from 0.99963 to 0.99988, saving model to models\surrogate_AAFT_simples_10000_LSTM_model_3.h5

Epoch 5: val_accuracy did not improve from 0.99988

Epoch 6: val_accuracy improved from 0.99988 to 1.00000, saving model to models\surrogate_AAFT_simples_10000_LSTM_model_3.h5

Epoch 7: val_accuracy did not improve from 1.00000

Epoch 8: val_accuracy did not improve from 1.00000

Epoch 9: val_accuracy did not improve from 1.00000

Epoch 10: val_accuracy did not improve from 1.00000

Epoch 11: val_accuracy did not improve from 1.00000
Epoch 11: early stopping
>#4: 100.000

Epoch 1: val_accuracy improved from -inf to 0.97237, saving model to models\surrogate_AAFT_simples_10000_LSTM_model_4.h5

Epoch 2: val_accuracy improved from 0.97237 to 0.99913, saving model to models\surrogate_AAFT_simples_10000_LSTM_model_4.h5

Epoch 3: val_accuracy did not improve from 0.99913

Epoch 4: val_accuracy did not improve from 0.99913

Epoch 5: val_accuracy did not improve from 0.99913

Epoch 6: val_accuracy improved from 0.99913 to 1.00000, saving model to models\surrogate_AAFT_simples_10000_LSTM_model_4.h5

Epoch 7: val_accuracy did not improve from 1.00000

Epoch 8: val_accuracy did not improve from 1.00000

Epoch 9: val_accuracy did not improve from 1.00000

Epoch 10: val_accuracy did not improve from 1.00000

Epoch 11: val_accuracy did not improve from 1.00000
Epoch 11: early stopping
>#5: 100.000

Epoch 1: val_accuracy improved from -inf to 0.94225, saving model to models\surrogate_AAFT_simples_10000_LSTM_model_5.h5

Epoch 2: val_accuracy improved from 0.94225 to 1.00000, saving model to models\surrogate_AAFT_simples_10000_LSTM_model_5.h5

Epoch 3: val_accuracy did not improve from 1.00000

Epoch 4: val_accuracy did not improve from 1.00000

Epoch 5: val_accuracy did not improve from 1.00000

Epoch 6: val_accuracy did not improve from 1.00000

Epoch 7: val_accuracy did not improve from 1.00000
Epoch 7: early stopping
>#6: 100.000

Epoch 1: val_accuracy improved from -inf to 0.99913, saving model to models\surrogate_AAFT_simples_10000_LSTM_model_6.h5

Epoch 2: val_accuracy did not improve from 0.99913

Epoch 3: val_accuracy did not improve from 0.99913

Epoch 4: val_accuracy did not improve from 0.99913

Epoch 5: val_accuracy did not improve from 0.99913

Epoch 6: val_accuracy did not improve from 0.99913
Epoch 6: early stopping
>#7: 99.913

Epoch 1: val_accuracy improved from -inf to 0.60750, saving model to models\surrogate_AAFT_simples_10000_LSTM_model_7.h5

Epoch 2: val_accuracy improved from 0.60750 to 1.00000, saving model to models\surrogate_AAFT_simples_10000_LSTM_model_7.h5

Epoch 3: val_accuracy did not improve from 1.00000

Epoch 4: val_accuracy did not improve from 1.00000

Epoch 5: val_accuracy did not improve from 1.00000

Epoch 6: val_accuracy did not improve from 1.00000

Epoch 7: val_accuracy did not improve from 1.00000
Epoch 7: early stopping
>#8: 100.000

Epoch 1: val_accuracy improved from -inf to 0.75963, saving model to models\surrogate_AAFT_simples_10000_LSTM_model_8.h5

Epoch 2: val_accuracy improved from 0.75963 to 0.99875, saving model to models\surrogate_AAFT_simples_10000_LSTM_model_8.h5

Epoch 3: val_accuracy improved from 0.99875 to 1.00000, saving model to models\surrogate_AAFT_simples_10000_LSTM_model_8.h5

Epoch 4: val_accuracy did not improve from 1.00000

Epoch 5: val_accuracy did not improve from 1.00000

Epoch 6: val_accuracy did not improve from 1.00000

Epoch 7: val_accuracy did not improve from 1.00000

Epoch 8: val_accuracy did not improve from 1.00000
Epoch 8: early stopping
>#9: 100.000

Epoch 1: val_accuracy improved from -inf to 0.99800, saving model to models\surrogate_AAFT_simples_10000_LSTM_model_9.h5

Epoch 2: val_accuracy did not improve from 0.99800

Epoch 3: val_accuracy improved from 0.99800 to 0.99975, saving model to models\surrogate_AAFT_simples_10000_LSTM_model_9.h5

Epoch 4: val_accuracy improved from 0.99975 to 1.00000, saving model to models\surrogate_AAFT_simples_10000_LSTM_model_9.h5

Epoch 5: val_accuracy did not improve from 1.00000

Epoch 6: val_accuracy did not improve from 1.00000

Epoch 7: val_accuracy did not improve from 1.00000

Epoch 8: val_accuracy did not improve from 1.00000

Epoch 9: val_accuracy did not improve from 1.00000
Epoch 9: early stopping
>#10: 100.000
------------------ summarize results -------------------------
DL_model: LSTM_model
scores: [100.0, 100.0, 100.0, 100.0, 100.0, 100.0, 99.91250038146973, 100.0, 100.0, 100.0]
Accuracy mean (std): 99.991% (0.026)

Running time 485.4 seconds
------------------------------ 01 Completed ------------------------------

------------------------------ 02 Start Evaluation ------------------------------
surr_type: AAFT
simples: 10000
ID_train: S5_S4
DL_model: LSTM_model
repeats: 10

02_evaluation_performance directory already exists!
# 0 >> accuracy: 0.999875009059906
# 1 >> accuracy: 1.0
# 2 >> accuracy: 1.0
# 3 >> accuracy: 1.0
# 4 >> accuracy: 1.0
# 5 >> accuracy: 1.0
# 6 >> accuracy: 0.9976249933242798
# 7 >> accuracy: 1.0
# 8 >> accuracy: 1.0
# 9 >> accuracy: 1.0
The results have been saved to a txt file: 02_evaluation_performance/evaluation_performance_surrogate_AAFT_simples_10000_LSTM_model_train_S5_S4.txt

Running time 28.0 seconds
------------------------------ 02 Completed Evaluation ------------------------------

------------------------------ 03 Start sliding windows ------------------------------
surr_type: AAFT
simples: 10000
ID_train: S5_S4
ID_test: S1
Variable_label: Mo
tsid: 2
features: 220
sw_width: 208

03_sliding_window_data directory already exists!
S1.shape: (416, 2)
success-> sliding_window_features_shape (real=(416-208+1, 220)):  (209, 220)
------------------------------ 03 Completed sliding windows ------------------------------

------------------------------ 04 Start predicate ------------------------------
surr_type: AAFT
simples: 10000
ID_train: S5_S4
ID_test: S1
DL_model: LSTM_model
repeats: 10

04_prediction_data directory already exists!
X_test.shape (209, 220)
X_test_array.shape:  (209, 220, 1)
--------------- prediction ... ---------------
y_pred_list.shape (209, 10)
------------------------------ 04 Completed predicate ------------------------------

------------------------------ 05 Start plots ------------------------------
surr_type: AAFT
simples: 10000
ID_train: S5_S4
ID_test: S1
Variable_label: Mo
DL_model: LSTM_model
sw_width: 208
tsid: 2

05_ews_data_and_figures directory already exists!
05_ews_data_and_figures/data directory already exists!
05_ews_data_and_figures/data/AAFT directory already exists!
05_ews_data_and_figures/figures directory already exists!
05_ews_data_and_figures/figures/AAFT directory already exists!

Record_Core: MS66
start_age, Transition, end_age: -20.481013 -10.5 -8.005155
sliding_window_S1: 208
------------------------------ 05 Completed plots ------------------------------

------------------------------ 07 Start ROC for dl ------------------------------
surr_type: AAFT
simples: 10000
ID_merge_tsid: [4,2]
DL_model: LSTM_model
repeats: 10
features: 220

07_roc_data_and_figures_sdml directory already exists!
07_roc_data_and_figures_sdml/data directory already exists!
07_roc_data_and_figures_sdml/data/AAFT directory already exists!
07_roc_data_and_figures_sdml/data/AAFT/ROC directory already exists!
07_roc_data_and_figures_sdml/figures directory already exists!
07_roc_data_and_figures_sdml/figures/AAFT directory already exists!

07_roc_data_and_figures_sdml/figures/AAFT/ROC directory already exists!

len_eval_pts = 20

----- 01 forced trajectories and compute EWS -----
Complete for forced tsid=4
Complete for forced tsid=2
----- 01 null trajectories and compute EWS -----
Complete for null tsid=4
Complete for null tsid=2
----- 02 Compute ROC curves -----
Exported ROC data to 07_roc_data_and_figures_sdml/data/AAFT/ROC/df_roc_surrogate_AAFT_simples_10000_LSTM_model_[4,2].csv
Exported ROC figure to 07_roc_data_and_figures_sdml/figures/AAFT/ROC/figure_roc_surrogate_AAFT_simples_10000_LSTM_model_[4,2].png
Ran in 21.76s
------------------------------ 07 Completed ROC for dl ------------------------------

------------------------------ 07 Start ROC for dl ------------------------------
surr_type: AAFT
simples: 10000
ID_merge_tsid: [8,6]
DL_model: LSTM_model
repeats: 10
features: 220

07_roc_data_and_figures_sdml directory already exists!
07_roc_data_and_figures_sdml/data directory already exists!
07_roc_data_and_figures_sdml/data/AAFT directory already exists!
07_roc_data_and_figures_sdml/data/AAFT/ROC directory already exists!
07_roc_data_and_figures_sdml/figures directory already exists!
07_roc_data_and_figures_sdml/figures/AAFT directory already exists!

07_roc_data_and_figures_sdml/figures/AAFT/ROC directory already exists!

len_eval_pts = 20

----- 01 forced trajectories and compute EWS -----
Complete for forced tsid=8
Complete for forced tsid=6
----- 01 null trajectories and compute EWS -----
Complete for null tsid=8
Complete for null tsid=6
----- 02 Compute ROC curves -----
Exported ROC data to 07_roc_data_and_figures_sdml/data/AAFT/ROC/df_roc_surrogate_AAFT_simples_10000_LSTM_model_[8,6].csv
Exported ROC figure to 07_roc_data_and_figures_sdml/figures/AAFT/ROC/figure_roc_surrogate_AAFT_simples_10000_LSTM_model_[8,6].png
Ran in 21.79s
------------------------------ 07 Completed ROC for dl ------------------------------

------------------------------ 07 Start ROC for dl ------------------------------
surr_type: AAFT
simples: 10000
ID_merge_tsid: [8,6,4,2]
DL_model: LSTM_model
repeats: 10
features: 220

07_roc_data_and_figures_sdml directory already exists!
07_roc_data_and_figures_sdml/data directory already exists!
07_roc_data_and_figures_sdml/data/AAFT directory already exists!
07_roc_data_and_figures_sdml/data/AAFT/ROC directory already exists!
07_roc_data_and_figures_sdml/figures directory already exists!
07_roc_data_and_figures_sdml/figures/AAFT directory already exists!

07_roc_data_and_figures_sdml/figures/AAFT/ROC directory already exists!

len_eval_pts = 20

----- 01 forced trajectories and compute EWS -----
Complete for forced tsid=8
Complete for forced tsid=6
Complete for forced tsid=4
Complete for forced tsid=2
----- 01 null trajectories and compute EWS -----
Complete for null tsid=8
Complete for null tsid=6
Complete for null tsid=4
Complete for null tsid=2
----- 02 Compute ROC curves -----
Exported ROC data to 07_roc_data_and_figures_sdml/data/AAFT/ROC/df_roc_surrogate_AAFT_simples_10000_LSTM_model_[8,6,4,2].csv
Exported ROC figure to 07_roc_data_and_figures_sdml/figures/AAFT/ROC/figure_roc_surrogate_AAFT_simples_10000_LSTM_model_[8,6,4,2].png
Ran in 33.75s
------------------------------ 07 Completed ROC for dl ------------------------------

------------------------------ 07 Start ROC for dl ------------------------------
surr_type: AAFT
simples: 10000
ID_merge_tsid: all
DL_model: LSTM_model
repeats: 10
features: 220

07_roc_data_and_figures_sdml directory already exists!
07_roc_data_and_figures_sdml/data directory already exists!
07_roc_data_and_figures_sdml/data/AAFT directory already exists!
07_roc_data_and_figures_sdml/data/AAFT/ROC directory already exists!
07_roc_data_and_figures_sdml/figures directory already exists!
07_roc_data_and_figures_sdml/figures/AAFT directory already exists!

07_roc_data_and_figures_sdml/figures/AAFT/ROC directory already exists!

len_eval_pts = 20

----- 01 forced trajectories and compute EWS -----
Complete for forced tsid=1
Complete for forced tsid=2
Complete for forced tsid=3
Complete for forced tsid=4
Complete for forced tsid=5
Complete for forced tsid=6
Complete for forced tsid=7
Complete for forced tsid=8
Complete for forced tsid=9
Complete for forced tsid=10
Complete for forced tsid=11
Complete for forced tsid=12
Complete for forced tsid=13
----- 01 null trajectories and compute EWS -----
Complete for null tsid=1
Complete for null tsid=2
Complete for null tsid=3
Complete for null tsid=4
Complete for null tsid=5
Complete for null tsid=6
Complete for null tsid=7
Complete for null tsid=8
Complete for null tsid=9
Complete for null tsid=10
Complete for null tsid=11
Complete for null tsid=12
Complete for null tsid=13
----- 02 Compute ROC curves -----
Exported ROC data to 07_roc_data_and_figures_sdml/data/AAFT/ROC/df_roc_surrogate_AAFT_simples_10000_LSTM_model_all.csv
Exported ROC figure to 07_roc_data_and_figures_sdml/figures/AAFT/ROC/figure_roc_surrogate_AAFT_simples_10000_LSTM_model_all.png
Ran in 92.00s
------------------------------ 07 Completed ROC for dl ------------------------------

------------------------------ 03 Start sliding windows ------------------------------
surr_type: AAFT
simples: 10000
ID_train: S5_S4
ID_test: S3
Variable_label: Mo
tsid: 4
features: 220
sw_width: 148

03_sliding_window_data directory already exists!
S3.shape: (297, 2)
success-> sliding_window_features_shape (real=(297-148+1, 220)):  (150, 220)
------------------------------ 03 Completed sliding windows ------------------------------

------------------------------ 04 Start predicate ------------------------------
surr_type: AAFT
simples: 10000
ID_train: S5_S4
ID_test: S3
DL_model: LSTM_model
repeats: 10

04_prediction_data directory already exists!
X_test.shape (150, 220)
X_test_array.shape:  (150, 220, 1)
--------------- prediction ... ---------------
y_pred_list.shape (150, 10)
------------------------------ 04 Completed predicate ------------------------------

------------------------------ 05 Start plots ------------------------------
surr_type: AAFT
simples: 10000
ID_train: S5_S4
ID_test: S3
Variable_label: Mo
DL_model: LSTM_model
sw_width: 148
tsid: 4

05_ews_data_and_figures directory already exists!
05_ews_data_and_figures/data directory already exists!
05_ews_data_and_figures/data/AAFT directory already exists!
05_ews_data_and_figures/figures directory already exists!
05_ews_data_and_figures/figures/AAFT directory already exists!

Record_Core: MS66
start_age, Transition, end_age: -95.770526 -85.8 -83.722374
sliding_window_S3: 148
------------------------------ 05 Completed plots ------------------------------

-------------------------------------------------------------------------------------
Using GPU for TensorFlow.
------------------------------ 01 Start run ------------------------------
Data_folder: MS66
surr_type: AAFT
simples: 10000
ID_train: S5_S4
DL_model: CNN_LSTM_model
repeats: 10

01_evaluation_data directory already exists!
models directory already exists!

full_path= G:/surrogate_data_based_machine_learning_v4.0.0/anoxia/01_data_preprocessing/02_extracte_and_generate_surrogate_dataset/MS66/data/merge_surrogate_AAFT_simples_10000_train_S5_S4.csv

Epoch 1: val_accuracy improved from -inf to 1.00000, saving model to models\surrogate_AAFT_simples_10000_CNN_LSTM_model_0.h5

Epoch 2: val_accuracy did not improve from 1.00000

Epoch 3: val_accuracy did not improve from 1.00000

Epoch 4: val_accuracy did not improve from 1.00000

Epoch 5: val_accuracy did not improve from 1.00000

Epoch 6: val_accuracy did not improve from 1.00000
Epoch 6: early stopping
>#1: 100.000

Epoch 1: val_accuracy improved from -inf to 1.00000, saving model to models\surrogate_AAFT_simples_10000_CNN_LSTM_model_1.h5

Epoch 2: val_accuracy did not improve from 1.00000

Epoch 3: val_accuracy did not improve from 1.00000

Epoch 4: val_accuracy did not improve from 1.00000

Epoch 5: val_accuracy did not improve from 1.00000

Epoch 6: val_accuracy did not improve from 1.00000
Epoch 6: early stopping
>#2: 100.000

Epoch 1: val_accuracy improved from -inf to 1.00000, saving model to models\surrogate_AAFT_simples_10000_CNN_LSTM_model_2.h5

Epoch 2: val_accuracy did not improve from 1.00000

Epoch 3: val_accuracy did not improve from 1.00000

Epoch 4: val_accuracy did not improve from 1.00000

Epoch 5: val_accuracy did not improve from 1.00000

Epoch 6: val_accuracy did not improve from 1.00000
Epoch 6: early stopping
>#3: 100.000

Epoch 1: val_accuracy improved from -inf to 1.00000, saving model to models\surrogate_AAFT_simples_10000_CNN_LSTM_model_3.h5

Epoch 2: val_accuracy did not improve from 1.00000

Epoch 3: val_accuracy did not improve from 1.00000

Epoch 4: val_accuracy did not improve from 1.00000

Epoch 5: val_accuracy did not improve from 1.00000

Epoch 6: val_accuracy did not improve from 1.00000
Epoch 6: early stopping
>#4: 100.000

Epoch 1: val_accuracy improved from -inf to 1.00000, saving model to models\surrogate_AAFT_simples_10000_CNN_LSTM_model_4.h5

Epoch 2: val_accuracy did not improve from 1.00000

Epoch 3: val_accuracy did not improve from 1.00000

Epoch 4: val_accuracy did not improve from 1.00000

Epoch 5: val_accuracy did not improve from 1.00000

Epoch 6: val_accuracy did not improve from 1.00000
Epoch 6: early stopping
>#5: 100.000

Epoch 1: val_accuracy improved from -inf to 1.00000, saving model to models\surrogate_AAFT_simples_10000_CNN_LSTM_model_5.h5

Epoch 2: val_accuracy did not improve from 1.00000

Epoch 3: val_accuracy did not improve from 1.00000

Epoch 4: val_accuracy did not improve from 1.00000

Epoch 5: val_accuracy did not improve from 1.00000

Epoch 6: val_accuracy did not improve from 1.00000
Epoch 6: early stopping
>#6: 100.000

Epoch 1: val_accuracy improved from -inf to 1.00000, saving model to models\surrogate_AAFT_simples_10000_CNN_LSTM_model_6.h5

Epoch 2: val_accuracy did not improve from 1.00000

Epoch 3: val_accuracy did not improve from 1.00000

Epoch 4: val_accuracy did not improve from 1.00000

Epoch 5: val_accuracy did not improve from 1.00000

Epoch 6: val_accuracy did not improve from 1.00000
Epoch 6: early stopping
>#7: 100.000

Epoch 1: val_accuracy improved from -inf to 1.00000, saving model to models\surrogate_AAFT_simples_10000_CNN_LSTM_model_7.h5

Epoch 2: val_accuracy did not improve from 1.00000

Epoch 3: val_accuracy did not improve from 1.00000

Epoch 4: val_accuracy did not improve from 1.00000

Epoch 5: val_accuracy did not improve from 1.00000

Epoch 6: val_accuracy did not improve from 1.00000
Epoch 6: early stopping
>#8: 100.000

Epoch 1: val_accuracy improved from -inf to 1.00000, saving model to models\surrogate_AAFT_simples_10000_CNN_LSTM_model_8.h5

Epoch 2: val_accuracy did not improve from 1.00000

Epoch 3: val_accuracy did not improve from 1.00000

Epoch 4: val_accuracy did not improve from 1.00000

Epoch 5: val_accuracy did not improve from 1.00000

Epoch 6: val_accuracy did not improve from 1.00000
Epoch 6: early stopping
>#9: 100.000

Epoch 1: val_accuracy improved from -inf to 1.00000, saving model to models\surrogate_AAFT_simples_10000_CNN_LSTM_model_9.h5

Epoch 2: val_accuracy did not improve from 1.00000

Epoch 3: val_accuracy did not improve from 1.00000

Epoch 4: val_accuracy did not improve from 1.00000

Epoch 5: val_accuracy did not improve from 1.00000

Epoch 6: val_accuracy did not improve from 1.00000
Epoch 6: early stopping
>#10: 100.000
------------------ summarize results -------------------------
DL_model: CNN_LSTM_model
scores: [100.0, 100.0, 100.0, 100.0, 100.0, 100.0, 100.0, 100.0, 100.0, 100.0]
Accuracy mean (std): 100.000% (0.000)

Running time 243.3 seconds
------------------------------ 01 Completed ------------------------------

------------------------------ 02 Start Evaluation ------------------------------
surr_type: AAFT
simples: 10000
ID_train: S5_S4
DL_model: CNN_LSTM_model
repeats: 10

02_evaluation_performance directory already exists!
# 0 >> accuracy: 1.0
# 1 >> accuracy: 1.0
# 2 >> accuracy: 1.0
# 3 >> accuracy: 1.0
# 4 >> accuracy: 1.0
# 5 >> accuracy: 1.0
# 6 >> accuracy: 1.0
# 7 >> accuracy: 1.0
# 8 >> accuracy: 1.0
# 9 >> accuracy: 1.0
The results have been saved to a txt file: 02_evaluation_performance/evaluation_performance_surrogate_AAFT_simples_10000_CNN_LSTM_model_train_S5_S4.txt

Running time 53.0 seconds
------------------------------ 02 Completed Evaluation ------------------------------

------------------------------ 03 Start sliding windows ------------------------------
surr_type: AAFT
simples: 10000
ID_train: S5_S4
ID_test: S1
Variable_label: Mo
tsid: 2
features: 220
sw_width: 208

03_sliding_window_data directory already exists!
S1.shape: (416, 2)
success-> sliding_window_features_shape (real=(416-208+1, 220)):  (209, 220)
------------------------------ 03 Completed sliding windows ------------------------------

------------------------------ 04 Start predicate ------------------------------
surr_type: AAFT
simples: 10000
ID_train: S5_S4
ID_test: S1
DL_model: CNN_LSTM_model
repeats: 10

04_prediction_data directory already exists!
X_test.shape (209, 220)
X_test_array.shape:  (209, 220, 1)
--------------- prediction ... ---------------
textX=(samples, steps, length, channels): (209, 10, 22, 1)
textX=(samples, steps, length, channels): (209, 10, 22, 1)
textX=(samples, steps, length, channels): (209, 10, 22, 1)
textX=(samples, steps, length, channels): (209, 10, 22, 1)
textX=(samples, steps, length, channels): (209, 10, 22, 1)
textX=(samples, steps, length, channels): (209, 10, 22, 1)
textX=(samples, steps, length, channels): (209, 10, 22, 1)
textX=(samples, steps, length, channels): (209, 10, 22, 1)
textX=(samples, steps, length, channels): (209, 10, 22, 1)
textX=(samples, steps, length, channels): (209, 10, 22, 1)
y_pred_list.shape (209, 10)
------------------------------ 04 Completed predicate ------------------------------

------------------------------ 05 Start plots ------------------------------
surr_type: AAFT
simples: 10000
ID_train: S5_S4
ID_test: S1
Variable_label: Mo
DL_model: CNN_LSTM_model
sw_width: 208
tsid: 2

05_ews_data_and_figures directory already exists!
05_ews_data_and_figures/data directory already exists!
05_ews_data_and_figures/data/AAFT directory already exists!
05_ews_data_and_figures/figures directory already exists!
05_ews_data_and_figures/figures/AAFT directory already exists!

Record_Core: MS66
start_age, Transition, end_age: -20.481013 -10.5 -8.005155
sliding_window_S1: 208
------------------------------ 05 Completed plots ------------------------------

------------------------------ 07 Start ROC for dl ------------------------------
surr_type: AAFT
simples: 10000
ID_merge_tsid: [4,2]
DL_model: CNN_LSTM_model
repeats: 10
features: 220

07_roc_data_and_figures_sdml directory already exists!
07_roc_data_and_figures_sdml/data directory already exists!
07_roc_data_and_figures_sdml/data/AAFT directory already exists!
07_roc_data_and_figures_sdml/data/AAFT/ROC directory already exists!
07_roc_data_and_figures_sdml/figures directory already exists!
07_roc_data_and_figures_sdml/figures/AAFT directory already exists!

07_roc_data_and_figures_sdml/figures/AAFT/ROC directory already exists!

len_eval_pts = 20

----- 01 forced trajectories and compute EWS -----
Complete for forced tsid=4
Complete for forced tsid=2
----- 01 null trajectories and compute EWS -----
Complete for null tsid=4
Complete for null tsid=2
----- 02 Compute ROC curves -----
Exported ROC data to 07_roc_data_and_figures_sdml/data/AAFT/ROC/df_roc_surrogate_AAFT_simples_10000_CNN_LSTM_model_[4,2].csv
Exported ROC figure to 07_roc_data_and_figures_sdml/figures/AAFT/ROC/figure_roc_surrogate_AAFT_simples_10000_CNN_LSTM_model_[4,2].png
Ran in 48.88s
------------------------------ 07 Completed ROC for dl ------------------------------

------------------------------ 07 Start ROC for dl ------------------------------
surr_type: AAFT
simples: 10000
ID_merge_tsid: [8,6]
DL_model: CNN_LSTM_model
repeats: 10
features: 220

07_roc_data_and_figures_sdml directory already exists!
07_roc_data_and_figures_sdml/data directory already exists!
07_roc_data_and_figures_sdml/data/AAFT directory already exists!
07_roc_data_and_figures_sdml/data/AAFT/ROC directory already exists!
07_roc_data_and_figures_sdml/figures directory already exists!
07_roc_data_and_figures_sdml/figures/AAFT directory already exists!

07_roc_data_and_figures_sdml/figures/AAFT/ROC directory already exists!

len_eval_pts = 20

----- 01 forced trajectories and compute EWS -----
Complete for forced tsid=8
Complete for forced tsid=6
----- 01 null trajectories and compute EWS -----
Complete for null tsid=8
Complete for null tsid=6
----- 02 Compute ROC curves -----
Exported ROC data to 07_roc_data_and_figures_sdml/data/AAFT/ROC/df_roc_surrogate_AAFT_simples_10000_CNN_LSTM_model_[8,6].csv
Exported ROC figure to 07_roc_data_and_figures_sdml/figures/AAFT/ROC/figure_roc_surrogate_AAFT_simples_10000_CNN_LSTM_model_[8,6].png
Ran in 48.77s
------------------------------ 07 Completed ROC for dl ------------------------------

------------------------------ 07 Start ROC for dl ------------------------------
surr_type: AAFT
simples: 10000
ID_merge_tsid: [8,6,4,2]
DL_model: CNN_LSTM_model
repeats: 10
features: 220

07_roc_data_and_figures_sdml directory already exists!
07_roc_data_and_figures_sdml/data directory already exists!
07_roc_data_and_figures_sdml/data/AAFT directory already exists!
07_roc_data_and_figures_sdml/data/AAFT/ROC directory already exists!
07_roc_data_and_figures_sdml/figures directory already exists!
07_roc_data_and_figures_sdml/figures/AAFT directory already exists!

07_roc_data_and_figures_sdml/figures/AAFT/ROC directory already exists!

len_eval_pts = 20

----- 01 forced trajectories and compute EWS -----
Complete for forced tsid=8
Complete for forced tsid=6
Complete for forced tsid=4
Complete for forced tsid=2
----- 01 null trajectories and compute EWS -----
Complete for null tsid=8
Complete for null tsid=6
Complete for null tsid=4
Complete for null tsid=2
----- 02 Compute ROC curves -----
Exported ROC data to 07_roc_data_and_figures_sdml/data/AAFT/ROC/df_roc_surrogate_AAFT_simples_10000_CNN_LSTM_model_[8,6,4,2].csv
Exported ROC figure to 07_roc_data_and_figures_sdml/figures/AAFT/ROC/figure_roc_surrogate_AAFT_simples_10000_CNN_LSTM_model_[8,6,4,2].png
Ran in 72.68s
------------------------------ 07 Completed ROC for dl ------------------------------

------------------------------ 07 Start ROC for dl ------------------------------
surr_type: AAFT
simples: 10000
ID_merge_tsid: all
DL_model: CNN_LSTM_model
repeats: 10
features: 220

07_roc_data_and_figures_sdml directory already exists!
07_roc_data_and_figures_sdml/data directory already exists!
07_roc_data_and_figures_sdml/data/AAFT directory already exists!
07_roc_data_and_figures_sdml/data/AAFT/ROC directory already exists!
07_roc_data_and_figures_sdml/figures directory already exists!
07_roc_data_and_figures_sdml/figures/AAFT directory already exists!

07_roc_data_and_figures_sdml/figures/AAFT/ROC directory already exists!

len_eval_pts = 20

----- 01 forced trajectories and compute EWS -----
Complete for forced tsid=1
Complete for forced tsid=2
Complete for forced tsid=3
Complete for forced tsid=4
Complete for forced tsid=5
Complete for forced tsid=6
Complete for forced tsid=7
Complete for forced tsid=8
Complete for forced tsid=9
Complete for forced tsid=10
Complete for forced tsid=11
Complete for forced tsid=12
Complete for forced tsid=13
----- 01 null trajectories and compute EWS -----
Complete for null tsid=1
Complete for null tsid=2
Complete for null tsid=3
Complete for null tsid=4
Complete for null tsid=5
Complete for null tsid=6
Complete for null tsid=7
Complete for null tsid=8
Complete for null tsid=9
Complete for null tsid=10
Complete for null tsid=11
Complete for null tsid=12
Complete for null tsid=13
----- 02 Compute ROC curves -----
Exported ROC data to 07_roc_data_and_figures_sdml/data/AAFT/ROC/df_roc_surrogate_AAFT_simples_10000_CNN_LSTM_model_all.csv
Exported ROC figure to 07_roc_data_and_figures_sdml/figures/AAFT/ROC/figure_roc_surrogate_AAFT_simples_10000_CNN_LSTM_model_all.png
Ran in 103.56s
------------------------------ 07 Completed ROC for dl ------------------------------

------------------------------ 03 Start sliding windows ------------------------------
surr_type: AAFT
simples: 10000
ID_train: S5_S4
ID_test: S3
Variable_label: Mo
tsid: 4
features: 220
sw_width: 148

03_sliding_window_data directory already exists!
S3.shape: (297, 2)
success-> sliding_window_features_shape (real=(297-148+1, 220)):  (150, 220)
------------------------------ 03 Completed sliding windows ------------------------------

------------------------------ 04 Start predicate ------------------------------
surr_type: AAFT
simples: 10000
ID_train: S5_S4
ID_test: S3
DL_model: CNN_LSTM_model
repeats: 10

04_prediction_data directory already exists!
X_test.shape (150, 220)
X_test_array.shape:  (150, 220, 1)
--------------- prediction ... ---------------
textX=(samples, steps, length, channels): (150, 10, 22, 1)
textX=(samples, steps, length, channels): (150, 10, 22, 1)
textX=(samples, steps, length, channels): (150, 10, 22, 1)
textX=(samples, steps, length, channels): (150, 10, 22, 1)
textX=(samples, steps, length, channels): (150, 10, 22, 1)
textX=(samples, steps, length, channels): (150, 10, 22, 1)
textX=(samples, steps, length, channels): (150, 10, 22, 1)
textX=(samples, steps, length, channels): (150, 10, 22, 1)
textX=(samples, steps, length, channels): (150, 10, 22, 1)
textX=(samples, steps, length, channels): (150, 10, 22, 1)
y_pred_list.shape (150, 10)
------------------------------ 04 Completed predicate ------------------------------

------------------------------ 05 Start plots ------------------------------
surr_type: AAFT
simples: 10000
ID_train: S5_S4
ID_test: S3
Variable_label: Mo
DL_model: CNN_LSTM_model
sw_width: 148
tsid: 4

05_ews_data_and_figures directory already exists!
05_ews_data_and_figures/data directory already exists!
05_ews_data_and_figures/data/AAFT directory already exists!
05_ews_data_and_figures/figures directory already exists!
05_ews_data_and_figures/figures/AAFT directory already exists!

Record_Core: MS66
start_age, Transition, end_age: -95.770526 -85.8 -83.722374
sliding_window_S3: 148
------------------------------ 05 Completed plots ------------------------------

-------------------------------------------------------------------------------------
Using GPU for TensorFlow.
------------------------------ 01 Start run ------------------------------
Data_folder: MS66
surr_type: AAFT
simples: 10000
ID_train: S5_S4
DL_model: ConvLSTM_model
repeats: 10

01_evaluation_data directory already exists!
models directory already exists!

full_path= G:/surrogate_data_based_machine_learning_v4.0.0/anoxia/01_data_preprocessing/02_extracte_and_generate_surrogate_dataset/MS66/data/merge_surrogate_AAFT_simples_10000_train_S5_S4.csv

Epoch 1: val_accuracy improved from -inf to 1.00000, saving model to models\surrogate_AAFT_simples_10000_ConvLSTM_model_0.h5

Epoch 2: val_accuracy did not improve from 1.00000

Epoch 3: val_accuracy did not improve from 1.00000

Epoch 4: val_accuracy did not improve from 1.00000

Epoch 5: val_accuracy did not improve from 1.00000

Epoch 6: val_accuracy did not improve from 1.00000
Epoch 6: early stopping
>#1: 100.000

Epoch 1: val_accuracy improved from -inf to 1.00000, saving model to models\surrogate_AAFT_simples_10000_ConvLSTM_model_1.h5

Epoch 2: val_accuracy did not improve from 1.00000

Epoch 3: val_accuracy did not improve from 1.00000

Epoch 4: val_accuracy did not improve from 1.00000

Epoch 5: val_accuracy did not improve from 1.00000

Epoch 6: val_accuracy did not improve from 1.00000
Epoch 6: early stopping
>#2: 100.000

Epoch 1: val_accuracy improved from -inf to 1.00000, saving model to models\surrogate_AAFT_simples_10000_ConvLSTM_model_2.h5

Epoch 2: val_accuracy did not improve from 1.00000

Epoch 3: val_accuracy did not improve from 1.00000

Epoch 4: val_accuracy did not improve from 1.00000

Epoch 5: val_accuracy did not improve from 1.00000

Epoch 6: val_accuracy did not improve from 1.00000
Epoch 6: early stopping
>#3: 100.000

Epoch 1: val_accuracy improved from -inf to 1.00000, saving model to models\surrogate_AAFT_simples_10000_ConvLSTM_model_3.h5

Epoch 2: val_accuracy did not improve from 1.00000

Epoch 3: val_accuracy did not improve from 1.00000

Epoch 4: val_accuracy did not improve from 1.00000

Epoch 5: val_accuracy did not improve from 1.00000

Epoch 6: val_accuracy did not improve from 1.00000
Epoch 6: early stopping
>#4: 100.000

Epoch 1: val_accuracy improved from -inf to 1.00000, saving model to models\surrogate_AAFT_simples_10000_ConvLSTM_model_4.h5

Epoch 2: val_accuracy did not improve from 1.00000

Epoch 3: val_accuracy did not improve from 1.00000

Epoch 4: val_accuracy did not improve from 1.00000

Epoch 5: val_accuracy did not improve from 1.00000

Epoch 6: val_accuracy did not improve from 1.00000
Epoch 6: early stopping
>#5: 100.000

Epoch 1: val_accuracy improved from -inf to 1.00000, saving model to models\surrogate_AAFT_simples_10000_ConvLSTM_model_5.h5

Epoch 2: val_accuracy did not improve from 1.00000

Epoch 3: val_accuracy did not improve from 1.00000

Epoch 4: val_accuracy did not improve from 1.00000

Epoch 5: val_accuracy did not improve from 1.00000

Epoch 6: val_accuracy did not improve from 1.00000
Epoch 6: early stopping
>#6: 100.000

Epoch 1: val_accuracy improved from -inf to 1.00000, saving model to models\surrogate_AAFT_simples_10000_ConvLSTM_model_6.h5

Epoch 2: val_accuracy did not improve from 1.00000

Epoch 3: val_accuracy did not improve from 1.00000

Epoch 4: val_accuracy did not improve from 1.00000

Epoch 5: val_accuracy did not improve from 1.00000

Epoch 6: val_accuracy did not improve from 1.00000
Epoch 6: early stopping
>#7: 100.000

Epoch 1: val_accuracy improved from -inf to 1.00000, saving model to models\surrogate_AAFT_simples_10000_ConvLSTM_model_7.h5

Epoch 2: val_accuracy did not improve from 1.00000

Epoch 3: val_accuracy did not improve from 1.00000

Epoch 4: val_accuracy did not improve from 1.00000

Epoch 5: val_accuracy did not improve from 1.00000

Epoch 6: val_accuracy did not improve from 1.00000
Epoch 6: early stopping
>#8: 100.000

Epoch 1: val_accuracy improved from -inf to 1.00000, saving model to models\surrogate_AAFT_simples_10000_ConvLSTM_model_8.h5

Epoch 2: val_accuracy did not improve from 1.00000

Epoch 3: val_accuracy did not improve from 1.00000

Epoch 4: val_accuracy did not improve from 1.00000

Epoch 5: val_accuracy did not improve from 1.00000

Epoch 6: val_accuracy did not improve from 1.00000
Epoch 6: early stopping
>#9: 100.000

Epoch 1: val_accuracy improved from -inf to 1.00000, saving model to models\surrogate_AAFT_simples_10000_ConvLSTM_model_9.h5

Epoch 2: val_accuracy did not improve from 1.00000

Epoch 3: val_accuracy did not improve from 1.00000

Epoch 4: val_accuracy did not improve from 1.00000

Epoch 5: val_accuracy did not improve from 1.00000

Epoch 6: val_accuracy did not improve from 1.00000
Epoch 6: early stopping
>#10: 100.000
------------------ summarize results -------------------------
DL_model: ConvLSTM_model
scores: [100.0, 100.0, 100.0, 100.0, 100.0, 100.0, 100.0, 100.0, 100.0, 100.0]
Accuracy mean (std): 100.000% (0.000)

Running time 807.9 seconds
------------------------------ 01 Completed ------------------------------

------------------------------ 02 Start Evaluation ------------------------------
surr_type: AAFT
simples: 10000
ID_train: S5_S4
DL_model: ConvLSTM_model
repeats: 10

02_evaluation_performance directory already exists!
# 0 >> accuracy: 1.0
# 1 >> accuracy: 1.0
# 2 >> accuracy: 1.0
# 3 >> accuracy: 1.0
# 4 >> accuracy: 1.0
# 5 >> accuracy: 1.0
# 6 >> accuracy: 1.0
# 7 >> accuracy: 1.0
# 8 >> accuracy: 1.0
# 9 >> accuracy: 1.0
The results have been saved to a txt file: 02_evaluation_performance/evaluation_performance_surrogate_AAFT_simples_10000_ConvLSTM_model_train_S5_S4.txt

Running time 73.7 seconds
------------------------------ 02 Completed Evaluation ------------------------------

------------------------------ 03 Start sliding windows ------------------------------
surr_type: AAFT
simples: 10000
ID_train: S5_S4
ID_test: S1
Variable_label: Mo
tsid: 2
features: 220
sw_width: 208

03_sliding_window_data directory already exists!
S1.shape: (416, 2)
success-> sliding_window_features_shape (real=(416-208+1, 220)):  (209, 220)
------------------------------ 03 Completed sliding windows ------------------------------

------------------------------ 04 Start predicate ------------------------------
surr_type: AAFT
simples: 10000
ID_train: S5_S4
ID_test: S1
DL_model: ConvLSTM_model
repeats: 10

04_prediction_data directory already exists!
X_test.shape (209, 220)
X_test_array.shape:  (209, 220, 1)
--------------- prediction ... ---------------
textX=(samples, time steps, rows, cols, channels): (209, 10, 1, 22, 1)
textX=(samples, time steps, rows, cols, channels): (209, 10, 1, 22, 1)
textX=(samples, time steps, rows, cols, channels): (209, 10, 1, 22, 1)
textX=(samples, time steps, rows, cols, channels): (209, 10, 1, 22, 1)
textX=(samples, time steps, rows, cols, channels): (209, 10, 1, 22, 1)
textX=(samples, time steps, rows, cols, channels): (209, 10, 1, 22, 1)
textX=(samples, time steps, rows, cols, channels): (209, 10, 1, 22, 1)
textX=(samples, time steps, rows, cols, channels): (209, 10, 1, 22, 1)
textX=(samples, time steps, rows, cols, channels): (209, 10, 1, 22, 1)
textX=(samples, time steps, rows, cols, channels): (209, 10, 1, 22, 1)
y_pred_list.shape (209, 10)
------------------------------ 04 Completed predicate ------------------------------

------------------------------ 05 Start plots ------------------------------
surr_type: AAFT
simples: 10000
ID_train: S5_S4
ID_test: S1
Variable_label: Mo
DL_model: ConvLSTM_model
sw_width: 208
tsid: 2

05_ews_data_and_figures directory already exists!
05_ews_data_and_figures/data directory already exists!
05_ews_data_and_figures/data/AAFT directory already exists!
05_ews_data_and_figures/figures directory already exists!
05_ews_data_and_figures/figures/AAFT directory already exists!

Record_Core: MS66
start_age, Transition, end_age: -20.481013 -10.5 -8.005155
sliding_window_S1: 208
------------------------------ 05 Completed plots ------------------------------

------------------------------ 07 Start ROC for dl ------------------------------
surr_type: AAFT
simples: 10000
ID_merge_tsid: [4,2]
DL_model: ConvLSTM_model
repeats: 10
features: 220

07_roc_data_and_figures_sdml directory already exists!
07_roc_data_and_figures_sdml/data directory already exists!
07_roc_data_and_figures_sdml/data/AAFT directory already exists!
07_roc_data_and_figures_sdml/data/AAFT/ROC directory already exists!
07_roc_data_and_figures_sdml/figures directory already exists!
07_roc_data_and_figures_sdml/figures/AAFT directory already exists!

07_roc_data_and_figures_sdml/figures/AAFT/ROC directory already exists!

len_eval_pts = 20

----- 01 forced trajectories and compute EWS -----
Complete for forced tsid=4
Complete for forced tsid=2
----- 01 null trajectories and compute EWS -----
Complete for null tsid=4
Complete for null tsid=2
----- 02 Compute ROC curves -----
Exported ROC data to 07_roc_data_and_figures_sdml/data/AAFT/ROC/df_roc_surrogate_AAFT_simples_10000_ConvLSTM_model_[4,2].csv
Exported ROC figure to 07_roc_data_and_figures_sdml/figures/AAFT/ROC/figure_roc_surrogate_AAFT_simples_10000_ConvLSTM_model_[4,2].png
Ran in 16.86s
------------------------------ 07 Completed ROC for dl ------------------------------

------------------------------ 07 Start ROC for dl ------------------------------
surr_type: AAFT
simples: 10000
ID_merge_tsid: [8,6]
DL_model: ConvLSTM_model
repeats: 10
features: 220

07_roc_data_and_figures_sdml directory already exists!
07_roc_data_and_figures_sdml/data directory already exists!
07_roc_data_and_figures_sdml/data/AAFT directory already exists!
07_roc_data_and_figures_sdml/data/AAFT/ROC directory already exists!
07_roc_data_and_figures_sdml/figures directory already exists!
07_roc_data_and_figures_sdml/figures/AAFT directory already exists!

07_roc_data_and_figures_sdml/figures/AAFT/ROC directory already exists!

len_eval_pts = 20

----- 01 forced trajectories and compute EWS -----
Complete for forced tsid=8
Complete for forced tsid=6
----- 01 null trajectories and compute EWS -----
Complete for null tsid=8
Complete for null tsid=6
----- 02 Compute ROC curves -----
Exported ROC data to 07_roc_data_and_figures_sdml/data/AAFT/ROC/df_roc_surrogate_AAFT_simples_10000_ConvLSTM_model_[8,6].csv
Exported ROC figure to 07_roc_data_and_figures_sdml/figures/AAFT/ROC/figure_roc_surrogate_AAFT_simples_10000_ConvLSTM_model_[8,6].png
Ran in 30.60s
------------------------------ 07 Completed ROC for dl ------------------------------

------------------------------ 07 Start ROC for dl ------------------------------
surr_type: AAFT
simples: 10000
ID_merge_tsid: [8,6,4,2]
DL_model: ConvLSTM_model
repeats: 10
features: 220

07_roc_data_and_figures_sdml directory already exists!
07_roc_data_and_figures_sdml/data directory already exists!
07_roc_data_and_figures_sdml/data/AAFT directory already exists!
07_roc_data_and_figures_sdml/data/AAFT/ROC directory already exists!
07_roc_data_and_figures_sdml/figures directory already exists!
07_roc_data_and_figures_sdml/figures/AAFT directory already exists!

07_roc_data_and_figures_sdml/figures/AAFT/ROC directory already exists!

len_eval_pts = 20

----- 01 forced trajectories and compute EWS -----
Complete for forced tsid=8
Complete for forced tsid=6
Complete for forced tsid=4
Complete for forced tsid=2
----- 01 null trajectories and compute EWS -----
Complete for null tsid=8
Complete for null tsid=6
Complete for null tsid=4
Complete for null tsid=2
----- 02 Compute ROC curves -----
Exported ROC data to 07_roc_data_and_figures_sdml/data/AAFT/ROC/df_roc_surrogate_AAFT_simples_10000_ConvLSTM_model_[8,6,4,2].csv
Exported ROC figure to 07_roc_data_and_figures_sdml/figures/AAFT/ROC/figure_roc_surrogate_AAFT_simples_10000_ConvLSTM_model_[8,6,4,2].png
Ran in 26.97s
------------------------------ 07 Completed ROC for dl ------------------------------

------------------------------ 07 Start ROC for dl ------------------------------
surr_type: AAFT
simples: 10000
ID_merge_tsid: all
DL_model: ConvLSTM_model
repeats: 10
features: 220

07_roc_data_and_figures_sdml directory already exists!
07_roc_data_and_figures_sdml/data directory already exists!
07_roc_data_and_figures_sdml/data/AAFT directory already exists!
07_roc_data_and_figures_sdml/data/AAFT/ROC directory already exists!
07_roc_data_and_figures_sdml/figures directory already exists!
07_roc_data_and_figures_sdml/figures/AAFT directory already exists!

07_roc_data_and_figures_sdml/figures/AAFT/ROC directory already exists!

len_eval_pts = 20

----- 01 forced trajectories and compute EWS -----
Complete for forced tsid=1
Complete for forced tsid=2
Complete for forced tsid=3
Complete for forced tsid=4
Complete for forced tsid=5
Complete for forced tsid=6
Complete for forced tsid=7
Complete for forced tsid=8
Complete for forced tsid=9
Complete for forced tsid=10
Complete for forced tsid=11
Complete for forced tsid=12
Complete for forced tsid=13
----- 01 null trajectories and compute EWS -----
Complete for null tsid=1
Complete for null tsid=2
Complete for null tsid=3
Complete for null tsid=4
Complete for null tsid=5
Complete for null tsid=6
Complete for null tsid=7
Complete for null tsid=8
Complete for null tsid=9
Complete for null tsid=10
Complete for null tsid=11
Complete for null tsid=12
Complete for null tsid=13
----- 02 Compute ROC curves -----
Exported ROC data to 07_roc_data_and_figures_sdml/data/AAFT/ROC/df_roc_surrogate_AAFT_simples_10000_ConvLSTM_model_all.csv
Exported ROC figure to 07_roc_data_and_figures_sdml/figures/AAFT/ROC/figure_roc_surrogate_AAFT_simples_10000_ConvLSTM_model_all.png
Ran in 93.21s
------------------------------ 07 Completed ROC for dl ------------------------------

------------------------------ 03 Start sliding windows ------------------------------
surr_type: AAFT
simples: 10000
ID_train: S5_S4
ID_test: S3
Variable_label: Mo
tsid: 4
features: 220
sw_width: 148

03_sliding_window_data directory already exists!
S3.shape: (297, 2)
success-> sliding_window_features_shape (real=(297-148+1, 220)):  (150, 220)
------------------------------ 03 Completed sliding windows ------------------------------

------------------------------ 04 Start predicate ------------------------------
surr_type: AAFT
simples: 10000
ID_train: S5_S4
ID_test: S3
DL_model: ConvLSTM_model
repeats: 10

04_prediction_data directory already exists!
X_test.shape (150, 220)
X_test_array.shape:  (150, 220, 1)
--------------- prediction ... ---------------
textX=(samples, time steps, rows, cols, channels): (150, 10, 1, 22, 1)
textX=(samples, time steps, rows, cols, channels): (150, 10, 1, 22, 1)
textX=(samples, time steps, rows, cols, channels): (150, 10, 1, 22, 1)
textX=(samples, time steps, rows, cols, channels): (150, 10, 1, 22, 1)
textX=(samples, time steps, rows, cols, channels): (150, 10, 1, 22, 1)
textX=(samples, time steps, rows, cols, channels): (150, 10, 1, 22, 1)
textX=(samples, time steps, rows, cols, channels): (150, 10, 1, 22, 1)
textX=(samples, time steps, rows, cols, channels): (150, 10, 1, 22, 1)
textX=(samples, time steps, rows, cols, channels): (150, 10, 1, 22, 1)
textX=(samples, time steps, rows, cols, channels): (150, 10, 1, 22, 1)
y_pred_list.shape (150, 10)
------------------------------ 04 Completed predicate ------------------------------

------------------------------ 05 Start plots ------------------------------
surr_type: AAFT
simples: 10000
ID_train: S5_S4
ID_test: S3
Variable_label: Mo
DL_model: ConvLSTM_model
sw_width: 148
tsid: 4

05_ews_data_and_figures directory already exists!
05_ews_data_and_figures/data directory already exists!
05_ews_data_and_figures/data/AAFT directory already exists!
05_ews_data_and_figures/figures directory already exists!
05_ews_data_and_figures/figures/AAFT directory already exists!

Record_Core: MS66
start_age, Transition, end_age: -95.770526 -85.8 -83.722374
sliding_window_S3: 148
------------------------------ 05 Completed plots ------------------------------

---------------------------- complete end ----------------------------
