---------------------------- Run start python scripts -----------------------------
-------------------------------------------------------------------------------------
Using GPU for TensorFlow.
------------------------------ 01 Start run ------------------------------
Data_folder: MS66
surr_type: RP
simples: 10000
ID_train: S5_S4
DL_model: CNN_model
repeats: 10

01_evaluation_data directory already exists!
models directory already exists!

full_path= G:/surrogate_data_based_machine_learning_v4.0.0/anoxia/01_data_preprocessing/02_extracte_and_generate_surrogate_dataset/MS66/data/merge_surrogate_RP_simples_10000_train_S5_S4.csv

Epoch 1: val_accuracy improved from -inf to 1.00000, saving model to models\surrogate_RP_simples_10000_CNN_model_0.h5

Epoch 2: val_accuracy did not improve from 1.00000

Epoch 3: val_accuracy did not improve from 1.00000

Epoch 4: val_accuracy did not improve from 1.00000

Epoch 5: val_accuracy did not improve from 1.00000

Epoch 6: val_accuracy did not improve from 1.00000
Epoch 6: early stopping
>#1: 100.000

Epoch 1: val_accuracy improved from -inf to 1.00000, saving model to models\surrogate_RP_simples_10000_CNN_model_1.h5

Epoch 2: val_accuracy did not improve from 1.00000

Epoch 3: val_accuracy did not improve from 1.00000

Epoch 4: val_accuracy did not improve from 1.00000

Epoch 5: val_accuracy did not improve from 1.00000

Epoch 6: val_accuracy did not improve from 1.00000
Epoch 6: early stopping
>#2: 100.000

Epoch 1: val_accuracy improved from -inf to 1.00000, saving model to models\surrogate_RP_simples_10000_CNN_model_2.h5

Epoch 2: val_accuracy did not improve from 1.00000

Epoch 3: val_accuracy did not improve from 1.00000

Epoch 4: val_accuracy did not improve from 1.00000

Epoch 5: val_accuracy did not improve from 1.00000

Epoch 6: val_accuracy did not improve from 1.00000
Epoch 6: early stopping
>#3: 100.000

Epoch 1: val_accuracy improved from -inf to 1.00000, saving model to models\surrogate_RP_simples_10000_CNN_model_3.h5

Epoch 2: val_accuracy did not improve from 1.00000

Epoch 3: val_accuracy did not improve from 1.00000

Epoch 4: val_accuracy did not improve from 1.00000

Epoch 5: val_accuracy did not improve from 1.00000

Epoch 6: val_accuracy did not improve from 1.00000
Epoch 6: early stopping
>#4: 100.000

Epoch 1: val_accuracy improved from -inf to 1.00000, saving model to models\surrogate_RP_simples_10000_CNN_model_4.h5

Epoch 2: val_accuracy did not improve from 1.00000

Epoch 3: val_accuracy did not improve from 1.00000

Epoch 4: val_accuracy did not improve from 1.00000

Epoch 5: val_accuracy did not improve from 1.00000

Epoch 6: val_accuracy did not improve from 1.00000
Epoch 6: early stopping
>#5: 100.000

Epoch 1: val_accuracy improved from -inf to 1.00000, saving model to models\surrogate_RP_simples_10000_CNN_model_5.h5

Epoch 2: val_accuracy did not improve from 1.00000

Epoch 3: val_accuracy did not improve from 1.00000

Epoch 4: val_accuracy did not improve from 1.00000

Epoch 5: val_accuracy did not improve from 1.00000

Epoch 6: val_accuracy did not improve from 1.00000
Epoch 6: early stopping
>#6: 100.000

Epoch 1: val_accuracy improved from -inf to 1.00000, saving model to models\surrogate_RP_simples_10000_CNN_model_6.h5

Epoch 2: val_accuracy did not improve from 1.00000

Epoch 3: val_accuracy did not improve from 1.00000

Epoch 4: val_accuracy did not improve from 1.00000

Epoch 5: val_accuracy did not improve from 1.00000

Epoch 6: val_accuracy did not improve from 1.00000
Epoch 6: early stopping
>#7: 100.000

Epoch 1: val_accuracy improved from -inf to 1.00000, saving model to models\surrogate_RP_simples_10000_CNN_model_7.h5

Epoch 2: val_accuracy did not improve from 1.00000

Epoch 3: val_accuracy did not improve from 1.00000

Epoch 4: val_accuracy did not improve from 1.00000

Epoch 5: val_accuracy did not improve from 1.00000

Epoch 6: val_accuracy did not improve from 1.00000
Epoch 6: early stopping
>#8: 100.000

Epoch 1: val_accuracy improved from -inf to 1.00000, saving model to models\surrogate_RP_simples_10000_CNN_model_8.h5

Epoch 2: val_accuracy did not improve from 1.00000

Epoch 3: val_accuracy did not improve from 1.00000

Epoch 4: val_accuracy did not improve from 1.00000

Epoch 5: val_accuracy did not improve from 1.00000

Epoch 6: val_accuracy did not improve from 1.00000
Epoch 6: early stopping
>#9: 100.000

Epoch 1: val_accuracy improved from -inf to 1.00000, saving model to models\surrogate_RP_simples_10000_CNN_model_9.h5

Epoch 2: val_accuracy did not improve from 1.00000

Epoch 3: val_accuracy did not improve from 1.00000

Epoch 4: val_accuracy did not improve from 1.00000

Epoch 5: val_accuracy did not improve from 1.00000

Epoch 6: val_accuracy did not improve from 1.00000
Epoch 6: early stopping
>#10: 100.000
------------------ summarize results -------------------------
DL_model: CNN_model
scores: [100.0, 100.0, 100.0, 100.0, 100.0, 100.0, 100.0, 100.0, 100.0, 100.0]
Accuracy mean (std): 100.000% (0.000)

Running time 134.7 seconds
------------------------------ 01 Completed ------------------------------

------------------------------ 02 Start Evaluation ------------------------------
surr_type: RP
simples: 10000
ID_train: S5_S4
DL_model: CNN_model
repeats: 10

02_evaluation_performance directory already exists!
# 0 >> accuracy: 1.0
# 1 >> accuracy: 1.0
# 2 >> accuracy: 1.0
# 3 >> accuracy: 1.0
# 4 >> accuracy: 1.0
# 5 >> accuracy: 1.0
# 6 >> accuracy: 1.0
# 7 >> accuracy: 1.0
# 8 >> accuracy: 1.0
# 9 >> accuracy: 1.0
The results have been saved to a txt file: 02_evaluation_performance/evaluation_performance_surrogate_RP_simples_10000_CNN_model_train_S5_S4.txt

Running time 21.7 seconds
------------------------------ 02 Completed Evaluation ------------------------------

------------------------------ 03 Start sliding windows ------------------------------
surr_type: RP
simples: 10000
ID_train: S5_S4
ID_test: S1
Variable_label: Mo
tsid: 2
features: 220
sw_width: 208

03_sliding_window_data directory already exists!
S1.shape: (416, 2)
success-> sliding_window_features_shape (real=(416-208+1, 220)):  (209, 220)
------------------------------ 03 Completed sliding windows ------------------------------

------------------------------ 04 Start predicate ------------------------------
surr_type: RP
simples: 10000
ID_train: S5_S4
ID_test: S1
DL_model: CNN_model
repeats: 10

04_prediction_data directory already exists!
X_test.shape (209, 220)
X_test_array.shape:  (209, 220, 1)
--------------- prediction ... ---------------
y_pred_list.shape (209, 10)
------------------------------ 04 Completed predicate ------------------------------

------------------------------ 05 Start plots ------------------------------
surr_type: RP
simples: 10000
ID_train: S5_S4
ID_test: S1
Variable_label: Mo
DL_model: CNN_model
sw_width: 208
tsid: 2

05_ews_data_and_figures directory already exists!
05_ews_data_and_figures/data directory already exists!
05_ews_data_and_figures/data/RP directory already exists!
05_ews_data_and_figures/figures directory already exists!
05_ews_data_and_figures/figures/RP directory already exists!

Record_Core: MS66
start_age, Transition, end_age: -20.481013 -10.5 -8.005155
sliding_window_S1: 208
------------------------------ 05 Completed plots ------------------------------

------------------------------ 06 Start ROC for variance and lag-1 autocorrelation ------------------------------
surr_type: RP
simples: 10000
ID_merge_tsid: [4,2]
DL_model: CNN_model
repeats: 10
features: 220

06_roc_data_and_figures_var_corr directory already exists!
06_roc_data_and_figures_var_corr/data directory already exists!
06_roc_data_and_figures_var_corr/data/ROC directory already exists!
06_roc_data_and_figures_var_corr/figures directory already exists!
06_roc_data_and_figures_var_corr/figures/ROC directory already exists!
len_eval_pts= 20

----- 01 forced trajectories and compute EWS -----
Complete for forced tsid=4
Complete for forced tsid=2
----- 01 null trajectories and compute EWS -----
Complete for null tsid=4
Complete for null tsid=2
----- 02 Compute ROC curves -----
Exported ROC data to 06_roc_data_and_figures_var_corr/data/ROC/df_roc_var_corr_[4,2].csv
Exported ROC figure to 06_roc_data_and_figures_var_corr/figures/ROC/figure_roc_var_corr_[4,2].png
Ran in 1.40s
------------------------------ 06 Completed ROC for variance and lag-1 autocorrelation ------------------------------

------------------------------ 07 Start ROC for dl ------------------------------
surr_type: RP
simples: 10000
ID_merge_tsid: [4,2]
DL_model: CNN_model
repeats: 10
features: 220

07_roc_data_and_figures_sdml directory already exists!
07_roc_data_and_figures_sdml/data directory already exists!
07_roc_data_and_figures_sdml/data/RP directory already exists!
07_roc_data_and_figures_sdml/data/RP/ROC directory already exists!
07_roc_data_and_figures_sdml/figures directory already exists!
07_roc_data_and_figures_sdml/figures/RP directory already exists!

07_roc_data_and_figures_sdml/figures/RP/ROC directory already exists!

len_eval_pts = 20

----- 01 forced trajectories and compute EWS -----
Complete for forced tsid=4
Complete for forced tsid=2
----- 01 null trajectories and compute EWS -----
Complete for null tsid=4
Complete for null tsid=2
----- 02 Compute ROC curves -----
Exported ROC data to 07_roc_data_and_figures_sdml/data/RP/ROC/df_roc_surrogate_RP_simples_10000_CNN_model_[4,2].csv
Exported ROC figure to 07_roc_data_and_figures_sdml/figures/RP/ROC/figure_roc_surrogate_RP_simples_10000_CNN_model_[4,2].png
Ran in 11.20s
------------------------------ 07 Completed ROC for dl ------------------------------

------------------------------ 06 Start ROC for variance and lag-1 autocorrelation ------------------------------
surr_type: RP
simples: 10000
ID_merge_tsid: [8,6]
DL_model: CNN_model
repeats: 10
features: 220

06_roc_data_and_figures_var_corr directory already exists!
06_roc_data_and_figures_var_corr/data directory already exists!
06_roc_data_and_figures_var_corr/data/ROC directory already exists!
06_roc_data_and_figures_var_corr/figures directory already exists!
06_roc_data_and_figures_var_corr/figures/ROC directory already exists!
len_eval_pts= 20

----- 01 forced trajectories and compute EWS -----
Complete for forced tsid=8
Complete for forced tsid=6
----- 01 null trajectories and compute EWS -----
Complete for null tsid=8
Complete for null tsid=6
----- 02 Compute ROC curves -----
Exported ROC data to 06_roc_data_and_figures_var_corr/data/ROC/df_roc_var_corr_[8,6].csv
Exported ROC figure to 06_roc_data_and_figures_var_corr/figures/ROC/figure_roc_var_corr_[8,6].png
Ran in 1.44s
------------------------------ 06 Completed ROC for variance and lag-1 autocorrelation ------------------------------

------------------------------ 07 Start ROC for dl ------------------------------
surr_type: RP
simples: 10000
ID_merge_tsid: [8,6]
DL_model: CNN_model
repeats: 10
features: 220

07_roc_data_and_figures_sdml directory already exists!
07_roc_data_and_figures_sdml/data directory already exists!
07_roc_data_and_figures_sdml/data/RP directory already exists!
07_roc_data_and_figures_sdml/data/RP/ROC directory already exists!
07_roc_data_and_figures_sdml/figures directory already exists!
07_roc_data_and_figures_sdml/figures/RP directory already exists!

07_roc_data_and_figures_sdml/figures/RP/ROC directory already exists!

len_eval_pts = 20

----- 01 forced trajectories and compute EWS -----
Complete for forced tsid=8
Complete for forced tsid=6
----- 01 null trajectories and compute EWS -----
Complete for null tsid=8
Complete for null tsid=6
----- 02 Compute ROC curves -----
Exported ROC data to 07_roc_data_and_figures_sdml/data/RP/ROC/df_roc_surrogate_RP_simples_10000_CNN_model_[8,6].csv
Exported ROC figure to 07_roc_data_and_figures_sdml/figures/RP/ROC/figure_roc_surrogate_RP_simples_10000_CNN_model_[8,6].png
Ran in 11.18s
------------------------------ 07 Completed ROC for dl ------------------------------

------------------------------ 06 Start ROC for variance and lag-1 autocorrelation ------------------------------
surr_type: RP
simples: 10000
ID_merge_tsid: [8,6,4,2]
DL_model: CNN_model
repeats: 10
features: 220

06_roc_data_and_figures_var_corr directory already exists!
06_roc_data_and_figures_var_corr/data directory already exists!
06_roc_data_and_figures_var_corr/data/ROC directory already exists!
06_roc_data_and_figures_var_corr/figures directory already exists!
06_roc_data_and_figures_var_corr/figures/ROC directory already exists!
len_eval_pts= 20

----- 01 forced trajectories and compute EWS -----
Complete for forced tsid=8
Complete for forced tsid=6
Complete for forced tsid=4
Complete for forced tsid=2
----- 01 null trajectories and compute EWS -----
Complete for null tsid=8
Complete for null tsid=6
Complete for null tsid=4
Complete for null tsid=2
----- 02 Compute ROC curves -----
Exported ROC data to 06_roc_data_and_figures_var_corr/data/ROC/df_roc_var_corr_[8,6,4,2].csv
Exported ROC figure to 06_roc_data_and_figures_var_corr/figures/ROC/figure_roc_var_corr_[8,6,4,2].png
Ran in 1.54s
------------------------------ 06 Completed ROC for variance and lag-1 autocorrelation ------------------------------

------------------------------ 07 Start ROC for dl ------------------------------
surr_type: RP
simples: 10000
ID_merge_tsid: [8,6,4,2]
DL_model: CNN_model
repeats: 10
features: 220

07_roc_data_and_figures_sdml directory already exists!
07_roc_data_and_figures_sdml/data directory already exists!
07_roc_data_and_figures_sdml/data/RP directory already exists!
07_roc_data_and_figures_sdml/data/RP/ROC directory already exists!
07_roc_data_and_figures_sdml/figures directory already exists!
07_roc_data_and_figures_sdml/figures/RP directory already exists!

07_roc_data_and_figures_sdml/figures/RP/ROC directory already exists!

len_eval_pts = 20

----- 01 forced trajectories and compute EWS -----
Complete for forced tsid=8
Complete for forced tsid=6
Complete for forced tsid=4
Complete for forced tsid=2
----- 01 null trajectories and compute EWS -----
Complete for null tsid=8
Complete for null tsid=6
Complete for null tsid=4
Complete for null tsid=2
----- 02 Compute ROC curves -----
Exported ROC data to 07_roc_data_and_figures_sdml/data/RP/ROC/df_roc_surrogate_RP_simples_10000_CNN_model_[8,6,4,2].csv
Exported ROC figure to 07_roc_data_and_figures_sdml/figures/RP/ROC/figure_roc_surrogate_RP_simples_10000_CNN_model_[8,6,4,2].png
Ran in 15.03s
------------------------------ 07 Completed ROC for dl ------------------------------

------------------------------ 06 Start ROC for variance and lag-1 autocorrelation ------------------------------
surr_type: RP
simples: 10000
ID_merge_tsid: all
DL_model: CNN_model
repeats: 10
features: 220

06_roc_data_and_figures_var_corr directory already exists!
06_roc_data_and_figures_var_corr/data directory already exists!
06_roc_data_and_figures_var_corr/data/ROC directory already exists!
06_roc_data_and_figures_var_corr/figures directory already exists!
06_roc_data_and_figures_var_corr/figures/ROC directory already exists!
len_eval_pts= 20

----- 01 forced trajectories and compute EWS -----
Complete for forced tsid=1
Complete for forced tsid=2
Complete for forced tsid=3
Complete for forced tsid=4
Complete for forced tsid=5
Complete for forced tsid=6
Complete for forced tsid=7
Complete for forced tsid=8
Complete for forced tsid=9
Complete for forced tsid=10
Complete for forced tsid=11
Complete for forced tsid=12
Complete for forced tsid=13
----- 01 null trajectories and compute EWS -----
Complete for null tsid=1
Complete for null tsid=2
Complete for null tsid=3
Complete for null tsid=4
Complete for null tsid=5
Complete for null tsid=6
Complete for null tsid=7
Complete for null tsid=8
Complete for null tsid=9
Complete for null tsid=10
Complete for null tsid=11
Complete for null tsid=12
Complete for null tsid=13
----- 02 Compute ROC curves -----
Exported ROC data to 06_roc_data_and_figures_var_corr/data/ROC/df_roc_var_corr_all.csv
Exported ROC figure to 06_roc_data_and_figures_var_corr/figures/ROC/figure_roc_var_corr_all.png
Ran in 2.19s
------------------------------ 06 Completed ROC for variance and lag-1 autocorrelation ------------------------------

------------------------------ 07 Start ROC for dl ------------------------------
surr_type: RP
simples: 10000
ID_merge_tsid: all
DL_model: CNN_model
repeats: 10
features: 220

07_roc_data_and_figures_sdml directory already exists!
07_roc_data_and_figures_sdml/data directory already exists!
07_roc_data_and_figures_sdml/data/RP directory already exists!
07_roc_data_and_figures_sdml/data/RP/ROC directory already exists!
07_roc_data_and_figures_sdml/figures directory already exists!
07_roc_data_and_figures_sdml/figures/RP directory already exists!

07_roc_data_and_figures_sdml/figures/RP/ROC directory already exists!

len_eval_pts = 20

----- 01 forced trajectories and compute EWS -----
Complete for forced tsid=1
Complete for forced tsid=2
Complete for forced tsid=3
Complete for forced tsid=4
Complete for forced tsid=5
Complete for forced tsid=6
Complete for forced tsid=7
Complete for forced tsid=8
Complete for forced tsid=9
Complete for forced tsid=10
Complete for forced tsid=11
Complete for forced tsid=12
Complete for forced tsid=13
----- 01 null trajectories and compute EWS -----
Complete for null tsid=1
Complete for null tsid=2
Complete for null tsid=3
Complete for null tsid=4
Complete for null tsid=5
Complete for null tsid=6
Complete for null tsid=7
Complete for null tsid=8
Complete for null tsid=9
Complete for null tsid=10
Complete for null tsid=11
Complete for null tsid=12
Complete for null tsid=13
----- 02 Compute ROC curves -----
Exported ROC data to 07_roc_data_and_figures_sdml/data/RP/ROC/df_roc_surrogate_RP_simples_10000_CNN_model_all.csv
Exported ROC figure to 07_roc_data_and_figures_sdml/figures/RP/ROC/figure_roc_surrogate_RP_simples_10000_CNN_model_all.png
Ran in 41.74s
------------------------------ 07 Completed ROC for dl ------------------------------

------------------------------ 03 Start sliding windows ------------------------------
surr_type: RP
simples: 10000
ID_train: S5_S4
ID_test: S3
Variable_label: Mo
tsid: 4
features: 220
sw_width: 148

03_sliding_window_data directory already exists!
S3.shape: (297, 2)
success-> sliding_window_features_shape (real=(297-148+1, 220)):  (150, 220)
------------------------------ 03 Completed sliding windows ------------------------------

------------------------------ 04 Start predicate ------------------------------
surr_type: RP
simples: 10000
ID_train: S5_S4
ID_test: S3
DL_model: CNN_model
repeats: 10

04_prediction_data directory already exists!
X_test.shape (150, 220)
X_test_array.shape:  (150, 220, 1)
--------------- prediction ... ---------------
y_pred_list.shape (150, 10)
------------------------------ 04 Completed predicate ------------------------------

------------------------------ 05 Start plots ------------------------------
surr_type: RP
simples: 10000
ID_train: S5_S4
ID_test: S3
Variable_label: Mo
DL_model: CNN_model
sw_width: 148
tsid: 4

05_ews_data_and_figures directory already exists!
05_ews_data_and_figures/data directory already exists!
05_ews_data_and_figures/data/RP directory already exists!
05_ews_data_and_figures/figures directory already exists!
05_ews_data_and_figures/figures/RP directory already exists!

Record_Core: MS66
start_age, Transition, end_age: -95.770526 -85.8 -83.722374
sliding_window_S3: 148
------------------------------ 05 Completed plots ------------------------------

-------------------------------------------------------------------------------------
Using GPU for TensorFlow.
------------------------------ 01 Start run ------------------------------
Data_folder: MS66
surr_type: RP
simples: 10000
ID_train: S5_S4
DL_model: three_head_CNN_model
repeats: 10

01_evaluation_data directory already exists!
models directory already exists!

full_path= G:/surrogate_data_based_machine_learning_v4.0.0/anoxia/01_data_preprocessing/02_extracte_and_generate_surrogate_dataset/MS66/data/merge_surrogate_RP_simples_10000_train_S5_S4.csv

Epoch 1: val_accuracy improved from -inf to 1.00000, saving model to models\surrogate_RP_simples_10000_three_head_CNN_model_0.h5

Epoch 2: val_accuracy did not improve from 1.00000

Epoch 3: val_accuracy did not improve from 1.00000

Epoch 4: val_accuracy did not improve from 1.00000

Epoch 5: val_accuracy did not improve from 1.00000

Epoch 6: val_accuracy did not improve from 1.00000
Epoch 6: early stopping
>#1: 100.000

Epoch 1: val_accuracy improved from -inf to 1.00000, saving model to models\surrogate_RP_simples_10000_three_head_CNN_model_1.h5

Epoch 2: val_accuracy did not improve from 1.00000

Epoch 3: val_accuracy did not improve from 1.00000

Epoch 4: val_accuracy did not improve from 1.00000

Epoch 5: val_accuracy did not improve from 1.00000

Epoch 6: val_accuracy did not improve from 1.00000
Epoch 6: early stopping
>#2: 100.000

Epoch 1: val_accuracy improved from -inf to 1.00000, saving model to models\surrogate_RP_simples_10000_three_head_CNN_model_2.h5

Epoch 2: val_accuracy did not improve from 1.00000

Epoch 3: val_accuracy did not improve from 1.00000

Epoch 4: val_accuracy did not improve from 1.00000

Epoch 5: val_accuracy did not improve from 1.00000

Epoch 6: val_accuracy did not improve from 1.00000
Epoch 6: early stopping
>#3: 100.000

Epoch 1: val_accuracy improved from -inf to 1.00000, saving model to models\surrogate_RP_simples_10000_three_head_CNN_model_3.h5

Epoch 2: val_accuracy did not improve from 1.00000

Epoch 3: val_accuracy did not improve from 1.00000

Epoch 4: val_accuracy did not improve from 1.00000

Epoch 5: val_accuracy did not improve from 1.00000

Epoch 6: val_accuracy did not improve from 1.00000
Epoch 6: early stopping
>#4: 100.000

Epoch 1: val_accuracy improved from -inf to 1.00000, saving model to models\surrogate_RP_simples_10000_three_head_CNN_model_4.h5

Epoch 2: val_accuracy did not improve from 1.00000

Epoch 3: val_accuracy did not improve from 1.00000

Epoch 4: val_accuracy did not improve from 1.00000

Epoch 5: val_accuracy did not improve from 1.00000

Epoch 6: val_accuracy did not improve from 1.00000
Epoch 6: early stopping
>#5: 100.000

Epoch 1: val_accuracy improved from -inf to 1.00000, saving model to models\surrogate_RP_simples_10000_three_head_CNN_model_5.h5

Epoch 2: val_accuracy did not improve from 1.00000

Epoch 3: val_accuracy did not improve from 1.00000

Epoch 4: val_accuracy did not improve from 1.00000

Epoch 5: val_accuracy did not improve from 1.00000

Epoch 6: val_accuracy did not improve from 1.00000
Epoch 6: early stopping
>#6: 100.000

Epoch 1: val_accuracy improved from -inf to 1.00000, saving model to models\surrogate_RP_simples_10000_three_head_CNN_model_6.h5

Epoch 2: val_accuracy did not improve from 1.00000

Epoch 3: val_accuracy did not improve from 1.00000

Epoch 4: val_accuracy did not improve from 1.00000

Epoch 5: val_accuracy did not improve from 1.00000

Epoch 6: val_accuracy did not improve from 1.00000
Epoch 6: early stopping
>#7: 100.000

Epoch 1: val_accuracy improved from -inf to 1.00000, saving model to models\surrogate_RP_simples_10000_three_head_CNN_model_7.h5

Epoch 2: val_accuracy did not improve from 1.00000

Epoch 3: val_accuracy did not improve from 1.00000

Epoch 4: val_accuracy did not improve from 1.00000

Epoch 5: val_accuracy did not improve from 1.00000

Epoch 6: val_accuracy did not improve from 1.00000
Epoch 6: early stopping
>#8: 100.000

Epoch 1: val_accuracy improved from -inf to 1.00000, saving model to models\surrogate_RP_simples_10000_three_head_CNN_model_8.h5

Epoch 2: val_accuracy did not improve from 1.00000

Epoch 3: val_accuracy did not improve from 1.00000

Epoch 4: val_accuracy did not improve from 1.00000

Epoch 5: val_accuracy did not improve from 1.00000

Epoch 6: val_accuracy did not improve from 1.00000
Epoch 6: early stopping
>#9: 100.000

Epoch 1: val_accuracy improved from -inf to 1.00000, saving model to models\surrogate_RP_simples_10000_three_head_CNN_model_9.h5

Epoch 2: val_accuracy did not improve from 1.00000

Epoch 3: val_accuracy did not improve from 1.00000

Epoch 4: val_accuracy did not improve from 1.00000

Epoch 5: val_accuracy did not improve from 1.00000

Epoch 6: val_accuracy did not improve from 1.00000
Epoch 6: early stopping
>#10: 100.000
------------------ summarize results -------------------------
DL_model: three_head_CNN_model
scores: [100.0, 100.0, 100.0, 100.0, 100.0, 100.0, 100.0, 100.0, 100.0, 100.0]
Accuracy mean (std): 100.000% (0.000)

Running time 266.2 seconds
------------------------------ 01 Completed ------------------------------

------------------------------ 02 Start Evaluation ------------------------------
surr_type: RP
simples: 10000
ID_train: S5_S4
DL_model: three_head_CNN_model
repeats: 10

02_evaluation_performance directory already exists!
# 0 >> accuracy: 1.0
# 1 >> accuracy: 1.0
# 2 >> accuracy: 1.0
# 3 >> accuracy: 1.0
# 4 >> accuracy: 1.0
# 5 >> accuracy: 1.0
# 6 >> accuracy: 1.0
# 7 >> accuracy: 1.0
# 8 >> accuracy: 1.0
# 9 >> accuracy: 1.0
The results have been saved to a txt file: 02_evaluation_performance/evaluation_performance_surrogate_RP_simples_10000_three_head_CNN_model_train_S5_S4.txt

Running time 22.9 seconds
------------------------------ 02 Completed Evaluation ------------------------------

------------------------------ 03 Start sliding windows ------------------------------
surr_type: RP
simples: 10000
ID_train: S5_S4
ID_test: S1
Variable_label: Mo
tsid: 2
features: 220
sw_width: 208

03_sliding_window_data directory already exists!
S1.shape: (416, 2)
success-> sliding_window_features_shape (real=(416-208+1, 220)):  (209, 220)
------------------------------ 03 Completed sliding windows ------------------------------

------------------------------ 04 Start predicate ------------------------------
surr_type: RP
simples: 10000
ID_train: S5_S4
ID_test: S1
DL_model: three_head_CNN_model
repeats: 10

04_prediction_data directory already exists!
X_test.shape (209, 220)
X_test_array.shape:  (209, 220, 1)
--------------- prediction ... ---------------
y_pred_list.shape (209, 10)
------------------------------ 04 Completed predicate ------------------------------

------------------------------ 05 Start plots ------------------------------
surr_type: RP
simples: 10000
ID_train: S5_S4
ID_test: S1
Variable_label: Mo
DL_model: three_head_CNN_model
sw_width: 208
tsid: 2

05_ews_data_and_figures directory already exists!
05_ews_data_and_figures/data directory already exists!
05_ews_data_and_figures/data/RP directory already exists!
05_ews_data_and_figures/figures directory already exists!
05_ews_data_and_figures/figures/RP directory already exists!

Record_Core: MS66
start_age, Transition, end_age: -20.481013 -10.5 -8.005155
sliding_window_S1: 208
------------------------------ 05 Completed plots ------------------------------

------------------------------ 07 Start ROC for dl ------------------------------
surr_type: RP
simples: 10000
ID_merge_tsid: [4,2]
DL_model: three_head_CNN_model
repeats: 10
features: 220

07_roc_data_and_figures_sdml directory already exists!
07_roc_data_and_figures_sdml/data directory already exists!
07_roc_data_and_figures_sdml/data/RP directory already exists!
07_roc_data_and_figures_sdml/data/RP/ROC directory already exists!
07_roc_data_and_figures_sdml/figures directory already exists!
07_roc_data_and_figures_sdml/figures/RP directory already exists!

07_roc_data_and_figures_sdml/figures/RP/ROC directory already exists!

len_eval_pts = 20

----- 01 forced trajectories and compute EWS -----
Complete for forced tsid=4
Complete for forced tsid=2
----- 01 null trajectories and compute EWS -----
Complete for null tsid=4
Complete for null tsid=2
----- 02 Compute ROC curves -----
Exported ROC data to 07_roc_data_and_figures_sdml/data/RP/ROC/df_roc_surrogate_RP_simples_10000_three_head_CNN_model_[4,2].csv
Exported ROC figure to 07_roc_data_and_figures_sdml/figures/RP/ROC/figure_roc_surrogate_RP_simples_10000_three_head_CNN_model_[4,2].png
Ran in 23.54s
------------------------------ 07 Completed ROC for dl ------------------------------

------------------------------ 07 Start ROC for dl ------------------------------
surr_type: RP
simples: 10000
ID_merge_tsid: [8,6]
DL_model: three_head_CNN_model
repeats: 10
features: 220

07_roc_data_and_figures_sdml directory already exists!
07_roc_data_and_figures_sdml/data directory already exists!
07_roc_data_and_figures_sdml/data/RP directory already exists!
07_roc_data_and_figures_sdml/data/RP/ROC directory already exists!
07_roc_data_and_figures_sdml/figures directory already exists!
07_roc_data_and_figures_sdml/figures/RP directory already exists!

07_roc_data_and_figures_sdml/figures/RP/ROC directory already exists!

len_eval_pts = 20

----- 01 forced trajectories and compute EWS -----
Complete for forced tsid=8
Complete for forced tsid=6
----- 01 null trajectories and compute EWS -----
Complete for null tsid=8
Complete for null tsid=6
----- 02 Compute ROC curves -----
Exported ROC data to 07_roc_data_and_figures_sdml/data/RP/ROC/df_roc_surrogate_RP_simples_10000_three_head_CNN_model_[8,6].csv
Exported ROC figure to 07_roc_data_and_figures_sdml/figures/RP/ROC/figure_roc_surrogate_RP_simples_10000_three_head_CNN_model_[8,6].png
Ran in 15.90s
------------------------------ 07 Completed ROC for dl ------------------------------

------------------------------ 07 Start ROC for dl ------------------------------
surr_type: RP
simples: 10000
ID_merge_tsid: [8,6,4,2]
DL_model: three_head_CNN_model
repeats: 10
features: 220

07_roc_data_and_figures_sdml directory already exists!
07_roc_data_and_figures_sdml/data directory already exists!
07_roc_data_and_figures_sdml/data/RP directory already exists!
07_roc_data_and_figures_sdml/data/RP/ROC directory already exists!
07_roc_data_and_figures_sdml/figures directory already exists!
07_roc_data_and_figures_sdml/figures/RP directory already exists!

07_roc_data_and_figures_sdml/figures/RP/ROC directory already exists!

len_eval_pts = 20

----- 01 forced trajectories and compute EWS -----
Complete for forced tsid=8
Complete for forced tsid=6
Complete for forced tsid=4
Complete for forced tsid=2
----- 01 null trajectories and compute EWS -----
Complete for null tsid=8
Complete for null tsid=6
Complete for null tsid=4
Complete for null tsid=2
----- 02 Compute ROC curves -----
Exported ROC data to 07_roc_data_and_figures_sdml/data/RP/ROC/df_roc_surrogate_RP_simples_10000_three_head_CNN_model_[8,6,4,2].csv
Exported ROC figure to 07_roc_data_and_figures_sdml/figures/RP/ROC/figure_roc_surrogate_RP_simples_10000_three_head_CNN_model_[8,6,4,2].png
Ran in 29.02s
------------------------------ 07 Completed ROC for dl ------------------------------

------------------------------ 07 Start ROC for dl ------------------------------
surr_type: RP
simples: 10000
ID_merge_tsid: all
DL_model: three_head_CNN_model
repeats: 10
features: 220

07_roc_data_and_figures_sdml directory already exists!
07_roc_data_and_figures_sdml/data directory already exists!
07_roc_data_and_figures_sdml/data/RP directory already exists!
07_roc_data_and_figures_sdml/data/RP/ROC directory already exists!
07_roc_data_and_figures_sdml/figures directory already exists!
07_roc_data_and_figures_sdml/figures/RP directory already exists!

07_roc_data_and_figures_sdml/figures/RP/ROC directory already exists!

len_eval_pts = 20

----- 01 forced trajectories and compute EWS -----
Complete for forced tsid=1
Complete for forced tsid=2
Complete for forced tsid=3
Complete for forced tsid=4
Complete for forced tsid=5
Complete for forced tsid=6
Complete for forced tsid=7
Complete for forced tsid=8
Complete for forced tsid=9
Complete for forced tsid=10
Complete for forced tsid=11
Complete for forced tsid=12
Complete for forced tsid=13
----- 01 null trajectories and compute EWS -----
Complete for null tsid=1
Complete for null tsid=2
Complete for null tsid=3
Complete for null tsid=4
Complete for null tsid=5
Complete for null tsid=6
Complete for null tsid=7
Complete for null tsid=8
Complete for null tsid=9
Complete for null tsid=10
Complete for null tsid=11
Complete for null tsid=12
Complete for null tsid=13
----- 02 Compute ROC curves -----
Exported ROC data to 07_roc_data_and_figures_sdml/data/RP/ROC/df_roc_surrogate_RP_simples_10000_three_head_CNN_model_all.csv
Exported ROC figure to 07_roc_data_and_figures_sdml/figures/RP/ROC/figure_roc_surrogate_RP_simples_10000_three_head_CNN_model_all.png
Ran in 68.48s
------------------------------ 07 Completed ROC for dl ------------------------------

------------------------------ 03 Start sliding windows ------------------------------
surr_type: RP
simples: 10000
ID_train: S5_S4
ID_test: S3
Variable_label: Mo
tsid: 4
features: 220
sw_width: 148

03_sliding_window_data directory already exists!
S3.shape: (297, 2)
success-> sliding_window_features_shape (real=(297-148+1, 220)):  (150, 220)
------------------------------ 03 Completed sliding windows ------------------------------

------------------------------ 04 Start predicate ------------------------------
surr_type: RP
simples: 10000
ID_train: S5_S4
ID_test: S3
DL_model: three_head_CNN_model
repeats: 10

04_prediction_data directory already exists!
X_test.shape (150, 220)
X_test_array.shape:  (150, 220, 1)
--------------- prediction ... ---------------
y_pred_list.shape (150, 10)
------------------------------ 04 Completed predicate ------------------------------

------------------------------ 05 Start plots ------------------------------
surr_type: RP
simples: 10000
ID_train: S5_S4
ID_test: S3
Variable_label: Mo
DL_model: three_head_CNN_model
sw_width: 148
tsid: 4

05_ews_data_and_figures directory already exists!
05_ews_data_and_figures/data directory already exists!
05_ews_data_and_figures/data/RP directory already exists!
05_ews_data_and_figures/figures directory already exists!
05_ews_data_and_figures/figures/RP directory already exists!

Record_Core: MS66
start_age, Transition, end_age: -95.770526 -85.8 -83.722374
sliding_window_S3: 148
------------------------------ 05 Completed plots ------------------------------

-------------------------------------------------------------------------------------
Using GPU for TensorFlow.
------------------------------ 01 Start run ------------------------------
Data_folder: MS66
surr_type: RP
simples: 10000
ID_train: S5_S4
DL_model: LSTM_model
repeats: 10

01_evaluation_data directory already exists!
models directory already exists!

full_path= G:/surrogate_data_based_machine_learning_v4.0.0/anoxia/01_data_preprocessing/02_extracte_and_generate_surrogate_dataset/MS66/data/merge_surrogate_RP_simples_10000_train_S5_S4.csv

Epoch 1: val_accuracy improved from -inf to 0.98550, saving model to models\surrogate_RP_simples_10000_LSTM_model_0.h5

Epoch 2: val_accuracy improved from 0.98550 to 0.99725, saving model to models\surrogate_RP_simples_10000_LSTM_model_0.h5

Epoch 3: val_accuracy did not improve from 0.99725

Epoch 4: val_accuracy improved from 0.99725 to 1.00000, saving model to models\surrogate_RP_simples_10000_LSTM_model_0.h5

Epoch 5: val_accuracy did not improve from 1.00000

Epoch 6: val_accuracy did not improve from 1.00000

Epoch 7: val_accuracy did not improve from 1.00000

Epoch 8: val_accuracy did not improve from 1.00000

Epoch 9: val_accuracy did not improve from 1.00000
Epoch 9: early stopping
>#1: 100.000

Epoch 1: val_accuracy improved from -inf to 0.75388, saving model to models\surrogate_RP_simples_10000_LSTM_model_1.h5

Epoch 2: val_accuracy did not improve from 0.75388

Epoch 3: val_accuracy improved from 0.75388 to 1.00000, saving model to models\surrogate_RP_simples_10000_LSTM_model_1.h5

Epoch 4: val_accuracy did not improve from 1.00000

Epoch 5: val_accuracy did not improve from 1.00000

Epoch 6: val_accuracy did not improve from 1.00000

Epoch 7: val_accuracy did not improve from 1.00000

Epoch 8: val_accuracy did not improve from 1.00000
Epoch 8: early stopping
>#2: 100.000

Epoch 1: val_accuracy improved from -inf to 0.77900, saving model to models\surrogate_RP_simples_10000_LSTM_model_2.h5

Epoch 2: val_accuracy improved from 0.77900 to 1.00000, saving model to models\surrogate_RP_simples_10000_LSTM_model_2.h5

Epoch 3: val_accuracy did not improve from 1.00000

Epoch 4: val_accuracy did not improve from 1.00000

Epoch 5: val_accuracy did not improve from 1.00000

Epoch 6: val_accuracy did not improve from 1.00000

Epoch 7: val_accuracy did not improve from 1.00000
Epoch 7: early stopping
>#3: 100.000

Epoch 1: val_accuracy improved from -inf to 0.99913, saving model to models\surrogate_RP_simples_10000_LSTM_model_3.h5

Epoch 2: val_accuracy did not improve from 0.99913

Epoch 3: val_accuracy improved from 0.99913 to 1.00000, saving model to models\surrogate_RP_simples_10000_LSTM_model_3.h5

Epoch 4: val_accuracy did not improve from 1.00000

Epoch 5: val_accuracy did not improve from 1.00000

Epoch 6: val_accuracy did not improve from 1.00000

Epoch 7: val_accuracy did not improve from 1.00000

Epoch 8: val_accuracy did not improve from 1.00000
Epoch 8: early stopping
>#4: 100.000

Epoch 1: val_accuracy improved from -inf to 0.73112, saving model to models\surrogate_RP_simples_10000_LSTM_model_4.h5

Epoch 2: val_accuracy improved from 0.73112 to 1.00000, saving model to models\surrogate_RP_simples_10000_LSTM_model_4.h5

Epoch 3: val_accuracy did not improve from 1.00000

Epoch 4: val_accuracy did not improve from 1.00000

Epoch 5: val_accuracy did not improve from 1.00000

Epoch 6: val_accuracy did not improve from 1.00000

Epoch 7: val_accuracy did not improve from 1.00000
Epoch 7: early stopping
>#5: 100.000

Epoch 1: val_accuracy improved from -inf to 0.99950, saving model to models\surrogate_RP_simples_10000_LSTM_model_5.h5

Epoch 2: val_accuracy did not improve from 0.99950

Epoch 3: val_accuracy did not improve from 0.99950

Epoch 4: val_accuracy did not improve from 0.99950

Epoch 5: val_accuracy did not improve from 0.99950

Epoch 6: val_accuracy improved from 0.99950 to 1.00000, saving model to models\surrogate_RP_simples_10000_LSTM_model_5.h5

Epoch 7: val_accuracy did not improve from 1.00000

Epoch 8: val_accuracy did not improve from 1.00000

Epoch 9: val_accuracy did not improve from 1.00000

Epoch 10: val_accuracy did not improve from 1.00000

Epoch 11: val_accuracy did not improve from 1.00000
Epoch 11: early stopping
>#6: 100.000

Epoch 1: val_accuracy improved from -inf to 0.75700, saving model to models\surrogate_RP_simples_10000_LSTM_model_6.h5

Epoch 2: val_accuracy improved from 0.75700 to 0.84575, saving model to models\surrogate_RP_simples_10000_LSTM_model_6.h5

Epoch 3: val_accuracy improved from 0.84575 to 0.94187, saving model to models\surrogate_RP_simples_10000_LSTM_model_6.h5

Epoch 4: val_accuracy improved from 0.94187 to 0.99837, saving model to models\surrogate_RP_simples_10000_LSTM_model_6.h5

Epoch 5: val_accuracy improved from 0.99837 to 0.99913, saving model to models\surrogate_RP_simples_10000_LSTM_model_6.h5

Epoch 6: val_accuracy did not improve from 0.99913

Epoch 7: val_accuracy did not improve from 0.99913

Epoch 8: val_accuracy improved from 0.99913 to 1.00000, saving model to models\surrogate_RP_simples_10000_LSTM_model_6.h5

Epoch 9: val_accuracy did not improve from 1.00000

Epoch 10: val_accuracy did not improve from 1.00000

Epoch 11: val_accuracy did not improve from 1.00000

Epoch 12: val_accuracy did not improve from 1.00000

Epoch 13: val_accuracy did not improve from 1.00000
Epoch 13: early stopping
>#7: 100.000

Epoch 1: val_accuracy improved from -inf to 0.76300, saving model to models\surrogate_RP_simples_10000_LSTM_model_7.h5

Epoch 2: val_accuracy improved from 0.76300 to 0.78487, saving model to models\surrogate_RP_simples_10000_LSTM_model_7.h5

Epoch 3: val_accuracy improved from 0.78487 to 0.80525, saving model to models\surrogate_RP_simples_10000_LSTM_model_7.h5

Epoch 4: val_accuracy did not improve from 0.80525

Epoch 5: val_accuracy did not improve from 0.80525

Epoch 6: val_accuracy improved from 0.80525 to 1.00000, saving model to models\surrogate_RP_simples_10000_LSTM_model_7.h5

Epoch 7: val_accuracy did not improve from 1.00000

Epoch 8: val_accuracy did not improve from 1.00000

Epoch 9: val_accuracy did not improve from 1.00000

Epoch 10: val_accuracy did not improve from 1.00000

Epoch 11: val_accuracy did not improve from 1.00000
Epoch 11: early stopping
>#8: 100.000

Epoch 1: val_accuracy improved from -inf to 0.86537, saving model to models\surrogate_RP_simples_10000_LSTM_model_8.h5

Epoch 2: val_accuracy did not improve from 0.86537

Epoch 3: val_accuracy improved from 0.86537 to 0.99725, saving model to models\surrogate_RP_simples_10000_LSTM_model_8.h5

Epoch 4: val_accuracy improved from 0.99725 to 1.00000, saving model to models\surrogate_RP_simples_10000_LSTM_model_8.h5

Epoch 5: val_accuracy did not improve from 1.00000

Epoch 6: val_accuracy did not improve from 1.00000

Epoch 7: val_accuracy did not improve from 1.00000

Epoch 8: val_accuracy did not improve from 1.00000

Epoch 9: val_accuracy did not improve from 1.00000
Epoch 9: early stopping
>#9: 100.000

Epoch 1: val_accuracy improved from -inf to 0.99563, saving model to models\surrogate_RP_simples_10000_LSTM_model_9.h5

Epoch 2: val_accuracy improved from 0.99563 to 1.00000, saving model to models\surrogate_RP_simples_10000_LSTM_model_9.h5

Epoch 3: val_accuracy did not improve from 1.00000

Epoch 4: val_accuracy did not improve from 1.00000

Epoch 5: val_accuracy did not improve from 1.00000

Epoch 6: val_accuracy did not improve from 1.00000

Epoch 7: val_accuracy did not improve from 1.00000
Epoch 7: early stopping
>#10: 100.000
------------------ summarize results -------------------------
DL_model: LSTM_model
scores: [100.0, 100.0, 100.0, 100.0, 100.0, 100.0, 100.0, 100.0, 100.0, 100.0]
Accuracy mean (std): 100.000% (0.000)

Running time 481.2 seconds
------------------------------ 01 Completed ------------------------------

------------------------------ 02 Start Evaluation ------------------------------
surr_type: RP
simples: 10000
ID_train: S5_S4
DL_model: LSTM_model
repeats: 10

02_evaluation_performance directory already exists!
# 0 >> accuracy: 0.999875009059906
# 1 >> accuracy: 1.0
# 2 >> accuracy: 1.0
# 3 >> accuracy: 1.0
# 4 >> accuracy: 1.0
# 5 >> accuracy: 1.0
# 6 >> accuracy: 1.0
# 7 >> accuracy: 1.0
# 8 >> accuracy: 1.0
# 9 >> accuracy: 1.0
The results have been saved to a txt file: 02_evaluation_performance/evaluation_performance_surrogate_RP_simples_10000_LSTM_model_train_S5_S4.txt

Running time 70.4 seconds
------------------------------ 02 Completed Evaluation ------------------------------

------------------------------ 03 Start sliding windows ------------------------------
surr_type: RP
simples: 10000
ID_train: S5_S4
ID_test: S1
Variable_label: Mo
tsid: 2
features: 220
sw_width: 208

03_sliding_window_data directory already exists!
S1.shape: (416, 2)
success-> sliding_window_features_shape (real=(416-208+1, 220)):  (209, 220)
------------------------------ 03 Completed sliding windows ------------------------------

------------------------------ 04 Start predicate ------------------------------
surr_type: RP
simples: 10000
ID_train: S5_S4
ID_test: S1
DL_model: LSTM_model
repeats: 10

04_prediction_data directory already exists!
X_test.shape (209, 220)
X_test_array.shape:  (209, 220, 1)
--------------- prediction ... ---------------
y_pred_list.shape (209, 10)
------------------------------ 04 Completed predicate ------------------------------

------------------------------ 05 Start plots ------------------------------
surr_type: RP
simples: 10000
ID_train: S5_S4
ID_test: S1
Variable_label: Mo
DL_model: LSTM_model
sw_width: 208
tsid: 2

05_ews_data_and_figures directory already exists!
05_ews_data_and_figures/data directory already exists!
05_ews_data_and_figures/data/RP directory already exists!
05_ews_data_and_figures/figures directory already exists!
05_ews_data_and_figures/figures/RP directory already exists!

Record_Core: MS66
start_age, Transition, end_age: -20.481013 -10.5 -8.005155
sliding_window_S1: 208
------------------------------ 05 Completed plots ------------------------------

------------------------------ 07 Start ROC for dl ------------------------------
surr_type: RP
simples: 10000
ID_merge_tsid: [4,2]
DL_model: LSTM_model
repeats: 10
features: 220

07_roc_data_and_figures_sdml directory already exists!
07_roc_data_and_figures_sdml/data directory already exists!
07_roc_data_and_figures_sdml/data/RP directory already exists!
07_roc_data_and_figures_sdml/data/RP/ROC directory already exists!
07_roc_data_and_figures_sdml/figures directory already exists!
07_roc_data_and_figures_sdml/figures/RP directory already exists!

07_roc_data_and_figures_sdml/figures/RP/ROC directory already exists!

len_eval_pts = 20

----- 01 forced trajectories and compute EWS -----
Complete for forced tsid=4
Complete for forced tsid=2
----- 01 null trajectories and compute EWS -----
Complete for null tsid=4
Complete for null tsid=2
----- 02 Compute ROC curves -----
Exported ROC data to 07_roc_data_and_figures_sdml/data/RP/ROC/df_roc_surrogate_RP_simples_10000_LSTM_model_[4,2].csv
Exported ROC figure to 07_roc_data_and_figures_sdml/figures/RP/ROC/figure_roc_surrogate_RP_simples_10000_LSTM_model_[4,2].png
Ran in 50.73s
------------------------------ 07 Completed ROC for dl ------------------------------

------------------------------ 07 Start ROC for dl ------------------------------
surr_type: RP
simples: 10000
ID_merge_tsid: [8,6]
DL_model: LSTM_model
repeats: 10
features: 220

07_roc_data_and_figures_sdml directory already exists!
07_roc_data_and_figures_sdml/data directory already exists!
07_roc_data_and_figures_sdml/data/RP directory already exists!
07_roc_data_and_figures_sdml/data/RP/ROC directory already exists!
07_roc_data_and_figures_sdml/figures directory already exists!
07_roc_data_and_figures_sdml/figures/RP directory already exists!

07_roc_data_and_figures_sdml/figures/RP/ROC directory already exists!

len_eval_pts = 20

----- 01 forced trajectories and compute EWS -----
Complete for forced tsid=8
Complete for forced tsid=6
----- 01 null trajectories and compute EWS -----
Complete for null tsid=8
Complete for null tsid=6
----- 02 Compute ROC curves -----
Exported ROC data to 07_roc_data_and_figures_sdml/data/RP/ROC/df_roc_surrogate_RP_simples_10000_LSTM_model_[8,6].csv
Exported ROC figure to 07_roc_data_and_figures_sdml/figures/RP/ROC/figure_roc_surrogate_RP_simples_10000_LSTM_model_[8,6].png
Ran in 21.93s
------------------------------ 07 Completed ROC for dl ------------------------------

------------------------------ 07 Start ROC for dl ------------------------------
surr_type: RP
simples: 10000
ID_merge_tsid: [8,6,4,2]
DL_model: LSTM_model
repeats: 10
features: 220

07_roc_data_and_figures_sdml directory already exists!
07_roc_data_and_figures_sdml/data directory already exists!
07_roc_data_and_figures_sdml/data/RP directory already exists!
07_roc_data_and_figures_sdml/data/RP/ROC directory already exists!
07_roc_data_and_figures_sdml/figures directory already exists!
07_roc_data_and_figures_sdml/figures/RP directory already exists!

07_roc_data_and_figures_sdml/figures/RP/ROC directory already exists!

len_eval_pts = 20

----- 01 forced trajectories and compute EWS -----
Complete for forced tsid=8
Complete for forced tsid=6
Complete for forced tsid=4
Complete for forced tsid=2
----- 01 null trajectories and compute EWS -----
Complete for null tsid=8
Complete for null tsid=6
Complete for null tsid=4
Complete for null tsid=2
----- 02 Compute ROC curves -----
Exported ROC data to 07_roc_data_and_figures_sdml/data/RP/ROC/df_roc_surrogate_RP_simples_10000_LSTM_model_[8,6,4,2].csv
Exported ROC figure to 07_roc_data_and_figures_sdml/figures/RP/ROC/figure_roc_surrogate_RP_simples_10000_LSTM_model_[8,6,4,2].png
Ran in 33.73s
------------------------------ 07 Completed ROC for dl ------------------------------

------------------------------ 07 Start ROC for dl ------------------------------
surr_type: RP
simples: 10000
ID_merge_tsid: all
DL_model: LSTM_model
repeats: 10
features: 220

07_roc_data_and_figures_sdml directory already exists!
07_roc_data_and_figures_sdml/data directory already exists!
07_roc_data_and_figures_sdml/data/RP directory already exists!
07_roc_data_and_figures_sdml/data/RP/ROC directory already exists!
07_roc_data_and_figures_sdml/figures directory already exists!
07_roc_data_and_figures_sdml/figures/RP directory already exists!

07_roc_data_and_figures_sdml/figures/RP/ROC directory already exists!

len_eval_pts = 20

----- 01 forced trajectories and compute EWS -----
Complete for forced tsid=1
Complete for forced tsid=2
Complete for forced tsid=3
Complete for forced tsid=4
Complete for forced tsid=5
Complete for forced tsid=6
Complete for forced tsid=7
Complete for forced tsid=8
Complete for forced tsid=9
Complete for forced tsid=10
Complete for forced tsid=11
Complete for forced tsid=12
Complete for forced tsid=13
----- 01 null trajectories and compute EWS -----
Complete for null tsid=1
Complete for null tsid=2
Complete for null tsid=3
Complete for null tsid=4
Complete for null tsid=5
Complete for null tsid=6
Complete for null tsid=7
Complete for null tsid=8
Complete for null tsid=9
Complete for null tsid=10
Complete for null tsid=11
Complete for null tsid=12
Complete for null tsid=13
----- 02 Compute ROC curves -----
Exported ROC data to 07_roc_data_and_figures_sdml/data/RP/ROC/df_roc_surrogate_RP_simples_10000_LSTM_model_all.csv
Exported ROC figure to 07_roc_data_and_figures_sdml/figures/RP/ROC/figure_roc_surrogate_RP_simples_10000_LSTM_model_all.png
Ran in 91.97s
------------------------------ 07 Completed ROC for dl ------------------------------

------------------------------ 03 Start sliding windows ------------------------------
surr_type: RP
simples: 10000
ID_train: S5_S4
ID_test: S3
Variable_label: Mo
tsid: 4
features: 220
sw_width: 148

03_sliding_window_data directory already exists!
S3.shape: (297, 2)
success-> sliding_window_features_shape (real=(297-148+1, 220)):  (150, 220)
------------------------------ 03 Completed sliding windows ------------------------------

------------------------------ 04 Start predicate ------------------------------
surr_type: RP
simples: 10000
ID_train: S5_S4
ID_test: S3
DL_model: LSTM_model
repeats: 10

04_prediction_data directory already exists!
X_test.shape (150, 220)
X_test_array.shape:  (150, 220, 1)
--------------- prediction ... ---------------
y_pred_list.shape (150, 10)
------------------------------ 04 Completed predicate ------------------------------

------------------------------ 05 Start plots ------------------------------
surr_type: RP
simples: 10000
ID_train: S5_S4
ID_test: S3
Variable_label: Mo
DL_model: LSTM_model
sw_width: 148
tsid: 4

05_ews_data_and_figures directory already exists!
05_ews_data_and_figures/data directory already exists!
05_ews_data_and_figures/data/RP directory already exists!
05_ews_data_and_figures/figures directory already exists!
05_ews_data_and_figures/figures/RP directory already exists!

Record_Core: MS66
start_age, Transition, end_age: -95.770526 -85.8 -83.722374
sliding_window_S3: 148
------------------------------ 05 Completed plots ------------------------------

-------------------------------------------------------------------------------------
Using GPU for TensorFlow.
------------------------------ 01 Start run ------------------------------
Data_folder: MS66
surr_type: RP
simples: 10000
ID_train: S5_S4
DL_model: CNN_LSTM_model
repeats: 10

01_evaluation_data directory already exists!
models directory already exists!

full_path= G:/surrogate_data_based_machine_learning_v4.0.0/anoxia/01_data_preprocessing/02_extracte_and_generate_surrogate_dataset/MS66/data/merge_surrogate_RP_simples_10000_train_S5_S4.csv

Epoch 1: val_accuracy improved from -inf to 1.00000, saving model to models\surrogate_RP_simples_10000_CNN_LSTM_model_0.h5

Epoch 2: val_accuracy did not improve from 1.00000

Epoch 3: val_accuracy did not improve from 1.00000

Epoch 4: val_accuracy did not improve from 1.00000

Epoch 5: val_accuracy did not improve from 1.00000

Epoch 6: val_accuracy did not improve from 1.00000
Epoch 6: early stopping
>#1: 100.000

Epoch 1: val_accuracy improved from -inf to 1.00000, saving model to models\surrogate_RP_simples_10000_CNN_LSTM_model_1.h5

Epoch 2: val_accuracy did not improve from 1.00000

Epoch 3: val_accuracy did not improve from 1.00000

Epoch 4: val_accuracy did not improve from 1.00000

Epoch 5: val_accuracy did not improve from 1.00000

Epoch 6: val_accuracy did not improve from 1.00000
Epoch 6: early stopping
>#2: 100.000

Epoch 1: val_accuracy improved from -inf to 1.00000, saving model to models\surrogate_RP_simples_10000_CNN_LSTM_model_2.h5

Epoch 2: val_accuracy did not improve from 1.00000

Epoch 3: val_accuracy did not improve from 1.00000

Epoch 4: val_accuracy did not improve from 1.00000

Epoch 5: val_accuracy did not improve from 1.00000

Epoch 6: val_accuracy did not improve from 1.00000
Epoch 6: early stopping
>#3: 100.000

Epoch 1: val_accuracy improved from -inf to 1.00000, saving model to models\surrogate_RP_simples_10000_CNN_LSTM_model_3.h5

Epoch 2: val_accuracy did not improve from 1.00000

Epoch 3: val_accuracy did not improve from 1.00000

Epoch 4: val_accuracy did not improve from 1.00000

Epoch 5: val_accuracy did not improve from 1.00000

Epoch 6: val_accuracy did not improve from 1.00000
Epoch 6: early stopping
>#4: 100.000

Epoch 1: val_accuracy improved from -inf to 1.00000, saving model to models\surrogate_RP_simples_10000_CNN_LSTM_model_4.h5

Epoch 2: val_accuracy did not improve from 1.00000

Epoch 3: val_accuracy did not improve from 1.00000

Epoch 4: val_accuracy did not improve from 1.00000

Epoch 5: val_accuracy did not improve from 1.00000

Epoch 6: val_accuracy did not improve from 1.00000
Epoch 6: early stopping
>#5: 100.000

Epoch 1: val_accuracy improved from -inf to 1.00000, saving model to models\surrogate_RP_simples_10000_CNN_LSTM_model_5.h5

Epoch 2: val_accuracy did not improve from 1.00000

Epoch 3: val_accuracy did not improve from 1.00000

Epoch 4: val_accuracy did not improve from 1.00000

Epoch 5: val_accuracy did not improve from 1.00000

Epoch 6: val_accuracy did not improve from 1.00000
Epoch 6: early stopping
>#6: 100.000

Epoch 1: val_accuracy improved from -inf to 1.00000, saving model to models\surrogate_RP_simples_10000_CNN_LSTM_model_6.h5

Epoch 2: val_accuracy did not improve from 1.00000

Epoch 3: val_accuracy did not improve from 1.00000

Epoch 4: val_accuracy did not improve from 1.00000

Epoch 5: val_accuracy did not improve from 1.00000

Epoch 6: val_accuracy did not improve from 1.00000
Epoch 6: early stopping
>#7: 100.000

Epoch 1: val_accuracy improved from -inf to 1.00000, saving model to models\surrogate_RP_simples_10000_CNN_LSTM_model_7.h5

Epoch 2: val_accuracy did not improve from 1.00000

Epoch 3: val_accuracy did not improve from 1.00000

Epoch 4: val_accuracy did not improve from 1.00000

Epoch 5: val_accuracy did not improve from 1.00000

Epoch 6: val_accuracy did not improve from 1.00000
Epoch 6: early stopping
>#8: 100.000

Epoch 1: val_accuracy improved from -inf to 1.00000, saving model to models\surrogate_RP_simples_10000_CNN_LSTM_model_8.h5

Epoch 2: val_accuracy did not improve from 1.00000

Epoch 3: val_accuracy did not improve from 1.00000

Epoch 4: val_accuracy did not improve from 1.00000

Epoch 5: val_accuracy did not improve from 1.00000

Epoch 6: val_accuracy did not improve from 1.00000
Epoch 6: early stopping
>#9: 100.000

Epoch 1: val_accuracy improved from -inf to 1.00000, saving model to models\surrogate_RP_simples_10000_CNN_LSTM_model_9.h5

Epoch 2: val_accuracy did not improve from 1.00000

Epoch 3: val_accuracy did not improve from 1.00000

Epoch 4: val_accuracy did not improve from 1.00000

Epoch 5: val_accuracy did not improve from 1.00000

Epoch 6: val_accuracy did not improve from 1.00000
Epoch 6: early stopping
>#10: 100.000
------------------ summarize results -------------------------
DL_model: CNN_LSTM_model
scores: [100.0, 100.0, 100.0, 100.0, 100.0, 100.0, 100.0, 100.0, 100.0, 100.0]
Accuracy mean (std): 100.000% (0.000)

Running time 192.8 seconds
------------------------------ 01 Completed ------------------------------

------------------------------ 02 Start Evaluation ------------------------------
surr_type: RP
simples: 10000
ID_train: S5_S4
DL_model: CNN_LSTM_model
repeats: 10

02_evaluation_performance directory already exists!
# 0 >> accuracy: 1.0
# 1 >> accuracy: 1.0
# 2 >> accuracy: 1.0
# 3 >> accuracy: 1.0
# 4 >> accuracy: 1.0
# 5 >> accuracy: 1.0
# 6 >> accuracy: 0.999875009059906
# 7 >> accuracy: 1.0
# 8 >> accuracy: 1.0
# 9 >> accuracy: 1.0
The results have been saved to a txt file: 02_evaluation_performance/evaluation_performance_surrogate_RP_simples_10000_CNN_LSTM_model_train_S5_S4.txt

Running time 30.4 seconds
------------------------------ 02 Completed Evaluation ------------------------------

------------------------------ 03 Start sliding windows ------------------------------
surr_type: RP
simples: 10000
ID_train: S5_S4
ID_test: S1
Variable_label: Mo
tsid: 2
features: 220
sw_width: 208

03_sliding_window_data directory already exists!
S1.shape: (416, 2)
success-> sliding_window_features_shape (real=(416-208+1, 220)):  (209, 220)
------------------------------ 03 Completed sliding windows ------------------------------

------------------------------ 04 Start predicate ------------------------------
surr_type: RP
simples: 10000
ID_train: S5_S4
ID_test: S1
DL_model: CNN_LSTM_model
repeats: 10

04_prediction_data directory already exists!
X_test.shape (209, 220)
X_test_array.shape:  (209, 220, 1)
--------------- prediction ... ---------------
textX=(samples, steps, length, channels): (209, 10, 22, 1)
textX=(samples, steps, length, channels): (209, 10, 22, 1)
textX=(samples, steps, length, channels): (209, 10, 22, 1)
textX=(samples, steps, length, channels): (209, 10, 22, 1)
textX=(samples, steps, length, channels): (209, 10, 22, 1)
textX=(samples, steps, length, channels): (209, 10, 22, 1)
textX=(samples, steps, length, channels): (209, 10, 22, 1)
textX=(samples, steps, length, channels): (209, 10, 22, 1)
textX=(samples, steps, length, channels): (209, 10, 22, 1)
textX=(samples, steps, length, channels): (209, 10, 22, 1)
y_pred_list.shape (209, 10)
------------------------------ 04 Completed predicate ------------------------------

------------------------------ 05 Start plots ------------------------------
surr_type: RP
simples: 10000
ID_train: S5_S4
ID_test: S1
Variable_label: Mo
DL_model: CNN_LSTM_model
sw_width: 208
tsid: 2

05_ews_data_and_figures directory already exists!
05_ews_data_and_figures/data directory already exists!
05_ews_data_and_figures/data/RP directory already exists!
05_ews_data_and_figures/figures directory already exists!
05_ews_data_and_figures/figures/RP directory already exists!

Record_Core: MS66
start_age, Transition, end_age: -20.481013 -10.5 -8.005155
sliding_window_S1: 208
------------------------------ 05 Completed plots ------------------------------

------------------------------ 07 Start ROC for dl ------------------------------
surr_type: RP
simples: 10000
ID_merge_tsid: [4,2]
DL_model: CNN_LSTM_model
repeats: 10
features: 220

07_roc_data_and_figures_sdml directory already exists!
07_roc_data_and_figures_sdml/data directory already exists!
07_roc_data_and_figures_sdml/data/RP directory already exists!
07_roc_data_and_figures_sdml/data/RP/ROC directory already exists!
07_roc_data_and_figures_sdml/figures directory already exists!
07_roc_data_and_figures_sdml/figures/RP directory already exists!

07_roc_data_and_figures_sdml/figures/RP/ROC directory already exists!

len_eval_pts = 20

----- 01 forced trajectories and compute EWS -----
Complete for forced tsid=4
Complete for forced tsid=2
----- 01 null trajectories and compute EWS -----
Complete for null tsid=4
Complete for null tsid=2
----- 02 Compute ROC curves -----
Exported ROC data to 07_roc_data_and_figures_sdml/data/RP/ROC/df_roc_surrogate_RP_simples_10000_CNN_LSTM_model_[4,2].csv
Exported ROC figure to 07_roc_data_and_figures_sdml/figures/RP/ROC/figure_roc_surrogate_RP_simples_10000_CNN_LSTM_model_[4,2].png
Ran in 49.33s
------------------------------ 07 Completed ROC for dl ------------------------------

------------------------------ 07 Start ROC for dl ------------------------------
surr_type: RP
simples: 10000
ID_merge_tsid: [8,6]
DL_model: CNN_LSTM_model
repeats: 10
features: 220

07_roc_data_and_figures_sdml directory already exists!
07_roc_data_and_figures_sdml/data directory already exists!
07_roc_data_and_figures_sdml/data/RP directory already exists!
07_roc_data_and_figures_sdml/data/RP/ROC directory already exists!
07_roc_data_and_figures_sdml/figures directory already exists!
07_roc_data_and_figures_sdml/figures/RP directory already exists!

07_roc_data_and_figures_sdml/figures/RP/ROC directory already exists!

len_eval_pts = 20

----- 01 forced trajectories and compute EWS -----
Complete for forced tsid=8
Complete for forced tsid=6
----- 01 null trajectories and compute EWS -----
Complete for null tsid=8
Complete for null tsid=6
----- 02 Compute ROC curves -----
Exported ROC data to 07_roc_data_and_figures_sdml/data/RP/ROC/df_roc_surrogate_RP_simples_10000_CNN_LSTM_model_[8,6].csv
Exported ROC figure to 07_roc_data_and_figures_sdml/figures/RP/ROC/figure_roc_surrogate_RP_simples_10000_CNN_LSTM_model_[8,6].png
Ran in 49.32s
------------------------------ 07 Completed ROC for dl ------------------------------

------------------------------ 07 Start ROC for dl ------------------------------
surr_type: RP
simples: 10000
ID_merge_tsid: [8,6,4,2]
DL_model: CNN_LSTM_model
repeats: 10
features: 220

07_roc_data_and_figures_sdml directory already exists!
07_roc_data_and_figures_sdml/data directory already exists!
07_roc_data_and_figures_sdml/data/RP directory already exists!
07_roc_data_and_figures_sdml/data/RP/ROC directory already exists!
07_roc_data_and_figures_sdml/figures directory already exists!
07_roc_data_and_figures_sdml/figures/RP directory already exists!

07_roc_data_and_figures_sdml/figures/RP/ROC directory already exists!

len_eval_pts = 20

----- 01 forced trajectories and compute EWS -----
Complete for forced tsid=8
Complete for forced tsid=6
Complete for forced tsid=4
Complete for forced tsid=2
----- 01 null trajectories and compute EWS -----
Complete for null tsid=8
Complete for null tsid=6
Complete for null tsid=4
Complete for null tsid=2
----- 02 Compute ROC curves -----
Exported ROC data to 07_roc_data_and_figures_sdml/data/RP/ROC/df_roc_surrogate_RP_simples_10000_CNN_LSTM_model_[8,6,4,2].csv
Exported ROC figure to 07_roc_data_and_figures_sdml/figures/RP/ROC/figure_roc_surrogate_RP_simples_10000_CNN_LSTM_model_[8,6,4,2].png
Ran in 76.00s
------------------------------ 07 Completed ROC for dl ------------------------------

------------------------------ 07 Start ROC for dl ------------------------------
surr_type: RP
simples: 10000
ID_merge_tsid: all
DL_model: CNN_LSTM_model
repeats: 10
features: 220

07_roc_data_and_figures_sdml directory already exists!
07_roc_data_and_figures_sdml/data directory already exists!
07_roc_data_and_figures_sdml/data/RP directory already exists!
07_roc_data_and_figures_sdml/data/RP/ROC directory already exists!
07_roc_data_and_figures_sdml/figures directory already exists!
07_roc_data_and_figures_sdml/figures/RP directory already exists!

07_roc_data_and_figures_sdml/figures/RP/ROC directory already exists!

len_eval_pts = 20

----- 01 forced trajectories and compute EWS -----
Complete for forced tsid=1
Complete for forced tsid=2
Complete for forced tsid=3
Complete for forced tsid=4
Complete for forced tsid=5
Complete for forced tsid=6
Complete for forced tsid=7
Complete for forced tsid=8
Complete for forced tsid=9
Complete for forced tsid=10
Complete for forced tsid=11
Complete for forced tsid=12
Complete for forced tsid=13
----- 01 null trajectories and compute EWS -----
Complete for null tsid=1
Complete for null tsid=2
Complete for null tsid=3
Complete for null tsid=4
Complete for null tsid=5
Complete for null tsid=6
Complete for null tsid=7
Complete for null tsid=8
Complete for null tsid=9
Complete for null tsid=10
Complete for null tsid=11
Complete for null tsid=12
Complete for null tsid=13
----- 02 Compute ROC curves -----
Exported ROC data to 07_roc_data_and_figures_sdml/data/RP/ROC/df_roc_surrogate_RP_simples_10000_CNN_LSTM_model_all.csv
Exported ROC figure to 07_roc_data_and_figures_sdml/figures/RP/ROC/figure_roc_surrogate_RP_simples_10000_CNN_LSTM_model_all.png
Ran in 195.98s
------------------------------ 07 Completed ROC for dl ------------------------------

------------------------------ 03 Start sliding windows ------------------------------
surr_type: RP
simples: 10000
ID_train: S5_S4
ID_test: S3
Variable_label: Mo
tsid: 4
features: 220
sw_width: 148

03_sliding_window_data directory already exists!
S3.shape: (297, 2)
success-> sliding_window_features_shape (real=(297-148+1, 220)):  (150, 220)
------------------------------ 03 Completed sliding windows ------------------------------

------------------------------ 04 Start predicate ------------------------------
surr_type: RP
simples: 10000
ID_train: S5_S4
ID_test: S3
DL_model: CNN_LSTM_model
repeats: 10

04_prediction_data directory already exists!
X_test.shape (150, 220)
X_test_array.shape:  (150, 220, 1)
--------------- prediction ... ---------------
textX=(samples, steps, length, channels): (150, 10, 22, 1)
textX=(samples, steps, length, channels): (150, 10, 22, 1)
textX=(samples, steps, length, channels): (150, 10, 22, 1)
textX=(samples, steps, length, channels): (150, 10, 22, 1)
textX=(samples, steps, length, channels): (150, 10, 22, 1)
textX=(samples, steps, length, channels): (150, 10, 22, 1)
textX=(samples, steps, length, channels): (150, 10, 22, 1)
textX=(samples, steps, length, channels): (150, 10, 22, 1)
textX=(samples, steps, length, channels): (150, 10, 22, 1)
textX=(samples, steps, length, channels): (150, 10, 22, 1)
y_pred_list.shape (150, 10)
------------------------------ 04 Completed predicate ------------------------------

------------------------------ 05 Start plots ------------------------------
surr_type: RP
simples: 10000
ID_train: S5_S4
ID_test: S3
Variable_label: Mo
DL_model: CNN_LSTM_model
sw_width: 148
tsid: 4

05_ews_data_and_figures directory already exists!
05_ews_data_and_figures/data directory already exists!
05_ews_data_and_figures/data/RP directory already exists!
05_ews_data_and_figures/figures directory already exists!
05_ews_data_and_figures/figures/RP directory already exists!

Record_Core: MS66
start_age, Transition, end_age: -95.770526 -85.8 -83.722374
sliding_window_S3: 148
------------------------------ 05 Completed plots ------------------------------

-------------------------------------------------------------------------------------
Using GPU for TensorFlow.
------------------------------ 01 Start run ------------------------------
Data_folder: MS66
surr_type: RP
simples: 10000
ID_train: S5_S4
DL_model: ConvLSTM_model
repeats: 10

01_evaluation_data directory already exists!
models directory already exists!

full_path= G:/surrogate_data_based_machine_learning_v4.0.0/anoxia/01_data_preprocessing/02_extracte_and_generate_surrogate_dataset/MS66/data/merge_surrogate_RP_simples_10000_train_S5_S4.csv

Epoch 1: val_accuracy improved from -inf to 1.00000, saving model to models\surrogate_RP_simples_10000_ConvLSTM_model_0.h5

Epoch 2: val_accuracy did not improve from 1.00000

Epoch 3: val_accuracy did not improve from 1.00000

Epoch 4: val_accuracy did not improve from 1.00000

Epoch 5: val_accuracy did not improve from 1.00000

Epoch 6: val_accuracy did not improve from 1.00000
Epoch 6: early stopping
>#1: 100.000

Epoch 1: val_accuracy improved from -inf to 1.00000, saving model to models\surrogate_RP_simples_10000_ConvLSTM_model_1.h5

Epoch 2: val_accuracy did not improve from 1.00000

Epoch 3: val_accuracy did not improve from 1.00000

Epoch 4: val_accuracy did not improve from 1.00000

Epoch 5: val_accuracy did not improve from 1.00000

Epoch 6: val_accuracy did not improve from 1.00000
Epoch 6: early stopping
>#2: 100.000

Epoch 1: val_accuracy improved from -inf to 1.00000, saving model to models\surrogate_RP_simples_10000_ConvLSTM_model_2.h5

Epoch 2: val_accuracy did not improve from 1.00000

Epoch 3: val_accuracy did not improve from 1.00000

Epoch 4: val_accuracy did not improve from 1.00000

Epoch 5: val_accuracy did not improve from 1.00000

Epoch 6: val_accuracy did not improve from 1.00000
Epoch 6: early stopping
>#3: 100.000

Epoch 1: val_accuracy improved from -inf to 1.00000, saving model to models\surrogate_RP_simples_10000_ConvLSTM_model_3.h5

Epoch 2: val_accuracy did not improve from 1.00000

Epoch 3: val_accuracy did not improve from 1.00000

Epoch 4: val_accuracy did not improve from 1.00000

Epoch 5: val_accuracy did not improve from 1.00000

Epoch 6: val_accuracy did not improve from 1.00000
Epoch 6: early stopping
>#4: 100.000

Epoch 1: val_accuracy improved from -inf to 1.00000, saving model to models\surrogate_RP_simples_10000_ConvLSTM_model_4.h5

Epoch 2: val_accuracy did not improve from 1.00000

Epoch 3: val_accuracy did not improve from 1.00000

Epoch 4: val_accuracy did not improve from 1.00000

Epoch 5: val_accuracy did not improve from 1.00000

Epoch 6: val_accuracy did not improve from 1.00000
Epoch 6: early stopping
>#5: 100.000

Epoch 1: val_accuracy improved from -inf to 1.00000, saving model to models\surrogate_RP_simples_10000_ConvLSTM_model_5.h5

Epoch 2: val_accuracy did not improve from 1.00000

Epoch 3: val_accuracy did not improve from 1.00000

Epoch 4: val_accuracy did not improve from 1.00000

Epoch 5: val_accuracy did not improve from 1.00000

Epoch 6: val_accuracy did not improve from 1.00000
Epoch 6: early stopping
>#6: 100.000

Epoch 1: val_accuracy improved from -inf to 1.00000, saving model to models\surrogate_RP_simples_10000_ConvLSTM_model_6.h5

Epoch 2: val_accuracy did not improve from 1.00000

Epoch 3: val_accuracy did not improve from 1.00000

Epoch 4: val_accuracy did not improve from 1.00000

Epoch 5: val_accuracy did not improve from 1.00000

Epoch 6: val_accuracy did not improve from 1.00000
Epoch 6: early stopping
>#7: 100.000

Epoch 1: val_accuracy improved from -inf to 1.00000, saving model to models\surrogate_RP_simples_10000_ConvLSTM_model_7.h5

Epoch 2: val_accuracy did not improve from 1.00000

Epoch 3: val_accuracy did not improve from 1.00000

Epoch 4: val_accuracy did not improve from 1.00000

Epoch 5: val_accuracy did not improve from 1.00000

Epoch 6: val_accuracy did not improve from 1.00000
Epoch 6: early stopping
>#8: 100.000

Epoch 1: val_accuracy improved from -inf to 1.00000, saving model to models\surrogate_RP_simples_10000_ConvLSTM_model_8.h5

Epoch 2: val_accuracy did not improve from 1.00000

Epoch 3: val_accuracy did not improve from 1.00000

Epoch 4: val_accuracy did not improve from 1.00000

Epoch 5: val_accuracy did not improve from 1.00000

Epoch 6: val_accuracy did not improve from 1.00000
Epoch 6: early stopping
>#9: 100.000

Epoch 1: val_accuracy improved from -inf to 1.00000, saving model to models\surrogate_RP_simples_10000_ConvLSTM_model_9.h5

Epoch 2: val_accuracy did not improve from 1.00000

Epoch 3: val_accuracy did not improve from 1.00000

Epoch 4: val_accuracy did not improve from 1.00000

Epoch 5: val_accuracy did not improve from 1.00000

Epoch 6: val_accuracy did not improve from 1.00000
Epoch 6: early stopping
>#10: 100.000
------------------ summarize results -------------------------
DL_model: ConvLSTM_model
scores: [100.0, 100.0, 100.0, 100.0, 100.0, 100.0, 100.0, 100.0, 100.0, 100.0]
Accuracy mean (std): 100.000% (0.000)

Running time 828.5 seconds
------------------------------ 01 Completed ------------------------------

------------------------------ 02 Start Evaluation ------------------------------
surr_type: RP
simples: 10000
ID_train: S5_S4
DL_model: ConvLSTM_model
repeats: 10

02_evaluation_performance directory already exists!
# 0 >> accuracy: 1.0
# 1 >> accuracy: 1.0
# 2 >> accuracy: 1.0
# 3 >> accuracy: 1.0
# 4 >> accuracy: 1.0
# 5 >> accuracy: 1.0
# 6 >> accuracy: 1.0
# 7 >> accuracy: 1.0
# 8 >> accuracy: 1.0
# 9 >> accuracy: 1.0
The results have been saved to a txt file: 02_evaluation_performance/evaluation_performance_surrogate_RP_simples_10000_ConvLSTM_model_train_S5_S4.txt

Running time 57.9 seconds
------------------------------ 02 Completed Evaluation ------------------------------

------------------------------ 03 Start sliding windows ------------------------------
surr_type: RP
simples: 10000
ID_train: S5_S4
ID_test: S1
Variable_label: Mo
tsid: 2
features: 220
sw_width: 208

03_sliding_window_data directory already exists!
S1.shape: (416, 2)
success-> sliding_window_features_shape (real=(416-208+1, 220)):  (209, 220)
------------------------------ 03 Completed sliding windows ------------------------------

------------------------------ 04 Start predicate ------------------------------
surr_type: RP
simples: 10000
ID_train: S5_S4
ID_test: S1
DL_model: ConvLSTM_model
repeats: 10

04_prediction_data directory already exists!
X_test.shape (209, 220)
X_test_array.shape:  (209, 220, 1)
--------------- prediction ... ---------------
textX=(samples, time steps, rows, cols, channels): (209, 10, 1, 22, 1)
textX=(samples, time steps, rows, cols, channels): (209, 10, 1, 22, 1)
textX=(samples, time steps, rows, cols, channels): (209, 10, 1, 22, 1)
textX=(samples, time steps, rows, cols, channels): (209, 10, 1, 22, 1)
textX=(samples, time steps, rows, cols, channels): (209, 10, 1, 22, 1)
textX=(samples, time steps, rows, cols, channels): (209, 10, 1, 22, 1)
textX=(samples, time steps, rows, cols, channels): (209, 10, 1, 22, 1)
textX=(samples, time steps, rows, cols, channels): (209, 10, 1, 22, 1)
textX=(samples, time steps, rows, cols, channels): (209, 10, 1, 22, 1)
textX=(samples, time steps, rows, cols, channels): (209, 10, 1, 22, 1)
y_pred_list.shape (209, 10)
------------------------------ 04 Completed predicate ------------------------------

------------------------------ 05 Start plots ------------------------------
surr_type: RP
simples: 10000
ID_train: S5_S4
ID_test: S1
Variable_label: Mo
DL_model: ConvLSTM_model
sw_width: 208
tsid: 2

05_ews_data_and_figures directory already exists!
05_ews_data_and_figures/data directory already exists!
05_ews_data_and_figures/data/RP directory already exists!
05_ews_data_and_figures/figures directory already exists!
05_ews_data_and_figures/figures/RP directory already exists!

Record_Core: MS66
start_age, Transition, end_age: -20.481013 -10.5 -8.005155
sliding_window_S1: 208
------------------------------ 05 Completed plots ------------------------------

------------------------------ 07 Start ROC for dl ------------------------------
surr_type: RP
simples: 10000
ID_merge_tsid: [4,2]
DL_model: ConvLSTM_model
repeats: 10
features: 220

07_roc_data_and_figures_sdml directory already exists!
07_roc_data_and_figures_sdml/data directory already exists!
07_roc_data_and_figures_sdml/data/RP directory already exists!
07_roc_data_and_figures_sdml/data/RP/ROC directory already exists!
07_roc_data_and_figures_sdml/figures directory already exists!
07_roc_data_and_figures_sdml/figures/RP directory already exists!

07_roc_data_and_figures_sdml/figures/RP/ROC directory already exists!

len_eval_pts = 20

----- 01 forced trajectories and compute EWS -----
Complete for forced tsid=4
Complete for forced tsid=2
----- 01 null trajectories and compute EWS -----
Complete for null tsid=4
Complete for null tsid=2
----- 02 Compute ROC curves -----
Exported ROC data to 07_roc_data_and_figures_sdml/data/RP/ROC/df_roc_surrogate_RP_simples_10000_ConvLSTM_model_[4,2].csv
Exported ROC figure to 07_roc_data_and_figures_sdml/figures/RP/ROC/figure_roc_surrogate_RP_simples_10000_ConvLSTM_model_[4,2].png
Ran in 16.93s
------------------------------ 07 Completed ROC for dl ------------------------------

------------------------------ 07 Start ROC for dl ------------------------------
surr_type: RP
simples: 10000
ID_merge_tsid: [8,6]
DL_model: ConvLSTM_model
repeats: 10
features: 220

07_roc_data_and_figures_sdml directory already exists!
07_roc_data_and_figures_sdml/data directory already exists!
07_roc_data_and_figures_sdml/data/RP directory already exists!
07_roc_data_and_figures_sdml/data/RP/ROC directory already exists!
07_roc_data_and_figures_sdml/figures directory already exists!
07_roc_data_and_figures_sdml/figures/RP directory already exists!

07_roc_data_and_figures_sdml/figures/RP/ROC directory already exists!

len_eval_pts = 20

----- 01 forced trajectories and compute EWS -----
Complete for forced tsid=8
Complete for forced tsid=6
----- 01 null trajectories and compute EWS -----
Complete for null tsid=8
Complete for null tsid=6
----- 02 Compute ROC curves -----
Exported ROC data to 07_roc_data_and_figures_sdml/data/RP/ROC/df_roc_surrogate_RP_simples_10000_ConvLSTM_model_[8,6].csv
Exported ROC figure to 07_roc_data_and_figures_sdml/figures/RP/ROC/figure_roc_surrogate_RP_simples_10000_ConvLSTM_model_[8,6].png
Ran in 16.75s
------------------------------ 07 Completed ROC for dl ------------------------------

------------------------------ 07 Start ROC for dl ------------------------------
surr_type: RP
simples: 10000
ID_merge_tsid: [8,6,4,2]
DL_model: ConvLSTM_model
repeats: 10
features: 220

07_roc_data_and_figures_sdml directory already exists!
07_roc_data_and_figures_sdml/data directory already exists!
07_roc_data_and_figures_sdml/data/RP directory already exists!
07_roc_data_and_figures_sdml/data/RP/ROC directory already exists!
07_roc_data_and_figures_sdml/figures directory already exists!
07_roc_data_and_figures_sdml/figures/RP directory already exists!

07_roc_data_and_figures_sdml/figures/RP/ROC directory already exists!

len_eval_pts = 20

----- 01 forced trajectories and compute EWS -----
Complete for forced tsid=8
Complete for forced tsid=6
Complete for forced tsid=4
Complete for forced tsid=2
----- 01 null trajectories and compute EWS -----
Complete for null tsid=8
Complete for null tsid=6
Complete for null tsid=4
Complete for null tsid=2
----- 02 Compute ROC curves -----
Exported ROC data to 07_roc_data_and_figures_sdml/data/RP/ROC/df_roc_surrogate_RP_simples_10000_ConvLSTM_model_[8,6,4,2].csv
Exported ROC figure to 07_roc_data_and_figures_sdml/figures/RP/ROC/figure_roc_surrogate_RP_simples_10000_ConvLSTM_model_[8,6,4,2].png
Ran in 25.48s
------------------------------ 07 Completed ROC for dl ------------------------------

------------------------------ 07 Start ROC for dl ------------------------------
surr_type: RP
simples: 10000
ID_merge_tsid: all
DL_model: ConvLSTM_model
repeats: 10
features: 220

07_roc_data_and_figures_sdml directory already exists!
07_roc_data_and_figures_sdml/data directory already exists!
07_roc_data_and_figures_sdml/data/RP directory already exists!
07_roc_data_and_figures_sdml/data/RP/ROC directory already exists!
07_roc_data_and_figures_sdml/figures directory already exists!
07_roc_data_and_figures_sdml/figures/RP directory already exists!

07_roc_data_and_figures_sdml/figures/RP/ROC directory already exists!

len_eval_pts = 20

----- 01 forced trajectories and compute EWS -----
Complete for forced tsid=1
Complete for forced tsid=2
Complete for forced tsid=3
Complete for forced tsid=4
Complete for forced tsid=5
Complete for forced tsid=6
Complete for forced tsid=7
Complete for forced tsid=8
Complete for forced tsid=9
Complete for forced tsid=10
Complete for forced tsid=11
Complete for forced tsid=12
Complete for forced tsid=13
----- 01 null trajectories and compute EWS -----
Complete for null tsid=1
Complete for null tsid=2
Complete for null tsid=3
Complete for null tsid=4
Complete for null tsid=5
Complete for null tsid=6
Complete for null tsid=7
Complete for null tsid=8
Complete for null tsid=9
Complete for null tsid=10
Complete for null tsid=11
Complete for null tsid=12
Complete for null tsid=13
----- 02 Compute ROC curves -----
Exported ROC data to 07_roc_data_and_figures_sdml/data/RP/ROC/df_roc_surrogate_RP_simples_10000_ConvLSTM_model_all.csv
Exported ROC figure to 07_roc_data_and_figures_sdml/figures/RP/ROC/figure_roc_surrogate_RP_simples_10000_ConvLSTM_model_all.png
Ran in 68.76s
------------------------------ 07 Completed ROC for dl ------------------------------

------------------------------ 03 Start sliding windows ------------------------------
surr_type: RP
simples: 10000
ID_train: S5_S4
ID_test: S3
Variable_label: Mo
tsid: 4
features: 220
sw_width: 148

03_sliding_window_data directory already exists!
S3.shape: (297, 2)
success-> sliding_window_features_shape (real=(297-148+1, 220)):  (150, 220)
------------------------------ 03 Completed sliding windows ------------------------------

------------------------------ 04 Start predicate ------------------------------
surr_type: RP
simples: 10000
ID_train: S5_S4
ID_test: S3
DL_model: ConvLSTM_model
repeats: 10

04_prediction_data directory already exists!
X_test.shape (150, 220)
X_test_array.shape:  (150, 220, 1)
--------------- prediction ... ---------------
textX=(samples, time steps, rows, cols, channels): (150, 10, 1, 22, 1)
textX=(samples, time steps, rows, cols, channels): (150, 10, 1, 22, 1)
textX=(samples, time steps, rows, cols, channels): (150, 10, 1, 22, 1)
textX=(samples, time steps, rows, cols, channels): (150, 10, 1, 22, 1)
textX=(samples, time steps, rows, cols, channels): (150, 10, 1, 22, 1)
textX=(samples, time steps, rows, cols, channels): (150, 10, 1, 22, 1)
textX=(samples, time steps, rows, cols, channels): (150, 10, 1, 22, 1)
textX=(samples, time steps, rows, cols, channels): (150, 10, 1, 22, 1)
textX=(samples, time steps, rows, cols, channels): (150, 10, 1, 22, 1)
textX=(samples, time steps, rows, cols, channels): (150, 10, 1, 22, 1)
y_pred_list.shape (150, 10)
------------------------------ 04 Completed predicate ------------------------------

------------------------------ 05 Start plots ------------------------------
surr_type: RP
simples: 10000
ID_train: S5_S4
ID_test: S3
Variable_label: Mo
DL_model: ConvLSTM_model
sw_width: 148
tsid: 4

05_ews_data_and_figures directory already exists!
05_ews_data_and_figures/data directory already exists!
05_ews_data_and_figures/data/RP directory already exists!
05_ews_data_and_figures/figures directory already exists!
05_ews_data_and_figures/figures/RP directory already exists!

Record_Core: MS66
start_age, Transition, end_age: -95.770526 -85.8 -83.722374
sliding_window_S3: 148
------------------------------ 05 Completed plots ------------------------------

---------------------------- complete end ----------------------------
