---------------------------- Run start python scripts -----------------------------
-------------------------------------------------------------------------------------
------------------------------ 01 Start run ------------------------------
Data_folder: MS66
surr_type: AAFT
simples: 1000
ID_train: S5_S4
ML_model: SVM_model
repeats: 10

01_evaluation_data directory already exists!
models directory already exists!

>#1: [100. 100. 100. 100. 100. 100. 100. 100. 100. 100. 100. 100. 100. 100.
 100.]
>#2: [100. 100. 100. 100. 100. 100. 100. 100. 100. 100. 100. 100. 100. 100.
 100.]
>#3: [100. 100. 100. 100. 100. 100. 100. 100. 100. 100. 100. 100. 100. 100.
 100.]
>#4: [100. 100. 100. 100. 100. 100. 100. 100. 100. 100. 100. 100. 100. 100.
 100.]
>#5: [100. 100. 100. 100. 100. 100. 100. 100. 100. 100. 100. 100. 100. 100.
 100.]
>#6: [100. 100. 100. 100. 100. 100. 100. 100. 100. 100. 100. 100. 100. 100.
 100.]
>#7: [100. 100. 100. 100. 100. 100. 100. 100. 100. 100. 100. 100. 100. 100.
 100.]
>#8: [100. 100. 100. 100. 100. 100. 100. 100. 100. 100. 100. 100. 100. 100.
 100.]
>#9: [100. 100. 100. 100. 100. 100. 100. 100. 100. 100. 100. 100. 100. 100.
 100.]
>#10: [100. 100. 100. 100. 100. 100. 100. 100. 100. 100. 100. 100. 100. 100.
 100.]
------------------ summarize results -------------------------
ML_model: SVM_model
scores: [array([100., 100., 100., 100., 100., 100., 100., 100., 100., 100., 100.,
       100., 100., 100., 100.]), array([100., 100., 100., 100., 100., 100., 100., 100., 100., 100., 100.,
       100., 100., 100., 100.]), array([100., 100., 100., 100., 100., 100., 100., 100., 100., 100., 100.,
       100., 100., 100., 100.]), array([100., 100., 100., 100., 100., 100., 100., 100., 100., 100., 100.,
       100., 100., 100., 100.]), array([100., 100., 100., 100., 100., 100., 100., 100., 100., 100., 100.,
       100., 100., 100., 100.]), array([100., 100., 100., 100., 100., 100., 100., 100., 100., 100., 100.,
       100., 100., 100., 100.]), array([100., 100., 100., 100., 100., 100., 100., 100., 100., 100., 100.,
       100., 100., 100., 100.]), array([100., 100., 100., 100., 100., 100., 100., 100., 100., 100., 100.,
       100., 100., 100., 100.]), array([100., 100., 100., 100., 100., 100., 100., 100., 100., 100., 100.,
       100., 100., 100., 100.]), array([100., 100., 100., 100., 100., 100., 100., 100., 100., 100., 100.,
       100., 100., 100., 100.])]
Accuracy mean (std): 100.000% (0.000)

Running time 29.9 seconds
------------------------------ 01 Completed ------------------------------

------------------------------ 02 Start Evaluation ------------------------------
surr_type: AAFT
simples: 1000
ID_train: S5_S4
ML_model: SVM_model
repeats: 10

02_evaluation_performance directory already exists!
The results have been saved to a txt file: 02_evaluation_performance/evaluation_performance_surrogate_AAFT_simples_1000_SVM_model_train_S5_S4.txt

Running time 1.4 seconds
------------------------------ 02 Completed Evaluation ------------------------------

------------------------------ 03 Start sliding windows ------------------------------
surr_type: AAFT
simples: 1000
ID_train: S5_S4
ID_test: S1
Variable_label: Mo
tsid: 2
features: 220
sw_width: 208

03_sliding_window_data directory already exists!
S1.shape: (416, 2)
success-> sliding_window_features_shape (real=(416-208+1, 220)):  (209, 220)
------------------------------ 03 Completed sliding windows ------------------------------

------------------------------ 04 Start predicate ------------------------------
surr_type: AAFT
simples: 1000
ID_train: S5_S4
ID_test: S1
ML_model: SVM_model
repeats: 10

04_prediction_data directory already exists!
df_X_test.shape (209, 220)
----------------------- prediction ... -----------------------
y_pred_list.shape: (209, 1)
y_pred_list.shape: (209, 2)
y_pred_list.shape: (209, 3)
y_pred_list.shape: (209, 4)
y_pred_list.shape: (209, 5)
y_pred_list.shape: (209, 6)
y_pred_list.shape: (209, 7)
y_pred_list.shape: (209, 8)
y_pred_list.shape: (209, 9)
y_pred_list.shape: (209, 10)
------------------------------ 04 Completed predicate ------------------------------

------------------------------ 05 Start plots ------------------------------
surr_type: AAFT
simples: 1000
ID_train: S5_S4
ID_test: S1
Variable_label: Mo
ML_model: SVM_model
sw_width: 208
tsid: 2

05_ews_data_and_figures directory already exists!
05_ews_data_and_figures/data directory already exists!
05_ews_data_and_figures/figures directory already exists!
Record_Core: MS66
start_age, Transition, end_age: -20.481013 -10.5 -8.005155
sliding_window_S1: 208
------------------------------ 05 Completed plots ------------------------------

------------------------------ 06 Start ROC for variance and lag-1 autocorrelation ------------------------------
surr_type: AAFT
simples: 1000
ID_merge_tsid: [4,2]
ML_model: SVM_model
repeats: 10
features: 220

06_roc_data_and_figures_var_corr directory already exists!
06_roc_data_and_figures_var_corr/data directory already exists!
06_roc_data_and_figures_var_corr/data/ROC directory already exists!
06_roc_data_and_figures_var_corr/figures directory already exists!
06_roc_data_and_figures_var_corr/figures/ROC directory already exists!
len_eval_pts= 20

----- 01 forced trajectories and compute EWS -----
Complete for forced tsid=4
Complete for forced tsid=2
----- 01 null trajectories and compute EWS -----
Complete for null tsid=4
Complete for null tsid=2
----- 02 Compute ROC curves -----
Exported ROC data to 06_roc_data_and_figures_var_corr/data/ROC/df_roc_var_corr_[4,2].csv
Exported ROC figure to 06_roc_data_and_figures_var_corr/figures/ROC/figure_roc_var_corr_[4,2].png
Ran in 1.42s
------------------------------ 06 Completed ROC for variance and lag-1 autocorrelation ------------------------------

------------------------------ 07 Start ROC for ml ------------------------------
surr_type: AAFT
simples: 1000
ID_merge_tsid: [4,2]
ML_model: SVM_model
repeats: 10
features: 220

07_roc_data_and_figures_sdml directory already exists!
07_roc_data_and_figures_sdml/data directory already exists!
07_roc_data_and_figures_sdml/figures directory already exists!
len_eval_pts = 20

----- 01 forced trajectories and compute EWS -----
Complete for forced tsid=4
Complete for forced tsid=2
----- 01 null trajectories and compute EWS -----
Complete for null tsid=4
Complete for null tsid=2
----- 02 Compute ROC curves -----
Exported ROC data to 07_roc_data_and_figures_sdml/data/AAFT/ROC/df_roc_surrogate_AAFT_simples_1000_SVM_model_[4,2].csv
Exported ROC figure to 07_roc_data_and_figures_sdml/figures/AAFT/ROC/figure_roc_surrogate_AAFT_simples_1000_SVM_model_[4,2].png
Ran in 1.43s
------------------------------ 07 Completed ROC for ml ------------------------------

------------------------------ 06 Start ROC for variance and lag-1 autocorrelation ------------------------------
surr_type: AAFT
simples: 1000
ID_merge_tsid: [8,6]
ML_model: SVM_model
repeats: 10
features: 220

06_roc_data_and_figures_var_corr directory already exists!
06_roc_data_and_figures_var_corr/data directory already exists!
06_roc_data_and_figures_var_corr/data/ROC directory already exists!
06_roc_data_and_figures_var_corr/figures directory already exists!
06_roc_data_and_figures_var_corr/figures/ROC directory already exists!
len_eval_pts= 20

----- 01 forced trajectories and compute EWS -----
Complete for forced tsid=8
Complete for forced tsid=6
----- 01 null trajectories and compute EWS -----
Complete for null tsid=8
Complete for null tsid=6
----- 02 Compute ROC curves -----
Exported ROC data to 06_roc_data_and_figures_var_corr/data/ROC/df_roc_var_corr_[8,6].csv
Exported ROC figure to 06_roc_data_and_figures_var_corr/figures/ROC/figure_roc_var_corr_[8,6].png
Ran in 1.43s
------------------------------ 06 Completed ROC for variance and lag-1 autocorrelation ------------------------------

------------------------------ 07 Start ROC for ml ------------------------------
surr_type: AAFT
simples: 1000
ID_merge_tsid: [8,6]
ML_model: SVM_model
repeats: 10
features: 220

07_roc_data_and_figures_sdml directory already exists!
07_roc_data_and_figures_sdml/data directory already exists!
07_roc_data_and_figures_sdml/data/AAFT directory already exists!
07_roc_data_and_figures_sdml/data/AAFT/ROC directory already exists!
07_roc_data_and_figures_sdml/figures directory already exists!
07_roc_data_and_figures_sdml/figures/AAFT directory already exists!

07_roc_data_and_figures_sdml/figures/AAFT/ROC directory already exists!

len_eval_pts = 20

----- 01 forced trajectories and compute EWS -----
Complete for forced tsid=8
Complete for forced tsid=6
----- 01 null trajectories and compute EWS -----
Complete for null tsid=8
Complete for null tsid=6
----- 02 Compute ROC curves -----
Exported ROC data to 07_roc_data_and_figures_sdml/data/AAFT/ROC/df_roc_surrogate_AAFT_simples_1000_SVM_model_[8,6].csv
Exported ROC figure to 07_roc_data_and_figures_sdml/figures/AAFT/ROC/figure_roc_surrogate_AAFT_simples_1000_SVM_model_[8,6].png
Ran in 1.47s
------------------------------ 07 Completed ROC for ml ------------------------------

------------------------------ 06 Start ROC for variance and lag-1 autocorrelation ------------------------------
surr_type: AAFT
simples: 1000
ID_merge_tsid: [8,6,4,2]
ML_model: SVM_model
repeats: 10
features: 220

06_roc_data_and_figures_var_corr directory already exists!
06_roc_data_and_figures_var_corr/data directory already exists!
06_roc_data_and_figures_var_corr/data/ROC directory already exists!
06_roc_data_and_figures_var_corr/figures directory already exists!
06_roc_data_and_figures_var_corr/figures/ROC directory already exists!
len_eval_pts= 20

----- 01 forced trajectories and compute EWS -----
Complete for forced tsid=8
Complete for forced tsid=6
Complete for forced tsid=4
Complete for forced tsid=2
----- 01 null trajectories and compute EWS -----
Complete for null tsid=8
Complete for null tsid=6
Complete for null tsid=4
Complete for null tsid=2
----- 02 Compute ROC curves -----
Exported ROC data to 06_roc_data_and_figures_var_corr/data/ROC/df_roc_var_corr_[8,6,4,2].csv
Exported ROC figure to 06_roc_data_and_figures_var_corr/figures/ROC/figure_roc_var_corr_[8,6,4,2].png
Ran in 1.63s
------------------------------ 06 Completed ROC for variance and lag-1 autocorrelation ------------------------------

------------------------------ 07 Start ROC for ml ------------------------------
surr_type: AAFT
simples: 1000
ID_merge_tsid: [8,6,4,2]
ML_model: SVM_model
repeats: 10
features: 220

07_roc_data_and_figures_sdml directory already exists!
07_roc_data_and_figures_sdml/data directory already exists!
07_roc_data_and_figures_sdml/data/AAFT directory already exists!
07_roc_data_and_figures_sdml/data/AAFT/ROC directory already exists!
07_roc_data_and_figures_sdml/figures directory already exists!
07_roc_data_and_figures_sdml/figures/AAFT directory already exists!

07_roc_data_and_figures_sdml/figures/AAFT/ROC directory already exists!

len_eval_pts = 20

----- 01 forced trajectories and compute EWS -----
Complete for forced tsid=8
Complete for forced tsid=6
Complete for forced tsid=4
Complete for forced tsid=2
----- 01 null trajectories and compute EWS -----
Complete for null tsid=8
Complete for null tsid=6
Complete for null tsid=4
Complete for null tsid=2
----- 02 Compute ROC curves -----
Exported ROC data to 07_roc_data_and_figures_sdml/data/AAFT/ROC/df_roc_surrogate_AAFT_simples_1000_SVM_model_[8,6,4,2].csv
Exported ROC figure to 07_roc_data_and_figures_sdml/figures/AAFT/ROC/figure_roc_surrogate_AAFT_simples_1000_SVM_model_[8,6,4,2].png
Ran in 1.55s
------------------------------ 07 Completed ROC for ml ------------------------------

------------------------------ 06 Start ROC for variance and lag-1 autocorrelation ------------------------------
surr_type: AAFT
simples: 1000
ID_merge_tsid: all
ML_model: SVM_model
repeats: 10
features: 220

06_roc_data_and_figures_var_corr directory already exists!
06_roc_data_and_figures_var_corr/data directory already exists!
06_roc_data_and_figures_var_corr/data/ROC directory already exists!
06_roc_data_and_figures_var_corr/figures directory already exists!
06_roc_data_and_figures_var_corr/figures/ROC directory already exists!
len_eval_pts= 20

----- 01 forced trajectories and compute EWS -----
Complete for forced tsid=1
Complete for forced tsid=2
Complete for forced tsid=3
Complete for forced tsid=4
Complete for forced tsid=5
Complete for forced tsid=6
Complete for forced tsid=7
Complete for forced tsid=8
Complete for forced tsid=9
Complete for forced tsid=10
Complete for forced tsid=11
Complete for forced tsid=12
Complete for forced tsid=13
----- 01 null trajectories and compute EWS -----
Complete for null tsid=1
Complete for null tsid=2
Complete for null tsid=3
Complete for null tsid=4
Complete for null tsid=5
Complete for null tsid=6
Complete for null tsid=7
Complete for null tsid=8
Complete for null tsid=9
Complete for null tsid=10
Complete for null tsid=11
Complete for null tsid=12
Complete for null tsid=13
----- 02 Compute ROC curves -----
Exported ROC data to 06_roc_data_and_figures_var_corr/data/ROC/df_roc_var_corr_all.csv
Exported ROC figure to 06_roc_data_and_figures_var_corr/figures/ROC/figure_roc_var_corr_all.png
Ran in 2.25s
------------------------------ 06 Completed ROC for variance and lag-1 autocorrelation ------------------------------

------------------------------ 07 Start ROC for ml ------------------------------
surr_type: AAFT
simples: 1000
ID_merge_tsid: all
ML_model: SVM_model
repeats: 10
features: 220

07_roc_data_and_figures_sdml directory already exists!
07_roc_data_and_figures_sdml/data directory already exists!
07_roc_data_and_figures_sdml/data/AAFT directory already exists!
07_roc_data_and_figures_sdml/data/AAFT/ROC directory already exists!
07_roc_data_and_figures_sdml/figures directory already exists!
07_roc_data_and_figures_sdml/figures/AAFT directory already exists!

07_roc_data_and_figures_sdml/figures/AAFT/ROC directory already exists!

len_eval_pts = 20

----- 01 forced trajectories and compute EWS -----
Complete for forced tsid=1
Complete for forced tsid=2
Complete for forced tsid=3
Complete for forced tsid=4
Complete for forced tsid=5
Complete for forced tsid=6
Complete for forced tsid=7
Complete for forced tsid=8
Complete for forced tsid=9
Complete for forced tsid=10
Complete for forced tsid=11
Complete for forced tsid=12
Complete for forced tsid=13
----- 01 null trajectories and compute EWS -----
Complete for null tsid=1
Complete for null tsid=2
Complete for null tsid=3
Complete for null tsid=4
Complete for null tsid=5
Complete for null tsid=6
Complete for null tsid=7
Complete for null tsid=8
Complete for null tsid=9
Complete for null tsid=10
Complete for null tsid=11
Complete for null tsid=12
Complete for null tsid=13
----- 02 Compute ROC curves -----
Exported ROC data to 07_roc_data_and_figures_sdml/data/AAFT/ROC/df_roc_surrogate_AAFT_simples_1000_SVM_model_all.csv
Exported ROC figure to 07_roc_data_and_figures_sdml/figures/AAFT/ROC/figure_roc_surrogate_AAFT_simples_1000_SVM_model_all.png
Ran in 2.65s
------------------------------ 07 Completed ROC for ml ------------------------------

------------------------------ 03 Start sliding windows ------------------------------
surr_type: AAFT
simples: 1000
ID_train: S5_S4
ID_test: S3
Variable_label: Mo
tsid: 4
features: 220
sw_width: 148

03_sliding_window_data directory already exists!
S3.shape: (297, 2)
success-> sliding_window_features_shape (real=(297-148+1, 220)):  (150, 220)
------------------------------ 03 Completed sliding windows ------------------------------

------------------------------ 04 Start predicate ------------------------------
surr_type: AAFT
simples: 1000
ID_train: S5_S4
ID_test: S3
ML_model: SVM_model
repeats: 10

04_prediction_data directory already exists!
df_X_test.shape (150, 220)
----------------------- prediction ... -----------------------
y_pred_list.shape: (150, 1)
y_pred_list.shape: (150, 2)
y_pred_list.shape: (150, 3)
y_pred_list.shape: (150, 4)
y_pred_list.shape: (150, 5)
y_pred_list.shape: (150, 6)
y_pred_list.shape: (150, 7)
y_pred_list.shape: (150, 8)
y_pred_list.shape: (150, 9)
y_pred_list.shape: (150, 10)
------------------------------ 04 Completed predicate ------------------------------

------------------------------ 05 Start plots ------------------------------
surr_type: AAFT
simples: 1000
ID_train: S5_S4
ID_test: S3
Variable_label: Mo
ML_model: SVM_model
sw_width: 148
tsid: 4

05_ews_data_and_figures directory already exists!
05_ews_data_and_figures/data directory already exists!
05_ews_data_and_figures/data/AAFT directory already exists!
05_ews_data_and_figures/figures directory already exists!
05_ews_data_and_figures/figures/AAFT directory already exists!

Record_Core: MS66
start_age, Transition, end_age: -95.770526 -85.8 -83.722374
sliding_window_S3: 148
------------------------------ 05 Completed plots ------------------------------

-------------------------------------------------------------------------------------
------------------------------ 01 Start run ------------------------------
Data_folder: MS66
surr_type: AAFT
simples: 1000
ID_train: S5_S4
ML_model: Bagging_model
repeats: 10

01_evaluation_data directory already exists!
models directory already exists!

>#1: [ 99.99316406 100.         100.         100.         100.
 100.          99.99804688 100.         100.         100.
  99.99804688 100.         100.          99.99755857 100.        ]
>#2: [ 99.99609375 100.         100.         100.         100.
 100.          99.99804688 100.         100.         100.
  99.99609375 100.         100.          99.99902343 100.        ]
>#3: [ 99.99462891 100.         100.         100.         100.
  99.99511719  99.99560547 100.         100.         100.
  99.99462891 100.         100.          99.99609371 100.        ]
>#4: [ 99.99365234 100.         100.         100.         100.
 100.         100.         100.         100.         100.
  99.99462891 100.         100.         100.         100.        ]
>#5: [ 99.99609375 100.         100.         100.         100.
  99.99853516 100.         100.          99.99902343 100.
  99.99560547 100.         100.          99.99804686 100.        ]
>#6: [ 99.99609375 100.         100.         100.         100.
 100.          99.99902344 100.         100.         100.
  99.98291016 100.         100.          99.99804686 100.        ]
>#7: [ 99.99658203 100.         100.         100.         100.
 100.          99.99902344 100.          99.99853514 100.
  99.99951172 100.         100.         100.         100.        ]
>#8: [ 99.99316406 100.         100.          99.99902343 100.
  99.99902344  99.99707031 100.         100.         100.
  99.99023437 100.         100.          99.99804686 100.        ]
>#9: [ 99.99560547 100.         100.         100.         100.
  99.99902344  99.99511719 100.         100.         100.
  99.99169922 100.         100.          99.99853514 100.        ]
>#10: [ 99.99365234 100.         100.         100.         100.
 100.          99.99707031 100.         100.         100.
  99.98242188 100.         100.          99.99707028 100.        ]
------------------ summarize results -------------------------
ML_model: Bagging_model
scores: [array([ 99.99316406, 100.        , 100.        , 100.        ,
       100.        , 100.        ,  99.99804688, 100.        ,
       100.        , 100.        ,  99.99804688, 100.        ,
       100.        ,  99.99755857, 100.        ]), array([ 99.99609375, 100.        , 100.        , 100.        ,
       100.        , 100.        ,  99.99804688, 100.        ,
       100.        , 100.        ,  99.99609375, 100.        ,
       100.        ,  99.99902343, 100.        ]), array([ 99.99462891, 100.        , 100.        , 100.        ,
       100.        ,  99.99511719,  99.99560547, 100.        ,
       100.        , 100.        ,  99.99462891, 100.        ,
       100.        ,  99.99609371, 100.        ]), array([ 99.99365234, 100.        , 100.        , 100.        ,
       100.        , 100.        , 100.        , 100.        ,
       100.        , 100.        ,  99.99462891, 100.        ,
       100.        , 100.        , 100.        ]), array([ 99.99609375, 100.        , 100.        , 100.        ,
       100.        ,  99.99853516, 100.        , 100.        ,
        99.99902343, 100.        ,  99.99560547, 100.        ,
       100.        ,  99.99804686, 100.        ]), array([ 99.99609375, 100.        , 100.        , 100.        ,
       100.        , 100.        ,  99.99902344, 100.        ,
       100.        , 100.        ,  99.98291016, 100.        ,
       100.        ,  99.99804686, 100.        ]), array([ 99.99658203, 100.        , 100.        , 100.        ,
       100.        , 100.        ,  99.99902344, 100.        ,
        99.99853514, 100.        ,  99.99951172, 100.        ,
       100.        , 100.        , 100.        ]), array([ 99.99316406, 100.        , 100.        ,  99.99902343,
       100.        ,  99.99902344,  99.99707031, 100.        ,
       100.        , 100.        ,  99.99023437, 100.        ,
       100.        ,  99.99804686, 100.        ]), array([ 99.99560547, 100.        , 100.        , 100.        ,
       100.        ,  99.99902344,  99.99511719, 100.        ,
       100.        , 100.        ,  99.99169922, 100.        ,
       100.        ,  99.99853514, 100.        ]), array([ 99.99365234, 100.        , 100.        , 100.        ,
       100.        , 100.        ,  99.99707031, 100.        ,
       100.        , 100.        ,  99.98242188, 100.        ,
       100.        ,  99.99707028, 100.        ])]
Accuracy mean (std): 99.999% (0.003)

Running time 1136.1 seconds
------------------------------ 01 Completed ------------------------------

------------------------------ 02 Start Evaluation ------------------------------
surr_type: AAFT
simples: 1000
ID_train: S5_S4
ML_model: Bagging_model
repeats: 10

02_evaluation_performance directory already exists!
The results have been saved to a txt file: 02_evaluation_performance/evaluation_performance_surrogate_AAFT_simples_1000_Bagging_model_train_S5_S4.txt

Running time 1.9 seconds
------------------------------ 02 Completed Evaluation ------------------------------

------------------------------ 03 Start sliding windows ------------------------------
surr_type: AAFT
simples: 1000
ID_train: S5_S4
ID_test: S1
Variable_label: Mo
tsid: 2
features: 220
sw_width: 208

03_sliding_window_data directory already exists!
S1.shape: (416, 2)
success-> sliding_window_features_shape (real=(416-208+1, 220)):  (209, 220)
------------------------------ 03 Completed sliding windows ------------------------------

------------------------------ 04 Start predicate ------------------------------
surr_type: AAFT
simples: 1000
ID_train: S5_S4
ID_test: S1
ML_model: Bagging_model
repeats: 10

04_prediction_data directory already exists!
df_X_test.shape (209, 220)
----------------------- prediction ... -----------------------
y_pred_list.shape: (209, 1)
y_pred_list.shape: (209, 2)
y_pred_list.shape: (209, 3)
y_pred_list.shape: (209, 4)
y_pred_list.shape: (209, 5)
y_pred_list.shape: (209, 6)
y_pred_list.shape: (209, 7)
y_pred_list.shape: (209, 8)
y_pred_list.shape: (209, 9)
y_pred_list.shape: (209, 10)
------------------------------ 04 Completed predicate ------------------------------

------------------------------ 05 Start plots ------------------------------
surr_type: AAFT
simples: 1000
ID_train: S5_S4
ID_test: S1
Variable_label: Mo
ML_model: Bagging_model
sw_width: 208
tsid: 2

05_ews_data_and_figures directory already exists!
05_ews_data_and_figures/data directory already exists!
05_ews_data_and_figures/data/AAFT directory already exists!
05_ews_data_and_figures/figures directory already exists!
05_ews_data_and_figures/figures/AAFT directory already exists!

Record_Core: MS66
start_age, Transition, end_age: -20.481013 -10.5 -8.005155
sliding_window_S1: 208
------------------------------ 05 Completed plots ------------------------------

------------------------------ 07 Start ROC for ml ------------------------------
surr_type: AAFT
simples: 1000
ID_merge_tsid: [4,2]
ML_model: Bagging_model
repeats: 10
features: 220

07_roc_data_and_figures_sdml directory already exists!
07_roc_data_and_figures_sdml/data directory already exists!
07_roc_data_and_figures_sdml/data/AAFT directory already exists!
07_roc_data_and_figures_sdml/data/AAFT/ROC directory already exists!
07_roc_data_and_figures_sdml/figures directory already exists!
07_roc_data_and_figures_sdml/figures/AAFT directory already exists!

07_roc_data_and_figures_sdml/figures/AAFT/ROC directory already exists!

len_eval_pts = 20

----- 01 forced trajectories and compute EWS -----
Complete for forced tsid=4
Complete for forced tsid=2
----- 01 null trajectories and compute EWS -----
Complete for null tsid=4
Complete for null tsid=2
----- 02 Compute ROC curves -----
Exported ROC data to 07_roc_data_and_figures_sdml/data/AAFT/ROC/df_roc_surrogate_AAFT_simples_1000_Bagging_model_[4,2].csv
Exported ROC figure to 07_roc_data_and_figures_sdml/figures/AAFT/ROC/figure_roc_surrogate_AAFT_simples_1000_Bagging_model_[4,2].png
Ran in 2.29s
------------------------------ 07 Completed ROC for ml ------------------------------

------------------------------ 07 Start ROC for ml ------------------------------
surr_type: AAFT
simples: 1000
ID_merge_tsid: [8,6]
ML_model: Bagging_model
repeats: 10
features: 220

07_roc_data_and_figures_sdml directory already exists!
07_roc_data_and_figures_sdml/data directory already exists!
07_roc_data_and_figures_sdml/data/AAFT directory already exists!
07_roc_data_and_figures_sdml/data/AAFT/ROC directory already exists!
07_roc_data_and_figures_sdml/figures directory already exists!
07_roc_data_and_figures_sdml/figures/AAFT directory already exists!

07_roc_data_and_figures_sdml/figures/AAFT/ROC directory already exists!

len_eval_pts = 20

----- 01 forced trajectories and compute EWS -----
Complete for forced tsid=8
Complete for forced tsid=6
----- 01 null trajectories and compute EWS -----
Complete for null tsid=8
Complete for null tsid=6
----- 02 Compute ROC curves -----
Exported ROC data to 07_roc_data_and_figures_sdml/data/AAFT/ROC/df_roc_surrogate_AAFT_simples_1000_Bagging_model_[8,6].csv
Exported ROC figure to 07_roc_data_and_figures_sdml/figures/AAFT/ROC/figure_roc_surrogate_AAFT_simples_1000_Bagging_model_[8,6].png
Ran in 2.28s
------------------------------ 07 Completed ROC for ml ------------------------------

------------------------------ 07 Start ROC for ml ------------------------------
surr_type: AAFT
simples: 1000
ID_merge_tsid: [8,6,4,2]
ML_model: Bagging_model
repeats: 10
features: 220

07_roc_data_and_figures_sdml directory already exists!
07_roc_data_and_figures_sdml/data directory already exists!
07_roc_data_and_figures_sdml/data/AAFT directory already exists!
07_roc_data_and_figures_sdml/data/AAFT/ROC directory already exists!
07_roc_data_and_figures_sdml/figures directory already exists!
07_roc_data_and_figures_sdml/figures/AAFT directory already exists!

07_roc_data_and_figures_sdml/figures/AAFT/ROC directory already exists!

len_eval_pts = 20

----- 01 forced trajectories and compute EWS -----
Complete for forced tsid=8
Complete for forced tsid=6
Complete for forced tsid=4
Complete for forced tsid=2
----- 01 null trajectories and compute EWS -----
Complete for null tsid=8
Complete for null tsid=6
Complete for null tsid=4
Complete for null tsid=2
----- 02 Compute ROC curves -----
Exported ROC data to 07_roc_data_and_figures_sdml/data/AAFT/ROC/df_roc_surrogate_AAFT_simples_1000_Bagging_model_[8,6,4,2].csv
Exported ROC figure to 07_roc_data_and_figures_sdml/figures/AAFT/ROC/figure_roc_surrogate_AAFT_simples_1000_Bagging_model_[8,6,4,2].png
Ran in 2.99s
------------------------------ 07 Completed ROC for ml ------------------------------

------------------------------ 07 Start ROC for ml ------------------------------
surr_type: AAFT
simples: 1000
ID_merge_tsid: all
ML_model: Bagging_model
repeats: 10
features: 220

07_roc_data_and_figures_sdml directory already exists!
07_roc_data_and_figures_sdml/data directory already exists!
07_roc_data_and_figures_sdml/data/AAFT directory already exists!
07_roc_data_and_figures_sdml/data/AAFT/ROC directory already exists!
07_roc_data_and_figures_sdml/figures directory already exists!
07_roc_data_and_figures_sdml/figures/AAFT directory already exists!

07_roc_data_and_figures_sdml/figures/AAFT/ROC directory already exists!

len_eval_pts = 20

----- 01 forced trajectories and compute EWS -----
Complete for forced tsid=1
Complete for forced tsid=2
Complete for forced tsid=3
Complete for forced tsid=4
Complete for forced tsid=5
Complete for forced tsid=6
Complete for forced tsid=7
Complete for forced tsid=8
Complete for forced tsid=9
Complete for forced tsid=10
Complete for forced tsid=11
Complete for forced tsid=12
Complete for forced tsid=13
----- 01 null trajectories and compute EWS -----
Complete for null tsid=1
Complete for null tsid=2
Complete for null tsid=3
Complete for null tsid=4
Complete for null tsid=5
Complete for null tsid=6
Complete for null tsid=7
Complete for null tsid=8
Complete for null tsid=9
Complete for null tsid=10
Complete for null tsid=11
Complete for null tsid=12
Complete for null tsid=13
----- 02 Compute ROC curves -----
Exported ROC data to 07_roc_data_and_figures_sdml/data/AAFT/ROC/df_roc_surrogate_AAFT_simples_1000_Bagging_model_all.csv
Exported ROC figure to 07_roc_data_and_figures_sdml/figures/AAFT/ROC/figure_roc_surrogate_AAFT_simples_1000_Bagging_model_all.png
Ran in 6.00s
------------------------------ 07 Completed ROC for ml ------------------------------

------------------------------ 03 Start sliding windows ------------------------------
surr_type: AAFT
simples: 1000
ID_train: S5_S4
ID_test: S3
Variable_label: Mo
tsid: 4
features: 220
sw_width: 148

03_sliding_window_data directory already exists!
S3.shape: (297, 2)
success-> sliding_window_features_shape (real=(297-148+1, 220)):  (150, 220)
------------------------------ 03 Completed sliding windows ------------------------------

------------------------------ 04 Start predicate ------------------------------
surr_type: AAFT
simples: 1000
ID_train: S5_S4
ID_test: S3
ML_model: Bagging_model
repeats: 10

04_prediction_data directory already exists!
df_X_test.shape (150, 220)
----------------------- prediction ... -----------------------
y_pred_list.shape: (150, 1)
y_pred_list.shape: (150, 2)
y_pred_list.shape: (150, 3)
y_pred_list.shape: (150, 4)
y_pred_list.shape: (150, 5)
y_pred_list.shape: (150, 6)
y_pred_list.shape: (150, 7)
y_pred_list.shape: (150, 8)
y_pred_list.shape: (150, 9)
y_pred_list.shape: (150, 10)
------------------------------ 04 Completed predicate ------------------------------

------------------------------ 05 Start plots ------------------------------
surr_type: AAFT
simples: 1000
ID_train: S5_S4
ID_test: S3
Variable_label: Mo
ML_model: Bagging_model
sw_width: 148
tsid: 4

05_ews_data_and_figures directory already exists!
05_ews_data_and_figures/data directory already exists!
05_ews_data_and_figures/data/AAFT directory already exists!
05_ews_data_and_figures/figures directory already exists!
05_ews_data_and_figures/figures/AAFT directory already exists!

Record_Core: MS66
start_age, Transition, end_age: -95.770526 -85.8 -83.722374
sliding_window_S3: 148
------------------------------ 05 Completed plots ------------------------------

-------------------------------------------------------------------------------------
------------------------------ 01 Start run ------------------------------
Data_folder: MS66
surr_type: AAFT
simples: 1000
ID_train: S5_S4
ML_model: RF_model
repeats: 10

01_evaluation_data directory already exists!
models directory already exists!

>#1: [100. 100. 100. 100. 100. 100. 100. 100. 100. 100. 100. 100. 100. 100.
 100.]
>#2: [100. 100. 100. 100. 100. 100. 100. 100. 100. 100. 100. 100. 100. 100.
 100.]
>#3: [100. 100. 100. 100. 100. 100. 100. 100. 100. 100. 100. 100. 100. 100.
 100.]
>#4: [100. 100. 100. 100. 100. 100. 100. 100. 100. 100. 100. 100. 100. 100.
 100.]
>#5: [100. 100. 100. 100. 100. 100. 100. 100. 100. 100. 100. 100. 100. 100.
 100.]
>#6: [100. 100. 100. 100. 100. 100. 100. 100. 100. 100. 100. 100. 100. 100.
 100.]
>#7: [100. 100. 100. 100. 100. 100. 100. 100. 100. 100. 100. 100. 100. 100.
 100.]
>#8: [100. 100. 100. 100. 100. 100. 100. 100. 100. 100. 100. 100. 100. 100.
 100.]
>#9: [100. 100. 100. 100. 100. 100. 100. 100. 100. 100. 100. 100. 100. 100.
 100.]
>#10: [100. 100. 100. 100. 100. 100. 100. 100. 100. 100. 100. 100. 100. 100.
 100.]
------------------ summarize results -------------------------
ML_model: RF_model
scores: [array([100., 100., 100., 100., 100., 100., 100., 100., 100., 100., 100.,
       100., 100., 100., 100.]), array([100., 100., 100., 100., 100., 100., 100., 100., 100., 100., 100.,
       100., 100., 100., 100.]), array([100., 100., 100., 100., 100., 100., 100., 100., 100., 100., 100.,
       100., 100., 100., 100.]), array([100., 100., 100., 100., 100., 100., 100., 100., 100., 100., 100.,
       100., 100., 100., 100.]), array([100., 100., 100., 100., 100., 100., 100., 100., 100., 100., 100.,
       100., 100., 100., 100.]), array([100., 100., 100., 100., 100., 100., 100., 100., 100., 100., 100.,
       100., 100., 100., 100.]), array([100., 100., 100., 100., 100., 100., 100., 100., 100., 100., 100.,
       100., 100., 100., 100.]), array([100., 100., 100., 100., 100., 100., 100., 100., 100., 100., 100.,
       100., 100., 100., 100.]), array([100., 100., 100., 100., 100., 100., 100., 100., 100., 100., 100.,
       100., 100., 100., 100.]), array([100., 100., 100., 100., 100., 100., 100., 100., 100., 100., 100.,
       100., 100., 100., 100.])]
Accuracy mean (std): 100.000% (0.000)

Running time 79.0 seconds
------------------------------ 01 Completed ------------------------------

------------------------------ 02 Start Evaluation ------------------------------
surr_type: AAFT
simples: 1000
ID_train: S5_S4
ML_model: RF_model
repeats: 10

02_evaluation_performance directory already exists!
The results have been saved to a txt file: 02_evaluation_performance/evaluation_performance_surrogate_AAFT_simples_1000_RF_model_train_S5_S4.txt

Running time 1.5 seconds
------------------------------ 02 Completed Evaluation ------------------------------

------------------------------ 03 Start sliding windows ------------------------------
surr_type: AAFT
simples: 1000
ID_train: S5_S4
ID_test: S1
Variable_label: Mo
tsid: 2
features: 220
sw_width: 208

03_sliding_window_data directory already exists!
S1.shape: (416, 2)
success-> sliding_window_features_shape (real=(416-208+1, 220)):  (209, 220)
------------------------------ 03 Completed sliding windows ------------------------------

------------------------------ 04 Start predicate ------------------------------
surr_type: AAFT
simples: 1000
ID_train: S5_S4
ID_test: S1
ML_model: RF_model
repeats: 10

04_prediction_data directory already exists!
df_X_test.shape (209, 220)
----------------------- prediction ... -----------------------
y_pred_list.shape: (209, 1)
y_pred_list.shape: (209, 2)
y_pred_list.shape: (209, 3)
y_pred_list.shape: (209, 4)
y_pred_list.shape: (209, 5)
y_pred_list.shape: (209, 6)
y_pred_list.shape: (209, 7)
y_pred_list.shape: (209, 8)
y_pred_list.shape: (209, 9)
y_pred_list.shape: (209, 10)
------------------------------ 04 Completed predicate ------------------------------

------------------------------ 05 Start plots ------------------------------
surr_type: AAFT
simples: 1000
ID_train: S5_S4
ID_test: S1
Variable_label: Mo
ML_model: RF_model
sw_width: 208
tsid: 2

05_ews_data_and_figures directory already exists!
05_ews_data_and_figures/data directory already exists!
05_ews_data_and_figures/data/AAFT directory already exists!
05_ews_data_and_figures/figures directory already exists!
05_ews_data_and_figures/figures/AAFT directory already exists!

Record_Core: MS66
start_age, Transition, end_age: -20.481013 -10.5 -8.005155
sliding_window_S1: 208
------------------------------ 05 Completed plots ------------------------------

------------------------------ 07 Start ROC for ml ------------------------------
surr_type: AAFT
simples: 1000
ID_merge_tsid: [4,2]
ML_model: RF_model
repeats: 10
features: 220

07_roc_data_and_figures_sdml directory already exists!
07_roc_data_and_figures_sdml/data directory already exists!
07_roc_data_and_figures_sdml/data/AAFT directory already exists!
07_roc_data_and_figures_sdml/data/AAFT/ROC directory already exists!
07_roc_data_and_figures_sdml/figures directory already exists!
07_roc_data_and_figures_sdml/figures/AAFT directory already exists!

07_roc_data_and_figures_sdml/figures/AAFT/ROC directory already exists!

len_eval_pts = 20

----- 01 forced trajectories and compute EWS -----
Complete for forced tsid=4
Complete for forced tsid=2
----- 01 null trajectories and compute EWS -----
Complete for null tsid=4
Complete for null tsid=2
----- 02 Compute ROC curves -----
Exported ROC data to 07_roc_data_and_figures_sdml/data/AAFT/ROC/df_roc_surrogate_AAFT_simples_1000_RF_model_[4,2].csv
Exported ROC figure to 07_roc_data_and_figures_sdml/figures/AAFT/ROC/figure_roc_surrogate_AAFT_simples_1000_RF_model_[4,2].png
Ran in 2.16s
------------------------------ 07 Completed ROC for ml ------------------------------

------------------------------ 07 Start ROC for ml ------------------------------
surr_type: AAFT
simples: 1000
ID_merge_tsid: [8,6]
ML_model: RF_model
repeats: 10
features: 220

07_roc_data_and_figures_sdml directory already exists!
07_roc_data_and_figures_sdml/data directory already exists!
07_roc_data_and_figures_sdml/data/AAFT directory already exists!
07_roc_data_and_figures_sdml/data/AAFT/ROC directory already exists!
07_roc_data_and_figures_sdml/figures directory already exists!
07_roc_data_and_figures_sdml/figures/AAFT directory already exists!

07_roc_data_and_figures_sdml/figures/AAFT/ROC directory already exists!

len_eval_pts = 20

----- 01 forced trajectories and compute EWS -----
Complete for forced tsid=8
Complete for forced tsid=6
----- 01 null trajectories and compute EWS -----
Complete for null tsid=8
Complete for null tsid=6
----- 02 Compute ROC curves -----
Exported ROC data to 07_roc_data_and_figures_sdml/data/AAFT/ROC/df_roc_surrogate_AAFT_simples_1000_RF_model_[8,6].csv
Exported ROC figure to 07_roc_data_and_figures_sdml/figures/AAFT/ROC/figure_roc_surrogate_AAFT_simples_1000_RF_model_[8,6].png
Ran in 2.19s
------------------------------ 07 Completed ROC for ml ------------------------------

------------------------------ 07 Start ROC for ml ------------------------------
surr_type: AAFT
simples: 1000
ID_merge_tsid: [8,6,4,2]
ML_model: RF_model
repeats: 10
features: 220

07_roc_data_and_figures_sdml directory already exists!
07_roc_data_and_figures_sdml/data directory already exists!
07_roc_data_and_figures_sdml/data/AAFT directory already exists!
07_roc_data_and_figures_sdml/data/AAFT/ROC directory already exists!
07_roc_data_and_figures_sdml/figures directory already exists!
07_roc_data_and_figures_sdml/figures/AAFT directory already exists!

07_roc_data_and_figures_sdml/figures/AAFT/ROC directory already exists!

len_eval_pts = 20

----- 01 forced trajectories and compute EWS -----
Complete for forced tsid=8
Complete for forced tsid=6
Complete for forced tsid=4
Complete for forced tsid=2
----- 01 null trajectories and compute EWS -----
Complete for null tsid=8
Complete for null tsid=6
Complete for null tsid=4
Complete for null tsid=2
----- 02 Compute ROC curves -----
Exported ROC data to 07_roc_data_and_figures_sdml/data/AAFT/ROC/df_roc_surrogate_AAFT_simples_1000_RF_model_[8,6,4,2].csv
Exported ROC figure to 07_roc_data_and_figures_sdml/figures/AAFT/ROC/figure_roc_surrogate_AAFT_simples_1000_RF_model_[8,6,4,2].png
Ran in 2.70s
------------------------------ 07 Completed ROC for ml ------------------------------

------------------------------ 07 Start ROC for ml ------------------------------
surr_type: AAFT
simples: 1000
ID_merge_tsid: all
ML_model: RF_model
repeats: 10
features: 220

07_roc_data_and_figures_sdml directory already exists!
07_roc_data_and_figures_sdml/data directory already exists!
07_roc_data_and_figures_sdml/data/AAFT directory already exists!
07_roc_data_and_figures_sdml/data/AAFT/ROC directory already exists!
07_roc_data_and_figures_sdml/figures directory already exists!
07_roc_data_and_figures_sdml/figures/AAFT directory already exists!

07_roc_data_and_figures_sdml/figures/AAFT/ROC directory already exists!

len_eval_pts = 20

----- 01 forced trajectories and compute EWS -----
Complete for forced tsid=1
Complete for forced tsid=2
Complete for forced tsid=3
Complete for forced tsid=4
Complete for forced tsid=5
Complete for forced tsid=6
Complete for forced tsid=7
Complete for forced tsid=8
Complete for forced tsid=9
Complete for forced tsid=10
Complete for forced tsid=11
Complete for forced tsid=12
Complete for forced tsid=13
----- 01 null trajectories and compute EWS -----
Complete for null tsid=1
Complete for null tsid=2
Complete for null tsid=3
Complete for null tsid=4
Complete for null tsid=5
Complete for null tsid=6
Complete for null tsid=7
Complete for null tsid=8
Complete for null tsid=9
Complete for null tsid=10
Complete for null tsid=11
Complete for null tsid=12
Complete for null tsid=13
----- 02 Compute ROC curves -----
Exported ROC data to 07_roc_data_and_figures_sdml/data/AAFT/ROC/df_roc_surrogate_AAFT_simples_1000_RF_model_all.csv
Exported ROC figure to 07_roc_data_and_figures_sdml/figures/AAFT/ROC/figure_roc_surrogate_AAFT_simples_1000_RF_model_all.png
Ran in 5.10s
------------------------------ 07 Completed ROC for ml ------------------------------

------------------------------ 03 Start sliding windows ------------------------------
surr_type: AAFT
simples: 1000
ID_train: S5_S4
ID_test: S3
Variable_label: Mo
tsid: 4
features: 220
sw_width: 148

03_sliding_window_data directory already exists!
S3.shape: (297, 2)
success-> sliding_window_features_shape (real=(297-148+1, 220)):  (150, 220)
------------------------------ 03 Completed sliding windows ------------------------------

------------------------------ 04 Start predicate ------------------------------
surr_type: AAFT
simples: 1000
ID_train: S5_S4
ID_test: S3
ML_model: RF_model
repeats: 10

04_prediction_data directory already exists!
df_X_test.shape (150, 220)
----------------------- prediction ... -----------------------
y_pred_list.shape: (150, 1)
y_pred_list.shape: (150, 2)
y_pred_list.shape: (150, 3)
y_pred_list.shape: (150, 4)
y_pred_list.shape: (150, 5)
y_pred_list.shape: (150, 6)
y_pred_list.shape: (150, 7)
y_pred_list.shape: (150, 8)
y_pred_list.shape: (150, 9)
y_pred_list.shape: (150, 10)
------------------------------ 04 Completed predicate ------------------------------

------------------------------ 05 Start plots ------------------------------
surr_type: AAFT
simples: 1000
ID_train: S5_S4
ID_test: S3
Variable_label: Mo
ML_model: RF_model
sw_width: 148
tsid: 4

05_ews_data_and_figures directory already exists!
05_ews_data_and_figures/data directory already exists!
05_ews_data_and_figures/data/AAFT directory already exists!
05_ews_data_and_figures/figures directory already exists!
05_ews_data_and_figures/figures/AAFT directory already exists!

Record_Core: MS66
start_age, Transition, end_age: -95.770526 -85.8 -83.722374
sliding_window_S3: 148
------------------------------ 05 Completed plots ------------------------------

-------------------------------------------------------------------------------------
------------------------------ 01 Start run ------------------------------
Data_folder: MS66
surr_type: AAFT
simples: 1000
ID_train: S5_S4
ML_model: GBM_model
repeats: 10

01_evaluation_data directory already exists!
models directory already exists!

>#1: [100. 100. 100. 100. 100. 100. 100. 100. 100. 100. 100. 100. 100. 100.
 100.]
>#2: [100. 100. 100. 100. 100. 100. 100. 100. 100. 100. 100. 100. 100. 100.
 100.]
>#3: [100. 100. 100. 100. 100. 100. 100. 100. 100. 100. 100. 100. 100. 100.
 100.]
>#4: [100. 100. 100. 100. 100. 100. 100. 100. 100. 100. 100. 100. 100. 100.
 100.]
>#5: [100. 100. 100. 100. 100. 100. 100. 100. 100. 100. 100. 100. 100. 100.
 100.]
>#6: [100. 100. 100. 100. 100. 100. 100. 100. 100. 100. 100. 100. 100. 100.
 100.]
>#7: [100. 100. 100. 100. 100. 100. 100. 100. 100. 100. 100. 100. 100. 100.
 100.]
>#8: [100. 100. 100. 100. 100. 100. 100. 100. 100. 100. 100. 100. 100. 100.
 100.]
>#9: [100. 100. 100. 100. 100. 100. 100. 100. 100. 100. 100. 100. 100. 100.
 100.]
>#10: [100. 100. 100. 100. 100. 100. 100. 100. 100. 100. 100. 100. 100. 100.
 100.]
------------------ summarize results -------------------------
ML_model: GBM_model
scores: [array([100., 100., 100., 100., 100., 100., 100., 100., 100., 100., 100.,
       100., 100., 100., 100.]), array([100., 100., 100., 100., 100., 100., 100., 100., 100., 100., 100.,
       100., 100., 100., 100.]), array([100., 100., 100., 100., 100., 100., 100., 100., 100., 100., 100.,
       100., 100., 100., 100.]), array([100., 100., 100., 100., 100., 100., 100., 100., 100., 100., 100.,
       100., 100., 100., 100.]), array([100., 100., 100., 100., 100., 100., 100., 100., 100., 100., 100.,
       100., 100., 100., 100.]), array([100., 100., 100., 100., 100., 100., 100., 100., 100., 100., 100.,
       100., 100., 100., 100.]), array([100., 100., 100., 100., 100., 100., 100., 100., 100., 100., 100.,
       100., 100., 100., 100.]), array([100., 100., 100., 100., 100., 100., 100., 100., 100., 100., 100.,
       100., 100., 100., 100.]), array([100., 100., 100., 100., 100., 100., 100., 100., 100., 100., 100.,
       100., 100., 100., 100.]), array([100., 100., 100., 100., 100., 100., 100., 100., 100., 100., 100.,
       100., 100., 100., 100.])]
Accuracy mean (std): 100.000% (0.000)

Running time 359.3 seconds
------------------------------ 01 Completed ------------------------------

------------------------------ 02 Start Evaluation ------------------------------
surr_type: AAFT
simples: 1000
ID_train: S5_S4
ML_model: GBM_model
repeats: 10

02_evaluation_performance directory already exists!
The results have been saved to a txt file: 02_evaluation_performance/evaluation_performance_surrogate_AAFT_simples_1000_GBM_model_train_S5_S4.txt

Running time 1.3 seconds
------------------------------ 02 Completed Evaluation ------------------------------

------------------------------ 03 Start sliding windows ------------------------------
surr_type: AAFT
simples: 1000
ID_train: S5_S4
ID_test: S1
Variable_label: Mo
tsid: 2
features: 220
sw_width: 208

03_sliding_window_data directory already exists!
S1.shape: (416, 2)
success-> sliding_window_features_shape (real=(416-208+1, 220)):  (209, 220)
------------------------------ 03 Completed sliding windows ------------------------------

------------------------------ 04 Start predicate ------------------------------
surr_type: AAFT
simples: 1000
ID_train: S5_S4
ID_test: S1
ML_model: GBM_model
repeats: 10

04_prediction_data directory already exists!
df_X_test.shape (209, 220)
----------------------- prediction ... -----------------------
y_pred_list.shape: (209, 1)
y_pred_list.shape: (209, 2)
y_pred_list.shape: (209, 3)
y_pred_list.shape: (209, 4)
y_pred_list.shape: (209, 5)
y_pred_list.shape: (209, 6)
y_pred_list.shape: (209, 7)
y_pred_list.shape: (209, 8)
y_pred_list.shape: (209, 9)
y_pred_list.shape: (209, 10)
------------------------------ 04 Completed predicate ------------------------------

------------------------------ 05 Start plots ------------------------------
surr_type: AAFT
simples: 1000
ID_train: S5_S4
ID_test: S1
Variable_label: Mo
ML_model: GBM_model
sw_width: 208
tsid: 2

05_ews_data_and_figures directory already exists!
05_ews_data_and_figures/data directory already exists!
05_ews_data_and_figures/data/AAFT directory already exists!
05_ews_data_and_figures/figures directory already exists!
05_ews_data_and_figures/figures/AAFT directory already exists!

Record_Core: MS66
start_age, Transition, end_age: -20.481013 -10.5 -8.005155
sliding_window_S1: 208
------------------------------ 05 Completed plots ------------------------------

------------------------------ 07 Start ROC for ml ------------------------------
surr_type: AAFT
simples: 1000
ID_merge_tsid: [4,2]
ML_model: GBM_model
repeats: 10
features: 220

07_roc_data_and_figures_sdml directory already exists!
07_roc_data_and_figures_sdml/data directory already exists!
07_roc_data_and_figures_sdml/data/AAFT directory already exists!
07_roc_data_and_figures_sdml/data/AAFT/ROC directory already exists!
07_roc_data_and_figures_sdml/figures directory already exists!
07_roc_data_and_figures_sdml/figures/AAFT directory already exists!

07_roc_data_and_figures_sdml/figures/AAFT/ROC directory already exists!

len_eval_pts = 20

----- 01 forced trajectories and compute EWS -----
Complete for forced tsid=4
Complete for forced tsid=2
----- 01 null trajectories and compute EWS -----
Complete for null tsid=4
Complete for null tsid=2
----- 02 Compute ROC curves -----
Exported ROC data to 07_roc_data_and_figures_sdml/data/AAFT/ROC/df_roc_surrogate_AAFT_simples_1000_GBM_model_[4,2].csv
Exported ROC figure to 07_roc_data_and_figures_sdml/figures/AAFT/ROC/figure_roc_surrogate_AAFT_simples_1000_GBM_model_[4,2].png
Ran in 1.51s
------------------------------ 07 Completed ROC for ml ------------------------------

------------------------------ 07 Start ROC for ml ------------------------------
surr_type: AAFT
simples: 1000
ID_merge_tsid: [8,6]
ML_model: GBM_model
repeats: 10
features: 220

07_roc_data_and_figures_sdml directory already exists!
07_roc_data_and_figures_sdml/data directory already exists!
07_roc_data_and_figures_sdml/data/AAFT directory already exists!
07_roc_data_and_figures_sdml/data/AAFT/ROC directory already exists!
07_roc_data_and_figures_sdml/figures directory already exists!
07_roc_data_and_figures_sdml/figures/AAFT directory already exists!

07_roc_data_and_figures_sdml/figures/AAFT/ROC directory already exists!

len_eval_pts = 20

----- 01 forced trajectories and compute EWS -----
Complete for forced tsid=8
Complete for forced tsid=6
----- 01 null trajectories and compute EWS -----
Complete for null tsid=8
Complete for null tsid=6
----- 02 Compute ROC curves -----
Exported ROC data to 07_roc_data_and_figures_sdml/data/AAFT/ROC/df_roc_surrogate_AAFT_simples_1000_GBM_model_[8,6].csv
Exported ROC figure to 07_roc_data_and_figures_sdml/figures/AAFT/ROC/figure_roc_surrogate_AAFT_simples_1000_GBM_model_[8,6].png
Ran in 1.51s
------------------------------ 07 Completed ROC for ml ------------------------------

------------------------------ 07 Start ROC for ml ------------------------------
surr_type: AAFT
simples: 1000
ID_merge_tsid: [8,6,4,2]
ML_model: GBM_model
repeats: 10
features: 220

07_roc_data_and_figures_sdml directory already exists!
07_roc_data_and_figures_sdml/data directory already exists!
07_roc_data_and_figures_sdml/data/AAFT directory already exists!
07_roc_data_and_figures_sdml/data/AAFT/ROC directory already exists!
07_roc_data_and_figures_sdml/figures directory already exists!
07_roc_data_and_figures_sdml/figures/AAFT directory already exists!

07_roc_data_and_figures_sdml/figures/AAFT/ROC directory already exists!

len_eval_pts = 20

----- 01 forced trajectories and compute EWS -----
Complete for forced tsid=8
Complete for forced tsid=6
Complete for forced tsid=4
Complete for forced tsid=2
----- 01 null trajectories and compute EWS -----
Complete for null tsid=8
Complete for null tsid=6
Complete for null tsid=4
Complete for null tsid=2
----- 02 Compute ROC curves -----
Exported ROC data to 07_roc_data_and_figures_sdml/data/AAFT/ROC/df_roc_surrogate_AAFT_simples_1000_GBM_model_[8,6,4,2].csv
Exported ROC figure to 07_roc_data_and_figures_sdml/figures/AAFT/ROC/figure_roc_surrogate_AAFT_simples_1000_GBM_model_[8,6,4,2].png
Ran in 1.63s
------------------------------ 07 Completed ROC for ml ------------------------------

------------------------------ 07 Start ROC for ml ------------------------------
surr_type: AAFT
simples: 1000
ID_merge_tsid: all
ML_model: GBM_model
repeats: 10
features: 220

07_roc_data_and_figures_sdml directory already exists!
07_roc_data_and_figures_sdml/data directory already exists!
07_roc_data_and_figures_sdml/data/AAFT directory already exists!
07_roc_data_and_figures_sdml/data/AAFT/ROC directory already exists!
07_roc_data_and_figures_sdml/figures directory already exists!
07_roc_data_and_figures_sdml/figures/AAFT directory already exists!

07_roc_data_and_figures_sdml/figures/AAFT/ROC directory already exists!

len_eval_pts = 20

----- 01 forced trajectories and compute EWS -----
Complete for forced tsid=1
Complete for forced tsid=2
Complete for forced tsid=3
Complete for forced tsid=4
Complete for forced tsid=5
Complete for forced tsid=6
Complete for forced tsid=7
Complete for forced tsid=8
Complete for forced tsid=9
Complete for forced tsid=10
Complete for forced tsid=11
Complete for forced tsid=12
Complete for forced tsid=13
----- 01 null trajectories and compute EWS -----
Complete for null tsid=1
Complete for null tsid=2
Complete for null tsid=3
Complete for null tsid=4
Complete for null tsid=5
Complete for null tsid=6
Complete for null tsid=7
Complete for null tsid=8
Complete for null tsid=9
Complete for null tsid=10
Complete for null tsid=11
Complete for null tsid=12
Complete for null tsid=13
----- 02 Compute ROC curves -----
Exported ROC data to 07_roc_data_and_figures_sdml/data/AAFT/ROC/df_roc_surrogate_AAFT_simples_1000_GBM_model_all.csv
Exported ROC figure to 07_roc_data_and_figures_sdml/figures/AAFT/ROC/figure_roc_surrogate_AAFT_simples_1000_GBM_model_all.png
Ran in 2.08s
------------------------------ 07 Completed ROC for ml ------------------------------

------------------------------ 03 Start sliding windows ------------------------------
surr_type: AAFT
simples: 1000
ID_train: S5_S4
ID_test: S3
Variable_label: Mo
tsid: 4
features: 220
sw_width: 148

03_sliding_window_data directory already exists!
S3.shape: (297, 2)
success-> sliding_window_features_shape (real=(297-148+1, 220)):  (150, 220)
------------------------------ 03 Completed sliding windows ------------------------------

------------------------------ 04 Start predicate ------------------------------
surr_type: AAFT
simples: 1000
ID_train: S5_S4
ID_test: S3
ML_model: GBM_model
repeats: 10

04_prediction_data directory already exists!
df_X_test.shape (150, 220)
----------------------- prediction ... -----------------------
y_pred_list.shape: (150, 1)
y_pred_list.shape: (150, 2)
y_pred_list.shape: (150, 3)
y_pred_list.shape: (150, 4)
y_pred_list.shape: (150, 5)
y_pred_list.shape: (150, 6)
y_pred_list.shape: (150, 7)
y_pred_list.shape: (150, 8)
y_pred_list.shape: (150, 9)
y_pred_list.shape: (150, 10)
------------------------------ 04 Completed predicate ------------------------------

------------------------------ 05 Start plots ------------------------------
surr_type: AAFT
simples: 1000
ID_train: S5_S4
ID_test: S3
Variable_label: Mo
ML_model: GBM_model
sw_width: 148
tsid: 4

05_ews_data_and_figures directory already exists!
05_ews_data_and_figures/data directory already exists!
05_ews_data_and_figures/data/AAFT directory already exists!
05_ews_data_and_figures/figures directory already exists!
05_ews_data_and_figures/figures/AAFT directory already exists!

Record_Core: MS66
start_age, Transition, end_age: -95.770526 -85.8 -83.722374
sliding_window_S3: 148
------------------------------ 05 Completed plots ------------------------------

-------------------------------------------------------------------------------------
------------------------------ 01 Start run ------------------------------
Data_folder: MS66
surr_type: AAFT
simples: 1000
ID_train: S5_S4
ML_model: Xgboost_model
repeats: 10

01_evaluation_data directory already exists!
models directory already exists!

>#1: [100. 100. 100. 100. 100. 100. 100. 100. 100. 100. 100. 100. 100. 100.
 100.]
>#2: [100. 100. 100. 100. 100. 100. 100. 100. 100. 100. 100. 100. 100. 100.
 100.]
>#3: [100. 100. 100. 100. 100. 100. 100. 100. 100. 100. 100. 100. 100. 100.
 100.]
>#4: [100. 100. 100. 100. 100. 100. 100. 100. 100. 100. 100. 100. 100. 100.
 100.]
>#5: [100. 100. 100. 100. 100. 100. 100. 100. 100. 100. 100. 100. 100. 100.
 100.]
>#6: [100. 100. 100. 100. 100. 100. 100. 100. 100. 100. 100. 100. 100. 100.
 100.]
>#7: [100. 100. 100. 100. 100. 100. 100. 100. 100. 100. 100. 100. 100. 100.
 100.]
>#8: [100. 100. 100. 100. 100. 100. 100. 100. 100. 100. 100. 100. 100. 100.
 100.]
>#9: [100. 100. 100. 100. 100. 100. 100. 100. 100. 100. 100. 100. 100. 100.
 100.]
>#10: [100. 100. 100. 100. 100. 100. 100. 100. 100. 100. 100. 100. 100. 100.
 100.]
------------------ summarize results -------------------------
ML_model: Xgboost_model
scores: [array([100., 100., 100., 100., 100., 100., 100., 100., 100., 100., 100.,
       100., 100., 100., 100.]), array([100., 100., 100., 100., 100., 100., 100., 100., 100., 100., 100.,
       100., 100., 100., 100.]), array([100., 100., 100., 100., 100., 100., 100., 100., 100., 100., 100.,
       100., 100., 100., 100.]), array([100., 100., 100., 100., 100., 100., 100., 100., 100., 100., 100.,
       100., 100., 100., 100.]), array([100., 100., 100., 100., 100., 100., 100., 100., 100., 100., 100.,
       100., 100., 100., 100.]), array([100., 100., 100., 100., 100., 100., 100., 100., 100., 100., 100.,
       100., 100., 100., 100.]), array([100., 100., 100., 100., 100., 100., 100., 100., 100., 100., 100.,
       100., 100., 100., 100.]), array([100., 100., 100., 100., 100., 100., 100., 100., 100., 100., 100.,
       100., 100., 100., 100.]), array([100., 100., 100., 100., 100., 100., 100., 100., 100., 100., 100.,
       100., 100., 100., 100.]), array([100., 100., 100., 100., 100., 100., 100., 100., 100., 100., 100.,
       100., 100., 100., 100.])]
Accuracy mean (std): 100.000% (0.000)

Running time 34.5 seconds
------------------------------ 01 Completed ------------------------------

------------------------------ 02 Start Evaluation ------------------------------
surr_type: AAFT
simples: 1000
ID_train: S5_S4
ML_model: Xgboost_model
repeats: 10

02_evaluation_performance directory already exists!
The results have been saved to a txt file: 02_evaluation_performance/evaluation_performance_surrogate_AAFT_simples_1000_Xgboost_model_train_S5_S4.txt

Running time 1.2 seconds
------------------------------ 02 Completed Evaluation ------------------------------

------------------------------ 03 Start sliding windows ------------------------------
surr_type: AAFT
simples: 1000
ID_train: S5_S4
ID_test: S1
Variable_label: Mo
tsid: 2
features: 220
sw_width: 208

03_sliding_window_data directory already exists!
S1.shape: (416, 2)
success-> sliding_window_features_shape (real=(416-208+1, 220)):  (209, 220)
------------------------------ 03 Completed sliding windows ------------------------------

------------------------------ 04 Start predicate ------------------------------
surr_type: AAFT
simples: 1000
ID_train: S5_S4
ID_test: S1
ML_model: Xgboost_model
repeats: 10

04_prediction_data directory already exists!
df_X_test.shape (209, 220)
----------------------- prediction ... -----------------------
y_pred_list.shape: (209, 1)
y_pred_list.shape: (209, 2)
y_pred_list.shape: (209, 3)
y_pred_list.shape: (209, 4)
y_pred_list.shape: (209, 5)
y_pred_list.shape: (209, 6)
y_pred_list.shape: (209, 7)
y_pred_list.shape: (209, 8)
y_pred_list.shape: (209, 9)
y_pred_list.shape: (209, 10)
------------------------------ 04 Completed predicate ------------------------------

------------------------------ 05 Start plots ------------------------------
surr_type: AAFT
simples: 1000
ID_train: S5_S4
ID_test: S1
Variable_label: Mo
ML_model: Xgboost_model
sw_width: 208
tsid: 2

05_ews_data_and_figures directory already exists!
05_ews_data_and_figures/data directory already exists!
05_ews_data_and_figures/data/AAFT directory already exists!
05_ews_data_and_figures/figures directory already exists!
05_ews_data_and_figures/figures/AAFT directory already exists!

Record_Core: MS66
start_age, Transition, end_age: -20.481013 -10.5 -8.005155
sliding_window_S1: 208
------------------------------ 05 Completed plots ------------------------------

------------------------------ 07 Start ROC for ml ------------------------------
surr_type: AAFT
simples: 1000
ID_merge_tsid: [4,2]
ML_model: Xgboost_model
repeats: 10
features: 220

07_roc_data_and_figures_sdml directory already exists!
07_roc_data_and_figures_sdml/data directory already exists!
07_roc_data_and_figures_sdml/data/AAFT directory already exists!
07_roc_data_and_figures_sdml/data/AAFT/ROC directory already exists!
07_roc_data_and_figures_sdml/figures directory already exists!
07_roc_data_and_figures_sdml/figures/AAFT directory already exists!

07_roc_data_and_figures_sdml/figures/AAFT/ROC directory already exists!

len_eval_pts = 20

----- 01 forced trajectories and compute EWS -----
Complete for forced tsid=4
Complete for forced tsid=2
----- 01 null trajectories and compute EWS -----
Complete for null tsid=4
Complete for null tsid=2
----- 02 Compute ROC curves -----
Exported ROC data to 07_roc_data_and_figures_sdml/data/AAFT/ROC/df_roc_surrogate_AAFT_simples_1000_Xgboost_model_[4,2].csv
Exported ROC figure to 07_roc_data_and_figures_sdml/figures/AAFT/ROC/figure_roc_surrogate_AAFT_simples_1000_Xgboost_model_[4,2].png
Ran in 1.53s
------------------------------ 07 Completed ROC for ml ------------------------------

------------------------------ 07 Start ROC for ml ------------------------------
surr_type: AAFT
simples: 1000
ID_merge_tsid: [8,6]
ML_model: Xgboost_model
repeats: 10
features: 220

07_roc_data_and_figures_sdml directory already exists!
07_roc_data_and_figures_sdml/data directory already exists!
07_roc_data_and_figures_sdml/data/AAFT directory already exists!
07_roc_data_and_figures_sdml/data/AAFT/ROC directory already exists!
07_roc_data_and_figures_sdml/figures directory already exists!
07_roc_data_and_figures_sdml/figures/AAFT directory already exists!

07_roc_data_and_figures_sdml/figures/AAFT/ROC directory already exists!

len_eval_pts = 20

----- 01 forced trajectories and compute EWS -----
Complete for forced tsid=8
Complete for forced tsid=6
----- 01 null trajectories and compute EWS -----
Complete for null tsid=8
Complete for null tsid=6
----- 02 Compute ROC curves -----
Exported ROC data to 07_roc_data_and_figures_sdml/data/AAFT/ROC/df_roc_surrogate_AAFT_simples_1000_Xgboost_model_[8,6].csv
Exported ROC figure to 07_roc_data_and_figures_sdml/figures/AAFT/ROC/figure_roc_surrogate_AAFT_simples_1000_Xgboost_model_[8,6].png
Ran in 1.54s
------------------------------ 07 Completed ROC for ml ------------------------------

------------------------------ 07 Start ROC for ml ------------------------------
surr_type: AAFT
simples: 1000
ID_merge_tsid: [8,6,4,2]
ML_model: Xgboost_model
repeats: 10
features: 220

07_roc_data_and_figures_sdml directory already exists!
07_roc_data_and_figures_sdml/data directory already exists!
07_roc_data_and_figures_sdml/data/AAFT directory already exists!
07_roc_data_and_figures_sdml/data/AAFT/ROC directory already exists!
07_roc_data_and_figures_sdml/figures directory already exists!
07_roc_data_and_figures_sdml/figures/AAFT directory already exists!

07_roc_data_and_figures_sdml/figures/AAFT/ROC directory already exists!

len_eval_pts = 20

----- 01 forced trajectories and compute EWS -----
Complete for forced tsid=8
Complete for forced tsid=6
Complete for forced tsid=4
Complete for forced tsid=2
----- 01 null trajectories and compute EWS -----
Complete for null tsid=8
Complete for null tsid=6
Complete for null tsid=4
Complete for null tsid=2
----- 02 Compute ROC curves -----
Exported ROC data to 07_roc_data_and_figures_sdml/data/AAFT/ROC/df_roc_surrogate_AAFT_simples_1000_Xgboost_model_[8,6,4,2].csv
Exported ROC figure to 07_roc_data_and_figures_sdml/figures/AAFT/ROC/figure_roc_surrogate_AAFT_simples_1000_Xgboost_model_[8,6,4,2].png
Ran in 1.65s
------------------------------ 07 Completed ROC for ml ------------------------------

------------------------------ 07 Start ROC for ml ------------------------------
surr_type: AAFT
simples: 1000
ID_merge_tsid: all
ML_model: Xgboost_model
repeats: 10
features: 220

07_roc_data_and_figures_sdml directory already exists!
07_roc_data_and_figures_sdml/data directory already exists!
07_roc_data_and_figures_sdml/data/AAFT directory already exists!
07_roc_data_and_figures_sdml/data/AAFT/ROC directory already exists!
07_roc_data_and_figures_sdml/figures directory already exists!
07_roc_data_and_figures_sdml/figures/AAFT directory already exists!

07_roc_data_and_figures_sdml/figures/AAFT/ROC directory already exists!

len_eval_pts = 20

----- 01 forced trajectories and compute EWS -----
Complete for forced tsid=1
Complete for forced tsid=2
Complete for forced tsid=3
Complete for forced tsid=4
Complete for forced tsid=5
Complete for forced tsid=6
Complete for forced tsid=7
Complete for forced tsid=8
Complete for forced tsid=9
Complete for forced tsid=10
Complete for forced tsid=11
Complete for forced tsid=12
Complete for forced tsid=13
----- 01 null trajectories and compute EWS -----
Complete for null tsid=1
Complete for null tsid=2
Complete for null tsid=3
Complete for null tsid=4
Complete for null tsid=5
Complete for null tsid=6
Complete for null tsid=7
Complete for null tsid=8
Complete for null tsid=9
Complete for null tsid=10
Complete for null tsid=11
Complete for null tsid=12
Complete for null tsid=13
----- 02 Compute ROC curves -----
Exported ROC data to 07_roc_data_and_figures_sdml/data/AAFT/ROC/df_roc_surrogate_AAFT_simples_1000_Xgboost_model_all.csv
Exported ROC figure to 07_roc_data_and_figures_sdml/figures/AAFT/ROC/figure_roc_surrogate_AAFT_simples_1000_Xgboost_model_all.png
Ran in 2.25s
------------------------------ 07 Completed ROC for ml ------------------------------

------------------------------ 03 Start sliding windows ------------------------------
surr_type: AAFT
simples: 1000
ID_train: S5_S4
ID_test: S3
Variable_label: Mo
tsid: 4
features: 220
sw_width: 148

03_sliding_window_data directory already exists!
S3.shape: (297, 2)
success-> sliding_window_features_shape (real=(297-148+1, 220)):  (150, 220)
------------------------------ 03 Completed sliding windows ------------------------------

------------------------------ 04 Start predicate ------------------------------
surr_type: AAFT
simples: 1000
ID_train: S5_S4
ID_test: S3
ML_model: Xgboost_model
repeats: 10

04_prediction_data directory already exists!
df_X_test.shape (150, 220)
----------------------- prediction ... -----------------------
y_pred_list.shape: (150, 1)
y_pred_list.shape: (150, 2)
y_pred_list.shape: (150, 3)
y_pred_list.shape: (150, 4)
y_pred_list.shape: (150, 5)
y_pred_list.shape: (150, 6)
y_pred_list.shape: (150, 7)
y_pred_list.shape: (150, 8)
y_pred_list.shape: (150, 9)
y_pred_list.shape: (150, 10)
------------------------------ 04 Completed predicate ------------------------------

------------------------------ 05 Start plots ------------------------------
surr_type: AAFT
simples: 1000
ID_train: S5_S4
ID_test: S3
Variable_label: Mo
ML_model: Xgboost_model
sw_width: 148
tsid: 4

05_ews_data_and_figures directory already exists!
05_ews_data_and_figures/data directory already exists!
05_ews_data_and_figures/data/AAFT directory already exists!
05_ews_data_and_figures/figures directory already exists!
05_ews_data_and_figures/figures/AAFT directory already exists!

Record_Core: MS66
start_age, Transition, end_age: -95.770526 -85.8 -83.722374
sliding_window_S3: 148
------------------------------ 05 Completed plots ------------------------------

-------------------------------------------------------------------------------------
------------------------------ 01 Start run ------------------------------
Data_folder: MS66
surr_type: AAFT
simples: 1000
ID_train: S5_S4
ML_model: LGBM_model
repeats: 10

01_evaluation_data directory already exists!
models directory already exists!

>#1: [100. 100. 100. 100. 100. 100. 100. 100. 100. 100. 100. 100. 100. 100.
 100.]
>#2: [100. 100. 100. 100. 100. 100. 100. 100. 100. 100. 100. 100. 100. 100.
 100.]
>#3: [100. 100. 100. 100. 100. 100. 100. 100. 100. 100. 100. 100. 100. 100.
 100.]
>#4: [100. 100. 100. 100. 100. 100. 100. 100. 100. 100. 100. 100. 100. 100.
 100.]
>#5: [100. 100. 100. 100. 100. 100. 100. 100. 100. 100. 100. 100. 100. 100.
 100.]
>#6: [100. 100. 100. 100. 100. 100. 100. 100. 100. 100. 100. 100. 100. 100.
 100.]
>#7: [100. 100. 100. 100. 100. 100. 100. 100. 100. 100. 100. 100. 100. 100.
 100.]
>#8: [100. 100. 100. 100. 100. 100. 100. 100. 100. 100. 100. 100. 100. 100.
 100.]
>#9: [100. 100. 100. 100. 100. 100. 100. 100. 100. 100. 100. 100. 100. 100.
 100.]
>#10: [100. 100. 100. 100. 100. 100. 100. 100. 100. 100. 100. 100. 100. 100.
 100.]
------------------ summarize results -------------------------
ML_model: LGBM_model
scores: [array([100., 100., 100., 100., 100., 100., 100., 100., 100., 100., 100.,
       100., 100., 100., 100.]), array([100., 100., 100., 100., 100., 100., 100., 100., 100., 100., 100.,
       100., 100., 100., 100.]), array([100., 100., 100., 100., 100., 100., 100., 100., 100., 100., 100.,
       100., 100., 100., 100.]), array([100., 100., 100., 100., 100., 100., 100., 100., 100., 100., 100.,
       100., 100., 100., 100.]), array([100., 100., 100., 100., 100., 100., 100., 100., 100., 100., 100.,
       100., 100., 100., 100.]), array([100., 100., 100., 100., 100., 100., 100., 100., 100., 100., 100.,
       100., 100., 100., 100.]), array([100., 100., 100., 100., 100., 100., 100., 100., 100., 100., 100.,
       100., 100., 100., 100.]), array([100., 100., 100., 100., 100., 100., 100., 100., 100., 100., 100.,
       100., 100., 100., 100.]), array([100., 100., 100., 100., 100., 100., 100., 100., 100., 100., 100.,
       100., 100., 100., 100.]), array([100., 100., 100., 100., 100., 100., 100., 100., 100., 100., 100.,
       100., 100., 100., 100.])]
Accuracy mean (std): 100.000% (0.000)

Running time 52.9 seconds
------------------------------ 01 Completed ------------------------------

------------------------------ 02 Start Evaluation ------------------------------
surr_type: AAFT
simples: 1000
ID_train: S5_S4
ML_model: LGBM_model
repeats: 10

02_evaluation_performance directory already exists!
The results have been saved to a txt file: 02_evaluation_performance/evaluation_performance_surrogate_AAFT_simples_1000_LGBM_model_train_S5_S4.txt

Running time 1.2 seconds
------------------------------ 02 Completed Evaluation ------------------------------

------------------------------ 03 Start sliding windows ------------------------------
surr_type: AAFT
simples: 1000
ID_train: S5_S4
ID_test: S1
Variable_label: Mo
tsid: 2
features: 220
sw_width: 208

03_sliding_window_data directory already exists!
S1.shape: (416, 2)
success-> sliding_window_features_shape (real=(416-208+1, 220)):  (209, 220)
------------------------------ 03 Completed sliding windows ------------------------------

------------------------------ 04 Start predicate ------------------------------
surr_type: AAFT
simples: 1000
ID_train: S5_S4
ID_test: S1
ML_model: LGBM_model
repeats: 10

04_prediction_data directory already exists!
df_X_test.shape (209, 220)
----------------------- prediction ... -----------------------
y_pred_list.shape: (209, 1)
y_pred_list.shape: (209, 2)
y_pred_list.shape: (209, 3)
y_pred_list.shape: (209, 4)
y_pred_list.shape: (209, 5)
y_pred_list.shape: (209, 6)
y_pred_list.shape: (209, 7)
y_pred_list.shape: (209, 8)
y_pred_list.shape: (209, 9)
y_pred_list.shape: (209, 10)
------------------------------ 04 Completed predicate ------------------------------

------------------------------ 05 Start plots ------------------------------
surr_type: AAFT
simples: 1000
ID_train: S5_S4
ID_test: S1
Variable_label: Mo
ML_model: LGBM_model
sw_width: 208
tsid: 2

05_ews_data_and_figures directory already exists!
05_ews_data_and_figures/data directory already exists!
05_ews_data_and_figures/data/AAFT directory already exists!
05_ews_data_and_figures/figures directory already exists!
05_ews_data_and_figures/figures/AAFT directory already exists!

Record_Core: MS66
start_age, Transition, end_age: -20.481013 -10.5 -8.005155
sliding_window_S1: 208
------------------------------ 05 Completed plots ------------------------------

------------------------------ 07 Start ROC for ml ------------------------------
surr_type: AAFT
simples: 1000
ID_merge_tsid: [4,2]
ML_model: LGBM_model
repeats: 10
features: 220

07_roc_data_and_figures_sdml directory already exists!
07_roc_data_and_figures_sdml/data directory already exists!
07_roc_data_and_figures_sdml/data/AAFT directory already exists!
07_roc_data_and_figures_sdml/data/AAFT/ROC directory already exists!
07_roc_data_and_figures_sdml/figures directory already exists!
07_roc_data_and_figures_sdml/figures/AAFT directory already exists!

07_roc_data_and_figures_sdml/figures/AAFT/ROC directory already exists!

len_eval_pts = 20

----- 01 forced trajectories and compute EWS -----
Complete for forced tsid=4
Complete for forced tsid=2
----- 01 null trajectories and compute EWS -----
Complete for null tsid=4
Complete for null tsid=2
----- 02 Compute ROC curves -----
Exported ROC data to 07_roc_data_and_figures_sdml/data/AAFT/ROC/df_roc_surrogate_AAFT_simples_1000_LGBM_model_[4,2].csv
Exported ROC figure to 07_roc_data_and_figures_sdml/figures/AAFT/ROC/figure_roc_surrogate_AAFT_simples_1000_LGBM_model_[4,2].png
Ran in 1.48s
------------------------------ 07 Completed ROC for ml ------------------------------

------------------------------ 07 Start ROC for ml ------------------------------
surr_type: AAFT
simples: 1000
ID_merge_tsid: [8,6]
ML_model: LGBM_model
repeats: 10
features: 220

07_roc_data_and_figures_sdml directory already exists!
07_roc_data_and_figures_sdml/data directory already exists!
07_roc_data_and_figures_sdml/data/AAFT directory already exists!
07_roc_data_and_figures_sdml/data/AAFT/ROC directory already exists!
07_roc_data_and_figures_sdml/figures directory already exists!
07_roc_data_and_figures_sdml/figures/AAFT directory already exists!

07_roc_data_and_figures_sdml/figures/AAFT/ROC directory already exists!

len_eval_pts = 20

----- 01 forced trajectories and compute EWS -----
Complete for forced tsid=8
Complete for forced tsid=6
----- 01 null trajectories and compute EWS -----
Complete for null tsid=8
Complete for null tsid=6
----- 02 Compute ROC curves -----
Exported ROC data to 07_roc_data_and_figures_sdml/data/AAFT/ROC/df_roc_surrogate_AAFT_simples_1000_LGBM_model_[8,6].csv
Exported ROC figure to 07_roc_data_and_figures_sdml/figures/AAFT/ROC/figure_roc_surrogate_AAFT_simples_1000_LGBM_model_[8,6].png
Ran in 1.56s
------------------------------ 07 Completed ROC for ml ------------------------------

------------------------------ 07 Start ROC for ml ------------------------------
surr_type: AAFT
simples: 1000
ID_merge_tsid: [8,6,4,2]
ML_model: LGBM_model
repeats: 10
features: 220

07_roc_data_and_figures_sdml directory already exists!
07_roc_data_and_figures_sdml/data directory already exists!
07_roc_data_and_figures_sdml/data/AAFT directory already exists!
07_roc_data_and_figures_sdml/data/AAFT/ROC directory already exists!
07_roc_data_and_figures_sdml/figures directory already exists!
07_roc_data_and_figures_sdml/figures/AAFT directory already exists!

07_roc_data_and_figures_sdml/figures/AAFT/ROC directory already exists!

len_eval_pts = 20

----- 01 forced trajectories and compute EWS -----
Complete for forced tsid=8
Complete for forced tsid=6
Complete for forced tsid=4
Complete for forced tsid=2
----- 01 null trajectories and compute EWS -----
Complete for null tsid=8
Complete for null tsid=6
Complete for null tsid=4
Complete for null tsid=2
----- 02 Compute ROC curves -----
Exported ROC data to 07_roc_data_and_figures_sdml/data/AAFT/ROC/df_roc_surrogate_AAFT_simples_1000_LGBM_model_[8,6,4,2].csv
Exported ROC figure to 07_roc_data_and_figures_sdml/figures/AAFT/ROC/figure_roc_surrogate_AAFT_simples_1000_LGBM_model_[8,6,4,2].png
Ran in 1.62s
------------------------------ 07 Completed ROC for ml ------------------------------

------------------------------ 07 Start ROC for ml ------------------------------
surr_type: AAFT
simples: 1000
ID_merge_tsid: all
ML_model: LGBM_model
repeats: 10
features: 220

07_roc_data_and_figures_sdml directory already exists!
07_roc_data_and_figures_sdml/data directory already exists!
07_roc_data_and_figures_sdml/data/AAFT directory already exists!
07_roc_data_and_figures_sdml/data/AAFT/ROC directory already exists!
07_roc_data_and_figures_sdml/figures directory already exists!
07_roc_data_and_figures_sdml/figures/AAFT directory already exists!

07_roc_data_and_figures_sdml/figures/AAFT/ROC directory already exists!

len_eval_pts = 20

----- 01 forced trajectories and compute EWS -----
Complete for forced tsid=1
Complete for forced tsid=2
Complete for forced tsid=3
Complete for forced tsid=4
Complete for forced tsid=5
Complete for forced tsid=6
Complete for forced tsid=7
Complete for forced tsid=8
Complete for forced tsid=9
Complete for forced tsid=10
Complete for forced tsid=11
Complete for forced tsid=12
Complete for forced tsid=13
----- 01 null trajectories and compute EWS -----
Complete for null tsid=1
Complete for null tsid=2
Complete for null tsid=3
Complete for null tsid=4
Complete for null tsid=5
Complete for null tsid=6
Complete for null tsid=7
Complete for null tsid=8
Complete for null tsid=9
Complete for null tsid=10
Complete for null tsid=11
Complete for null tsid=12
Complete for null tsid=13
----- 02 Compute ROC curves -----
Exported ROC data to 07_roc_data_and_figures_sdml/data/AAFT/ROC/df_roc_surrogate_AAFT_simples_1000_LGBM_model_all.csv
Exported ROC figure to 07_roc_data_and_figures_sdml/figures/AAFT/ROC/figure_roc_surrogate_AAFT_simples_1000_LGBM_model_all.png
Ran in 2.14s
------------------------------ 07 Completed ROC for ml ------------------------------

------------------------------ 03 Start sliding windows ------------------------------
surr_type: AAFT
simples: 1000
ID_train: S5_S4
ID_test: S3
Variable_label: Mo
tsid: 4
features: 220
sw_width: 148

03_sliding_window_data directory already exists!
S3.shape: (297, 2)
success-> sliding_window_features_shape (real=(297-148+1, 220)):  (150, 220)
------------------------------ 03 Completed sliding windows ------------------------------

------------------------------ 04 Start predicate ------------------------------
surr_type: AAFT
simples: 1000
ID_train: S5_S4
ID_test: S3
ML_model: LGBM_model
repeats: 10

04_prediction_data directory already exists!
df_X_test.shape (150, 220)
----------------------- prediction ... -----------------------
y_pred_list.shape: (150, 1)
y_pred_list.shape: (150, 2)
y_pred_list.shape: (150, 3)
y_pred_list.shape: (150, 4)
y_pred_list.shape: (150, 5)
y_pred_list.shape: (150, 6)
y_pred_list.shape: (150, 7)
y_pred_list.shape: (150, 8)
y_pred_list.shape: (150, 9)
y_pred_list.shape: (150, 10)
------------------------------ 04 Completed predicate ------------------------------

------------------------------ 05 Start plots ------------------------------
surr_type: AAFT
simples: 1000
ID_train: S5_S4
ID_test: S3
Variable_label: Mo
ML_model: LGBM_model
sw_width: 148
tsid: 4

05_ews_data_and_figures directory already exists!
05_ews_data_and_figures/data directory already exists!
05_ews_data_and_figures/data/AAFT directory already exists!
05_ews_data_and_figures/figures directory already exists!
05_ews_data_and_figures/figures/AAFT directory already exists!

Record_Core: MS66
start_age, Transition, end_age: -95.770526 -85.8 -83.722374
sliding_window_S3: 148
------------------------------ 05 Completed plots ------------------------------

---------------------------- complete end ----------------------------
