--------------------------------
which conda:
/d/Users/mzq/anaconda3/Scripts/conda
which python:
/d/Users/mzq/anaconda3/envs/surr_mat/python
python version:
start date:
Wed Jan 10 14:12:40     2024
--------------------------------

---------------------------- 01 Run start python scripts -----------------------------
tsid: 8
simples: 1000
surr_type: RP

../data directory already exists!

df_tsid_8.shape: (223, 2)
extract successfully.
------------------------------------
Load library of generate surrogate datasets...
surr_df0.shape: (simples, sliding_window) =  (1000, 111)
surr0 successfully.
surr_df1.shape: (simples, sliding_window):  (1000, 111)
surr1 successfully.
surr_df.shape:  (2000, 112)
Ran in 3.60s

------------------- saved file successfully -------------------
tsid: 14
simples: 1000
surr_type: RP

../data directory already exists!

df_tsid_14.shape: (300, 2)
extract successfully.
------------------------------------
Load library of generate surrogate datasets...
surr_df0.shape: (simples, sliding_window) =  (1000, 150)
surr0 successfully.
surr_df1.shape: (simples, sliding_window):  (1000, 150)
surr1 successfully.
surr_df.shape:  (2000, 151)
Ran in 3.45s

------------------- saved file successfully -------------------
---------------------------- 01 complete end ----------------------------

---------------------------- 02 Run merge_train ----------------------------
tsid_merge: 8
surr_type: RP
n_features: 151
simples: 1000

--------------- start ---------------
raw dataset shape:
df.shape:  (2000, 112)
---------------------
concat dataframe: axis=1(col):
df_concat.shape:  (2000, 151)
---------------------
concat dataframe axis=0(row):
df_merge.shape:  (2000, 151)

------------------------------ Successful ------------------------------
------------------------------ Completed ------------------------------
tsid_merge: 14
surr_type: RP
n_features: 151
simples: 1000

--------------- start ---------------
raw dataset shape:
df.shape:  (2000, 151)
---------------------
concat dataframe: axis=1(col):
df_concat.shape:  (2000, 151)
---------------------
concat dataframe axis=0(row):
df_merge.shape:  (2000, 151)

------------------------------ Successful ------------------------------
------------------------------ Completed ------------------------------
---------------------------- 02 complete end ----------------------------
---------------------------- 01 Run start python scripts -----------------------------
tsid: 8
simples: 1000
surr_type: FT

../data directory already exists!

df_tsid_8.shape: (223, 2)
extract successfully.
------------------------------------
Load library of generate surrogate datasets...
surr_df0.shape: (simples, sliding_window) =  (1000, 111)
surr0 successfully.
surr_df1.shape: (simples, sliding_window):  (1000, 111)
surr1 successfully.
surr_df.shape:  (2000, 112)
Ran in 3.35s

------------------- saved file successfully -------------------
tsid: 14
simples: 1000
surr_type: FT

../data directory already exists!

df_tsid_14.shape: (300, 2)
extract successfully.
------------------------------------
Load library of generate surrogate datasets...
surr_df0.shape: (simples, sliding_window) =  (1000, 150)
surr0 successfully.
surr_df1.shape: (simples, sliding_window):  (1000, 150)
surr1 successfully.
surr_df.shape:  (2000, 151)
Ran in 3.44s

------------------- saved file successfully -------------------
---------------------------- 01 complete end ----------------------------

---------------------------- 02 Run merge_train ----------------------------
tsid_merge: 8
surr_type: FT
n_features: 151
simples: 1000

--------------- start ---------------
raw dataset shape:
df.shape:  (2000, 112)
---------------------
concat dataframe: axis=1(col):
df_concat.shape:  (2000, 151)
---------------------
concat dataframe axis=0(row):
df_merge.shape:  (2000, 151)

------------------------------ Successful ------------------------------
------------------------------ Completed ------------------------------
tsid_merge: 14
surr_type: FT
n_features: 151
simples: 1000

--------------- start ---------------
raw dataset shape:
df.shape:  (2000, 151)
---------------------
concat dataframe: axis=1(col):
df_concat.shape:  (2000, 151)
---------------------
concat dataframe axis=0(row):
df_merge.shape:  (2000, 151)

------------------------------ Successful ------------------------------
------------------------------ Completed ------------------------------
---------------------------- 02 complete end ----------------------------
---------------------------- 01 Run start python scripts -----------------------------
tsid: 8
simples: 1000
surr_type: AAFT

../data directory already exists!

df_tsid_8.shape: (223, 2)
extract successfully.
------------------------------------
Load library of generate surrogate datasets...
surr_df0.shape: (simples, sliding_window) =  (1000, 111)
surr0 successfully.
surr_df1.shape: (simples, sliding_window):  (1000, 111)
surr1 successfully.
surr_df.shape:  (2000, 112)
Ran in 3.32s

------------------- saved file successfully -------------------
tsid: 14
simples: 1000
surr_type: AAFT

../data directory already exists!

df_tsid_14.shape: (300, 2)
extract successfully.
------------------------------------
Load library of generate surrogate datasets...
surr_df0.shape: (simples, sliding_window) =  (1000, 150)
surr0 successfully.
surr_df1.shape: (simples, sliding_window):  (1000, 150)
surr1 successfully.
surr_df.shape:  (2000, 151)
Ran in 3.45s

------------------- saved file successfully -------------------
---------------------------- 01 complete end ----------------------------

---------------------------- 02 Run merge_train ----------------------------
tsid_merge: 8
surr_type: AAFT
n_features: 151
simples: 1000

--------------- start ---------------
raw dataset shape:
df.shape:  (2000, 112)
---------------------
concat dataframe: axis=1(col):
df_concat.shape:  (2000, 151)
---------------------
concat dataframe axis=0(row):
df_merge.shape:  (2000, 151)

------------------------------ Successful ------------------------------
------------------------------ Completed ------------------------------
tsid_merge: 14
surr_type: AAFT
n_features: 151
simples: 1000

--------------- start ---------------
raw dataset shape:
df.shape:  (2000, 151)
---------------------
concat dataframe: axis=1(col):
df_concat.shape:  (2000, 151)
---------------------
concat dataframe axis=0(row):
df_merge.shape:  (2000, 151)

------------------------------ Successful ------------------------------
------------------------------ Completed ------------------------------
---------------------------- 02 complete end ----------------------------
---------------------------- 01 Run start python scripts -----------------------------
tsid: 8
simples: 1000
surr_type: IAAFT1

../data directory already exists!

df_tsid_8.shape: (223, 2)
extract successfully.
------------------------------------
Load library of generate surrogate datasets...
surr_df0.shape: (simples, sliding_window) =  (1000, 111)
surr0 successfully.
surr_df1.shape: (simples, sliding_window):  (1000, 111)
surr1 successfully.
surr_df.shape:  (2000, 112)
Ran in 3.67s

------------------- saved file successfully -------------------
tsid: 14
simples: 1000
surr_type: IAAFT1

../data directory already exists!

df_tsid_14.shape: (300, 2)
extract successfully.
------------------------------------
Load library of generate surrogate datasets...
surr_df0.shape: (simples, sliding_window) =  (1000, 150)
surr0 successfully.
surr_df1.shape: (simples, sliding_window):  (1000, 150)
surr1 successfully.
surr_df.shape:  (2000, 151)
Ran in 3.86s

------------------- saved file successfully -------------------
---------------------------- 01 complete end ----------------------------

---------------------------- 02 Run merge_train ----------------------------
tsid_merge: 8
surr_type: IAAFT1
n_features: 151
simples: 1000

--------------- start ---------------
raw dataset shape:
df.shape:  (2000, 112)
---------------------
concat dataframe: axis=1(col):
df_concat.shape:  (2000, 151)
---------------------
concat dataframe axis=0(row):
df_merge.shape:  (2000, 151)

------------------------------ Successful ------------------------------
------------------------------ Completed ------------------------------
tsid_merge: 14
surr_type: IAAFT1
n_features: 151
simples: 1000

--------------- start ---------------
raw dataset shape:
df.shape:  (2000, 151)
---------------------
concat dataframe: axis=1(col):
df_concat.shape:  (2000, 151)
---------------------
concat dataframe axis=0(row):
df_merge.shape:  (2000, 151)

------------------------------ Successful ------------------------------
------------------------------ Completed ------------------------------
---------------------------- 02 complete end ----------------------------
---------------------------- 01 Run start python scripts -----------------------------
tsid: 8
simples: 1000
surr_type: IAAFT2

../data directory already exists!

df_tsid_8.shape: (223, 2)
extract successfully.
------------------------------------
Load library of generate surrogate datasets...
surr_df0.shape: (simples, sliding_window) =  (1000, 111)
surr0 successfully.
surr_df1.shape: (simples, sliding_window):  (1000, 111)
surr1 successfully.
surr_df.shape:  (2000, 112)
Ran in 3.65s

------------------- saved file successfully -------------------
tsid: 14
simples: 1000
surr_type: IAAFT2

../data directory already exists!

df_tsid_14.shape: (300, 2)
extract successfully.
------------------------------------
Load library of generate surrogate datasets...
surr_df0.shape: (simples, sliding_window) =  (1000, 150)
surr0 successfully.
surr_df1.shape: (simples, sliding_window):  (1000, 150)
surr1 successfully.
surr_df.shape:  (2000, 151)
Ran in 3.92s

------------------- saved file successfully -------------------
---------------------------- 01 complete end ----------------------------

---------------------------- 02 Run merge_train ----------------------------
tsid_merge: 8
surr_type: IAAFT2
n_features: 151
simples: 1000

--------------- start ---------------
raw dataset shape:
df.shape:  (2000, 112)
---------------------
concat dataframe: axis=1(col):
df_concat.shape:  (2000, 151)
---------------------
concat dataframe axis=0(row):
df_merge.shape:  (2000, 151)

------------------------------ Successful ------------------------------
------------------------------ Completed ------------------------------
tsid_merge: 14
surr_type: IAAFT2
n_features: 151
simples: 1000

--------------- start ---------------
raw dataset shape:
df.shape:  (2000, 151)
---------------------
concat dataframe: axis=1(col):
df_concat.shape:  (2000, 151)
---------------------
concat dataframe axis=0(row):
df_merge.shape:  (2000, 151)

------------------------------ Successful ------------------------------
------------------------------ Completed ------------------------------
---------------------------- 02 complete end ----------------------------
---------------------------- 01 Run start python scripts -----------------------------
tsid: 8
simples: 10000
surr_type: RP

../data directory already exists!

df_tsid_8.shape: (223, 2)
extract successfully.
------------------------------------
Load library of generate surrogate datasets...
surr_df0.shape: (simples, sliding_window) =  (10000, 111)
surr0 successfully.
surr_df1.shape: (simples, sliding_window):  (10000, 111)
surr1 successfully.
surr_df.shape:  (20000, 112)
Ran in 6.43s

------------------- saved file successfully -------------------
tsid: 14
simples: 10000
surr_type: RP

../data directory already exists!

df_tsid_14.shape: (300, 2)
extract successfully.
------------------------------------
Load library of generate surrogate datasets...
surr_df0.shape: (simples, sliding_window) =  (10000, 150)
surr0 successfully.
surr_df1.shape: (simples, sliding_window):  (10000, 150)
surr1 successfully.
surr_df.shape:  (20000, 151)
Ran in 7.64s

------------------- saved file successfully -------------------
---------------------------- 01 complete end ----------------------------

---------------------------- 02 Run merge_train ----------------------------
tsid_merge: 8
surr_type: RP
n_features: 151
simples: 10000

--------------- start ---------------
raw dataset shape:
df.shape:  (20000, 112)
---------------------
concat dataframe: axis=1(col):
df_concat.shape:  (20000, 151)
---------------------
concat dataframe axis=0(row):
df_merge.shape:  (20000, 151)

------------------------------ Successful ------------------------------
------------------------------ Completed ------------------------------
tsid_merge: 14
surr_type: RP
n_features: 151
simples: 10000

--------------- start ---------------
raw dataset shape:
df.shape:  (20000, 151)
---------------------
concat dataframe: axis=1(col):
df_concat.shape:  (20000, 151)
---------------------
concat dataframe axis=0(row):
df_merge.shape:  (20000, 151)

------------------------------ Successful ------------------------------
------------------------------ Completed ------------------------------
---------------------------- 02 complete end ----------------------------
---------------------------- 01 Run start python scripts -----------------------------
tsid: 8
simples: 10000
surr_type: FT

../data directory already exists!

df_tsid_8.shape: (223, 2)
extract successfully.
------------------------------------
Load library of generate surrogate datasets...
surr_df0.shape: (simples, sliding_window) =  (10000, 111)
surr0 successfully.
surr_df1.shape: (simples, sliding_window):  (10000, 111)
surr1 successfully.
surr_df.shape:  (20000, 112)
Ran in 6.50s

------------------- saved file successfully -------------------
tsid: 14
simples: 10000
surr_type: FT

../data directory already exists!

df_tsid_14.shape: (300, 2)
extract successfully.
------------------------------------
Load library of generate surrogate datasets...
surr_df0.shape: (simples, sliding_window) =  (10000, 150)
surr0 successfully.
surr_df1.shape: (simples, sliding_window):  (10000, 150)
surr1 successfully.
surr_df.shape:  (20000, 151)
Ran in 7.73s

------------------- saved file successfully -------------------
---------------------------- 01 complete end ----------------------------

---------------------------- 02 Run merge_train ----------------------------
tsid_merge: 8
surr_type: FT
n_features: 151
simples: 10000

--------------- start ---------------
raw dataset shape:
df.shape:  (20000, 112)
---------------------
concat dataframe: axis=1(col):
df_concat.shape:  (20000, 151)
---------------------
concat dataframe axis=0(row):
df_merge.shape:  (20000, 151)

------------------------------ Successful ------------------------------
------------------------------ Completed ------------------------------
tsid_merge: 14
surr_type: FT
n_features: 151
simples: 10000

--------------- start ---------------
raw dataset shape:
df.shape:  (20000, 151)
---------------------
concat dataframe: axis=1(col):
df_concat.shape:  (20000, 151)
---------------------
concat dataframe axis=0(row):
df_merge.shape:  (20000, 151)

------------------------------ Successful ------------------------------
------------------------------ Completed ------------------------------
---------------------------- 02 complete end ----------------------------
---------------------------- 01 Run start python scripts -----------------------------
tsid: 8
simples: 10000
surr_type: AAFT

../data directory already exists!

df_tsid_8.shape: (223, 2)
extract successfully.
------------------------------------
Load library of generate surrogate datasets...
surr_df0.shape: (simples, sliding_window) =  (10000, 111)
surr0 successfully.
surr_df1.shape: (simples, sliding_window):  (10000, 111)
surr1 successfully.
surr_df.shape:  (20000, 112)
Ran in 6.61s

------------------- saved file successfully -------------------
tsid: 14
simples: 10000
surr_type: AAFT

../data directory already exists!

df_tsid_14.shape: (300, 2)
extract successfully.
------------------------------------
Load library of generate surrogate datasets...
surr_df0.shape: (simples, sliding_window) =  (10000, 150)
surr0 successfully.
surr_df1.shape: (simples, sliding_window):  (10000, 150)
surr1 successfully.
surr_df.shape:  (20000, 151)
Ran in 7.68s

------------------- saved file successfully -------------------
---------------------------- 01 complete end ----------------------------

---------------------------- 02 Run merge_train ----------------------------
tsid_merge: 8
surr_type: AAFT
n_features: 151
simples: 10000

--------------- start ---------------
raw dataset shape:
df.shape:  (20000, 112)
---------------------
concat dataframe: axis=1(col):
df_concat.shape:  (20000, 151)
---------------------
concat dataframe axis=0(row):
df_merge.shape:  (20000, 151)

------------------------------ Successful ------------------------------
------------------------------ Completed ------------------------------
tsid_merge: 14
surr_type: AAFT
n_features: 151
simples: 10000

--------------- start ---------------
raw dataset shape:
df.shape:  (20000, 151)
---------------------
concat dataframe: axis=1(col):
df_concat.shape:  (20000, 151)
---------------------
concat dataframe axis=0(row):
df_merge.shape:  (20000, 151)

------------------------------ Successful ------------------------------
------------------------------ Completed ------------------------------
---------------------------- 02 complete end ----------------------------
---------------------------- 01 Run start python scripts -----------------------------
tsid: 8
simples: 10000
surr_type: IAAFT1

../data directory already exists!

df_tsid_8.shape: (223, 2)
extract successfully.
------------------------------------
Load library of generate surrogate datasets...
surr_df0.shape: (simples, sliding_window) =  (10000, 111)
surr0 successfully.
surr_df1.shape: (simples, sliding_window):  (10000, 111)
surr1 successfully.
surr_df.shape:  (20000, 112)
Ran in 9.33s

------------------- saved file successfully -------------------
tsid: 14
simples: 10000
surr_type: IAAFT1

../data directory already exists!

df_tsid_14.shape: (300, 2)
extract successfully.
------------------------------------
Load library of generate surrogate datasets...
surr_df0.shape: (simples, sliding_window) =  (10000, 150)
surr0 successfully.
surr_df1.shape: (simples, sliding_window):  (10000, 150)
surr1 successfully.
surr_df.shape:  (20000, 151)
Ran in 12.73s

------------------- saved file successfully -------------------
---------------------------- 01 complete end ----------------------------

---------------------------- 02 Run merge_train ----------------------------
tsid_merge: 8
surr_type: IAAFT1
n_features: 151
simples: 10000

--------------- start ---------------
raw dataset shape:
df.shape:  (20000, 112)
---------------------
concat dataframe: axis=1(col):
df_concat.shape:  (20000, 151)
---------------------
concat dataframe axis=0(row):
df_merge.shape:  (20000, 151)

------------------------------ Successful ------------------------------
------------------------------ Completed ------------------------------
tsid_merge: 14
surr_type: IAAFT1
n_features: 151
simples: 10000

--------------- start ---------------
raw dataset shape:
df.shape:  (20000, 151)
---------------------
concat dataframe: axis=1(col):
df_concat.shape:  (20000, 151)
---------------------
concat dataframe axis=0(row):
df_merge.shape:  (20000, 151)

------------------------------ Successful ------------------------------
------------------------------ Completed ------------------------------
---------------------------- 02 complete end ----------------------------
---------------------------- 01 Run start python scripts -----------------------------
tsid: 8
simples: 10000
surr_type: IAAFT2

../data directory already exists!

df_tsid_8.shape: (223, 2)
extract successfully.
------------------------------------
Load library of generate surrogate datasets...
surr_df0.shape: (simples, sliding_window) =  (10000, 111)
surr0 successfully.
surr_df1.shape: (simples, sliding_window):  (10000, 111)
surr1 successfully.
surr_df.shape:  (20000, 112)
Ran in 9.85s

------------------- saved file successfully -------------------
tsid: 14
simples: 10000
surr_type: IAAFT2

../data directory already exists!

df_tsid_14.shape: (300, 2)
extract successfully.
------------------------------------
Load library of generate surrogate datasets...
surr_df0.shape: (simples, sliding_window) =  (10000, 150)
surr0 successfully.
surr_df1.shape: (simples, sliding_window):  (10000, 150)
surr1 successfully.
surr_df.shape:  (20000, 151)
Ran in 13.53s

------------------- saved file successfully -------------------
---------------------------- 01 complete end ----------------------------

---------------------------- 02 Run merge_train ----------------------------
tsid_merge: 8
surr_type: IAAFT2
n_features: 151
simples: 10000

--------------- start ---------------
raw dataset shape:
df.shape:  (20000, 112)
---------------------
concat dataframe: axis=1(col):
df_concat.shape:  (20000, 151)
---------------------
concat dataframe axis=0(row):
df_merge.shape:  (20000, 151)

------------------------------ Successful ------------------------------
------------------------------ Completed ------------------------------
tsid_merge: 14
surr_type: IAAFT2
n_features: 151
simples: 10000

--------------- start ---------------
raw dataset shape:
df.shape:  (20000, 151)
---------------------
concat dataframe: axis=1(col):
df_concat.shape:  (20000, 151)
---------------------
concat dataframe axis=0(row):
df_merge.shape:  (20000, 151)

------------------------------ Successful ------------------------------
------------------------------ Completed ------------------------------
---------------------------- 02 complete end ----------------------------
end date:
Wed Jan 10 14:17:48     2024
