--------------------------------
which conda:
/d/Users/mzq/anaconda3/Scripts/conda
which python:
/d/Users/mzq/anaconda3/envs/surr_mat/python
python version:
start date:
Thu Jan 11 23:17:54     2024
--------------------------------

---------------------------- 01 Run start python scripts -----------------------------
tsid: 8
simples: 1000
surr_type: RP

df_tsid_8.shape: (223, 2)
extract successfully.
------------------------------------
Load library of generate surrogate datasets...
surr_df0.shape: (simples, sliding_window) =  (1000, 111)
surr0 successfully.
surr_df1.shape: (simples, sliding_window):  (1000, 111)
surr1 successfully.
surr_df.shape:  (2000, 112)
Ran in 3.37s

------------------- saved file successfully -------------------
tsid: 14
simples: 1000
surr_type: RP

../data directory already exists!

df_tsid_14.shape: (300, 2)
extract successfully.
------------------------------------
Load library of generate surrogate datasets...
surr_df0.shape: (simples, sliding_window) =  (1000, 150)
surr0 successfully.
surr_df1.shape: (simples, sliding_window):  (1000, 150)
surr1 successfully.
surr_df.shape:  (2000, 151)
Ran in 3.45s

------------------- saved file successfully -------------------
---------------------------- 01 complete end ----------------------------

---------------------------- 02 Run merge_train ----------------------------
tsid_merge: 8
surr_type: RP
n_features: 151
simples: 1000

--------------- start ---------------
raw dataset shape:
df.shape:  (2000, 112)
---------------------
concat dataframe: axis=1(col):
df_concat.shape:  (2000, 151)
---------------------
concat dataframe axis=0(row):
df_merge.shape:  (2000, 151)

------------------------------ Successful ------------------------------
------------------------------ Completed ------------------------------
tsid_merge: 14
surr_type: RP
n_features: 151
simples: 1000

--------------- start ---------------
raw dataset shape:
df.shape:  (2000, 151)
---------------------
concat dataframe: axis=1(col):
df_concat.shape:  (2000, 151)
---------------------
concat dataframe axis=0(row):
df_merge.shape:  (2000, 151)

------------------------------ Successful ------------------------------
------------------------------ Completed ------------------------------
---------------------------- 02 complete end ----------------------------
---------------------------- 01 Run start python scripts -----------------------------
tsid: 8
simples: 1000
surr_type: FT

../data directory already exists!

df_tsid_8.shape: (223, 2)
extract successfully.
------------------------------------
Load library of generate surrogate datasets...
surr_df0.shape: (simples, sliding_window) =  (1000, 111)
surr0 successfully.
surr_df1.shape: (simples, sliding_window):  (1000, 111)
surr1 successfully.
surr_df.shape:  (2000, 112)
Ran in 3.34s

------------------- saved file successfully -------------------
tsid: 14
simples: 1000
surr_type: FT

../data directory already exists!

df_tsid_14.shape: (300, 2)
extract successfully.
------------------------------------
Load library of generate surrogate datasets...
surr_df0.shape: (simples, sliding_window) =  (1000, 150)
surr0 successfully.
surr_df1.shape: (simples, sliding_window):  (1000, 150)
surr1 successfully.
surr_df.shape:  (2000, 151)
Ran in 3.53s

------------------- saved file successfully -------------------
---------------------------- 01 complete end ----------------------------

---------------------------- 02 Run merge_train ----------------------------
tsid_merge: 8
surr_type: FT
n_features: 151
simples: 1000

--------------- start ---------------
raw dataset shape:
df.shape:  (2000, 112)
---------------------
concat dataframe: axis=1(col):
df_concat.shape:  (2000, 151)
---------------------
concat dataframe axis=0(row):
df_merge.shape:  (2000, 151)

------------------------------ Successful ------------------------------
------------------------------ Completed ------------------------------
tsid_merge: 14
surr_type: FT
n_features: 151
simples: 1000

--------------- start ---------------
raw dataset shape:
df.shape:  (2000, 151)
---------------------
concat dataframe: axis=1(col):
df_concat.shape:  (2000, 151)
---------------------
concat dataframe axis=0(row):
df_merge.shape:  (2000, 151)

------------------------------ Successful ------------------------------
------------------------------ Completed ------------------------------
---------------------------- 02 complete end ----------------------------
---------------------------- 01 Run start python scripts -----------------------------
tsid: 8
simples: 1000
surr_type: AAFT

../data directory already exists!

df_tsid_8.shape: (223, 2)
extract successfully.
------------------------------------
Load library of generate surrogate datasets...
surr_df0.shape: (simples, sliding_window) =  (1000, 111)
surr0 successfully.
surr_df1.shape: (simples, sliding_window):  (1000, 111)
surr1 successfully.
surr_df.shape:  (2000, 112)
Ran in 3.39s

------------------- saved file successfully -------------------
tsid: 14
simples: 1000
surr_type: AAFT

../data directory already exists!

df_tsid_14.shape: (300, 2)
extract successfully.
------------------------------------
Load library of generate surrogate datasets...
surr_df0.shape: (simples, sliding_window) =  (1000, 150)
surr0 successfully.
surr_df1.shape: (simples, sliding_window):  (1000, 150)
surr1 successfully.
surr_df.shape:  (2000, 151)
Ran in 3.64s

------------------- saved file successfully -------------------
---------------------------- 01 complete end ----------------------------

---------------------------- 02 Run merge_train ----------------------------
tsid_merge: 8
surr_type: AAFT
n_features: 151
simples: 1000

--------------- start ---------------
raw dataset shape:
df.shape:  (2000, 112)
---------------------
concat dataframe: axis=1(col):
df_concat.shape:  (2000, 151)
---------------------
concat dataframe axis=0(row):
df_merge.shape:  (2000, 151)

------------------------------ Successful ------------------------------
------------------------------ Completed ------------------------------
tsid_merge: 14
surr_type: AAFT
n_features: 151
simples: 1000

--------------- start ---------------
raw dataset shape:
df.shape:  (2000, 151)
---------------------
concat dataframe: axis=1(col):
df_concat.shape:  (2000, 151)
---------------------
concat dataframe axis=0(row):
df_merge.shape:  (2000, 151)

------------------------------ Successful ------------------------------
------------------------------ Completed ------------------------------
---------------------------- 02 complete end ----------------------------
---------------------------- 01 Run start python scripts -----------------------------
tsid: 8
simples: 1000
surr_type: IAAFT1

../data directory already exists!

df_tsid_8.shape: (223, 2)
extract successfully.
------------------------------------
Load library of generate surrogate datasets...
surr_df0.shape: (simples, sliding_window) =  (1000, 111)
surr0 successfully.
surr_df1.shape: (simples, sliding_window):  (1000, 111)
surr1 successfully.
surr_df.shape:  (2000, 112)
Ran in 3.60s

------------------- saved file successfully -------------------
tsid: 14
simples: 1000
surr_type: IAAFT1

../data directory already exists!

df_tsid_14.shape: (300, 2)
extract successfully.
------------------------------------
Load library of generate surrogate datasets...
surr_df0.shape: (simples, sliding_window) =  (1000, 150)
surr0 successfully.
surr_df1.shape: (simples, sliding_window):  (1000, 150)
surr1 successfully.
surr_df.shape:  (2000, 151)
Ran in 3.89s

------------------- saved file successfully -------------------
---------------------------- 01 complete end ----------------------------

---------------------------- 02 Run merge_train ----------------------------
tsid_merge: 8
surr_type: IAAFT1
n_features: 151
simples: 1000

--------------- start ---------------
raw dataset shape:
df.shape:  (2000, 112)
---------------------
concat dataframe: axis=1(col):
df_concat.shape:  (2000, 151)
---------------------
concat dataframe axis=0(row):
df_merge.shape:  (2000, 151)

------------------------------ Successful ------------------------------
------------------------------ Completed ------------------------------
tsid_merge: 14
surr_type: IAAFT1
n_features: 151
simples: 1000

--------------- start ---------------
raw dataset shape:
df.shape:  (2000, 151)
---------------------
concat dataframe: axis=1(col):
df_concat.shape:  (2000, 151)
---------------------
concat dataframe axis=0(row):
df_merge.shape:  (2000, 151)

------------------------------ Successful ------------------------------
------------------------------ Completed ------------------------------
---------------------------- 02 complete end ----------------------------
---------------------------- 01 Run start python scripts -----------------------------
tsid: 8
simples: 1000
surr_type: IAAFT2

../data directory already exists!

df_tsid_8.shape: (223, 2)
extract successfully.
------------------------------------
Load library of generate surrogate datasets...
surr_df0.shape: (simples, sliding_window) =  (1000, 111)
surr0 successfully.
surr_df1.shape: (simples, sliding_window):  (1000, 111)
surr1 successfully.
surr_df.shape:  (2000, 112)
Ran in 3.67s

------------------- saved file successfully -------------------
tsid: 14
simples: 1000
surr_type: IAAFT2

../data directory already exists!

df_tsid_14.shape: (300, 2)
extract successfully.
------------------------------------
Load library of generate surrogate datasets...
surr_df0.shape: (simples, sliding_window) =  (1000, 150)
surr0 successfully.
surr_df1.shape: (simples, sliding_window):  (1000, 150)
surr1 successfully.
surr_df.shape:  (2000, 151)
Ran in 3.99s

------------------- saved file successfully -------------------
---------------------------- 01 complete end ----------------------------

---------------------------- 02 Run merge_train ----------------------------
tsid_merge: 8
surr_type: IAAFT2
n_features: 151
simples: 1000

--------------- start ---------------
raw dataset shape:
df.shape:  (2000, 112)
---------------------
concat dataframe: axis=1(col):
df_concat.shape:  (2000, 151)
---------------------
concat dataframe axis=0(row):
df_merge.shape:  (2000, 151)

------------------------------ Successful ------------------------------
------------------------------ Completed ------------------------------
tsid_merge: 14
surr_type: IAAFT2
n_features: 151
simples: 1000

--------------- start ---------------
raw dataset shape:
df.shape:  (2000, 151)
---------------------
concat dataframe: axis=1(col):
df_concat.shape:  (2000, 151)
---------------------
concat dataframe axis=0(row):
df_merge.shape:  (2000, 151)

------------------------------ Successful ------------------------------
------------------------------ Completed ------------------------------
---------------------------- 02 complete end ----------------------------
---------------------------- 01 Run start python scripts -----------------------------
tsid: 8
simples: 10000
surr_type: RP

../data directory already exists!

df_tsid_8.shape: (223, 2)
extract successfully.
------------------------------------
Load library of generate surrogate datasets...
surr_df0.shape: (simples, sliding_window) =  (10000, 111)
surr0 successfully.
surr_df1.shape: (simples, sliding_window):  (10000, 111)
surr1 successfully.
surr_df.shape:  (20000, 112)
Ran in 6.44s

------------------- saved file successfully -------------------
tsid: 14
simples: 10000
surr_type: RP

../data directory already exists!

df_tsid_14.shape: (300, 2)
extract successfully.
------------------------------------
Load library of generate surrogate datasets...
surr_df0.shape: (simples, sliding_window) =  (10000, 150)
surr0 successfully.
surr_df1.shape: (simples, sliding_window):  (10000, 150)
surr1 successfully.
surr_df.shape:  (20000, 151)
Ran in 7.74s

------------------- saved file successfully -------------------
---------------------------- 01 complete end ----------------------------

---------------------------- 02 Run merge_train ----------------------------
tsid_merge: 8
surr_type: RP
n_features: 151
simples: 10000

--------------- start ---------------
raw dataset shape:
df.shape:  (20000, 112)
---------------------
concat dataframe: axis=1(col):
df_concat.shape:  (20000, 151)
---------------------
concat dataframe axis=0(row):
df_merge.shape:  (20000, 151)

------------------------------ Successful ------------------------------
------------------------------ Completed ------------------------------
tsid_merge: 14
surr_type: RP
n_features: 151
simples: 10000

--------------- start ---------------
raw dataset shape:
df.shape:  (20000, 151)
---------------------
concat dataframe: axis=1(col):
df_concat.shape:  (20000, 151)
---------------------
concat dataframe axis=0(row):
df_merge.shape:  (20000, 151)

------------------------------ Successful ------------------------------
------------------------------ Completed ------------------------------
---------------------------- 02 complete end ----------------------------
---------------------------- 01 Run start python scripts -----------------------------
tsid: 8
simples: 10000
surr_type: FT

../data directory already exists!

df_tsid_8.shape: (223, 2)
extract successfully.
------------------------------------
Load library of generate surrogate datasets...
surr_df0.shape: (simples, sliding_window) =  (10000, 111)
surr0 successfully.
surr_df1.shape: (simples, sliding_window):  (10000, 111)
surr1 successfully.
surr_df.shape:  (20000, 112)
Ran in 6.51s

------------------- saved file successfully -------------------
tsid: 14
simples: 10000
surr_type: FT

../data directory already exists!

df_tsid_14.shape: (300, 2)
extract successfully.
------------------------------------
Load library of generate surrogate datasets...
surr_df0.shape: (simples, sliding_window) =  (10000, 150)
surr0 successfully.
surr_df1.shape: (simples, sliding_window):  (10000, 150)
surr1 successfully.
surr_df.shape:  (20000, 151)
Ran in 8.07s

------------------- saved file successfully -------------------
---------------------------- 01 complete end ----------------------------

---------------------------- 02 Run merge_train ----------------------------
tsid_merge: 8
surr_type: FT
n_features: 151
simples: 10000

--------------- start ---------------
raw dataset shape:
df.shape:  (20000, 112)
---------------------
concat dataframe: axis=1(col):
df_concat.shape:  (20000, 151)
---------------------
concat dataframe axis=0(row):
df_merge.shape:  (20000, 151)

------------------------------ Successful ------------------------------
------------------------------ Completed ------------------------------
tsid_merge: 14
surr_type: FT
n_features: 151
simples: 10000

--------------- start ---------------
raw dataset shape:
df.shape:  (20000, 151)
---------------------
concat dataframe: axis=1(col):
df_concat.shape:  (20000, 151)
---------------------
concat dataframe axis=0(row):
df_merge.shape:  (20000, 151)

------------------------------ Successful ------------------------------
------------------------------ Completed ------------------------------
---------------------------- 02 complete end ----------------------------
---------------------------- 01 Run start python scripts -----------------------------
tsid: 8
simples: 10000
surr_type: AAFT

../data directory already exists!

df_tsid_8.shape: (223, 2)
extract successfully.
------------------------------------
Load library of generate surrogate datasets...
surr_df0.shape: (simples, sliding_window) =  (10000, 111)
surr0 successfully.
surr_df1.shape: (simples, sliding_window):  (10000, 111)
surr1 successfully.
surr_df.shape:  (20000, 112)
Ran in 6.79s

------------------- saved file successfully -------------------
tsid: 14
simples: 10000
surr_type: AAFT

../data directory already exists!

df_tsid_14.shape: (300, 2)
extract successfully.
------------------------------------
Load library of generate surrogate datasets...
surr_df0.shape: (simples, sliding_window) =  (10000, 150)
surr0 successfully.
surr_df1.shape: (simples, sliding_window):  (10000, 150)
surr1 successfully.
surr_df.shape:  (20000, 151)
Ran in 8.05s

------------------- saved file successfully -------------------
---------------------------- 01 complete end ----------------------------

---------------------------- 02 Run merge_train ----------------------------
tsid_merge: 8
surr_type: AAFT
n_features: 151
simples: 10000

--------------- start ---------------
raw dataset shape:
df.shape:  (20000, 112)
---------------------
concat dataframe: axis=1(col):
df_concat.shape:  (20000, 151)
---------------------
concat dataframe axis=0(row):
df_merge.shape:  (20000, 151)

------------------------------ Successful ------------------------------
------------------------------ Completed ------------------------------
tsid_merge: 14
surr_type: AAFT
n_features: 151
simples: 10000

--------------- start ---------------
raw dataset shape:
df.shape:  (20000, 151)
---------------------
concat dataframe: axis=1(col):
df_concat.shape:  (20000, 151)
---------------------
concat dataframe axis=0(row):
df_merge.shape:  (20000, 151)

------------------------------ Successful ------------------------------
------------------------------ Completed ------------------------------
---------------------------- 02 complete end ----------------------------
---------------------------- 01 Run start python scripts -----------------------------
tsid: 8
simples: 10000
surr_type: IAAFT1

../data directory already exists!

df_tsid_8.shape: (223, 2)
extract successfully.
------------------------------------
Load library of generate surrogate datasets...
surr_df0.shape: (simples, sliding_window) =  (10000, 111)
surr0 successfully.
surr_df1.shape: (simples, sliding_window):  (10000, 111)
surr1 successfully.
surr_df.shape:  (20000, 112)
Ran in 9.85s

------------------- saved file successfully -------------------
tsid: 14
simples: 10000
surr_type: IAAFT1

../data directory already exists!

df_tsid_14.shape: (300, 2)
extract successfully.
------------------------------------
Load library of generate surrogate datasets...
surr_df0.shape: (simples, sliding_window) =  (10000, 150)
surr0 successfully.
surr_df1.shape: (simples, sliding_window):  (10000, 150)
surr1 successfully.
surr_df.shape:  (20000, 151)
Ran in 12.57s

------------------- saved file successfully -------------------
---------------------------- 01 complete end ----------------------------

---------------------------- 02 Run merge_train ----------------------------
tsid_merge: 8
surr_type: IAAFT1
n_features: 151
simples: 10000

--------------- start ---------------
raw dataset shape:
df.shape:  (20000, 112)
---------------------
concat dataframe: axis=1(col):
df_concat.shape:  (20000, 151)
---------------------
concat dataframe axis=0(row):
df_merge.shape:  (20000, 151)

------------------------------ Successful ------------------------------
------------------------------ Completed ------------------------------
tsid_merge: 14
surr_type: IAAFT1
n_features: 151
simples: 10000

--------------- start ---------------
raw dataset shape:
df.shape:  (20000, 151)
---------------------
concat dataframe: axis=1(col):
df_concat.shape:  (20000, 151)
---------------------
concat dataframe axis=0(row):
df_merge.shape:  (20000, 151)

------------------------------ Successful ------------------------------
------------------------------ Completed ------------------------------
---------------------------- 02 complete end ----------------------------
---------------------------- 01 Run start python scripts -----------------------------
tsid: 8
simples: 10000
surr_type: IAAFT2

../data directory already exists!

df_tsid_8.shape: (223, 2)
extract successfully.
------------------------------------
Load library of generate surrogate datasets...
surr_df0.shape: (simples, sliding_window) =  (10000, 111)
surr0 successfully.
surr_df1.shape: (simples, sliding_window):  (10000, 111)
surr1 successfully.
surr_df.shape:  (20000, 112)
Ran in 9.14s

------------------- saved file successfully -------------------
tsid: 14
simples: 10000
surr_type: IAAFT2

../data directory already exists!

df_tsid_14.shape: (300, 2)
extract successfully.
------------------------------------
Load library of generate surrogate datasets...
surr_df0.shape: (simples, sliding_window) =  (10000, 150)
surr0 successfully.
surr_df1.shape: (simples, sliding_window):  (10000, 150)
surr1 successfully.
surr_df.shape:  (20000, 151)
Ran in 11.43s

------------------- saved file successfully -------------------
---------------------------- 01 complete end ----------------------------

---------------------------- 02 Run merge_train ----------------------------
tsid_merge: 8
surr_type: IAAFT2
n_features: 151
simples: 10000

--------------- start ---------------
raw dataset shape:
df.shape:  (20000, 112)
---------------------
concat dataframe: axis=1(col):
df_concat.shape:  (20000, 151)
---------------------
concat dataframe axis=0(row):
df_merge.shape:  (20000, 151)

------------------------------ Successful ------------------------------
------------------------------ Completed ------------------------------
tsid_merge: 14
surr_type: IAAFT2
n_features: 151
simples: 10000

--------------- start ---------------
raw dataset shape:
df.shape:  (20000, 151)
---------------------
concat dataframe: axis=1(col):
df_concat.shape:  (20000, 151)
---------------------
concat dataframe axis=0(row):
df_merge.shape:  (20000, 151)

------------------------------ Successful ------------------------------
------------------------------ Completed ------------------------------
---------------------------- 02 complete end ----------------------------
end date:
Thu Jan 11 23:23:02     2024
