---------------------------- Run start python scripts -----------------------------
-------------------------------------------------------------------------------------
Using GPU for TensorFlow.
------------------------------ 01 Start run ------------------------------
Data_folder: paleoclimate
surr_type: IAAFT2
simples: 10000
ID_train: IV_III
DL_model: CNN_model
repeats: 10

01_evaluation_data directory already exists!
models directory already exists!

full_path= G:/surrogate_data_based_machine_learning_v4.0.0/paleoclimate/01_data_preprocessing/02_extracte_and_generate_surrogate_dataset/paleoclimate/data/merge_surrogate_IAAFT2_simples_10000_train_IV_III.csv

Epoch 1: val_accuracy improved from -inf to 0.50987, saving model to models\surrogate_IAAFT2_simples_10000_CNN_model_0.h5

Epoch 2: val_accuracy did not improve from 0.50987

Epoch 3: val_accuracy did not improve from 0.50987

Epoch 4: val_accuracy did not improve from 0.50987

Epoch 5: val_accuracy improved from 0.50987 to 0.66450, saving model to models\surrogate_IAAFT2_simples_10000_CNN_model_0.h5

Epoch 6: val_accuracy did not improve from 0.66450

Epoch 7: val_accuracy did not improve from 0.66450

Epoch 8: val_accuracy did not improve from 0.66450

Epoch 9: val_accuracy did not improve from 0.66450

Epoch 10: val_accuracy did not improve from 0.66450
Epoch 10: early stopping
>#1: 66.450

Epoch 1: val_accuracy improved from -inf to 0.49975, saving model to models\surrogate_IAAFT2_simples_10000_CNN_model_1.h5

Epoch 2: val_accuracy did not improve from 0.49975

Epoch 3: val_accuracy improved from 0.49975 to 0.50987, saving model to models\surrogate_IAAFT2_simples_10000_CNN_model_1.h5

Epoch 4: val_accuracy did not improve from 0.50987

Epoch 5: val_accuracy did not improve from 0.50987

Epoch 6: val_accuracy did not improve from 0.50987

Epoch 7: val_accuracy did not improve from 0.50987

Epoch 8: val_accuracy did not improve from 0.50987
Epoch 8: early stopping
>#2: 50.987

Epoch 1: val_accuracy improved from -inf to 0.49975, saving model to models\surrogate_IAAFT2_simples_10000_CNN_model_2.h5

Epoch 2: val_accuracy improved from 0.49975 to 0.50987, saving model to models\surrogate_IAAFT2_simples_10000_CNN_model_2.h5

Epoch 3: val_accuracy improved from 0.50987 to 0.51012, saving model to models\surrogate_IAAFT2_simples_10000_CNN_model_2.h5

Epoch 4: val_accuracy did not improve from 0.51012

Epoch 5: val_accuracy did not improve from 0.51012

Epoch 6: val_accuracy did not improve from 0.51012

Epoch 7: val_accuracy did not improve from 0.51012

Epoch 8: val_accuracy did not improve from 0.51012
Epoch 8: early stopping
>#3: 51.012

Epoch 1: val_accuracy improved from -inf to 0.49975, saving model to models\surrogate_IAAFT2_simples_10000_CNN_model_3.h5

Epoch 2: val_accuracy did not improve from 0.49975

Epoch 3: val_accuracy improved from 0.49975 to 0.50025, saving model to models\surrogate_IAAFT2_simples_10000_CNN_model_3.h5

Epoch 4: val_accuracy did not improve from 0.50025

Epoch 5: val_accuracy did not improve from 0.50025

Epoch 6: val_accuracy did not improve from 0.50025

Epoch 7: val_accuracy improved from 0.50025 to 0.50987, saving model to models\surrogate_IAAFT2_simples_10000_CNN_model_3.h5

Epoch 8: val_accuracy did not improve from 0.50987

Epoch 9: val_accuracy did not improve from 0.50987

Epoch 10: val_accuracy did not improve from 0.50987

Epoch 11: val_accuracy did not improve from 0.50987

Epoch 12: val_accuracy did not improve from 0.50987
Epoch 12: early stopping
>#4: 50.987

Epoch 1: val_accuracy improved from -inf to 0.49013, saving model to models\surrogate_IAAFT2_simples_10000_CNN_model_4.h5

Epoch 2: val_accuracy did not improve from 0.49013

Epoch 3: val_accuracy did not improve from 0.49013

Epoch 4: val_accuracy did not improve from 0.49013

Epoch 5: val_accuracy did not improve from 0.49013

Epoch 6: val_accuracy did not improve from 0.49013
Epoch 6: early stopping
>#5: 49.013

Epoch 1: val_accuracy improved from -inf to 0.49013, saving model to models\surrogate_IAAFT2_simples_10000_CNN_model_5.h5

Epoch 2: val_accuracy did not improve from 0.49013

Epoch 3: val_accuracy did not improve from 0.49013

Epoch 4: val_accuracy did not improve from 0.49013

Epoch 5: val_accuracy did not improve from 0.49013

Epoch 6: val_accuracy did not improve from 0.49013
Epoch 6: early stopping
>#6: 49.013

Epoch 1: val_accuracy improved from -inf to 0.50987, saving model to models\surrogate_IAAFT2_simples_10000_CNN_model_6.h5

Epoch 2: val_accuracy did not improve from 0.50987

Epoch 3: val_accuracy did not improve from 0.50987

Epoch 4: val_accuracy did not improve from 0.50987

Epoch 5: val_accuracy did not improve from 0.50987

Epoch 6: val_accuracy did not improve from 0.50987
Epoch 6: early stopping
>#7: 50.987

Epoch 1: val_accuracy improved from -inf to 0.49975, saving model to models\surrogate_IAAFT2_simples_10000_CNN_model_7.h5

Epoch 2: val_accuracy did not improve from 0.49975

Epoch 3: val_accuracy improved from 0.49975 to 0.50987, saving model to models\surrogate_IAAFT2_simples_10000_CNN_model_7.h5

Epoch 4: val_accuracy did not improve from 0.50987

Epoch 5: val_accuracy did not improve from 0.50987

Epoch 6: val_accuracy did not improve from 0.50987

Epoch 7: val_accuracy did not improve from 0.50987

Epoch 8: val_accuracy did not improve from 0.50987
Epoch 8: early stopping
>#8: 50.987

Epoch 1: val_accuracy improved from -inf to 0.49013, saving model to models\surrogate_IAAFT2_simples_10000_CNN_model_8.h5

Epoch 2: val_accuracy did not improve from 0.49013

Epoch 3: val_accuracy did not improve from 0.49013

Epoch 4: val_accuracy did not improve from 0.49013

Epoch 5: val_accuracy did not improve from 0.49013

Epoch 6: val_accuracy did not improve from 0.49013
Epoch 6: early stopping
>#9: 49.013

Epoch 1: val_accuracy improved from -inf to 0.50987, saving model to models\surrogate_IAAFT2_simples_10000_CNN_model_9.h5

Epoch 2: val_accuracy did not improve from 0.50987

Epoch 3: val_accuracy did not improve from 0.50987

Epoch 4: val_accuracy did not improve from 0.50987

Epoch 5: val_accuracy did not improve from 0.50987

Epoch 6: val_accuracy did not improve from 0.50987
Epoch 6: early stopping
>#10: 50.987
------------------ summarize results -------------------------
DL_model: CNN_model
scores: [66.44999980926514, 50.987499952316284, 51.01249814033508, 50.987499952316284, 49.012500047683716, 49.012500047683716, 50.987499952316284, 50.987499952316284, 49.012500047683716, 50.987499952316284]
Accuracy mean (std): 51.944% (4.916)

Running time 147.5 seconds
------------------------------ 01 Completed ------------------------------

------------------------------ 02 Start Evaluation ------------------------------
surr_type: IAAFT2
simples: 10000
ID_train: IV_III
DL_model: CNN_model
repeats: 10

02_evaluation_performance directory already exists!
# 0 >> accuracy: 0.6521250009536743
# 1 >> accuracy: 0.49549999833106995
# 2 >> accuracy: 0.49549999833106995
# 3 >> accuracy: 0.49549999833106995
# 4 >> accuracy: 0.5044999718666077
# 5 >> accuracy: 0.5044999718666077
# 6 >> accuracy: 0.49549999833106995
# 7 >> accuracy: 0.49549999833106995
# 8 >> accuracy: 0.5044999718666077
# 9 >> accuracy: 0.49549999833106995
The results have been saved to a txt file: 02_evaluation_performance/evaluation_performance_surrogate_IAAFT2_simples_10000_CNN_model_train_IV_III.txt

Running time 16.2 seconds
------------------------------ 02 Completed Evaluation ------------------------------

------------------------------ 03 Start sliding windows ------------------------------
surr_type: IAAFT2
simples: 10000
ID_train: IV_III
ID_test: I
Variable_label: paleoclimate
tsid: 1
features: 300
sw_width: 454

03_sliding_window_data directory already exists!
I.shape: (909, 2)
success-> sliding_window_features_shape (real=(909-454+1, 300)):  (456, 300)
------------------------------ 03 Completed sliding windows ------------------------------

------------------------------ 04 Start predicate ------------------------------
surr_type: IAAFT2
simples: 10000
ID_train: IV_III
ID_test: I
DL_model: CNN_model
repeats: 10

04_prediction_data directory already exists!
X_test.shape (456, 300)
X_test_array.shape:  (456, 300, 1)
--------------- prediction ... ---------------
y_pred_list.shape (456, 10)
------------------------------ 04 Completed predicate ------------------------------

------------------------------ 05 Start plots ------------------------------
surr_type: IAAFT2
simples: 10000
ID_train: IV_III
ID_test: I
Variable_label: paleoclimate
DL_model: CNN_model
sw_width: 454
tsid: 1

05_ews_data_and_figures directory already exists!
05_ews_data_and_figures/data directory already exists!
05_ews_data_and_figures/data/IAAFT2 directory already exists!
05_ews_data_and_figures/figures directory already exists!
05_ews_data_and_figures/figures/IAAFT2 directory already exists!

Record_period: End_of_glaciation_I
start_age, transition_start, transition_end: -108025.0 -17000 -13828.0
sliding_window_I: 454
------------------------------ 05 Completed plots ------------------------------

------------------------------ 06 Start ROC for variance and lag-1 autocorrelation ------------------------------
surr_type: IAAFT2
simples: 10000
ID_merge_tsid: [2,1]
DL_model: CNN_model
repeats: 10
features: 300

06_roc_data_and_figures_var_corr directory already exists!
06_roc_data_and_figures_var_corr/data directory already exists!
06_roc_data_and_figures_var_corr/data/ROC directory already exists!
06_roc_data_and_figures_var_corr/figures directory already exists!
06_roc_data_and_figures_var_corr/figures/ROC directory already exists!
len_eval_pts= 40

----- 01 forced trajectories and compute EWS -----
Complete for forced tsid=2
Complete for forced tsid=1
----- 01 null trajectories and compute EWS -----
Complete for null tsid=2
Complete for null tsid=1
----- 02 Compute ROC curves -----
Exported ROC data to 06_roc_data_and_figures_var_corr/data/ROC/df_roc_var_corr_[2,1].csv
Exported ROC figure to 06_roc_data_and_figures_var_corr/figures/ROC/figure_roc_var_corr_[2,1].png
Ran in 1.52s
------------------------------ 06 Completed ROC for variance and lag-1 autocorrelation ------------------------------

------------------------------ 07 Start ROC for dl ------------------------------
surr_type: IAAFT2
simples: 10000
ID_merge_tsid: [2,1]
DL_model: CNN_model
repeats: 10
features: 300

07_roc_data_and_figures_sdml directory already exists!
07_roc_data_and_figures_sdml/data directory already exists!
07_roc_data_and_figures_sdml/data/IAAFT2 directory already exists!
07_roc_data_and_figures_sdml/data/IAAFT2/ROC directory already exists!
07_roc_data_and_figures_sdml/figures directory already exists!
07_roc_data_and_figures_sdml/figures/IAAFT2 directory already exists!

07_roc_data_and_figures_sdml/figures/IAAFT2/ROC directory already exists!

len_eval_pts = 40

----- 01 forced trajectories and compute EWS -----
tsid= 2
Complete for forced tsid=2
tsid= 1
Complete for forced tsid=1
----- 01 null trajectories and compute EWS -----
Complete for null tsid=2
Complete for null tsid=1
----- 02 Compute ROC curves -----
Exported ROC data to 07_roc_data_and_figures_sdml/data/IAAFT2/ROC/df_roc_surrogate_IAAFT2_simples_10000_CNN_model_[2,1].csv
Exported ROC figure to 07_roc_data_and_figures_sdml/figures/IAAFT2/ROC/figure_roc_surrogate_IAAFT2_simples_10000_CNN_model_[2,1].png
Ran in 11.06s
------------------------------ 07 Completed ROC for dl ------------------------------

------------------------------ 06 Start ROC for variance and lag-1 autocorrelation ------------------------------
surr_type: IAAFT2
simples: 10000
ID_merge_tsid: [4,3]
DL_model: CNN_model
repeats: 10
features: 300

06_roc_data_and_figures_var_corr directory already exists!
06_roc_data_and_figures_var_corr/data directory already exists!
06_roc_data_and_figures_var_corr/data/ROC directory already exists!
06_roc_data_and_figures_var_corr/figures directory already exists!
06_roc_data_and_figures_var_corr/figures/ROC directory already exists!
len_eval_pts= 40

----- 01 forced trajectories and compute EWS -----
Complete for forced tsid=4
Complete for forced tsid=3
----- 01 null trajectories and compute EWS -----
Complete for null tsid=4
Complete for null tsid=3
----- 02 Compute ROC curves -----
Exported ROC data to 06_roc_data_and_figures_var_corr/data/ROC/df_roc_var_corr_[4,3].csv
Exported ROC figure to 06_roc_data_and_figures_var_corr/figures/ROC/figure_roc_var_corr_[4,3].png
Ran in 1.48s
------------------------------ 06 Completed ROC for variance and lag-1 autocorrelation ------------------------------

------------------------------ 07 Start ROC for dl ------------------------------
surr_type: IAAFT2
simples: 10000
ID_merge_tsid: [4,3]
DL_model: CNN_model
repeats: 10
features: 300

07_roc_data_and_figures_sdml directory already exists!
07_roc_data_and_figures_sdml/data directory already exists!
07_roc_data_and_figures_sdml/data/IAAFT2 directory already exists!
07_roc_data_and_figures_sdml/data/IAAFT2/ROC directory already exists!
07_roc_data_and_figures_sdml/figures directory already exists!
07_roc_data_and_figures_sdml/figures/IAAFT2 directory already exists!

07_roc_data_and_figures_sdml/figures/IAAFT2/ROC directory already exists!

len_eval_pts = 40

----- 01 forced trajectories and compute EWS -----
tsid= 4
Complete for forced tsid=4
tsid= 3
Complete for forced tsid=3
----- 01 null trajectories and compute EWS -----
Complete for null tsid=4
Complete for null tsid=3
----- 02 Compute ROC curves -----
Exported ROC data to 07_roc_data_and_figures_sdml/data/IAAFT2/ROC/df_roc_surrogate_IAAFT2_simples_10000_CNN_model_[4,3].csv
Exported ROC figure to 07_roc_data_and_figures_sdml/figures/IAAFT2/ROC/figure_roc_surrogate_IAAFT2_simples_10000_CNN_model_[4,3].png
Ran in 11.08s
------------------------------ 07 Completed ROC for dl ------------------------------

------------------------------ 06 Start ROC for variance and lag-1 autocorrelation ------------------------------
surr_type: IAAFT2
simples: 10000
ID_merge_tsid: all
DL_model: CNN_model
repeats: 10
features: 300

06_roc_data_and_figures_var_corr directory already exists!
06_roc_data_and_figures_var_corr/data directory already exists!
06_roc_data_and_figures_var_corr/data/ROC directory already exists!
06_roc_data_and_figures_var_corr/figures directory already exists!
06_roc_data_and_figures_var_corr/figures/ROC directory already exists!
len_eval_pts= 40

----- 01 forced trajectories and compute EWS -----
Complete for forced tsid=1
Complete for forced tsid=2
Complete for forced tsid=3
Complete for forced tsid=4
----- 01 null trajectories and compute EWS -----
Complete for null tsid=1
Complete for null tsid=2
Complete for null tsid=3
Complete for null tsid=4
----- 02 Compute ROC curves -----
Exported ROC data to 06_roc_data_and_figures_var_corr/data/ROC/df_roc_var_corr_all.csv
Exported ROC figure to 06_roc_data_and_figures_var_corr/figures/ROC/figure_roc_var_corr_all.png
Ran in 1.76s
------------------------------ 06 Completed ROC for variance and lag-1 autocorrelation ------------------------------

------------------------------ 07 Start ROC for dl ------------------------------
surr_type: IAAFT2
simples: 10000
ID_merge_tsid: all
DL_model: CNN_model
repeats: 10
features: 300

07_roc_data_and_figures_sdml directory already exists!
07_roc_data_and_figures_sdml/data directory already exists!
07_roc_data_and_figures_sdml/data/IAAFT2 directory already exists!
07_roc_data_and_figures_sdml/data/IAAFT2/ROC directory already exists!
07_roc_data_and_figures_sdml/figures directory already exists!
07_roc_data_and_figures_sdml/figures/IAAFT2 directory already exists!

07_roc_data_and_figures_sdml/figures/IAAFT2/ROC directory already exists!

len_eval_pts = 40

----- 01 forced trajectories and compute EWS -----
tsid= 1
Complete for forced tsid=1
tsid= 2
Complete for forced tsid=2
tsid= 3
Complete for forced tsid=3
tsid= 4
Complete for forced tsid=4
----- 01 null trajectories and compute EWS -----
Complete for null tsid=1
Complete for null tsid=2
Complete for null tsid=3
Complete for null tsid=4
----- 02 Compute ROC curves -----
Exported ROC data to 07_roc_data_and_figures_sdml/data/IAAFT2/ROC/df_roc_surrogate_IAAFT2_simples_10000_CNN_model_all.csv
Exported ROC figure to 07_roc_data_and_figures_sdml/figures/IAAFT2/ROC/figure_roc_surrogate_IAAFT2_simples_10000_CNN_model_all.png
Ran in 15.17s
------------------------------ 07 Completed ROC for dl ------------------------------

------------------------------ 03 Start sliding windows ------------------------------
surr_type: IAAFT2
simples: 10000
ID_train: IV_III
ID_test: II
Variable_label: paleoclimate
tsid: 2
features: 300
sw_width: 446

03_sliding_window_data directory already exists!
II.shape: (893, 2)
success-> sliding_window_features_shape (real=(893-446+1, 300)):  (448, 300)
------------------------------ 03 Completed sliding windows ------------------------------

------------------------------ 04 Start predicate ------------------------------
surr_type: IAAFT2
simples: 10000
ID_train: IV_III
ID_test: II
DL_model: CNN_model
repeats: 10

04_prediction_data directory already exists!
X_test.shape (448, 300)
X_test_array.shape:  (448, 300, 1)
--------------- prediction ... ---------------
y_pred_list.shape (448, 10)
------------------------------ 04 Completed predicate ------------------------------

------------------------------ 05 Start plots ------------------------------
surr_type: IAAFT2
simples: 10000
ID_train: IV_III
ID_test: II
Variable_label: paleoclimate
DL_model: CNN_model
sw_width: 446
tsid: 2

05_ews_data_and_figures directory already exists!
05_ews_data_and_figures/data directory already exists!
05_ews_data_and_figures/data/IAAFT2 directory already exists!
05_ews_data_and_figures/figures directory already exists!
05_ews_data_and_figures/figures/IAAFT2 directory already exists!

Record_period: End_of_glaciation_II
start_age, transition_start, transition_end: -224351.0 -135000 -129705.0
sliding_window_II: 446
------------------------------ 05 Completed plots ------------------------------

-------------------------------------------------------------------------------------
Using GPU for TensorFlow.
------------------------------ 01 Start run ------------------------------
Data_folder: paleoclimate
surr_type: IAAFT2
simples: 10000
ID_train: IV_III
DL_model: three_head_CNN_model
repeats: 10

01_evaluation_data directory already exists!
models directory already exists!

full_path= G:/surrogate_data_based_machine_learning_v4.0.0/paleoclimate/01_data_preprocessing/02_extracte_and_generate_surrogate_dataset/paleoclimate/data/merge_surrogate_IAAFT2_simples_10000_train_IV_III.csv

Epoch 1: val_accuracy improved from -inf to 0.50987, saving model to models\surrogate_IAAFT2_simples_10000_three_head_CNN_model_0.h5

Epoch 2: val_accuracy did not improve from 0.50987

Epoch 3: val_accuracy improved from 0.50987 to 1.00000, saving model to models\surrogate_IAAFT2_simples_10000_three_head_CNN_model_0.h5

Epoch 4: val_accuracy did not improve from 1.00000

Epoch 5: val_accuracy did not improve from 1.00000

Epoch 6: val_accuracy did not improve from 1.00000

Epoch 7: val_accuracy did not improve from 1.00000

Epoch 8: val_accuracy did not improve from 1.00000
Epoch 8: early stopping
>#1: 100.000

Epoch 1: val_accuracy improved from -inf to 0.49013, saving model to models\surrogate_IAAFT2_simples_10000_three_head_CNN_model_1.h5

Epoch 2: val_accuracy improved from 0.49013 to 0.74512, saving model to models\surrogate_IAAFT2_simples_10000_three_head_CNN_model_1.h5

Epoch 3: val_accuracy did not improve from 0.74512

Epoch 4: val_accuracy did not improve from 0.74512

Epoch 5: val_accuracy did not improve from 0.74512

Epoch 6: val_accuracy improved from 0.74512 to 1.00000, saving model to models\surrogate_IAAFT2_simples_10000_three_head_CNN_model_1.h5

Epoch 7: val_accuracy did not improve from 1.00000

Epoch 8: val_accuracy did not improve from 1.00000

Epoch 9: val_accuracy did not improve from 1.00000

Epoch 10: val_accuracy did not improve from 1.00000

Epoch 11: val_accuracy did not improve from 1.00000
Epoch 11: early stopping
>#2: 100.000

Epoch 1: val_accuracy improved from -inf to 0.50213, saving model to models\surrogate_IAAFT2_simples_10000_three_head_CNN_model_2.h5

Epoch 2: val_accuracy improved from 0.50213 to 0.74512, saving model to models\surrogate_IAAFT2_simples_10000_three_head_CNN_model_2.h5

Epoch 3: val_accuracy did not improve from 0.74512

Epoch 4: val_accuracy did not improve from 0.74512

Epoch 5: val_accuracy did not improve from 0.74512

Epoch 6: val_accuracy improved from 0.74512 to 1.00000, saving model to models\surrogate_IAAFT2_simples_10000_three_head_CNN_model_2.h5

Epoch 7: val_accuracy did not improve from 1.00000

Epoch 8: val_accuracy did not improve from 1.00000

Epoch 9: val_accuracy did not improve from 1.00000

Epoch 10: val_accuracy did not improve from 1.00000

Epoch 11: val_accuracy did not improve from 1.00000
Epoch 11: early stopping
>#3: 100.000

Epoch 1: val_accuracy improved from -inf to 1.00000, saving model to models\surrogate_IAAFT2_simples_10000_three_head_CNN_model_3.h5

Epoch 2: val_accuracy did not improve from 1.00000

Epoch 3: val_accuracy did not improve from 1.00000

Epoch 4: val_accuracy did not improve from 1.00000

Epoch 5: val_accuracy did not improve from 1.00000

Epoch 6: val_accuracy did not improve from 1.00000
Epoch 6: early stopping
>#4: 100.000

Epoch 1: val_accuracy improved from -inf to 0.50987, saving model to models\surrogate_IAAFT2_simples_10000_three_head_CNN_model_4.h5

Epoch 2: val_accuracy did not improve from 0.50987

Epoch 3: val_accuracy did not improve from 0.50987

Epoch 4: val_accuracy improved from 0.50987 to 1.00000, saving model to models\surrogate_IAAFT2_simples_10000_three_head_CNN_model_4.h5

Epoch 5: val_accuracy did not improve from 1.00000

Epoch 6: val_accuracy did not improve from 1.00000

Epoch 7: val_accuracy did not improve from 1.00000

Epoch 8: val_accuracy did not improve from 1.00000

Epoch 9: val_accuracy did not improve from 1.00000
Epoch 9: early stopping
>#5: 100.000

Epoch 1: val_accuracy improved from -inf to 0.49013, saving model to models\surrogate_IAAFT2_simples_10000_three_head_CNN_model_5.h5

Epoch 2: val_accuracy improved from 0.49013 to 0.75425, saving model to models\surrogate_IAAFT2_simples_10000_three_head_CNN_model_5.h5

Epoch 3: val_accuracy did not improve from 0.75425

Epoch 4: val_accuracy did not improve from 0.75425

Epoch 5: val_accuracy did not improve from 0.75425

Epoch 6: val_accuracy did not improve from 0.75425

Epoch 7: val_accuracy did not improve from 0.75425
Epoch 7: early stopping
>#6: 75.425

Epoch 1: val_accuracy improved from -inf to 1.00000, saving model to models\surrogate_IAAFT2_simples_10000_three_head_CNN_model_6.h5

Epoch 2: val_accuracy did not improve from 1.00000

Epoch 3: val_accuracy did not improve from 1.00000

Epoch 4: val_accuracy did not improve from 1.00000

Epoch 5: val_accuracy did not improve from 1.00000

Epoch 6: val_accuracy did not improve from 1.00000
Epoch 6: early stopping
>#7: 100.000

Epoch 1: val_accuracy improved from -inf to 0.50987, saving model to models\surrogate_IAAFT2_simples_10000_three_head_CNN_model_7.h5

Epoch 2: val_accuracy did not improve from 0.50987

Epoch 3: val_accuracy did not improve from 0.50987

Epoch 4: val_accuracy improved from 0.50987 to 1.00000, saving model to models\surrogate_IAAFT2_simples_10000_three_head_CNN_model_7.h5

Epoch 5: val_accuracy did not improve from 1.00000

Epoch 6: val_accuracy did not improve from 1.00000

Epoch 7: val_accuracy did not improve from 1.00000

Epoch 8: val_accuracy did not improve from 1.00000

Epoch 9: val_accuracy did not improve from 1.00000
Epoch 9: early stopping
>#8: 100.000

Epoch 1: val_accuracy improved from -inf to 0.49013, saving model to models\surrogate_IAAFT2_simples_10000_three_head_CNN_model_8.h5

Epoch 2: val_accuracy improved from 0.49013 to 0.50987, saving model to models\surrogate_IAAFT2_simples_10000_three_head_CNN_model_8.h5

Epoch 3: val_accuracy did not improve from 0.50987

Epoch 4: val_accuracy did not improve from 0.50987

Epoch 5: val_accuracy did not improve from 0.50987

Epoch 6: val_accuracy improved from 0.50987 to 0.99725, saving model to models\surrogate_IAAFT2_simples_10000_three_head_CNN_model_8.h5

Epoch 7: val_accuracy improved from 0.99725 to 1.00000, saving model to models\surrogate_IAAFT2_simples_10000_three_head_CNN_model_8.h5

Epoch 8: val_accuracy did not improve from 1.00000

Epoch 9: val_accuracy did not improve from 1.00000

Epoch 10: val_accuracy did not improve from 1.00000

Epoch 11: val_accuracy did not improve from 1.00000

Epoch 12: val_accuracy did not improve from 1.00000
Epoch 12: early stopping
>#9: 100.000

Epoch 1: val_accuracy improved from -inf to 0.50987, saving model to models\surrogate_IAAFT2_simples_10000_three_head_CNN_model_9.h5

Epoch 2: val_accuracy did not improve from 0.50987

Epoch 3: val_accuracy did not improve from 0.50987

Epoch 4: val_accuracy did not improve from 0.50987

Epoch 5: val_accuracy did not improve from 0.50987

Epoch 6: val_accuracy did not improve from 0.50987
Epoch 6: early stopping
>#10: 50.987
------------------ summarize results -------------------------
DL_model: three_head_CNN_model
scores: [100.0, 100.0, 100.0, 100.0, 100.0, 75.42499899864197, 100.0, 100.0, 100.0, 50.987499952316284]
Accuracy mean (std): 92.641% (15.699)

Running time 317.9 seconds
------------------------------ 01 Completed ------------------------------

------------------------------ 02 Start Evaluation ------------------------------
surr_type: IAAFT2
simples: 10000
ID_train: IV_III
DL_model: three_head_CNN_model
repeats: 10

02_evaluation_performance directory already exists!
# 0 >> accuracy: 1.0
# 1 >> accuracy: 1.0
# 2 >> accuracy: 1.0
# 3 >> accuracy: 1.0
# 4 >> accuracy: 1.0
# 5 >> accuracy: 0.753000020980835
# 6 >> accuracy: 1.0
# 7 >> accuracy: 1.0
# 8 >> accuracy: 1.0
# 9 >> accuracy: 0.49549999833106995
The results have been saved to a txt file: 02_evaluation_performance/evaluation_performance_surrogate_IAAFT2_simples_10000_three_head_CNN_model_train_IV_III.txt

Running time 22.7 seconds
------------------------------ 02 Completed Evaluation ------------------------------

------------------------------ 03 Start sliding windows ------------------------------
surr_type: IAAFT2
simples: 10000
ID_train: IV_III
ID_test: I
Variable_label: paleoclimate
tsid: 1
features: 300
sw_width: 454

03_sliding_window_data directory already exists!
I.shape: (909, 2)
success-> sliding_window_features_shape (real=(909-454+1, 300)):  (456, 300)
------------------------------ 03 Completed sliding windows ------------------------------

------------------------------ 04 Start predicate ------------------------------
surr_type: IAAFT2
simples: 10000
ID_train: IV_III
ID_test: I
DL_model: three_head_CNN_model
repeats: 10

04_prediction_data directory already exists!
X_test.shape (456, 300)
X_test_array.shape:  (456, 300, 1)
--------------- prediction ... ---------------
y_pred_list.shape (456, 10)
------------------------------ 04 Completed predicate ------------------------------

------------------------------ 05 Start plots ------------------------------
surr_type: IAAFT2
simples: 10000
ID_train: IV_III
ID_test: I
Variable_label: paleoclimate
DL_model: three_head_CNN_model
sw_width: 454
tsid: 1

05_ews_data_and_figures directory already exists!
05_ews_data_and_figures/data directory already exists!
05_ews_data_and_figures/data/IAAFT2 directory already exists!
05_ews_data_and_figures/figures directory already exists!
05_ews_data_and_figures/figures/IAAFT2 directory already exists!

Record_period: End_of_glaciation_I
start_age, transition_start, transition_end: -108025.0 -17000 -13828.0
sliding_window_I: 454
------------------------------ 05 Completed plots ------------------------------

------------------------------ 07 Start ROC for dl ------------------------------
surr_type: IAAFT2
simples: 10000
ID_merge_tsid: [2,1]
DL_model: three_head_CNN_model
repeats: 10
features: 300

07_roc_data_and_figures_sdml directory already exists!
07_roc_data_and_figures_sdml/data directory already exists!
07_roc_data_and_figures_sdml/data/IAAFT2 directory already exists!
07_roc_data_and_figures_sdml/data/IAAFT2/ROC directory already exists!
07_roc_data_and_figures_sdml/figures directory already exists!
07_roc_data_and_figures_sdml/figures/IAAFT2 directory already exists!

07_roc_data_and_figures_sdml/figures/IAAFT2/ROC directory already exists!

len_eval_pts = 40

----- 01 forced trajectories and compute EWS -----
tsid= 2
Complete for forced tsid=2
tsid= 1
Complete for forced tsid=1
----- 01 null trajectories and compute EWS -----
Complete for null tsid=2
Complete for null tsid=1
----- 02 Compute ROC curves -----
Exported ROC data to 07_roc_data_and_figures_sdml/data/IAAFT2/ROC/df_roc_surrogate_IAAFT2_simples_10000_three_head_CNN_model_[2,1].csv
Exported ROC figure to 07_roc_data_and_figures_sdml/figures/IAAFT2/ROC/figure_roc_surrogate_IAAFT2_simples_10000_three_head_CNN_model_[2,1].png
Ran in 16.33s
------------------------------ 07 Completed ROC for dl ------------------------------

------------------------------ 07 Start ROC for dl ------------------------------
surr_type: IAAFT2
simples: 10000
ID_merge_tsid: [4,3]
DL_model: three_head_CNN_model
repeats: 10
features: 300

07_roc_data_and_figures_sdml directory already exists!
07_roc_data_and_figures_sdml/data directory already exists!
07_roc_data_and_figures_sdml/data/IAAFT2 directory already exists!
07_roc_data_and_figures_sdml/data/IAAFT2/ROC directory already exists!
07_roc_data_and_figures_sdml/figures directory already exists!
07_roc_data_and_figures_sdml/figures/IAAFT2 directory already exists!

07_roc_data_and_figures_sdml/figures/IAAFT2/ROC directory already exists!

len_eval_pts = 40

----- 01 forced trajectories and compute EWS -----
tsid= 4
Complete for forced tsid=4
tsid= 3
Complete for forced tsid=3
----- 01 null trajectories and compute EWS -----
Complete for null tsid=4
Complete for null tsid=3
----- 02 Compute ROC curves -----
Exported ROC data to 07_roc_data_and_figures_sdml/data/IAAFT2/ROC/df_roc_surrogate_IAAFT2_simples_10000_three_head_CNN_model_[4,3].csv
Exported ROC figure to 07_roc_data_and_figures_sdml/figures/IAAFT2/ROC/figure_roc_surrogate_IAAFT2_simples_10000_three_head_CNN_model_[4,3].png
Ran in 16.04s
------------------------------ 07 Completed ROC for dl ------------------------------

------------------------------ 07 Start ROC for dl ------------------------------
surr_type: IAAFT2
simples: 10000
ID_merge_tsid: all
DL_model: three_head_CNN_model
repeats: 10
features: 300

07_roc_data_and_figures_sdml directory already exists!
07_roc_data_and_figures_sdml/data directory already exists!
07_roc_data_and_figures_sdml/data/IAAFT2 directory already exists!
07_roc_data_and_figures_sdml/data/IAAFT2/ROC directory already exists!
07_roc_data_and_figures_sdml/figures directory already exists!
07_roc_data_and_figures_sdml/figures/IAAFT2 directory already exists!

07_roc_data_and_figures_sdml/figures/IAAFT2/ROC directory already exists!

len_eval_pts = 40

----- 01 forced trajectories and compute EWS -----
tsid= 1
Complete for forced tsid=1
tsid= 2
Complete for forced tsid=2
tsid= 3
Complete for forced tsid=3
tsid= 4
Complete for forced tsid=4
----- 01 null trajectories and compute EWS -----
Complete for null tsid=1
Complete for null tsid=2
Complete for null tsid=3
Complete for null tsid=4
----- 02 Compute ROC curves -----
Exported ROC data to 07_roc_data_and_figures_sdml/data/IAAFT2/ROC/df_roc_surrogate_IAAFT2_simples_10000_three_head_CNN_model_all.csv
Exported ROC figure to 07_roc_data_and_figures_sdml/figures/IAAFT2/ROC/figure_roc_surrogate_IAAFT2_simples_10000_three_head_CNN_model_all.png
Ran in 23.60s
------------------------------ 07 Completed ROC for dl ------------------------------

------------------------------ 03 Start sliding windows ------------------------------
surr_type: IAAFT2
simples: 10000
ID_train: IV_III
ID_test: II
Variable_label: paleoclimate
tsid: 2
features: 300
sw_width: 446

03_sliding_window_data directory already exists!
II.shape: (893, 2)
success-> sliding_window_features_shape (real=(893-446+1, 300)):  (448, 300)
------------------------------ 03 Completed sliding windows ------------------------------

------------------------------ 04 Start predicate ------------------------------
surr_type: IAAFT2
simples: 10000
ID_train: IV_III
ID_test: II
DL_model: three_head_CNN_model
repeats: 10

04_prediction_data directory already exists!
X_test.shape (448, 300)
X_test_array.shape:  (448, 300, 1)
--------------- prediction ... ---------------
y_pred_list.shape (448, 10)
------------------------------ 04 Completed predicate ------------------------------

------------------------------ 05 Start plots ------------------------------
surr_type: IAAFT2
simples: 10000
ID_train: IV_III
ID_test: II
Variable_label: paleoclimate
DL_model: three_head_CNN_model
sw_width: 446
tsid: 2

05_ews_data_and_figures directory already exists!
05_ews_data_and_figures/data directory already exists!
05_ews_data_and_figures/data/IAAFT2 directory already exists!
05_ews_data_and_figures/figures directory already exists!
05_ews_data_and_figures/figures/IAAFT2 directory already exists!

Record_period: End_of_glaciation_II
start_age, transition_start, transition_end: -224351.0 -135000 -129705.0
sliding_window_II: 446
------------------------------ 05 Completed plots ------------------------------

-------------------------------------------------------------------------------------
Using GPU for TensorFlow.
------------------------------ 01 Start run ------------------------------
Data_folder: paleoclimate
surr_type: IAAFT2
simples: 10000
ID_train: IV_III
DL_model: LSTM_model
repeats: 10

01_evaluation_data directory already exists!
models directory already exists!

full_path= G:/surrogate_data_based_machine_learning_v4.0.0/paleoclimate/01_data_preprocessing/02_extracte_and_generate_surrogate_dataset/paleoclimate/data/merge_surrogate_IAAFT2_simples_10000_train_IV_III.csv

Epoch 1: val_accuracy improved from -inf to 0.50987, saving model to models\surrogate_IAAFT2_simples_10000_LSTM_model_0.h5

Epoch 2: val_accuracy improved from 0.50987 to 0.72050, saving model to models\surrogate_IAAFT2_simples_10000_LSTM_model_0.h5

Epoch 3: val_accuracy did not improve from 0.72050

Epoch 4: val_accuracy did not improve from 0.72050

Epoch 5: val_accuracy improved from 0.72050 to 0.74500, saving model to models\surrogate_IAAFT2_simples_10000_LSTM_model_0.h5

Epoch 6: val_accuracy did not improve from 0.74500

Epoch 7: val_accuracy did not improve from 0.74500

Epoch 8: val_accuracy improved from 0.74500 to 0.74512, saving model to models\surrogate_IAAFT2_simples_10000_LSTM_model_0.h5

Epoch 9: val_accuracy did not improve from 0.74512

Epoch 10: val_accuracy did not improve from 0.74512

Epoch 11: val_accuracy did not improve from 0.74512

Epoch 12: val_accuracy did not improve from 0.74512

Epoch 13: val_accuracy did not improve from 0.74512
Epoch 13: early stopping
>#1: 74.512

Epoch 1: val_accuracy improved from -inf to 0.50987, saving model to models\surrogate_IAAFT2_simples_10000_LSTM_model_1.h5

Epoch 2: val_accuracy did not improve from 0.50987

Epoch 3: val_accuracy did not improve from 0.50987

Epoch 4: val_accuracy did not improve from 0.50987

Epoch 5: val_accuracy did not improve from 0.50987

Epoch 6: val_accuracy did not improve from 0.50987
Epoch 6: early stopping
>#2: 50.987

Epoch 1: val_accuracy improved from -inf to 0.49013, saving model to models\surrogate_IAAFT2_simples_10000_LSTM_model_2.h5

Epoch 2: val_accuracy did not improve from 0.49013

Epoch 3: val_accuracy improved from 0.49013 to 0.50987, saving model to models\surrogate_IAAFT2_simples_10000_LSTM_model_2.h5

Epoch 4: val_accuracy did not improve from 0.50987

Epoch 5: val_accuracy improved from 0.50987 to 0.74500, saving model to models\surrogate_IAAFT2_simples_10000_LSTM_model_2.h5

Epoch 6: val_accuracy did not improve from 0.74500

Epoch 7: val_accuracy did not improve from 0.74500

Epoch 8: val_accuracy did not improve from 0.74500

Epoch 9: val_accuracy did not improve from 0.74500

Epoch 10: val_accuracy did not improve from 0.74500
Epoch 10: early stopping
>#3: 74.500

Epoch 1: val_accuracy improved from -inf to 0.49013, saving model to models\surrogate_IAAFT2_simples_10000_LSTM_model_3.h5

Epoch 2: val_accuracy did not improve from 0.49013

Epoch 3: val_accuracy did not improve from 0.49013

Epoch 4: val_accuracy did not improve from 0.49013

Epoch 5: val_accuracy improved from 0.49013 to 0.50025, saving model to models\surrogate_IAAFT2_simples_10000_LSTM_model_3.h5

Epoch 6: val_accuracy did not improve from 0.50025

Epoch 7: val_accuracy did not improve from 0.50025

Epoch 8: val_accuracy did not improve from 0.50025

Epoch 9: val_accuracy did not improve from 0.50025

Epoch 10: val_accuracy did not improve from 0.50025
Epoch 10: early stopping
>#4: 50.025

Epoch 1: val_accuracy improved from -inf to 0.49013, saving model to models\surrogate_IAAFT2_simples_10000_LSTM_model_4.h5

Epoch 2: val_accuracy did not improve from 0.49013

Epoch 3: val_accuracy improved from 0.49013 to 0.75475, saving model to models\surrogate_IAAFT2_simples_10000_LSTM_model_4.h5

Epoch 4: val_accuracy did not improve from 0.75475

Epoch 5: val_accuracy improved from 0.75475 to 1.00000, saving model to models\surrogate_IAAFT2_simples_10000_LSTM_model_4.h5

Epoch 6: val_accuracy did not improve from 1.00000

Epoch 7: val_accuracy did not improve from 1.00000

Epoch 8: val_accuracy did not improve from 1.00000

Epoch 9: val_accuracy did not improve from 1.00000

Epoch 10: val_accuracy did not improve from 1.00000
Epoch 10: early stopping
>#5: 100.000

Epoch 1: val_accuracy improved from -inf to 0.50987, saving model to models\surrogate_IAAFT2_simples_10000_LSTM_model_5.h5

Epoch 2: val_accuracy improved from 0.50987 to 0.75475, saving model to models\surrogate_IAAFT2_simples_10000_LSTM_model_5.h5

Epoch 3: val_accuracy did not improve from 0.75475

Epoch 4: val_accuracy did not improve from 0.75475

Epoch 5: val_accuracy did not improve from 0.75475

Epoch 6: val_accuracy did not improve from 0.75475

Epoch 7: val_accuracy did not improve from 0.75475
Epoch 7: early stopping
>#6: 75.475

Epoch 1: val_accuracy improved from -inf to 0.50987, saving model to models\surrogate_IAAFT2_simples_10000_LSTM_model_6.h5

Epoch 2: val_accuracy did not improve from 0.50987

Epoch 3: val_accuracy did not improve from 0.50987

Epoch 4: val_accuracy did not improve from 0.50987

Epoch 5: val_accuracy did not improve from 0.50987

Epoch 6: val_accuracy did not improve from 0.50987
Epoch 6: early stopping
>#7: 50.987

Epoch 1: val_accuracy improved from -inf to 0.49013, saving model to models\surrogate_IAAFT2_simples_10000_LSTM_model_7.h5

Epoch 2: val_accuracy improved from 0.49013 to 0.50987, saving model to models\surrogate_IAAFT2_simples_10000_LSTM_model_7.h5

Epoch 3: val_accuracy did not improve from 0.50987

Epoch 4: val_accuracy did not improve from 0.50987

Epoch 5: val_accuracy did not improve from 0.50987

Epoch 6: val_accuracy did not improve from 0.50987

Epoch 7: val_accuracy did not improve from 0.50987
Epoch 7: early stopping
>#8: 50.987

Epoch 1: val_accuracy improved from -inf to 0.50987, saving model to models\surrogate_IAAFT2_simples_10000_LSTM_model_8.h5

Epoch 2: val_accuracy did not improve from 0.50987

Epoch 3: val_accuracy did not improve from 0.50987

Epoch 4: val_accuracy did not improve from 0.50987

Epoch 5: val_accuracy did not improve from 0.50987

Epoch 6: val_accuracy did not improve from 0.50987
Epoch 6: early stopping
>#9: 50.987

Epoch 1: val_accuracy improved from -inf to 0.49013, saving model to models\surrogate_IAAFT2_simples_10000_LSTM_model_9.h5

Epoch 2: val_accuracy did not improve from 0.49013

Epoch 3: val_accuracy improved from 0.49013 to 0.50987, saving model to models\surrogate_IAAFT2_simples_10000_LSTM_model_9.h5

Epoch 4: val_accuracy did not improve from 0.50987

Epoch 5: val_accuracy did not improve from 0.50987

Epoch 6: val_accuracy did not improve from 0.50987

Epoch 7: val_accuracy did not improve from 0.50987

Epoch 8: val_accuracy improved from 0.50987 to 0.60913, saving model to models\surrogate_IAAFT2_simples_10000_LSTM_model_9.h5

Epoch 9: val_accuracy did not improve from 0.60913

Epoch 10: val_accuracy did not improve from 0.60913

Epoch 11: val_accuracy did not improve from 0.60913

Epoch 12: val_accuracy did not improve from 0.60913

Epoch 13: val_accuracy did not improve from 0.60913
Epoch 13: early stopping
>#10: 60.913
------------------ summarize results -------------------------
DL_model: LSTM_model
scores: [74.51249957084656, 50.987499952316284, 74.50000047683716, 50.0249981880188, 100.0, 75.47500133514404, 50.987499952316284, 50.987499952316284, 50.987499952316284, 60.9125018119812]
Accuracy mean (std): 63.938% (15.908)

Running time 444.4 seconds
------------------------------ 01 Completed ------------------------------

------------------------------ 02 Start Evaluation ------------------------------
surr_type: IAAFT2
simples: 10000
ID_train: IV_III
DL_model: LSTM_model
repeats: 10

02_evaluation_performance directory already exists!
# 0 >> accuracy: 0.7507500052452087
# 1 >> accuracy: 0.49549999833106995
# 2 >> accuracy: 0.7537500262260437
# 3 >> accuracy: 0.5043749809265137
# 4 >> accuracy: 1.0
# 5 >> accuracy: 0.7418749928474426
# 6 >> accuracy: 0.49549999833106995
# 7 >> accuracy: 0.49549999833106995
# 8 >> accuracy: 0.49549999833106995
# 9 >> accuracy: 0.5922499895095825
The results have been saved to a txt file: 02_evaluation_performance/evaluation_performance_surrogate_IAAFT2_simples_10000_LSTM_model_train_IV_III.txt

Running time 31.3 seconds
------------------------------ 02 Completed Evaluation ------------------------------

------------------------------ 03 Start sliding windows ------------------------------
surr_type: IAAFT2
simples: 10000
ID_train: IV_III
ID_test: I
Variable_label: paleoclimate
tsid: 1
features: 300
sw_width: 454

03_sliding_window_data directory already exists!
I.shape: (909, 2)
success-> sliding_window_features_shape (real=(909-454+1, 300)):  (456, 300)
------------------------------ 03 Completed sliding windows ------------------------------

------------------------------ 04 Start predicate ------------------------------
surr_type: IAAFT2
simples: 10000
ID_train: IV_III
ID_test: I
DL_model: LSTM_model
repeats: 10

04_prediction_data directory already exists!
X_test.shape (456, 300)
X_test_array.shape:  (456, 300, 1)
--------------- prediction ... ---------------
y_pred_list.shape (456, 10)
------------------------------ 04 Completed predicate ------------------------------

------------------------------ 05 Start plots ------------------------------
surr_type: IAAFT2
simples: 10000
ID_train: IV_III
ID_test: I
Variable_label: paleoclimate
DL_model: LSTM_model
sw_width: 454
tsid: 1

05_ews_data_and_figures directory already exists!
05_ews_data_and_figures/data directory already exists!
05_ews_data_and_figures/data/IAAFT2 directory already exists!
05_ews_data_and_figures/figures directory already exists!
05_ews_data_and_figures/figures/IAAFT2 directory already exists!

Record_period: End_of_glaciation_I
start_age, transition_start, transition_end: -108025.0 -17000 -13828.0
sliding_window_I: 454
------------------------------ 05 Completed plots ------------------------------

------------------------------ 07 Start ROC for dl ------------------------------
surr_type: IAAFT2
simples: 10000
ID_merge_tsid: [2,1]
DL_model: LSTM_model
repeats: 10
features: 300

07_roc_data_and_figures_sdml directory already exists!
07_roc_data_and_figures_sdml/data directory already exists!
07_roc_data_and_figures_sdml/data/IAAFT2 directory already exists!
07_roc_data_and_figures_sdml/data/IAAFT2/ROC directory already exists!
07_roc_data_and_figures_sdml/figures directory already exists!
07_roc_data_and_figures_sdml/figures/IAAFT2 directory already exists!

07_roc_data_and_figures_sdml/figures/IAAFT2/ROC directory already exists!

len_eval_pts = 40

----- 01 forced trajectories and compute EWS -----
tsid= 2
Complete for forced tsid=2
tsid= 1
Complete for forced tsid=1
----- 01 null trajectories and compute EWS -----
Complete for null tsid=2
Complete for null tsid=1
----- 02 Compute ROC curves -----
Exported ROC data to 07_roc_data_and_figures_sdml/data/IAAFT2/ROC/df_roc_surrogate_IAAFT2_simples_10000_LSTM_model_[2,1].csv
Exported ROC figure to 07_roc_data_and_figures_sdml/figures/IAAFT2/ROC/figure_roc_surrogate_IAAFT2_simples_10000_LSTM_model_[2,1].png
Ran in 22.42s
------------------------------ 07 Completed ROC for dl ------------------------------

------------------------------ 07 Start ROC for dl ------------------------------
surr_type: IAAFT2
simples: 10000
ID_merge_tsid: [4,3]
DL_model: LSTM_model
repeats: 10
features: 300

07_roc_data_and_figures_sdml directory already exists!
07_roc_data_and_figures_sdml/data directory already exists!
07_roc_data_and_figures_sdml/data/IAAFT2 directory already exists!
07_roc_data_and_figures_sdml/data/IAAFT2/ROC directory already exists!
07_roc_data_and_figures_sdml/figures directory already exists!
07_roc_data_and_figures_sdml/figures/IAAFT2 directory already exists!

07_roc_data_and_figures_sdml/figures/IAAFT2/ROC directory already exists!

len_eval_pts = 40

----- 01 forced trajectories and compute EWS -----
tsid= 4
Complete for forced tsid=4
tsid= 3
Complete for forced tsid=3
----- 01 null trajectories and compute EWS -----
Complete for null tsid=4
Complete for null tsid=3
----- 02 Compute ROC curves -----
Exported ROC data to 07_roc_data_and_figures_sdml/data/IAAFT2/ROC/df_roc_surrogate_IAAFT2_simples_10000_LSTM_model_[4,3].csv
Exported ROC figure to 07_roc_data_and_figures_sdml/figures/IAAFT2/ROC/figure_roc_surrogate_IAAFT2_simples_10000_LSTM_model_[4,3].png
Ran in 22.10s
------------------------------ 07 Completed ROC for dl ------------------------------

------------------------------ 07 Start ROC for dl ------------------------------
surr_type: IAAFT2
simples: 10000
ID_merge_tsid: all
DL_model: LSTM_model
repeats: 10
features: 300

07_roc_data_and_figures_sdml directory already exists!
07_roc_data_and_figures_sdml/data directory already exists!
07_roc_data_and_figures_sdml/data/IAAFT2 directory already exists!
07_roc_data_and_figures_sdml/data/IAAFT2/ROC directory already exists!
07_roc_data_and_figures_sdml/figures directory already exists!
07_roc_data_and_figures_sdml/figures/IAAFT2 directory already exists!

07_roc_data_and_figures_sdml/figures/IAAFT2/ROC directory already exists!

len_eval_pts = 40

----- 01 forced trajectories and compute EWS -----
tsid= 1
Complete for forced tsid=1
tsid= 2
Complete for forced tsid=2
tsid= 3
Complete for forced tsid=3
tsid= 4
Complete for forced tsid=4
----- 01 null trajectories and compute EWS -----
Complete for null tsid=1
Complete for null tsid=2
Complete for null tsid=3
Complete for null tsid=4
----- 02 Compute ROC curves -----
Exported ROC data to 07_roc_data_and_figures_sdml/data/IAAFT2/ROC/df_roc_surrogate_IAAFT2_simples_10000_LSTM_model_all.csv
Exported ROC figure to 07_roc_data_and_figures_sdml/figures/IAAFT2/ROC/figure_roc_surrogate_IAAFT2_simples_10000_LSTM_model_all.png
Ran in 34.43s
------------------------------ 07 Completed ROC for dl ------------------------------

------------------------------ 03 Start sliding windows ------------------------------
surr_type: IAAFT2
simples: 10000
ID_train: IV_III
ID_test: II
Variable_label: paleoclimate
tsid: 2
features: 300
sw_width: 446

03_sliding_window_data directory already exists!
II.shape: (893, 2)
success-> sliding_window_features_shape (real=(893-446+1, 300)):  (448, 300)
------------------------------ 03 Completed sliding windows ------------------------------

------------------------------ 04 Start predicate ------------------------------
surr_type: IAAFT2
simples: 10000
ID_train: IV_III
ID_test: II
DL_model: LSTM_model
repeats: 10

04_prediction_data directory already exists!
X_test.shape (448, 300)
X_test_array.shape:  (448, 300, 1)
--------------- prediction ... ---------------
y_pred_list.shape (448, 10)
------------------------------ 04 Completed predicate ------------------------------

------------------------------ 05 Start plots ------------------------------
surr_type: IAAFT2
simples: 10000
ID_train: IV_III
ID_test: II
Variable_label: paleoclimate
DL_model: LSTM_model
sw_width: 446
tsid: 2

05_ews_data_and_figures directory already exists!
05_ews_data_and_figures/data directory already exists!
05_ews_data_and_figures/data/IAAFT2 directory already exists!
05_ews_data_and_figures/figures directory already exists!
05_ews_data_and_figures/figures/IAAFT2 directory already exists!

Record_period: End_of_glaciation_II
start_age, transition_start, transition_end: -224351.0 -135000 -129705.0
sliding_window_II: 446
------------------------------ 05 Completed plots ------------------------------

-------------------------------------------------------------------------------------
Using GPU for TensorFlow.
------------------------------ 01 Start run ------------------------------
Data_folder: paleoclimate
surr_type: IAAFT2
simples: 10000
ID_train: IV_III
DL_model: CNN_LSTM_model
repeats: 10

01_evaluation_data directory already exists!
models directory already exists!

full_path= G:/surrogate_data_based_machine_learning_v4.0.0/paleoclimate/01_data_preprocessing/02_extracte_and_generate_surrogate_dataset/paleoclimate/data/merge_surrogate_IAAFT2_simples_10000_train_IV_III.csv

Epoch 1: val_accuracy improved from -inf to 0.50987, saving model to models\surrogate_IAAFT2_simples_10000_CNN_LSTM_model_0.h5

Epoch 2: val_accuracy did not improve from 0.50987

Epoch 3: val_accuracy did not improve from 0.50987

Epoch 4: val_accuracy did not improve from 0.50987

Epoch 5: val_accuracy did not improve from 0.50987

Epoch 6: val_accuracy did not improve from 0.50987
Epoch 6: early stopping
>#1: 50.987

Epoch 1: val_accuracy improved from -inf to 0.49013, saving model to models\surrogate_IAAFT2_simples_10000_CNN_LSTM_model_1.h5

Epoch 2: val_accuracy did not improve from 0.49013

Epoch 3: val_accuracy did not improve from 0.49013

Epoch 4: val_accuracy improved from 0.49013 to 0.50987, saving model to models\surrogate_IAAFT2_simples_10000_CNN_LSTM_model_1.h5

Epoch 5: val_accuracy did not improve from 0.50987

Epoch 6: val_accuracy did not improve from 0.50987

Epoch 7: val_accuracy did not improve from 0.50987

Epoch 8: val_accuracy did not improve from 0.50987

Epoch 9: val_accuracy did not improve from 0.50987
Epoch 9: early stopping
>#2: 50.987

Epoch 1: val_accuracy improved from -inf to 0.49013, saving model to models\surrogate_IAAFT2_simples_10000_CNN_LSTM_model_2.h5

Epoch 2: val_accuracy did not improve from 0.49013

Epoch 3: val_accuracy improved from 0.49013 to 0.50987, saving model to models\surrogate_IAAFT2_simples_10000_CNN_LSTM_model_2.h5

Epoch 4: val_accuracy did not improve from 0.50987

Epoch 5: val_accuracy did not improve from 0.50987

Epoch 6: val_accuracy did not improve from 0.50987

Epoch 7: val_accuracy did not improve from 0.50987

Epoch 8: val_accuracy did not improve from 0.50987
Epoch 8: early stopping
>#3: 50.987

Epoch 1: val_accuracy improved from -inf to 0.50987, saving model to models\surrogate_IAAFT2_simples_10000_CNN_LSTM_model_3.h5

Epoch 2: val_accuracy did not improve from 0.50987

Epoch 3: val_accuracy did not improve from 0.50987

Epoch 4: val_accuracy did not improve from 0.50987

Epoch 5: val_accuracy did not improve from 0.50987

Epoch 6: val_accuracy did not improve from 0.50987
Epoch 6: early stopping
>#4: 50.987

Epoch 1: val_accuracy improved from -inf to 0.49013, saving model to models\surrogate_IAAFT2_simples_10000_CNN_LSTM_model_4.h5

Epoch 2: val_accuracy did not improve from 0.49013

Epoch 3: val_accuracy did not improve from 0.49013

Epoch 4: val_accuracy improved from 0.49013 to 0.50987, saving model to models\surrogate_IAAFT2_simples_10000_CNN_LSTM_model_4.h5

Epoch 5: val_accuracy did not improve from 0.50987

Epoch 6: val_accuracy did not improve from 0.50987

Epoch 7: val_accuracy did not improve from 0.50987

Epoch 8: val_accuracy did not improve from 0.50987

Epoch 9: val_accuracy did not improve from 0.50987
Epoch 9: early stopping
>#5: 50.987

Epoch 1: val_accuracy improved from -inf to 0.50987, saving model to models\surrogate_IAAFT2_simples_10000_CNN_LSTM_model_5.h5

Epoch 2: val_accuracy did not improve from 0.50987

Epoch 3: val_accuracy did not improve from 0.50987

Epoch 4: val_accuracy did not improve from 0.50987

Epoch 5: val_accuracy did not improve from 0.50987

Epoch 6: val_accuracy did not improve from 0.50987
Epoch 6: early stopping
>#6: 50.987

Epoch 1: val_accuracy improved from -inf to 0.50987, saving model to models\surrogate_IAAFT2_simples_10000_CNN_LSTM_model_6.h5

Epoch 2: val_accuracy did not improve from 0.50987

Epoch 3: val_accuracy did not improve from 0.50987

Epoch 4: val_accuracy did not improve from 0.50987

Epoch 5: val_accuracy did not improve from 0.50987

Epoch 6: val_accuracy did not improve from 0.50987
Epoch 6: early stopping
>#7: 50.987

Epoch 1: val_accuracy improved from -inf to 0.50987, saving model to models\surrogate_IAAFT2_simples_10000_CNN_LSTM_model_7.h5

Epoch 2: val_accuracy did not improve from 0.50987

Epoch 3: val_accuracy did not improve from 0.50987

Epoch 4: val_accuracy did not improve from 0.50987

Epoch 5: val_accuracy did not improve from 0.50987

Epoch 6: val_accuracy did not improve from 0.50987
Epoch 6: early stopping
>#8: 50.987

Epoch 1: val_accuracy improved from -inf to 0.49013, saving model to models\surrogate_IAAFT2_simples_10000_CNN_LSTM_model_8.h5

Epoch 2: val_accuracy improved from 0.49013 to 0.50987, saving model to models\surrogate_IAAFT2_simples_10000_CNN_LSTM_model_8.h5

Epoch 3: val_accuracy did not improve from 0.50987

Epoch 4: val_accuracy did not improve from 0.50987

Epoch 5: val_accuracy did not improve from 0.50987

Epoch 6: val_accuracy did not improve from 0.50987

Epoch 7: val_accuracy did not improve from 0.50987
Epoch 7: early stopping
>#9: 50.987

Epoch 1: val_accuracy improved from -inf to 0.49013, saving model to models\surrogate_IAAFT2_simples_10000_CNN_LSTM_model_9.h5

Epoch 2: val_accuracy improved from 0.49013 to 0.50987, saving model to models\surrogate_IAAFT2_simples_10000_CNN_LSTM_model_9.h5

Epoch 3: val_accuracy did not improve from 0.50987

Epoch 4: val_accuracy did not improve from 0.50987

Epoch 5: val_accuracy did not improve from 0.50987

Epoch 6: val_accuracy did not improve from 0.50987

Epoch 7: val_accuracy did not improve from 0.50987
Epoch 7: early stopping
>#10: 50.987
------------------ summarize results -------------------------
DL_model: CNN_LSTM_model
scores: [50.987499952316284, 50.987499952316284, 50.987499952316284, 50.987499952316284, 50.987499952316284, 50.987499952316284, 50.987499952316284, 50.987499952316284, 50.987499952316284, 50.987499952316284]
Accuracy mean (std): 50.987% (0.000)

Running time 214.6 seconds
------------------------------ 01 Completed ------------------------------

------------------------------ 02 Start Evaluation ------------------------------
surr_type: IAAFT2
simples: 10000
ID_train: IV_III
DL_model: CNN_LSTM_model
repeats: 10

02_evaluation_performance directory already exists!
# 0 >> accuracy: 0.49549999833106995
# 1 >> accuracy: 0.49549999833106995
# 2 >> accuracy: 0.49549999833106995
# 3 >> accuracy: 0.49549999833106995
# 4 >> accuracy: 0.49549999833106995
# 5 >> accuracy: 0.49549999833106995
# 6 >> accuracy: 0.49549999833106995
# 7 >> accuracy: 0.49549999833106995
# 8 >> accuracy: 0.49549999833106995
# 9 >> accuracy: 0.49549999833106995
The results have been saved to a txt file: 02_evaluation_performance/evaluation_performance_surrogate_IAAFT2_simples_10000_CNN_LSTM_model_train_IV_III.txt

Running time 27.3 seconds
------------------------------ 02 Completed Evaluation ------------------------------

------------------------------ 03 Start sliding windows ------------------------------
surr_type: IAAFT2
simples: 10000
ID_train: IV_III
ID_test: I
Variable_label: paleoclimate
tsid: 1
features: 300
sw_width: 454

03_sliding_window_data directory already exists!
I.shape: (909, 2)
success-> sliding_window_features_shape (real=(909-454+1, 300)):  (456, 300)
------------------------------ 03 Completed sliding windows ------------------------------

------------------------------ 04 Start predicate ------------------------------
surr_type: IAAFT2
simples: 10000
ID_train: IV_III
ID_test: I
DL_model: CNN_LSTM_model
repeats: 10

04_prediction_data directory already exists!
X_test.shape (456, 300)
X_test_array.shape:  (456, 300, 1)
--------------- prediction ... ---------------
textX=(samples, steps, length, channels): (456, 10, 30, 1)
textX=(samples, steps, length, channels): (456, 10, 30, 1)
textX=(samples, steps, length, channels): (456, 10, 30, 1)
textX=(samples, steps, length, channels): (456, 10, 30, 1)
textX=(samples, steps, length, channels): (456, 10, 30, 1)
textX=(samples, steps, length, channels): (456, 10, 30, 1)
textX=(samples, steps, length, channels): (456, 10, 30, 1)
textX=(samples, steps, length, channels): (456, 10, 30, 1)
textX=(samples, steps, length, channels): (456, 10, 30, 1)
textX=(samples, steps, length, channels): (456, 10, 30, 1)
y_pred_list.shape (456, 10)
------------------------------ 04 Completed predicate ------------------------------

------------------------------ 05 Start plots ------------------------------
surr_type: IAAFT2
simples: 10000
ID_train: IV_III
ID_test: I
Variable_label: paleoclimate
DL_model: CNN_LSTM_model
sw_width: 454
tsid: 1

05_ews_data_and_figures directory already exists!
05_ews_data_and_figures/data directory already exists!
05_ews_data_and_figures/data/IAAFT2 directory already exists!
05_ews_data_and_figures/figures directory already exists!
05_ews_data_and_figures/figures/IAAFT2 directory already exists!

Record_period: End_of_glaciation_I
start_age, transition_start, transition_end: -108025.0 -17000 -13828.0
sliding_window_I: 454
------------------------------ 05 Completed plots ------------------------------

------------------------------ 07 Start ROC for dl ------------------------------
surr_type: IAAFT2
simples: 10000
ID_merge_tsid: [2,1]
DL_model: CNN_LSTM_model
repeats: 10
features: 300

07_roc_data_and_figures_sdml directory already exists!
07_roc_data_and_figures_sdml/data directory already exists!
07_roc_data_and_figures_sdml/data/IAAFT2 directory already exists!
07_roc_data_and_figures_sdml/data/IAAFT2/ROC directory already exists!
07_roc_data_and_figures_sdml/figures directory already exists!
07_roc_data_and_figures_sdml/figures/IAAFT2 directory already exists!

07_roc_data_and_figures_sdml/figures/IAAFT2/ROC directory already exists!

len_eval_pts = 40

----- 01 forced trajectories and compute EWS -----
tsid= 2
Complete for forced tsid=2
tsid= 1
Complete for forced tsid=1
----- 01 null trajectories and compute EWS -----
Complete for null tsid=2
Complete for null tsid=1
----- 02 Compute ROC curves -----
Exported ROC data to 07_roc_data_and_figures_sdml/data/IAAFT2/ROC/df_roc_surrogate_IAAFT2_simples_10000_CNN_LSTM_model_[2,1].csv
Exported ROC figure to 07_roc_data_and_figures_sdml/figures/IAAFT2/ROC/figure_roc_surrogate_IAAFT2_simples_10000_CNN_LSTM_model_[2,1].png
Ran in 25.67s
------------------------------ 07 Completed ROC for dl ------------------------------

------------------------------ 07 Start ROC for dl ------------------------------
surr_type: IAAFT2
simples: 10000
ID_merge_tsid: [4,3]
DL_model: CNN_LSTM_model
repeats: 10
features: 300

07_roc_data_and_figures_sdml directory already exists!
07_roc_data_and_figures_sdml/data directory already exists!
07_roc_data_and_figures_sdml/data/IAAFT2 directory already exists!
07_roc_data_and_figures_sdml/data/IAAFT2/ROC directory already exists!
07_roc_data_and_figures_sdml/figures directory already exists!
07_roc_data_and_figures_sdml/figures/IAAFT2 directory already exists!

07_roc_data_and_figures_sdml/figures/IAAFT2/ROC directory already exists!

len_eval_pts = 40

----- 01 forced trajectories and compute EWS -----
tsid= 4
Complete for forced tsid=4
tsid= 3
Complete for forced tsid=3
----- 01 null trajectories and compute EWS -----
Complete for null tsid=4
Complete for null tsid=3
----- 02 Compute ROC curves -----
Exported ROC data to 07_roc_data_and_figures_sdml/data/IAAFT2/ROC/df_roc_surrogate_IAAFT2_simples_10000_CNN_LSTM_model_[4,3].csv
Exported ROC figure to 07_roc_data_and_figures_sdml/figures/IAAFT2/ROC/figure_roc_surrogate_IAAFT2_simples_10000_CNN_LSTM_model_[4,3].png
Ran in 25.46s
------------------------------ 07 Completed ROC for dl ------------------------------

------------------------------ 07 Start ROC for dl ------------------------------
surr_type: IAAFT2
simples: 10000
ID_merge_tsid: all
DL_model: CNN_LSTM_model
repeats: 10
features: 300

07_roc_data_and_figures_sdml directory already exists!
07_roc_data_and_figures_sdml/data directory already exists!
07_roc_data_and_figures_sdml/data/IAAFT2 directory already exists!
07_roc_data_and_figures_sdml/data/IAAFT2/ROC directory already exists!
07_roc_data_and_figures_sdml/figures directory already exists!
07_roc_data_and_figures_sdml/figures/IAAFT2 directory already exists!

07_roc_data_and_figures_sdml/figures/IAAFT2/ROC directory already exists!

len_eval_pts = 40

----- 01 forced trajectories and compute EWS -----
tsid= 1
Complete for forced tsid=1
tsid= 2
Complete for forced tsid=2
tsid= 3
Complete for forced tsid=3
tsid= 4
Complete for forced tsid=4
----- 01 null trajectories and compute EWS -----
Complete for null tsid=1
Complete for null tsid=2
Complete for null tsid=3
Complete for null tsid=4
----- 02 Compute ROC curves -----
Exported ROC data to 07_roc_data_and_figures_sdml/data/IAAFT2/ROC/df_roc_surrogate_IAAFT2_simples_10000_CNN_LSTM_model_all.csv
Exported ROC figure to 07_roc_data_and_figures_sdml/figures/IAAFT2/ROC/figure_roc_surrogate_IAAFT2_simples_10000_CNN_LSTM_model_all.png
Ran in 39.09s
------------------------------ 07 Completed ROC for dl ------------------------------

------------------------------ 03 Start sliding windows ------------------------------
surr_type: IAAFT2
simples: 10000
ID_train: IV_III
ID_test: II
Variable_label: paleoclimate
tsid: 2
features: 300
sw_width: 446

03_sliding_window_data directory already exists!
II.shape: (893, 2)
success-> sliding_window_features_shape (real=(893-446+1, 300)):  (448, 300)
------------------------------ 03 Completed sliding windows ------------------------------

------------------------------ 04 Start predicate ------------------------------
surr_type: IAAFT2
simples: 10000
ID_train: IV_III
ID_test: II
DL_model: CNN_LSTM_model
repeats: 10

04_prediction_data directory already exists!
X_test.shape (448, 300)
X_test_array.shape:  (448, 300, 1)
--------------- prediction ... ---------------
textX=(samples, steps, length, channels): (448, 10, 30, 1)
textX=(samples, steps, length, channels): (448, 10, 30, 1)
textX=(samples, steps, length, channels): (448, 10, 30, 1)
textX=(samples, steps, length, channels): (448, 10, 30, 1)
textX=(samples, steps, length, channels): (448, 10, 30, 1)
textX=(samples, steps, length, channels): (448, 10, 30, 1)
textX=(samples, steps, length, channels): (448, 10, 30, 1)
textX=(samples, steps, length, channels): (448, 10, 30, 1)
textX=(samples, steps, length, channels): (448, 10, 30, 1)
textX=(samples, steps, length, channels): (448, 10, 30, 1)
y_pred_list.shape (448, 10)
------------------------------ 04 Completed predicate ------------------------------

------------------------------ 05 Start plots ------------------------------
surr_type: IAAFT2
simples: 10000
ID_train: IV_III
ID_test: II
Variable_label: paleoclimate
DL_model: CNN_LSTM_model
sw_width: 446
tsid: 2

05_ews_data_and_figures directory already exists!
05_ews_data_and_figures/data directory already exists!
05_ews_data_and_figures/data/IAAFT2 directory already exists!
05_ews_data_and_figures/figures directory already exists!
05_ews_data_and_figures/figures/IAAFT2 directory already exists!

Record_period: End_of_glaciation_II
start_age, transition_start, transition_end: -224351.0 -135000 -129705.0
sliding_window_II: 446
------------------------------ 05 Completed plots ------------------------------

-------------------------------------------------------------------------------------
Using GPU for TensorFlow.
------------------------------ 01 Start run ------------------------------
Data_folder: paleoclimate
surr_type: IAAFT2
simples: 10000
ID_train: IV_III
DL_model: ConvLSTM_model
repeats: 10

01_evaluation_data directory already exists!
models directory already exists!

full_path= G:/surrogate_data_based_machine_learning_v4.0.0/paleoclimate/01_data_preprocessing/02_extracte_and_generate_surrogate_dataset/paleoclimate/data/merge_surrogate_IAAFT2_simples_10000_train_IV_III.csv

Epoch 1: val_accuracy improved from -inf to 0.50987, saving model to models\surrogate_IAAFT2_simples_10000_ConvLSTM_model_0.h5

Epoch 2: val_accuracy improved from 0.50987 to 0.58788, saving model to models\surrogate_IAAFT2_simples_10000_ConvLSTM_model_0.h5

Epoch 3: val_accuracy improved from 0.58788 to 0.68175, saving model to models\surrogate_IAAFT2_simples_10000_ConvLSTM_model_0.h5

Epoch 4: val_accuracy improved from 0.68175 to 0.71275, saving model to models\surrogate_IAAFT2_simples_10000_ConvLSTM_model_0.h5

Epoch 5: val_accuracy did not improve from 0.71275

Epoch 6: val_accuracy did not improve from 0.71275

Epoch 7: val_accuracy did not improve from 0.71275

Epoch 8: val_accuracy did not improve from 0.71275

Epoch 9: val_accuracy did not improve from 0.71275
Epoch 9: early stopping
>#1: 71.275

Epoch 1: val_accuracy improved from -inf to 0.49013, saving model to models\surrogate_IAAFT2_simples_10000_ConvLSTM_model_1.h5

Epoch 2: val_accuracy did not improve from 0.49013

Epoch 3: val_accuracy did not improve from 0.49013

Epoch 4: val_accuracy did not improve from 0.49013

Epoch 5: val_accuracy did not improve from 0.49013

Epoch 6: val_accuracy did not improve from 0.49013
Epoch 6: early stopping
>#2: 49.013

Epoch 1: val_accuracy improved from -inf to 0.50987, saving model to models\surrogate_IAAFT2_simples_10000_ConvLSTM_model_2.h5

Epoch 2: val_accuracy did not improve from 0.50987

Epoch 3: val_accuracy did not improve from 0.50987

Epoch 4: val_accuracy did not improve from 0.50987

Epoch 5: val_accuracy did not improve from 0.50987

Epoch 6: val_accuracy did not improve from 0.50987
Epoch 6: early stopping
>#3: 50.987

Epoch 1: val_accuracy improved from -inf to 0.49013, saving model to models\surrogate_IAAFT2_simples_10000_ConvLSTM_model_3.h5

Epoch 2: val_accuracy did not improve from 0.49013

Epoch 3: val_accuracy did not improve from 0.49013

Epoch 4: val_accuracy did not improve from 0.49013

Epoch 5: val_accuracy did not improve from 0.49013

Epoch 6: val_accuracy did not improve from 0.49013
Epoch 6: early stopping
>#4: 49.013

Epoch 1: val_accuracy improved from -inf to 0.49013, saving model to models\surrogate_IAAFT2_simples_10000_ConvLSTM_model_4.h5

Epoch 2: val_accuracy did not improve from 0.49013

Epoch 3: val_accuracy did not improve from 0.49013

Epoch 4: val_accuracy did not improve from 0.49013

Epoch 5: val_accuracy did not improve from 0.49013

Epoch 6: val_accuracy did not improve from 0.49013
Epoch 6: early stopping
>#5: 49.013

Epoch 1: val_accuracy improved from -inf to 0.50963, saving model to models\surrogate_IAAFT2_simples_10000_ConvLSTM_model_5.h5

Epoch 2: val_accuracy improved from 0.50963 to 0.66975, saving model to models\surrogate_IAAFT2_simples_10000_ConvLSTM_model_5.h5

Epoch 3: val_accuracy improved from 0.66975 to 0.69875, saving model to models\surrogate_IAAFT2_simples_10000_ConvLSTM_model_5.h5

Epoch 4: val_accuracy did not improve from 0.69875

Epoch 5: val_accuracy improved from 0.69875 to 0.73838, saving model to models\surrogate_IAAFT2_simples_10000_ConvLSTM_model_5.h5

Epoch 6: val_accuracy did not improve from 0.73838

Epoch 7: val_accuracy did not improve from 0.73838

Epoch 8: val_accuracy did not improve from 0.73838

Epoch 9: val_accuracy did not improve from 0.73838

Epoch 10: val_accuracy did not improve from 0.73838
Epoch 10: early stopping
>#6: 73.838

Epoch 1: val_accuracy improved from -inf to 0.50987, saving model to models\surrogate_IAAFT2_simples_10000_ConvLSTM_model_6.h5

Epoch 2: val_accuracy did not improve from 0.50987

Epoch 3: val_accuracy did not improve from 0.50987

Epoch 4: val_accuracy did not improve from 0.50987

Epoch 5: val_accuracy did not improve from 0.50987

Epoch 6: val_accuracy did not improve from 0.50987
Epoch 6: early stopping
>#7: 50.987

Epoch 1: val_accuracy improved from -inf to 0.65087, saving model to models\surrogate_IAAFT2_simples_10000_ConvLSTM_model_7.h5

Epoch 2: val_accuracy improved from 0.65087 to 0.75050, saving model to models\surrogate_IAAFT2_simples_10000_ConvLSTM_model_7.h5

Epoch 3: val_accuracy did not improve from 0.75050

Epoch 4: val_accuracy improved from 0.75050 to 0.75612, saving model to models\surrogate_IAAFT2_simples_10000_ConvLSTM_model_7.h5

Epoch 5: val_accuracy did not improve from 0.75612

Epoch 6: val_accuracy improved from 0.75612 to 0.77000, saving model to models\surrogate_IAAFT2_simples_10000_ConvLSTM_model_7.h5

Epoch 7: val_accuracy did not improve from 0.77000

Epoch 8: val_accuracy improved from 0.77000 to 0.78962, saving model to models\surrogate_IAAFT2_simples_10000_ConvLSTM_model_7.h5

Epoch 9: val_accuracy did not improve from 0.78962

Epoch 10: val_accuracy did not improve from 0.78962

Epoch 11: val_accuracy did not improve from 0.78962

Epoch 12: val_accuracy did not improve from 0.78962

Epoch 13: val_accuracy did not improve from 0.78962
Epoch 13: early stopping
>#8: 78.962

Epoch 1: val_accuracy improved from -inf to 0.60875, saving model to models\surrogate_IAAFT2_simples_10000_ConvLSTM_model_8.h5

Epoch 2: val_accuracy did not improve from 0.60875

Epoch 3: val_accuracy improved from 0.60875 to 0.63638, saving model to models\surrogate_IAAFT2_simples_10000_ConvLSTM_model_8.h5

Epoch 4: val_accuracy did not improve from 0.63638

Epoch 5: val_accuracy did not improve from 0.63638

Epoch 6: val_accuracy did not improve from 0.63638

Epoch 7: val_accuracy improved from 0.63638 to 0.67413, saving model to models\surrogate_IAAFT2_simples_10000_ConvLSTM_model_8.h5

Epoch 8: val_accuracy did not improve from 0.67413

Epoch 9: val_accuracy did not improve from 0.67413

Epoch 10: val_accuracy did not improve from 0.67413

Epoch 11: val_accuracy did not improve from 0.67413

Epoch 12: val_accuracy did not improve from 0.67413
Epoch 12: early stopping
>#9: 67.413

Epoch 1: val_accuracy improved from -inf to 0.50025, saving model to models\surrogate_IAAFT2_simples_10000_ConvLSTM_model_9.h5

Epoch 2: val_accuracy did not improve from 0.50025

Epoch 3: val_accuracy improved from 0.50025 to 0.50987, saving model to models\surrogate_IAAFT2_simples_10000_ConvLSTM_model_9.h5

Epoch 4: val_accuracy did not improve from 0.50987

Epoch 5: val_accuracy did not improve from 0.50987

Epoch 6: val_accuracy did not improve from 0.50987

Epoch 7: val_accuracy did not improve from 0.50987

Epoch 8: val_accuracy did not improve from 0.50987
Epoch 8: early stopping
>#10: 50.987
------------------ summarize results -------------------------
DL_model: ConvLSTM_model
scores: [71.27500176429749, 49.012500047683716, 50.987499952316284, 49.012500047683716, 49.012500047683716, 73.83750081062317, 50.987499952316284, 78.96249890327454, 67.41250157356262, 50.987499952316284]
Accuracy mean (std): 59.149% (11.540)

Running time 1045.4 seconds
------------------------------ 01 Completed ------------------------------

------------------------------ 02 Start Evaluation ------------------------------
surr_type: IAAFT2
simples: 10000
ID_train: IV_III
DL_model: ConvLSTM_model
repeats: 10

02_evaluation_performance directory already exists!
# 0 >> accuracy: 0.6921250224113464
# 1 >> accuracy: 0.5044999718666077
# 2 >> accuracy: 0.49549999833106995
# 3 >> accuracy: 0.5044999718666077
# 4 >> accuracy: 0.5044999718666077
# 5 >> accuracy: 0.7442499995231628
# 6 >> accuracy: 0.49549999833106995
# 7 >> accuracy: 0.7848749756813049
# 8 >> accuracy: 0.6636250019073486
# 9 >> accuracy: 0.49549999833106995
The results have been saved to a txt file: 02_evaluation_performance/evaluation_performance_surrogate_IAAFT2_simples_10000_ConvLSTM_model_train_IV_III.txt

Running time 53.9 seconds
------------------------------ 02 Completed Evaluation ------------------------------

------------------------------ 03 Start sliding windows ------------------------------
surr_type: IAAFT2
simples: 10000
ID_train: IV_III
ID_test: I
Variable_label: paleoclimate
tsid: 1
features: 300
sw_width: 454

03_sliding_window_data directory already exists!
I.shape: (909, 2)
success-> sliding_window_features_shape (real=(909-454+1, 300)):  (456, 300)
------------------------------ 03 Completed sliding windows ------------------------------

------------------------------ 04 Start predicate ------------------------------
surr_type: IAAFT2
simples: 10000
ID_train: IV_III
ID_test: I
DL_model: ConvLSTM_model
repeats: 10

04_prediction_data directory already exists!
X_test.shape (456, 300)
X_test_array.shape:  (456, 300, 1)
--------------- prediction ... ---------------
textX=(samples, time steps, rows, cols, channels): (456, 10, 1, 30, 1)
textX=(samples, time steps, rows, cols, channels): (456, 10, 1, 30, 1)
textX=(samples, time steps, rows, cols, channels): (456, 10, 1, 30, 1)
textX=(samples, time steps, rows, cols, channels): (456, 10, 1, 30, 1)
textX=(samples, time steps, rows, cols, channels): (456, 10, 1, 30, 1)
textX=(samples, time steps, rows, cols, channels): (456, 10, 1, 30, 1)
textX=(samples, time steps, rows, cols, channels): (456, 10, 1, 30, 1)
textX=(samples, time steps, rows, cols, channels): (456, 10, 1, 30, 1)
textX=(samples, time steps, rows, cols, channels): (456, 10, 1, 30, 1)
textX=(samples, time steps, rows, cols, channels): (456, 10, 1, 30, 1)
y_pred_list.shape (456, 10)
------------------------------ 04 Completed predicate ------------------------------

------------------------------ 05 Start plots ------------------------------
surr_type: IAAFT2
simples: 10000
ID_train: IV_III
ID_test: I
Variable_label: paleoclimate
DL_model: ConvLSTM_model
sw_width: 454
tsid: 1

05_ews_data_and_figures directory already exists!
05_ews_data_and_figures/data directory already exists!
05_ews_data_and_figures/data/IAAFT2 directory already exists!
05_ews_data_and_figures/figures directory already exists!
05_ews_data_and_figures/figures/IAAFT2 directory already exists!

Record_period: End_of_glaciation_I
start_age, transition_start, transition_end: -108025.0 -17000 -13828.0
sliding_window_I: 454
------------------------------ 05 Completed plots ------------------------------

------------------------------ 07 Start ROC for dl ------------------------------
surr_type: IAAFT2
simples: 10000
ID_merge_tsid: [2,1]
DL_model: ConvLSTM_model
repeats: 10
features: 300

07_roc_data_and_figures_sdml directory already exists!
07_roc_data_and_figures_sdml/data directory already exists!
07_roc_data_and_figures_sdml/data/IAAFT2 directory already exists!
07_roc_data_and_figures_sdml/data/IAAFT2/ROC directory already exists!
07_roc_data_and_figures_sdml/figures directory already exists!
07_roc_data_and_figures_sdml/figures/IAAFT2 directory already exists!

07_roc_data_and_figures_sdml/figures/IAAFT2/ROC directory already exists!

len_eval_pts = 40

----- 01 forced trajectories and compute EWS -----
tsid= 2
Complete for forced tsid=2
tsid= 1
Complete for forced tsid=1
----- 01 null trajectories and compute EWS -----
Complete for null tsid=2
Complete for null tsid=1
----- 02 Compute ROC curves -----
Exported ROC data to 07_roc_data_and_figures_sdml/data/IAAFT2/ROC/df_roc_surrogate_IAAFT2_simples_10000_ConvLSTM_model_[2,1].csv
Exported ROC figure to 07_roc_data_and_figures_sdml/figures/IAAFT2/ROC/figure_roc_surrogate_IAAFT2_simples_10000_ConvLSTM_model_[2,1].png
Ran in 17.54s
------------------------------ 07 Completed ROC for dl ------------------------------

------------------------------ 07 Start ROC for dl ------------------------------
surr_type: IAAFT2
simples: 10000
ID_merge_tsid: [4,3]
DL_model: ConvLSTM_model
repeats: 10
features: 300

07_roc_data_and_figures_sdml directory already exists!
07_roc_data_and_figures_sdml/data directory already exists!
07_roc_data_and_figures_sdml/data/IAAFT2 directory already exists!
07_roc_data_and_figures_sdml/data/IAAFT2/ROC directory already exists!
07_roc_data_and_figures_sdml/figures directory already exists!
07_roc_data_and_figures_sdml/figures/IAAFT2 directory already exists!

07_roc_data_and_figures_sdml/figures/IAAFT2/ROC directory already exists!

len_eval_pts = 40

----- 01 forced trajectories and compute EWS -----
tsid= 4
Complete for forced tsid=4
tsid= 3
Complete for forced tsid=3
----- 01 null trajectories and compute EWS -----
Complete for null tsid=4
Complete for null tsid=3
----- 02 Compute ROC curves -----
Exported ROC data to 07_roc_data_and_figures_sdml/data/IAAFT2/ROC/df_roc_surrogate_IAAFT2_simples_10000_ConvLSTM_model_[4,3].csv
Exported ROC figure to 07_roc_data_and_figures_sdml/figures/IAAFT2/ROC/figure_roc_surrogate_IAAFT2_simples_10000_ConvLSTM_model_[4,3].png
Ran in 17.15s
------------------------------ 07 Completed ROC for dl ------------------------------

------------------------------ 07 Start ROC for dl ------------------------------
surr_type: IAAFT2
simples: 10000
ID_merge_tsid: all
DL_model: ConvLSTM_model
repeats: 10
features: 300

07_roc_data_and_figures_sdml directory already exists!
07_roc_data_and_figures_sdml/data directory already exists!
07_roc_data_and_figures_sdml/data/IAAFT2 directory already exists!
07_roc_data_and_figures_sdml/data/IAAFT2/ROC directory already exists!
07_roc_data_and_figures_sdml/figures directory already exists!
07_roc_data_and_figures_sdml/figures/IAAFT2 directory already exists!

07_roc_data_and_figures_sdml/figures/IAAFT2/ROC directory already exists!

len_eval_pts = 40

----- 01 forced trajectories and compute EWS -----
tsid= 1
Complete for forced tsid=1
tsid= 2
Complete for forced tsid=2
tsid= 3
Complete for forced tsid=3
tsid= 4
Complete for forced tsid=4
----- 01 null trajectories and compute EWS -----
Complete for null tsid=1
Complete for null tsid=2
Complete for null tsid=3
Complete for null tsid=4
----- 02 Compute ROC curves -----
Exported ROC data to 07_roc_data_and_figures_sdml/data/IAAFT2/ROC/df_roc_surrogate_IAAFT2_simples_10000_ConvLSTM_model_all.csv
Exported ROC figure to 07_roc_data_and_figures_sdml/figures/IAAFT2/ROC/figure_roc_surrogate_IAAFT2_simples_10000_ConvLSTM_model_all.png
Ran in 26.12s
------------------------------ 07 Completed ROC for dl ------------------------------

------------------------------ 03 Start sliding windows ------------------------------
surr_type: IAAFT2
simples: 10000
ID_train: IV_III
ID_test: II
Variable_label: paleoclimate
tsid: 2
features: 300
sw_width: 446

03_sliding_window_data directory already exists!
II.shape: (893, 2)
success-> sliding_window_features_shape (real=(893-446+1, 300)):  (448, 300)
------------------------------ 03 Completed sliding windows ------------------------------

------------------------------ 04 Start predicate ------------------------------
surr_type: IAAFT2
simples: 10000
ID_train: IV_III
ID_test: II
DL_model: ConvLSTM_model
repeats: 10

04_prediction_data directory already exists!
X_test.shape (448, 300)
X_test_array.shape:  (448, 300, 1)
--------------- prediction ... ---------------
textX=(samples, time steps, rows, cols, channels): (448, 10, 1, 30, 1)
textX=(samples, time steps, rows, cols, channels): (448, 10, 1, 30, 1)
textX=(samples, time steps, rows, cols, channels): (448, 10, 1, 30, 1)
textX=(samples, time steps, rows, cols, channels): (448, 10, 1, 30, 1)
textX=(samples, time steps, rows, cols, channels): (448, 10, 1, 30, 1)
textX=(samples, time steps, rows, cols, channels): (448, 10, 1, 30, 1)
textX=(samples, time steps, rows, cols, channels): (448, 10, 1, 30, 1)
textX=(samples, time steps, rows, cols, channels): (448, 10, 1, 30, 1)
textX=(samples, time steps, rows, cols, channels): (448, 10, 1, 30, 1)
textX=(samples, time steps, rows, cols, channels): (448, 10, 1, 30, 1)
y_pred_list.shape (448, 10)
------------------------------ 04 Completed predicate ------------------------------

------------------------------ 05 Start plots ------------------------------
surr_type: IAAFT2
simples: 10000
ID_train: IV_III
ID_test: II
Variable_label: paleoclimate
DL_model: ConvLSTM_model
sw_width: 446
tsid: 2

05_ews_data_and_figures directory already exists!
05_ews_data_and_figures/data directory already exists!
05_ews_data_and_figures/data/IAAFT2 directory already exists!
05_ews_data_and_figures/figures directory already exists!
05_ews_data_and_figures/figures/IAAFT2 directory already exists!

Record_period: End_of_glaciation_II
start_age, transition_start, transition_end: -224351.0 -135000 -129705.0
sliding_window_II: 446
------------------------------ 05 Completed plots ------------------------------

---------------------------- complete end ----------------------------
