---------------------------- Run start python scripts -----------------------------
-------------------------------------------------------------------------------------
Using GPU for TensorFlow.
------------------------------ 01 Start run ------------------------------
Data_folder: paleoclimate
surr_type: IAAFT1
simples: 1000
ID_train: IV_III
DL_model: CNN_model
repeats: 10

01_evaluation_data directory already exists!
models directory already exists!

full_path= G:/surrogate_data_based_machine_learning_v4.0.0/paleoclimate/01_data_preprocessing/02_extracte_and_generate_surrogate_dataset/paleoclimate/data/merge_surrogate_IAAFT1_simples_1000_train_IV_III.csv

Epoch 1: val_accuracy improved from -inf to 0.51750, saving model to models\surrogate_IAAFT1_simples_1000_CNN_model_0.h5

Epoch 2: val_accuracy did not improve from 0.51750

Epoch 3: val_accuracy did not improve from 0.51750

Epoch 4: val_accuracy did not improve from 0.51750

Epoch 5: val_accuracy did not improve from 0.51750

Epoch 6: val_accuracy did not improve from 0.51750
Epoch 6: early stopping
>#1: 51.750

Epoch 1: val_accuracy improved from -inf to 0.48250, saving model to models\surrogate_IAAFT1_simples_1000_CNN_model_1.h5

Epoch 2: val_accuracy did not improve from 0.48250

Epoch 3: val_accuracy did not improve from 0.48250

Epoch 4: val_accuracy did not improve from 0.48250

Epoch 5: val_accuracy did not improve from 0.48250

Epoch 6: val_accuracy did not improve from 0.48250
Epoch 6: early stopping
>#2: 48.250

Epoch 1: val_accuracy improved from -inf to 0.51750, saving model to models\surrogate_IAAFT1_simples_1000_CNN_model_2.h5

Epoch 2: val_accuracy did not improve from 0.51750

Epoch 3: val_accuracy did not improve from 0.51750

Epoch 4: val_accuracy did not improve from 0.51750

Epoch 5: val_accuracy did not improve from 0.51750

Epoch 6: val_accuracy did not improve from 0.51750
Epoch 6: early stopping
>#3: 51.750

Epoch 1: val_accuracy improved from -inf to 0.51750, saving model to models\surrogate_IAAFT1_simples_1000_CNN_model_3.h5

Epoch 2: val_accuracy did not improve from 0.51750

Epoch 3: val_accuracy did not improve from 0.51750

Epoch 4: val_accuracy did not improve from 0.51750

Epoch 5: val_accuracy did not improve from 0.51750

Epoch 6: val_accuracy did not improve from 0.51750
Epoch 6: early stopping
>#4: 51.750

Epoch 1: val_accuracy improved from -inf to 0.48250, saving model to models\surrogate_IAAFT1_simples_1000_CNN_model_4.h5

Epoch 2: val_accuracy did not improve from 0.48250

Epoch 3: val_accuracy did not improve from 0.48250

Epoch 4: val_accuracy improved from 0.48250 to 0.51750, saving model to models\surrogate_IAAFT1_simples_1000_CNN_model_4.h5

Epoch 5: val_accuracy did not improve from 0.51750

Epoch 6: val_accuracy did not improve from 0.51750

Epoch 7: val_accuracy did not improve from 0.51750

Epoch 8: val_accuracy did not improve from 0.51750

Epoch 9: val_accuracy did not improve from 0.51750
Epoch 9: early stopping
>#5: 51.750

Epoch 1: val_accuracy improved from -inf to 0.51750, saving model to models\surrogate_IAAFT1_simples_1000_CNN_model_5.h5

Epoch 2: val_accuracy did not improve from 0.51750

Epoch 3: val_accuracy did not improve from 0.51750

Epoch 4: val_accuracy did not improve from 0.51750

Epoch 5: val_accuracy did not improve from 0.51750

Epoch 6: val_accuracy did not improve from 0.51750
Epoch 6: early stopping
>#6: 51.750

Epoch 1: val_accuracy improved from -inf to 0.48375, saving model to models\surrogate_IAAFT1_simples_1000_CNN_model_6.h5

Epoch 2: val_accuracy improved from 0.48375 to 0.51750, saving model to models\surrogate_IAAFT1_simples_1000_CNN_model_6.h5

Epoch 3: val_accuracy did not improve from 0.51750

Epoch 4: val_accuracy did not improve from 0.51750

Epoch 5: val_accuracy did not improve from 0.51750

Epoch 6: val_accuracy did not improve from 0.51750

Epoch 7: val_accuracy did not improve from 0.51750
Epoch 7: early stopping
>#7: 51.750

Epoch 1: val_accuracy improved from -inf to 0.51750, saving model to models\surrogate_IAAFT1_simples_1000_CNN_model_7.h5

Epoch 2: val_accuracy did not improve from 0.51750

Epoch 3: val_accuracy did not improve from 0.51750

Epoch 4: val_accuracy did not improve from 0.51750

Epoch 5: val_accuracy did not improve from 0.51750

Epoch 6: val_accuracy did not improve from 0.51750
Epoch 6: early stopping
>#8: 51.750

Epoch 1: val_accuracy improved from -inf to 0.51750, saving model to models\surrogate_IAAFT1_simples_1000_CNN_model_8.h5

Epoch 2: val_accuracy did not improve from 0.51750

Epoch 3: val_accuracy did not improve from 0.51750

Epoch 4: val_accuracy did not improve from 0.51750

Epoch 5: val_accuracy did not improve from 0.51750

Epoch 6: val_accuracy did not improve from 0.51750
Epoch 6: early stopping
>#9: 51.750

Epoch 1: val_accuracy improved from -inf to 0.48250, saving model to models\surrogate_IAAFT1_simples_1000_CNN_model_9.h5

Epoch 2: val_accuracy did not improve from 0.48250

Epoch 3: val_accuracy improved from 0.48250 to 0.51625, saving model to models\surrogate_IAAFT1_simples_1000_CNN_model_9.h5

Epoch 4: val_accuracy did not improve from 0.51625

Epoch 5: val_accuracy did not improve from 0.51625

Epoch 6: val_accuracy improved from 0.51625 to 0.51750, saving model to models\surrogate_IAAFT1_simples_1000_CNN_model_9.h5

Epoch 7: val_accuracy did not improve from 0.51750

Epoch 8: val_accuracy did not improve from 0.51750

Epoch 9: val_accuracy did not improve from 0.51750

Epoch 10: val_accuracy did not improve from 0.51750

Epoch 11: val_accuracy did not improve from 0.51750
Epoch 11: early stopping
>#10: 51.750
------------------ summarize results -------------------------
DL_model: CNN_model
scores: [51.749998331069946, 48.249998688697815, 51.749998331069946, 51.749998331069946, 51.749998331069946, 51.749998331069946, 51.749998331069946, 51.749998331069946, 51.749998331069946, 51.749998331069946]
Accuracy mean (std): 51.400% (1.050)

Running time 31.9 seconds
------------------------------ 01 Completed ------------------------------

------------------------------ 02 Start Evaluation ------------------------------
surr_type: IAAFT1
simples: 1000
ID_train: IV_III
DL_model: CNN_model
repeats: 10

02_evaluation_performance directory already exists!
# 0 >> accuracy: 0.46875
# 1 >> accuracy: 0.53125
# 2 >> accuracy: 0.46875
# 3 >> accuracy: 0.46875
# 4 >> accuracy: 0.46875
# 5 >> accuracy: 0.46875
# 6 >> accuracy: 0.46875
# 7 >> accuracy: 0.46875
# 8 >> accuracy: 0.46875
# 9 >> accuracy: 0.46875
The results have been saved to a txt file: 02_evaluation_performance/evaluation_performance_surrogate_IAAFT1_simples_1000_CNN_model_train_IV_III.txt

Running time 9.4 seconds
------------------------------ 02 Completed Evaluation ------------------------------

------------------------------ 03 Start sliding windows ------------------------------
surr_type: IAAFT1
simples: 1000
ID_train: IV_III
ID_test: I
Variable_label: paleoclimate
tsid: 1
features: 300
sw_width: 454

03_sliding_window_data directory already exists!
I.shape: (909, 2)
success-> sliding_window_features_shape (real=(909-454+1, 300)):  (456, 300)
------------------------------ 03 Completed sliding windows ------------------------------

------------------------------ 04 Start predicate ------------------------------
surr_type: IAAFT1
simples: 1000
ID_train: IV_III
ID_test: I
DL_model: CNN_model
repeats: 10

04_prediction_data directory already exists!
X_test.shape (456, 300)
X_test_array.shape:  (456, 300, 1)
--------------- prediction ... ---------------
y_pred_list.shape (456, 10)
------------------------------ 04 Completed predicate ------------------------------

------------------------------ 05 Start plots ------------------------------
surr_type: IAAFT1
simples: 1000
ID_train: IV_III
ID_test: I
Variable_label: paleoclimate
DL_model: CNN_model
sw_width: 454
tsid: 1

05_ews_data_and_figures directory already exists!
05_ews_data_and_figures/data directory already exists!
05_ews_data_and_figures/figures directory already exists!
Record_period: End_of_glaciation_I
start_age, transition_start, transition_end: -108025.0 -17000 -13828.0
sliding_window_I: 454
------------------------------ 05 Completed plots ------------------------------

------------------------------ 06 Start ROC for variance and lag-1 autocorrelation ------------------------------
surr_type: IAAFT1
simples: 1000
ID_merge_tsid: [2,1]
DL_model: CNN_model
repeats: 10
features: 300

06_roc_data_and_figures_var_corr directory already exists!
06_roc_data_and_figures_var_corr/data directory already exists!
06_roc_data_and_figures_var_corr/data/ROC directory already exists!
06_roc_data_and_figures_var_corr/figures directory already exists!
06_roc_data_and_figures_var_corr/figures/ROC directory already exists!
len_eval_pts= 40

----- 01 forced trajectories and compute EWS -----
Complete for forced tsid=2
Complete for forced tsid=1
----- 01 null trajectories and compute EWS -----
Complete for null tsid=2
Complete for null tsid=1
----- 02 Compute ROC curves -----
Exported ROC data to 06_roc_data_and_figures_var_corr/data/ROC/df_roc_var_corr_[2,1].csv
Exported ROC figure to 06_roc_data_and_figures_var_corr/figures/ROC/figure_roc_var_corr_[2,1].png
Ran in 1.59s
------------------------------ 06 Completed ROC for variance and lag-1 autocorrelation ------------------------------

------------------------------ 07 Start ROC for dl ------------------------------
surr_type: IAAFT1
simples: 1000
ID_merge_tsid: [2,1]
DL_model: CNN_model
repeats: 10
features: 300

07_roc_data_and_figures_sdml directory already exists!
07_roc_data_and_figures_sdml/data directory already exists!
07_roc_data_and_figures_sdml/figures directory already exists!
len_eval_pts = 40

----- 01 forced trajectories and compute EWS -----
tsid= 2
Complete for forced tsid=2
tsid= 1
Complete for forced tsid=1
----- 01 null trajectories and compute EWS -----
Complete for null tsid=2
Complete for null tsid=1
----- 02 Compute ROC curves -----
Exported ROC data to 07_roc_data_and_figures_sdml/data/IAAFT1/ROC/df_roc_surrogate_IAAFT1_simples_1000_CNN_model_[2,1].csv
Exported ROC figure to 07_roc_data_and_figures_sdml/figures/IAAFT1/ROC/figure_roc_surrogate_IAAFT1_simples_1000_CNN_model_[2,1].png
Ran in 11.50s
------------------------------ 07 Completed ROC for dl ------------------------------

------------------------------ 06 Start ROC for variance and lag-1 autocorrelation ------------------------------
surr_type: IAAFT1
simples: 1000
ID_merge_tsid: [4,3]
DL_model: CNN_model
repeats: 10
features: 300

06_roc_data_and_figures_var_corr directory already exists!
06_roc_data_and_figures_var_corr/data directory already exists!
06_roc_data_and_figures_var_corr/data/ROC directory already exists!
06_roc_data_and_figures_var_corr/figures directory already exists!
06_roc_data_and_figures_var_corr/figures/ROC directory already exists!
len_eval_pts= 40

----- 01 forced trajectories and compute EWS -----
Complete for forced tsid=4
Complete for forced tsid=3
----- 01 null trajectories and compute EWS -----
Complete for null tsid=4
Complete for null tsid=3
----- 02 Compute ROC curves -----
Exported ROC data to 06_roc_data_and_figures_var_corr/data/ROC/df_roc_var_corr_[4,3].csv
Exported ROC figure to 06_roc_data_and_figures_var_corr/figures/ROC/figure_roc_var_corr_[4,3].png
Ran in 1.55s
------------------------------ 06 Completed ROC for variance and lag-1 autocorrelation ------------------------------

------------------------------ 07 Start ROC for dl ------------------------------
surr_type: IAAFT1
simples: 1000
ID_merge_tsid: [4,3]
DL_model: CNN_model
repeats: 10
features: 300

07_roc_data_and_figures_sdml directory already exists!
07_roc_data_and_figures_sdml/data directory already exists!
07_roc_data_and_figures_sdml/data/IAAFT1 directory already exists!
07_roc_data_and_figures_sdml/data/IAAFT1/ROC directory already exists!
07_roc_data_and_figures_sdml/figures directory already exists!
07_roc_data_and_figures_sdml/figures/IAAFT1 directory already exists!

07_roc_data_and_figures_sdml/figures/IAAFT1/ROC directory already exists!

len_eval_pts = 40

----- 01 forced trajectories and compute EWS -----
tsid= 4
Complete for forced tsid=4
tsid= 3
Complete for forced tsid=3
----- 01 null trajectories and compute EWS -----
Complete for null tsid=4
Complete for null tsid=3
----- 02 Compute ROC curves -----
Exported ROC data to 07_roc_data_and_figures_sdml/data/IAAFT1/ROC/df_roc_surrogate_IAAFT1_simples_1000_CNN_model_[4,3].csv
Exported ROC figure to 07_roc_data_and_figures_sdml/figures/IAAFT1/ROC/figure_roc_surrogate_IAAFT1_simples_1000_CNN_model_[4,3].png
Ran in 11.63s
------------------------------ 07 Completed ROC for dl ------------------------------

------------------------------ 06 Start ROC for variance and lag-1 autocorrelation ------------------------------
surr_type: IAAFT1
simples: 1000
ID_merge_tsid: all
DL_model: CNN_model
repeats: 10
features: 300

06_roc_data_and_figures_var_corr directory already exists!
06_roc_data_and_figures_var_corr/data directory already exists!
06_roc_data_and_figures_var_corr/data/ROC directory already exists!
06_roc_data_and_figures_var_corr/figures directory already exists!
06_roc_data_and_figures_var_corr/figures/ROC directory already exists!
len_eval_pts= 40

----- 01 forced trajectories and compute EWS -----
Complete for forced tsid=1
Complete for forced tsid=2
Complete for forced tsid=3
Complete for forced tsid=4
----- 01 null trajectories and compute EWS -----
Complete for null tsid=1
Complete for null tsid=2
Complete for null tsid=3
Complete for null tsid=4
----- 02 Compute ROC curves -----
Exported ROC data to 06_roc_data_and_figures_var_corr/data/ROC/df_roc_var_corr_all.csv
Exported ROC figure to 06_roc_data_and_figures_var_corr/figures/ROC/figure_roc_var_corr_all.png
Ran in 1.88s
------------------------------ 06 Completed ROC for variance and lag-1 autocorrelation ------------------------------

------------------------------ 07 Start ROC for dl ------------------------------
surr_type: IAAFT1
simples: 1000
ID_merge_tsid: all
DL_model: CNN_model
repeats: 10
features: 300

07_roc_data_and_figures_sdml directory already exists!
07_roc_data_and_figures_sdml/data directory already exists!
07_roc_data_and_figures_sdml/data/IAAFT1 directory already exists!
07_roc_data_and_figures_sdml/data/IAAFT1/ROC directory already exists!
07_roc_data_and_figures_sdml/figures directory already exists!
07_roc_data_and_figures_sdml/figures/IAAFT1 directory already exists!

07_roc_data_and_figures_sdml/figures/IAAFT1/ROC directory already exists!

len_eval_pts = 40

----- 01 forced trajectories and compute EWS -----
tsid= 1
Complete for forced tsid=1
tsid= 2
Complete for forced tsid=2
tsid= 3
Complete for forced tsid=3
tsid= 4
Complete for forced tsid=4
----- 01 null trajectories and compute EWS -----
Complete for null tsid=1
Complete for null tsid=2
Complete for null tsid=3
Complete for null tsid=4
----- 02 Compute ROC curves -----
Exported ROC data to 07_roc_data_and_figures_sdml/data/IAAFT1/ROC/df_roc_surrogate_IAAFT1_simples_1000_CNN_model_all.csv
Exported ROC figure to 07_roc_data_and_figures_sdml/figures/IAAFT1/ROC/figure_roc_surrogate_IAAFT1_simples_1000_CNN_model_all.png
Ran in 15.68s
------------------------------ 07 Completed ROC for dl ------------------------------

------------------------------ 03 Start sliding windows ------------------------------
surr_type: IAAFT1
simples: 1000
ID_train: IV_III
ID_test: II
Variable_label: paleoclimate
tsid: 2
features: 300
sw_width: 446

03_sliding_window_data directory already exists!
II.shape: (893, 2)
success-> sliding_window_features_shape (real=(893-446+1, 300)):  (448, 300)
------------------------------ 03 Completed sliding windows ------------------------------

------------------------------ 04 Start predicate ------------------------------
surr_type: IAAFT1
simples: 1000
ID_train: IV_III
ID_test: II
DL_model: CNN_model
repeats: 10

04_prediction_data directory already exists!
X_test.shape (448, 300)
X_test_array.shape:  (448, 300, 1)
--------------- prediction ... ---------------
y_pred_list.shape (448, 10)
------------------------------ 04 Completed predicate ------------------------------

------------------------------ 05 Start plots ------------------------------
surr_type: IAAFT1
simples: 1000
ID_train: IV_III
ID_test: II
Variable_label: paleoclimate
DL_model: CNN_model
sw_width: 446
tsid: 2

05_ews_data_and_figures directory already exists!
05_ews_data_and_figures/data directory already exists!
05_ews_data_and_figures/data/IAAFT1 directory already exists!
05_ews_data_and_figures/figures directory already exists!
05_ews_data_and_figures/figures/IAAFT1 directory already exists!

Record_period: End_of_glaciation_II
start_age, transition_start, transition_end: -224351.0 -135000 -129705.0
sliding_window_II: 446
------------------------------ 05 Completed plots ------------------------------

-------------------------------------------------------------------------------------
Using GPU for TensorFlow.
------------------------------ 01 Start run ------------------------------
Data_folder: paleoclimate
surr_type: IAAFT1
simples: 1000
ID_train: IV_III
DL_model: three_head_CNN_model
repeats: 10

01_evaluation_data directory already exists!
models directory already exists!

full_path= G:/surrogate_data_based_machine_learning_v4.0.0/paleoclimate/01_data_preprocessing/02_extracte_and_generate_surrogate_dataset/paleoclimate/data/merge_surrogate_IAAFT1_simples_1000_train_IV_III.csv

Epoch 1: val_accuracy improved from -inf to 0.48250, saving model to models\surrogate_IAAFT1_simples_1000_three_head_CNN_model_0.h5

Epoch 2: val_accuracy did not improve from 0.48250

Epoch 3: val_accuracy did not improve from 0.48250

Epoch 4: val_accuracy improved from 0.48250 to 0.51750, saving model to models\surrogate_IAAFT1_simples_1000_three_head_CNN_model_0.h5

Epoch 5: val_accuracy did not improve from 0.51750

Epoch 6: val_accuracy did not improve from 0.51750

Epoch 7: val_accuracy improved from 0.51750 to 0.76500, saving model to models\surrogate_IAAFT1_simples_1000_three_head_CNN_model_0.h5

Epoch 8: val_accuracy did not improve from 0.76500

Epoch 9: val_accuracy did not improve from 0.76500

Epoch 10: val_accuracy did not improve from 0.76500

Epoch 11: val_accuracy did not improve from 0.76500

Epoch 12: val_accuracy did not improve from 0.76500
Epoch 12: early stopping
>#1: 76.500

Epoch 1: val_accuracy improved from -inf to 0.48250, saving model to models\surrogate_IAAFT1_simples_1000_three_head_CNN_model_1.h5

Epoch 2: val_accuracy did not improve from 0.48250

Epoch 3: val_accuracy did not improve from 0.48250

Epoch 4: val_accuracy improved from 0.48250 to 0.51750, saving model to models\surrogate_IAAFT1_simples_1000_three_head_CNN_model_1.h5

Epoch 5: val_accuracy did not improve from 0.51750

Epoch 6: val_accuracy did not improve from 0.51750

Epoch 7: val_accuracy did not improve from 0.51750

Epoch 8: val_accuracy did not improve from 0.51750

Epoch 9: val_accuracy did not improve from 0.51750
Epoch 9: early stopping
>#2: 51.750

Epoch 1: val_accuracy improved from -inf to 0.48250, saving model to models\surrogate_IAAFT1_simples_1000_three_head_CNN_model_2.h5

Epoch 2: val_accuracy did not improve from 0.48250

Epoch 3: val_accuracy improved from 0.48250 to 0.51750, saving model to models\surrogate_IAAFT1_simples_1000_three_head_CNN_model_2.h5

Epoch 4: val_accuracy did not improve from 0.51750

Epoch 5: val_accuracy did not improve from 0.51750

Epoch 6: val_accuracy did not improve from 0.51750

Epoch 7: val_accuracy did not improve from 0.51750

Epoch 8: val_accuracy did not improve from 0.51750
Epoch 8: early stopping
>#3: 51.750

Epoch 1: val_accuracy improved from -inf to 0.48250, saving model to models\surrogate_IAAFT1_simples_1000_three_head_CNN_model_3.h5

Epoch 2: val_accuracy did not improve from 0.48250

Epoch 3: val_accuracy did not improve from 0.48250

Epoch 4: val_accuracy did not improve from 0.48250

Epoch 5: val_accuracy did not improve from 0.48250

Epoch 6: val_accuracy did not improve from 0.48250
Epoch 6: early stopping
>#4: 48.250

Epoch 1: val_accuracy improved from -inf to 0.48250, saving model to models\surrogate_IAAFT1_simples_1000_three_head_CNN_model_4.h5

Epoch 2: val_accuracy did not improve from 0.48250

Epoch 3: val_accuracy did not improve from 0.48250

Epoch 4: val_accuracy improved from 0.48250 to 0.51750, saving model to models\surrogate_IAAFT1_simples_1000_three_head_CNN_model_4.h5

Epoch 5: val_accuracy improved from 0.51750 to 0.57625, saving model to models\surrogate_IAAFT1_simples_1000_three_head_CNN_model_4.h5

Epoch 6: val_accuracy did not improve from 0.57625

Epoch 7: val_accuracy did not improve from 0.57625

Epoch 8: val_accuracy did not improve from 0.57625

Epoch 9: val_accuracy did not improve from 0.57625

Epoch 10: val_accuracy improved from 0.57625 to 1.00000, saving model to models\surrogate_IAAFT1_simples_1000_three_head_CNN_model_4.h5

Epoch 11: val_accuracy did not improve from 1.00000

Epoch 12: val_accuracy did not improve from 1.00000

Epoch 13: val_accuracy did not improve from 1.00000

Epoch 14: val_accuracy did not improve from 1.00000

Epoch 15: val_accuracy did not improve from 1.00000
Epoch 15: early stopping
>#5: 100.000

Epoch 1: val_accuracy improved from -inf to 0.48250, saving model to models\surrogate_IAAFT1_simples_1000_three_head_CNN_model_5.h5

Epoch 2: val_accuracy did not improve from 0.48250

Epoch 3: val_accuracy did not improve from 0.48250

Epoch 4: val_accuracy improved from 0.48250 to 0.69750, saving model to models\surrogate_IAAFT1_simples_1000_three_head_CNN_model_5.h5

Epoch 5: val_accuracy did not improve from 0.69750

Epoch 6: val_accuracy did not improve from 0.69750

Epoch 7: val_accuracy did not improve from 0.69750

Epoch 8: val_accuracy did not improve from 0.69750

Epoch 9: val_accuracy did not improve from 0.69750
Epoch 9: early stopping
>#6: 69.750

Epoch 1: val_accuracy improved from -inf to 0.48250, saving model to models\surrogate_IAAFT1_simples_1000_three_head_CNN_model_6.h5

Epoch 2: val_accuracy did not improve from 0.48250

Epoch 3: val_accuracy did not improve from 0.48250

Epoch 4: val_accuracy improved from 0.48250 to 0.51750, saving model to models\surrogate_IAAFT1_simples_1000_three_head_CNN_model_6.h5

Epoch 5: val_accuracy did not improve from 0.51750

Epoch 6: val_accuracy did not improve from 0.51750

Epoch 7: val_accuracy did not improve from 0.51750

Epoch 8: val_accuracy did not improve from 0.51750

Epoch 9: val_accuracy improved from 0.51750 to 0.71875, saving model to models\surrogate_IAAFT1_simples_1000_three_head_CNN_model_6.h5

Epoch 10: val_accuracy did not improve from 0.71875

Epoch 11: val_accuracy did not improve from 0.71875

Epoch 12: val_accuracy did not improve from 0.71875

Epoch 13: val_accuracy did not improve from 0.71875

Epoch 14: val_accuracy did not improve from 0.71875
Epoch 14: early stopping
>#7: 71.875

Epoch 1: val_accuracy improved from -inf to 0.48250, saving model to models\surrogate_IAAFT1_simples_1000_three_head_CNN_model_7.h5

Epoch 2: val_accuracy did not improve from 0.48250

Epoch 3: val_accuracy did not improve from 0.48250

Epoch 4: val_accuracy did not improve from 0.48250

Epoch 5: val_accuracy improved from 0.48250 to 0.51750, saving model to models\surrogate_IAAFT1_simples_1000_three_head_CNN_model_7.h5

Epoch 6: val_accuracy improved from 0.51750 to 0.71875, saving model to models\surrogate_IAAFT1_simples_1000_three_head_CNN_model_7.h5

Epoch 7: val_accuracy did not improve from 0.71875

Epoch 8: val_accuracy did not improve from 0.71875

Epoch 9: val_accuracy did not improve from 0.71875

Epoch 10: val_accuracy improved from 0.71875 to 0.76500, saving model to models\surrogate_IAAFT1_simples_1000_three_head_CNN_model_7.h5

Epoch 11: val_accuracy did not improve from 0.76500

Epoch 12: val_accuracy did not improve from 0.76500

Epoch 13: val_accuracy improved from 0.76500 to 0.96625, saving model to models\surrogate_IAAFT1_simples_1000_three_head_CNN_model_7.h5

Epoch 14: val_accuracy did not improve from 0.96625

Epoch 15: val_accuracy improved from 0.96625 to 1.00000, saving model to models\surrogate_IAAFT1_simples_1000_three_head_CNN_model_7.h5

Epoch 16: val_accuracy did not improve from 1.00000

Epoch 17: val_accuracy did not improve from 1.00000

Epoch 18: val_accuracy did not improve from 1.00000

Epoch 19: val_accuracy did not improve from 1.00000

Epoch 20: val_accuracy did not improve from 1.00000
Epoch 20: early stopping
>#8: 100.000

Epoch 1: val_accuracy improved from -inf to 0.48250, saving model to models\surrogate_IAAFT1_simples_1000_three_head_CNN_model_8.h5

Epoch 2: val_accuracy did not improve from 0.48250

Epoch 3: val_accuracy did not improve from 0.48250

Epoch 4: val_accuracy did not improve from 0.48250

Epoch 5: val_accuracy did not improve from 0.48250

Epoch 6: val_accuracy improved from 0.48250 to 0.71875, saving model to models\surrogate_IAAFT1_simples_1000_three_head_CNN_model_8.h5

Epoch 7: val_accuracy did not improve from 0.71875

Epoch 8: val_accuracy did not improve from 0.71875

Epoch 9: val_accuracy did not improve from 0.71875

Epoch 10: val_accuracy did not improve from 0.71875

Epoch 11: val_accuracy did not improve from 0.71875
Epoch 11: early stopping
>#9: 71.875

Epoch 1: val_accuracy improved from -inf to 0.48250, saving model to models\surrogate_IAAFT1_simples_1000_three_head_CNN_model_9.h5

Epoch 2: val_accuracy did not improve from 0.48250

Epoch 3: val_accuracy did not improve from 0.48250

Epoch 4: val_accuracy did not improve from 0.48250

Epoch 5: val_accuracy did not improve from 0.48250

Epoch 6: val_accuracy did not improve from 0.48250
Epoch 6: early stopping
>#10: 48.250
------------------ summarize results -------------------------
DL_model: three_head_CNN_model
scores: [76.49999856948853, 51.749998331069946, 51.749998331069946, 48.249998688697815, 100.0, 69.74999904632568, 71.875, 100.0, 71.875, 48.249998688697815]
Accuracy mean (std): 69.000% (18.578)

Running time 72.5 seconds
------------------------------ 01 Completed ------------------------------

------------------------------ 02 Start Evaluation ------------------------------
surr_type: IAAFT1
simples: 1000
ID_train: IV_III
DL_model: three_head_CNN_model
repeats: 10

02_evaluation_performance directory already exists!
# 0 >> accuracy: 0.7387499809265137
# 1 >> accuracy: 0.46875
# 2 >> accuracy: 0.46875
# 3 >> accuracy: 0.53125
# 4 >> accuracy: 1.0
# 5 >> accuracy: 0.6949999928474426
# 6 >> accuracy: 0.7762500047683716
# 7 >> accuracy: 1.0
# 8 >> accuracy: 0.7762500047683716
# 9 >> accuracy: 0.53125
The results have been saved to a txt file: 02_evaluation_performance/evaluation_performance_surrogate_IAAFT1_simples_1000_three_head_CNN_model_train_IV_III.txt

Running time 12.5 seconds
------------------------------ 02 Completed Evaluation ------------------------------

------------------------------ 03 Start sliding windows ------------------------------
surr_type: IAAFT1
simples: 1000
ID_train: IV_III
ID_test: I
Variable_label: paleoclimate
tsid: 1
features: 300
sw_width: 454

03_sliding_window_data directory already exists!
I.shape: (909, 2)
success-> sliding_window_features_shape (real=(909-454+1, 300)):  (456, 300)
------------------------------ 03 Completed sliding windows ------------------------------

------------------------------ 04 Start predicate ------------------------------
surr_type: IAAFT1
simples: 1000
ID_train: IV_III
ID_test: I
DL_model: three_head_CNN_model
repeats: 10

04_prediction_data directory already exists!
X_test.shape (456, 300)
X_test_array.shape:  (456, 300, 1)
--------------- prediction ... ---------------
y_pred_list.shape (456, 10)
------------------------------ 04 Completed predicate ------------------------------

------------------------------ 05 Start plots ------------------------------
surr_type: IAAFT1
simples: 1000
ID_train: IV_III
ID_test: I
Variable_label: paleoclimate
DL_model: three_head_CNN_model
sw_width: 454
tsid: 1

05_ews_data_and_figures directory already exists!
05_ews_data_and_figures/data directory already exists!
05_ews_data_and_figures/data/IAAFT1 directory already exists!
05_ews_data_and_figures/figures directory already exists!
05_ews_data_and_figures/figures/IAAFT1 directory already exists!

Record_period: End_of_glaciation_I
start_age, transition_start, transition_end: -108025.0 -17000 -13828.0
sliding_window_I: 454
------------------------------ 05 Completed plots ------------------------------

------------------------------ 07 Start ROC for dl ------------------------------
surr_type: IAAFT1
simples: 1000
ID_merge_tsid: [2,1]
DL_model: three_head_CNN_model
repeats: 10
features: 300

07_roc_data_and_figures_sdml directory already exists!
07_roc_data_and_figures_sdml/data directory already exists!
07_roc_data_and_figures_sdml/data/IAAFT1 directory already exists!
07_roc_data_and_figures_sdml/data/IAAFT1/ROC directory already exists!
07_roc_data_and_figures_sdml/figures directory already exists!
07_roc_data_and_figures_sdml/figures/IAAFT1 directory already exists!

07_roc_data_and_figures_sdml/figures/IAAFT1/ROC directory already exists!

len_eval_pts = 40

----- 01 forced trajectories and compute EWS -----
tsid= 2
Complete for forced tsid=2
tsid= 1
Complete for forced tsid=1
----- 01 null trajectories and compute EWS -----
Complete for null tsid=2
Complete for null tsid=1
----- 02 Compute ROC curves -----
Exported ROC data to 07_roc_data_and_figures_sdml/data/IAAFT1/ROC/df_roc_surrogate_IAAFT1_simples_1000_three_head_CNN_model_[2,1].csv
Exported ROC figure to 07_roc_data_and_figures_sdml/figures/IAAFT1/ROC/figure_roc_surrogate_IAAFT1_simples_1000_three_head_CNN_model_[2,1].png
Ran in 16.37s
------------------------------ 07 Completed ROC for dl ------------------------------

------------------------------ 07 Start ROC for dl ------------------------------
surr_type: IAAFT1
simples: 1000
ID_merge_tsid: [4,3]
DL_model: three_head_CNN_model
repeats: 10
features: 300

07_roc_data_and_figures_sdml directory already exists!
07_roc_data_and_figures_sdml/data directory already exists!
07_roc_data_and_figures_sdml/data/IAAFT1 directory already exists!
07_roc_data_and_figures_sdml/data/IAAFT1/ROC directory already exists!
07_roc_data_and_figures_sdml/figures directory already exists!
07_roc_data_and_figures_sdml/figures/IAAFT1 directory already exists!

07_roc_data_and_figures_sdml/figures/IAAFT1/ROC directory already exists!

len_eval_pts = 40

----- 01 forced trajectories and compute EWS -----
tsid= 4
Complete for forced tsid=4
tsid= 3
Complete for forced tsid=3
----- 01 null trajectories and compute EWS -----
Complete for null tsid=4
Complete for null tsid=3
----- 02 Compute ROC curves -----
Exported ROC data to 07_roc_data_and_figures_sdml/data/IAAFT1/ROC/df_roc_surrogate_IAAFT1_simples_1000_three_head_CNN_model_[4,3].csv
Exported ROC figure to 07_roc_data_and_figures_sdml/figures/IAAFT1/ROC/figure_roc_surrogate_IAAFT1_simples_1000_three_head_CNN_model_[4,3].png
Ran in 16.04s
------------------------------ 07 Completed ROC for dl ------------------------------

------------------------------ 07 Start ROC for dl ------------------------------
surr_type: IAAFT1
simples: 1000
ID_merge_tsid: all
DL_model: three_head_CNN_model
repeats: 10
features: 300

07_roc_data_and_figures_sdml directory already exists!
07_roc_data_and_figures_sdml/data directory already exists!
07_roc_data_and_figures_sdml/data/IAAFT1 directory already exists!
07_roc_data_and_figures_sdml/data/IAAFT1/ROC directory already exists!
07_roc_data_and_figures_sdml/figures directory already exists!
07_roc_data_and_figures_sdml/figures/IAAFT1 directory already exists!

07_roc_data_and_figures_sdml/figures/IAAFT1/ROC directory already exists!

len_eval_pts = 40

----- 01 forced trajectories and compute EWS -----
tsid= 1
Complete for forced tsid=1
tsid= 2
Complete for forced tsid=2
tsid= 3
Complete for forced tsid=3
tsid= 4
Complete for forced tsid=4
----- 01 null trajectories and compute EWS -----
Complete for null tsid=1
Complete for null tsid=2
Complete for null tsid=3
Complete for null tsid=4
----- 02 Compute ROC curves -----
Exported ROC data to 07_roc_data_and_figures_sdml/data/IAAFT1/ROC/df_roc_surrogate_IAAFT1_simples_1000_three_head_CNN_model_all.csv
Exported ROC figure to 07_roc_data_and_figures_sdml/figures/IAAFT1/ROC/figure_roc_surrogate_IAAFT1_simples_1000_three_head_CNN_model_all.png
Ran in 23.44s
------------------------------ 07 Completed ROC for dl ------------------------------

------------------------------ 03 Start sliding windows ------------------------------
surr_type: IAAFT1
simples: 1000
ID_train: IV_III
ID_test: II
Variable_label: paleoclimate
tsid: 2
features: 300
sw_width: 446

03_sliding_window_data directory already exists!
II.shape: (893, 2)
success-> sliding_window_features_shape (real=(893-446+1, 300)):  (448, 300)
------------------------------ 03 Completed sliding windows ------------------------------

------------------------------ 04 Start predicate ------------------------------
surr_type: IAAFT1
simples: 1000
ID_train: IV_III
ID_test: II
DL_model: three_head_CNN_model
repeats: 10

04_prediction_data directory already exists!
X_test.shape (448, 300)
X_test_array.shape:  (448, 300, 1)
--------------- prediction ... ---------------
y_pred_list.shape (448, 10)
------------------------------ 04 Completed predicate ------------------------------

------------------------------ 05 Start plots ------------------------------
surr_type: IAAFT1
simples: 1000
ID_train: IV_III
ID_test: II
Variable_label: paleoclimate
DL_model: three_head_CNN_model
sw_width: 446
tsid: 2

05_ews_data_and_figures directory already exists!
05_ews_data_and_figures/data directory already exists!
05_ews_data_and_figures/data/IAAFT1 directory already exists!
05_ews_data_and_figures/figures directory already exists!
05_ews_data_and_figures/figures/IAAFT1 directory already exists!

Record_period: End_of_glaciation_II
start_age, transition_start, transition_end: -224351.0 -135000 -129705.0
sliding_window_II: 446
------------------------------ 05 Completed plots ------------------------------

-------------------------------------------------------------------------------------
Using GPU for TensorFlow.
------------------------------ 01 Start run ------------------------------
Data_folder: paleoclimate
surr_type: IAAFT1
simples: 1000
ID_train: IV_III
DL_model: LSTM_model
repeats: 10

01_evaluation_data directory already exists!
models directory already exists!

full_path= G:/surrogate_data_based_machine_learning_v4.0.0/paleoclimate/01_data_preprocessing/02_extracte_and_generate_surrogate_dataset/paleoclimate/data/merge_surrogate_IAAFT1_simples_1000_train_IV_III.csv

Epoch 1: val_accuracy improved from -inf to 0.79750, saving model to models\surrogate_IAAFT1_simples_1000_LSTM_model_0.h5

Epoch 2: val_accuracy did not improve from 0.79750

Epoch 3: val_accuracy did not improve from 0.79750

Epoch 4: val_accuracy did not improve from 0.79750

Epoch 5: val_accuracy did not improve from 0.79750

Epoch 6: val_accuracy did not improve from 0.79750
Epoch 6: early stopping
>#1: 79.750

Epoch 1: val_accuracy improved from -inf to 0.51750, saving model to models\surrogate_IAAFT1_simples_1000_LSTM_model_1.h5

Epoch 2: val_accuracy improved from 0.51750 to 0.52625, saving model to models\surrogate_IAAFT1_simples_1000_LSTM_model_1.h5

Epoch 3: val_accuracy did not improve from 0.52625

Epoch 4: val_accuracy did not improve from 0.52625

Epoch 5: val_accuracy did not improve from 0.52625

Epoch 6: val_accuracy improved from 0.52625 to 0.76500, saving model to models\surrogate_IAAFT1_simples_1000_LSTM_model_1.h5

Epoch 7: val_accuracy did not improve from 0.76500

Epoch 8: val_accuracy did not improve from 0.76500

Epoch 9: val_accuracy did not improve from 0.76500

Epoch 10: val_accuracy did not improve from 0.76500

Epoch 11: val_accuracy did not improve from 0.76500
Epoch 11: early stopping
>#2: 76.500

Epoch 1: val_accuracy improved from -inf to 0.51750, saving model to models\surrogate_IAAFT1_simples_1000_LSTM_model_2.h5

Epoch 2: val_accuracy did not improve from 0.51750

Epoch 3: val_accuracy did not improve from 0.51750

Epoch 4: val_accuracy did not improve from 0.51750

Epoch 5: val_accuracy did not improve from 0.51750

Epoch 6: val_accuracy did not improve from 0.51750
Epoch 6: early stopping
>#3: 51.750

Epoch 1: val_accuracy improved from -inf to 0.48250, saving model to models\surrogate_IAAFT1_simples_1000_LSTM_model_3.h5

Epoch 2: val_accuracy did not improve from 0.48250

Epoch 3: val_accuracy did not improve from 0.48250

Epoch 4: val_accuracy did not improve from 0.48250

Epoch 5: val_accuracy improved from 0.48250 to 0.51750, saving model to models\surrogate_IAAFT1_simples_1000_LSTM_model_3.h5

Epoch 6: val_accuracy did not improve from 0.51750

Epoch 7: val_accuracy did not improve from 0.51750

Epoch 8: val_accuracy did not improve from 0.51750

Epoch 9: val_accuracy did not improve from 0.51750

Epoch 10: val_accuracy did not improve from 0.51750
Epoch 10: early stopping
>#4: 51.750

Epoch 1: val_accuracy improved from -inf to 0.48250, saving model to models\surrogate_IAAFT1_simples_1000_LSTM_model_4.h5

Epoch 2: val_accuracy improved from 0.48250 to 0.51750, saving model to models\surrogate_IAAFT1_simples_1000_LSTM_model_4.h5

Epoch 3: val_accuracy did not improve from 0.51750

Epoch 4: val_accuracy did not improve from 0.51750

Epoch 5: val_accuracy did not improve from 0.51750

Epoch 6: val_accuracy did not improve from 0.51750

Epoch 7: val_accuracy did not improve from 0.51750
Epoch 7: early stopping
>#5: 51.750

Epoch 1: val_accuracy improved from -inf to 0.48250, saving model to models\surrogate_IAAFT1_simples_1000_LSTM_model_5.h5

Epoch 2: val_accuracy improved from 0.48250 to 0.51750, saving model to models\surrogate_IAAFT1_simples_1000_LSTM_model_5.h5

Epoch 3: val_accuracy did not improve from 0.51750

Epoch 4: val_accuracy did not improve from 0.51750

Epoch 5: val_accuracy did not improve from 0.51750

Epoch 6: val_accuracy improved from 0.51750 to 0.56250, saving model to models\surrogate_IAAFT1_simples_1000_LSTM_model_5.h5

Epoch 7: val_accuracy did not improve from 0.56250

Epoch 8: val_accuracy did not improve from 0.56250

Epoch 9: val_accuracy improved from 0.56250 to 0.76500, saving model to models\surrogate_IAAFT1_simples_1000_LSTM_model_5.h5

Epoch 10: val_accuracy did not improve from 0.76500

Epoch 11: val_accuracy did not improve from 0.76500

Epoch 12: val_accuracy did not improve from 0.76500

Epoch 13: val_accuracy did not improve from 0.76500

Epoch 14: val_accuracy did not improve from 0.76500
Epoch 14: early stopping
>#6: 76.500

Epoch 1: val_accuracy improved from -inf to 0.48250, saving model to models\surrogate_IAAFT1_simples_1000_LSTM_model_6.h5

Epoch 2: val_accuracy did not improve from 0.48250

Epoch 3: val_accuracy did not improve from 0.48250

Epoch 4: val_accuracy improved from 0.48250 to 0.51750, saving model to models\surrogate_IAAFT1_simples_1000_LSTM_model_6.h5

Epoch 5: val_accuracy did not improve from 0.51750

Epoch 6: val_accuracy did not improve from 0.51750

Epoch 7: val_accuracy did not improve from 0.51750

Epoch 8: val_accuracy did not improve from 0.51750

Epoch 9: val_accuracy did not improve from 0.51750
Epoch 9: early stopping
>#7: 51.750

Epoch 1: val_accuracy improved from -inf to 0.51750, saving model to models\surrogate_IAAFT1_simples_1000_LSTM_model_7.h5

Epoch 2: val_accuracy did not improve from 0.51750

Epoch 3: val_accuracy did not improve from 0.51750

Epoch 4: val_accuracy did not improve from 0.51750

Epoch 5: val_accuracy did not improve from 0.51750

Epoch 6: val_accuracy did not improve from 0.51750
Epoch 6: early stopping
>#8: 51.750

Epoch 1: val_accuracy improved from -inf to 0.51750, saving model to models\surrogate_IAAFT1_simples_1000_LSTM_model_8.h5

Epoch 2: val_accuracy did not improve from 0.51750

Epoch 3: val_accuracy did not improve from 0.51750

Epoch 4: val_accuracy did not improve from 0.51750

Epoch 5: val_accuracy did not improve from 0.51750

Epoch 6: val_accuracy did not improve from 0.51750
Epoch 6: early stopping
>#9: 51.750

Epoch 1: val_accuracy improved from -inf to 0.51750, saving model to models\surrogate_IAAFT1_simples_1000_LSTM_model_9.h5

Epoch 2: val_accuracy did not improve from 0.51750

Epoch 3: val_accuracy improved from 0.51750 to 0.76500, saving model to models\surrogate_IAAFT1_simples_1000_LSTM_model_9.h5

Epoch 4: val_accuracy did not improve from 0.76500

Epoch 5: val_accuracy did not improve from 0.76500

Epoch 6: val_accuracy did not improve from 0.76500

Epoch 7: val_accuracy did not improve from 0.76500

Epoch 8: val_accuracy did not improve from 0.76500
Epoch 8: early stopping
>#10: 76.500
------------------ summarize results -------------------------
DL_model: LSTM_model
scores: [79.75000143051147, 76.49999856948853, 51.749998331069946, 51.749998331069946, 51.749998331069946, 76.49999856948853, 51.749998331069946, 51.749998331069946, 51.749998331069946, 76.49999856948853]
Accuracy mean (std): 61.975% (12.555)

Running time 74.0 seconds
------------------------------ 01 Completed ------------------------------

------------------------------ 02 Start Evaluation ------------------------------
surr_type: IAAFT1
simples: 1000
ID_train: IV_III
DL_model: LSTM_model
repeats: 10

02_evaluation_performance directory already exists!
# 0 >> accuracy: 0.8324999809265137
# 1 >> accuracy: 0.7387499809265137
# 2 >> accuracy: 0.46875
# 3 >> accuracy: 0.46875
# 4 >> accuracy: 0.46875
# 5 >> accuracy: 0.7387499809265137
# 6 >> accuracy: 0.46875
# 7 >> accuracy: 0.46875
# 8 >> accuracy: 0.46875
# 9 >> accuracy: 0.7387499809265137
The results have been saved to a txt file: 02_evaluation_performance/evaluation_performance_surrogate_IAAFT1_simples_1000_LSTM_model_train_IV_III.txt

Running time 15.3 seconds
------------------------------ 02 Completed Evaluation ------------------------------

------------------------------ 03 Start sliding windows ------------------------------
surr_type: IAAFT1
simples: 1000
ID_train: IV_III
ID_test: I
Variable_label: paleoclimate
tsid: 1
features: 300
sw_width: 454

03_sliding_window_data directory already exists!
I.shape: (909, 2)
success-> sliding_window_features_shape (real=(909-454+1, 300)):  (456, 300)
------------------------------ 03 Completed sliding windows ------------------------------

------------------------------ 04 Start predicate ------------------------------
surr_type: IAAFT1
simples: 1000
ID_train: IV_III
ID_test: I
DL_model: LSTM_model
repeats: 10

04_prediction_data directory already exists!
X_test.shape (456, 300)
X_test_array.shape:  (456, 300, 1)
--------------- prediction ... ---------------
y_pred_list.shape (456, 10)
------------------------------ 04 Completed predicate ------------------------------

------------------------------ 05 Start plots ------------------------------
surr_type: IAAFT1
simples: 1000
ID_train: IV_III
ID_test: I
Variable_label: paleoclimate
DL_model: LSTM_model
sw_width: 454
tsid: 1

05_ews_data_and_figures directory already exists!
05_ews_data_and_figures/data directory already exists!
05_ews_data_and_figures/data/IAAFT1 directory already exists!
05_ews_data_and_figures/figures directory already exists!
05_ews_data_and_figures/figures/IAAFT1 directory already exists!

Record_period: End_of_glaciation_I
start_age, transition_start, transition_end: -108025.0 -17000 -13828.0
sliding_window_I: 454
------------------------------ 05 Completed plots ------------------------------

------------------------------ 07 Start ROC for dl ------------------------------
surr_type: IAAFT1
simples: 1000
ID_merge_tsid: [2,1]
DL_model: LSTM_model
repeats: 10
features: 300

07_roc_data_and_figures_sdml directory already exists!
07_roc_data_and_figures_sdml/data directory already exists!
07_roc_data_and_figures_sdml/data/IAAFT1 directory already exists!
07_roc_data_and_figures_sdml/data/IAAFT1/ROC directory already exists!
07_roc_data_and_figures_sdml/figures directory already exists!
07_roc_data_and_figures_sdml/figures/IAAFT1 directory already exists!

07_roc_data_and_figures_sdml/figures/IAAFT1/ROC directory already exists!

len_eval_pts = 40

----- 01 forced trajectories and compute EWS -----
tsid= 2
Complete for forced tsid=2
tsid= 1
Complete for forced tsid=1
----- 01 null trajectories and compute EWS -----
Complete for null tsid=2
Complete for null tsid=1
----- 02 Compute ROC curves -----
Exported ROC data to 07_roc_data_and_figures_sdml/data/IAAFT1/ROC/df_roc_surrogate_IAAFT1_simples_1000_LSTM_model_[2,1].csv
Exported ROC figure to 07_roc_data_and_figures_sdml/figures/IAAFT1/ROC/figure_roc_surrogate_IAAFT1_simples_1000_LSTM_model_[2,1].png
Ran in 21.55s
------------------------------ 07 Completed ROC for dl ------------------------------

------------------------------ 07 Start ROC for dl ------------------------------
surr_type: IAAFT1
simples: 1000
ID_merge_tsid: [4,3]
DL_model: LSTM_model
repeats: 10
features: 300

07_roc_data_and_figures_sdml directory already exists!
07_roc_data_and_figures_sdml/data directory already exists!
07_roc_data_and_figures_sdml/data/IAAFT1 directory already exists!
07_roc_data_and_figures_sdml/data/IAAFT1/ROC directory already exists!
07_roc_data_and_figures_sdml/figures directory already exists!
07_roc_data_and_figures_sdml/figures/IAAFT1 directory already exists!

07_roc_data_and_figures_sdml/figures/IAAFT1/ROC directory already exists!

len_eval_pts = 40

----- 01 forced trajectories and compute EWS -----
tsid= 4
Complete for forced tsid=4
tsid= 3
Complete for forced tsid=3
----- 01 null trajectories and compute EWS -----
Complete for null tsid=4
Complete for null tsid=3
----- 02 Compute ROC curves -----
Exported ROC data to 07_roc_data_and_figures_sdml/data/IAAFT1/ROC/df_roc_surrogate_IAAFT1_simples_1000_LSTM_model_[4,3].csv
Exported ROC figure to 07_roc_data_and_figures_sdml/figures/IAAFT1/ROC/figure_roc_surrogate_IAAFT1_simples_1000_LSTM_model_[4,3].png
Ran in 21.61s
------------------------------ 07 Completed ROC for dl ------------------------------

------------------------------ 07 Start ROC for dl ------------------------------
surr_type: IAAFT1
simples: 1000
ID_merge_tsid: all
DL_model: LSTM_model
repeats: 10
features: 300

07_roc_data_and_figures_sdml directory already exists!
07_roc_data_and_figures_sdml/data directory already exists!
07_roc_data_and_figures_sdml/data/IAAFT1 directory already exists!
07_roc_data_and_figures_sdml/data/IAAFT1/ROC directory already exists!
07_roc_data_and_figures_sdml/figures directory already exists!
07_roc_data_and_figures_sdml/figures/IAAFT1 directory already exists!

07_roc_data_and_figures_sdml/figures/IAAFT1/ROC directory already exists!

len_eval_pts = 40

----- 01 forced trajectories and compute EWS -----
tsid= 1
Complete for forced tsid=1
tsid= 2
Complete for forced tsid=2
tsid= 3
Complete for forced tsid=3
tsid= 4
Complete for forced tsid=4
----- 01 null trajectories and compute EWS -----
Complete for null tsid=1
Complete for null tsid=2
Complete for null tsid=3
Complete for null tsid=4
----- 02 Compute ROC curves -----
Exported ROC data to 07_roc_data_and_figures_sdml/data/IAAFT1/ROC/df_roc_surrogate_IAAFT1_simples_1000_LSTM_model_all.csv
Exported ROC figure to 07_roc_data_and_figures_sdml/figures/IAAFT1/ROC/figure_roc_surrogate_IAAFT1_simples_1000_LSTM_model_all.png
Ran in 34.13s
------------------------------ 07 Completed ROC for dl ------------------------------

------------------------------ 03 Start sliding windows ------------------------------
surr_type: IAAFT1
simples: 1000
ID_train: IV_III
ID_test: II
Variable_label: paleoclimate
tsid: 2
features: 300
sw_width: 446

03_sliding_window_data directory already exists!
II.shape: (893, 2)
success-> sliding_window_features_shape (real=(893-446+1, 300)):  (448, 300)
------------------------------ 03 Completed sliding windows ------------------------------

------------------------------ 04 Start predicate ------------------------------
surr_type: IAAFT1
simples: 1000
ID_train: IV_III
ID_test: II
DL_model: LSTM_model
repeats: 10

04_prediction_data directory already exists!
X_test.shape (448, 300)
X_test_array.shape:  (448, 300, 1)
--------------- prediction ... ---------------
y_pred_list.shape (448, 10)
------------------------------ 04 Completed predicate ------------------------------

------------------------------ 05 Start plots ------------------------------
surr_type: IAAFT1
simples: 1000
ID_train: IV_III
ID_test: II
Variable_label: paleoclimate
DL_model: LSTM_model
sw_width: 446
tsid: 2

05_ews_data_and_figures directory already exists!
05_ews_data_and_figures/data directory already exists!
05_ews_data_and_figures/data/IAAFT1 directory already exists!
05_ews_data_and_figures/figures directory already exists!
05_ews_data_and_figures/figures/IAAFT1 directory already exists!

Record_period: End_of_glaciation_II
start_age, transition_start, transition_end: -224351.0 -135000 -129705.0
sliding_window_II: 446
------------------------------ 05 Completed plots ------------------------------

-------------------------------------------------------------------------------------
Using GPU for TensorFlow.
------------------------------ 01 Start run ------------------------------
Data_folder: paleoclimate
surr_type: IAAFT1
simples: 1000
ID_train: IV_III
DL_model: CNN_LSTM_model
repeats: 10

01_evaluation_data directory already exists!
models directory already exists!

full_path= G:/surrogate_data_based_machine_learning_v4.0.0/paleoclimate/01_data_preprocessing/02_extracte_and_generate_surrogate_dataset/paleoclimate/data/merge_surrogate_IAAFT1_simples_1000_train_IV_III.csv

Epoch 1: val_accuracy improved from -inf to 0.51750, saving model to models\surrogate_IAAFT1_simples_1000_CNN_LSTM_model_0.h5

Epoch 2: val_accuracy did not improve from 0.51750

Epoch 3: val_accuracy did not improve from 0.51750

Epoch 4: val_accuracy did not improve from 0.51750

Epoch 5: val_accuracy did not improve from 0.51750

Epoch 6: val_accuracy did not improve from 0.51750
Epoch 6: early stopping
>#1: 51.750

Epoch 1: val_accuracy improved from -inf to 0.51750, saving model to models\surrogate_IAAFT1_simples_1000_CNN_LSTM_model_1.h5

Epoch 2: val_accuracy did not improve from 0.51750

Epoch 3: val_accuracy did not improve from 0.51750

Epoch 4: val_accuracy did not improve from 0.51750

Epoch 5: val_accuracy did not improve from 0.51750

Epoch 6: val_accuracy did not improve from 0.51750
Epoch 6: early stopping
>#2: 51.750

Epoch 1: val_accuracy improved from -inf to 0.51750, saving model to models\surrogate_IAAFT1_simples_1000_CNN_LSTM_model_2.h5

Epoch 2: val_accuracy did not improve from 0.51750

Epoch 3: val_accuracy did not improve from 0.51750

Epoch 4: val_accuracy did not improve from 0.51750

Epoch 5: val_accuracy did not improve from 0.51750

Epoch 6: val_accuracy did not improve from 0.51750
Epoch 6: early stopping
>#3: 51.750

Epoch 1: val_accuracy improved from -inf to 0.48250, saving model to models\surrogate_IAAFT1_simples_1000_CNN_LSTM_model_3.h5

Epoch 2: val_accuracy improved from 0.48250 to 0.51750, saving model to models\surrogate_IAAFT1_simples_1000_CNN_LSTM_model_3.h5

Epoch 3: val_accuracy did not improve from 0.51750

Epoch 4: val_accuracy did not improve from 0.51750

Epoch 5: val_accuracy did not improve from 0.51750

Epoch 6: val_accuracy did not improve from 0.51750

Epoch 7: val_accuracy did not improve from 0.51750
Epoch 7: early stopping
>#4: 51.750

Epoch 1: val_accuracy improved from -inf to 0.48250, saving model to models\surrogate_IAAFT1_simples_1000_CNN_LSTM_model_4.h5

Epoch 2: val_accuracy did not improve from 0.48250

Epoch 3: val_accuracy improved from 0.48250 to 0.51750, saving model to models\surrogate_IAAFT1_simples_1000_CNN_LSTM_model_4.h5

Epoch 4: val_accuracy did not improve from 0.51750

Epoch 5: val_accuracy did not improve from 0.51750

Epoch 6: val_accuracy did not improve from 0.51750

Epoch 7: val_accuracy did not improve from 0.51750

Epoch 8: val_accuracy did not improve from 0.51750
Epoch 8: early stopping
>#5: 51.750

Epoch 1: val_accuracy improved from -inf to 0.51750, saving model to models\surrogate_IAAFT1_simples_1000_CNN_LSTM_model_5.h5

Epoch 2: val_accuracy did not improve from 0.51750

Epoch 3: val_accuracy did not improve from 0.51750

Epoch 4: val_accuracy did not improve from 0.51750

Epoch 5: val_accuracy did not improve from 0.51750

Epoch 6: val_accuracy did not improve from 0.51750
Epoch 6: early stopping
>#6: 51.750

Epoch 1: val_accuracy improved from -inf to 0.48875, saving model to models\surrogate_IAAFT1_simples_1000_CNN_LSTM_model_6.h5

Epoch 2: val_accuracy did not improve from 0.48875

Epoch 3: val_accuracy did not improve from 0.48875

Epoch 4: val_accuracy improved from 0.48875 to 0.51750, saving model to models\surrogate_IAAFT1_simples_1000_CNN_LSTM_model_6.h5

Epoch 5: val_accuracy did not improve from 0.51750

Epoch 6: val_accuracy did not improve from 0.51750

Epoch 7: val_accuracy did not improve from 0.51750

Epoch 8: val_accuracy did not improve from 0.51750

Epoch 9: val_accuracy did not improve from 0.51750
Epoch 9: early stopping
>#7: 51.750

Epoch 1: val_accuracy improved from -inf to 0.51750, saving model to models\surrogate_IAAFT1_simples_1000_CNN_LSTM_model_7.h5

Epoch 2: val_accuracy did not improve from 0.51750

Epoch 3: val_accuracy did not improve from 0.51750

Epoch 4: val_accuracy did not improve from 0.51750

Epoch 5: val_accuracy did not improve from 0.51750

Epoch 6: val_accuracy did not improve from 0.51750
Epoch 6: early stopping
>#8: 51.750

Epoch 1: val_accuracy improved from -inf to 0.48250, saving model to models\surrogate_IAAFT1_simples_1000_CNN_LSTM_model_8.h5

Epoch 2: val_accuracy did not improve from 0.48250

Epoch 3: val_accuracy improved from 0.48250 to 0.51750, saving model to models\surrogate_IAAFT1_simples_1000_CNN_LSTM_model_8.h5

Epoch 4: val_accuracy did not improve from 0.51750

Epoch 5: val_accuracy did not improve from 0.51750

Epoch 6: val_accuracy did not improve from 0.51750

Epoch 7: val_accuracy did not improve from 0.51750

Epoch 8: val_accuracy did not improve from 0.51750
Epoch 8: early stopping
>#9: 51.750

Epoch 1: val_accuracy improved from -inf to 0.51750, saving model to models\surrogate_IAAFT1_simples_1000_CNN_LSTM_model_9.h5

Epoch 2: val_accuracy did not improve from 0.51750

Epoch 3: val_accuracy did not improve from 0.51750

Epoch 4: val_accuracy did not improve from 0.51750

Epoch 5: val_accuracy did not improve from 0.51750

Epoch 6: val_accuracy did not improve from 0.51750
Epoch 6: early stopping
>#10: 51.750
------------------ summarize results -------------------------
DL_model: CNN_LSTM_model
scores: [51.749998331069946, 51.749998331069946, 51.749998331069946, 51.749998331069946, 51.749998331069946, 51.749998331069946, 51.749998331069946, 51.749998331069946, 51.749998331069946, 51.749998331069946]
Accuracy mean (std): 51.750% (0.000)

Running time 58.0 seconds
------------------------------ 01 Completed ------------------------------

------------------------------ 02 Start Evaluation ------------------------------
surr_type: IAAFT1
simples: 1000
ID_train: IV_III
DL_model: CNN_LSTM_model
repeats: 10

02_evaluation_performance directory already exists!
# 0 >> accuracy: 0.46875
# 1 >> accuracy: 0.46875
# 2 >> accuracy: 0.46875
# 3 >> accuracy: 0.46875
# 4 >> accuracy: 0.46875
# 5 >> accuracy: 0.46875
# 6 >> accuracy: 0.46875
# 7 >> accuracy: 0.46875
# 8 >> accuracy: 0.46875
# 9 >> accuracy: 0.46875
The results have been saved to a txt file: 02_evaluation_performance/evaluation_performance_surrogate_IAAFT1_simples_1000_CNN_LSTM_model_train_IV_III.txt

Running time 17.5 seconds
------------------------------ 02 Completed Evaluation ------------------------------

------------------------------ 03 Start sliding windows ------------------------------
surr_type: IAAFT1
simples: 1000
ID_train: IV_III
ID_test: I
Variable_label: paleoclimate
tsid: 1
features: 300
sw_width: 454

03_sliding_window_data directory already exists!
I.shape: (909, 2)
success-> sliding_window_features_shape (real=(909-454+1, 300)):  (456, 300)
------------------------------ 03 Completed sliding windows ------------------------------

------------------------------ 04 Start predicate ------------------------------
surr_type: IAAFT1
simples: 1000
ID_train: IV_III
ID_test: I
DL_model: CNN_LSTM_model
repeats: 10

04_prediction_data directory already exists!
X_test.shape (456, 300)
X_test_array.shape:  (456, 300, 1)
--------------- prediction ... ---------------
textX=(samples, steps, length, channels): (456, 10, 30, 1)
textX=(samples, steps, length, channels): (456, 10, 30, 1)
textX=(samples, steps, length, channels): (456, 10, 30, 1)
textX=(samples, steps, length, channels): (456, 10, 30, 1)
textX=(samples, steps, length, channels): (456, 10, 30, 1)
textX=(samples, steps, length, channels): (456, 10, 30, 1)
textX=(samples, steps, length, channels): (456, 10, 30, 1)
textX=(samples, steps, length, channels): (456, 10, 30, 1)
textX=(samples, steps, length, channels): (456, 10, 30, 1)
textX=(samples, steps, length, channels): (456, 10, 30, 1)
y_pred_list.shape (456, 10)
------------------------------ 04 Completed predicate ------------------------------

------------------------------ 05 Start plots ------------------------------
surr_type: IAAFT1
simples: 1000
ID_train: IV_III
ID_test: I
Variable_label: paleoclimate
DL_model: CNN_LSTM_model
sw_width: 454
tsid: 1

05_ews_data_and_figures directory already exists!
05_ews_data_and_figures/data directory already exists!
05_ews_data_and_figures/data/IAAFT1 directory already exists!
05_ews_data_and_figures/figures directory already exists!
05_ews_data_and_figures/figures/IAAFT1 directory already exists!

Record_period: End_of_glaciation_I
start_age, transition_start, transition_end: -108025.0 -17000 -13828.0
sliding_window_I: 454
------------------------------ 05 Completed plots ------------------------------

------------------------------ 07 Start ROC for dl ------------------------------
surr_type: IAAFT1
simples: 1000
ID_merge_tsid: [2,1]
DL_model: CNN_LSTM_model
repeats: 10
features: 300

07_roc_data_and_figures_sdml directory already exists!
07_roc_data_and_figures_sdml/data directory already exists!
07_roc_data_and_figures_sdml/data/IAAFT1 directory already exists!
07_roc_data_and_figures_sdml/data/IAAFT1/ROC directory already exists!
07_roc_data_and_figures_sdml/figures directory already exists!
07_roc_data_and_figures_sdml/figures/IAAFT1 directory already exists!

07_roc_data_and_figures_sdml/figures/IAAFT1/ROC directory already exists!

len_eval_pts = 40

----- 01 forced trajectories and compute EWS -----
tsid= 2
Complete for forced tsid=2
tsid= 1
Complete for forced tsid=1
----- 01 null trajectories and compute EWS -----
Complete for null tsid=2
Complete for null tsid=1
----- 02 Compute ROC curves -----
Exported ROC data to 07_roc_data_and_figures_sdml/data/IAAFT1/ROC/df_roc_surrogate_IAAFT1_simples_1000_CNN_LSTM_model_[2,1].csv
Exported ROC figure to 07_roc_data_and_figures_sdml/figures/IAAFT1/ROC/figure_roc_surrogate_IAAFT1_simples_1000_CNN_LSTM_model_[2,1].png
Ran in 25.26s
------------------------------ 07 Completed ROC for dl ------------------------------

------------------------------ 07 Start ROC for dl ------------------------------
surr_type: IAAFT1
simples: 1000
ID_merge_tsid: [4,3]
DL_model: CNN_LSTM_model
repeats: 10
features: 300

07_roc_data_and_figures_sdml directory already exists!
07_roc_data_and_figures_sdml/data directory already exists!
07_roc_data_and_figures_sdml/data/IAAFT1 directory already exists!
07_roc_data_and_figures_sdml/data/IAAFT1/ROC directory already exists!
07_roc_data_and_figures_sdml/figures directory already exists!
07_roc_data_and_figures_sdml/figures/IAAFT1 directory already exists!

07_roc_data_and_figures_sdml/figures/IAAFT1/ROC directory already exists!

len_eval_pts = 40

----- 01 forced trajectories and compute EWS -----
tsid= 4
Complete for forced tsid=4
tsid= 3
Complete for forced tsid=3
----- 01 null trajectories and compute EWS -----
Complete for null tsid=4
Complete for null tsid=3
----- 02 Compute ROC curves -----
Exported ROC data to 07_roc_data_and_figures_sdml/data/IAAFT1/ROC/df_roc_surrogate_IAAFT1_simples_1000_CNN_LSTM_model_[4,3].csv
Exported ROC figure to 07_roc_data_and_figures_sdml/figures/IAAFT1/ROC/figure_roc_surrogate_IAAFT1_simples_1000_CNN_LSTM_model_[4,3].png
Ran in 25.25s
------------------------------ 07 Completed ROC for dl ------------------------------

------------------------------ 07 Start ROC for dl ------------------------------
surr_type: IAAFT1
simples: 1000
ID_merge_tsid: all
DL_model: CNN_LSTM_model
repeats: 10
features: 300

07_roc_data_and_figures_sdml directory already exists!
07_roc_data_and_figures_sdml/data directory already exists!
07_roc_data_and_figures_sdml/data/IAAFT1 directory already exists!
07_roc_data_and_figures_sdml/data/IAAFT1/ROC directory already exists!
07_roc_data_and_figures_sdml/figures directory already exists!
07_roc_data_and_figures_sdml/figures/IAAFT1 directory already exists!

07_roc_data_and_figures_sdml/figures/IAAFT1/ROC directory already exists!

len_eval_pts = 40

----- 01 forced trajectories and compute EWS -----
tsid= 1
Complete for forced tsid=1
tsid= 2
Complete for forced tsid=2
tsid= 3
Complete for forced tsid=3
tsid= 4
Complete for forced tsid=4
----- 01 null trajectories and compute EWS -----
Complete for null tsid=1
Complete for null tsid=2
Complete for null tsid=3
Complete for null tsid=4
----- 02 Compute ROC curves -----
Exported ROC data to 07_roc_data_and_figures_sdml/data/IAAFT1/ROC/df_roc_surrogate_IAAFT1_simples_1000_CNN_LSTM_model_all.csv
Exported ROC figure to 07_roc_data_and_figures_sdml/figures/IAAFT1/ROC/figure_roc_surrogate_IAAFT1_simples_1000_CNN_LSTM_model_all.png
Ran in 38.95s
------------------------------ 07 Completed ROC for dl ------------------------------

------------------------------ 03 Start sliding windows ------------------------------
surr_type: IAAFT1
simples: 1000
ID_train: IV_III
ID_test: II
Variable_label: paleoclimate
tsid: 2
features: 300
sw_width: 446

03_sliding_window_data directory already exists!
II.shape: (893, 2)
success-> sliding_window_features_shape (real=(893-446+1, 300)):  (448, 300)
------------------------------ 03 Completed sliding windows ------------------------------

------------------------------ 04 Start predicate ------------------------------
surr_type: IAAFT1
simples: 1000
ID_train: IV_III
ID_test: II
DL_model: CNN_LSTM_model
repeats: 10

04_prediction_data directory already exists!
X_test.shape (448, 300)
X_test_array.shape:  (448, 300, 1)
--------------- prediction ... ---------------
textX=(samples, steps, length, channels): (448, 10, 30, 1)
textX=(samples, steps, length, channels): (448, 10, 30, 1)
textX=(samples, steps, length, channels): (448, 10, 30, 1)
textX=(samples, steps, length, channels): (448, 10, 30, 1)
textX=(samples, steps, length, channels): (448, 10, 30, 1)
textX=(samples, steps, length, channels): (448, 10, 30, 1)
textX=(samples, steps, length, channels): (448, 10, 30, 1)
textX=(samples, steps, length, channels): (448, 10, 30, 1)
textX=(samples, steps, length, channels): (448, 10, 30, 1)
textX=(samples, steps, length, channels): (448, 10, 30, 1)
y_pred_list.shape (448, 10)
------------------------------ 04 Completed predicate ------------------------------

------------------------------ 05 Start plots ------------------------------
surr_type: IAAFT1
simples: 1000
ID_train: IV_III
ID_test: II
Variable_label: paleoclimate
DL_model: CNN_LSTM_model
sw_width: 446
tsid: 2

05_ews_data_and_figures directory already exists!
05_ews_data_and_figures/data directory already exists!
05_ews_data_and_figures/data/IAAFT1 directory already exists!
05_ews_data_and_figures/figures directory already exists!
05_ews_data_and_figures/figures/IAAFT1 directory already exists!

Record_period: End_of_glaciation_II
start_age, transition_start, transition_end: -224351.0 -135000 -129705.0
sliding_window_II: 446
------------------------------ 05 Completed plots ------------------------------

-------------------------------------------------------------------------------------
Using GPU for TensorFlow.
------------------------------ 01 Start run ------------------------------
Data_folder: paleoclimate
surr_type: IAAFT1
simples: 1000
ID_train: IV_III
DL_model: ConvLSTM_model
repeats: 10

01_evaluation_data directory already exists!
models directory already exists!

full_path= G:/surrogate_data_based_machine_learning_v4.0.0/paleoclimate/01_data_preprocessing/02_extracte_and_generate_surrogate_dataset/paleoclimate/data/merge_surrogate_IAAFT1_simples_1000_train_IV_III.csv

Epoch 1: val_accuracy improved from -inf to 0.51750, saving model to models\surrogate_IAAFT1_simples_1000_ConvLSTM_model_0.h5

Epoch 2: val_accuracy did not improve from 0.51750

Epoch 3: val_accuracy did not improve from 0.51750

Epoch 4: val_accuracy did not improve from 0.51750

Epoch 5: val_accuracy did not improve from 0.51750

Epoch 6: val_accuracy did not improve from 0.51750
Epoch 6: early stopping
>#1: 51.750

Epoch 1: val_accuracy improved from -inf to 0.51750, saving model to models\surrogate_IAAFT1_simples_1000_ConvLSTM_model_1.h5

Epoch 2: val_accuracy did not improve from 0.51750

Epoch 3: val_accuracy did not improve from 0.51750

Epoch 4: val_accuracy did not improve from 0.51750

Epoch 5: val_accuracy did not improve from 0.51750

Epoch 6: val_accuracy did not improve from 0.51750
Epoch 6: early stopping
>#2: 51.750

Epoch 1: val_accuracy improved from -inf to 0.51625, saving model to models\surrogate_IAAFT1_simples_1000_ConvLSTM_model_2.h5

Epoch 2: val_accuracy improved from 0.51625 to 0.51750, saving model to models\surrogate_IAAFT1_simples_1000_ConvLSTM_model_2.h5

Epoch 3: val_accuracy did not improve from 0.51750

Epoch 4: val_accuracy did not improve from 0.51750

Epoch 5: val_accuracy did not improve from 0.51750

Epoch 6: val_accuracy did not improve from 0.51750

Epoch 7: val_accuracy did not improve from 0.51750
Epoch 7: early stopping
>#3: 51.750

Epoch 1: val_accuracy improved from -inf to 0.48500, saving model to models\surrogate_IAAFT1_simples_1000_ConvLSTM_model_3.h5

Epoch 2: val_accuracy improved from 0.48500 to 0.49750, saving model to models\surrogate_IAAFT1_simples_1000_ConvLSTM_model_3.h5

Epoch 3: val_accuracy improved from 0.49750 to 0.51750, saving model to models\surrogate_IAAFT1_simples_1000_ConvLSTM_model_3.h5

Epoch 4: val_accuracy did not improve from 0.51750

Epoch 5: val_accuracy did not improve from 0.51750

Epoch 6: val_accuracy did not improve from 0.51750

Epoch 7: val_accuracy did not improve from 0.51750

Epoch 8: val_accuracy did not improve from 0.51750
Epoch 8: early stopping
>#4: 51.750

Epoch 1: val_accuracy improved from -inf to 0.48250, saving model to models\surrogate_IAAFT1_simples_1000_ConvLSTM_model_4.h5

Epoch 2: val_accuracy did not improve from 0.48250

Epoch 3: val_accuracy did not improve from 0.48250

Epoch 4: val_accuracy did not improve from 0.48250

Epoch 5: val_accuracy did not improve from 0.48250

Epoch 6: val_accuracy improved from 0.48250 to 0.49875, saving model to models\surrogate_IAAFT1_simples_1000_ConvLSTM_model_4.h5

Epoch 7: val_accuracy did not improve from 0.49875

Epoch 8: val_accuracy did not improve from 0.49875

Epoch 9: val_accuracy did not improve from 0.49875

Epoch 10: val_accuracy improved from 0.49875 to 0.51750, saving model to models\surrogate_IAAFT1_simples_1000_ConvLSTM_model_4.h5

Epoch 11: val_accuracy did not improve from 0.51750

Epoch 12: val_accuracy did not improve from 0.51750

Epoch 13: val_accuracy did not improve from 0.51750

Epoch 14: val_accuracy did not improve from 0.51750

Epoch 15: val_accuracy did not improve from 0.51750
Epoch 15: early stopping
>#5: 51.750

Epoch 1: val_accuracy improved from -inf to 0.51625, saving model to models\surrogate_IAAFT1_simples_1000_ConvLSTM_model_5.h5

Epoch 2: val_accuracy improved from 0.51625 to 0.59000, saving model to models\surrogate_IAAFT1_simples_1000_ConvLSTM_model_5.h5

Epoch 3: val_accuracy did not improve from 0.59000

Epoch 4: val_accuracy did not improve from 0.59000

Epoch 5: val_accuracy did not improve from 0.59000

Epoch 6: val_accuracy did not improve from 0.59000

Epoch 7: val_accuracy did not improve from 0.59000
Epoch 7: early stopping
>#6: 59.000

Epoch 1: val_accuracy improved from -inf to 0.48875, saving model to models\surrogate_IAAFT1_simples_1000_ConvLSTM_model_6.h5

Epoch 2: val_accuracy improved from 0.48875 to 0.51500, saving model to models\surrogate_IAAFT1_simples_1000_ConvLSTM_model_6.h5

Epoch 3: val_accuracy did not improve from 0.51500

Epoch 4: val_accuracy improved from 0.51500 to 0.52125, saving model to models\surrogate_IAAFT1_simples_1000_ConvLSTM_model_6.h5

Epoch 5: val_accuracy did not improve from 0.52125

Epoch 6: val_accuracy did not improve from 0.52125

Epoch 7: val_accuracy did not improve from 0.52125

Epoch 8: val_accuracy did not improve from 0.52125

Epoch 9: val_accuracy did not improve from 0.52125
Epoch 9: early stopping
>#7: 52.125

Epoch 1: val_accuracy improved from -inf to 0.51750, saving model to models\surrogate_IAAFT1_simples_1000_ConvLSTM_model_7.h5

Epoch 2: val_accuracy did not improve from 0.51750

Epoch 3: val_accuracy did not improve from 0.51750

Epoch 4: val_accuracy did not improve from 0.51750

Epoch 5: val_accuracy did not improve from 0.51750

Epoch 6: val_accuracy did not improve from 0.51750
Epoch 6: early stopping
>#8: 51.750

Epoch 1: val_accuracy improved from -inf to 0.45500, saving model to models\surrogate_IAAFT1_simples_1000_ConvLSTM_model_8.h5

Epoch 2: val_accuracy improved from 0.45500 to 0.52125, saving model to models\surrogate_IAAFT1_simples_1000_ConvLSTM_model_8.h5

Epoch 3: val_accuracy improved from 0.52125 to 0.53250, saving model to models\surrogate_IAAFT1_simples_1000_ConvLSTM_model_8.h5

Epoch 4: val_accuracy did not improve from 0.53250

Epoch 5: val_accuracy did not improve from 0.53250

Epoch 6: val_accuracy improved from 0.53250 to 0.54000, saving model to models\surrogate_IAAFT1_simples_1000_ConvLSTM_model_8.h5

Epoch 7: val_accuracy did not improve from 0.54000

Epoch 8: val_accuracy did not improve from 0.54000

Epoch 9: val_accuracy did not improve from 0.54000

Epoch 10: val_accuracy did not improve from 0.54000

Epoch 11: val_accuracy did not improve from 0.54000
Epoch 11: early stopping
>#9: 54.000

Epoch 1: val_accuracy improved from -inf to 0.51750, saving model to models\surrogate_IAAFT1_simples_1000_ConvLSTM_model_9.h5

Epoch 2: val_accuracy did not improve from 0.51750

Epoch 3: val_accuracy did not improve from 0.51750

Epoch 4: val_accuracy improved from 0.51750 to 0.52125, saving model to models\surrogate_IAAFT1_simples_1000_ConvLSTM_model_9.h5

Epoch 5: val_accuracy did not improve from 0.52125

Epoch 6: val_accuracy did not improve from 0.52125

Epoch 7: val_accuracy did not improve from 0.52125

Epoch 8: val_accuracy did not improve from 0.52125

Epoch 9: val_accuracy did not improve from 0.52125
Epoch 9: early stopping
>#10: 52.125
------------------ summarize results -------------------------
DL_model: ConvLSTM_model
scores: [51.749998331069946, 51.749998331069946, 51.749998331069946, 51.749998331069946, 51.749998331069946, 58.99999737739563, 52.125000953674316, 51.749998331069946, 54.00000214576721, 52.125000953674316]
Accuracy mean (std): 52.775% (2.177)

Running time 411.9 seconds
------------------------------ 01 Completed ------------------------------

------------------------------ 02 Start Evaluation ------------------------------
surr_type: IAAFT1
simples: 1000
ID_train: IV_III
DL_model: ConvLSTM_model
repeats: 10

02_evaluation_performance directory already exists!
# 0 >> accuracy: 0.46875
# 1 >> accuracy: 0.46875
# 2 >> accuracy: 0.46875
# 3 >> accuracy: 0.46875
# 4 >> accuracy: 0.46875
# 5 >> accuracy: 0.5862500071525574
# 6 >> accuracy: 0.45875000953674316
# 7 >> accuracy: 0.46875
# 8 >> accuracy: 0.5062500238418579
# 9 >> accuracy: 0.46875
The results have been saved to a txt file: 02_evaluation_performance/evaluation_performance_surrogate_IAAFT1_simples_1000_ConvLSTM_model_train_IV_III.txt

Running time 15.5 seconds
------------------------------ 02 Completed Evaluation ------------------------------

------------------------------ 03 Start sliding windows ------------------------------
surr_type: IAAFT1
simples: 1000
ID_train: IV_III
ID_test: I
Variable_label: paleoclimate
tsid: 1
features: 300
sw_width: 454

03_sliding_window_data directory already exists!
I.shape: (909, 2)
success-> sliding_window_features_shape (real=(909-454+1, 300)):  (456, 300)
------------------------------ 03 Completed sliding windows ------------------------------

------------------------------ 04 Start predicate ------------------------------
surr_type: IAAFT1
simples: 1000
ID_train: IV_III
ID_test: I
DL_model: ConvLSTM_model
repeats: 10

04_prediction_data directory already exists!
X_test.shape (456, 300)
X_test_array.shape:  (456, 300, 1)
--------------- prediction ... ---------------
textX=(samples, time steps, rows, cols, channels): (456, 10, 1, 30, 1)
textX=(samples, time steps, rows, cols, channels): (456, 10, 1, 30, 1)
textX=(samples, time steps, rows, cols, channels): (456, 10, 1, 30, 1)
textX=(samples, time steps, rows, cols, channels): (456, 10, 1, 30, 1)
textX=(samples, time steps, rows, cols, channels): (456, 10, 1, 30, 1)
textX=(samples, time steps, rows, cols, channels): (456, 10, 1, 30, 1)
textX=(samples, time steps, rows, cols, channels): (456, 10, 1, 30, 1)
textX=(samples, time steps, rows, cols, channels): (456, 10, 1, 30, 1)
textX=(samples, time steps, rows, cols, channels): (456, 10, 1, 30, 1)
textX=(samples, time steps, rows, cols, channels): (456, 10, 1, 30, 1)
y_pred_list.shape (456, 10)
------------------------------ 04 Completed predicate ------------------------------

------------------------------ 05 Start plots ------------------------------
surr_type: IAAFT1
simples: 1000
ID_train: IV_III
ID_test: I
Variable_label: paleoclimate
DL_model: ConvLSTM_model
sw_width: 454
tsid: 1

05_ews_data_and_figures directory already exists!
05_ews_data_and_figures/data directory already exists!
05_ews_data_and_figures/data/IAAFT1 directory already exists!
05_ews_data_and_figures/figures directory already exists!
05_ews_data_and_figures/figures/IAAFT1 directory already exists!

Record_period: End_of_glaciation_I
start_age, transition_start, transition_end: -108025.0 -17000 -13828.0
sliding_window_I: 454
------------------------------ 05 Completed plots ------------------------------

------------------------------ 07 Start ROC for dl ------------------------------
surr_type: IAAFT1
simples: 1000
ID_merge_tsid: [2,1]
DL_model: ConvLSTM_model
repeats: 10
features: 300

07_roc_data_and_figures_sdml directory already exists!
07_roc_data_and_figures_sdml/data directory already exists!
07_roc_data_and_figures_sdml/data/IAAFT1 directory already exists!
07_roc_data_and_figures_sdml/data/IAAFT1/ROC directory already exists!
07_roc_data_and_figures_sdml/figures directory already exists!
07_roc_data_and_figures_sdml/figures/IAAFT1 directory already exists!

07_roc_data_and_figures_sdml/figures/IAAFT1/ROC directory already exists!

len_eval_pts = 40

----- 01 forced trajectories and compute EWS -----
tsid= 2
Complete for forced tsid=2
tsid= 1
Complete for forced tsid=1
----- 01 null trajectories and compute EWS -----
Complete for null tsid=2
Complete for null tsid=1
----- 02 Compute ROC curves -----
Exported ROC data to 07_roc_data_and_figures_sdml/data/IAAFT1/ROC/df_roc_surrogate_IAAFT1_simples_1000_ConvLSTM_model_[2,1].csv
Exported ROC figure to 07_roc_data_and_figures_sdml/figures/IAAFT1/ROC/figure_roc_surrogate_IAAFT1_simples_1000_ConvLSTM_model_[2,1].png
Ran in 17.04s
------------------------------ 07 Completed ROC for dl ------------------------------

------------------------------ 07 Start ROC for dl ------------------------------
surr_type: IAAFT1
simples: 1000
ID_merge_tsid: [4,3]
DL_model: ConvLSTM_model
repeats: 10
features: 300

07_roc_data_and_figures_sdml directory already exists!
07_roc_data_and_figures_sdml/data directory already exists!
07_roc_data_and_figures_sdml/data/IAAFT1 directory already exists!
07_roc_data_and_figures_sdml/data/IAAFT1/ROC directory already exists!
07_roc_data_and_figures_sdml/figures directory already exists!
07_roc_data_and_figures_sdml/figures/IAAFT1 directory already exists!

07_roc_data_and_figures_sdml/figures/IAAFT1/ROC directory already exists!

len_eval_pts = 40

----- 01 forced trajectories and compute EWS -----
tsid= 4
Complete for forced tsid=4
tsid= 3
Complete for forced tsid=3
----- 01 null trajectories and compute EWS -----
Complete for null tsid=4
Complete for null tsid=3
----- 02 Compute ROC curves -----
Exported ROC data to 07_roc_data_and_figures_sdml/data/IAAFT1/ROC/df_roc_surrogate_IAAFT1_simples_1000_ConvLSTM_model_[4,3].csv
Exported ROC figure to 07_roc_data_and_figures_sdml/figures/IAAFT1/ROC/figure_roc_surrogate_IAAFT1_simples_1000_ConvLSTM_model_[4,3].png
Ran in 16.92s
------------------------------ 07 Completed ROC for dl ------------------------------

------------------------------ 07 Start ROC for dl ------------------------------
surr_type: IAAFT1
simples: 1000
ID_merge_tsid: all
DL_model: ConvLSTM_model
repeats: 10
features: 300

07_roc_data_and_figures_sdml directory already exists!
07_roc_data_and_figures_sdml/data directory already exists!
07_roc_data_and_figures_sdml/data/IAAFT1 directory already exists!
07_roc_data_and_figures_sdml/data/IAAFT1/ROC directory already exists!
07_roc_data_and_figures_sdml/figures directory already exists!
07_roc_data_and_figures_sdml/figures/IAAFT1 directory already exists!

07_roc_data_and_figures_sdml/figures/IAAFT1/ROC directory already exists!

len_eval_pts = 40

----- 01 forced trajectories and compute EWS -----
tsid= 1
Complete for forced tsid=1
tsid= 2
Complete for forced tsid=2
tsid= 3
Complete for forced tsid=3
tsid= 4
Complete for forced tsid=4
----- 01 null trajectories and compute EWS -----
Complete for null tsid=1
Complete for null tsid=2
Complete for null tsid=3
Complete for null tsid=4
----- 02 Compute ROC curves -----
Exported ROC data to 07_roc_data_and_figures_sdml/data/IAAFT1/ROC/df_roc_surrogate_IAAFT1_simples_1000_ConvLSTM_model_all.csv
Exported ROC figure to 07_roc_data_and_figures_sdml/figures/IAAFT1/ROC/figure_roc_surrogate_IAAFT1_simples_1000_ConvLSTM_model_all.png
Ran in 26.28s
------------------------------ 07 Completed ROC for dl ------------------------------

------------------------------ 03 Start sliding windows ------------------------------
surr_type: IAAFT1
simples: 1000
ID_train: IV_III
ID_test: II
Variable_label: paleoclimate
tsid: 2
features: 300
sw_width: 446

03_sliding_window_data directory already exists!
II.shape: (893, 2)
success-> sliding_window_features_shape (real=(893-446+1, 300)):  (448, 300)
------------------------------ 03 Completed sliding windows ------------------------------

------------------------------ 04 Start predicate ------------------------------
surr_type: IAAFT1
simples: 1000
ID_train: IV_III
ID_test: II
DL_model: ConvLSTM_model
repeats: 10

04_prediction_data directory already exists!
X_test.shape (448, 300)
X_test_array.shape:  (448, 300, 1)
--------------- prediction ... ---------------
textX=(samples, time steps, rows, cols, channels): (448, 10, 1, 30, 1)
textX=(samples, time steps, rows, cols, channels): (448, 10, 1, 30, 1)
textX=(samples, time steps, rows, cols, channels): (448, 10, 1, 30, 1)
textX=(samples, time steps, rows, cols, channels): (448, 10, 1, 30, 1)
textX=(samples, time steps, rows, cols, channels): (448, 10, 1, 30, 1)
textX=(samples, time steps, rows, cols, channels): (448, 10, 1, 30, 1)
textX=(samples, time steps, rows, cols, channels): (448, 10, 1, 30, 1)
textX=(samples, time steps, rows, cols, channels): (448, 10, 1, 30, 1)
textX=(samples, time steps, rows, cols, channels): (448, 10, 1, 30, 1)
textX=(samples, time steps, rows, cols, channels): (448, 10, 1, 30, 1)
y_pred_list.shape (448, 10)
------------------------------ 04 Completed predicate ------------------------------

------------------------------ 05 Start plots ------------------------------
surr_type: IAAFT1
simples: 1000
ID_train: IV_III
ID_test: II
Variable_label: paleoclimate
DL_model: ConvLSTM_model
sw_width: 446
tsid: 2

05_ews_data_and_figures directory already exists!
05_ews_data_and_figures/data directory already exists!
05_ews_data_and_figures/data/IAAFT1 directory already exists!
05_ews_data_and_figures/figures directory already exists!
05_ews_data_and_figures/figures/IAAFT1 directory already exists!

Record_period: End_of_glaciation_II
start_age, transition_start, transition_end: -224351.0 -135000 -129705.0
sliding_window_II: 446
------------------------------ 05 Completed plots ------------------------------

---------------------------- complete end ----------------------------
