---------------------------- Run start python scripts -----------------------------
-------------------------------------------------------------------------------------
Using GPU for TensorFlow.
------------------------------ 01 Start run ------------------------------
Data_folder: paleoclimate
surr_type: FT
simples: 1000
ID_train: IV_III
DL_model: CNN_model
repeats: 10

01_evaluation_data directory already exists!
models directory already exists!

full_path= G:/surrogate_data_based_machine_learning_v4.0.0/paleoclimate/01_data_preprocessing/02_extracte_and_generate_surrogate_dataset/paleoclimate/data/merge_surrogate_FT_simples_1000_train_IV_III.csv

Epoch 1: val_accuracy improved from -inf to 0.52625, saving model to models\surrogate_FT_simples_1000_CNN_model_0.h5

Epoch 2: val_accuracy did not improve from 0.52625

Epoch 3: val_accuracy did not improve from 0.52625

Epoch 4: val_accuracy did not improve from 0.52625

Epoch 5: val_accuracy did not improve from 0.52625

Epoch 6: val_accuracy improved from 0.52625 to 0.54875, saving model to models\surrogate_FT_simples_1000_CNN_model_0.h5

Epoch 7: val_accuracy did not improve from 0.54875

Epoch 8: val_accuracy did not improve from 0.54875

Epoch 9: val_accuracy did not improve from 0.54875

Epoch 10: val_accuracy did not improve from 0.54875

Epoch 11: val_accuracy did not improve from 0.54875
Epoch 11: early stopping
>#1: 54.875

Epoch 1: val_accuracy improved from -inf to 0.47375, saving model to models\surrogate_FT_simples_1000_CNN_model_1.h5

Epoch 2: val_accuracy improved from 0.47375 to 0.52625, saving model to models\surrogate_FT_simples_1000_CNN_model_1.h5

Epoch 3: val_accuracy did not improve from 0.52625

Epoch 4: val_accuracy did not improve from 0.52625

Epoch 5: val_accuracy did not improve from 0.52625

Epoch 6: val_accuracy did not improve from 0.52625

Epoch 7: val_accuracy did not improve from 0.52625
Epoch 7: early stopping
>#2: 52.625

Epoch 1: val_accuracy improved from -inf to 0.52625, saving model to models\surrogate_FT_simples_1000_CNN_model_2.h5

Epoch 2: val_accuracy did not improve from 0.52625

Epoch 3: val_accuracy did not improve from 0.52625

Epoch 4: val_accuracy did not improve from 0.52625

Epoch 5: val_accuracy did not improve from 0.52625

Epoch 6: val_accuracy did not improve from 0.52625
Epoch 6: early stopping
>#3: 52.625

Epoch 1: val_accuracy improved from -inf to 0.47375, saving model to models\surrogate_FT_simples_1000_CNN_model_3.h5

Epoch 2: val_accuracy did not improve from 0.47375

Epoch 3: val_accuracy did not improve from 0.47375

Epoch 4: val_accuracy did not improve from 0.47375

Epoch 5: val_accuracy did not improve from 0.47375

Epoch 6: val_accuracy did not improve from 0.47375
Epoch 6: early stopping
>#4: 47.375

Epoch 1: val_accuracy improved from -inf to 0.50000, saving model to models\surrogate_FT_simples_1000_CNN_model_4.h5

Epoch 2: val_accuracy did not improve from 0.50000

Epoch 3: val_accuracy did not improve from 0.50000

Epoch 4: val_accuracy did not improve from 0.50000

Epoch 5: val_accuracy did not improve from 0.50000

Epoch 6: val_accuracy did not improve from 0.50000
Epoch 6: early stopping
>#5: 50.000

Epoch 1: val_accuracy improved from -inf to 0.47375, saving model to models\surrogate_FT_simples_1000_CNN_model_5.h5

Epoch 2: val_accuracy improved from 0.47375 to 0.52625, saving model to models\surrogate_FT_simples_1000_CNN_model_5.h5

Epoch 3: val_accuracy did not improve from 0.52625

Epoch 4: val_accuracy did not improve from 0.52625

Epoch 5: val_accuracy did not improve from 0.52625

Epoch 6: val_accuracy did not improve from 0.52625

Epoch 7: val_accuracy did not improve from 0.52625
Epoch 7: early stopping
>#6: 52.625

Epoch 1: val_accuracy improved from -inf to 0.50000, saving model to models\surrogate_FT_simples_1000_CNN_model_6.h5

Epoch 2: val_accuracy did not improve from 0.50000

Epoch 3: val_accuracy did not improve from 0.50000

Epoch 4: val_accuracy did not improve from 0.50000

Epoch 5: val_accuracy did not improve from 0.50000

Epoch 6: val_accuracy did not improve from 0.50000
Epoch 6: early stopping
>#7: 50.000

Epoch 1: val_accuracy improved from -inf to 0.50000, saving model to models\surrogate_FT_simples_1000_CNN_model_7.h5

Epoch 2: val_accuracy improved from 0.50000 to 0.52625, saving model to models\surrogate_FT_simples_1000_CNN_model_7.h5

Epoch 3: val_accuracy did not improve from 0.52625

Epoch 4: val_accuracy did not improve from 0.52625

Epoch 5: val_accuracy did not improve from 0.52625

Epoch 6: val_accuracy did not improve from 0.52625

Epoch 7: val_accuracy did not improve from 0.52625
Epoch 7: early stopping
>#8: 52.625

Epoch 1: val_accuracy improved from -inf to 0.50125, saving model to models\surrogate_FT_simples_1000_CNN_model_8.h5

Epoch 2: val_accuracy did not improve from 0.50125

Epoch 3: val_accuracy improved from 0.50125 to 0.52625, saving model to models\surrogate_FT_simples_1000_CNN_model_8.h5

Epoch 4: val_accuracy did not improve from 0.52625

Epoch 5: val_accuracy did not improve from 0.52625

Epoch 6: val_accuracy did not improve from 0.52625

Epoch 7: val_accuracy did not improve from 0.52625

Epoch 8: val_accuracy did not improve from 0.52625
Epoch 8: early stopping
>#9: 52.625

Epoch 1: val_accuracy improved from -inf to 0.47375, saving model to models\surrogate_FT_simples_1000_CNN_model_9.h5

Epoch 2: val_accuracy improved from 0.47375 to 0.50000, saving model to models\surrogate_FT_simples_1000_CNN_model_9.h5

Epoch 3: val_accuracy did not improve from 0.50000

Epoch 4: val_accuracy did not improve from 0.50000

Epoch 5: val_accuracy did not improve from 0.50000

Epoch 6: val_accuracy did not improve from 0.50000

Epoch 7: val_accuracy did not improve from 0.50000
Epoch 7: early stopping
>#10: 50.000
------------------ summarize results -------------------------
DL_model: CNN_model
scores: [54.874998331069946, 52.62500047683716, 52.62500047683716, 47.37499952316284, 50.0, 52.62500047683716, 50.0, 52.62500047683716, 52.62500047683716, 50.0]
Accuracy mean (std): 51.538% (2.036)

Running time 35.2 seconds
------------------------------ 01 Completed ------------------------------

------------------------------ 02 Start Evaluation ------------------------------
surr_type: FT
simples: 1000
ID_train: IV_III
DL_model: CNN_model
repeats: 10

02_evaluation_performance directory already exists!
# 0 >> accuracy: 0.5612499713897705
# 1 >> accuracy: 0.5012500286102295
# 2 >> accuracy: 0.5012500286102295
# 3 >> accuracy: 0.4987500011920929
# 4 >> accuracy: 0.5274999737739563
# 5 >> accuracy: 0.5012500286102295
# 6 >> accuracy: 0.5274999737739563
# 7 >> accuracy: 0.5012500286102295
# 8 >> accuracy: 0.5012500286102295
# 9 >> accuracy: 0.4724999964237213
The results have been saved to a txt file: 02_evaluation_performance/evaluation_performance_surrogate_FT_simples_1000_CNN_model_train_IV_III.txt

Running time 9.7 seconds
------------------------------ 02 Completed Evaluation ------------------------------

------------------------------ 03 Start sliding windows ------------------------------
surr_type: FT
simples: 1000
ID_train: IV_III
ID_test: I
Variable_label: paleoclimate
tsid: 1
features: 300
sw_width: 454

03_sliding_window_data directory already exists!
I.shape: (909, 2)
success-> sliding_window_features_shape (real=(909-454+1, 300)):  (456, 300)
------------------------------ 03 Completed sliding windows ------------------------------

------------------------------ 04 Start predicate ------------------------------
surr_type: FT
simples: 1000
ID_train: IV_III
ID_test: I
DL_model: CNN_model
repeats: 10

04_prediction_data directory already exists!
X_test.shape (456, 300)
X_test_array.shape:  (456, 300, 1)
--------------- prediction ... ---------------
y_pred_list.shape (456, 10)
------------------------------ 04 Completed predicate ------------------------------

------------------------------ 05 Start plots ------------------------------
surr_type: FT
simples: 1000
ID_train: IV_III
ID_test: I
Variable_label: paleoclimate
DL_model: CNN_model
sw_width: 454
tsid: 1

05_ews_data_and_figures directory already exists!
05_ews_data_and_figures/data directory already exists!
05_ews_data_and_figures/figures directory already exists!
Record_period: End_of_glaciation_I
start_age, transition_start, transition_end: -108025.0 -17000 -13828.0
sliding_window_I: 454
------------------------------ 05 Completed plots ------------------------------

------------------------------ 06 Start ROC for variance and lag-1 autocorrelation ------------------------------
surr_type: FT
simples: 1000
ID_merge_tsid: [2,1]
DL_model: CNN_model
repeats: 10
features: 300

06_roc_data_and_figures_var_corr directory already exists!
06_roc_data_and_figures_var_corr/data directory already exists!
06_roc_data_and_figures_var_corr/data/ROC directory already exists!
06_roc_data_and_figures_var_corr/figures directory already exists!
06_roc_data_and_figures_var_corr/figures/ROC directory already exists!
len_eval_pts= 40

----- 01 forced trajectories and compute EWS -----
Complete for forced tsid=2
Complete for forced tsid=1
----- 01 null trajectories and compute EWS -----
Complete for null tsid=2
Complete for null tsid=1
----- 02 Compute ROC curves -----
Exported ROC data to 06_roc_data_and_figures_var_corr/data/ROC/df_roc_var_corr_[2,1].csv
Exported ROC figure to 06_roc_data_and_figures_var_corr/figures/ROC/figure_roc_var_corr_[2,1].png
Ran in 1.63s
------------------------------ 06 Completed ROC for variance and lag-1 autocorrelation ------------------------------

------------------------------ 07 Start ROC for dl ------------------------------
surr_type: FT
simples: 1000
ID_merge_tsid: [2,1]
DL_model: CNN_model
repeats: 10
features: 300

07_roc_data_and_figures_sdml directory already exists!
07_roc_data_and_figures_sdml/data directory already exists!
07_roc_data_and_figures_sdml/figures directory already exists!
len_eval_pts = 40

----- 01 forced trajectories and compute EWS -----
tsid= 2
Complete for forced tsid=2
tsid= 1
Complete for forced tsid=1
----- 01 null trajectories and compute EWS -----
Complete for null tsid=2
Complete for null tsid=1
----- 02 Compute ROC curves -----
Exported ROC data to 07_roc_data_and_figures_sdml/data/FT/ROC/df_roc_surrogate_FT_simples_1000_CNN_model_[2,1].csv
Exported ROC figure to 07_roc_data_and_figures_sdml/figures/FT/ROC/figure_roc_surrogate_FT_simples_1000_CNN_model_[2,1].png
Ran in 12.26s
------------------------------ 07 Completed ROC for dl ------------------------------

------------------------------ 06 Start ROC for variance and lag-1 autocorrelation ------------------------------
surr_type: FT
simples: 1000
ID_merge_tsid: [4,3]
DL_model: CNN_model
repeats: 10
features: 300

06_roc_data_and_figures_var_corr directory already exists!
06_roc_data_and_figures_var_corr/data directory already exists!
06_roc_data_and_figures_var_corr/data/ROC directory already exists!
06_roc_data_and_figures_var_corr/figures directory already exists!
06_roc_data_and_figures_var_corr/figures/ROC directory already exists!
len_eval_pts= 40

----- 01 forced trajectories and compute EWS -----
Complete for forced tsid=4
Complete for forced tsid=3
----- 01 null trajectories and compute EWS -----
Complete for null tsid=4
Complete for null tsid=3
----- 02 Compute ROC curves -----
Exported ROC data to 06_roc_data_and_figures_var_corr/data/ROC/df_roc_var_corr_[4,3].csv
Exported ROC figure to 06_roc_data_and_figures_var_corr/figures/ROC/figure_roc_var_corr_[4,3].png
Ran in 1.79s
------------------------------ 06 Completed ROC for variance and lag-1 autocorrelation ------------------------------

------------------------------ 07 Start ROC for dl ------------------------------
surr_type: FT
simples: 1000
ID_merge_tsid: [4,3]
DL_model: CNN_model
repeats: 10
features: 300

07_roc_data_and_figures_sdml directory already exists!
07_roc_data_and_figures_sdml/data directory already exists!
07_roc_data_and_figures_sdml/data/FT directory already exists!
07_roc_data_and_figures_sdml/data/FT/ROC directory already exists!
07_roc_data_and_figures_sdml/figures directory already exists!
07_roc_data_and_figures_sdml/figures/FT directory already exists!

07_roc_data_and_figures_sdml/figures/FT/ROC directory already exists!

len_eval_pts = 40

----- 01 forced trajectories and compute EWS -----
tsid= 4
Complete for forced tsid=4
tsid= 3
Complete for forced tsid=3
----- 01 null trajectories and compute EWS -----
Complete for null tsid=4
Complete for null tsid=3
----- 02 Compute ROC curves -----
Exported ROC data to 07_roc_data_and_figures_sdml/data/FT/ROC/df_roc_surrogate_FT_simples_1000_CNN_model_[4,3].csv
Exported ROC figure to 07_roc_data_and_figures_sdml/figures/FT/ROC/figure_roc_surrogate_FT_simples_1000_CNN_model_[4,3].png
Ran in 11.98s
------------------------------ 07 Completed ROC for dl ------------------------------

------------------------------ 06 Start ROC for variance and lag-1 autocorrelation ------------------------------
surr_type: FT
simples: 1000
ID_merge_tsid: all
DL_model: CNN_model
repeats: 10
features: 300

06_roc_data_and_figures_var_corr directory already exists!
06_roc_data_and_figures_var_corr/data directory already exists!
06_roc_data_and_figures_var_corr/data/ROC directory already exists!
06_roc_data_and_figures_var_corr/figures directory already exists!
06_roc_data_and_figures_var_corr/figures/ROC directory already exists!
len_eval_pts= 40

----- 01 forced trajectories and compute EWS -----
Complete for forced tsid=1
Complete for forced tsid=2
Complete for forced tsid=3
Complete for forced tsid=4
----- 01 null trajectories and compute EWS -----
Complete for null tsid=1
Complete for null tsid=2
Complete for null tsid=3
Complete for null tsid=4
----- 02 Compute ROC curves -----
Exported ROC data to 06_roc_data_and_figures_var_corr/data/ROC/df_roc_var_corr_all.csv
Exported ROC figure to 06_roc_data_and_figures_var_corr/figures/ROC/figure_roc_var_corr_all.png
Ran in 1.86s
------------------------------ 06 Completed ROC for variance and lag-1 autocorrelation ------------------------------

------------------------------ 07 Start ROC for dl ------------------------------
surr_type: FT
simples: 1000
ID_merge_tsid: all
DL_model: CNN_model
repeats: 10
features: 300

07_roc_data_and_figures_sdml directory already exists!
07_roc_data_and_figures_sdml/data directory already exists!
07_roc_data_and_figures_sdml/data/FT directory already exists!
07_roc_data_and_figures_sdml/data/FT/ROC directory already exists!
07_roc_data_and_figures_sdml/figures directory already exists!
07_roc_data_and_figures_sdml/figures/FT directory already exists!

07_roc_data_and_figures_sdml/figures/FT/ROC directory already exists!

len_eval_pts = 40

----- 01 forced trajectories and compute EWS -----
tsid= 1
Complete for forced tsid=1
tsid= 2
Complete for forced tsid=2
tsid= 3
Complete for forced tsid=3
tsid= 4
Complete for forced tsid=4
----- 01 null trajectories and compute EWS -----
Complete for null tsid=1
Complete for null tsid=2
Complete for null tsid=3
Complete for null tsid=4
----- 02 Compute ROC curves -----
Exported ROC data to 07_roc_data_and_figures_sdml/data/FT/ROC/df_roc_surrogate_FT_simples_1000_CNN_model_all.csv
Exported ROC figure to 07_roc_data_and_figures_sdml/figures/FT/ROC/figure_roc_surrogate_FT_simples_1000_CNN_model_all.png
Ran in 16.58s
------------------------------ 07 Completed ROC for dl ------------------------------

------------------------------ 03 Start sliding windows ------------------------------
surr_type: FT
simples: 1000
ID_train: IV_III
ID_test: II
Variable_label: paleoclimate
tsid: 2
features: 300
sw_width: 446

03_sliding_window_data directory already exists!
II.shape: (893, 2)
success-> sliding_window_features_shape (real=(893-446+1, 300)):  (448, 300)
------------------------------ 03 Completed sliding windows ------------------------------

------------------------------ 04 Start predicate ------------------------------
surr_type: FT
simples: 1000
ID_train: IV_III
ID_test: II
DL_model: CNN_model
repeats: 10

04_prediction_data directory already exists!
X_test.shape (448, 300)
X_test_array.shape:  (448, 300, 1)
--------------- prediction ... ---------------
y_pred_list.shape (448, 10)
------------------------------ 04 Completed predicate ------------------------------

------------------------------ 05 Start plots ------------------------------
surr_type: FT
simples: 1000
ID_train: IV_III
ID_test: II
Variable_label: paleoclimate
DL_model: CNN_model
sw_width: 446
tsid: 2

05_ews_data_and_figures directory already exists!
05_ews_data_and_figures/data directory already exists!
05_ews_data_and_figures/data/FT directory already exists!
05_ews_data_and_figures/figures directory already exists!
05_ews_data_and_figures/figures/FT directory already exists!

Record_period: End_of_glaciation_II
start_age, transition_start, transition_end: -224351.0 -135000 -129705.0
sliding_window_II: 446
------------------------------ 05 Completed plots ------------------------------

-------------------------------------------------------------------------------------
Using GPU for TensorFlow.
------------------------------ 01 Start run ------------------------------
Data_folder: paleoclimate
surr_type: FT
simples: 1000
ID_train: IV_III
DL_model: three_head_CNN_model
repeats: 10

01_evaluation_data directory already exists!
models directory already exists!

full_path= G:/surrogate_data_based_machine_learning_v4.0.0/paleoclimate/01_data_preprocessing/02_extracte_and_generate_surrogate_dataset/paleoclimate/data/merge_surrogate_FT_simples_1000_train_IV_III.csv

Epoch 1: val_accuracy improved from -inf to 0.52625, saving model to models\surrogate_FT_simples_1000_three_head_CNN_model_0.h5

Epoch 2: val_accuracy did not improve from 0.52625

Epoch 3: val_accuracy did not improve from 0.52625

Epoch 4: val_accuracy did not improve from 0.52625

Epoch 5: val_accuracy did not improve from 0.52625

Epoch 6: val_accuracy did not improve from 0.52625
Epoch 6: early stopping
>#1: 52.625

Epoch 1: val_accuracy improved from -inf to 0.52625, saving model to models\surrogate_FT_simples_1000_three_head_CNN_model_1.h5

Epoch 2: val_accuracy did not improve from 0.52625

Epoch 3: val_accuracy did not improve from 0.52625

Epoch 4: val_accuracy did not improve from 0.52625

Epoch 5: val_accuracy did not improve from 0.52625

Epoch 6: val_accuracy did not improve from 0.52625
Epoch 6: early stopping
>#2: 52.625

Epoch 1: val_accuracy improved from -inf to 0.52625, saving model to models\surrogate_FT_simples_1000_three_head_CNN_model_2.h5

Epoch 2: val_accuracy did not improve from 0.52625

Epoch 3: val_accuracy did not improve from 0.52625

Epoch 4: val_accuracy did not improve from 0.52625

Epoch 5: val_accuracy did not improve from 0.52625

Epoch 6: val_accuracy did not improve from 0.52625
Epoch 6: early stopping
>#3: 52.625

Epoch 1: val_accuracy improved from -inf to 0.52625, saving model to models\surrogate_FT_simples_1000_three_head_CNN_model_3.h5

Epoch 2: val_accuracy did not improve from 0.52625

Epoch 3: val_accuracy did not improve from 0.52625

Epoch 4: val_accuracy did not improve from 0.52625

Epoch 5: val_accuracy did not improve from 0.52625

Epoch 6: val_accuracy did not improve from 0.52625
Epoch 6: early stopping
>#4: 52.625

Epoch 1: val_accuracy improved from -inf to 0.52625, saving model to models\surrogate_FT_simples_1000_three_head_CNN_model_4.h5

Epoch 2: val_accuracy did not improve from 0.52625

Epoch 3: val_accuracy did not improve from 0.52625

Epoch 4: val_accuracy did not improve from 0.52625

Epoch 5: val_accuracy improved from 0.52625 to 0.75000, saving model to models\surrogate_FT_simples_1000_three_head_CNN_model_4.h5

Epoch 6: val_accuracy did not improve from 0.75000

Epoch 7: val_accuracy did not improve from 0.75000

Epoch 8: val_accuracy did not improve from 0.75000

Epoch 9: val_accuracy did not improve from 0.75000

Epoch 10: val_accuracy did not improve from 0.75000
Epoch 10: early stopping
>#5: 75.000

Epoch 1: val_accuracy improved from -inf to 0.52625, saving model to models\surrogate_FT_simples_1000_three_head_CNN_model_5.h5

Epoch 2: val_accuracy did not improve from 0.52625

Epoch 3: val_accuracy did not improve from 0.52625

Epoch 4: val_accuracy did not improve from 0.52625

Epoch 5: val_accuracy did not improve from 0.52625

Epoch 6: val_accuracy did not improve from 0.52625
Epoch 6: early stopping
>#6: 52.625

Epoch 1: val_accuracy improved from -inf to 0.52625, saving model to models\surrogate_FT_simples_1000_three_head_CNN_model_6.h5

Epoch 2: val_accuracy did not improve from 0.52625

Epoch 3: val_accuracy did not improve from 0.52625

Epoch 4: val_accuracy did not improve from 0.52625

Epoch 5: val_accuracy did not improve from 0.52625

Epoch 6: val_accuracy improved from 0.52625 to 0.74875, saving model to models\surrogate_FT_simples_1000_three_head_CNN_model_6.h5

Epoch 7: val_accuracy did not improve from 0.74875

Epoch 8: val_accuracy did not improve from 0.74875

Epoch 9: val_accuracy did not improve from 0.74875

Epoch 10: val_accuracy did not improve from 0.74875

Epoch 11: val_accuracy did not improve from 0.74875
Epoch 11: early stopping
>#7: 74.875

Epoch 1: val_accuracy improved from -inf to 0.52625, saving model to models\surrogate_FT_simples_1000_three_head_CNN_model_7.h5

Epoch 2: val_accuracy did not improve from 0.52625

Epoch 3: val_accuracy did not improve from 0.52625

Epoch 4: val_accuracy did not improve from 0.52625

Epoch 5: val_accuracy did not improve from 0.52625

Epoch 6: val_accuracy did not improve from 0.52625
Epoch 6: early stopping
>#8: 52.625

Epoch 1: val_accuracy improved from -inf to 0.52625, saving model to models\surrogate_FT_simples_1000_three_head_CNN_model_8.h5

Epoch 2: val_accuracy did not improve from 0.52625

Epoch 3: val_accuracy did not improve from 0.52625

Epoch 4: val_accuracy improved from 0.52625 to 0.62375, saving model to models\surrogate_FT_simples_1000_three_head_CNN_model_8.h5

Epoch 5: val_accuracy improved from 0.62375 to 0.74875, saving model to models\surrogate_FT_simples_1000_three_head_CNN_model_8.h5

Epoch 6: val_accuracy did not improve from 0.74875

Epoch 7: val_accuracy did not improve from 0.74875

Epoch 8: val_accuracy did not improve from 0.74875

Epoch 9: val_accuracy did not improve from 0.74875

Epoch 10: val_accuracy did not improve from 0.74875
Epoch 10: early stopping
>#9: 74.875

Epoch 1: val_accuracy improved from -inf to 0.52625, saving model to models\surrogate_FT_simples_1000_three_head_CNN_model_9.h5

Epoch 2: val_accuracy did not improve from 0.52625

Epoch 3: val_accuracy did not improve from 0.52625

Epoch 4: val_accuracy did not improve from 0.52625

Epoch 5: val_accuracy improved from 0.52625 to 0.84625, saving model to models\surrogate_FT_simples_1000_three_head_CNN_model_9.h5

Epoch 6: val_accuracy did not improve from 0.84625

Epoch 7: val_accuracy improved from 0.84625 to 1.00000, saving model to models\surrogate_FT_simples_1000_three_head_CNN_model_9.h5

Epoch 8: val_accuracy did not improve from 1.00000

Epoch 9: val_accuracy did not improve from 1.00000

Epoch 10: val_accuracy did not improve from 1.00000

Epoch 11: val_accuracy did not improve from 1.00000

Epoch 12: val_accuracy did not improve from 1.00000
Epoch 12: early stopping
>#10: 100.000
------------------ summarize results -------------------------
DL_model: three_head_CNN_model
scores: [52.62500047683716, 52.62500047683716, 52.62500047683716, 52.62500047683716, 75.0, 52.62500047683716, 74.87499713897705, 52.62500047683716, 74.87499713897705, 100.0]
Accuracy mean (std): 64.050% (15.588)

Running time 61.3 seconds
------------------------------ 01 Completed ------------------------------

------------------------------ 02 Start Evaluation ------------------------------
surr_type: FT
simples: 1000
ID_train: IV_III
DL_model: three_head_CNN_model
repeats: 10

02_evaluation_performance directory already exists!
# 0 >> accuracy: 0.5012500286102295
# 1 >> accuracy: 0.5012500286102295
# 2 >> accuracy: 0.5012500286102295
# 3 >> accuracy: 0.5012500286102295
# 4 >> accuracy: 0.7674999833106995
# 5 >> accuracy: 0.5012500286102295
# 6 >> accuracy: 0.7674999833106995
# 7 >> accuracy: 0.5012500286102295
# 8 >> accuracy: 0.7674999833106995
# 9 >> accuracy: 1.0
The results have been saved to a txt file: 02_evaluation_performance/evaluation_performance_surrogate_FT_simples_1000_three_head_CNN_model_train_IV_III.txt

Running time 12.4 seconds
------------------------------ 02 Completed Evaluation ------------------------------

------------------------------ 03 Start sliding windows ------------------------------
surr_type: FT
simples: 1000
ID_train: IV_III
ID_test: I
Variable_label: paleoclimate
tsid: 1
features: 300
sw_width: 454

03_sliding_window_data directory already exists!
I.shape: (909, 2)
success-> sliding_window_features_shape (real=(909-454+1, 300)):  (456, 300)
------------------------------ 03 Completed sliding windows ------------------------------

------------------------------ 04 Start predicate ------------------------------
surr_type: FT
simples: 1000
ID_train: IV_III
ID_test: I
DL_model: three_head_CNN_model
repeats: 10

04_prediction_data directory already exists!
X_test.shape (456, 300)
X_test_array.shape:  (456, 300, 1)
--------------- prediction ... ---------------
y_pred_list.shape (456, 10)
------------------------------ 04 Completed predicate ------------------------------

------------------------------ 05 Start plots ------------------------------
surr_type: FT
simples: 1000
ID_train: IV_III
ID_test: I
Variable_label: paleoclimate
DL_model: three_head_CNN_model
sw_width: 454
tsid: 1

05_ews_data_and_figures directory already exists!
05_ews_data_and_figures/data directory already exists!
05_ews_data_and_figures/data/FT directory already exists!
05_ews_data_and_figures/figures directory already exists!
05_ews_data_and_figures/figures/FT directory already exists!

Record_period: End_of_glaciation_I
start_age, transition_start, transition_end: -108025.0 -17000 -13828.0
sliding_window_I: 454
------------------------------ 05 Completed plots ------------------------------

------------------------------ 07 Start ROC for dl ------------------------------
surr_type: FT
simples: 1000
ID_merge_tsid: [2,1]
DL_model: three_head_CNN_model
repeats: 10
features: 300

07_roc_data_and_figures_sdml directory already exists!
07_roc_data_and_figures_sdml/data directory already exists!
07_roc_data_and_figures_sdml/data/FT directory already exists!
07_roc_data_and_figures_sdml/data/FT/ROC directory already exists!
07_roc_data_and_figures_sdml/figures directory already exists!
07_roc_data_and_figures_sdml/figures/FT directory already exists!

07_roc_data_and_figures_sdml/figures/FT/ROC directory already exists!

len_eval_pts = 40

----- 01 forced trajectories and compute EWS -----
tsid= 2
Complete for forced tsid=2
tsid= 1
Complete for forced tsid=1
----- 01 null trajectories and compute EWS -----
Complete for null tsid=2
Complete for null tsid=1
----- 02 Compute ROC curves -----
Exported ROC data to 07_roc_data_and_figures_sdml/data/FT/ROC/df_roc_surrogate_FT_simples_1000_three_head_CNN_model_[2,1].csv
Exported ROC figure to 07_roc_data_and_figures_sdml/figures/FT/ROC/figure_roc_surrogate_FT_simples_1000_three_head_CNN_model_[2,1].png
Ran in 18.53s
------------------------------ 07 Completed ROC for dl ------------------------------

------------------------------ 07 Start ROC for dl ------------------------------
surr_type: FT
simples: 1000
ID_merge_tsid: [4,3]
DL_model: three_head_CNN_model
repeats: 10
features: 300

07_roc_data_and_figures_sdml directory already exists!
07_roc_data_and_figures_sdml/data directory already exists!
07_roc_data_and_figures_sdml/data/FT directory already exists!
07_roc_data_and_figures_sdml/data/FT/ROC directory already exists!
07_roc_data_and_figures_sdml/figures directory already exists!
07_roc_data_and_figures_sdml/figures/FT directory already exists!

07_roc_data_and_figures_sdml/figures/FT/ROC directory already exists!

len_eval_pts = 40

----- 01 forced trajectories and compute EWS -----
tsid= 4
Complete for forced tsid=4
tsid= 3
Complete for forced tsid=3
----- 01 null trajectories and compute EWS -----
Complete for null tsid=4
Complete for null tsid=3
----- 02 Compute ROC curves -----
Exported ROC data to 07_roc_data_and_figures_sdml/data/FT/ROC/df_roc_surrogate_FT_simples_1000_three_head_CNN_model_[4,3].csv
Exported ROC figure to 07_roc_data_and_figures_sdml/figures/FT/ROC/figure_roc_surrogate_FT_simples_1000_three_head_CNN_model_[4,3].png
Ran in 18.41s
------------------------------ 07 Completed ROC for dl ------------------------------

------------------------------ 07 Start ROC for dl ------------------------------
surr_type: FT
simples: 1000
ID_merge_tsid: all
DL_model: three_head_CNN_model
repeats: 10
features: 300

07_roc_data_and_figures_sdml directory already exists!
07_roc_data_and_figures_sdml/data directory already exists!
07_roc_data_and_figures_sdml/data/FT directory already exists!
07_roc_data_and_figures_sdml/data/FT/ROC directory already exists!
07_roc_data_and_figures_sdml/figures directory already exists!
07_roc_data_and_figures_sdml/figures/FT directory already exists!

07_roc_data_and_figures_sdml/figures/FT/ROC directory already exists!

len_eval_pts = 40

----- 01 forced trajectories and compute EWS -----
tsid= 1
Complete for forced tsid=1
tsid= 2
Complete for forced tsid=2
tsid= 3
Complete for forced tsid=3
tsid= 4
Complete for forced tsid=4
----- 01 null trajectories and compute EWS -----
Complete for null tsid=1
Complete for null tsid=2
Complete for null tsid=3
Complete for null tsid=4
----- 02 Compute ROC curves -----
Exported ROC data to 07_roc_data_and_figures_sdml/data/FT/ROC/df_roc_surrogate_FT_simples_1000_three_head_CNN_model_all.csv
Exported ROC figure to 07_roc_data_and_figures_sdml/figures/FT/ROC/figure_roc_surrogate_FT_simples_1000_three_head_CNN_model_all.png
Ran in 26.33s
------------------------------ 07 Completed ROC for dl ------------------------------

------------------------------ 03 Start sliding windows ------------------------------
surr_type: FT
simples: 1000
ID_train: IV_III
ID_test: II
Variable_label: paleoclimate
tsid: 2
features: 300
sw_width: 446

03_sliding_window_data directory already exists!
II.shape: (893, 2)
success-> sliding_window_features_shape (real=(893-446+1, 300)):  (448, 300)
------------------------------ 03 Completed sliding windows ------------------------------

------------------------------ 04 Start predicate ------------------------------
surr_type: FT
simples: 1000
ID_train: IV_III
ID_test: II
DL_model: three_head_CNN_model
repeats: 10

04_prediction_data directory already exists!
X_test.shape (448, 300)
X_test_array.shape:  (448, 300, 1)
--------------- prediction ... ---------------
y_pred_list.shape (448, 10)
------------------------------ 04 Completed predicate ------------------------------

------------------------------ 05 Start plots ------------------------------
surr_type: FT
simples: 1000
ID_train: IV_III
ID_test: II
Variable_label: paleoclimate
DL_model: three_head_CNN_model
sw_width: 446
tsid: 2

05_ews_data_and_figures directory already exists!
05_ews_data_and_figures/data directory already exists!
05_ews_data_and_figures/data/FT directory already exists!
05_ews_data_and_figures/figures directory already exists!
05_ews_data_and_figures/figures/FT directory already exists!

Record_period: End_of_glaciation_II
start_age, transition_start, transition_end: -224351.0 -135000 -129705.0
sliding_window_II: 446
------------------------------ 05 Completed plots ------------------------------

-------------------------------------------------------------------------------------
Using GPU for TensorFlow.
------------------------------ 01 Start run ------------------------------
Data_folder: paleoclimate
surr_type: FT
simples: 1000
ID_train: IV_III
DL_model: LSTM_model
repeats: 10

01_evaluation_data directory already exists!
models directory already exists!

full_path= G:/surrogate_data_based_machine_learning_v4.0.0/paleoclimate/01_data_preprocessing/02_extracte_and_generate_surrogate_dataset/paleoclimate/data/merge_surrogate_FT_simples_1000_train_IV_III.csv

Epoch 1: val_accuracy improved from -inf to 0.52625, saving model to models\surrogate_FT_simples_1000_LSTM_model_0.h5

Epoch 2: val_accuracy did not improve from 0.52625

Epoch 3: val_accuracy did not improve from 0.52625

Epoch 4: val_accuracy did not improve from 0.52625

Epoch 5: val_accuracy did not improve from 0.52625

Epoch 6: val_accuracy did not improve from 0.52625
Epoch 6: early stopping
>#1: 52.625

Epoch 1: val_accuracy improved from -inf to 0.47375, saving model to models\surrogate_FT_simples_1000_LSTM_model_1.h5

Epoch 2: val_accuracy did not improve from 0.47375

Epoch 3: val_accuracy did not improve from 0.47375

Epoch 4: val_accuracy did not improve from 0.47375

Epoch 5: val_accuracy did not improve from 0.47375

Epoch 6: val_accuracy did not improve from 0.47375
Epoch 6: early stopping
>#2: 47.375

Epoch 1: val_accuracy improved from -inf to 0.47375, saving model to models\surrogate_FT_simples_1000_LSTM_model_2.h5

Epoch 2: val_accuracy improved from 0.47375 to 0.49500, saving model to models\surrogate_FT_simples_1000_LSTM_model_2.h5

Epoch 3: val_accuracy did not improve from 0.49500

Epoch 4: val_accuracy improved from 0.49500 to 0.52625, saving model to models\surrogate_FT_simples_1000_LSTM_model_2.h5

Epoch 5: val_accuracy did not improve from 0.52625

Epoch 6: val_accuracy did not improve from 0.52625

Epoch 7: val_accuracy did not improve from 0.52625

Epoch 8: val_accuracy did not improve from 0.52625

Epoch 9: val_accuracy did not improve from 0.52625
Epoch 9: early stopping
>#3: 52.625

Epoch 1: val_accuracy improved from -inf to 0.52625, saving model to models\surrogate_FT_simples_1000_LSTM_model_3.h5

Epoch 2: val_accuracy did not improve from 0.52625

Epoch 3: val_accuracy did not improve from 0.52625

Epoch 4: val_accuracy did not improve from 0.52625

Epoch 5: val_accuracy did not improve from 0.52625

Epoch 6: val_accuracy did not improve from 0.52625
Epoch 6: early stopping
>#4: 52.625

Epoch 1: val_accuracy improved from -inf to 0.52625, saving model to models\surrogate_FT_simples_1000_LSTM_model_4.h5

Epoch 2: val_accuracy did not improve from 0.52625

Epoch 3: val_accuracy did not improve from 0.52625

Epoch 4: val_accuracy did not improve from 0.52625

Epoch 5: val_accuracy did not improve from 0.52625

Epoch 6: val_accuracy did not improve from 0.52625
Epoch 6: early stopping
>#5: 52.625

Epoch 1: val_accuracy improved from -inf to 0.47375, saving model to models\surrogate_FT_simples_1000_LSTM_model_5.h5

Epoch 2: val_accuracy did not improve from 0.47375

Epoch 3: val_accuracy did not improve from 0.47375

Epoch 4: val_accuracy improved from 0.47375 to 0.52625, saving model to models\surrogate_FT_simples_1000_LSTM_model_5.h5

Epoch 5: val_accuracy did not improve from 0.52625

Epoch 6: val_accuracy did not improve from 0.52625

Epoch 7: val_accuracy did not improve from 0.52625

Epoch 8: val_accuracy improved from 0.52625 to 0.77750, saving model to models\surrogate_FT_simples_1000_LSTM_model_5.h5

Epoch 9: val_accuracy did not improve from 0.77750

Epoch 10: val_accuracy improved from 0.77750 to 0.80625, saving model to models\surrogate_FT_simples_1000_LSTM_model_5.h5

Epoch 11: val_accuracy did not improve from 0.80625

Epoch 12: val_accuracy did not improve from 0.80625

Epoch 13: val_accuracy did not improve from 0.80625

Epoch 14: val_accuracy did not improve from 0.80625

Epoch 15: val_accuracy did not improve from 0.80625
Epoch 15: early stopping
>#6: 80.625

Epoch 1: val_accuracy improved from -inf to 0.52625, saving model to models\surrogate_FT_simples_1000_LSTM_model_6.h5

Epoch 2: val_accuracy did not improve from 0.52625

Epoch 3: val_accuracy did not improve from 0.52625

Epoch 4: val_accuracy did not improve from 0.52625

Epoch 5: val_accuracy did not improve from 0.52625

Epoch 6: val_accuracy did not improve from 0.52625
Epoch 6: early stopping
>#7: 52.625

Epoch 1: val_accuracy improved from -inf to 0.47375, saving model to models\surrogate_FT_simples_1000_LSTM_model_7.h5

Epoch 2: val_accuracy did not improve from 0.47375

Epoch 3: val_accuracy improved from 0.47375 to 0.52625, saving model to models\surrogate_FT_simples_1000_LSTM_model_7.h5

Epoch 4: val_accuracy did not improve from 0.52625

Epoch 5: val_accuracy did not improve from 0.52625

Epoch 6: val_accuracy did not improve from 0.52625

Epoch 7: val_accuracy did not improve from 0.52625

Epoch 8: val_accuracy did not improve from 0.52625
Epoch 8: early stopping
>#8: 52.625

Epoch 1: val_accuracy improved from -inf to 0.52625, saving model to models\surrogate_FT_simples_1000_LSTM_model_8.h5

Epoch 2: val_accuracy did not improve from 0.52625

Epoch 3: val_accuracy did not improve from 0.52625

Epoch 4: val_accuracy did not improve from 0.52625

Epoch 5: val_accuracy did not improve from 0.52625

Epoch 6: val_accuracy did not improve from 0.52625
Epoch 6: early stopping
>#9: 52.625

Epoch 1: val_accuracy improved from -inf to 0.52625, saving model to models\surrogate_FT_simples_1000_LSTM_model_9.h5

Epoch 2: val_accuracy did not improve from 0.52625

Epoch 3: val_accuracy did not improve from 0.52625

Epoch 4: val_accuracy did not improve from 0.52625

Epoch 5: val_accuracy improved from 0.52625 to 0.74875, saving model to models\surrogate_FT_simples_1000_LSTM_model_9.h5

Epoch 6: val_accuracy did not improve from 0.74875

Epoch 7: val_accuracy did not improve from 0.74875

Epoch 8: val_accuracy did not improve from 0.74875

Epoch 9: val_accuracy did not improve from 0.74875

Epoch 10: val_accuracy did not improve from 0.74875
Epoch 10: early stopping
>#10: 74.875
------------------ summarize results -------------------------
DL_model: LSTM_model
scores: [52.62500047683716, 47.37499952316284, 52.62500047683716, 52.62500047683716, 52.62500047683716, 80.62499761581421, 52.62500047683716, 52.62500047683716, 52.62500047683716, 74.87499713897705]
Accuracy mean (std): 57.125% (10.508)

Running time 75.8 seconds
------------------------------ 01 Completed ------------------------------

------------------------------ 02 Start Evaluation ------------------------------
surr_type: FT
simples: 1000
ID_train: IV_III
DL_model: LSTM_model
repeats: 10

02_evaluation_performance directory already exists!
# 0 >> accuracy: 0.5012500286102295
# 1 >> accuracy: 0.4987500011920929
# 2 >> accuracy: 0.5012500286102295
# 3 >> accuracy: 0.5012500286102295
# 4 >> accuracy: 0.5012500286102295
# 5 >> accuracy: 0.8162500262260437
# 6 >> accuracy: 0.5012500286102295
# 7 >> accuracy: 0.5012500286102295
# 8 >> accuracy: 0.5012500286102295
# 9 >> accuracy: 0.7674999833106995
The results have been saved to a txt file: 02_evaluation_performance/evaluation_performance_surrogate_FT_simples_1000_LSTM_model_train_IV_III.txt

Running time 16.5 seconds
------------------------------ 02 Completed Evaluation ------------------------------

------------------------------ 03 Start sliding windows ------------------------------
surr_type: FT
simples: 1000
ID_train: IV_III
ID_test: I
Variable_label: paleoclimate
tsid: 1
features: 300
sw_width: 454

03_sliding_window_data directory already exists!
I.shape: (909, 2)
success-> sliding_window_features_shape (real=(909-454+1, 300)):  (456, 300)
------------------------------ 03 Completed sliding windows ------------------------------

------------------------------ 04 Start predicate ------------------------------
surr_type: FT
simples: 1000
ID_train: IV_III
ID_test: I
DL_model: LSTM_model
repeats: 10

04_prediction_data directory already exists!
X_test.shape (456, 300)
X_test_array.shape:  (456, 300, 1)
--------------- prediction ... ---------------
y_pred_list.shape (456, 10)
------------------------------ 04 Completed predicate ------------------------------

------------------------------ 05 Start plots ------------------------------
surr_type: FT
simples: 1000
ID_train: IV_III
ID_test: I
Variable_label: paleoclimate
DL_model: LSTM_model
sw_width: 454
tsid: 1

05_ews_data_and_figures directory already exists!
05_ews_data_and_figures/data directory already exists!
05_ews_data_and_figures/data/FT directory already exists!
05_ews_data_and_figures/figures directory already exists!
05_ews_data_and_figures/figures/FT directory already exists!

Record_period: End_of_glaciation_I
start_age, transition_start, transition_end: -108025.0 -17000 -13828.0
sliding_window_I: 454
------------------------------ 05 Completed plots ------------------------------

------------------------------ 07 Start ROC for dl ------------------------------
surr_type: FT
simples: 1000
ID_merge_tsid: [2,1]
DL_model: LSTM_model
repeats: 10
features: 300

07_roc_data_and_figures_sdml directory already exists!
07_roc_data_and_figures_sdml/data directory already exists!
07_roc_data_and_figures_sdml/data/FT directory already exists!
07_roc_data_and_figures_sdml/data/FT/ROC directory already exists!
07_roc_data_and_figures_sdml/figures directory already exists!
07_roc_data_and_figures_sdml/figures/FT directory already exists!

07_roc_data_and_figures_sdml/figures/FT/ROC directory already exists!

len_eval_pts = 40

----- 01 forced trajectories and compute EWS -----
tsid= 2
Complete for forced tsid=2
tsid= 1
Complete for forced tsid=1
----- 01 null trajectories and compute EWS -----
Complete for null tsid=2
Complete for null tsid=1
----- 02 Compute ROC curves -----
Exported ROC data to 07_roc_data_and_figures_sdml/data/FT/ROC/df_roc_surrogate_FT_simples_1000_LSTM_model_[2,1].csv
Exported ROC figure to 07_roc_data_and_figures_sdml/figures/FT/ROC/figure_roc_surrogate_FT_simples_1000_LSTM_model_[2,1].png
Ran in 23.18s
------------------------------ 07 Completed ROC for dl ------------------------------

------------------------------ 07 Start ROC for dl ------------------------------
surr_type: FT
simples: 1000
ID_merge_tsid: [4,3]
DL_model: LSTM_model
repeats: 10
features: 300

07_roc_data_and_figures_sdml directory already exists!
07_roc_data_and_figures_sdml/data directory already exists!
07_roc_data_and_figures_sdml/data/FT directory already exists!
07_roc_data_and_figures_sdml/data/FT/ROC directory already exists!
07_roc_data_and_figures_sdml/figures directory already exists!
07_roc_data_and_figures_sdml/figures/FT directory already exists!

07_roc_data_and_figures_sdml/figures/FT/ROC directory already exists!

len_eval_pts = 40

----- 01 forced trajectories and compute EWS -----
tsid= 4
Complete for forced tsid=4
tsid= 3
Complete for forced tsid=3
----- 01 null trajectories and compute EWS -----
Complete for null tsid=4
Complete for null tsid=3
----- 02 Compute ROC curves -----
Exported ROC data to 07_roc_data_and_figures_sdml/data/FT/ROC/df_roc_surrogate_FT_simples_1000_LSTM_model_[4,3].csv
Exported ROC figure to 07_roc_data_and_figures_sdml/figures/FT/ROC/figure_roc_surrogate_FT_simples_1000_LSTM_model_[4,3].png
Ran in 23.40s
------------------------------ 07 Completed ROC for dl ------------------------------

------------------------------ 07 Start ROC for dl ------------------------------
surr_type: FT
simples: 1000
ID_merge_tsid: all
DL_model: LSTM_model
repeats: 10
features: 300

07_roc_data_and_figures_sdml directory already exists!
07_roc_data_and_figures_sdml/data directory already exists!
07_roc_data_and_figures_sdml/data/FT directory already exists!
07_roc_data_and_figures_sdml/data/FT/ROC directory already exists!
07_roc_data_and_figures_sdml/figures directory already exists!
07_roc_data_and_figures_sdml/figures/FT directory already exists!

07_roc_data_and_figures_sdml/figures/FT/ROC directory already exists!

len_eval_pts = 40

----- 01 forced trajectories and compute EWS -----
tsid= 1
Complete for forced tsid=1
tsid= 2
Complete for forced tsid=2
tsid= 3
Complete for forced tsid=3
tsid= 4
Complete for forced tsid=4
----- 01 null trajectories and compute EWS -----
Complete for null tsid=1
Complete for null tsid=2
Complete for null tsid=3
Complete for null tsid=4
----- 02 Compute ROC curves -----
Exported ROC data to 07_roc_data_and_figures_sdml/data/FT/ROC/df_roc_surrogate_FT_simples_1000_LSTM_model_all.csv
Exported ROC figure to 07_roc_data_and_figures_sdml/figures/FT/ROC/figure_roc_surrogate_FT_simples_1000_LSTM_model_all.png
Ran in 36.92s
------------------------------ 07 Completed ROC for dl ------------------------------

------------------------------ 03 Start sliding windows ------------------------------
surr_type: FT
simples: 1000
ID_train: IV_III
ID_test: II
Variable_label: paleoclimate
tsid: 2
features: 300
sw_width: 446

03_sliding_window_data directory already exists!
II.shape: (893, 2)
success-> sliding_window_features_shape (real=(893-446+1, 300)):  (448, 300)
------------------------------ 03 Completed sliding windows ------------------------------

------------------------------ 04 Start predicate ------------------------------
surr_type: FT
simples: 1000
ID_train: IV_III
ID_test: II
DL_model: LSTM_model
repeats: 10

04_prediction_data directory already exists!
X_test.shape (448, 300)
X_test_array.shape:  (448, 300, 1)
--------------- prediction ... ---------------
y_pred_list.shape (448, 10)
------------------------------ 04 Completed predicate ------------------------------

------------------------------ 05 Start plots ------------------------------
surr_type: FT
simples: 1000
ID_train: IV_III
ID_test: II
Variable_label: paleoclimate
DL_model: LSTM_model
sw_width: 446
tsid: 2

05_ews_data_and_figures directory already exists!
05_ews_data_and_figures/data directory already exists!
05_ews_data_and_figures/data/FT directory already exists!
05_ews_data_and_figures/figures directory already exists!
05_ews_data_and_figures/figures/FT directory already exists!

Record_period: End_of_glaciation_II
start_age, transition_start, transition_end: -224351.0 -135000 -129705.0
sliding_window_II: 446
------------------------------ 05 Completed plots ------------------------------

-------------------------------------------------------------------------------------
Using GPU for TensorFlow.
------------------------------ 01 Start run ------------------------------
Data_folder: paleoclimate
surr_type: FT
simples: 1000
ID_train: IV_III
DL_model: CNN_LSTM_model
repeats: 10

01_evaluation_data directory already exists!
models directory already exists!

full_path= G:/surrogate_data_based_machine_learning_v4.0.0/paleoclimate/01_data_preprocessing/02_extracte_and_generate_surrogate_dataset/paleoclimate/data/merge_surrogate_FT_simples_1000_train_IV_III.csv

Epoch 1: val_accuracy improved from -inf to 0.47375, saving model to models\surrogate_FT_simples_1000_CNN_LSTM_model_0.h5

Epoch 2: val_accuracy did not improve from 0.47375

Epoch 3: val_accuracy did not improve from 0.47375

Epoch 4: val_accuracy improved from 0.47375 to 0.52625, saving model to models\surrogate_FT_simples_1000_CNN_LSTM_model_0.h5

Epoch 5: val_accuracy did not improve from 0.52625

Epoch 6: val_accuracy did not improve from 0.52625

Epoch 7: val_accuracy did not improve from 0.52625

Epoch 8: val_accuracy did not improve from 0.52625

Epoch 9: val_accuracy did not improve from 0.52625
Epoch 9: early stopping
>#1: 52.625

Epoch 1: val_accuracy improved from -inf to 0.52625, saving model to models\surrogate_FT_simples_1000_CNN_LSTM_model_1.h5

Epoch 2: val_accuracy did not improve from 0.52625

Epoch 3: val_accuracy did not improve from 0.52625

Epoch 4: val_accuracy did not improve from 0.52625

Epoch 5: val_accuracy did not improve from 0.52625

Epoch 6: val_accuracy did not improve from 0.52625
Epoch 6: early stopping
>#2: 52.625

Epoch 1: val_accuracy improved from -inf to 0.52625, saving model to models\surrogate_FT_simples_1000_CNN_LSTM_model_2.h5

Epoch 2: val_accuracy did not improve from 0.52625

Epoch 3: val_accuracy did not improve from 0.52625

Epoch 4: val_accuracy did not improve from 0.52625

Epoch 5: val_accuracy did not improve from 0.52625

Epoch 6: val_accuracy did not improve from 0.52625
Epoch 6: early stopping
>#3: 52.625

Epoch 1: val_accuracy improved from -inf to 0.47375, saving model to models\surrogate_FT_simples_1000_CNN_LSTM_model_3.h5

Epoch 2: val_accuracy did not improve from 0.47375

Epoch 3: val_accuracy did not improve from 0.47375

Epoch 4: val_accuracy did not improve from 0.47375

Epoch 5: val_accuracy improved from 0.47375 to 0.52625, saving model to models\surrogate_FT_simples_1000_CNN_LSTM_model_3.h5

Epoch 6: val_accuracy did not improve from 0.52625

Epoch 7: val_accuracy did not improve from 0.52625

Epoch 8: val_accuracy did not improve from 0.52625

Epoch 9: val_accuracy did not improve from 0.52625

Epoch 10: val_accuracy did not improve from 0.52625
Epoch 10: early stopping
>#4: 52.625

Epoch 1: val_accuracy improved from -inf to 0.52625, saving model to models\surrogate_FT_simples_1000_CNN_LSTM_model_4.h5

Epoch 2: val_accuracy did not improve from 0.52625

Epoch 3: val_accuracy did not improve from 0.52625

Epoch 4: val_accuracy did not improve from 0.52625

Epoch 5: val_accuracy did not improve from 0.52625

Epoch 6: val_accuracy did not improve from 0.52625
Epoch 6: early stopping
>#5: 52.625

Epoch 1: val_accuracy improved from -inf to 0.52625, saving model to models\surrogate_FT_simples_1000_CNN_LSTM_model_5.h5

Epoch 2: val_accuracy did not improve from 0.52625

Epoch 3: val_accuracy did not improve from 0.52625

Epoch 4: val_accuracy did not improve from 0.52625

Epoch 5: val_accuracy did not improve from 0.52625

Epoch 6: val_accuracy did not improve from 0.52625
Epoch 6: early stopping
>#6: 52.625

Epoch 1: val_accuracy improved from -inf to 0.47375, saving model to models\surrogate_FT_simples_1000_CNN_LSTM_model_6.h5

Epoch 2: val_accuracy did not improve from 0.47375

Epoch 3: val_accuracy improved from 0.47375 to 0.52625, saving model to models\surrogate_FT_simples_1000_CNN_LSTM_model_6.h5

Epoch 4: val_accuracy did not improve from 0.52625

Epoch 5: val_accuracy did not improve from 0.52625

Epoch 6: val_accuracy did not improve from 0.52625

Epoch 7: val_accuracy did not improve from 0.52625

Epoch 8: val_accuracy did not improve from 0.52625
Epoch 8: early stopping
>#7: 52.625

Epoch 1: val_accuracy improved from -inf to 0.47375, saving model to models\surrogate_FT_simples_1000_CNN_LSTM_model_7.h5

Epoch 2: val_accuracy improved from 0.47375 to 0.52625, saving model to models\surrogate_FT_simples_1000_CNN_LSTM_model_7.h5

Epoch 3: val_accuracy did not improve from 0.52625

Epoch 4: val_accuracy did not improve from 0.52625

Epoch 5: val_accuracy did not improve from 0.52625

Epoch 6: val_accuracy did not improve from 0.52625

Epoch 7: val_accuracy did not improve from 0.52625
Epoch 7: early stopping
>#8: 52.625

Epoch 1: val_accuracy improved from -inf to 0.47375, saving model to models\surrogate_FT_simples_1000_CNN_LSTM_model_8.h5

Epoch 2: val_accuracy did not improve from 0.47375

Epoch 3: val_accuracy improved from 0.47375 to 0.52625, saving model to models\surrogate_FT_simples_1000_CNN_LSTM_model_8.h5

Epoch 4: val_accuracy did not improve from 0.52625

Epoch 5: val_accuracy did not improve from 0.52625

Epoch 6: val_accuracy did not improve from 0.52625

Epoch 7: val_accuracy did not improve from 0.52625

Epoch 8: val_accuracy did not improve from 0.52625
Epoch 8: early stopping
>#9: 52.625

Epoch 1: val_accuracy improved from -inf to 0.47375, saving model to models\surrogate_FT_simples_1000_CNN_LSTM_model_9.h5

Epoch 2: val_accuracy improved from 0.47375 to 0.52625, saving model to models\surrogate_FT_simples_1000_CNN_LSTM_model_9.h5

Epoch 3: val_accuracy did not improve from 0.52625

Epoch 4: val_accuracy did not improve from 0.52625

Epoch 5: val_accuracy did not improve from 0.52625

Epoch 6: val_accuracy did not improve from 0.52625

Epoch 7: val_accuracy did not improve from 0.52625
Epoch 7: early stopping
>#10: 52.625
------------------ summarize results -------------------------
DL_model: CNN_LSTM_model
scores: [52.62500047683716, 52.62500047683716, 52.62500047683716, 52.62500047683716, 52.62500047683716, 52.62500047683716, 52.62500047683716, 52.62500047683716, 52.62500047683716, 52.62500047683716]
Accuracy mean (std): 52.625% (0.000)

Running time 59.3 seconds
------------------------------ 01 Completed ------------------------------

------------------------------ 02 Start Evaluation ------------------------------
surr_type: FT
simples: 1000
ID_train: IV_III
DL_model: CNN_LSTM_model
repeats: 10

02_evaluation_performance directory already exists!
# 0 >> accuracy: 0.5012500286102295
# 1 >> accuracy: 0.5012500286102295
# 2 >> accuracy: 0.5012500286102295
# 3 >> accuracy: 0.5012500286102295
# 4 >> accuracy: 0.5012500286102295
# 5 >> accuracy: 0.5012500286102295
# 6 >> accuracy: 0.5012500286102295
# 7 >> accuracy: 0.5012500286102295
# 8 >> accuracy: 0.5012500286102295
# 9 >> accuracy: 0.5012500286102295
The results have been saved to a txt file: 02_evaluation_performance/evaluation_performance_surrogate_FT_simples_1000_CNN_LSTM_model_train_IV_III.txt

Running time 17.7 seconds
------------------------------ 02 Completed Evaluation ------------------------------

------------------------------ 03 Start sliding windows ------------------------------
surr_type: FT
simples: 1000
ID_train: IV_III
ID_test: I
Variable_label: paleoclimate
tsid: 1
features: 300
sw_width: 454

03_sliding_window_data directory already exists!
I.shape: (909, 2)
success-> sliding_window_features_shape (real=(909-454+1, 300)):  (456, 300)
------------------------------ 03 Completed sliding windows ------------------------------

------------------------------ 04 Start predicate ------------------------------
surr_type: FT
simples: 1000
ID_train: IV_III
ID_test: I
DL_model: CNN_LSTM_model
repeats: 10

04_prediction_data directory already exists!
X_test.shape (456, 300)
X_test_array.shape:  (456, 300, 1)
--------------- prediction ... ---------------
textX=(samples, steps, length, channels): (456, 10, 30, 1)
textX=(samples, steps, length, channels): (456, 10, 30, 1)
textX=(samples, steps, length, channels): (456, 10, 30, 1)
textX=(samples, steps, length, channels): (456, 10, 30, 1)
textX=(samples, steps, length, channels): (456, 10, 30, 1)
textX=(samples, steps, length, channels): (456, 10, 30, 1)
textX=(samples, steps, length, channels): (456, 10, 30, 1)
textX=(samples, steps, length, channels): (456, 10, 30, 1)
textX=(samples, steps, length, channels): (456, 10, 30, 1)
textX=(samples, steps, length, channels): (456, 10, 30, 1)
y_pred_list.shape (456, 10)
------------------------------ 04 Completed predicate ------------------------------

------------------------------ 05 Start plots ------------------------------
surr_type: FT
simples: 1000
ID_train: IV_III
ID_test: I
Variable_label: paleoclimate
DL_model: CNN_LSTM_model
sw_width: 454
tsid: 1

05_ews_data_and_figures directory already exists!
05_ews_data_and_figures/data directory already exists!
05_ews_data_and_figures/data/FT directory already exists!
05_ews_data_and_figures/figures directory already exists!
05_ews_data_and_figures/figures/FT directory already exists!

Record_period: End_of_glaciation_I
start_age, transition_start, transition_end: -108025.0 -17000 -13828.0
sliding_window_I: 454
------------------------------ 05 Completed plots ------------------------------

------------------------------ 07 Start ROC for dl ------------------------------
surr_type: FT
simples: 1000
ID_merge_tsid: [2,1]
DL_model: CNN_LSTM_model
repeats: 10
features: 300

07_roc_data_and_figures_sdml directory already exists!
07_roc_data_and_figures_sdml/data directory already exists!
07_roc_data_and_figures_sdml/data/FT directory already exists!
07_roc_data_and_figures_sdml/data/FT/ROC directory already exists!
07_roc_data_and_figures_sdml/figures directory already exists!
07_roc_data_and_figures_sdml/figures/FT directory already exists!

07_roc_data_and_figures_sdml/figures/FT/ROC directory already exists!

len_eval_pts = 40

----- 01 forced trajectories and compute EWS -----
tsid= 2
Complete for forced tsid=2
tsid= 1
Complete for forced tsid=1
----- 01 null trajectories and compute EWS -----
Complete for null tsid=2
Complete for null tsid=1
----- 02 Compute ROC curves -----
Exported ROC data to 07_roc_data_and_figures_sdml/data/FT/ROC/df_roc_surrogate_FT_simples_1000_CNN_LSTM_model_[2,1].csv
Exported ROC figure to 07_roc_data_and_figures_sdml/figures/FT/ROC/figure_roc_surrogate_FT_simples_1000_CNN_LSTM_model_[2,1].png
Ran in 25.47s
------------------------------ 07 Completed ROC for dl ------------------------------

------------------------------ 07 Start ROC for dl ------------------------------
surr_type: FT
simples: 1000
ID_merge_tsid: [4,3]
DL_model: CNN_LSTM_model
repeats: 10
features: 300

07_roc_data_and_figures_sdml directory already exists!
07_roc_data_and_figures_sdml/data directory already exists!
07_roc_data_and_figures_sdml/data/FT directory already exists!
07_roc_data_and_figures_sdml/data/FT/ROC directory already exists!
07_roc_data_and_figures_sdml/figures directory already exists!
07_roc_data_and_figures_sdml/figures/FT directory already exists!

07_roc_data_and_figures_sdml/figures/FT/ROC directory already exists!

len_eval_pts = 40

----- 01 forced trajectories and compute EWS -----
tsid= 4
Complete for forced tsid=4
tsid= 3
Complete for forced tsid=3
----- 01 null trajectories and compute EWS -----
Complete for null tsid=4
Complete for null tsid=3
----- 02 Compute ROC curves -----
Exported ROC data to 07_roc_data_and_figures_sdml/data/FT/ROC/df_roc_surrogate_FT_simples_1000_CNN_LSTM_model_[4,3].csv
Exported ROC figure to 07_roc_data_and_figures_sdml/figures/FT/ROC/figure_roc_surrogate_FT_simples_1000_CNN_LSTM_model_[4,3].png
Ran in 25.39s
------------------------------ 07 Completed ROC for dl ------------------------------

------------------------------ 07 Start ROC for dl ------------------------------
surr_type: FT
simples: 1000
ID_merge_tsid: all
DL_model: CNN_LSTM_model
repeats: 10
features: 300

07_roc_data_and_figures_sdml directory already exists!
07_roc_data_and_figures_sdml/data directory already exists!
07_roc_data_and_figures_sdml/data/FT directory already exists!
07_roc_data_and_figures_sdml/data/FT/ROC directory already exists!
07_roc_data_and_figures_sdml/figures directory already exists!
07_roc_data_and_figures_sdml/figures/FT directory already exists!

07_roc_data_and_figures_sdml/figures/FT/ROC directory already exists!

len_eval_pts = 40

----- 01 forced trajectories and compute EWS -----
tsid= 1
Complete for forced tsid=1
tsid= 2
Complete for forced tsid=2
tsid= 3
Complete for forced tsid=3
tsid= 4
Complete for forced tsid=4
----- 01 null trajectories and compute EWS -----
Complete for null tsid=1
Complete for null tsid=2
Complete for null tsid=3
Complete for null tsid=4
----- 02 Compute ROC curves -----
Exported ROC data to 07_roc_data_and_figures_sdml/data/FT/ROC/df_roc_surrogate_FT_simples_1000_CNN_LSTM_model_all.csv
Exported ROC figure to 07_roc_data_and_figures_sdml/figures/FT/ROC/figure_roc_surrogate_FT_simples_1000_CNN_LSTM_model_all.png
Ran in 38.91s
------------------------------ 07 Completed ROC for dl ------------------------------

------------------------------ 03 Start sliding windows ------------------------------
surr_type: FT
simples: 1000
ID_train: IV_III
ID_test: II
Variable_label: paleoclimate
tsid: 2
features: 300
sw_width: 446

03_sliding_window_data directory already exists!
II.shape: (893, 2)
success-> sliding_window_features_shape (real=(893-446+1, 300)):  (448, 300)
------------------------------ 03 Completed sliding windows ------------------------------

------------------------------ 04 Start predicate ------------------------------
surr_type: FT
simples: 1000
ID_train: IV_III
ID_test: II
DL_model: CNN_LSTM_model
repeats: 10

04_prediction_data directory already exists!
X_test.shape (448, 300)
X_test_array.shape:  (448, 300, 1)
--------------- prediction ... ---------------
textX=(samples, steps, length, channels): (448, 10, 30, 1)
textX=(samples, steps, length, channels): (448, 10, 30, 1)
textX=(samples, steps, length, channels): (448, 10, 30, 1)
textX=(samples, steps, length, channels): (448, 10, 30, 1)
textX=(samples, steps, length, channels): (448, 10, 30, 1)
textX=(samples, steps, length, channels): (448, 10, 30, 1)
textX=(samples, steps, length, channels): (448, 10, 30, 1)
textX=(samples, steps, length, channels): (448, 10, 30, 1)
textX=(samples, steps, length, channels): (448, 10, 30, 1)
textX=(samples, steps, length, channels): (448, 10, 30, 1)
y_pred_list.shape (448, 10)
------------------------------ 04 Completed predicate ------------------------------

------------------------------ 05 Start plots ------------------------------
surr_type: FT
simples: 1000
ID_train: IV_III
ID_test: II
Variable_label: paleoclimate
DL_model: CNN_LSTM_model
sw_width: 446
tsid: 2

05_ews_data_and_figures directory already exists!
05_ews_data_and_figures/data directory already exists!
05_ews_data_and_figures/data/FT directory already exists!
05_ews_data_and_figures/figures directory already exists!
05_ews_data_and_figures/figures/FT directory already exists!

Record_period: End_of_glaciation_II
start_age, transition_start, transition_end: -224351.0 -135000 -129705.0
sliding_window_II: 446
------------------------------ 05 Completed plots ------------------------------

-------------------------------------------------------------------------------------
Using GPU for TensorFlow.
------------------------------ 01 Start run ------------------------------
Data_folder: paleoclimate
surr_type: FT
simples: 1000
ID_train: IV_III
DL_model: ConvLSTM_model
repeats: 10

01_evaluation_data directory already exists!
models directory already exists!

full_path= G:/surrogate_data_based_machine_learning_v4.0.0/paleoclimate/01_data_preprocessing/02_extracte_and_generate_surrogate_dataset/paleoclimate/data/merge_surrogate_FT_simples_1000_train_IV_III.csv

Epoch 1: val_accuracy improved from -inf to 0.47375, saving model to models\surrogate_FT_simples_1000_ConvLSTM_model_0.h5

Epoch 2: val_accuracy improved from 0.47375 to 0.52625, saving model to models\surrogate_FT_simples_1000_ConvLSTM_model_0.h5

Epoch 3: val_accuracy did not improve from 0.52625

Epoch 4: val_accuracy did not improve from 0.52625

Epoch 5: val_accuracy did not improve from 0.52625

Epoch 6: val_accuracy did not improve from 0.52625

Epoch 7: val_accuracy did not improve from 0.52625
Epoch 7: early stopping
>#1: 52.625

Epoch 1: val_accuracy improved from -inf to 0.47375, saving model to models\surrogate_FT_simples_1000_ConvLSTM_model_1.h5

Epoch 2: val_accuracy did not improve from 0.47375

Epoch 3: val_accuracy did not improve from 0.47375

Epoch 4: val_accuracy improved from 0.47375 to 0.53125, saving model to models\surrogate_FT_simples_1000_ConvLSTM_model_1.h5

Epoch 5: val_accuracy did not improve from 0.53125

Epoch 6: val_accuracy did not improve from 0.53125

Epoch 7: val_accuracy did not improve from 0.53125

Epoch 8: val_accuracy improved from 0.53125 to 0.53625, saving model to models\surrogate_FT_simples_1000_ConvLSTM_model_1.h5

Epoch 9: val_accuracy improved from 0.53625 to 0.59625, saving model to models\surrogate_FT_simples_1000_ConvLSTM_model_1.h5

Epoch 10: val_accuracy did not improve from 0.59625

Epoch 11: val_accuracy did not improve from 0.59625

Epoch 12: val_accuracy did not improve from 0.59625

Epoch 13: val_accuracy did not improve from 0.59625

Epoch 14: val_accuracy did not improve from 0.59625
Epoch 14: early stopping
>#2: 59.625

Epoch 1: val_accuracy improved from -inf to 0.45375, saving model to models\surrogate_FT_simples_1000_ConvLSTM_model_2.h5

Epoch 2: val_accuracy improved from 0.45375 to 0.56250, saving model to models\surrogate_FT_simples_1000_ConvLSTM_model_2.h5

Epoch 3: val_accuracy did not improve from 0.56250

Epoch 4: val_accuracy did not improve from 0.56250

Epoch 5: val_accuracy improved from 0.56250 to 0.56750, saving model to models\surrogate_FT_simples_1000_ConvLSTM_model_2.h5

Epoch 6: val_accuracy did not improve from 0.56750

Epoch 7: val_accuracy did not improve from 0.56750

Epoch 8: val_accuracy did not improve from 0.56750

Epoch 9: val_accuracy did not improve from 0.56750

Epoch 10: val_accuracy improved from 0.56750 to 0.62375, saving model to models\surrogate_FT_simples_1000_ConvLSTM_model_2.h5

Epoch 11: val_accuracy improved from 0.62375 to 0.67875, saving model to models\surrogate_FT_simples_1000_ConvLSTM_model_2.h5

Epoch 12: val_accuracy did not improve from 0.67875

Epoch 13: val_accuracy improved from 0.67875 to 0.69750, saving model to models\surrogate_FT_simples_1000_ConvLSTM_model_2.h5

Epoch 14: val_accuracy improved from 0.69750 to 0.70875, saving model to models\surrogate_FT_simples_1000_ConvLSTM_model_2.h5

Epoch 15: val_accuracy did not improve from 0.70875

Epoch 16: val_accuracy improved from 0.70875 to 0.75625, saving model to models\surrogate_FT_simples_1000_ConvLSTM_model_2.h5

Epoch 17: val_accuracy did not improve from 0.75625

Epoch 18: val_accuracy did not improve from 0.75625

Epoch 19: val_accuracy did not improve from 0.75625

Epoch 20: val_accuracy did not improve from 0.75625

Epoch 21: val_accuracy did not improve from 0.75625
Epoch 21: early stopping
>#3: 75.625

Epoch 1: val_accuracy improved from -inf to 0.50000, saving model to models\surrogate_FT_simples_1000_ConvLSTM_model_3.h5

Epoch 2: val_accuracy did not improve from 0.50000

Epoch 3: val_accuracy did not improve from 0.50000

Epoch 4: val_accuracy did not improve from 0.50000

Epoch 5: val_accuracy did not improve from 0.50000

Epoch 6: val_accuracy did not improve from 0.50000
Epoch 6: early stopping
>#4: 50.000

Epoch 1: val_accuracy improved from -inf to 0.50750, saving model to models\surrogate_FT_simples_1000_ConvLSTM_model_4.h5

Epoch 2: val_accuracy improved from 0.50750 to 0.53500, saving model to models\surrogate_FT_simples_1000_ConvLSTM_model_4.h5

Epoch 3: val_accuracy did not improve from 0.53500

Epoch 4: val_accuracy did not improve from 0.53500

Epoch 5: val_accuracy did not improve from 0.53500

Epoch 6: val_accuracy did not improve from 0.53500

Epoch 7: val_accuracy did not improve from 0.53500
Epoch 7: early stopping
>#5: 53.500

Epoch 1: val_accuracy improved from -inf to 0.45625, saving model to models\surrogate_FT_simples_1000_ConvLSTM_model_5.h5

Epoch 2: val_accuracy did not improve from 0.45625

Epoch 3: val_accuracy did not improve from 0.45625

Epoch 4: val_accuracy improved from 0.45625 to 0.49375, saving model to models\surrogate_FT_simples_1000_ConvLSTM_model_5.h5

Epoch 5: val_accuracy did not improve from 0.49375

Epoch 6: val_accuracy did not improve from 0.49375

Epoch 7: val_accuracy did not improve from 0.49375

Epoch 8: val_accuracy did not improve from 0.49375

Epoch 9: val_accuracy did not improve from 0.49375
Epoch 9: early stopping
>#6: 49.375

Epoch 1: val_accuracy improved from -inf to 0.48250, saving model to models\surrogate_FT_simples_1000_ConvLSTM_model_6.h5

Epoch 2: val_accuracy improved from 0.48250 to 0.52625, saving model to models\surrogate_FT_simples_1000_ConvLSTM_model_6.h5

Epoch 3: val_accuracy did not improve from 0.52625

Epoch 4: val_accuracy did not improve from 0.52625

Epoch 5: val_accuracy did not improve from 0.52625

Epoch 6: val_accuracy did not improve from 0.52625

Epoch 7: val_accuracy did not improve from 0.52625
Epoch 7: early stopping
>#7: 52.625

Epoch 1: val_accuracy improved from -inf to 0.52625, saving model to models\surrogate_FT_simples_1000_ConvLSTM_model_7.h5

Epoch 2: val_accuracy did not improve from 0.52625

Epoch 3: val_accuracy did not improve from 0.52625

Epoch 4: val_accuracy improved from 0.52625 to 0.55250, saving model to models\surrogate_FT_simples_1000_ConvLSTM_model_7.h5

Epoch 5: val_accuracy did not improve from 0.55250

Epoch 6: val_accuracy did not improve from 0.55250

Epoch 7: val_accuracy improved from 0.55250 to 0.59750, saving model to models\surrogate_FT_simples_1000_ConvLSTM_model_7.h5

Epoch 8: val_accuracy did not improve from 0.59750

Epoch 9: val_accuracy did not improve from 0.59750

Epoch 10: val_accuracy did not improve from 0.59750

Epoch 11: val_accuracy did not improve from 0.59750

Epoch 12: val_accuracy did not improve from 0.59750
Epoch 12: early stopping
>#8: 59.750

Epoch 1: val_accuracy improved from -inf to 0.49625, saving model to models\surrogate_FT_simples_1000_ConvLSTM_model_8.h5

Epoch 2: val_accuracy improved from 0.49625 to 0.50500, saving model to models\surrogate_FT_simples_1000_ConvLSTM_model_8.h5

Epoch 3: val_accuracy did not improve from 0.50500

Epoch 4: val_accuracy did not improve from 0.50500

Epoch 5: val_accuracy did not improve from 0.50500

Epoch 6: val_accuracy did not improve from 0.50500

Epoch 7: val_accuracy did not improve from 0.50500
Epoch 7: early stopping
>#9: 50.500

Epoch 1: val_accuracy improved from -inf to 0.51250, saving model to models\surrogate_FT_simples_1000_ConvLSTM_model_9.h5

Epoch 2: val_accuracy improved from 0.51250 to 0.52750, saving model to models\surrogate_FT_simples_1000_ConvLSTM_model_9.h5

Epoch 3: val_accuracy did not improve from 0.52750

Epoch 4: val_accuracy did not improve from 0.52750

Epoch 5: val_accuracy did not improve from 0.52750

Epoch 6: val_accuracy did not improve from 0.52750

Epoch 7: val_accuracy did not improve from 0.52750
Epoch 7: early stopping
>#10: 52.750
------------------ summarize results -------------------------
DL_model: ConvLSTM_model
scores: [52.62500047683716, 59.62499976158142, 75.62500238418579, 50.0, 53.50000262260437, 49.37500059604645, 52.62500047683716, 59.75000262260437, 50.49999952316284, 52.74999737739563]
Accuracy mean (std): 55.638% (7.488)

Running time 461.5 seconds
------------------------------ 01 Completed ------------------------------

------------------------------ 02 Start Evaluation ------------------------------
surr_type: FT
simples: 1000
ID_train: IV_III
DL_model: ConvLSTM_model
repeats: 10

02_evaluation_performance directory already exists!
# 0 >> accuracy: 0.5012500286102295
# 1 >> accuracy: 0.581250011920929
# 2 >> accuracy: 0.7612500190734863
# 3 >> accuracy: 0.4724999964237213
# 4 >> accuracy: 0.4975000023841858
# 5 >> accuracy: 0.5024999976158142
# 6 >> accuracy: 0.5012500286102295
# 7 >> accuracy: 0.5649999976158142
# 8 >> accuracy: 0.48750001192092896
# 9 >> accuracy: 0.5099999904632568
The results have been saved to a txt file: 02_evaluation_performance/evaluation_performance_surrogate_FT_simples_1000_ConvLSTM_model_train_IV_III.txt

Running time 16.3 seconds
------------------------------ 02 Completed Evaluation ------------------------------

------------------------------ 03 Start sliding windows ------------------------------
surr_type: FT
simples: 1000
ID_train: IV_III
ID_test: I
Variable_label: paleoclimate
tsid: 1
features: 300
sw_width: 454

03_sliding_window_data directory already exists!
I.shape: (909, 2)
success-> sliding_window_features_shape (real=(909-454+1, 300)):  (456, 300)
------------------------------ 03 Completed sliding windows ------------------------------

------------------------------ 04 Start predicate ------------------------------
surr_type: FT
simples: 1000
ID_train: IV_III
ID_test: I
DL_model: ConvLSTM_model
repeats: 10

04_prediction_data directory already exists!
X_test.shape (456, 300)
X_test_array.shape:  (456, 300, 1)
--------------- prediction ... ---------------
textX=(samples, time steps, rows, cols, channels): (456, 10, 1, 30, 1)
textX=(samples, time steps, rows, cols, channels): (456, 10, 1, 30, 1)
textX=(samples, time steps, rows, cols, channels): (456, 10, 1, 30, 1)
textX=(samples, time steps, rows, cols, channels): (456, 10, 1, 30, 1)
textX=(samples, time steps, rows, cols, channels): (456, 10, 1, 30, 1)
textX=(samples, time steps, rows, cols, channels): (456, 10, 1, 30, 1)
textX=(samples, time steps, rows, cols, channels): (456, 10, 1, 30, 1)
textX=(samples, time steps, rows, cols, channels): (456, 10, 1, 30, 1)
textX=(samples, time steps, rows, cols, channels): (456, 10, 1, 30, 1)
textX=(samples, time steps, rows, cols, channels): (456, 10, 1, 30, 1)
y_pred_list.shape (456, 10)
------------------------------ 04 Completed predicate ------------------------------

------------------------------ 05 Start plots ------------------------------
surr_type: FT
simples: 1000
ID_train: IV_III
ID_test: I
Variable_label: paleoclimate
DL_model: ConvLSTM_model
sw_width: 454
tsid: 1

05_ews_data_and_figures directory already exists!
05_ews_data_and_figures/data directory already exists!
05_ews_data_and_figures/data/FT directory already exists!
05_ews_data_and_figures/figures directory already exists!
05_ews_data_and_figures/figures/FT directory already exists!

Record_period: End_of_glaciation_I
start_age, transition_start, transition_end: -108025.0 -17000 -13828.0
sliding_window_I: 454
------------------------------ 05 Completed plots ------------------------------

------------------------------ 07 Start ROC for dl ------------------------------
surr_type: FT
simples: 1000
ID_merge_tsid: [2,1]
DL_model: ConvLSTM_model
repeats: 10
features: 300

07_roc_data_and_figures_sdml directory already exists!
07_roc_data_and_figures_sdml/data directory already exists!
07_roc_data_and_figures_sdml/data/FT directory already exists!
07_roc_data_and_figures_sdml/data/FT/ROC directory already exists!
07_roc_data_and_figures_sdml/figures directory already exists!
07_roc_data_and_figures_sdml/figures/FT directory already exists!

07_roc_data_and_figures_sdml/figures/FT/ROC directory already exists!

len_eval_pts = 40

----- 01 forced trajectories and compute EWS -----
tsid= 2
Complete for forced tsid=2
tsid= 1
Complete for forced tsid=1
----- 01 null trajectories and compute EWS -----
Complete for null tsid=2
Complete for null tsid=1
----- 02 Compute ROC curves -----
Exported ROC data to 07_roc_data_and_figures_sdml/data/FT/ROC/df_roc_surrogate_FT_simples_1000_ConvLSTM_model_[2,1].csv
Exported ROC figure to 07_roc_data_and_figures_sdml/figures/FT/ROC/figure_roc_surrogate_FT_simples_1000_ConvLSTM_model_[2,1].png
Ran in 17.72s
------------------------------ 07 Completed ROC for dl ------------------------------

------------------------------ 07 Start ROC for dl ------------------------------
surr_type: FT
simples: 1000
ID_merge_tsid: [4,3]
DL_model: ConvLSTM_model
repeats: 10
features: 300

07_roc_data_and_figures_sdml directory already exists!
07_roc_data_and_figures_sdml/data directory already exists!
07_roc_data_and_figures_sdml/data/FT directory already exists!
07_roc_data_and_figures_sdml/data/FT/ROC directory already exists!
07_roc_data_and_figures_sdml/figures directory already exists!
07_roc_data_and_figures_sdml/figures/FT directory already exists!

07_roc_data_and_figures_sdml/figures/FT/ROC directory already exists!

len_eval_pts = 40

----- 01 forced trajectories and compute EWS -----
tsid= 4
Complete for forced tsid=4
tsid= 3
Complete for forced tsid=3
----- 01 null trajectories and compute EWS -----
Complete for null tsid=4
Complete for null tsid=3
----- 02 Compute ROC curves -----
Exported ROC data to 07_roc_data_and_figures_sdml/data/FT/ROC/df_roc_surrogate_FT_simples_1000_ConvLSTM_model_[4,3].csv
Exported ROC figure to 07_roc_data_and_figures_sdml/figures/FT/ROC/figure_roc_surrogate_FT_simples_1000_ConvLSTM_model_[4,3].png
Ran in 17.88s
------------------------------ 07 Completed ROC for dl ------------------------------

------------------------------ 07 Start ROC for dl ------------------------------
surr_type: FT
simples: 1000
ID_merge_tsid: all
DL_model: ConvLSTM_model
repeats: 10
features: 300

07_roc_data_and_figures_sdml directory already exists!
07_roc_data_and_figures_sdml/data directory already exists!
07_roc_data_and_figures_sdml/data/FT directory already exists!
07_roc_data_and_figures_sdml/data/FT/ROC directory already exists!
07_roc_data_and_figures_sdml/figures directory already exists!
07_roc_data_and_figures_sdml/figures/FT directory already exists!

07_roc_data_and_figures_sdml/figures/FT/ROC directory already exists!

len_eval_pts = 40

----- 01 forced trajectories and compute EWS -----
tsid= 1
Complete for forced tsid=1
tsid= 2
Complete for forced tsid=2
tsid= 3
Complete for forced tsid=3
tsid= 4
Complete for forced tsid=4
----- 01 null trajectories and compute EWS -----
Complete for null tsid=1
Complete for null tsid=2
Complete for null tsid=3
Complete for null tsid=4
----- 02 Compute ROC curves -----
Exported ROC data to 07_roc_data_and_figures_sdml/data/FT/ROC/df_roc_surrogate_FT_simples_1000_ConvLSTM_model_all.csv
Exported ROC figure to 07_roc_data_and_figures_sdml/figures/FT/ROC/figure_roc_surrogate_FT_simples_1000_ConvLSTM_model_all.png
Ran in 27.40s
------------------------------ 07 Completed ROC for dl ------------------------------

------------------------------ 03 Start sliding windows ------------------------------
surr_type: FT
simples: 1000
ID_train: IV_III
ID_test: II
Variable_label: paleoclimate
tsid: 2
features: 300
sw_width: 446

03_sliding_window_data directory already exists!
II.shape: (893, 2)
success-> sliding_window_features_shape (real=(893-446+1, 300)):  (448, 300)
------------------------------ 03 Completed sliding windows ------------------------------

------------------------------ 04 Start predicate ------------------------------
surr_type: FT
simples: 1000
ID_train: IV_III
ID_test: II
DL_model: ConvLSTM_model
repeats: 10

04_prediction_data directory already exists!
X_test.shape (448, 300)
X_test_array.shape:  (448, 300, 1)
--------------- prediction ... ---------------
textX=(samples, time steps, rows, cols, channels): (448, 10, 1, 30, 1)
textX=(samples, time steps, rows, cols, channels): (448, 10, 1, 30, 1)
textX=(samples, time steps, rows, cols, channels): (448, 10, 1, 30, 1)
textX=(samples, time steps, rows, cols, channels): (448, 10, 1, 30, 1)
textX=(samples, time steps, rows, cols, channels): (448, 10, 1, 30, 1)
textX=(samples, time steps, rows, cols, channels): (448, 10, 1, 30, 1)
textX=(samples, time steps, rows, cols, channels): (448, 10, 1, 30, 1)
textX=(samples, time steps, rows, cols, channels): (448, 10, 1, 30, 1)
textX=(samples, time steps, rows, cols, channels): (448, 10, 1, 30, 1)
textX=(samples, time steps, rows, cols, channels): (448, 10, 1, 30, 1)
y_pred_list.shape (448, 10)
------------------------------ 04 Completed predicate ------------------------------

------------------------------ 05 Start plots ------------------------------
surr_type: FT
simples: 1000
ID_train: IV_III
ID_test: II
Variable_label: paleoclimate
DL_model: ConvLSTM_model
sw_width: 446
tsid: 2

05_ews_data_and_figures directory already exists!
05_ews_data_and_figures/data directory already exists!
05_ews_data_and_figures/data/FT directory already exists!
05_ews_data_and_figures/figures directory already exists!
05_ews_data_and_figures/figures/FT directory already exists!

Record_period: End_of_glaciation_II
start_age, transition_start, transition_end: -224351.0 -135000 -129705.0
sliding_window_II: 446
------------------------------ 05 Completed plots ------------------------------

---------------------------- complete end ----------------------------
