---------------------------- Run start python scripts -----------------------------
-------------------------------------------------------------------------------------
Using GPU for TensorFlow.
------------------------------ 01 Start run ------------------------------
Data_folder: paleoclimate
surr_type: RP
simples: 1000
ID_train: IV_III
DL_model: CNN_model
repeats: 10

full_path= G:/surrogate_data_based_machine_learning_v4.0.0/paleoclimate/01_data_preprocessing/02_extracte_and_generate_surrogate_dataset/paleoclimate/data/merge_surrogate_RP_simples_1000_train_IV_III.csv

Epoch 1: val_accuracy improved from -inf to 0.50125, saving model to models\surrogate_RP_simples_1000_CNN_model_0.h5

Epoch 2: val_accuracy did not improve from 0.50125

Epoch 3: val_accuracy did not improve from 0.50125

Epoch 4: val_accuracy improved from 0.50125 to 0.53875, saving model to models\surrogate_RP_simples_1000_CNN_model_0.h5

Epoch 5: val_accuracy did not improve from 0.53875

Epoch 6: val_accuracy did not improve from 0.53875

Epoch 7: val_accuracy did not improve from 0.53875

Epoch 8: val_accuracy did not improve from 0.53875

Epoch 9: val_accuracy did not improve from 0.53875
Epoch 9: early stopping
>#1: 53.875

Epoch 1: val_accuracy improved from -inf to 0.49000, saving model to models\surrogate_RP_simples_1000_CNN_model_1.h5

Epoch 2: val_accuracy improved from 0.49000 to 0.51000, saving model to models\surrogate_RP_simples_1000_CNN_model_1.h5

Epoch 3: val_accuracy did not improve from 0.51000

Epoch 4: val_accuracy did not improve from 0.51000

Epoch 5: val_accuracy did not improve from 0.51000

Epoch 6: val_accuracy did not improve from 0.51000

Epoch 7: val_accuracy did not improve from 0.51000
Epoch 7: early stopping
>#2: 51.000

Epoch 1: val_accuracy improved from -inf to 0.49000, saving model to models\surrogate_RP_simples_1000_CNN_model_2.h5

Epoch 2: val_accuracy improved from 0.49000 to 0.51000, saving model to models\surrogate_RP_simples_1000_CNN_model_2.h5

Epoch 3: val_accuracy did not improve from 0.51000

Epoch 4: val_accuracy did not improve from 0.51000

Epoch 5: val_accuracy did not improve from 0.51000

Epoch 6: val_accuracy did not improve from 0.51000

Epoch 7: val_accuracy did not improve from 0.51000
Epoch 7: early stopping
>#3: 51.000

Epoch 1: val_accuracy improved from -inf to 0.51000, saving model to models\surrogate_RP_simples_1000_CNN_model_3.h5

Epoch 2: val_accuracy improved from 0.51000 to 0.53125, saving model to models\surrogate_RP_simples_1000_CNN_model_3.h5

Epoch 3: val_accuracy did not improve from 0.53125

Epoch 4: val_accuracy did not improve from 0.53125

Epoch 5: val_accuracy did not improve from 0.53125

Epoch 6: val_accuracy did not improve from 0.53125

Epoch 7: val_accuracy did not improve from 0.53125
Epoch 7: early stopping
>#4: 53.125

Epoch 1: val_accuracy improved from -inf to 0.49000, saving model to models\surrogate_RP_simples_1000_CNN_model_4.h5

Epoch 2: val_accuracy improved from 0.49000 to 0.51625, saving model to models\surrogate_RP_simples_1000_CNN_model_4.h5

Epoch 3: val_accuracy did not improve from 0.51625

Epoch 4: val_accuracy did not improve from 0.51625

Epoch 5: val_accuracy did not improve from 0.51625

Epoch 6: val_accuracy did not improve from 0.51625

Epoch 7: val_accuracy did not improve from 0.51625
Epoch 7: early stopping
>#5: 51.625

Epoch 1: val_accuracy improved from -inf to 0.51000, saving model to models\surrogate_RP_simples_1000_CNN_model_5.h5

Epoch 2: val_accuracy did not improve from 0.51000

Epoch 3: val_accuracy did not improve from 0.51000

Epoch 4: val_accuracy did not improve from 0.51000

Epoch 5: val_accuracy did not improve from 0.51000

Epoch 6: val_accuracy did not improve from 0.51000
Epoch 6: early stopping
>#6: 51.000

Epoch 1: val_accuracy improved from -inf to 0.51000, saving model to models\surrogate_RP_simples_1000_CNN_model_6.h5

Epoch 2: val_accuracy did not improve from 0.51000

Epoch 3: val_accuracy did not improve from 0.51000

Epoch 4: val_accuracy did not improve from 0.51000

Epoch 5: val_accuracy did not improve from 0.51000

Epoch 6: val_accuracy did not improve from 0.51000
Epoch 6: early stopping
>#7: 51.000

Epoch 1: val_accuracy improved from -inf to 0.51000, saving model to models\surrogate_RP_simples_1000_CNN_model_7.h5

Epoch 2: val_accuracy did not improve from 0.51000

Epoch 3: val_accuracy improved from 0.51000 to 0.52250, saving model to models\surrogate_RP_simples_1000_CNN_model_7.h5

Epoch 4: val_accuracy did not improve from 0.52250

Epoch 5: val_accuracy did not improve from 0.52250

Epoch 6: val_accuracy did not improve from 0.52250

Epoch 7: val_accuracy did not improve from 0.52250

Epoch 8: val_accuracy did not improve from 0.52250
Epoch 8: early stopping
>#8: 52.250

Epoch 1: val_accuracy improved from -inf to 0.51000, saving model to models\surrogate_RP_simples_1000_CNN_model_8.h5

Epoch 2: val_accuracy did not improve from 0.51000

Epoch 3: val_accuracy improved from 0.51000 to 0.52750, saving model to models\surrogate_RP_simples_1000_CNN_model_8.h5

Epoch 4: val_accuracy did not improve from 0.52750

Epoch 5: val_accuracy did not improve from 0.52750

Epoch 6: val_accuracy improved from 0.52750 to 0.53000, saving model to models\surrogate_RP_simples_1000_CNN_model_8.h5

Epoch 7: val_accuracy did not improve from 0.53000

Epoch 8: val_accuracy did not improve from 0.53000

Epoch 9: val_accuracy did not improve from 0.53000

Epoch 10: val_accuracy did not improve from 0.53000

Epoch 11: val_accuracy did not improve from 0.53000
Epoch 11: early stopping
>#9: 53.000

Epoch 1: val_accuracy improved from -inf to 0.51000, saving model to models\surrogate_RP_simples_1000_CNN_model_9.h5

Epoch 2: val_accuracy did not improve from 0.51000

Epoch 3: val_accuracy did not improve from 0.51000

Epoch 4: val_accuracy did not improve from 0.51000

Epoch 5: val_accuracy did not improve from 0.51000

Epoch 6: val_accuracy did not improve from 0.51000
Epoch 6: early stopping
>#10: 51.000
------------------ summarize results -------------------------
DL_model: CNN_model
scores: [53.87499928474426, 50.999999046325684, 50.999999046325684, 53.125, 51.625001430511475, 50.999999046325684, 50.999999046325684, 52.24999785423279, 52.99999713897705, 50.999999046325684]
Accuracy mean (std): 51.887% (1.042)

Running time 37.8 seconds
------------------------------ 01 Completed ------------------------------

------------------------------ 02 Start Evaluation ------------------------------
surr_type: RP
simples: 1000
ID_train: IV_III
DL_model: CNN_model
repeats: 10

# 0 >> accuracy: 0.5037500262260437
# 1 >> accuracy: 0.5412499904632568
# 2 >> accuracy: 0.5412499904632568
# 3 >> accuracy: 0.5024999976158142
# 4 >> accuracy: 0.5199999809265137
# 5 >> accuracy: 0.5412499904632568
# 6 >> accuracy: 0.5412499904632568
# 7 >> accuracy: 0.48374998569488525
# 8 >> accuracy: 0.5475000143051147
# 9 >> accuracy: 0.5412499904632568
The results have been saved to a txt file: 02_evaluation_performance/evaluation_performance_surrogate_RP_simples_1000_CNN_model_train_IV_III.txt

Running time 10.0 seconds
------------------------------ 02 Completed Evaluation ------------------------------

------------------------------ 03 Start sliding windows ------------------------------
surr_type: RP
simples: 1000
ID_train: IV_III
ID_test: I
Variable_label: paleoclimate
tsid: 1
features: 300
sw_width: 454

I.shape: (909, 2)
success-> sliding_window_features_shape (real=(909-454+1, 300)):  (456, 300)
------------------------------ 03 Completed sliding windows ------------------------------

------------------------------ 04 Start predicate ------------------------------
surr_type: RP
simples: 1000
ID_train: IV_III
ID_test: I
DL_model: CNN_model
repeats: 10

X_test.shape (456, 300)
X_test_array.shape:  (456, 300, 1)
--------------- prediction ... ---------------
y_pred_list.shape (456, 10)
------------------------------ 04 Completed predicate ------------------------------

------------------------------ 05 Start plots ------------------------------
surr_type: RP
simples: 1000
ID_train: IV_III
ID_test: I
Variable_label: paleoclimate
DL_model: CNN_model
sw_width: 454
tsid: 1

Record_period: End_of_glaciation_I
start_age, transition_start, transition_end: -108025.0 -17000 -13828.0
sliding_window_I: 454
------------------------------ 05 Completed plots ------------------------------

------------------------------ 06 Start ROC for variance and lag-1 autocorrelation ------------------------------
surr_type: RP
simples: 1000
ID_merge_tsid: [2,1]
DL_model: CNN_model
repeats: 10
features: 300

len_eval_pts= 40

----- 01 forced trajectories and compute EWS -----
Complete for forced tsid=2
Complete for forced tsid=1
----- 01 null trajectories and compute EWS -----
Complete for null tsid=2
Complete for null tsid=1
----- 02 Compute ROC curves -----
Exported ROC data to 06_roc_data_and_figures_var_corr/data/ROC/df_roc_var_corr_[2,1].csv
Exported ROC figure to 06_roc_data_and_figures_var_corr/figures/ROC/figure_roc_var_corr_[2,1].png
Ran in 1.61s
------------------------------ 06 Completed ROC for variance and lag-1 autocorrelation ------------------------------

------------------------------ 07 Start ROC for dl ------------------------------
surr_type: RP
simples: 1000
ID_merge_tsid: [2,1]
DL_model: CNN_model
repeats: 10
features: 300

len_eval_pts = 40

----- 01 forced trajectories and compute EWS -----
tsid= 2
Complete for forced tsid=2
tsid= 1
Complete for forced tsid=1
----- 01 null trajectories and compute EWS -----
Complete for null tsid=2
Complete for null tsid=1
----- 02 Compute ROC curves -----
Exported ROC data to 07_roc_data_and_figures_sdml/data/RP/ROC/df_roc_surrogate_RP_simples_1000_CNN_model_[2,1].csv
Exported ROC figure to 07_roc_data_and_figures_sdml/figures/RP/ROC/figure_roc_surrogate_RP_simples_1000_CNN_model_[2,1].png
Ran in 11.99s
------------------------------ 07 Completed ROC for dl ------------------------------

------------------------------ 06 Start ROC for variance and lag-1 autocorrelation ------------------------------
surr_type: RP
simples: 1000
ID_merge_tsid: [4,3]
DL_model: CNN_model
repeats: 10
features: 300

06_roc_data_and_figures_var_corr directory already exists!
06_roc_data_and_figures_var_corr/data directory already exists!
06_roc_data_and_figures_var_corr/data/ROC directory already exists!
06_roc_data_and_figures_var_corr/figures directory already exists!
06_roc_data_and_figures_var_corr/figures/ROC directory already exists!
len_eval_pts= 40

----- 01 forced trajectories and compute EWS -----
Complete for forced tsid=4
Complete for forced tsid=3
----- 01 null trajectories and compute EWS -----
Complete for null tsid=4
Complete for null tsid=3
----- 02 Compute ROC curves -----
Exported ROC data to 06_roc_data_and_figures_var_corr/data/ROC/df_roc_var_corr_[4,3].csv
Exported ROC figure to 06_roc_data_and_figures_var_corr/figures/ROC/figure_roc_var_corr_[4,3].png
Ran in 1.59s
------------------------------ 06 Completed ROC for variance and lag-1 autocorrelation ------------------------------

------------------------------ 07 Start ROC for dl ------------------------------
surr_type: RP
simples: 1000
ID_merge_tsid: [4,3]
DL_model: CNN_model
repeats: 10
features: 300

07_roc_data_and_figures_sdml directory already exists!
07_roc_data_and_figures_sdml/data directory already exists!
07_roc_data_and_figures_sdml/data/RP directory already exists!
07_roc_data_and_figures_sdml/data/RP/ROC directory already exists!
07_roc_data_and_figures_sdml/figures directory already exists!
07_roc_data_and_figures_sdml/figures/RP directory already exists!

07_roc_data_and_figures_sdml/figures/RP/ROC directory already exists!

len_eval_pts = 40

----- 01 forced trajectories and compute EWS -----
tsid= 4
Complete for forced tsid=4
tsid= 3
Complete for forced tsid=3
----- 01 null trajectories and compute EWS -----
Complete for null tsid=4
Complete for null tsid=3
----- 02 Compute ROC curves -----
Exported ROC data to 07_roc_data_and_figures_sdml/data/RP/ROC/df_roc_surrogate_RP_simples_1000_CNN_model_[4,3].csv
Exported ROC figure to 07_roc_data_and_figures_sdml/figures/RP/ROC/figure_roc_surrogate_RP_simples_1000_CNN_model_[4,3].png
Ran in 12.00s
------------------------------ 07 Completed ROC for dl ------------------------------

------------------------------ 06 Start ROC for variance and lag-1 autocorrelation ------------------------------
surr_type: RP
simples: 1000
ID_merge_tsid: all
DL_model: CNN_model
repeats: 10
features: 300

06_roc_data_and_figures_var_corr directory already exists!
06_roc_data_and_figures_var_corr/data directory already exists!
06_roc_data_and_figures_var_corr/data/ROC directory already exists!
06_roc_data_and_figures_var_corr/figures directory already exists!
06_roc_data_and_figures_var_corr/figures/ROC directory already exists!
len_eval_pts= 40

----- 01 forced trajectories and compute EWS -----
Complete for forced tsid=1
Complete for forced tsid=2
Complete for forced tsid=3
Complete for forced tsid=4
----- 01 null trajectories and compute EWS -----
Complete for null tsid=1
Complete for null tsid=2
Complete for null tsid=3
Complete for null tsid=4
----- 02 Compute ROC curves -----
Exported ROC data to 06_roc_data_and_figures_var_corr/data/ROC/df_roc_var_corr_all.csv
Exported ROC figure to 06_roc_data_and_figures_var_corr/figures/ROC/figure_roc_var_corr_all.png
Ran in 1.92s
------------------------------ 06 Completed ROC for variance and lag-1 autocorrelation ------------------------------

------------------------------ 07 Start ROC for dl ------------------------------
surr_type: RP
simples: 1000
ID_merge_tsid: all
DL_model: CNN_model
repeats: 10
features: 300

07_roc_data_and_figures_sdml directory already exists!
07_roc_data_and_figures_sdml/data directory already exists!
07_roc_data_and_figures_sdml/data/RP directory already exists!
07_roc_data_and_figures_sdml/data/RP/ROC directory already exists!
07_roc_data_and_figures_sdml/figures directory already exists!
07_roc_data_and_figures_sdml/figures/RP directory already exists!

07_roc_data_and_figures_sdml/figures/RP/ROC directory already exists!

len_eval_pts = 40

----- 01 forced trajectories and compute EWS -----
tsid= 1
Complete for forced tsid=1
tsid= 2
Complete for forced tsid=2
tsid= 3
Complete for forced tsid=3
tsid= 4
Complete for forced tsid=4
----- 01 null trajectories and compute EWS -----
Complete for null tsid=1
Complete for null tsid=2
Complete for null tsid=3
Complete for null tsid=4
----- 02 Compute ROC curves -----
Exported ROC data to 07_roc_data_and_figures_sdml/data/RP/ROC/df_roc_surrogate_RP_simples_1000_CNN_model_all.csv
Exported ROC figure to 07_roc_data_and_figures_sdml/figures/RP/ROC/figure_roc_surrogate_RP_simples_1000_CNN_model_all.png
Ran in 16.53s
------------------------------ 07 Completed ROC for dl ------------------------------

------------------------------ 03 Start sliding windows ------------------------------
surr_type: RP
simples: 1000
ID_train: IV_III
ID_test: II
Variable_label: paleoclimate
tsid: 2
features: 300
sw_width: 446

03_sliding_window_data directory already exists!
II.shape: (893, 2)
success-> sliding_window_features_shape (real=(893-446+1, 300)):  (448, 300)
------------------------------ 03 Completed sliding windows ------------------------------

------------------------------ 04 Start predicate ------------------------------
surr_type: RP
simples: 1000
ID_train: IV_III
ID_test: II
DL_model: CNN_model
repeats: 10

04_prediction_data directory already exists!
X_test.shape (448, 300)
X_test_array.shape:  (448, 300, 1)
--------------- prediction ... ---------------
y_pred_list.shape (448, 10)
------------------------------ 04 Completed predicate ------------------------------

------------------------------ 05 Start plots ------------------------------
surr_type: RP
simples: 1000
ID_train: IV_III
ID_test: II
Variable_label: paleoclimate
DL_model: CNN_model
sw_width: 446
tsid: 2

05_ews_data_and_figures directory already exists!
05_ews_data_and_figures/data directory already exists!
05_ews_data_and_figures/data/RP directory already exists!
05_ews_data_and_figures/figures directory already exists!
05_ews_data_and_figures/figures/RP directory already exists!

Record_period: End_of_glaciation_II
start_age, transition_start, transition_end: -224351.0 -135000 -129705.0
sliding_window_II: 446
------------------------------ 05 Completed plots ------------------------------

-------------------------------------------------------------------------------------
Using GPU for TensorFlow.
------------------------------ 01 Start run ------------------------------
Data_folder: paleoclimate
surr_type: RP
simples: 1000
ID_train: IV_III
DL_model: three_head_CNN_model
repeats: 10

01_evaluation_data directory already exists!
models directory already exists!

full_path= G:/surrogate_data_based_machine_learning_v4.0.0/paleoclimate/01_data_preprocessing/02_extracte_and_generate_surrogate_dataset/paleoclimate/data/merge_surrogate_RP_simples_1000_train_IV_III.csv

Epoch 1: val_accuracy improved from -inf to 0.49000, saving model to models\surrogate_RP_simples_1000_three_head_CNN_model_0.h5

Epoch 2: val_accuracy did not improve from 0.49000

Epoch 3: val_accuracy did not improve from 0.49000

Epoch 4: val_accuracy did not improve from 0.49000

Epoch 5: val_accuracy did not improve from 0.49000

Epoch 6: val_accuracy improved from 0.49000 to 1.00000, saving model to models\surrogate_RP_simples_1000_three_head_CNN_model_0.h5

Epoch 7: val_accuracy did not improve from 1.00000

Epoch 8: val_accuracy did not improve from 1.00000

Epoch 9: val_accuracy did not improve from 1.00000

Epoch 10: val_accuracy did not improve from 1.00000

Epoch 11: val_accuracy did not improve from 1.00000
Epoch 11: early stopping
>#1: 100.000

Epoch 1: val_accuracy improved from -inf to 0.49000, saving model to models\surrogate_RP_simples_1000_three_head_CNN_model_1.h5

Epoch 2: val_accuracy did not improve from 0.49000

Epoch 3: val_accuracy did not improve from 0.49000

Epoch 4: val_accuracy improved from 0.49000 to 0.99000, saving model to models\surrogate_RP_simples_1000_three_head_CNN_model_1.h5

Epoch 5: val_accuracy did not improve from 0.99000

Epoch 6: val_accuracy did not improve from 0.99000

Epoch 7: val_accuracy did not improve from 0.99000

Epoch 8: val_accuracy improved from 0.99000 to 1.00000, saving model to models\surrogate_RP_simples_1000_three_head_CNN_model_1.h5

Epoch 9: val_accuracy did not improve from 1.00000

Epoch 10: val_accuracy did not improve from 1.00000

Epoch 11: val_accuracy did not improve from 1.00000

Epoch 12: val_accuracy did not improve from 1.00000

Epoch 13: val_accuracy did not improve from 1.00000
Epoch 13: early stopping
>#2: 100.000

Epoch 1: val_accuracy improved from -inf to 0.49000, saving model to models\surrogate_RP_simples_1000_three_head_CNN_model_2.h5

Epoch 2: val_accuracy did not improve from 0.49000

Epoch 3: val_accuracy did not improve from 0.49000

Epoch 4: val_accuracy did not improve from 0.49000

Epoch 5: val_accuracy did not improve from 0.49000

Epoch 6: val_accuracy improved from 0.49000 to 0.51000, saving model to models\surrogate_RP_simples_1000_three_head_CNN_model_2.h5

Epoch 7: val_accuracy did not improve from 0.51000

Epoch 8: val_accuracy improved from 0.51000 to 1.00000, saving model to models\surrogate_RP_simples_1000_three_head_CNN_model_2.h5

Epoch 9: val_accuracy did not improve from 1.00000

Epoch 10: val_accuracy did not improve from 1.00000

Epoch 11: val_accuracy did not improve from 1.00000

Epoch 12: val_accuracy did not improve from 1.00000

Epoch 13: val_accuracy did not improve from 1.00000
Epoch 13: early stopping
>#3: 100.000

Epoch 1: val_accuracy improved from -inf to 0.49000, saving model to models\surrogate_RP_simples_1000_three_head_CNN_model_3.h5

Epoch 2: val_accuracy did not improve from 0.49000

Epoch 3: val_accuracy did not improve from 0.49000

Epoch 4: val_accuracy did not improve from 0.49000

Epoch 5: val_accuracy did not improve from 0.49000

Epoch 6: val_accuracy did not improve from 0.49000
Epoch 6: early stopping
>#4: 49.000

Epoch 1: val_accuracy improved from -inf to 0.49000, saving model to models\surrogate_RP_simples_1000_three_head_CNN_model_4.h5

Epoch 2: val_accuracy did not improve from 0.49000

Epoch 3: val_accuracy did not improve from 0.49000

Epoch 4: val_accuracy did not improve from 0.49000

Epoch 5: val_accuracy did not improve from 0.49000

Epoch 6: val_accuracy improved from 0.49000 to 1.00000, saving model to models\surrogate_RP_simples_1000_three_head_CNN_model_4.h5

Epoch 7: val_accuracy did not improve from 1.00000

Epoch 8: val_accuracy did not improve from 1.00000

Epoch 9: val_accuracy did not improve from 1.00000

Epoch 10: val_accuracy did not improve from 1.00000

Epoch 11: val_accuracy did not improve from 1.00000
Epoch 11: early stopping
>#5: 100.000

Epoch 1: val_accuracy improved from -inf to 0.49000, saving model to models\surrogate_RP_simples_1000_three_head_CNN_model_5.h5

Epoch 2: val_accuracy did not improve from 0.49000

Epoch 3: val_accuracy did not improve from 0.49000

Epoch 4: val_accuracy did not improve from 0.49000

Epoch 5: val_accuracy improved from 0.49000 to 0.75750, saving model to models\surrogate_RP_simples_1000_three_head_CNN_model_5.h5

Epoch 6: val_accuracy did not improve from 0.75750

Epoch 7: val_accuracy did not improve from 0.75750

Epoch 8: val_accuracy did not improve from 0.75750

Epoch 9: val_accuracy did not improve from 0.75750

Epoch 10: val_accuracy did not improve from 0.75750
Epoch 10: early stopping
>#6: 75.750

Epoch 1: val_accuracy improved from -inf to 0.49000, saving model to models\surrogate_RP_simples_1000_three_head_CNN_model_6.h5

Epoch 2: val_accuracy did not improve from 0.49000

Epoch 3: val_accuracy did not improve from 0.49000

Epoch 4: val_accuracy did not improve from 0.49000

Epoch 5: val_accuracy did not improve from 0.49000

Epoch 6: val_accuracy improved from 0.49000 to 0.51000, saving model to models\surrogate_RP_simples_1000_three_head_CNN_model_6.h5

Epoch 7: val_accuracy improved from 0.51000 to 0.76750, saving model to models\surrogate_RP_simples_1000_three_head_CNN_model_6.h5

Epoch 8: val_accuracy improved from 0.76750 to 1.00000, saving model to models\surrogate_RP_simples_1000_three_head_CNN_model_6.h5

Epoch 9: val_accuracy did not improve from 1.00000

Epoch 10: val_accuracy did not improve from 1.00000

Epoch 11: val_accuracy did not improve from 1.00000

Epoch 12: val_accuracy did not improve from 1.00000

Epoch 13: val_accuracy did not improve from 1.00000
Epoch 13: early stopping
>#7: 100.000

Epoch 1: val_accuracy improved from -inf to 0.49000, saving model to models\surrogate_RP_simples_1000_three_head_CNN_model_7.h5

Epoch 2: val_accuracy did not improve from 0.49000

Epoch 3: val_accuracy did not improve from 0.49000

Epoch 4: val_accuracy did not improve from 0.49000

Epoch 5: val_accuracy did not improve from 0.49000

Epoch 6: val_accuracy improved from 0.49000 to 0.51000, saving model to models\surrogate_RP_simples_1000_three_head_CNN_model_7.h5

Epoch 7: val_accuracy did not improve from 0.51000

Epoch 8: val_accuracy did not improve from 0.51000

Epoch 9: val_accuracy did not improve from 0.51000

Epoch 10: val_accuracy did not improve from 0.51000

Epoch 11: val_accuracy improved from 0.51000 to 0.83250, saving model to models\surrogate_RP_simples_1000_three_head_CNN_model_7.h5

Epoch 12: val_accuracy did not improve from 0.83250

Epoch 13: val_accuracy did not improve from 0.83250

Epoch 14: val_accuracy did not improve from 0.83250

Epoch 15: val_accuracy did not improve from 0.83250

Epoch 16: val_accuracy did not improve from 0.83250
Epoch 16: early stopping
>#8: 83.250

Epoch 1: val_accuracy improved from -inf to 0.49000, saving model to models\surrogate_RP_simples_1000_three_head_CNN_model_8.h5

Epoch 2: val_accuracy did not improve from 0.49000

Epoch 3: val_accuracy did not improve from 0.49000

Epoch 4: val_accuracy improved from 0.49000 to 1.00000, saving model to models\surrogate_RP_simples_1000_three_head_CNN_model_8.h5

Epoch 5: val_accuracy did not improve from 1.00000

Epoch 6: val_accuracy did not improve from 1.00000

Epoch 7: val_accuracy did not improve from 1.00000

Epoch 8: val_accuracy did not improve from 1.00000

Epoch 9: val_accuracy did not improve from 1.00000
Epoch 9: early stopping
>#9: 100.000

Epoch 1: val_accuracy improved from -inf to 0.49000, saving model to models\surrogate_RP_simples_1000_three_head_CNN_model_9.h5

Epoch 2: val_accuracy did not improve from 0.49000

Epoch 3: val_accuracy did not improve from 0.49000

Epoch 4: val_accuracy improved from 0.49000 to 0.51000, saving model to models\surrogate_RP_simples_1000_three_head_CNN_model_9.h5

Epoch 5: val_accuracy improved from 0.51000 to 0.62750, saving model to models\surrogate_RP_simples_1000_three_head_CNN_model_9.h5

Epoch 6: val_accuracy did not improve from 0.62750

Epoch 7: val_accuracy improved from 0.62750 to 0.72250, saving model to models\surrogate_RP_simples_1000_three_head_CNN_model_9.h5

Epoch 8: val_accuracy improved from 0.72250 to 0.76250, saving model to models\surrogate_RP_simples_1000_three_head_CNN_model_9.h5

Epoch 9: val_accuracy did not improve from 0.76250

Epoch 10: val_accuracy did not improve from 0.76250

Epoch 11: val_accuracy did not improve from 0.76250

Epoch 12: val_accuracy improved from 0.76250 to 1.00000, saving model to models\surrogate_RP_simples_1000_three_head_CNN_model_9.h5

Epoch 13: val_accuracy did not improve from 1.00000

Epoch 14: val_accuracy did not improve from 1.00000

Epoch 15: val_accuracy did not improve from 1.00000

Epoch 16: val_accuracy did not improve from 1.00000

Epoch 17: val_accuracy did not improve from 1.00000
Epoch 17: early stopping
>#10: 100.000
------------------ summarize results -------------------------
DL_model: three_head_CNN_model
scores: [100.0, 100.0, 100.0, 49.000000953674316, 100.0, 75.74999928474426, 100.0, 83.24999809265137, 100.0, 100.0]
Accuracy mean (std): 90.800% (16.196)

Running time 78.6 seconds
------------------------------ 01 Completed ------------------------------

------------------------------ 02 Start Evaluation ------------------------------
surr_type: RP
simples: 1000
ID_train: IV_III
DL_model: three_head_CNN_model
repeats: 10

02_evaluation_performance directory already exists!
# 0 >> accuracy: 1.0
# 1 >> accuracy: 1.0
# 2 >> accuracy: 1.0
# 3 >> accuracy: 0.45875000953674316
# 4 >> accuracy: 1.0
# 5 >> accuracy: 0.7149999737739563
# 6 >> accuracy: 1.0
# 7 >> accuracy: 0.8112499713897705
# 8 >> accuracy: 1.0
# 9 >> accuracy: 1.0
The results have been saved to a txt file: 02_evaluation_performance/evaluation_performance_surrogate_RP_simples_1000_three_head_CNN_model_train_IV_III.txt

Running time 13.0 seconds
------------------------------ 02 Completed Evaluation ------------------------------

------------------------------ 03 Start sliding windows ------------------------------
surr_type: RP
simples: 1000
ID_train: IV_III
ID_test: I
Variable_label: paleoclimate
tsid: 1
features: 300
sw_width: 454

03_sliding_window_data directory already exists!
I.shape: (909, 2)
success-> sliding_window_features_shape (real=(909-454+1, 300)):  (456, 300)
------------------------------ 03 Completed sliding windows ------------------------------

------------------------------ 04 Start predicate ------------------------------
surr_type: RP
simples: 1000
ID_train: IV_III
ID_test: I
DL_model: three_head_CNN_model
repeats: 10

04_prediction_data directory already exists!
X_test.shape (456, 300)
X_test_array.shape:  (456, 300, 1)
--------------- prediction ... ---------------
y_pred_list.shape (456, 10)
------------------------------ 04 Completed predicate ------------------------------

------------------------------ 05 Start plots ------------------------------
surr_type: RP
simples: 1000
ID_train: IV_III
ID_test: I
Variable_label: paleoclimate
DL_model: three_head_CNN_model
sw_width: 454
tsid: 1

05_ews_data_and_figures directory already exists!
05_ews_data_and_figures/data directory already exists!
05_ews_data_and_figures/data/RP directory already exists!
05_ews_data_and_figures/figures directory already exists!
05_ews_data_and_figures/figures/RP directory already exists!

Record_period: End_of_glaciation_I
start_age, transition_start, transition_end: -108025.0 -17000 -13828.0
sliding_window_I: 454
------------------------------ 05 Completed plots ------------------------------

------------------------------ 07 Start ROC for dl ------------------------------
surr_type: RP
simples: 1000
ID_merge_tsid: [2,1]
DL_model: three_head_CNN_model
repeats: 10
features: 300

07_roc_data_and_figures_sdml directory already exists!
07_roc_data_and_figures_sdml/data directory already exists!
07_roc_data_and_figures_sdml/data/RP directory already exists!
07_roc_data_and_figures_sdml/data/RP/ROC directory already exists!
07_roc_data_and_figures_sdml/figures directory already exists!
07_roc_data_and_figures_sdml/figures/RP directory already exists!

07_roc_data_and_figures_sdml/figures/RP/ROC directory already exists!

len_eval_pts = 40

----- 01 forced trajectories and compute EWS -----
tsid= 2
Complete for forced tsid=2
tsid= 1
Complete for forced tsid=1
----- 01 null trajectories and compute EWS -----
Complete for null tsid=2
Complete for null tsid=1
----- 02 Compute ROC curves -----
Exported ROC data to 07_roc_data_and_figures_sdml/data/RP/ROC/df_roc_surrogate_RP_simples_1000_three_head_CNN_model_[2,1].csv
Exported ROC figure to 07_roc_data_and_figures_sdml/figures/RP/ROC/figure_roc_surrogate_RP_simples_1000_three_head_CNN_model_[2,1].png
Ran in 16.97s
------------------------------ 07 Completed ROC for dl ------------------------------

------------------------------ 07 Start ROC for dl ------------------------------
surr_type: RP
simples: 1000
ID_merge_tsid: [4,3]
DL_model: three_head_CNN_model
repeats: 10
features: 300

07_roc_data_and_figures_sdml directory already exists!
07_roc_data_and_figures_sdml/data directory already exists!
07_roc_data_and_figures_sdml/data/RP directory already exists!
07_roc_data_and_figures_sdml/data/RP/ROC directory already exists!
07_roc_data_and_figures_sdml/figures directory already exists!
07_roc_data_and_figures_sdml/figures/RP directory already exists!

07_roc_data_and_figures_sdml/figures/RP/ROC directory already exists!

len_eval_pts = 40

----- 01 forced trajectories and compute EWS -----
tsid= 4
Complete for forced tsid=4
tsid= 3
Complete for forced tsid=3
----- 01 null trajectories and compute EWS -----
Complete for null tsid=4
Complete for null tsid=3
----- 02 Compute ROC curves -----
Exported ROC data to 07_roc_data_and_figures_sdml/data/RP/ROC/df_roc_surrogate_RP_simples_1000_three_head_CNN_model_[4,3].csv
Exported ROC figure to 07_roc_data_and_figures_sdml/figures/RP/ROC/figure_roc_surrogate_RP_simples_1000_three_head_CNN_model_[4,3].png
Ran in 16.84s
------------------------------ 07 Completed ROC for dl ------------------------------

------------------------------ 07 Start ROC for dl ------------------------------
surr_type: RP
simples: 1000
ID_merge_tsid: all
DL_model: three_head_CNN_model
repeats: 10
features: 300

07_roc_data_and_figures_sdml directory already exists!
07_roc_data_and_figures_sdml/data directory already exists!
07_roc_data_and_figures_sdml/data/RP directory already exists!
07_roc_data_and_figures_sdml/data/RP/ROC directory already exists!
07_roc_data_and_figures_sdml/figures directory already exists!
07_roc_data_and_figures_sdml/figures/RP directory already exists!

07_roc_data_and_figures_sdml/figures/RP/ROC directory already exists!

len_eval_pts = 40

----- 01 forced trajectories and compute EWS -----
tsid= 1
Complete for forced tsid=1
tsid= 2
Complete for forced tsid=2
tsid= 3
Complete for forced tsid=3
tsid= 4
Complete for forced tsid=4
----- 01 null trajectories and compute EWS -----
Complete for null tsid=1
Complete for null tsid=2
Complete for null tsid=3
Complete for null tsid=4
----- 02 Compute ROC curves -----
Exported ROC data to 07_roc_data_and_figures_sdml/data/RP/ROC/df_roc_surrogate_RP_simples_1000_three_head_CNN_model_all.csv
Exported ROC figure to 07_roc_data_and_figures_sdml/figures/RP/ROC/figure_roc_surrogate_RP_simples_1000_three_head_CNN_model_all.png
Ran in 25.34s
------------------------------ 07 Completed ROC for dl ------------------------------

------------------------------ 03 Start sliding windows ------------------------------
surr_type: RP
simples: 1000
ID_train: IV_III
ID_test: II
Variable_label: paleoclimate
tsid: 2
features: 300
sw_width: 446

03_sliding_window_data directory already exists!
II.shape: (893, 2)
success-> sliding_window_features_shape (real=(893-446+1, 300)):  (448, 300)
------------------------------ 03 Completed sliding windows ------------------------------

------------------------------ 04 Start predicate ------------------------------
surr_type: RP
simples: 1000
ID_train: IV_III
ID_test: II
DL_model: three_head_CNN_model
repeats: 10

04_prediction_data directory already exists!
X_test.shape (448, 300)
X_test_array.shape:  (448, 300, 1)
--------------- prediction ... ---------------
y_pred_list.shape (448, 10)
------------------------------ 04 Completed predicate ------------------------------

------------------------------ 05 Start plots ------------------------------
surr_type: RP
simples: 1000
ID_train: IV_III
ID_test: II
Variable_label: paleoclimate
DL_model: three_head_CNN_model
sw_width: 446
tsid: 2

05_ews_data_and_figures directory already exists!
05_ews_data_and_figures/data directory already exists!
05_ews_data_and_figures/data/RP directory already exists!
05_ews_data_and_figures/figures directory already exists!
05_ews_data_and_figures/figures/RP directory already exists!

Record_period: End_of_glaciation_II
start_age, transition_start, transition_end: -224351.0 -135000 -129705.0
sliding_window_II: 446
------------------------------ 05 Completed plots ------------------------------

-------------------------------------------------------------------------------------
Using GPU for TensorFlow.
------------------------------ 01 Start run ------------------------------
Data_folder: paleoclimate
surr_type: RP
simples: 1000
ID_train: IV_III
DL_model: LSTM_model
repeats: 10

01_evaluation_data directory already exists!
models directory already exists!

full_path= G:/surrogate_data_based_machine_learning_v4.0.0/paleoclimate/01_data_preprocessing/02_extracte_and_generate_surrogate_dataset/paleoclimate/data/merge_surrogate_RP_simples_1000_train_IV_III.csv

Epoch 1: val_accuracy improved from -inf to 0.51000, saving model to models\surrogate_RP_simples_1000_LSTM_model_0.h5

Epoch 2: val_accuracy did not improve from 0.51000

Epoch 3: val_accuracy did not improve from 0.51000

Epoch 4: val_accuracy did not improve from 0.51000

Epoch 5: val_accuracy did not improve from 0.51000

Epoch 6: val_accuracy did not improve from 0.51000
Epoch 6: early stopping
>#1: 51.000

Epoch 1: val_accuracy improved from -inf to 0.51000, saving model to models\surrogate_RP_simples_1000_LSTM_model_1.h5

Epoch 2: val_accuracy did not improve from 0.51000

Epoch 3: val_accuracy did not improve from 0.51000

Epoch 4: val_accuracy did not improve from 0.51000

Epoch 5: val_accuracy did not improve from 0.51000

Epoch 6: val_accuracy did not improve from 0.51000
Epoch 6: early stopping
>#2: 51.000

Epoch 1: val_accuracy improved from -inf to 0.51000, saving model to models\surrogate_RP_simples_1000_LSTM_model_2.h5

Epoch 2: val_accuracy did not improve from 0.51000

Epoch 3: val_accuracy did not improve from 0.51000

Epoch 4: val_accuracy did not improve from 0.51000

Epoch 5: val_accuracy did not improve from 0.51000

Epoch 6: val_accuracy did not improve from 0.51000
Epoch 6: early stopping
>#3: 51.000

Epoch 1: val_accuracy improved from -inf to 0.49000, saving model to models\surrogate_RP_simples_1000_LSTM_model_3.h5

Epoch 2: val_accuracy improved from 0.49000 to 0.73250, saving model to models\surrogate_RP_simples_1000_LSTM_model_3.h5

Epoch 3: val_accuracy did not improve from 0.73250

Epoch 4: val_accuracy did not improve from 0.73250

Epoch 5: val_accuracy improved from 0.73250 to 0.80500, saving model to models\surrogate_RP_simples_1000_LSTM_model_3.h5

Epoch 6: val_accuracy did not improve from 0.80500

Epoch 7: val_accuracy did not improve from 0.80500

Epoch 8: val_accuracy did not improve from 0.80500

Epoch 9: val_accuracy did not improve from 0.80500

Epoch 10: val_accuracy did not improve from 0.80500
Epoch 10: early stopping
>#4: 80.500

Epoch 1: val_accuracy improved from -inf to 0.49000, saving model to models\surrogate_RP_simples_1000_LSTM_model_4.h5

Epoch 2: val_accuracy improved from 0.49000 to 0.51000, saving model to models\surrogate_RP_simples_1000_LSTM_model_4.h5

Epoch 3: val_accuracy did not improve from 0.51000

Epoch 4: val_accuracy did not improve from 0.51000

Epoch 5: val_accuracy did not improve from 0.51000

Epoch 6: val_accuracy did not improve from 0.51000

Epoch 7: val_accuracy did not improve from 0.51000
Epoch 7: early stopping
>#5: 51.000

Epoch 1: val_accuracy improved from -inf to 0.51000, saving model to models\surrogate_RP_simples_1000_LSTM_model_5.h5

Epoch 2: val_accuracy improved from 0.51000 to 0.77125, saving model to models\surrogate_RP_simples_1000_LSTM_model_5.h5

Epoch 3: val_accuracy did not improve from 0.77125

Epoch 4: val_accuracy did not improve from 0.77125

Epoch 5: val_accuracy did not improve from 0.77125

Epoch 6: val_accuracy did not improve from 0.77125

Epoch 7: val_accuracy did not improve from 0.77125
Epoch 7: early stopping
>#6: 77.125

Epoch 1: val_accuracy improved from -inf to 0.49000, saving model to models\surrogate_RP_simples_1000_LSTM_model_6.h5

Epoch 2: val_accuracy did not improve from 0.49000

Epoch 3: val_accuracy did not improve from 0.49000

Epoch 4: val_accuracy did not improve from 0.49000

Epoch 5: val_accuracy did not improve from 0.49000

Epoch 6: val_accuracy did not improve from 0.49000
Epoch 6: early stopping
>#7: 49.000

Epoch 1: val_accuracy improved from -inf to 0.51000, saving model to models\surrogate_RP_simples_1000_LSTM_model_7.h5

Epoch 2: val_accuracy did not improve from 0.51000

Epoch 3: val_accuracy did not improve from 0.51000

Epoch 4: val_accuracy improved from 0.51000 to 0.77125, saving model to models\surrogate_RP_simples_1000_LSTM_model_7.h5

Epoch 5: val_accuracy did not improve from 0.77125

Epoch 6: val_accuracy did not improve from 0.77125

Epoch 7: val_accuracy did not improve from 0.77125

Epoch 8: val_accuracy did not improve from 0.77125

Epoch 9: val_accuracy did not improve from 0.77125
Epoch 9: early stopping
>#8: 77.125

Epoch 1: val_accuracy improved from -inf to 0.49000, saving model to models\surrogate_RP_simples_1000_LSTM_model_8.h5

Epoch 2: val_accuracy did not improve from 0.49000

Epoch 3: val_accuracy improved from 0.49000 to 0.67250, saving model to models\surrogate_RP_simples_1000_LSTM_model_8.h5

Epoch 4: val_accuracy did not improve from 0.67250

Epoch 5: val_accuracy did not improve from 0.67250

Epoch 6: val_accuracy did not improve from 0.67250

Epoch 7: val_accuracy did not improve from 0.67250

Epoch 8: val_accuracy did not improve from 0.67250
Epoch 8: early stopping
>#9: 67.250

Epoch 1: val_accuracy improved from -inf to 0.49000, saving model to models\surrogate_RP_simples_1000_LSTM_model_9.h5

Epoch 2: val_accuracy improved from 0.49000 to 0.51000, saving model to models\surrogate_RP_simples_1000_LSTM_model_9.h5

Epoch 3: val_accuracy did not improve from 0.51000

Epoch 4: val_accuracy did not improve from 0.51000

Epoch 5: val_accuracy did not improve from 0.51000

Epoch 6: val_accuracy did not improve from 0.51000

Epoch 7: val_accuracy did not improve from 0.51000
Epoch 7: early stopping
>#10: 51.000
------------------ summarize results -------------------------
DL_model: LSTM_model
scores: [50.999999046325684, 50.999999046325684, 50.999999046325684, 80.50000071525574, 50.999999046325684, 77.12500095367432, 49.000000953674316, 77.12500095367432, 67.25000143051147, 50.999999046325684]
Accuracy mean (std): 60.600% (12.577)

Running time 73.8 seconds
------------------------------ 01 Completed ------------------------------

------------------------------ 02 Start Evaluation ------------------------------
surr_type: RP
simples: 1000
ID_train: IV_III
DL_model: LSTM_model
repeats: 10

02_evaluation_performance directory already exists!
# 0 >> accuracy: 0.5412499904632568
# 1 >> accuracy: 0.5412499904632568
# 2 >> accuracy: 0.5412499904632568
# 3 >> accuracy: 0.8112499713897705
# 4 >> accuracy: 0.5412499904632568
# 5 >> accuracy: 0.7787500023841858
# 6 >> accuracy: 0.45875000953674316
# 7 >> accuracy: 0.7787500023841858
# 8 >> accuracy: 0.7049999833106995
# 9 >> accuracy: 0.5412499904632568
The results have been saved to a txt file: 02_evaluation_performance/evaluation_performance_surrogate_RP_simples_1000_LSTM_model_train_IV_III.txt

Running time 16.5 seconds
------------------------------ 02 Completed Evaluation ------------------------------

------------------------------ 03 Start sliding windows ------------------------------
surr_type: RP
simples: 1000
ID_train: IV_III
ID_test: I
Variable_label: paleoclimate
tsid: 1
features: 300
sw_width: 454

03_sliding_window_data directory already exists!
I.shape: (909, 2)
success-> sliding_window_features_shape (real=(909-454+1, 300)):  (456, 300)
------------------------------ 03 Completed sliding windows ------------------------------

------------------------------ 04 Start predicate ------------------------------
surr_type: RP
simples: 1000
ID_train: IV_III
ID_test: I
DL_model: LSTM_model
repeats: 10

04_prediction_data directory already exists!
X_test.shape (456, 300)
X_test_array.shape:  (456, 300, 1)
--------------- prediction ... ---------------
y_pred_list.shape (456, 10)
------------------------------ 04 Completed predicate ------------------------------

------------------------------ 05 Start plots ------------------------------
surr_type: RP
simples: 1000
ID_train: IV_III
ID_test: I
Variable_label: paleoclimate
DL_model: LSTM_model
sw_width: 454
tsid: 1

05_ews_data_and_figures directory already exists!
05_ews_data_and_figures/data directory already exists!
05_ews_data_and_figures/data/RP directory already exists!
05_ews_data_and_figures/figures directory already exists!
05_ews_data_and_figures/figures/RP directory already exists!

Record_period: End_of_glaciation_I
start_age, transition_start, transition_end: -108025.0 -17000 -13828.0
sliding_window_I: 454
------------------------------ 05 Completed plots ------------------------------

------------------------------ 07 Start ROC for dl ------------------------------
surr_type: RP
simples: 1000
ID_merge_tsid: [2,1]
DL_model: LSTM_model
repeats: 10
features: 300

07_roc_data_and_figures_sdml directory already exists!
07_roc_data_and_figures_sdml/data directory already exists!
07_roc_data_and_figures_sdml/data/RP directory already exists!
07_roc_data_and_figures_sdml/data/RP/ROC directory already exists!
07_roc_data_and_figures_sdml/figures directory already exists!
07_roc_data_and_figures_sdml/figures/RP directory already exists!

07_roc_data_and_figures_sdml/figures/RP/ROC directory already exists!

len_eval_pts = 40

----- 01 forced trajectories and compute EWS -----
tsid= 2
Complete for forced tsid=2
tsid= 1
Complete for forced tsid=1
----- 01 null trajectories and compute EWS -----
Complete for null tsid=2
Complete for null tsid=1
----- 02 Compute ROC curves -----
Exported ROC data to 07_roc_data_and_figures_sdml/data/RP/ROC/df_roc_surrogate_RP_simples_1000_LSTM_model_[2,1].csv
Exported ROC figure to 07_roc_data_and_figures_sdml/figures/RP/ROC/figure_roc_surrogate_RP_simples_1000_LSTM_model_[2,1].png
Ran in 23.02s
------------------------------ 07 Completed ROC for dl ------------------------------

------------------------------ 07 Start ROC for dl ------------------------------
surr_type: RP
simples: 1000
ID_merge_tsid: [4,3]
DL_model: LSTM_model
repeats: 10
features: 300

07_roc_data_and_figures_sdml directory already exists!
07_roc_data_and_figures_sdml/data directory already exists!
07_roc_data_and_figures_sdml/data/RP directory already exists!
07_roc_data_and_figures_sdml/data/RP/ROC directory already exists!
07_roc_data_and_figures_sdml/figures directory already exists!
07_roc_data_and_figures_sdml/figures/RP directory already exists!

07_roc_data_and_figures_sdml/figures/RP/ROC directory already exists!

len_eval_pts = 40

----- 01 forced trajectories and compute EWS -----
tsid= 4
Complete for forced tsid=4
tsid= 3
Complete for forced tsid=3
----- 01 null trajectories and compute EWS -----
Complete for null tsid=4
Complete for null tsid=3
----- 02 Compute ROC curves -----
Exported ROC data to 07_roc_data_and_figures_sdml/data/RP/ROC/df_roc_surrogate_RP_simples_1000_LSTM_model_[4,3].csv
Exported ROC figure to 07_roc_data_and_figures_sdml/figures/RP/ROC/figure_roc_surrogate_RP_simples_1000_LSTM_model_[4,3].png
Ran in 23.14s
------------------------------ 07 Completed ROC for dl ------------------------------

------------------------------ 07 Start ROC for dl ------------------------------
surr_type: RP
simples: 1000
ID_merge_tsid: all
DL_model: LSTM_model
repeats: 10
features: 300

07_roc_data_and_figures_sdml directory already exists!
07_roc_data_and_figures_sdml/data directory already exists!
07_roc_data_and_figures_sdml/data/RP directory already exists!
07_roc_data_and_figures_sdml/data/RP/ROC directory already exists!
07_roc_data_and_figures_sdml/figures directory already exists!
07_roc_data_and_figures_sdml/figures/RP directory already exists!

07_roc_data_and_figures_sdml/figures/RP/ROC directory already exists!

len_eval_pts = 40

----- 01 forced trajectories and compute EWS -----
tsid= 1
Complete for forced tsid=1
tsid= 2
Complete for forced tsid=2
tsid= 3
Complete for forced tsid=3
tsid= 4
Complete for forced tsid=4
----- 01 null trajectories and compute EWS -----
Complete for null tsid=1
Complete for null tsid=2
Complete for null tsid=3
Complete for null tsid=4
----- 02 Compute ROC curves -----
Exported ROC data to 07_roc_data_and_figures_sdml/data/RP/ROC/df_roc_surrogate_RP_simples_1000_LSTM_model_all.csv
Exported ROC figure to 07_roc_data_and_figures_sdml/figures/RP/ROC/figure_roc_surrogate_RP_simples_1000_LSTM_model_all.png
Ran in 36.32s
------------------------------ 07 Completed ROC for dl ------------------------------

------------------------------ 03 Start sliding windows ------------------------------
surr_type: RP
simples: 1000
ID_train: IV_III
ID_test: II
Variable_label: paleoclimate
tsid: 2
features: 300
sw_width: 446

03_sliding_window_data directory already exists!
II.shape: (893, 2)
success-> sliding_window_features_shape (real=(893-446+1, 300)):  (448, 300)
------------------------------ 03 Completed sliding windows ------------------------------

------------------------------ 04 Start predicate ------------------------------
surr_type: RP
simples: 1000
ID_train: IV_III
ID_test: II
DL_model: LSTM_model
repeats: 10

04_prediction_data directory already exists!
X_test.shape (448, 300)
X_test_array.shape:  (448, 300, 1)
--------------- prediction ... ---------------
y_pred_list.shape (448, 10)
------------------------------ 04 Completed predicate ------------------------------

------------------------------ 05 Start plots ------------------------------
surr_type: RP
simples: 1000
ID_train: IV_III
ID_test: II
Variable_label: paleoclimate
DL_model: LSTM_model
sw_width: 446
tsid: 2

05_ews_data_and_figures directory already exists!
05_ews_data_and_figures/data directory already exists!
05_ews_data_and_figures/data/RP directory already exists!
05_ews_data_and_figures/figures directory already exists!
05_ews_data_and_figures/figures/RP directory already exists!

Record_period: End_of_glaciation_II
start_age, transition_start, transition_end: -224351.0 -135000 -129705.0
sliding_window_II: 446
------------------------------ 05 Completed plots ------------------------------

-------------------------------------------------------------------------------------
Using GPU for TensorFlow.
------------------------------ 01 Start run ------------------------------
Data_folder: paleoclimate
surr_type: RP
simples: 1000
ID_train: IV_III
DL_model: CNN_LSTM_model
repeats: 10

01_evaluation_data directory already exists!
models directory already exists!

full_path= G:/surrogate_data_based_machine_learning_v4.0.0/paleoclimate/01_data_preprocessing/02_extracte_and_generate_surrogate_dataset/paleoclimate/data/merge_surrogate_RP_simples_1000_train_IV_III.csv

Epoch 1: val_accuracy improved from -inf to 0.49000, saving model to models\surrogate_RP_simples_1000_CNN_LSTM_model_0.h5

Epoch 2: val_accuracy did not improve from 0.49000

Epoch 3: val_accuracy did not improve from 0.49000

Epoch 4: val_accuracy improved from 0.49000 to 0.51000, saving model to models\surrogate_RP_simples_1000_CNN_LSTM_model_0.h5

Epoch 5: val_accuracy did not improve from 0.51000

Epoch 6: val_accuracy did not improve from 0.51000

Epoch 7: val_accuracy did not improve from 0.51000

Epoch 8: val_accuracy did not improve from 0.51000

Epoch 9: val_accuracy did not improve from 0.51000
Epoch 9: early stopping
>#1: 51.000

Epoch 1: val_accuracy improved from -inf to 0.51000, saving model to models\surrogate_RP_simples_1000_CNN_LSTM_model_1.h5

Epoch 2: val_accuracy did not improve from 0.51000

Epoch 3: val_accuracy did not improve from 0.51000

Epoch 4: val_accuracy did not improve from 0.51000

Epoch 5: val_accuracy did not improve from 0.51000

Epoch 6: val_accuracy did not improve from 0.51000
Epoch 6: early stopping
>#2: 51.000

Epoch 1: val_accuracy improved from -inf to 0.49000, saving model to models\surrogate_RP_simples_1000_CNN_LSTM_model_2.h5

Epoch 2: val_accuracy improved from 0.49000 to 0.51000, saving model to models\surrogate_RP_simples_1000_CNN_LSTM_model_2.h5

Epoch 3: val_accuracy did not improve from 0.51000

Epoch 4: val_accuracy did not improve from 0.51000

Epoch 5: val_accuracy did not improve from 0.51000

Epoch 6: val_accuracy did not improve from 0.51000

Epoch 7: val_accuracy did not improve from 0.51000
Epoch 7: early stopping
>#3: 51.000

Epoch 1: val_accuracy improved from -inf to 0.49000, saving model to models\surrogate_RP_simples_1000_CNN_LSTM_model_3.h5

Epoch 2: val_accuracy did not improve from 0.49000

Epoch 3: val_accuracy did not improve from 0.49000

Epoch 4: val_accuracy did not improve from 0.49000

Epoch 5: val_accuracy improved from 0.49000 to 0.49625, saving model to models\surrogate_RP_simples_1000_CNN_LSTM_model_3.h5

Epoch 6: val_accuracy did not improve from 0.49625

Epoch 7: val_accuracy did not improve from 0.49625

Epoch 8: val_accuracy did not improve from 0.49625

Epoch 9: val_accuracy improved from 0.49625 to 0.51000, saving model to models\surrogate_RP_simples_1000_CNN_LSTM_model_3.h5

Epoch 10: val_accuracy did not improve from 0.51000

Epoch 11: val_accuracy did not improve from 0.51000

Epoch 12: val_accuracy did not improve from 0.51000

Epoch 13: val_accuracy did not improve from 0.51000

Epoch 14: val_accuracy did not improve from 0.51000
Epoch 14: early stopping
>#4: 51.000

Epoch 1: val_accuracy improved from -inf to 0.49000, saving model to models\surrogate_RP_simples_1000_CNN_LSTM_model_4.h5

Epoch 2: val_accuracy did not improve from 0.49000

Epoch 3: val_accuracy improved from 0.49000 to 0.51000, saving model to models\surrogate_RP_simples_1000_CNN_LSTM_model_4.h5

Epoch 4: val_accuracy did not improve from 0.51000

Epoch 5: val_accuracy did not improve from 0.51000

Epoch 6: val_accuracy did not improve from 0.51000

Epoch 7: val_accuracy did not improve from 0.51000

Epoch 8: val_accuracy did not improve from 0.51000
Epoch 8: early stopping
>#5: 51.000

Epoch 1: val_accuracy improved from -inf to 0.49000, saving model to models\surrogate_RP_simples_1000_CNN_LSTM_model_5.h5

Epoch 2: val_accuracy did not improve from 0.49000

Epoch 3: val_accuracy improved from 0.49000 to 0.51000, saving model to models\surrogate_RP_simples_1000_CNN_LSTM_model_5.h5

Epoch 4: val_accuracy did not improve from 0.51000

Epoch 5: val_accuracy did not improve from 0.51000

Epoch 6: val_accuracy did not improve from 0.51000

Epoch 7: val_accuracy did not improve from 0.51000

Epoch 8: val_accuracy did not improve from 0.51000
Epoch 8: early stopping
>#6: 51.000

Epoch 1: val_accuracy improved from -inf to 0.49000, saving model to models\surrogate_RP_simples_1000_CNN_LSTM_model_6.h5

Epoch 2: val_accuracy improved from 0.49000 to 0.51000, saving model to models\surrogate_RP_simples_1000_CNN_LSTM_model_6.h5

Epoch 3: val_accuracy did not improve from 0.51000

Epoch 4: val_accuracy did not improve from 0.51000

Epoch 5: val_accuracy did not improve from 0.51000

Epoch 6: val_accuracy did not improve from 0.51000

Epoch 7: val_accuracy did not improve from 0.51000
Epoch 7: early stopping
>#7: 51.000

Epoch 1: val_accuracy improved from -inf to 0.49000, saving model to models\surrogate_RP_simples_1000_CNN_LSTM_model_7.h5

Epoch 2: val_accuracy did not improve from 0.49000

Epoch 3: val_accuracy did not improve from 0.49000

Epoch 4: val_accuracy improved from 0.49000 to 0.51000, saving model to models\surrogate_RP_simples_1000_CNN_LSTM_model_7.h5

Epoch 5: val_accuracy did not improve from 0.51000

Epoch 6: val_accuracy did not improve from 0.51000

Epoch 7: val_accuracy did not improve from 0.51000

Epoch 8: val_accuracy did not improve from 0.51000

Epoch 9: val_accuracy did not improve from 0.51000
Epoch 9: early stopping
>#8: 51.000

Epoch 1: val_accuracy improved from -inf to 0.51000, saving model to models\surrogate_RP_simples_1000_CNN_LSTM_model_8.h5

Epoch 2: val_accuracy did not improve from 0.51000

Epoch 3: val_accuracy did not improve from 0.51000

Epoch 4: val_accuracy did not improve from 0.51000

Epoch 5: val_accuracy did not improve from 0.51000

Epoch 6: val_accuracy did not improve from 0.51000
Epoch 6: early stopping
>#9: 51.000

Epoch 1: val_accuracy improved from -inf to 0.49000, saving model to models\surrogate_RP_simples_1000_CNN_LSTM_model_9.h5

Epoch 2: val_accuracy improved from 0.49000 to 0.51000, saving model to models\surrogate_RP_simples_1000_CNN_LSTM_model_9.h5

Epoch 3: val_accuracy did not improve from 0.51000

Epoch 4: val_accuracy did not improve from 0.51000

Epoch 5: val_accuracy did not improve from 0.51000

Epoch 6: val_accuracy did not improve from 0.51000

Epoch 7: val_accuracy did not improve from 0.51000
Epoch 7: early stopping
>#10: 51.000
------------------ summarize results -------------------------
DL_model: CNN_LSTM_model
scores: [50.999999046325684, 50.999999046325684, 50.999999046325684, 50.999999046325684, 50.999999046325684, 50.999999046325684, 50.999999046325684, 50.999999046325684, 50.999999046325684, 50.999999046325684]
Accuracy mean (std): 51.000% (0.000)

Running time 67.4 seconds
------------------------------ 01 Completed ------------------------------

------------------------------ 02 Start Evaluation ------------------------------
surr_type: RP
simples: 1000
ID_train: IV_III
DL_model: CNN_LSTM_model
repeats: 10

02_evaluation_performance directory already exists!
# 0 >> accuracy: 0.5412499904632568
# 1 >> accuracy: 0.5412499904632568
# 2 >> accuracy: 0.5412499904632568
# 3 >> accuracy: 0.5412499904632568
# 4 >> accuracy: 0.5412499904632568
# 5 >> accuracy: 0.5412499904632568
# 6 >> accuracy: 0.5412499904632568
# 7 >> accuracy: 0.5412499904632568
# 8 >> accuracy: 0.5412499904632568
# 9 >> accuracy: 0.5412499904632568
The results have been saved to a txt file: 02_evaluation_performance/evaluation_performance_surrogate_RP_simples_1000_CNN_LSTM_model_train_IV_III.txt

Running time 18.8 seconds
------------------------------ 02 Completed Evaluation ------------------------------

------------------------------ 03 Start sliding windows ------------------------------
surr_type: RP
simples: 1000
ID_train: IV_III
ID_test: I
Variable_label: paleoclimate
tsid: 1
features: 300
sw_width: 454

03_sliding_window_data directory already exists!
I.shape: (909, 2)
success-> sliding_window_features_shape (real=(909-454+1, 300)):  (456, 300)
------------------------------ 03 Completed sliding windows ------------------------------

------------------------------ 04 Start predicate ------------------------------
surr_type: RP
simples: 1000
ID_train: IV_III
ID_test: I
DL_model: CNN_LSTM_model
repeats: 10

04_prediction_data directory already exists!
X_test.shape (456, 300)
X_test_array.shape:  (456, 300, 1)
--------------- prediction ... ---------------
textX=(samples, steps, length, channels): (456, 10, 30, 1)
textX=(samples, steps, length, channels): (456, 10, 30, 1)
textX=(samples, steps, length, channels): (456, 10, 30, 1)
textX=(samples, steps, length, channels): (456, 10, 30, 1)
textX=(samples, steps, length, channels): (456, 10, 30, 1)
textX=(samples, steps, length, channels): (456, 10, 30, 1)
textX=(samples, steps, length, channels): (456, 10, 30, 1)
textX=(samples, steps, length, channels): (456, 10, 30, 1)
textX=(samples, steps, length, channels): (456, 10, 30, 1)
textX=(samples, steps, length, channels): (456, 10, 30, 1)
y_pred_list.shape (456, 10)
------------------------------ 04 Completed predicate ------------------------------

------------------------------ 05 Start plots ------------------------------
surr_type: RP
simples: 1000
ID_train: IV_III
ID_test: I
Variable_label: paleoclimate
DL_model: CNN_LSTM_model
sw_width: 454
tsid: 1

05_ews_data_and_figures directory already exists!
05_ews_data_and_figures/data directory already exists!
05_ews_data_and_figures/data/RP directory already exists!
05_ews_data_and_figures/figures directory already exists!
05_ews_data_and_figures/figures/RP directory already exists!

Record_period: End_of_glaciation_I
start_age, transition_start, transition_end: -108025.0 -17000 -13828.0
sliding_window_I: 454
------------------------------ 05 Completed plots ------------------------------

------------------------------ 07 Start ROC for dl ------------------------------
surr_type: RP
simples: 1000
ID_merge_tsid: [2,1]
DL_model: CNN_LSTM_model
repeats: 10
features: 300

07_roc_data_and_figures_sdml directory already exists!
07_roc_data_and_figures_sdml/data directory already exists!
07_roc_data_and_figures_sdml/data/RP directory already exists!
07_roc_data_and_figures_sdml/data/RP/ROC directory already exists!
07_roc_data_and_figures_sdml/figures directory already exists!
07_roc_data_and_figures_sdml/figures/RP directory already exists!

07_roc_data_and_figures_sdml/figures/RP/ROC directory already exists!

len_eval_pts = 40

----- 01 forced trajectories and compute EWS -----
tsid= 2
Complete for forced tsid=2
tsid= 1
Complete for forced tsid=1
----- 01 null trajectories and compute EWS -----
Complete for null tsid=2
Complete for null tsid=1
----- 02 Compute ROC curves -----
Exported ROC data to 07_roc_data_and_figures_sdml/data/RP/ROC/df_roc_surrogate_RP_simples_1000_CNN_LSTM_model_[2,1].csv
Exported ROC figure to 07_roc_data_and_figures_sdml/figures/RP/ROC/figure_roc_surrogate_RP_simples_1000_CNN_LSTM_model_[2,1].png
Ran in 27.68s
------------------------------ 07 Completed ROC for dl ------------------------------

------------------------------ 07 Start ROC for dl ------------------------------
surr_type: RP
simples: 1000
ID_merge_tsid: [4,3]
DL_model: CNN_LSTM_model
repeats: 10
features: 300

07_roc_data_and_figures_sdml directory already exists!
07_roc_data_and_figures_sdml/data directory already exists!
07_roc_data_and_figures_sdml/data/RP directory already exists!
07_roc_data_and_figures_sdml/data/RP/ROC directory already exists!
07_roc_data_and_figures_sdml/figures directory already exists!
07_roc_data_and_figures_sdml/figures/RP directory already exists!

07_roc_data_and_figures_sdml/figures/RP/ROC directory already exists!

len_eval_pts = 40

----- 01 forced trajectories and compute EWS -----
tsid= 4
Complete for forced tsid=4
tsid= 3
Complete for forced tsid=3
----- 01 null trajectories and compute EWS -----
Complete for null tsid=4
Complete for null tsid=3
----- 02 Compute ROC curves -----
Exported ROC data to 07_roc_data_and_figures_sdml/data/RP/ROC/df_roc_surrogate_RP_simples_1000_CNN_LSTM_model_[4,3].csv
Exported ROC figure to 07_roc_data_and_figures_sdml/figures/RP/ROC/figure_roc_surrogate_RP_simples_1000_CNN_LSTM_model_[4,3].png
Ran in 27.36s
------------------------------ 07 Completed ROC for dl ------------------------------

------------------------------ 07 Start ROC for dl ------------------------------
surr_type: RP
simples: 1000
ID_merge_tsid: all
DL_model: CNN_LSTM_model
repeats: 10
features: 300

07_roc_data_and_figures_sdml directory already exists!
07_roc_data_and_figures_sdml/data directory already exists!
07_roc_data_and_figures_sdml/data/RP directory already exists!
07_roc_data_and_figures_sdml/data/RP/ROC directory already exists!
07_roc_data_and_figures_sdml/figures directory already exists!
07_roc_data_and_figures_sdml/figures/RP directory already exists!

07_roc_data_and_figures_sdml/figures/RP/ROC directory already exists!

len_eval_pts = 40

----- 01 forced trajectories and compute EWS -----
tsid= 1
Complete for forced tsid=1
tsid= 2
Complete for forced tsid=2
tsid= 3
Complete for forced tsid=3
tsid= 4
Complete for forced tsid=4
----- 01 null trajectories and compute EWS -----
Complete for null tsid=1
Complete for null tsid=2
Complete for null tsid=3
Complete for null tsid=4
----- 02 Compute ROC curves -----
Exported ROC data to 07_roc_data_and_figures_sdml/data/RP/ROC/df_roc_surrogate_RP_simples_1000_CNN_LSTM_model_all.csv
Exported ROC figure to 07_roc_data_and_figures_sdml/figures/RP/ROC/figure_roc_surrogate_RP_simples_1000_CNN_LSTM_model_all.png
Ran in 42.16s
------------------------------ 07 Completed ROC for dl ------------------------------

------------------------------ 03 Start sliding windows ------------------------------
surr_type: RP
simples: 1000
ID_train: IV_III
ID_test: II
Variable_label: paleoclimate
tsid: 2
features: 300
sw_width: 446

03_sliding_window_data directory already exists!
II.shape: (893, 2)
success-> sliding_window_features_shape (real=(893-446+1, 300)):  (448, 300)
------------------------------ 03 Completed sliding windows ------------------------------

------------------------------ 04 Start predicate ------------------------------
surr_type: RP
simples: 1000
ID_train: IV_III
ID_test: II
DL_model: CNN_LSTM_model
repeats: 10

04_prediction_data directory already exists!
X_test.shape (448, 300)
X_test_array.shape:  (448, 300, 1)
--------------- prediction ... ---------------
textX=(samples, steps, length, channels): (448, 10, 30, 1)
textX=(samples, steps, length, channels): (448, 10, 30, 1)
textX=(samples, steps, length, channels): (448, 10, 30, 1)
textX=(samples, steps, length, channels): (448, 10, 30, 1)
textX=(samples, steps, length, channels): (448, 10, 30, 1)
textX=(samples, steps, length, channels): (448, 10, 30, 1)
textX=(samples, steps, length, channels): (448, 10, 30, 1)
textX=(samples, steps, length, channels): (448, 10, 30, 1)
textX=(samples, steps, length, channels): (448, 10, 30, 1)
textX=(samples, steps, length, channels): (448, 10, 30, 1)
y_pred_list.shape (448, 10)
------------------------------ 04 Completed predicate ------------------------------

------------------------------ 05 Start plots ------------------------------
surr_type: RP
simples: 1000
ID_train: IV_III
ID_test: II
Variable_label: paleoclimate
DL_model: CNN_LSTM_model
sw_width: 446
tsid: 2

05_ews_data_and_figures directory already exists!
05_ews_data_and_figures/data directory already exists!
05_ews_data_and_figures/data/RP directory already exists!
05_ews_data_and_figures/figures directory already exists!
05_ews_data_and_figures/figures/RP directory already exists!

Record_period: End_of_glaciation_II
start_age, transition_start, transition_end: -224351.0 -135000 -129705.0
sliding_window_II: 446
------------------------------ 05 Completed plots ------------------------------

-------------------------------------------------------------------------------------
Using GPU for TensorFlow.
------------------------------ 01 Start run ------------------------------
Data_folder: paleoclimate
surr_type: RP
simples: 1000
ID_train: IV_III
DL_model: ConvLSTM_model
repeats: 10

01_evaluation_data directory already exists!
models directory already exists!

full_path= G:/surrogate_data_based_machine_learning_v4.0.0/paleoclimate/01_data_preprocessing/02_extracte_and_generate_surrogate_dataset/paleoclimate/data/merge_surrogate_RP_simples_1000_train_IV_III.csv

Epoch 1: val_accuracy improved from -inf to 0.51500, saving model to models\surrogate_RP_simples_1000_ConvLSTM_model_0.h5

Epoch 2: val_accuracy did not improve from 0.51500

Epoch 3: val_accuracy did not improve from 0.51500

Epoch 4: val_accuracy did not improve from 0.51500

Epoch 5: val_accuracy did not improve from 0.51500

Epoch 6: val_accuracy did not improve from 0.51500
Epoch 6: early stopping
>#1: 51.500

Epoch 1: val_accuracy improved from -inf to 0.49875, saving model to models\surrogate_RP_simples_1000_ConvLSTM_model_1.h5

Epoch 2: val_accuracy did not improve from 0.49875

Epoch 3: val_accuracy did not improve from 0.49875

Epoch 4: val_accuracy improved from 0.49875 to 0.51875, saving model to models\surrogate_RP_simples_1000_ConvLSTM_model_1.h5

Epoch 5: val_accuracy did not improve from 0.51875

Epoch 6: val_accuracy did not improve from 0.51875

Epoch 7: val_accuracy did not improve from 0.51875

Epoch 8: val_accuracy did not improve from 0.51875

Epoch 9: val_accuracy did not improve from 0.51875
Epoch 9: early stopping
>#2: 51.875

Epoch 1: val_accuracy improved from -inf to 0.49500, saving model to models\surrogate_RP_simples_1000_ConvLSTM_model_2.h5

Epoch 2: val_accuracy did not improve from 0.49500

Epoch 3: val_accuracy improved from 0.49500 to 0.51000, saving model to models\surrogate_RP_simples_1000_ConvLSTM_model_2.h5

Epoch 4: val_accuracy did not improve from 0.51000

Epoch 5: val_accuracy did not improve from 0.51000

Epoch 6: val_accuracy improved from 0.51000 to 0.52500, saving model to models\surrogate_RP_simples_1000_ConvLSTM_model_2.h5

Epoch 7: val_accuracy did not improve from 0.52500

Epoch 8: val_accuracy improved from 0.52500 to 0.53375, saving model to models\surrogate_RP_simples_1000_ConvLSTM_model_2.h5

Epoch 9: val_accuracy did not improve from 0.53375

Epoch 10: val_accuracy did not improve from 0.53375

Epoch 11: val_accuracy did not improve from 0.53375

Epoch 12: val_accuracy improved from 0.53375 to 0.65250, saving model to models\surrogate_RP_simples_1000_ConvLSTM_model_2.h5

Epoch 13: val_accuracy did not improve from 0.65250

Epoch 14: val_accuracy did not improve from 0.65250

Epoch 15: val_accuracy did not improve from 0.65250

Epoch 16: val_accuracy did not improve from 0.65250

Epoch 17: val_accuracy did not improve from 0.65250
Epoch 17: early stopping
>#3: 65.250

Epoch 1: val_accuracy improved from -inf to 0.55750, saving model to models\surrogate_RP_simples_1000_ConvLSTM_model_3.h5

Epoch 2: val_accuracy did not improve from 0.55750

Epoch 3: val_accuracy did not improve from 0.55750

Epoch 4: val_accuracy did not improve from 0.55750

Epoch 5: val_accuracy did not improve from 0.55750

Epoch 6: val_accuracy did not improve from 0.55750
Epoch 6: early stopping
>#4: 55.750

Epoch 1: val_accuracy improved from -inf to 0.51125, saving model to models\surrogate_RP_simples_1000_ConvLSTM_model_4.h5

Epoch 2: val_accuracy did not improve from 0.51125

Epoch 3: val_accuracy did not improve from 0.51125

Epoch 4: val_accuracy did not improve from 0.51125

Epoch 5: val_accuracy did not improve from 0.51125

Epoch 6: val_accuracy did not improve from 0.51125
Epoch 6: early stopping
>#5: 51.125

Epoch 1: val_accuracy improved from -inf to 0.52125, saving model to models\surrogate_RP_simples_1000_ConvLSTM_model_5.h5

Epoch 2: val_accuracy did not improve from 0.52125

Epoch 3: val_accuracy did not improve from 0.52125

Epoch 4: val_accuracy did not improve from 0.52125

Epoch 5: val_accuracy did not improve from 0.52125

Epoch 6: val_accuracy did not improve from 0.52125
Epoch 6: early stopping
>#6: 52.125

Epoch 1: val_accuracy improved from -inf to 0.50250, saving model to models\surrogate_RP_simples_1000_ConvLSTM_model_6.h5

Epoch 2: val_accuracy improved from 0.50250 to 0.56750, saving model to models\surrogate_RP_simples_1000_ConvLSTM_model_6.h5

Epoch 3: val_accuracy did not improve from 0.56750

Epoch 4: val_accuracy did not improve from 0.56750

Epoch 5: val_accuracy did not improve from 0.56750

Epoch 6: val_accuracy did not improve from 0.56750

Epoch 7: val_accuracy improved from 0.56750 to 0.61500, saving model to models\surrogate_RP_simples_1000_ConvLSTM_model_6.h5

Epoch 8: val_accuracy did not improve from 0.61500

Epoch 9: val_accuracy improved from 0.61500 to 0.63250, saving model to models\surrogate_RP_simples_1000_ConvLSTM_model_6.h5

Epoch 10: val_accuracy improved from 0.63250 to 0.64000, saving model to models\surrogate_RP_simples_1000_ConvLSTM_model_6.h5

Epoch 11: val_accuracy improved from 0.64000 to 0.68750, saving model to models\surrogate_RP_simples_1000_ConvLSTM_model_6.h5

Epoch 12: val_accuracy improved from 0.68750 to 0.69000, saving model to models\surrogate_RP_simples_1000_ConvLSTM_model_6.h5

Epoch 13: val_accuracy did not improve from 0.69000

Epoch 14: val_accuracy improved from 0.69000 to 0.74250, saving model to models\surrogate_RP_simples_1000_ConvLSTM_model_6.h5

Epoch 15: val_accuracy did not improve from 0.74250

Epoch 16: val_accuracy did not improve from 0.74250

Epoch 17: val_accuracy did not improve from 0.74250

Epoch 18: val_accuracy did not improve from 0.74250

Epoch 19: val_accuracy improved from 0.74250 to 0.76125, saving model to models\surrogate_RP_simples_1000_ConvLSTM_model_6.h5

Epoch 20: val_accuracy did not improve from 0.76125

Epoch 21: val_accuracy improved from 0.76125 to 0.77250, saving model to models\surrogate_RP_simples_1000_ConvLSTM_model_6.h5

Epoch 22: val_accuracy improved from 0.77250 to 0.81625, saving model to models\surrogate_RP_simples_1000_ConvLSTM_model_6.h5

Epoch 23: val_accuracy did not improve from 0.81625

Epoch 24: val_accuracy did not improve from 0.81625

Epoch 25: val_accuracy did not improve from 0.81625

Epoch 26: val_accuracy did not improve from 0.81625

Epoch 27: val_accuracy did not improve from 0.81625
Epoch 27: early stopping
>#7: 81.625

Epoch 1: val_accuracy improved from -inf to 0.49250, saving model to models\surrogate_RP_simples_1000_ConvLSTM_model_7.h5

Epoch 2: val_accuracy did not improve from 0.49250

Epoch 3: val_accuracy did not improve from 0.49250

Epoch 4: val_accuracy did not improve from 0.49250

Epoch 5: val_accuracy did not improve from 0.49250

Epoch 6: val_accuracy did not improve from 0.49250
Epoch 6: early stopping
>#8: 49.250

Epoch 1: val_accuracy improved from -inf to 0.50250, saving model to models\surrogate_RP_simples_1000_ConvLSTM_model_8.h5

Epoch 2: val_accuracy improved from 0.50250 to 0.51250, saving model to models\surrogate_RP_simples_1000_ConvLSTM_model_8.h5

Epoch 3: val_accuracy did not improve from 0.51250

Epoch 4: val_accuracy improved from 0.51250 to 0.54625, saving model to models\surrogate_RP_simples_1000_ConvLSTM_model_8.h5

Epoch 5: val_accuracy did not improve from 0.54625

Epoch 6: val_accuracy did not improve from 0.54625

Epoch 7: val_accuracy did not improve from 0.54625

Epoch 8: val_accuracy did not improve from 0.54625

Epoch 9: val_accuracy did not improve from 0.54625
Epoch 9: early stopping
>#9: 54.625

Epoch 1: val_accuracy improved from -inf to 0.52375, saving model to models\surrogate_RP_simples_1000_ConvLSTM_model_9.h5

Epoch 2: val_accuracy did not improve from 0.52375

Epoch 3: val_accuracy did not improve from 0.52375

Epoch 4: val_accuracy did not improve from 0.52375

Epoch 5: val_accuracy did not improve from 0.52375

Epoch 6: val_accuracy did not improve from 0.52375
Epoch 6: early stopping
>#10: 52.375
------------------ summarize results -------------------------
DL_model: ConvLSTM_model
scores: [51.499998569488525, 51.875001192092896, 65.24999737739563, 55.75000047683716, 51.12500190734863, 52.125000953674316, 81.62500262260437, 49.25000071525574, 54.624998569488525, 52.37500071525574]
Accuracy mean (std): 56.550% (9.359)

Running time 506.7 seconds
------------------------------ 01 Completed ------------------------------

------------------------------ 02 Start Evaluation ------------------------------
surr_type: RP
simples: 1000
ID_train: IV_III
DL_model: ConvLSTM_model
repeats: 10

02_evaluation_performance directory already exists!
# 0 >> accuracy: 0.4699999988079071
# 1 >> accuracy: 0.5237500071525574
# 2 >> accuracy: 0.6712499856948853
# 3 >> accuracy: 0.5787500143051147
# 4 >> accuracy: 0.5387499928474426
# 5 >> accuracy: 0.5174999833106995
# 6 >> accuracy: 0.7987499833106995
# 7 >> accuracy: 0.4625000059604645
# 8 >> accuracy: 0.5699999928474426
# 9 >> accuracy: 0.5224999785423279
The results have been saved to a txt file: 02_evaluation_performance/evaluation_performance_surrogate_RP_simples_1000_ConvLSTM_model_train_IV_III.txt

Running time 16.6 seconds
------------------------------ 02 Completed Evaluation ------------------------------

------------------------------ 03 Start sliding windows ------------------------------
surr_type: RP
simples: 1000
ID_train: IV_III
ID_test: I
Variable_label: paleoclimate
tsid: 1
features: 300
sw_width: 454

03_sliding_window_data directory already exists!
I.shape: (909, 2)
success-> sliding_window_features_shape (real=(909-454+1, 300)):  (456, 300)
------------------------------ 03 Completed sliding windows ------------------------------

------------------------------ 04 Start predicate ------------------------------
surr_type: RP
simples: 1000
ID_train: IV_III
ID_test: I
DL_model: ConvLSTM_model
repeats: 10

04_prediction_data directory already exists!
X_test.shape (456, 300)
X_test_array.shape:  (456, 300, 1)
--------------- prediction ... ---------------
textX=(samples, time steps, rows, cols, channels): (456, 10, 1, 30, 1)
textX=(samples, time steps, rows, cols, channels): (456, 10, 1, 30, 1)
textX=(samples, time steps, rows, cols, channels): (456, 10, 1, 30, 1)
textX=(samples, time steps, rows, cols, channels): (456, 10, 1, 30, 1)
textX=(samples, time steps, rows, cols, channels): (456, 10, 1, 30, 1)
textX=(samples, time steps, rows, cols, channels): (456, 10, 1, 30, 1)
textX=(samples, time steps, rows, cols, channels): (456, 10, 1, 30, 1)
textX=(samples, time steps, rows, cols, channels): (456, 10, 1, 30, 1)
textX=(samples, time steps, rows, cols, channels): (456, 10, 1, 30, 1)
textX=(samples, time steps, rows, cols, channels): (456, 10, 1, 30, 1)
y_pred_list.shape (456, 10)
------------------------------ 04 Completed predicate ------------------------------

------------------------------ 05 Start plots ------------------------------
surr_type: RP
simples: 1000
ID_train: IV_III
ID_test: I
Variable_label: paleoclimate
DL_model: ConvLSTM_model
sw_width: 454
tsid: 1

05_ews_data_and_figures directory already exists!
05_ews_data_and_figures/data directory already exists!
05_ews_data_and_figures/data/RP directory already exists!
05_ews_data_and_figures/figures directory already exists!
05_ews_data_and_figures/figures/RP directory already exists!

Record_period: End_of_glaciation_I
start_age, transition_start, transition_end: -108025.0 -17000 -13828.0
sliding_window_I: 454
------------------------------ 05 Completed plots ------------------------------

------------------------------ 07 Start ROC for dl ------------------------------
surr_type: RP
simples: 1000
ID_merge_tsid: [2,1]
DL_model: ConvLSTM_model
repeats: 10
features: 300

07_roc_data_and_figures_sdml directory already exists!
07_roc_data_and_figures_sdml/data directory already exists!
07_roc_data_and_figures_sdml/data/RP directory already exists!
07_roc_data_and_figures_sdml/data/RP/ROC directory already exists!
07_roc_data_and_figures_sdml/figures directory already exists!
07_roc_data_and_figures_sdml/figures/RP directory already exists!

07_roc_data_and_figures_sdml/figures/RP/ROC directory already exists!

len_eval_pts = 40

----- 01 forced trajectories and compute EWS -----
tsid= 2
Complete for forced tsid=2
tsid= 1
Complete for forced tsid=1
----- 01 null trajectories and compute EWS -----
Complete for null tsid=2
Complete for null tsid=1
----- 02 Compute ROC curves -----
Exported ROC data to 07_roc_data_and_figures_sdml/data/RP/ROC/df_roc_surrogate_RP_simples_1000_ConvLSTM_model_[2,1].csv
Exported ROC figure to 07_roc_data_and_figures_sdml/figures/RP/ROC/figure_roc_surrogate_RP_simples_1000_ConvLSTM_model_[2,1].png
Ran in 18.30s
------------------------------ 07 Completed ROC for dl ------------------------------

------------------------------ 07 Start ROC for dl ------------------------------
surr_type: RP
simples: 1000
ID_merge_tsid: [4,3]
DL_model: ConvLSTM_model
repeats: 10
features: 300

07_roc_data_and_figures_sdml directory already exists!
07_roc_data_and_figures_sdml/data directory already exists!
07_roc_data_and_figures_sdml/data/RP directory already exists!
07_roc_data_and_figures_sdml/data/RP/ROC directory already exists!
07_roc_data_and_figures_sdml/figures directory already exists!
07_roc_data_and_figures_sdml/figures/RP directory already exists!

07_roc_data_and_figures_sdml/figures/RP/ROC directory already exists!

len_eval_pts = 40

----- 01 forced trajectories and compute EWS -----
tsid= 4
Complete for forced tsid=4
tsid= 3
Complete for forced tsid=3
----- 01 null trajectories and compute EWS -----
Complete for null tsid=4
Complete for null tsid=3
----- 02 Compute ROC curves -----
Exported ROC data to 07_roc_data_and_figures_sdml/data/RP/ROC/df_roc_surrogate_RP_simples_1000_ConvLSTM_model_[4,3].csv
Exported ROC figure to 07_roc_data_and_figures_sdml/figures/RP/ROC/figure_roc_surrogate_RP_simples_1000_ConvLSTM_model_[4,3].png
Ran in 18.78s
------------------------------ 07 Completed ROC for dl ------------------------------

------------------------------ 07 Start ROC for dl ------------------------------
surr_type: RP
simples: 1000
ID_merge_tsid: all
DL_model: ConvLSTM_model
repeats: 10
features: 300

07_roc_data_and_figures_sdml directory already exists!
07_roc_data_and_figures_sdml/data directory already exists!
07_roc_data_and_figures_sdml/data/RP directory already exists!
07_roc_data_and_figures_sdml/data/RP/ROC directory already exists!
07_roc_data_and_figures_sdml/figures directory already exists!
07_roc_data_and_figures_sdml/figures/RP directory already exists!

07_roc_data_and_figures_sdml/figures/RP/ROC directory already exists!

len_eval_pts = 40

----- 01 forced trajectories and compute EWS -----
tsid= 1
Complete for forced tsid=1
tsid= 2
Complete for forced tsid=2
tsid= 3
Complete for forced tsid=3
tsid= 4
Complete for forced tsid=4
----- 01 null trajectories and compute EWS -----
Complete for null tsid=1
Complete for null tsid=2
Complete for null tsid=3
Complete for null tsid=4
----- 02 Compute ROC curves -----
Exported ROC data to 07_roc_data_and_figures_sdml/data/RP/ROC/df_roc_surrogate_RP_simples_1000_ConvLSTM_model_all.csv
Exported ROC figure to 07_roc_data_and_figures_sdml/figures/RP/ROC/figure_roc_surrogate_RP_simples_1000_ConvLSTM_model_all.png
Ran in 29.19s
------------------------------ 07 Completed ROC for dl ------------------------------

------------------------------ 03 Start sliding windows ------------------------------
surr_type: RP
simples: 1000
ID_train: IV_III
ID_test: II
Variable_label: paleoclimate
tsid: 2
features: 300
sw_width: 446

03_sliding_window_data directory already exists!
II.shape: (893, 2)
success-> sliding_window_features_shape (real=(893-446+1, 300)):  (448, 300)
------------------------------ 03 Completed sliding windows ------------------------------

------------------------------ 04 Start predicate ------------------------------
surr_type: RP
simples: 1000
ID_train: IV_III
ID_test: II
DL_model: ConvLSTM_model
repeats: 10

04_prediction_data directory already exists!
X_test.shape (448, 300)
X_test_array.shape:  (448, 300, 1)
--------------- prediction ... ---------------
textX=(samples, time steps, rows, cols, channels): (448, 10, 1, 30, 1)
textX=(samples, time steps, rows, cols, channels): (448, 10, 1, 30, 1)
textX=(samples, time steps, rows, cols, channels): (448, 10, 1, 30, 1)
textX=(samples, time steps, rows, cols, channels): (448, 10, 1, 30, 1)
textX=(samples, time steps, rows, cols, channels): (448, 10, 1, 30, 1)
textX=(samples, time steps, rows, cols, channels): (448, 10, 1, 30, 1)
textX=(samples, time steps, rows, cols, channels): (448, 10, 1, 30, 1)
textX=(samples, time steps, rows, cols, channels): (448, 10, 1, 30, 1)
textX=(samples, time steps, rows, cols, channels): (448, 10, 1, 30, 1)
textX=(samples, time steps, rows, cols, channels): (448, 10, 1, 30, 1)
y_pred_list.shape (448, 10)
------------------------------ 04 Completed predicate ------------------------------

------------------------------ 05 Start plots ------------------------------
surr_type: RP
simples: 1000
ID_train: IV_III
ID_test: II
Variable_label: paleoclimate
DL_model: ConvLSTM_model
sw_width: 446
tsid: 2

05_ews_data_and_figures directory already exists!
05_ews_data_and_figures/data directory already exists!
05_ews_data_and_figures/data/RP directory already exists!
05_ews_data_and_figures/figures directory already exists!
05_ews_data_and_figures/figures/RP directory already exists!

Record_period: End_of_glaciation_II
start_age, transition_start, transition_end: -224351.0 -135000 -129705.0
sliding_window_II: 446
------------------------------ 05 Completed plots ------------------------------

---------------------------- complete end ----------------------------
