---------------------------- Run start python scripts -----------------------------
-------------------------------------------------------------------------------------
Using GPU for TensorFlow.
------------------------------ 01 Start run ------------------------------
Data_folder: paleoclimate
surr_type: FT
simples: 10000
ID_train: IV_III
DL_model: CNN_model
repeats: 10

01_evaluation_data directory already exists!
models directory already exists!

full_path= G:/surrogate_data_based_machine_learning_v4.0.0/paleoclimate/01_data_preprocessing/02_extracte_and_generate_surrogate_dataset/paleoclimate/data/merge_surrogate_FT_simples_10000_train_IV_III.csv

Epoch 1: val_accuracy improved from -inf to 0.50488, saving model to models\surrogate_FT_simples_10000_CNN_model_0.h5

Epoch 2: val_accuracy did not improve from 0.50488

Epoch 3: val_accuracy did not improve from 0.50488

Epoch 4: val_accuracy did not improve from 0.50488

Epoch 5: val_accuracy did not improve from 0.50488

Epoch 6: val_accuracy did not improve from 0.50488
Epoch 6: early stopping
>#1: 50.488

Epoch 1: val_accuracy improved from -inf to 0.48487, saving model to models\surrogate_FT_simples_10000_CNN_model_1.h5

Epoch 2: val_accuracy improved from 0.48487 to 0.49512, saving model to models\surrogate_FT_simples_10000_CNN_model_1.h5

Epoch 3: val_accuracy improved from 0.49512 to 0.50150, saving model to models\surrogate_FT_simples_10000_CNN_model_1.h5

Epoch 4: val_accuracy did not improve from 0.50150

Epoch 5: val_accuracy did not improve from 0.50150

Epoch 6: val_accuracy did not improve from 0.50150

Epoch 7: val_accuracy did not improve from 0.50150

Epoch 8: val_accuracy did not improve from 0.50150
Epoch 8: early stopping
>#2: 50.150

Epoch 1: val_accuracy improved from -inf to 0.50525, saving model to models\surrogate_FT_simples_10000_CNN_model_2.h5

Epoch 2: val_accuracy improved from 0.50525 to 0.51100, saving model to models\surrogate_FT_simples_10000_CNN_model_2.h5

Epoch 3: val_accuracy did not improve from 0.51100

Epoch 4: val_accuracy did not improve from 0.51100

Epoch 5: val_accuracy did not improve from 0.51100

Epoch 6: val_accuracy did not improve from 0.51100

Epoch 7: val_accuracy did not improve from 0.51100
Epoch 7: early stopping
>#3: 51.100

Epoch 1: val_accuracy improved from -inf to 0.50488, saving model to models\surrogate_FT_simples_10000_CNN_model_3.h5

Epoch 2: val_accuracy did not improve from 0.50488

Epoch 3: val_accuracy did not improve from 0.50488

Epoch 4: val_accuracy did not improve from 0.50488

Epoch 5: val_accuracy did not improve from 0.50488

Epoch 6: val_accuracy did not improve from 0.50488
Epoch 6: early stopping
>#4: 50.488

Epoch 1: val_accuracy improved from -inf to 0.49512, saving model to models\surrogate_FT_simples_10000_CNN_model_4.h5

Epoch 2: val_accuracy did not improve from 0.49512

Epoch 3: val_accuracy improved from 0.49512 to 0.50488, saving model to models\surrogate_FT_simples_10000_CNN_model_4.h5

Epoch 4: val_accuracy did not improve from 0.50488

Epoch 5: val_accuracy did not improve from 0.50488

Epoch 6: val_accuracy did not improve from 0.50488

Epoch 7: val_accuracy did not improve from 0.50488

Epoch 8: val_accuracy did not improve from 0.50488
Epoch 8: early stopping
>#5: 50.488

Epoch 1: val_accuracy improved from -inf to 0.50150, saving model to models\surrogate_FT_simples_10000_CNN_model_5.h5

Epoch 2: val_accuracy did not improve from 0.50150

Epoch 3: val_accuracy did not improve from 0.50150

Epoch 4: val_accuracy did not improve from 0.50150

Epoch 5: val_accuracy did not improve from 0.50150

Epoch 6: val_accuracy did not improve from 0.50150
Epoch 6: early stopping
>#6: 50.150

Epoch 1: val_accuracy improved from -inf to 0.50150, saving model to models\surrogate_FT_simples_10000_CNN_model_6.h5

Epoch 2: val_accuracy did not improve from 0.50150

Epoch 3: val_accuracy did not improve from 0.50150

Epoch 4: val_accuracy did not improve from 0.50150

Epoch 5: val_accuracy did not improve from 0.50150

Epoch 6: val_accuracy did not improve from 0.50150
Epoch 6: early stopping
>#7: 50.150

Epoch 1: val_accuracy improved from -inf to 0.49512, saving model to models\surrogate_FT_simples_10000_CNN_model_7.h5

Epoch 2: val_accuracy did not improve from 0.49512

Epoch 3: val_accuracy improved from 0.49512 to 0.50488, saving model to models\surrogate_FT_simples_10000_CNN_model_7.h5

Epoch 4: val_accuracy did not improve from 0.50488

Epoch 5: val_accuracy did not improve from 0.50488

Epoch 6: val_accuracy did not improve from 0.50488

Epoch 7: val_accuracy did not improve from 0.50488

Epoch 8: val_accuracy did not improve from 0.50488
Epoch 8: early stopping
>#8: 50.488

Epoch 1: val_accuracy improved from -inf to 0.50488, saving model to models\surrogate_FT_simples_10000_CNN_model_8.h5

Epoch 2: val_accuracy did not improve from 0.50488

Epoch 3: val_accuracy did not improve from 0.50488

Epoch 4: val_accuracy did not improve from 0.50488

Epoch 5: val_accuracy did not improve from 0.50488

Epoch 6: val_accuracy did not improve from 0.50488
Epoch 6: early stopping
>#9: 50.488

Epoch 1: val_accuracy improved from -inf to 0.50150, saving model to models\surrogate_FT_simples_10000_CNN_model_9.h5

Epoch 2: val_accuracy did not improve from 0.50150

Epoch 3: val_accuracy did not improve from 0.50150

Epoch 4: val_accuracy did not improve from 0.50150

Epoch 5: val_accuracy did not improve from 0.50150

Epoch 6: val_accuracy did not improve from 0.50150
Epoch 6: early stopping
>#10: 50.150
------------------ summarize results -------------------------
DL_model: CNN_model
scores: [50.48750042915344, 50.15000104904175, 51.099997758865356, 50.48750042915344, 50.48750042915344, 50.15000104904175, 50.15000104904175, 50.48750042915344, 50.48750042915344, 50.15000104904175]
Accuracy mean (std): 50.414% (0.279)

Running time 134.6 seconds
------------------------------ 01 Completed ------------------------------

------------------------------ 02 Start Evaluation ------------------------------
surr_type: FT
simples: 10000
ID_train: IV_III
DL_model: CNN_model
repeats: 10

02_evaluation_performance directory already exists!
# 0 >> accuracy: 0.4948750138282776
# 1 >> accuracy: 0.492000013589859
# 2 >> accuracy: 0.5272499918937683
# 3 >> accuracy: 0.4948750138282776
# 4 >> accuracy: 0.4948750138282776
# 5 >> accuracy: 0.492000013589859
# 6 >> accuracy: 0.492000013589859
# 7 >> accuracy: 0.4948750138282776
# 8 >> accuracy: 0.4948750138282776
# 9 >> accuracy: 0.492000013589859
The results have been saved to a txt file: 02_evaluation_performance/evaluation_performance_surrogate_FT_simples_10000_CNN_model_train_IV_III.txt

Running time 16.0 seconds
------------------------------ 02 Completed Evaluation ------------------------------

------------------------------ 03 Start sliding windows ------------------------------
surr_type: FT
simples: 10000
ID_train: IV_III
ID_test: I
Variable_label: paleoclimate
tsid: 1
features: 300
sw_width: 454

03_sliding_window_data directory already exists!
I.shape: (909, 2)
success-> sliding_window_features_shape (real=(909-454+1, 300)):  (456, 300)
------------------------------ 03 Completed sliding windows ------------------------------

------------------------------ 04 Start predicate ------------------------------
surr_type: FT
simples: 10000
ID_train: IV_III
ID_test: I
DL_model: CNN_model
repeats: 10

04_prediction_data directory already exists!
X_test.shape (456, 300)
X_test_array.shape:  (456, 300, 1)
--------------- prediction ... ---------------
y_pred_list.shape (456, 10)
------------------------------ 04 Completed predicate ------------------------------

------------------------------ 05 Start plots ------------------------------
surr_type: FT
simples: 10000
ID_train: IV_III
ID_test: I
Variable_label: paleoclimate
DL_model: CNN_model
sw_width: 454
tsid: 1

05_ews_data_and_figures directory already exists!
05_ews_data_and_figures/data directory already exists!
05_ews_data_and_figures/data/FT directory already exists!
05_ews_data_and_figures/figures directory already exists!
05_ews_data_and_figures/figures/FT directory already exists!

Record_period: End_of_glaciation_I
start_age, transition_start, transition_end: -108025.0 -17000 -13828.0
sliding_window_I: 454
------------------------------ 05 Completed plots ------------------------------

------------------------------ 06 Start ROC for variance and lag-1 autocorrelation ------------------------------
surr_type: FT
simples: 10000
ID_merge_tsid: [2,1]
DL_model: CNN_model
repeats: 10
features: 300

06_roc_data_and_figures_var_corr directory already exists!
06_roc_data_and_figures_var_corr/data directory already exists!
06_roc_data_and_figures_var_corr/data/ROC directory already exists!
06_roc_data_and_figures_var_corr/figures directory already exists!
06_roc_data_and_figures_var_corr/figures/ROC directory already exists!
len_eval_pts= 40

----- 01 forced trajectories and compute EWS -----
Complete for forced tsid=2
Complete for forced tsid=1
----- 01 null trajectories and compute EWS -----
Complete for null tsid=2
Complete for null tsid=1
----- 02 Compute ROC curves -----
Exported ROC data to 06_roc_data_and_figures_var_corr/data/ROC/df_roc_var_corr_[2,1].csv
Exported ROC figure to 06_roc_data_and_figures_var_corr/figures/ROC/figure_roc_var_corr_[2,1].png
Ran in 1.52s
------------------------------ 06 Completed ROC for variance and lag-1 autocorrelation ------------------------------

------------------------------ 07 Start ROC for dl ------------------------------
surr_type: FT
simples: 10000
ID_merge_tsid: [2,1]
DL_model: CNN_model
repeats: 10
features: 300

07_roc_data_and_figures_sdml directory already exists!
07_roc_data_and_figures_sdml/data directory already exists!
07_roc_data_and_figures_sdml/data/FT directory already exists!
07_roc_data_and_figures_sdml/data/FT/ROC directory already exists!
07_roc_data_and_figures_sdml/figures directory already exists!
07_roc_data_and_figures_sdml/figures/FT directory already exists!

07_roc_data_and_figures_sdml/figures/FT/ROC directory already exists!

len_eval_pts = 40

----- 01 forced trajectories and compute EWS -----
tsid= 2
Complete for forced tsid=2
tsid= 1
Complete for forced tsid=1
----- 01 null trajectories and compute EWS -----
Complete for null tsid=2
Complete for null tsid=1
----- 02 Compute ROC curves -----
Exported ROC data to 07_roc_data_and_figures_sdml/data/FT/ROC/df_roc_surrogate_FT_simples_10000_CNN_model_[2,1].csv
Exported ROC figure to 07_roc_data_and_figures_sdml/figures/FT/ROC/figure_roc_surrogate_FT_simples_10000_CNN_model_[2,1].png
Ran in 11.39s
------------------------------ 07 Completed ROC for dl ------------------------------

------------------------------ 06 Start ROC for variance and lag-1 autocorrelation ------------------------------
surr_type: FT
simples: 10000
ID_merge_tsid: [4,3]
DL_model: CNN_model
repeats: 10
features: 300

06_roc_data_and_figures_var_corr directory already exists!
06_roc_data_and_figures_var_corr/data directory already exists!
06_roc_data_and_figures_var_corr/data/ROC directory already exists!
06_roc_data_and_figures_var_corr/figures directory already exists!
06_roc_data_and_figures_var_corr/figures/ROC directory already exists!
len_eval_pts= 40

----- 01 forced trajectories and compute EWS -----
Complete for forced tsid=4
Complete for forced tsid=3
----- 01 null trajectories and compute EWS -----
Complete for null tsid=4
Complete for null tsid=3
----- 02 Compute ROC curves -----
Exported ROC data to 06_roc_data_and_figures_var_corr/data/ROC/df_roc_var_corr_[4,3].csv
Exported ROC figure to 06_roc_data_and_figures_var_corr/figures/ROC/figure_roc_var_corr_[4,3].png
Ran in 1.48s
------------------------------ 06 Completed ROC for variance and lag-1 autocorrelation ------------------------------

------------------------------ 07 Start ROC for dl ------------------------------
surr_type: FT
simples: 10000
ID_merge_tsid: [4,3]
DL_model: CNN_model
repeats: 10
features: 300

07_roc_data_and_figures_sdml directory already exists!
07_roc_data_and_figures_sdml/data directory already exists!
07_roc_data_and_figures_sdml/data/FT directory already exists!
07_roc_data_and_figures_sdml/data/FT/ROC directory already exists!
07_roc_data_and_figures_sdml/figures directory already exists!
07_roc_data_and_figures_sdml/figures/FT directory already exists!

07_roc_data_and_figures_sdml/figures/FT/ROC directory already exists!

len_eval_pts = 40

----- 01 forced trajectories and compute EWS -----
tsid= 4
Complete for forced tsid=4
tsid= 3
Complete for forced tsid=3
----- 01 null trajectories and compute EWS -----
Complete for null tsid=4
Complete for null tsid=3
----- 02 Compute ROC curves -----
Exported ROC data to 07_roc_data_and_figures_sdml/data/FT/ROC/df_roc_surrogate_FT_simples_10000_CNN_model_[4,3].csv
Exported ROC figure to 07_roc_data_and_figures_sdml/figures/FT/ROC/figure_roc_surrogate_FT_simples_10000_CNN_model_[4,3].png
Ran in 11.03s
------------------------------ 07 Completed ROC for dl ------------------------------

------------------------------ 06 Start ROC for variance and lag-1 autocorrelation ------------------------------
surr_type: FT
simples: 10000
ID_merge_tsid: all
DL_model: CNN_model
repeats: 10
features: 300

06_roc_data_and_figures_var_corr directory already exists!
06_roc_data_and_figures_var_corr/data directory already exists!
06_roc_data_and_figures_var_corr/data/ROC directory already exists!
06_roc_data_and_figures_var_corr/figures directory already exists!
06_roc_data_and_figures_var_corr/figures/ROC directory already exists!
len_eval_pts= 40

----- 01 forced trajectories and compute EWS -----
Complete for forced tsid=1
Complete for forced tsid=2
Complete for forced tsid=3
Complete for forced tsid=4
----- 01 null trajectories and compute EWS -----
Complete for null tsid=1
Complete for null tsid=2
Complete for null tsid=3
Complete for null tsid=4
----- 02 Compute ROC curves -----
Exported ROC data to 06_roc_data_and_figures_var_corr/data/ROC/df_roc_var_corr_all.csv
Exported ROC figure to 06_roc_data_and_figures_var_corr/figures/ROC/figure_roc_var_corr_all.png
Ran in 1.77s
------------------------------ 06 Completed ROC for variance and lag-1 autocorrelation ------------------------------

------------------------------ 07 Start ROC for dl ------------------------------
surr_type: FT
simples: 10000
ID_merge_tsid: all
DL_model: CNN_model
repeats: 10
features: 300

07_roc_data_and_figures_sdml directory already exists!
07_roc_data_and_figures_sdml/data directory already exists!
07_roc_data_and_figures_sdml/data/FT directory already exists!
07_roc_data_and_figures_sdml/data/FT/ROC directory already exists!
07_roc_data_and_figures_sdml/figures directory already exists!
07_roc_data_and_figures_sdml/figures/FT directory already exists!

07_roc_data_and_figures_sdml/figures/FT/ROC directory already exists!

len_eval_pts = 40

----- 01 forced trajectories and compute EWS -----
tsid= 1
Complete for forced tsid=1
tsid= 2
Complete for forced tsid=2
tsid= 3
Complete for forced tsid=3
tsid= 4
Complete for forced tsid=4
----- 01 null trajectories and compute EWS -----
Complete for null tsid=1
Complete for null tsid=2
Complete for null tsid=3
Complete for null tsid=4
----- 02 Compute ROC curves -----
Exported ROC data to 07_roc_data_and_figures_sdml/data/FT/ROC/df_roc_surrogate_FT_simples_10000_CNN_model_all.csv
Exported ROC figure to 07_roc_data_and_figures_sdml/figures/FT/ROC/figure_roc_surrogate_FT_simples_10000_CNN_model_all.png
Ran in 15.23s
------------------------------ 07 Completed ROC for dl ------------------------------

------------------------------ 03 Start sliding windows ------------------------------
surr_type: FT
simples: 10000
ID_train: IV_III
ID_test: II
Variable_label: paleoclimate
tsid: 2
features: 300
sw_width: 446

03_sliding_window_data directory already exists!
II.shape: (893, 2)
success-> sliding_window_features_shape (real=(893-446+1, 300)):  (448, 300)
------------------------------ 03 Completed sliding windows ------------------------------

------------------------------ 04 Start predicate ------------------------------
surr_type: FT
simples: 10000
ID_train: IV_III
ID_test: II
DL_model: CNN_model
repeats: 10

04_prediction_data directory already exists!
X_test.shape (448, 300)
X_test_array.shape:  (448, 300, 1)
--------------- prediction ... ---------------
y_pred_list.shape (448, 10)
------------------------------ 04 Completed predicate ------------------------------

------------------------------ 05 Start plots ------------------------------
surr_type: FT
simples: 10000
ID_train: IV_III
ID_test: II
Variable_label: paleoclimate
DL_model: CNN_model
sw_width: 446
tsid: 2

05_ews_data_and_figures directory already exists!
05_ews_data_and_figures/data directory already exists!
05_ews_data_and_figures/data/FT directory already exists!
05_ews_data_and_figures/figures directory already exists!
05_ews_data_and_figures/figures/FT directory already exists!

Record_period: End_of_glaciation_II
start_age, transition_start, transition_end: -224351.0 -135000 -129705.0
sliding_window_II: 446
------------------------------ 05 Completed plots ------------------------------

-------------------------------------------------------------------------------------
Using GPU for TensorFlow.
------------------------------ 01 Start run ------------------------------
Data_folder: paleoclimate
surr_type: FT
simples: 10000
ID_train: IV_III
DL_model: three_head_CNN_model
repeats: 10

01_evaluation_data directory already exists!
models directory already exists!

full_path= G:/surrogate_data_based_machine_learning_v4.0.0/paleoclimate/01_data_preprocessing/02_extracte_and_generate_surrogate_dataset/paleoclimate/data/merge_surrogate_FT_simples_10000_train_IV_III.csv

Epoch 1: val_accuracy improved from -inf to 0.49512, saving model to models\surrogate_FT_simples_10000_three_head_CNN_model_0.h5

Epoch 2: val_accuracy improved from 0.49512 to 0.50488, saving model to models\surrogate_FT_simples_10000_three_head_CNN_model_0.h5

Epoch 3: val_accuracy did not improve from 0.50488

Epoch 4: val_accuracy did not improve from 0.50488

Epoch 5: val_accuracy did not improve from 0.50488

Epoch 6: val_accuracy did not improve from 0.50488

Epoch 7: val_accuracy did not improve from 0.50488
Epoch 7: early stopping
>#1: 50.488

Epoch 1: val_accuracy improved from -inf to 0.50488, saving model to models\surrogate_FT_simples_10000_three_head_CNN_model_1.h5

Epoch 2: val_accuracy did not improve from 0.50488

Epoch 3: val_accuracy did not improve from 0.50488

Epoch 4: val_accuracy did not improve from 0.50488

Epoch 5: val_accuracy did not improve from 0.50488

Epoch 6: val_accuracy did not improve from 0.50488
Epoch 6: early stopping
>#2: 50.488

Epoch 1: val_accuracy improved from -inf to 0.74825, saving model to models\surrogate_FT_simples_10000_three_head_CNN_model_2.h5

Epoch 2: val_accuracy did not improve from 0.74825

Epoch 3: val_accuracy improved from 0.74825 to 1.00000, saving model to models\surrogate_FT_simples_10000_three_head_CNN_model_2.h5

Epoch 4: val_accuracy did not improve from 1.00000

Epoch 5: val_accuracy did not improve from 1.00000

Epoch 6: val_accuracy did not improve from 1.00000

Epoch 7: val_accuracy did not improve from 1.00000

Epoch 8: val_accuracy did not improve from 1.00000
Epoch 8: early stopping
>#3: 100.000

Epoch 1: val_accuracy improved from -inf to 0.75325, saving model to models\surrogate_FT_simples_10000_three_head_CNN_model_3.h5

Epoch 2: val_accuracy did not improve from 0.75325

Epoch 3: val_accuracy did not improve from 0.75325

Epoch 4: val_accuracy improved from 0.75325 to 1.00000, saving model to models\surrogate_FT_simples_10000_three_head_CNN_model_3.h5

Epoch 5: val_accuracy did not improve from 1.00000

Epoch 6: val_accuracy did not improve from 1.00000

Epoch 7: val_accuracy did not improve from 1.00000

Epoch 8: val_accuracy did not improve from 1.00000

Epoch 9: val_accuracy did not improve from 1.00000
Epoch 9: early stopping
>#4: 100.000

Epoch 1: val_accuracy improved from -inf to 0.99813, saving model to models\surrogate_FT_simples_10000_three_head_CNN_model_4.h5

Epoch 2: val_accuracy improved from 0.99813 to 1.00000, saving model to models\surrogate_FT_simples_10000_three_head_CNN_model_4.h5

Epoch 3: val_accuracy did not improve from 1.00000

Epoch 4: val_accuracy did not improve from 1.00000

Epoch 5: val_accuracy did not improve from 1.00000

Epoch 6: val_accuracy did not improve from 1.00000

Epoch 7: val_accuracy did not improve from 1.00000
Epoch 7: early stopping
>#5: 100.000

Epoch 1: val_accuracy improved from -inf to 0.74825, saving model to models\surrogate_FT_simples_10000_three_head_CNN_model_5.h5

Epoch 2: val_accuracy did not improve from 0.74825

Epoch 3: val_accuracy improved from 0.74825 to 1.00000, saving model to models\surrogate_FT_simples_10000_three_head_CNN_model_5.h5

Epoch 4: val_accuracy did not improve from 1.00000

Epoch 5: val_accuracy did not improve from 1.00000

Epoch 6: val_accuracy did not improve from 1.00000

Epoch 7: val_accuracy did not improve from 1.00000

Epoch 8: val_accuracy did not improve from 1.00000
Epoch 8: early stopping
>#6: 100.000

Epoch 1: val_accuracy improved from -inf to 0.49512, saving model to models\surrogate_FT_simples_10000_three_head_CNN_model_6.h5

Epoch 2: val_accuracy did not improve from 0.49512

Epoch 3: val_accuracy improved from 0.49512 to 1.00000, saving model to models\surrogate_FT_simples_10000_three_head_CNN_model_6.h5

Epoch 4: val_accuracy did not improve from 1.00000

Epoch 5: val_accuracy did not improve from 1.00000

Epoch 6: val_accuracy did not improve from 1.00000

Epoch 7: val_accuracy did not improve from 1.00000

Epoch 8: val_accuracy did not improve from 1.00000
Epoch 8: early stopping
>#7: 100.000

Epoch 1: val_accuracy improved from -inf to 0.49512, saving model to models\surrogate_FT_simples_10000_three_head_CNN_model_7.h5

Epoch 2: val_accuracy did not improve from 0.49512

Epoch 3: val_accuracy did not improve from 0.49512

Epoch 4: val_accuracy did not improve from 0.49512

Epoch 5: val_accuracy improved from 0.49512 to 0.50488, saving model to models\surrogate_FT_simples_10000_three_head_CNN_model_7.h5

Epoch 6: val_accuracy did not improve from 0.50488

Epoch 7: val_accuracy improved from 0.50488 to 0.81488, saving model to models\surrogate_FT_simples_10000_three_head_CNN_model_7.h5

Epoch 8: val_accuracy improved from 0.81488 to 0.99738, saving model to models\surrogate_FT_simples_10000_three_head_CNN_model_7.h5

Epoch 9: val_accuracy improved from 0.99738 to 1.00000, saving model to models\surrogate_FT_simples_10000_three_head_CNN_model_7.h5

Epoch 10: val_accuracy did not improve from 1.00000

Epoch 11: val_accuracy did not improve from 1.00000

Epoch 12: val_accuracy did not improve from 1.00000

Epoch 13: val_accuracy did not improve from 1.00000

Epoch 14: val_accuracy did not improve from 1.00000
Epoch 14: early stopping
>#8: 100.000

Epoch 1: val_accuracy improved from -inf to 0.49512, saving model to models\surrogate_FT_simples_10000_three_head_CNN_model_8.h5

Epoch 2: val_accuracy improved from 0.49512 to 1.00000, saving model to models\surrogate_FT_simples_10000_three_head_CNN_model_8.h5

Epoch 3: val_accuracy did not improve from 1.00000

Epoch 4: val_accuracy did not improve from 1.00000

Epoch 5: val_accuracy did not improve from 1.00000

Epoch 6: val_accuracy did not improve from 1.00000

Epoch 7: val_accuracy did not improve from 1.00000
Epoch 7: early stopping
>#9: 100.000

Epoch 1: val_accuracy improved from -inf to 0.49512, saving model to models\surrogate_FT_simples_10000_three_head_CNN_model_9.h5

Epoch 2: val_accuracy improved from 0.49512 to 1.00000, saving model to models\surrogate_FT_simples_10000_three_head_CNN_model_9.h5

Epoch 3: val_accuracy did not improve from 1.00000

Epoch 4: val_accuracy did not improve from 1.00000

Epoch 5: val_accuracy did not improve from 1.00000

Epoch 6: val_accuracy did not improve from 1.00000

Epoch 7: val_accuracy did not improve from 1.00000
Epoch 7: early stopping
>#10: 100.000
------------------ summarize results -------------------------
DL_model: three_head_CNN_model
scores: [50.48750042915344, 50.48750042915344, 100.0, 100.0, 100.0, 100.0, 100.0, 100.0, 100.0, 100.0]
Accuracy mean (std): 90.098% (19.805)

Running time 303.0 seconds
------------------------------ 01 Completed ------------------------------

------------------------------ 02 Start Evaluation ------------------------------
surr_type: FT
simples: 10000
ID_train: IV_III
DL_model: three_head_CNN_model
repeats: 10

02_evaluation_performance directory already exists!
# 0 >> accuracy: 0.4948750138282776
# 1 >> accuracy: 0.4948750138282776
# 2 >> accuracy: 1.0
# 3 >> accuracy: 1.0
# 4 >> accuracy: 1.0
# 5 >> accuracy: 1.0
# 6 >> accuracy: 1.0
# 7 >> accuracy: 1.0
# 8 >> accuracy: 1.0
# 9 >> accuracy: 1.0
The results have been saved to a txt file: 02_evaluation_performance/evaluation_performance_surrogate_FT_simples_10000_three_head_CNN_model_train_IV_III.txt

Running time 22.8 seconds
------------------------------ 02 Completed Evaluation ------------------------------

------------------------------ 03 Start sliding windows ------------------------------
surr_type: FT
simples: 10000
ID_train: IV_III
ID_test: I
Variable_label: paleoclimate
tsid: 1
features: 300
sw_width: 454

03_sliding_window_data directory already exists!
I.shape: (909, 2)
success-> sliding_window_features_shape (real=(909-454+1, 300)):  (456, 300)
------------------------------ 03 Completed sliding windows ------------------------------

------------------------------ 04 Start predicate ------------------------------
surr_type: FT
simples: 10000
ID_train: IV_III
ID_test: I
DL_model: three_head_CNN_model
repeats: 10

04_prediction_data directory already exists!
X_test.shape (456, 300)
X_test_array.shape:  (456, 300, 1)
--------------- prediction ... ---------------
y_pred_list.shape (456, 10)
------------------------------ 04 Completed predicate ------------------------------

------------------------------ 05 Start plots ------------------------------
surr_type: FT
simples: 10000
ID_train: IV_III
ID_test: I
Variable_label: paleoclimate
DL_model: three_head_CNN_model
sw_width: 454
tsid: 1

05_ews_data_and_figures directory already exists!
05_ews_data_and_figures/data directory already exists!
05_ews_data_and_figures/data/FT directory already exists!
05_ews_data_and_figures/figures directory already exists!
05_ews_data_and_figures/figures/FT directory already exists!

Record_period: End_of_glaciation_I
start_age, transition_start, transition_end: -108025.0 -17000 -13828.0
sliding_window_I: 454
------------------------------ 05 Completed plots ------------------------------

------------------------------ 07 Start ROC for dl ------------------------------
surr_type: FT
simples: 10000
ID_merge_tsid: [2,1]
DL_model: three_head_CNN_model
repeats: 10
features: 300

07_roc_data_and_figures_sdml directory already exists!
07_roc_data_and_figures_sdml/data directory already exists!
07_roc_data_and_figures_sdml/data/FT directory already exists!
07_roc_data_and_figures_sdml/data/FT/ROC directory already exists!
07_roc_data_and_figures_sdml/figures directory already exists!
07_roc_data_and_figures_sdml/figures/FT directory already exists!

07_roc_data_and_figures_sdml/figures/FT/ROC directory already exists!

len_eval_pts = 40

----- 01 forced trajectories and compute EWS -----
tsid= 2
Complete for forced tsid=2
tsid= 1
Complete for forced tsid=1
----- 01 null trajectories and compute EWS -----
Complete for null tsid=2
Complete for null tsid=1
----- 02 Compute ROC curves -----
Exported ROC data to 07_roc_data_and_figures_sdml/data/FT/ROC/df_roc_surrogate_FT_simples_10000_three_head_CNN_model_[2,1].csv
Exported ROC figure to 07_roc_data_and_figures_sdml/figures/FT/ROC/figure_roc_surrogate_FT_simples_10000_three_head_CNN_model_[2,1].png
Ran in 16.03s
------------------------------ 07 Completed ROC for dl ------------------------------

------------------------------ 07 Start ROC for dl ------------------------------
surr_type: FT
simples: 10000
ID_merge_tsid: [4,3]
DL_model: three_head_CNN_model
repeats: 10
features: 300

07_roc_data_and_figures_sdml directory already exists!
07_roc_data_and_figures_sdml/data directory already exists!
07_roc_data_and_figures_sdml/data/FT directory already exists!
07_roc_data_and_figures_sdml/data/FT/ROC directory already exists!
07_roc_data_and_figures_sdml/figures directory already exists!
07_roc_data_and_figures_sdml/figures/FT directory already exists!

07_roc_data_and_figures_sdml/figures/FT/ROC directory already exists!

len_eval_pts = 40

----- 01 forced trajectories and compute EWS -----
tsid= 4
Complete for forced tsid=4
tsid= 3
Complete for forced tsid=3
----- 01 null trajectories and compute EWS -----
Complete for null tsid=4
Complete for null tsid=3
----- 02 Compute ROC curves -----
Exported ROC data to 07_roc_data_and_figures_sdml/data/FT/ROC/df_roc_surrogate_FT_simples_10000_three_head_CNN_model_[4,3].csv
Exported ROC figure to 07_roc_data_and_figures_sdml/figures/FT/ROC/figure_roc_surrogate_FT_simples_10000_three_head_CNN_model_[4,3].png
Ran in 16.06s
------------------------------ 07 Completed ROC for dl ------------------------------

------------------------------ 07 Start ROC for dl ------------------------------
surr_type: FT
simples: 10000
ID_merge_tsid: all
DL_model: three_head_CNN_model
repeats: 10
features: 300

07_roc_data_and_figures_sdml directory already exists!
07_roc_data_and_figures_sdml/data directory already exists!
07_roc_data_and_figures_sdml/data/FT directory already exists!
07_roc_data_and_figures_sdml/data/FT/ROC directory already exists!
07_roc_data_and_figures_sdml/figures directory already exists!
07_roc_data_and_figures_sdml/figures/FT directory already exists!

07_roc_data_and_figures_sdml/figures/FT/ROC directory already exists!

len_eval_pts = 40

----- 01 forced trajectories and compute EWS -----
tsid= 1
Complete for forced tsid=1
tsid= 2
Complete for forced tsid=2
tsid= 3
Complete for forced tsid=3
tsid= 4
Complete for forced tsid=4
----- 01 null trajectories and compute EWS -----
Complete for null tsid=1
Complete for null tsid=2
Complete for null tsid=3
Complete for null tsid=4
----- 02 Compute ROC curves -----
Exported ROC data to 07_roc_data_and_figures_sdml/data/FT/ROC/df_roc_surrogate_FT_simples_10000_three_head_CNN_model_all.csv
Exported ROC figure to 07_roc_data_and_figures_sdml/figures/FT/ROC/figure_roc_surrogate_FT_simples_10000_three_head_CNN_model_all.png
Ran in 23.88s
------------------------------ 07 Completed ROC for dl ------------------------------

------------------------------ 03 Start sliding windows ------------------------------
surr_type: FT
simples: 10000
ID_train: IV_III
ID_test: II
Variable_label: paleoclimate
tsid: 2
features: 300
sw_width: 446

03_sliding_window_data directory already exists!
II.shape: (893, 2)
success-> sliding_window_features_shape (real=(893-446+1, 300)):  (448, 300)
------------------------------ 03 Completed sliding windows ------------------------------

------------------------------ 04 Start predicate ------------------------------
surr_type: FT
simples: 10000
ID_train: IV_III
ID_test: II
DL_model: three_head_CNN_model
repeats: 10

04_prediction_data directory already exists!
X_test.shape (448, 300)
X_test_array.shape:  (448, 300, 1)
--------------- prediction ... ---------------
y_pred_list.shape (448, 10)
------------------------------ 04 Completed predicate ------------------------------

------------------------------ 05 Start plots ------------------------------
surr_type: FT
simples: 10000
ID_train: IV_III
ID_test: II
Variable_label: paleoclimate
DL_model: three_head_CNN_model
sw_width: 446
tsid: 2

05_ews_data_and_figures directory already exists!
05_ews_data_and_figures/data directory already exists!
05_ews_data_and_figures/data/FT directory already exists!
05_ews_data_and_figures/figures directory already exists!
05_ews_data_and_figures/figures/FT directory already exists!

Record_period: End_of_glaciation_II
start_age, transition_start, transition_end: -224351.0 -135000 -129705.0
sliding_window_II: 446
------------------------------ 05 Completed plots ------------------------------

-------------------------------------------------------------------------------------
Using GPU for TensorFlow.
------------------------------ 01 Start run ------------------------------
Data_folder: paleoclimate
surr_type: FT
simples: 10000
ID_train: IV_III
DL_model: LSTM_model
repeats: 10

01_evaluation_data directory already exists!
models directory already exists!

full_path= G:/surrogate_data_based_machine_learning_v4.0.0/paleoclimate/01_data_preprocessing/02_extracte_and_generate_surrogate_dataset/paleoclimate/data/merge_surrogate_FT_simples_10000_train_IV_III.csv

Epoch 1: val_accuracy improved from -inf to 0.49512, saving model to models\surrogate_FT_simples_10000_LSTM_model_0.h5

Epoch 2: val_accuracy improved from 0.49512 to 0.50488, saving model to models\surrogate_FT_simples_10000_LSTM_model_0.h5

Epoch 3: val_accuracy improved from 0.50488 to 0.74825, saving model to models\surrogate_FT_simples_10000_LSTM_model_0.h5

Epoch 4: val_accuracy did not improve from 0.74825

Epoch 5: val_accuracy did not improve from 0.74825

Epoch 6: val_accuracy did not improve from 0.74825

Epoch 7: val_accuracy did not improve from 0.74825

Epoch 8: val_accuracy did not improve from 0.74825
Epoch 8: early stopping
>#1: 74.825

Epoch 1: val_accuracy improved from -inf to 0.50488, saving model to models\surrogate_FT_simples_10000_LSTM_model_1.h5

Epoch 2: val_accuracy did not improve from 0.50488

Epoch 3: val_accuracy did not improve from 0.50488

Epoch 4: val_accuracy did not improve from 0.50488

Epoch 5: val_accuracy improved from 0.50488 to 0.74825, saving model to models\surrogate_FT_simples_10000_LSTM_model_1.h5

Epoch 6: val_accuracy did not improve from 0.74825

Epoch 7: val_accuracy did not improve from 0.74825

Epoch 8: val_accuracy did not improve from 0.74825

Epoch 9: val_accuracy did not improve from 0.74825

Epoch 10: val_accuracy did not improve from 0.74825
Epoch 10: early stopping
>#2: 74.825

Epoch 1: val_accuracy improved from -inf to 0.50488, saving model to models\surrogate_FT_simples_10000_LSTM_model_2.h5

Epoch 2: val_accuracy improved from 0.50488 to 0.73975, saving model to models\surrogate_FT_simples_10000_LSTM_model_2.h5

Epoch 3: val_accuracy did not improve from 0.73975

Epoch 4: val_accuracy did not improve from 0.73975

Epoch 5: val_accuracy did not improve from 0.73975

Epoch 6: val_accuracy did not improve from 0.73975

Epoch 7: val_accuracy did not improve from 0.73975
Epoch 7: early stopping
>#3: 73.975

Epoch 1: val_accuracy improved from -inf to 0.49512, saving model to models\surrogate_FT_simples_10000_LSTM_model_3.h5

Epoch 2: val_accuracy did not improve from 0.49512

Epoch 3: val_accuracy improved from 0.49512 to 0.50488, saving model to models\surrogate_FT_simples_10000_LSTM_model_3.h5

Epoch 4: val_accuracy did not improve from 0.50488

Epoch 5: val_accuracy did not improve from 0.50488

Epoch 6: val_accuracy did not improve from 0.50488

Epoch 7: val_accuracy did not improve from 0.50488

Epoch 8: val_accuracy did not improve from 0.50488
Epoch 8: early stopping
>#4: 50.488

Epoch 1: val_accuracy improved from -inf to 0.49512, saving model to models\surrogate_FT_simples_10000_LSTM_model_4.h5

Epoch 2: val_accuracy did not improve from 0.49512

Epoch 3: val_accuracy improved from 0.49512 to 0.50488, saving model to models\surrogate_FT_simples_10000_LSTM_model_4.h5

Epoch 4: val_accuracy did not improve from 0.50488

Epoch 5: val_accuracy did not improve from 0.50488

Epoch 6: val_accuracy did not improve from 0.50488

Epoch 7: val_accuracy did not improve from 0.50488

Epoch 8: val_accuracy did not improve from 0.50488
Epoch 8: early stopping
>#5: 50.488

Epoch 1: val_accuracy improved from -inf to 0.49512, saving model to models\surrogate_FT_simples_10000_LSTM_model_5.h5

Epoch 2: val_accuracy did not improve from 0.49512

Epoch 3: val_accuracy improved from 0.49512 to 0.74825, saving model to models\surrogate_FT_simples_10000_LSTM_model_5.h5

Epoch 4: val_accuracy did not improve from 0.74825

Epoch 5: val_accuracy did not improve from 0.74825

Epoch 6: val_accuracy did not improve from 0.74825

Epoch 7: val_accuracy did not improve from 0.74825

Epoch 8: val_accuracy did not improve from 0.74825
Epoch 8: early stopping
>#6: 74.825

Epoch 1: val_accuracy improved from -inf to 0.49512, saving model to models\surrogate_FT_simples_10000_LSTM_model_6.h5

Epoch 2: val_accuracy did not improve from 0.49512

Epoch 3: val_accuracy did not improve from 0.49512

Epoch 4: val_accuracy did not improve from 0.49512

Epoch 5: val_accuracy did not improve from 0.49512

Epoch 6: val_accuracy did not improve from 0.49512
Epoch 6: early stopping
>#7: 49.512

Epoch 1: val_accuracy improved from -inf to 0.49512, saving model to models\surrogate_FT_simples_10000_LSTM_model_7.h5

Epoch 2: val_accuracy did not improve from 0.49512

Epoch 3: val_accuracy did not improve from 0.49512

Epoch 4: val_accuracy did not improve from 0.49512

Epoch 5: val_accuracy did not improve from 0.49512

Epoch 6: val_accuracy improved from 0.49512 to 0.50488, saving model to models\surrogate_FT_simples_10000_LSTM_model_7.h5

Epoch 7: val_accuracy did not improve from 0.50488

Epoch 8: val_accuracy did not improve from 0.50488

Epoch 9: val_accuracy did not improve from 0.50488

Epoch 10: val_accuracy did not improve from 0.50488

Epoch 11: val_accuracy improved from 0.50488 to 0.50500, saving model to models\surrogate_FT_simples_10000_LSTM_model_7.h5

Epoch 12: val_accuracy did not improve from 0.50500

Epoch 13: val_accuracy did not improve from 0.50500

Epoch 14: val_accuracy did not improve from 0.50500

Epoch 15: val_accuracy did not improve from 0.50500

Epoch 16: val_accuracy did not improve from 0.50500
Epoch 16: early stopping
>#8: 50.500

Epoch 1: val_accuracy improved from -inf to 0.50488, saving model to models\surrogate_FT_simples_10000_LSTM_model_8.h5

Epoch 2: val_accuracy did not improve from 0.50488

Epoch 3: val_accuracy did not improve from 0.50488

Epoch 4: val_accuracy did not improve from 0.50488

Epoch 5: val_accuracy did not improve from 0.50488

Epoch 6: val_accuracy did not improve from 0.50488
Epoch 6: early stopping
>#9: 50.488

Epoch 1: val_accuracy improved from -inf to 0.50488, saving model to models\surrogate_FT_simples_10000_LSTM_model_9.h5

Epoch 2: val_accuracy did not improve from 0.50488

Epoch 3: val_accuracy improved from 0.50488 to 0.74825, saving model to models\surrogate_FT_simples_10000_LSTM_model_9.h5

Epoch 4: val_accuracy did not improve from 0.74825

Epoch 5: val_accuracy did not improve from 0.74825

Epoch 6: val_accuracy did not improve from 0.74825

Epoch 7: val_accuracy did not improve from 0.74825

Epoch 8: val_accuracy did not improve from 0.74825
Epoch 8: early stopping
>#10: 74.825
------------------ summarize results -------------------------
DL_model: LSTM_model
scores: [74.82500076293945, 74.82500076293945, 73.97500276565552, 50.48750042915344, 50.48750042915344, 74.82500076293945, 49.51249957084656, 50.49999952316284, 50.48750042915344, 74.82500076293945]
Accuracy mean (std): 62.475% (12.186)

Running time 427.0 seconds
------------------------------ 01 Completed ------------------------------

------------------------------ 02 Start Evaluation ------------------------------
surr_type: FT
simples: 10000
ID_train: IV_III
DL_model: LSTM_model
repeats: 10

02_evaluation_performance directory already exists!
# 0 >> accuracy: 0.7448750138282776
# 1 >> accuracy: 0.7448750138282776
# 2 >> accuracy: 0.734624981880188
# 3 >> accuracy: 0.4948750138282776
# 4 >> accuracy: 0.4948750138282776
# 5 >> accuracy: 0.7448750138282776
# 6 >> accuracy: 0.5051249861717224
# 7 >> accuracy: 0.49524998664855957
# 8 >> accuracy: 0.4948750138282776
# 9 >> accuracy: 0.7448750138282776
The results have been saved to a txt file: 02_evaluation_performance/evaluation_performance_surrogate_FT_simples_10000_LSTM_model_train_IV_III.txt

Running time 31.2 seconds
------------------------------ 02 Completed Evaluation ------------------------------

------------------------------ 03 Start sliding windows ------------------------------
surr_type: FT
simples: 10000
ID_train: IV_III
ID_test: I
Variable_label: paleoclimate
tsid: 1
features: 300
sw_width: 454

03_sliding_window_data directory already exists!
I.shape: (909, 2)
success-> sliding_window_features_shape (real=(909-454+1, 300)):  (456, 300)
------------------------------ 03 Completed sliding windows ------------------------------

------------------------------ 04 Start predicate ------------------------------
surr_type: FT
simples: 10000
ID_train: IV_III
ID_test: I
DL_model: LSTM_model
repeats: 10

04_prediction_data directory already exists!
X_test.shape (456, 300)
X_test_array.shape:  (456, 300, 1)
--------------- prediction ... ---------------
y_pred_list.shape (456, 10)
------------------------------ 04 Completed predicate ------------------------------

------------------------------ 05 Start plots ------------------------------
surr_type: FT
simples: 10000
ID_train: IV_III
ID_test: I
Variable_label: paleoclimate
DL_model: LSTM_model
sw_width: 454
tsid: 1

05_ews_data_and_figures directory already exists!
05_ews_data_and_figures/data directory already exists!
05_ews_data_and_figures/data/FT directory already exists!
05_ews_data_and_figures/figures directory already exists!
05_ews_data_and_figures/figures/FT directory already exists!

Record_period: End_of_glaciation_I
start_age, transition_start, transition_end: -108025.0 -17000 -13828.0
sliding_window_I: 454
------------------------------ 05 Completed plots ------------------------------

------------------------------ 07 Start ROC for dl ------------------------------
surr_type: FT
simples: 10000
ID_merge_tsid: [2,1]
DL_model: LSTM_model
repeats: 10
features: 300

07_roc_data_and_figures_sdml directory already exists!
07_roc_data_and_figures_sdml/data directory already exists!
07_roc_data_and_figures_sdml/data/FT directory already exists!
07_roc_data_and_figures_sdml/data/FT/ROC directory already exists!
07_roc_data_and_figures_sdml/figures directory already exists!
07_roc_data_and_figures_sdml/figures/FT directory already exists!

07_roc_data_and_figures_sdml/figures/FT/ROC directory already exists!

len_eval_pts = 40

----- 01 forced trajectories and compute EWS -----
tsid= 2
Complete for forced tsid=2
tsid= 1
Complete for forced tsid=1
----- 01 null trajectories and compute EWS -----
Complete for null tsid=2
Complete for null tsid=1
----- 02 Compute ROC curves -----
Exported ROC data to 07_roc_data_and_figures_sdml/data/FT/ROC/df_roc_surrogate_FT_simples_10000_LSTM_model_[2,1].csv
Exported ROC figure to 07_roc_data_and_figures_sdml/figures/FT/ROC/figure_roc_surrogate_FT_simples_10000_LSTM_model_[2,1].png
Ran in 21.59s
------------------------------ 07 Completed ROC for dl ------------------------------

------------------------------ 07 Start ROC for dl ------------------------------
surr_type: FT
simples: 10000
ID_merge_tsid: [4,3]
DL_model: LSTM_model
repeats: 10
features: 300

07_roc_data_and_figures_sdml directory already exists!
07_roc_data_and_figures_sdml/data directory already exists!
07_roc_data_and_figures_sdml/data/FT directory already exists!
07_roc_data_and_figures_sdml/data/FT/ROC directory already exists!
07_roc_data_and_figures_sdml/figures directory already exists!
07_roc_data_and_figures_sdml/figures/FT directory already exists!

07_roc_data_and_figures_sdml/figures/FT/ROC directory already exists!

len_eval_pts = 40

----- 01 forced trajectories and compute EWS -----
tsid= 4
Complete for forced tsid=4
tsid= 3
Complete for forced tsid=3
----- 01 null trajectories and compute EWS -----
Complete for null tsid=4
Complete for null tsid=3
----- 02 Compute ROC curves -----
Exported ROC data to 07_roc_data_and_figures_sdml/data/FT/ROC/df_roc_surrogate_FT_simples_10000_LSTM_model_[4,3].csv
Exported ROC figure to 07_roc_data_and_figures_sdml/figures/FT/ROC/figure_roc_surrogate_FT_simples_10000_LSTM_model_[4,3].png
Ran in 21.72s
------------------------------ 07 Completed ROC for dl ------------------------------

------------------------------ 07 Start ROC for dl ------------------------------
surr_type: FT
simples: 10000
ID_merge_tsid: all
DL_model: LSTM_model
repeats: 10
features: 300

07_roc_data_and_figures_sdml directory already exists!
07_roc_data_and_figures_sdml/data directory already exists!
07_roc_data_and_figures_sdml/data/FT directory already exists!
07_roc_data_and_figures_sdml/data/FT/ROC directory already exists!
07_roc_data_and_figures_sdml/figures directory already exists!
07_roc_data_and_figures_sdml/figures/FT directory already exists!

07_roc_data_and_figures_sdml/figures/FT/ROC directory already exists!

len_eval_pts = 40

----- 01 forced trajectories and compute EWS -----
tsid= 1
Complete for forced tsid=1
tsid= 2
Complete for forced tsid=2
tsid= 3
Complete for forced tsid=3
tsid= 4
Complete for forced tsid=4
----- 01 null trajectories and compute EWS -----
Complete for null tsid=1
Complete for null tsid=2
Complete for null tsid=3
Complete for null tsid=4
----- 02 Compute ROC curves -----
Exported ROC data to 07_roc_data_and_figures_sdml/data/FT/ROC/df_roc_surrogate_FT_simples_10000_LSTM_model_all.csv
Exported ROC figure to 07_roc_data_and_figures_sdml/figures/FT/ROC/figure_roc_surrogate_FT_simples_10000_LSTM_model_all.png
Ran in 34.33s
------------------------------ 07 Completed ROC for dl ------------------------------

------------------------------ 03 Start sliding windows ------------------------------
surr_type: FT
simples: 10000
ID_train: IV_III
ID_test: II
Variable_label: paleoclimate
tsid: 2
features: 300
sw_width: 446

03_sliding_window_data directory already exists!
II.shape: (893, 2)
success-> sliding_window_features_shape (real=(893-446+1, 300)):  (448, 300)
------------------------------ 03 Completed sliding windows ------------------------------

------------------------------ 04 Start predicate ------------------------------
surr_type: FT
simples: 10000
ID_train: IV_III
ID_test: II
DL_model: LSTM_model
repeats: 10

04_prediction_data directory already exists!
X_test.shape (448, 300)
X_test_array.shape:  (448, 300, 1)
--------------- prediction ... ---------------
y_pred_list.shape (448, 10)
------------------------------ 04 Completed predicate ------------------------------

------------------------------ 05 Start plots ------------------------------
surr_type: FT
simples: 10000
ID_train: IV_III
ID_test: II
Variable_label: paleoclimate
DL_model: LSTM_model
sw_width: 446
tsid: 2

05_ews_data_and_figures directory already exists!
05_ews_data_and_figures/data directory already exists!
05_ews_data_and_figures/data/FT directory already exists!
05_ews_data_and_figures/figures directory already exists!
05_ews_data_and_figures/figures/FT directory already exists!

Record_period: End_of_glaciation_II
start_age, transition_start, transition_end: -224351.0 -135000 -129705.0
sliding_window_II: 446
------------------------------ 05 Completed plots ------------------------------

-------------------------------------------------------------------------------------
Using GPU for TensorFlow.
------------------------------ 01 Start run ------------------------------
Data_folder: paleoclimate
surr_type: FT
simples: 10000
ID_train: IV_III
DL_model: CNN_LSTM_model
repeats: 10

01_evaluation_data directory already exists!
models directory already exists!

full_path= G:/surrogate_data_based_machine_learning_v4.0.0/paleoclimate/01_data_preprocessing/02_extracte_and_generate_surrogate_dataset/paleoclimate/data/merge_surrogate_FT_simples_10000_train_IV_III.csv

Epoch 1: val_accuracy improved from -inf to 0.50488, saving model to models\surrogate_FT_simples_10000_CNN_LSTM_model_0.h5

Epoch 2: val_accuracy did not improve from 0.50488

Epoch 3: val_accuracy did not improve from 0.50488

Epoch 4: val_accuracy did not improve from 0.50488

Epoch 5: val_accuracy did not improve from 0.50488

Epoch 6: val_accuracy did not improve from 0.50488
Epoch 6: early stopping
>#1: 50.488

Epoch 1: val_accuracy improved from -inf to 0.49512, saving model to models\surrogate_FT_simples_10000_CNN_LSTM_model_1.h5

Epoch 2: val_accuracy did not improve from 0.49512

Epoch 3: val_accuracy did not improve from 0.49512

Epoch 4: val_accuracy improved from 0.49512 to 0.50488, saving model to models\surrogate_FT_simples_10000_CNN_LSTM_model_1.h5

Epoch 5: val_accuracy did not improve from 0.50488

Epoch 6: val_accuracy did not improve from 0.50488

Epoch 7: val_accuracy did not improve from 0.50488

Epoch 8: val_accuracy did not improve from 0.50488

Epoch 9: val_accuracy did not improve from 0.50488
Epoch 9: early stopping
>#2: 50.488

Epoch 1: val_accuracy improved from -inf to 0.50488, saving model to models\surrogate_FT_simples_10000_CNN_LSTM_model_2.h5

Epoch 2: val_accuracy did not improve from 0.50488

Epoch 3: val_accuracy did not improve from 0.50488

Epoch 4: val_accuracy did not improve from 0.50488

Epoch 5: val_accuracy did not improve from 0.50488

Epoch 6: val_accuracy did not improve from 0.50488
Epoch 6: early stopping
>#3: 50.488

Epoch 1: val_accuracy improved from -inf to 0.49512, saving model to models\surrogate_FT_simples_10000_CNN_LSTM_model_3.h5

Epoch 2: val_accuracy did not improve from 0.49512

Epoch 3: val_accuracy improved from 0.49512 to 0.50488, saving model to models\surrogate_FT_simples_10000_CNN_LSTM_model_3.h5

Epoch 4: val_accuracy did not improve from 0.50488

Epoch 5: val_accuracy did not improve from 0.50488

Epoch 6: val_accuracy did not improve from 0.50488

Epoch 7: val_accuracy did not improve from 0.50488

Epoch 8: val_accuracy did not improve from 0.50488
Epoch 8: early stopping
>#4: 50.488

Epoch 1: val_accuracy improved from -inf to 0.49512, saving model to models\surrogate_FT_simples_10000_CNN_LSTM_model_4.h5

Epoch 2: val_accuracy did not improve from 0.49512

Epoch 3: val_accuracy did not improve from 0.49512

Epoch 4: val_accuracy did not improve from 0.49512

Epoch 5: val_accuracy did not improve from 0.49512

Epoch 6: val_accuracy improved from 0.49512 to 0.50488, saving model to models\surrogate_FT_simples_10000_CNN_LSTM_model_4.h5

Epoch 7: val_accuracy did not improve from 0.50488

Epoch 8: val_accuracy did not improve from 0.50488

Epoch 9: val_accuracy did not improve from 0.50488

Epoch 10: val_accuracy did not improve from 0.50488

Epoch 11: val_accuracy did not improve from 0.50488
Epoch 11: early stopping
>#5: 50.488

Epoch 1: val_accuracy improved from -inf to 0.50488, saving model to models\surrogate_FT_simples_10000_CNN_LSTM_model_5.h5

Epoch 2: val_accuracy did not improve from 0.50488

Epoch 3: val_accuracy did not improve from 0.50488

Epoch 4: val_accuracy did not improve from 0.50488

Epoch 5: val_accuracy did not improve from 0.50488

Epoch 6: val_accuracy did not improve from 0.50488
Epoch 6: early stopping
>#6: 50.488

Epoch 1: val_accuracy improved from -inf to 0.50150, saving model to models\surrogate_FT_simples_10000_CNN_LSTM_model_6.h5

Epoch 2: val_accuracy improved from 0.50150 to 0.50488, saving model to models\surrogate_FT_simples_10000_CNN_LSTM_model_6.h5

Epoch 3: val_accuracy did not improve from 0.50488

Epoch 4: val_accuracy did not improve from 0.50488

Epoch 5: val_accuracy did not improve from 0.50488

Epoch 6: val_accuracy did not improve from 0.50488

Epoch 7: val_accuracy did not improve from 0.50488
Epoch 7: early stopping
>#7: 50.488

Epoch 1: val_accuracy improved from -inf to 0.50488, saving model to models\surrogate_FT_simples_10000_CNN_LSTM_model_7.h5

Epoch 2: val_accuracy did not improve from 0.50488

Epoch 3: val_accuracy did not improve from 0.50488

Epoch 4: val_accuracy did not improve from 0.50488

Epoch 5: val_accuracy did not improve from 0.50488

Epoch 6: val_accuracy did not improve from 0.50488
Epoch 6: early stopping
>#8: 50.488

Epoch 1: val_accuracy improved from -inf to 0.49512, saving model to models\surrogate_FT_simples_10000_CNN_LSTM_model_8.h5

Epoch 2: val_accuracy did not improve from 0.49512

Epoch 3: val_accuracy improved from 0.49512 to 0.50488, saving model to models\surrogate_FT_simples_10000_CNN_LSTM_model_8.h5

Epoch 4: val_accuracy did not improve from 0.50488

Epoch 5: val_accuracy did not improve from 0.50488

Epoch 6: val_accuracy did not improve from 0.50488

Epoch 7: val_accuracy did not improve from 0.50488

Epoch 8: val_accuracy did not improve from 0.50488
Epoch 8: early stopping
>#9: 50.488

Epoch 1: val_accuracy improved from -inf to 0.50488, saving model to models\surrogate_FT_simples_10000_CNN_LSTM_model_9.h5

Epoch 2: val_accuracy did not improve from 0.50488

Epoch 3: val_accuracy did not improve from 0.50488

Epoch 4: val_accuracy did not improve from 0.50488

Epoch 5: val_accuracy did not improve from 0.50488

Epoch 6: val_accuracy did not improve from 0.50488
Epoch 6: early stopping
>#10: 50.488
------------------ summarize results -------------------------
DL_model: CNN_LSTM_model
scores: [50.48750042915344, 50.48750042915344, 50.48750042915344, 50.48750042915344, 50.48750042915344, 50.48750042915344, 50.48750042915344, 50.48750042915344, 50.48750042915344, 50.48750042915344]
Accuracy mean (std): 50.488% (0.000)

Running time 228.8 seconds
------------------------------ 01 Completed ------------------------------

------------------------------ 02 Start Evaluation ------------------------------
surr_type: FT
simples: 10000
ID_train: IV_III
DL_model: CNN_LSTM_model
repeats: 10

02_evaluation_performance directory already exists!
# 0 >> accuracy: 0.4948750138282776
# 1 >> accuracy: 0.4948750138282776
# 2 >> accuracy: 0.4948750138282776
# 3 >> accuracy: 0.4948750138282776
# 4 >> accuracy: 0.4948750138282776
# 5 >> accuracy: 0.4948750138282776
# 6 >> accuracy: 0.4948750138282776
# 7 >> accuracy: 0.4948750138282776
# 8 >> accuracy: 0.4948750138282776
# 9 >> accuracy: 0.4948750138282776
The results have been saved to a txt file: 02_evaluation_performance/evaluation_performance_surrogate_FT_simples_10000_CNN_LSTM_model_train_IV_III.txt

Running time 27.5 seconds
------------------------------ 02 Completed Evaluation ------------------------------

------------------------------ 03 Start sliding windows ------------------------------
surr_type: FT
simples: 10000
ID_train: IV_III
ID_test: I
Variable_label: paleoclimate
tsid: 1
features: 300
sw_width: 454

03_sliding_window_data directory already exists!
I.shape: (909, 2)
success-> sliding_window_features_shape (real=(909-454+1, 300)):  (456, 300)
------------------------------ 03 Completed sliding windows ------------------------------

------------------------------ 04 Start predicate ------------------------------
surr_type: FT
simples: 10000
ID_train: IV_III
ID_test: I
DL_model: CNN_LSTM_model
repeats: 10

04_prediction_data directory already exists!
X_test.shape (456, 300)
X_test_array.shape:  (456, 300, 1)
--------------- prediction ... ---------------
textX=(samples, steps, length, channels): (456, 10, 30, 1)
textX=(samples, steps, length, channels): (456, 10, 30, 1)
textX=(samples, steps, length, channels): (456, 10, 30, 1)
textX=(samples, steps, length, channels): (456, 10, 30, 1)
textX=(samples, steps, length, channels): (456, 10, 30, 1)
textX=(samples, steps, length, channels): (456, 10, 30, 1)
textX=(samples, steps, length, channels): (456, 10, 30, 1)
textX=(samples, steps, length, channels): (456, 10, 30, 1)
textX=(samples, steps, length, channels): (456, 10, 30, 1)
textX=(samples, steps, length, channels): (456, 10, 30, 1)
y_pred_list.shape (456, 10)
------------------------------ 04 Completed predicate ------------------------------

------------------------------ 05 Start plots ------------------------------
surr_type: FT
simples: 10000
ID_train: IV_III
ID_test: I
Variable_label: paleoclimate
DL_model: CNN_LSTM_model
sw_width: 454
tsid: 1

05_ews_data_and_figures directory already exists!
05_ews_data_and_figures/data directory already exists!
05_ews_data_and_figures/data/FT directory already exists!
05_ews_data_and_figures/figures directory already exists!
05_ews_data_and_figures/figures/FT directory already exists!

Record_period: End_of_glaciation_I
start_age, transition_start, transition_end: -108025.0 -17000 -13828.0
sliding_window_I: 454
------------------------------ 05 Completed plots ------------------------------

------------------------------ 07 Start ROC for dl ------------------------------
surr_type: FT
simples: 10000
ID_merge_tsid: [2,1]
DL_model: CNN_LSTM_model
repeats: 10
features: 300

07_roc_data_and_figures_sdml directory already exists!
07_roc_data_and_figures_sdml/data directory already exists!
07_roc_data_and_figures_sdml/data/FT directory already exists!
07_roc_data_and_figures_sdml/data/FT/ROC directory already exists!
07_roc_data_and_figures_sdml/figures directory already exists!
07_roc_data_and_figures_sdml/figures/FT directory already exists!

07_roc_data_and_figures_sdml/figures/FT/ROC directory already exists!

len_eval_pts = 40

----- 01 forced trajectories and compute EWS -----
tsid= 2
Complete for forced tsid=2
tsid= 1
Complete for forced tsid=1
----- 01 null trajectories and compute EWS -----
Complete for null tsid=2
Complete for null tsid=1
----- 02 Compute ROC curves -----
Exported ROC data to 07_roc_data_and_figures_sdml/data/FT/ROC/df_roc_surrogate_FT_simples_10000_CNN_LSTM_model_[2,1].csv
Exported ROC figure to 07_roc_data_and_figures_sdml/figures/FT/ROC/figure_roc_surrogate_FT_simples_10000_CNN_LSTM_model_[2,1].png
Ran in 25.29s
------------------------------ 07 Completed ROC for dl ------------------------------

------------------------------ 07 Start ROC for dl ------------------------------
surr_type: FT
simples: 10000
ID_merge_tsid: [4,3]
DL_model: CNN_LSTM_model
repeats: 10
features: 300

07_roc_data_and_figures_sdml directory already exists!
07_roc_data_and_figures_sdml/data directory already exists!
07_roc_data_and_figures_sdml/data/FT directory already exists!
07_roc_data_and_figures_sdml/data/FT/ROC directory already exists!
07_roc_data_and_figures_sdml/figures directory already exists!
07_roc_data_and_figures_sdml/figures/FT directory already exists!

07_roc_data_and_figures_sdml/figures/FT/ROC directory already exists!

len_eval_pts = 40

----- 01 forced trajectories and compute EWS -----
tsid= 4
Complete for forced tsid=4
tsid= 3
Complete for forced tsid=3
----- 01 null trajectories and compute EWS -----
Complete for null tsid=4
Complete for null tsid=3
----- 02 Compute ROC curves -----
Exported ROC data to 07_roc_data_and_figures_sdml/data/FT/ROC/df_roc_surrogate_FT_simples_10000_CNN_LSTM_model_[4,3].csv
Exported ROC figure to 07_roc_data_and_figures_sdml/figures/FT/ROC/figure_roc_surrogate_FT_simples_10000_CNN_LSTM_model_[4,3].png
Ran in 25.36s
------------------------------ 07 Completed ROC for dl ------------------------------

------------------------------ 07 Start ROC for dl ------------------------------
surr_type: FT
simples: 10000
ID_merge_tsid: all
DL_model: CNN_LSTM_model
repeats: 10
features: 300

07_roc_data_and_figures_sdml directory already exists!
07_roc_data_and_figures_sdml/data directory already exists!
07_roc_data_and_figures_sdml/data/FT directory already exists!
07_roc_data_and_figures_sdml/data/FT/ROC directory already exists!
07_roc_data_and_figures_sdml/figures directory already exists!
07_roc_data_and_figures_sdml/figures/FT directory already exists!

07_roc_data_and_figures_sdml/figures/FT/ROC directory already exists!

len_eval_pts = 40

----- 01 forced trajectories and compute EWS -----
tsid= 1
Complete for forced tsid=1
tsid= 2
Complete for forced tsid=2
tsid= 3
Complete for forced tsid=3
tsid= 4
Complete for forced tsid=4
----- 01 null trajectories and compute EWS -----
Complete for null tsid=1
Complete for null tsid=2
Complete for null tsid=3
Complete for null tsid=4
----- 02 Compute ROC curves -----
Exported ROC data to 07_roc_data_and_figures_sdml/data/FT/ROC/df_roc_surrogate_FT_simples_10000_CNN_LSTM_model_all.csv
Exported ROC figure to 07_roc_data_and_figures_sdml/figures/FT/ROC/figure_roc_surrogate_FT_simples_10000_CNN_LSTM_model_all.png
Ran in 38.99s
------------------------------ 07 Completed ROC for dl ------------------------------

------------------------------ 03 Start sliding windows ------------------------------
surr_type: FT
simples: 10000
ID_train: IV_III
ID_test: II
Variable_label: paleoclimate
tsid: 2
features: 300
sw_width: 446

03_sliding_window_data directory already exists!
II.shape: (893, 2)
success-> sliding_window_features_shape (real=(893-446+1, 300)):  (448, 300)
------------------------------ 03 Completed sliding windows ------------------------------

------------------------------ 04 Start predicate ------------------------------
surr_type: FT
simples: 10000
ID_train: IV_III
ID_test: II
DL_model: CNN_LSTM_model
repeats: 10

04_prediction_data directory already exists!
X_test.shape (448, 300)
X_test_array.shape:  (448, 300, 1)
--------------- prediction ... ---------------
textX=(samples, steps, length, channels): (448, 10, 30, 1)
textX=(samples, steps, length, channels): (448, 10, 30, 1)
textX=(samples, steps, length, channels): (448, 10, 30, 1)
textX=(samples, steps, length, channels): (448, 10, 30, 1)
textX=(samples, steps, length, channels): (448, 10, 30, 1)
textX=(samples, steps, length, channels): (448, 10, 30, 1)
textX=(samples, steps, length, channels): (448, 10, 30, 1)
textX=(samples, steps, length, channels): (448, 10, 30, 1)
textX=(samples, steps, length, channels): (448, 10, 30, 1)
textX=(samples, steps, length, channels): (448, 10, 30, 1)
y_pred_list.shape (448, 10)
------------------------------ 04 Completed predicate ------------------------------

------------------------------ 05 Start plots ------------------------------
surr_type: FT
simples: 10000
ID_train: IV_III
ID_test: II
Variable_label: paleoclimate
DL_model: CNN_LSTM_model
sw_width: 446
tsid: 2

05_ews_data_and_figures directory already exists!
05_ews_data_and_figures/data directory already exists!
05_ews_data_and_figures/data/FT directory already exists!
05_ews_data_and_figures/figures directory already exists!
05_ews_data_and_figures/figures/FT directory already exists!

Record_period: End_of_glaciation_II
start_age, transition_start, transition_end: -224351.0 -135000 -129705.0
sliding_window_II: 446
------------------------------ 05 Completed plots ------------------------------

-------------------------------------------------------------------------------------
Using GPU for TensorFlow.
------------------------------ 01 Start run ------------------------------
Data_folder: paleoclimate
surr_type: FT
simples: 10000
ID_train: IV_III
DL_model: ConvLSTM_model
repeats: 10

01_evaluation_data directory already exists!
models directory already exists!

full_path= G:/surrogate_data_based_machine_learning_v4.0.0/paleoclimate/01_data_preprocessing/02_extracte_and_generate_surrogate_dataset/paleoclimate/data/merge_surrogate_FT_simples_10000_train_IV_III.csv

Epoch 1: val_accuracy improved from -inf to 0.49512, saving model to models\surrogate_FT_simples_10000_ConvLSTM_model_0.h5

Epoch 2: val_accuracy did not improve from 0.49512

Epoch 3: val_accuracy did not improve from 0.49512

Epoch 4: val_accuracy did not improve from 0.49512

Epoch 5: val_accuracy did not improve from 0.49512

Epoch 6: val_accuracy did not improve from 0.49512
Epoch 6: early stopping
>#1: 49.512

Epoch 1: val_accuracy improved from -inf to 0.49538, saving model to models\surrogate_FT_simples_10000_ConvLSTM_model_1.h5

Epoch 2: val_accuracy did not improve from 0.49538

Epoch 3: val_accuracy did not improve from 0.49538

Epoch 4: val_accuracy did not improve from 0.49538

Epoch 5: val_accuracy did not improve from 0.49538

Epoch 6: val_accuracy improved from 0.49538 to 0.50488, saving model to models\surrogate_FT_simples_10000_ConvLSTM_model_1.h5

Epoch 7: val_accuracy did not improve from 0.50488

Epoch 8: val_accuracy improved from 0.50488 to 0.54263, saving model to models\surrogate_FT_simples_10000_ConvLSTM_model_1.h5

Epoch 9: val_accuracy did not improve from 0.54263

Epoch 10: val_accuracy did not improve from 0.54263

Epoch 11: val_accuracy did not improve from 0.54263

Epoch 12: val_accuracy did not improve from 0.54263

Epoch 13: val_accuracy did not improve from 0.54263
Epoch 13: early stopping
>#2: 54.263

Epoch 1: val_accuracy improved from -inf to 0.50488, saving model to models\surrogate_FT_simples_10000_ConvLSTM_model_2.h5

Epoch 2: val_accuracy did not improve from 0.50488

Epoch 3: val_accuracy did not improve from 0.50488

Epoch 4: val_accuracy did not improve from 0.50488

Epoch 5: val_accuracy did not improve from 0.50488

Epoch 6: val_accuracy did not improve from 0.50488
Epoch 6: early stopping
>#3: 50.488

Epoch 1: val_accuracy improved from -inf to 0.50488, saving model to models\surrogate_FT_simples_10000_ConvLSTM_model_3.h5

Epoch 2: val_accuracy did not improve from 0.50488

Epoch 3: val_accuracy improved from 0.50488 to 0.64900, saving model to models\surrogate_FT_simples_10000_ConvLSTM_model_3.h5

Epoch 4: val_accuracy improved from 0.64900 to 0.70000, saving model to models\surrogate_FT_simples_10000_ConvLSTM_model_3.h5

Epoch 5: val_accuracy did not improve from 0.70000

Epoch 6: val_accuracy did not improve from 0.70000

Epoch 7: val_accuracy did not improve from 0.70000

Epoch 8: val_accuracy did not improve from 0.70000

Epoch 9: val_accuracy did not improve from 0.70000
Epoch 9: early stopping
>#4: 70.000

Epoch 1: val_accuracy improved from -inf to 0.49512, saving model to models\surrogate_FT_simples_10000_ConvLSTM_model_4.h5

Epoch 2: val_accuracy did not improve from 0.49512

Epoch 3: val_accuracy did not improve from 0.49512

Epoch 4: val_accuracy did not improve from 0.49512

Epoch 5: val_accuracy improved from 0.49512 to 0.50488, saving model to models\surrogate_FT_simples_10000_ConvLSTM_model_4.h5

Epoch 6: val_accuracy did not improve from 0.50488

Epoch 7: val_accuracy did not improve from 0.50488

Epoch 8: val_accuracy did not improve from 0.50488

Epoch 9: val_accuracy did not improve from 0.50488

Epoch 10: val_accuracy did not improve from 0.50488
Epoch 10: early stopping
>#5: 50.488

Epoch 1: val_accuracy improved from -inf to 0.49512, saving model to models\surrogate_FT_simples_10000_ConvLSTM_model_5.h5

Epoch 2: val_accuracy did not improve from 0.49512

Epoch 3: val_accuracy improved from 0.49512 to 0.50488, saving model to models\surrogate_FT_simples_10000_ConvLSTM_model_5.h5

Epoch 4: val_accuracy did not improve from 0.50488

Epoch 5: val_accuracy did not improve from 0.50488

Epoch 6: val_accuracy did not improve from 0.50488

Epoch 7: val_accuracy did not improve from 0.50488

Epoch 8: val_accuracy did not improve from 0.50488
Epoch 8: early stopping
>#6: 50.488

Epoch 1: val_accuracy improved from -inf to 0.50150, saving model to models\surrogate_FT_simples_10000_ConvLSTM_model_6.h5

Epoch 2: val_accuracy did not improve from 0.50150

Epoch 3: val_accuracy did not improve from 0.50150

Epoch 4: val_accuracy did not improve from 0.50150

Epoch 5: val_accuracy improved from 0.50150 to 0.50488, saving model to models\surrogate_FT_simples_10000_ConvLSTM_model_6.h5

Epoch 6: val_accuracy did not improve from 0.50488

Epoch 7: val_accuracy did not improve from 0.50488

Epoch 8: val_accuracy did not improve from 0.50488

Epoch 9: val_accuracy did not improve from 0.50488

Epoch 10: val_accuracy did not improve from 0.50488
Epoch 10: early stopping
>#7: 50.488

Epoch 1: val_accuracy improved from -inf to 0.62125, saving model to models\surrogate_FT_simples_10000_ConvLSTM_model_7.h5

Epoch 2: val_accuracy did not improve from 0.62125

Epoch 3: val_accuracy did not improve from 0.62125

Epoch 4: val_accuracy did not improve from 0.62125

Epoch 5: val_accuracy did not improve from 0.62125

Epoch 6: val_accuracy did not improve from 0.62125
Epoch 6: early stopping
>#8: 62.125

Epoch 1: val_accuracy improved from -inf to 0.50500, saving model to models\surrogate_FT_simples_10000_ConvLSTM_model_8.h5

Epoch 2: val_accuracy did not improve from 0.50500

Epoch 3: val_accuracy did not improve from 0.50500

Epoch 4: val_accuracy did not improve from 0.50500

Epoch 5: val_accuracy did not improve from 0.50500

Epoch 6: val_accuracy did not improve from 0.50500
Epoch 6: early stopping
>#9: 50.500

Epoch 1: val_accuracy improved from -inf to 0.49525, saving model to models\surrogate_FT_simples_10000_ConvLSTM_model_9.h5

Epoch 2: val_accuracy improved from 0.49525 to 0.51200, saving model to models\surrogate_FT_simples_10000_ConvLSTM_model_9.h5

Epoch 3: val_accuracy improved from 0.51200 to 0.68512, saving model to models\surrogate_FT_simples_10000_ConvLSTM_model_9.h5

Epoch 4: val_accuracy did not improve from 0.68512

Epoch 5: val_accuracy did not improve from 0.68512

Epoch 6: val_accuracy did not improve from 0.68512

Epoch 7: val_accuracy did not improve from 0.68512

Epoch 8: val_accuracy did not improve from 0.68512
Epoch 8: early stopping
>#10: 68.512
------------------ summarize results -------------------------
DL_model: ConvLSTM_model
scores: [49.51249957084656, 54.26250100135803, 50.48750042915344, 69.9999988079071, 50.48750042915344, 50.48750042915344, 50.48750042915344, 62.12499737739563, 50.49999952316284, 68.51249933242798]
Accuracy mean (std): 55.686% (7.655)

Running time 903.9 seconds
------------------------------ 01 Completed ------------------------------

------------------------------ 02 Start Evaluation ------------------------------
surr_type: FT
simples: 10000
ID_train: IV_III
DL_model: ConvLSTM_model
repeats: 10

02_evaluation_performance directory already exists!
# 0 >> accuracy: 0.5051249861717224
# 1 >> accuracy: 0.549875020980835
# 2 >> accuracy: 0.4948750138282776
# 3 >> accuracy: 0.7011250257492065
# 4 >> accuracy: 0.4948750138282776
# 5 >> accuracy: 0.4948750138282776
# 6 >> accuracy: 0.4948750138282776
# 7 >> accuracy: 0.6132500171661377
# 8 >> accuracy: 0.4948750138282776
# 9 >> accuracy: 0.6759999990463257
The results have been saved to a txt file: 02_evaluation_performance/evaluation_performance_surrogate_FT_simples_10000_ConvLSTM_model_train_IV_III.txt

Running time 54.1 seconds
------------------------------ 02 Completed Evaluation ------------------------------

------------------------------ 03 Start sliding windows ------------------------------
surr_type: FT
simples: 10000
ID_train: IV_III
ID_test: I
Variable_label: paleoclimate
tsid: 1
features: 300
sw_width: 454

03_sliding_window_data directory already exists!
I.shape: (909, 2)
success-> sliding_window_features_shape (real=(909-454+1, 300)):  (456, 300)
------------------------------ 03 Completed sliding windows ------------------------------

------------------------------ 04 Start predicate ------------------------------
surr_type: FT
simples: 10000
ID_train: IV_III
ID_test: I
DL_model: ConvLSTM_model
repeats: 10

04_prediction_data directory already exists!
X_test.shape (456, 300)
X_test_array.shape:  (456, 300, 1)
--------------- prediction ... ---------------
textX=(samples, time steps, rows, cols, channels): (456, 10, 1, 30, 1)
textX=(samples, time steps, rows, cols, channels): (456, 10, 1, 30, 1)
textX=(samples, time steps, rows, cols, channels): (456, 10, 1, 30, 1)
textX=(samples, time steps, rows, cols, channels): (456, 10, 1, 30, 1)
textX=(samples, time steps, rows, cols, channels): (456, 10, 1, 30, 1)
textX=(samples, time steps, rows, cols, channels): (456, 10, 1, 30, 1)
textX=(samples, time steps, rows, cols, channels): (456, 10, 1, 30, 1)
textX=(samples, time steps, rows, cols, channels): (456, 10, 1, 30, 1)
textX=(samples, time steps, rows, cols, channels): (456, 10, 1, 30, 1)
textX=(samples, time steps, rows, cols, channels): (456, 10, 1, 30, 1)
y_pred_list.shape (456, 10)
------------------------------ 04 Completed predicate ------------------------------

------------------------------ 05 Start plots ------------------------------
surr_type: FT
simples: 10000
ID_train: IV_III
ID_test: I
Variable_label: paleoclimate
DL_model: ConvLSTM_model
sw_width: 454
tsid: 1

05_ews_data_and_figures directory already exists!
05_ews_data_and_figures/data directory already exists!
05_ews_data_and_figures/data/FT directory already exists!
05_ews_data_and_figures/figures directory already exists!
05_ews_data_and_figures/figures/FT directory already exists!

Record_period: End_of_glaciation_I
start_age, transition_start, transition_end: -108025.0 -17000 -13828.0
sliding_window_I: 454
------------------------------ 05 Completed plots ------------------------------

------------------------------ 07 Start ROC for dl ------------------------------
surr_type: FT
simples: 10000
ID_merge_tsid: [2,1]
DL_model: ConvLSTM_model
repeats: 10
features: 300

07_roc_data_and_figures_sdml directory already exists!
07_roc_data_and_figures_sdml/data directory already exists!
07_roc_data_and_figures_sdml/data/FT directory already exists!
07_roc_data_and_figures_sdml/data/FT/ROC directory already exists!
07_roc_data_and_figures_sdml/figures directory already exists!
07_roc_data_and_figures_sdml/figures/FT directory already exists!

07_roc_data_and_figures_sdml/figures/FT/ROC directory already exists!

len_eval_pts = 40

----- 01 forced trajectories and compute EWS -----
tsid= 2
Complete for forced tsid=2
tsid= 1
Complete for forced tsid=1
----- 01 null trajectories and compute EWS -----
Complete for null tsid=2
Complete for null tsid=1
----- 02 Compute ROC curves -----
Exported ROC data to 07_roc_data_and_figures_sdml/data/FT/ROC/df_roc_surrogate_FT_simples_10000_ConvLSTM_model_[2,1].csv
Exported ROC figure to 07_roc_data_and_figures_sdml/figures/FT/ROC/figure_roc_surrogate_FT_simples_10000_ConvLSTM_model_[2,1].png
Ran in 16.93s
------------------------------ 07 Completed ROC for dl ------------------------------

------------------------------ 07 Start ROC for dl ------------------------------
surr_type: FT
simples: 10000
ID_merge_tsid: [4,3]
DL_model: ConvLSTM_model
repeats: 10
features: 300

07_roc_data_and_figures_sdml directory already exists!
07_roc_data_and_figures_sdml/data directory already exists!
07_roc_data_and_figures_sdml/data/FT directory already exists!
07_roc_data_and_figures_sdml/data/FT/ROC directory already exists!
07_roc_data_and_figures_sdml/figures directory already exists!
07_roc_data_and_figures_sdml/figures/FT directory already exists!

07_roc_data_and_figures_sdml/figures/FT/ROC directory already exists!

len_eval_pts = 40

----- 01 forced trajectories and compute EWS -----
tsid= 4
Complete for forced tsid=4
tsid= 3
Complete for forced tsid=3
----- 01 null trajectories and compute EWS -----
Complete for null tsid=4
Complete for null tsid=3
----- 02 Compute ROC curves -----
Exported ROC data to 07_roc_data_and_figures_sdml/data/FT/ROC/df_roc_surrogate_FT_simples_10000_ConvLSTM_model_[4,3].csv
Exported ROC figure to 07_roc_data_and_figures_sdml/figures/FT/ROC/figure_roc_surrogate_FT_simples_10000_ConvLSTM_model_[4,3].png
Ran in 17.03s
------------------------------ 07 Completed ROC for dl ------------------------------

------------------------------ 07 Start ROC for dl ------------------------------
surr_type: FT
simples: 10000
ID_merge_tsid: all
DL_model: ConvLSTM_model
repeats: 10
features: 300

07_roc_data_and_figures_sdml directory already exists!
07_roc_data_and_figures_sdml/data directory already exists!
07_roc_data_and_figures_sdml/data/FT directory already exists!
07_roc_data_and_figures_sdml/data/FT/ROC directory already exists!
07_roc_data_and_figures_sdml/figures directory already exists!
07_roc_data_and_figures_sdml/figures/FT directory already exists!

07_roc_data_and_figures_sdml/figures/FT/ROC directory already exists!

len_eval_pts = 40

----- 01 forced trajectories and compute EWS -----
tsid= 1
Complete for forced tsid=1
tsid= 2
Complete for forced tsid=2
tsid= 3
Complete for forced tsid=3
tsid= 4
Complete for forced tsid=4
----- 01 null trajectories and compute EWS -----
Complete for null tsid=1
Complete for null tsid=2
Complete for null tsid=3
Complete for null tsid=4
----- 02 Compute ROC curves -----
Exported ROC data to 07_roc_data_and_figures_sdml/data/FT/ROC/df_roc_surrogate_FT_simples_10000_ConvLSTM_model_all.csv
Exported ROC figure to 07_roc_data_and_figures_sdml/figures/FT/ROC/figure_roc_surrogate_FT_simples_10000_ConvLSTM_model_all.png
Ran in 26.32s
------------------------------ 07 Completed ROC for dl ------------------------------

------------------------------ 03 Start sliding windows ------------------------------
surr_type: FT
simples: 10000
ID_train: IV_III
ID_test: II
Variable_label: paleoclimate
tsid: 2
features: 300
sw_width: 446

03_sliding_window_data directory already exists!
II.shape: (893, 2)
success-> sliding_window_features_shape (real=(893-446+1, 300)):  (448, 300)
------------------------------ 03 Completed sliding windows ------------------------------

------------------------------ 04 Start predicate ------------------------------
surr_type: FT
simples: 10000
ID_train: IV_III
ID_test: II
DL_model: ConvLSTM_model
repeats: 10

04_prediction_data directory already exists!
X_test.shape (448, 300)
X_test_array.shape:  (448, 300, 1)
--------------- prediction ... ---------------
textX=(samples, time steps, rows, cols, channels): (448, 10, 1, 30, 1)
textX=(samples, time steps, rows, cols, channels): (448, 10, 1, 30, 1)
textX=(samples, time steps, rows, cols, channels): (448, 10, 1, 30, 1)
textX=(samples, time steps, rows, cols, channels): (448, 10, 1, 30, 1)
textX=(samples, time steps, rows, cols, channels): (448, 10, 1, 30, 1)
textX=(samples, time steps, rows, cols, channels): (448, 10, 1, 30, 1)
textX=(samples, time steps, rows, cols, channels): (448, 10, 1, 30, 1)
textX=(samples, time steps, rows, cols, channels): (448, 10, 1, 30, 1)
textX=(samples, time steps, rows, cols, channels): (448, 10, 1, 30, 1)
textX=(samples, time steps, rows, cols, channels): (448, 10, 1, 30, 1)
y_pred_list.shape (448, 10)
------------------------------ 04 Completed predicate ------------------------------

------------------------------ 05 Start plots ------------------------------
surr_type: FT
simples: 10000
ID_train: IV_III
ID_test: II
Variable_label: paleoclimate
DL_model: ConvLSTM_model
sw_width: 446
tsid: 2

05_ews_data_and_figures directory already exists!
05_ews_data_and_figures/data directory already exists!
05_ews_data_and_figures/data/FT directory already exists!
05_ews_data_and_figures/figures directory already exists!
05_ews_data_and_figures/figures/FT directory already exists!

Record_period: End_of_glaciation_II
start_age, transition_start, transition_end: -224351.0 -135000 -129705.0
sliding_window_II: 446
------------------------------ 05 Completed plots ------------------------------

---------------------------- complete end ----------------------------
