---------------------------- Run start python scripts -----------------------------
-------------------------------------------------------------------------------------
Using GPU for TensorFlow.
------------------------------ 01 Start run ------------------------------
Data_folder: paleoclimate
surr_type: AAFT
simples: 10000
ID_train: IV_III
DL_model: CNN_model
repeats: 10

01_evaluation_data directory already exists!
models directory already exists!

full_path= G:/surrogate_data_based_machine_learning_v4.0.0/paleoclimate/01_data_preprocessing/02_extracte_and_generate_surrogate_dataset/paleoclimate/data/merge_surrogate_AAFT_simples_10000_train_IV_III.csv

Epoch 1: val_accuracy improved from -inf to 0.49525, saving model to models\surrogate_AAFT_simples_10000_CNN_model_0.h5

Epoch 2: val_accuracy did not improve from 0.49525

Epoch 3: val_accuracy did not improve from 0.49525

Epoch 4: val_accuracy did not improve from 0.49525

Epoch 5: val_accuracy did not improve from 0.49525

Epoch 6: val_accuracy did not improve from 0.49525
Epoch 6: early stopping
>#1: 49.525

Epoch 1: val_accuracy improved from -inf to 0.49525, saving model to models\surrogate_AAFT_simples_10000_CNN_model_1.h5

Epoch 2: val_accuracy did not improve from 0.49525

Epoch 3: val_accuracy did not improve from 0.49525

Epoch 4: val_accuracy did not improve from 0.49525

Epoch 5: val_accuracy did not improve from 0.49525

Epoch 6: val_accuracy did not improve from 0.49525
Epoch 6: early stopping
>#2: 49.525

Epoch 1: val_accuracy improved from -inf to 0.50475, saving model to models\surrogate_AAFT_simples_10000_CNN_model_2.h5

Epoch 2: val_accuracy did not improve from 0.50475

Epoch 3: val_accuracy did not improve from 0.50475

Epoch 4: val_accuracy did not improve from 0.50475

Epoch 5: val_accuracy did not improve from 0.50475

Epoch 6: val_accuracy did not improve from 0.50475
Epoch 6: early stopping
>#3: 50.475

Epoch 1: val_accuracy improved from -inf to 0.49525, saving model to models\surrogate_AAFT_simples_10000_CNN_model_3.h5

Epoch 2: val_accuracy did not improve from 0.49525

Epoch 3: val_accuracy did not improve from 0.49525

Epoch 4: val_accuracy did not improve from 0.49525

Epoch 5: val_accuracy did not improve from 0.49525

Epoch 6: val_accuracy did not improve from 0.49525
Epoch 6: early stopping
>#4: 49.525

Epoch 1: val_accuracy improved from -inf to 0.49988, saving model to models\surrogate_AAFT_simples_10000_CNN_model_4.h5

Epoch 2: val_accuracy did not improve from 0.49988

Epoch 3: val_accuracy improved from 0.49988 to 0.63788, saving model to models\surrogate_AAFT_simples_10000_CNN_model_4.h5

Epoch 4: val_accuracy did not improve from 0.63788

Epoch 5: val_accuracy did not improve from 0.63788

Epoch 6: val_accuracy did not improve from 0.63788

Epoch 7: val_accuracy did not improve from 0.63788

Epoch 8: val_accuracy did not improve from 0.63788
Epoch 8: early stopping
>#5: 63.788

Epoch 1: val_accuracy improved from -inf to 0.49525, saving model to models\surrogate_AAFT_simples_10000_CNN_model_5.h5

Epoch 2: val_accuracy did not improve from 0.49525

Epoch 3: val_accuracy improved from 0.49525 to 0.49937, saving model to models\surrogate_AAFT_simples_10000_CNN_model_5.h5

Epoch 4: val_accuracy did not improve from 0.49937

Epoch 5: val_accuracy did not improve from 0.49937

Epoch 6: val_accuracy did not improve from 0.49937

Epoch 7: val_accuracy did not improve from 0.49937

Epoch 8: val_accuracy did not improve from 0.49937
Epoch 8: early stopping
>#6: 49.937

Epoch 1: val_accuracy improved from -inf to 0.49525, saving model to models\surrogate_AAFT_simples_10000_CNN_model_6.h5

Epoch 2: val_accuracy did not improve from 0.49525

Epoch 3: val_accuracy did not improve from 0.49525

Epoch 4: val_accuracy did not improve from 0.49525

Epoch 5: val_accuracy did not improve from 0.49525

Epoch 6: val_accuracy did not improve from 0.49525
Epoch 6: early stopping
>#7: 49.525

Epoch 1: val_accuracy improved from -inf to 0.49062, saving model to models\surrogate_AAFT_simples_10000_CNN_model_7.h5

Epoch 2: val_accuracy improved from 0.49062 to 0.49525, saving model to models\surrogate_AAFT_simples_10000_CNN_model_7.h5

Epoch 3: val_accuracy did not improve from 0.49525

Epoch 4: val_accuracy did not improve from 0.49525

Epoch 5: val_accuracy did not improve from 0.49525

Epoch 6: val_accuracy did not improve from 0.49525

Epoch 7: val_accuracy did not improve from 0.49525
Epoch 7: early stopping
>#8: 49.525

Epoch 1: val_accuracy improved from -inf to 0.50063, saving model to models\surrogate_AAFT_simples_10000_CNN_model_8.h5

Epoch 2: val_accuracy did not improve from 0.50063

Epoch 3: val_accuracy did not improve from 0.50063

Epoch 4: val_accuracy did not improve from 0.50063

Epoch 5: val_accuracy did not improve from 0.50063

Epoch 6: val_accuracy did not improve from 0.50063
Epoch 6: early stopping
>#9: 50.063

Epoch 1: val_accuracy improved from -inf to 0.49525, saving model to models\surrogate_AAFT_simples_10000_CNN_model_9.h5

Epoch 2: val_accuracy did not improve from 0.49525

Epoch 3: val_accuracy did not improve from 0.49525

Epoch 4: val_accuracy did not improve from 0.49525

Epoch 5: val_accuracy did not improve from 0.49525

Epoch 6: val_accuracy did not improve from 0.49525
Epoch 6: early stopping
>#10: 49.525
------------------ summarize results -------------------------
DL_model: CNN_model
scores: [49.52499866485596, 49.52499866485596, 50.47500133514404, 49.52499866485596, 63.78750205039978, 49.937498569488525, 49.52499866485596, 49.52499866485596, 50.062501430511475, 49.52499866485596]
Accuracy mean (std): 51.141% (4.227)

Running time 132.2 seconds
------------------------------ 01 Completed ------------------------------

------------------------------ 02 Start Evaluation ------------------------------
surr_type: AAFT
simples: 10000
ID_train: IV_III
DL_model: CNN_model
repeats: 10

02_evaluation_performance directory already exists!
# 0 >> accuracy: 0.4946250021457672
# 1 >> accuracy: 0.4946250021457672
# 2 >> accuracy: 0.5053750276565552
# 3 >> accuracy: 0.4946250021457672
# 4 >> accuracy: 0.640874981880188
# 5 >> accuracy: 0.5037500262260437
# 6 >> accuracy: 0.4946250021457672
# 7 >> accuracy: 0.4946250021457672
# 8 >> accuracy: 0.4962500035762787
# 9 >> accuracy: 0.4946250021457672
The results have been saved to a txt file: 02_evaluation_performance/evaluation_performance_surrogate_AAFT_simples_10000_CNN_model_train_IV_III.txt

Running time 15.9 seconds
------------------------------ 02 Completed Evaluation ------------------------------

------------------------------ 03 Start sliding windows ------------------------------
surr_type: AAFT
simples: 10000
ID_train: IV_III
ID_test: I
Variable_label: paleoclimate
tsid: 1
features: 300
sw_width: 454

03_sliding_window_data directory already exists!
I.shape: (909, 2)
success-> sliding_window_features_shape (real=(909-454+1, 300)):  (456, 300)
------------------------------ 03 Completed sliding windows ------------------------------

------------------------------ 04 Start predicate ------------------------------
surr_type: AAFT
simples: 10000
ID_train: IV_III
ID_test: I
DL_model: CNN_model
repeats: 10

04_prediction_data directory already exists!
X_test.shape (456, 300)
X_test_array.shape:  (456, 300, 1)
--------------- prediction ... ---------------
y_pred_list.shape (456, 10)
------------------------------ 04 Completed predicate ------------------------------

------------------------------ 05 Start plots ------------------------------
surr_type: AAFT
simples: 10000
ID_train: IV_III
ID_test: I
Variable_label: paleoclimate
DL_model: CNN_model
sw_width: 454
tsid: 1

05_ews_data_and_figures directory already exists!
05_ews_data_and_figures/data directory already exists!
05_ews_data_and_figures/data/AAFT directory already exists!
05_ews_data_and_figures/figures directory already exists!
05_ews_data_and_figures/figures/AAFT directory already exists!

Record_period: End_of_glaciation_I
start_age, transition_start, transition_end: -108025.0 -17000 -13828.0
sliding_window_I: 454
------------------------------ 05 Completed plots ------------------------------

------------------------------ 06 Start ROC for variance and lag-1 autocorrelation ------------------------------
surr_type: AAFT
simples: 10000
ID_merge_tsid: [2,1]
DL_model: CNN_model
repeats: 10
features: 300

06_roc_data_and_figures_var_corr directory already exists!
06_roc_data_and_figures_var_corr/data directory already exists!
06_roc_data_and_figures_var_corr/data/ROC directory already exists!
06_roc_data_and_figures_var_corr/figures directory already exists!
06_roc_data_and_figures_var_corr/figures/ROC directory already exists!
len_eval_pts= 40

----- 01 forced trajectories and compute EWS -----
Complete for forced tsid=2
Complete for forced tsid=1
----- 01 null trajectories and compute EWS -----
Complete for null tsid=2
Complete for null tsid=1
----- 02 Compute ROC curves -----
Exported ROC data to 06_roc_data_and_figures_var_corr/data/ROC/df_roc_var_corr_[2,1].csv
Exported ROC figure to 06_roc_data_and_figures_var_corr/figures/ROC/figure_roc_var_corr_[2,1].png
Ran in 1.53s
------------------------------ 06 Completed ROC for variance and lag-1 autocorrelation ------------------------------

------------------------------ 07 Start ROC for dl ------------------------------
surr_type: AAFT
simples: 10000
ID_merge_tsid: [2,1]
DL_model: CNN_model
repeats: 10
features: 300

07_roc_data_and_figures_sdml directory already exists!
07_roc_data_and_figures_sdml/data directory already exists!
07_roc_data_and_figures_sdml/data/AAFT directory already exists!
07_roc_data_and_figures_sdml/data/AAFT/ROC directory already exists!
07_roc_data_and_figures_sdml/figures directory already exists!
07_roc_data_and_figures_sdml/figures/AAFT directory already exists!

07_roc_data_and_figures_sdml/figures/AAFT/ROC directory already exists!

len_eval_pts = 40

----- 01 forced trajectories and compute EWS -----
tsid= 2
Complete for forced tsid=2
tsid= 1
Complete for forced tsid=1
----- 01 null trajectories and compute EWS -----
Complete for null tsid=2
Complete for null tsid=1
----- 02 Compute ROC curves -----
Exported ROC data to 07_roc_data_and_figures_sdml/data/AAFT/ROC/df_roc_surrogate_AAFT_simples_10000_CNN_model_[2,1].csv
Exported ROC figure to 07_roc_data_and_figures_sdml/figures/AAFT/ROC/figure_roc_surrogate_AAFT_simples_10000_CNN_model_[2,1].png
Ran in 11.08s
------------------------------ 07 Completed ROC for dl ------------------------------

------------------------------ 06 Start ROC for variance and lag-1 autocorrelation ------------------------------
surr_type: AAFT
simples: 10000
ID_merge_tsid: [4,3]
DL_model: CNN_model
repeats: 10
features: 300

06_roc_data_and_figures_var_corr directory already exists!
06_roc_data_and_figures_var_corr/data directory already exists!
06_roc_data_and_figures_var_corr/data/ROC directory already exists!
06_roc_data_and_figures_var_corr/figures directory already exists!
06_roc_data_and_figures_var_corr/figures/ROC directory already exists!
len_eval_pts= 40

----- 01 forced trajectories and compute EWS -----
Complete for forced tsid=4
Complete for forced tsid=3
----- 01 null trajectories and compute EWS -----
Complete for null tsid=4
Complete for null tsid=3
----- 02 Compute ROC curves -----
Exported ROC data to 06_roc_data_and_figures_var_corr/data/ROC/df_roc_var_corr_[4,3].csv
Exported ROC figure to 06_roc_data_and_figures_var_corr/figures/ROC/figure_roc_var_corr_[4,3].png
Ran in 1.48s
------------------------------ 06 Completed ROC for variance and lag-1 autocorrelation ------------------------------

------------------------------ 07 Start ROC for dl ------------------------------
surr_type: AAFT
simples: 10000
ID_merge_tsid: [4,3]
DL_model: CNN_model
repeats: 10
features: 300

07_roc_data_and_figures_sdml directory already exists!
07_roc_data_and_figures_sdml/data directory already exists!
07_roc_data_and_figures_sdml/data/AAFT directory already exists!
07_roc_data_and_figures_sdml/data/AAFT/ROC directory already exists!
07_roc_data_and_figures_sdml/figures directory already exists!
07_roc_data_and_figures_sdml/figures/AAFT directory already exists!

07_roc_data_and_figures_sdml/figures/AAFT/ROC directory already exists!

len_eval_pts = 40

----- 01 forced trajectories and compute EWS -----
tsid= 4
Complete for forced tsid=4
tsid= 3
Complete for forced tsid=3
----- 01 null trajectories and compute EWS -----
Complete for null tsid=4
Complete for null tsid=3
----- 02 Compute ROC curves -----
Exported ROC data to 07_roc_data_and_figures_sdml/data/AAFT/ROC/df_roc_surrogate_AAFT_simples_10000_CNN_model_[4,3].csv
Exported ROC figure to 07_roc_data_and_figures_sdml/figures/AAFT/ROC/figure_roc_surrogate_AAFT_simples_10000_CNN_model_[4,3].png
Ran in 11.00s
------------------------------ 07 Completed ROC for dl ------------------------------

------------------------------ 06 Start ROC for variance and lag-1 autocorrelation ------------------------------
surr_type: AAFT
simples: 10000
ID_merge_tsid: all
DL_model: CNN_model
repeats: 10
features: 300

06_roc_data_and_figures_var_corr directory already exists!
06_roc_data_and_figures_var_corr/data directory already exists!
06_roc_data_and_figures_var_corr/data/ROC directory already exists!
06_roc_data_and_figures_var_corr/figures directory already exists!
06_roc_data_and_figures_var_corr/figures/ROC directory already exists!
len_eval_pts= 40

----- 01 forced trajectories and compute EWS -----
Complete for forced tsid=1
Complete for forced tsid=2
Complete for forced tsid=3
Complete for forced tsid=4
----- 01 null trajectories and compute EWS -----
Complete for null tsid=1
Complete for null tsid=2
Complete for null tsid=3
Complete for null tsid=4
----- 02 Compute ROC curves -----
Exported ROC data to 06_roc_data_and_figures_var_corr/data/ROC/df_roc_var_corr_all.csv
Exported ROC figure to 06_roc_data_and_figures_var_corr/figures/ROC/figure_roc_var_corr_all.png
Ran in 1.77s
------------------------------ 06 Completed ROC for variance and lag-1 autocorrelation ------------------------------

------------------------------ 07 Start ROC for dl ------------------------------
surr_type: AAFT
simples: 10000
ID_merge_tsid: all
DL_model: CNN_model
repeats: 10
features: 300

07_roc_data_and_figures_sdml directory already exists!
07_roc_data_and_figures_sdml/data directory already exists!
07_roc_data_and_figures_sdml/data/AAFT directory already exists!
07_roc_data_and_figures_sdml/data/AAFT/ROC directory already exists!
07_roc_data_and_figures_sdml/figures directory already exists!
07_roc_data_and_figures_sdml/figures/AAFT directory already exists!

07_roc_data_and_figures_sdml/figures/AAFT/ROC directory already exists!

len_eval_pts = 40

----- 01 forced trajectories and compute EWS -----
tsid= 1
Complete for forced tsid=1
tsid= 2
Complete for forced tsid=2
tsid= 3
Complete for forced tsid=3
tsid= 4
Complete for forced tsid=4
----- 01 null trajectories and compute EWS -----
Complete for null tsid=1
Complete for null tsid=2
Complete for null tsid=3
Complete for null tsid=4
----- 02 Compute ROC curves -----
Exported ROC data to 07_roc_data_and_figures_sdml/data/AAFT/ROC/df_roc_surrogate_AAFT_simples_10000_CNN_model_all.csv
Exported ROC figure to 07_roc_data_and_figures_sdml/figures/AAFT/ROC/figure_roc_surrogate_AAFT_simples_10000_CNN_model_all.png
Ran in 15.35s
------------------------------ 07 Completed ROC for dl ------------------------------

------------------------------ 03 Start sliding windows ------------------------------
surr_type: AAFT
simples: 10000
ID_train: IV_III
ID_test: II
Variable_label: paleoclimate
tsid: 2
features: 300
sw_width: 446

03_sliding_window_data directory already exists!
II.shape: (893, 2)
success-> sliding_window_features_shape (real=(893-446+1, 300)):  (448, 300)
------------------------------ 03 Completed sliding windows ------------------------------

------------------------------ 04 Start predicate ------------------------------
surr_type: AAFT
simples: 10000
ID_train: IV_III
ID_test: II
DL_model: CNN_model
repeats: 10

04_prediction_data directory already exists!
X_test.shape (448, 300)
X_test_array.shape:  (448, 300, 1)
--------------- prediction ... ---------------
y_pred_list.shape (448, 10)
------------------------------ 04 Completed predicate ------------------------------

------------------------------ 05 Start plots ------------------------------
surr_type: AAFT
simples: 10000
ID_train: IV_III
ID_test: II
Variable_label: paleoclimate
DL_model: CNN_model
sw_width: 446
tsid: 2

05_ews_data_and_figures directory already exists!
05_ews_data_and_figures/data directory already exists!
05_ews_data_and_figures/data/AAFT directory already exists!
05_ews_data_and_figures/figures directory already exists!
05_ews_data_and_figures/figures/AAFT directory already exists!

Record_period: End_of_glaciation_II
start_age, transition_start, transition_end: -224351.0 -135000 -129705.0
sliding_window_II: 446
------------------------------ 05 Completed plots ------------------------------

-------------------------------------------------------------------------------------
Using GPU for TensorFlow.
------------------------------ 01 Start run ------------------------------
Data_folder: paleoclimate
surr_type: AAFT
simples: 10000
ID_train: IV_III
DL_model: three_head_CNN_model
repeats: 10

01_evaluation_data directory already exists!
models directory already exists!

full_path= G:/surrogate_data_based_machine_learning_v4.0.0/paleoclimate/01_data_preprocessing/02_extracte_and_generate_surrogate_dataset/paleoclimate/data/merge_surrogate_AAFT_simples_10000_train_IV_III.csv

Epoch 1: val_accuracy improved from -inf to 0.50475, saving model to models\surrogate_AAFT_simples_10000_three_head_CNN_model_0.h5

Epoch 2: val_accuracy did not improve from 0.50475

Epoch 3: val_accuracy did not improve from 0.50475

Epoch 4: val_accuracy did not improve from 0.50475

Epoch 5: val_accuracy improved from 0.50475 to 1.00000, saving model to models\surrogate_AAFT_simples_10000_three_head_CNN_model_0.h5

Epoch 6: val_accuracy did not improve from 1.00000

Epoch 7: val_accuracy did not improve from 1.00000

Epoch 8: val_accuracy did not improve from 1.00000

Epoch 9: val_accuracy did not improve from 1.00000

Epoch 10: val_accuracy did not improve from 1.00000
Epoch 10: early stopping
>#1: 100.000

Epoch 1: val_accuracy improved from -inf to 0.49525, saving model to models\surrogate_AAFT_simples_10000_three_head_CNN_model_1.h5

Epoch 2: val_accuracy improved from 0.49525 to 0.50475, saving model to models\surrogate_AAFT_simples_10000_three_head_CNN_model_1.h5

Epoch 3: val_accuracy improved from 0.50475 to 1.00000, saving model to models\surrogate_AAFT_simples_10000_three_head_CNN_model_1.h5

Epoch 4: val_accuracy did not improve from 1.00000

Epoch 5: val_accuracy did not improve from 1.00000

Epoch 6: val_accuracy did not improve from 1.00000

Epoch 7: val_accuracy did not improve from 1.00000

Epoch 8: val_accuracy did not improve from 1.00000
Epoch 8: early stopping
>#2: 100.000

Epoch 1: val_accuracy improved from -inf to 0.99975, saving model to models\surrogate_AAFT_simples_10000_three_head_CNN_model_2.h5

Epoch 2: val_accuracy did not improve from 0.99975

Epoch 3: val_accuracy did not improve from 0.99975

Epoch 4: val_accuracy improved from 0.99975 to 1.00000, saving model to models\surrogate_AAFT_simples_10000_three_head_CNN_model_2.h5

Epoch 5: val_accuracy did not improve from 1.00000

Epoch 6: val_accuracy did not improve from 1.00000

Epoch 7: val_accuracy did not improve from 1.00000

Epoch 8: val_accuracy did not improve from 1.00000

Epoch 9: val_accuracy did not improve from 1.00000
Epoch 9: early stopping
>#3: 100.000

Epoch 1: val_accuracy improved from -inf to 0.49525, saving model to models\surrogate_AAFT_simples_10000_three_head_CNN_model_3.h5

Epoch 2: val_accuracy did not improve from 0.49525

Epoch 3: val_accuracy improved from 0.49525 to 1.00000, saving model to models\surrogate_AAFT_simples_10000_three_head_CNN_model_3.h5

Epoch 4: val_accuracy did not improve from 1.00000

Epoch 5: val_accuracy did not improve from 1.00000

Epoch 6: val_accuracy did not improve from 1.00000

Epoch 7: val_accuracy did not improve from 1.00000

Epoch 8: val_accuracy did not improve from 1.00000
Epoch 8: early stopping
>#4: 100.000

Epoch 1: val_accuracy improved from -inf to 0.49525, saving model to models\surrogate_AAFT_simples_10000_three_head_CNN_model_4.h5

Epoch 2: val_accuracy improved from 0.49525 to 1.00000, saving model to models\surrogate_AAFT_simples_10000_three_head_CNN_model_4.h5

Epoch 3: val_accuracy did not improve from 1.00000

Epoch 4: val_accuracy did not improve from 1.00000

Epoch 5: val_accuracy did not improve from 1.00000

Epoch 6: val_accuracy did not improve from 1.00000

Epoch 7: val_accuracy did not improve from 1.00000
Epoch 7: early stopping
>#5: 100.000

Epoch 1: val_accuracy improved from -inf to 0.49525, saving model to models\surrogate_AAFT_simples_10000_three_head_CNN_model_5.h5

Epoch 2: val_accuracy did not improve from 0.49525

Epoch 3: val_accuracy did not improve from 0.49525

Epoch 4: val_accuracy improved from 0.49525 to 0.50475, saving model to models\surrogate_AAFT_simples_10000_three_head_CNN_model_5.h5

Epoch 5: val_accuracy did not improve from 0.50475

Epoch 6: val_accuracy did not improve from 0.50475

Epoch 7: val_accuracy did not improve from 0.50475

Epoch 8: val_accuracy did not improve from 0.50475

Epoch 9: val_accuracy did not improve from 0.50475
Epoch 9: early stopping
>#6: 50.475

Epoch 1: val_accuracy improved from -inf to 0.49525, saving model to models\surrogate_AAFT_simples_10000_three_head_CNN_model_6.h5

Epoch 2: val_accuracy did not improve from 0.49525

Epoch 3: val_accuracy improved from 0.49525 to 1.00000, saving model to models\surrogate_AAFT_simples_10000_three_head_CNN_model_6.h5

Epoch 4: val_accuracy did not improve from 1.00000

Epoch 5: val_accuracy did not improve from 1.00000

Epoch 6: val_accuracy did not improve from 1.00000

Epoch 7: val_accuracy did not improve from 1.00000

Epoch 8: val_accuracy did not improve from 1.00000
Epoch 8: early stopping
>#7: 100.000

Epoch 1: val_accuracy improved from -inf to 0.49525, saving model to models\surrogate_AAFT_simples_10000_three_head_CNN_model_7.h5

Epoch 2: val_accuracy improved from 0.49525 to 1.00000, saving model to models\surrogate_AAFT_simples_10000_three_head_CNN_model_7.h5

Epoch 3: val_accuracy did not improve from 1.00000

Epoch 4: val_accuracy did not improve from 1.00000

Epoch 5: val_accuracy did not improve from 1.00000

Epoch 6: val_accuracy did not improve from 1.00000

Epoch 7: val_accuracy did not improve from 1.00000
Epoch 7: early stopping
>#8: 100.000

Epoch 1: val_accuracy improved from -inf to 1.00000, saving model to models\surrogate_AAFT_simples_10000_three_head_CNN_model_8.h5

Epoch 2: val_accuracy did not improve from 1.00000

Epoch 3: val_accuracy did not improve from 1.00000

Epoch 4: val_accuracy did not improve from 1.00000

Epoch 5: val_accuracy did not improve from 1.00000

Epoch 6: val_accuracy did not improve from 1.00000
Epoch 6: early stopping
>#9: 100.000

Epoch 1: val_accuracy improved from -inf to 1.00000, saving model to models\surrogate_AAFT_simples_10000_three_head_CNN_model_9.h5

Epoch 2: val_accuracy did not improve from 1.00000

Epoch 3: val_accuracy did not improve from 1.00000

Epoch 4: val_accuracy did not improve from 1.00000

Epoch 5: val_accuracy did not improve from 1.00000

Epoch 6: val_accuracy did not improve from 1.00000
Epoch 6: early stopping
>#10: 100.000
------------------ summarize results -------------------------
DL_model: three_head_CNN_model
scores: [100.0, 100.0, 100.0, 100.0, 100.0, 50.47500133514404, 100.0, 100.0, 100.0, 100.0]
Accuracy mean (std): 95.048% (14.857)

Running time 294.5 seconds
------------------------------ 01 Completed ------------------------------

------------------------------ 02 Start Evaluation ------------------------------
surr_type: AAFT
simples: 10000
ID_train: IV_III
DL_model: three_head_CNN_model
repeats: 10

02_evaluation_performance directory already exists!
# 0 >> accuracy: 1.0
# 1 >> accuracy: 1.0
# 2 >> accuracy: 1.0
# 3 >> accuracy: 1.0
# 4 >> accuracy: 1.0
# 5 >> accuracy: 0.5053750276565552
# 6 >> accuracy: 1.0
# 7 >> accuracy: 1.0
# 8 >> accuracy: 1.0
# 9 >> accuracy: 1.0
The results have been saved to a txt file: 02_evaluation_performance/evaluation_performance_surrogate_AAFT_simples_10000_three_head_CNN_model_train_IV_III.txt

Running time 22.8 seconds
------------------------------ 02 Completed Evaluation ------------------------------

------------------------------ 03 Start sliding windows ------------------------------
surr_type: AAFT
simples: 10000
ID_train: IV_III
ID_test: I
Variable_label: paleoclimate
tsid: 1
features: 300
sw_width: 454

03_sliding_window_data directory already exists!
I.shape: (909, 2)
success-> sliding_window_features_shape (real=(909-454+1, 300)):  (456, 300)
------------------------------ 03 Completed sliding windows ------------------------------

------------------------------ 04 Start predicate ------------------------------
surr_type: AAFT
simples: 10000
ID_train: IV_III
ID_test: I
DL_model: three_head_CNN_model
repeats: 10

04_prediction_data directory already exists!
X_test.shape (456, 300)
X_test_array.shape:  (456, 300, 1)
--------------- prediction ... ---------------
y_pred_list.shape (456, 10)
------------------------------ 04 Completed predicate ------------------------------

------------------------------ 05 Start plots ------------------------------
surr_type: AAFT
simples: 10000
ID_train: IV_III
ID_test: I
Variable_label: paleoclimate
DL_model: three_head_CNN_model
sw_width: 454
tsid: 1

05_ews_data_and_figures directory already exists!
05_ews_data_and_figures/data directory already exists!
05_ews_data_and_figures/data/AAFT directory already exists!
05_ews_data_and_figures/figures directory already exists!
05_ews_data_and_figures/figures/AAFT directory already exists!

Record_period: End_of_glaciation_I
start_age, transition_start, transition_end: -108025.0 -17000 -13828.0
sliding_window_I: 454
------------------------------ 05 Completed plots ------------------------------

------------------------------ 07 Start ROC for dl ------------------------------
surr_type: AAFT
simples: 10000
ID_merge_tsid: [2,1]
DL_model: three_head_CNN_model
repeats: 10
features: 300

07_roc_data_and_figures_sdml directory already exists!
07_roc_data_and_figures_sdml/data directory already exists!
07_roc_data_and_figures_sdml/data/AAFT directory already exists!
07_roc_data_and_figures_sdml/data/AAFT/ROC directory already exists!
07_roc_data_and_figures_sdml/figures directory already exists!
07_roc_data_and_figures_sdml/figures/AAFT directory already exists!

07_roc_data_and_figures_sdml/figures/AAFT/ROC directory already exists!

len_eval_pts = 40

----- 01 forced trajectories and compute EWS -----
tsid= 2
Complete for forced tsid=2
tsid= 1
Complete for forced tsid=1
----- 01 null trajectories and compute EWS -----
Complete for null tsid=2
Complete for null tsid=1
----- 02 Compute ROC curves -----
Exported ROC data to 07_roc_data_and_figures_sdml/data/AAFT/ROC/df_roc_surrogate_AAFT_simples_10000_three_head_CNN_model_[2,1].csv
Exported ROC figure to 07_roc_data_and_figures_sdml/figures/AAFT/ROC/figure_roc_surrogate_AAFT_simples_10000_three_head_CNN_model_[2,1].png
Ran in 16.34s
------------------------------ 07 Completed ROC for dl ------------------------------

------------------------------ 07 Start ROC for dl ------------------------------
surr_type: AAFT
simples: 10000
ID_merge_tsid: [4,3]
DL_model: three_head_CNN_model
repeats: 10
features: 300

07_roc_data_and_figures_sdml directory already exists!
07_roc_data_and_figures_sdml/data directory already exists!
07_roc_data_and_figures_sdml/data/AAFT directory already exists!
07_roc_data_and_figures_sdml/data/AAFT/ROC directory already exists!
07_roc_data_and_figures_sdml/figures directory already exists!
07_roc_data_and_figures_sdml/figures/AAFT directory already exists!

07_roc_data_and_figures_sdml/figures/AAFT/ROC directory already exists!

len_eval_pts = 40

----- 01 forced trajectories and compute EWS -----
tsid= 4
Complete for forced tsid=4
tsid= 3
Complete for forced tsid=3
----- 01 null trajectories and compute EWS -----
Complete for null tsid=4
Complete for null tsid=3
----- 02 Compute ROC curves -----
Exported ROC data to 07_roc_data_and_figures_sdml/data/AAFT/ROC/df_roc_surrogate_AAFT_simples_10000_three_head_CNN_model_[4,3].csv
Exported ROC figure to 07_roc_data_and_figures_sdml/figures/AAFT/ROC/figure_roc_surrogate_AAFT_simples_10000_three_head_CNN_model_[4,3].png
Ran in 16.10s
------------------------------ 07 Completed ROC for dl ------------------------------

------------------------------ 07 Start ROC for dl ------------------------------
surr_type: AAFT
simples: 10000
ID_merge_tsid: all
DL_model: three_head_CNN_model
repeats: 10
features: 300

07_roc_data_and_figures_sdml directory already exists!
07_roc_data_and_figures_sdml/data directory already exists!
07_roc_data_and_figures_sdml/data/AAFT directory already exists!
07_roc_data_and_figures_sdml/data/AAFT/ROC directory already exists!
07_roc_data_and_figures_sdml/figures directory already exists!
07_roc_data_and_figures_sdml/figures/AAFT directory already exists!

07_roc_data_and_figures_sdml/figures/AAFT/ROC directory already exists!

len_eval_pts = 40

----- 01 forced trajectories and compute EWS -----
tsid= 1
Complete for forced tsid=1
tsid= 2
Complete for forced tsid=2
tsid= 3
Complete for forced tsid=3
tsid= 4
Complete for forced tsid=4
----- 01 null trajectories and compute EWS -----
Complete for null tsid=1
Complete for null tsid=2
Complete for null tsid=3
Complete for null tsid=4
----- 02 Compute ROC curves -----
Exported ROC data to 07_roc_data_and_figures_sdml/data/AAFT/ROC/df_roc_surrogate_AAFT_simples_10000_three_head_CNN_model_all.csv
Exported ROC figure to 07_roc_data_and_figures_sdml/figures/AAFT/ROC/figure_roc_surrogate_AAFT_simples_10000_three_head_CNN_model_all.png
Ran in 23.61s
------------------------------ 07 Completed ROC for dl ------------------------------

------------------------------ 03 Start sliding windows ------------------------------
surr_type: AAFT
simples: 10000
ID_train: IV_III
ID_test: II
Variable_label: paleoclimate
tsid: 2
features: 300
sw_width: 446

03_sliding_window_data directory already exists!
II.shape: (893, 2)
success-> sliding_window_features_shape (real=(893-446+1, 300)):  (448, 300)
------------------------------ 03 Completed sliding windows ------------------------------

------------------------------ 04 Start predicate ------------------------------
surr_type: AAFT
simples: 10000
ID_train: IV_III
ID_test: II
DL_model: three_head_CNN_model
repeats: 10

04_prediction_data directory already exists!
X_test.shape (448, 300)
X_test_array.shape:  (448, 300, 1)
--------------- prediction ... ---------------
y_pred_list.shape (448, 10)
------------------------------ 04 Completed predicate ------------------------------

------------------------------ 05 Start plots ------------------------------
surr_type: AAFT
simples: 10000
ID_train: IV_III
ID_test: II
Variable_label: paleoclimate
DL_model: three_head_CNN_model
sw_width: 446
tsid: 2

05_ews_data_and_figures directory already exists!
05_ews_data_and_figures/data directory already exists!
05_ews_data_and_figures/data/AAFT directory already exists!
05_ews_data_and_figures/figures directory already exists!
05_ews_data_and_figures/figures/AAFT directory already exists!

Record_period: End_of_glaciation_II
start_age, transition_start, transition_end: -224351.0 -135000 -129705.0
sliding_window_II: 446
------------------------------ 05 Completed plots ------------------------------

-------------------------------------------------------------------------------------
Using GPU for TensorFlow.
------------------------------ 01 Start run ------------------------------
Data_folder: paleoclimate
surr_type: AAFT
simples: 10000
ID_train: IV_III
DL_model: LSTM_model
repeats: 10

01_evaluation_data directory already exists!
models directory already exists!

full_path= G:/surrogate_data_based_machine_learning_v4.0.0/paleoclimate/01_data_preprocessing/02_extracte_and_generate_surrogate_dataset/paleoclimate/data/merge_surrogate_AAFT_simples_10000_train_IV_III.csv

Epoch 1: val_accuracy improved from -inf to 0.49525, saving model to models\surrogate_AAFT_simples_10000_LSTM_model_0.h5

Epoch 2: val_accuracy improved from 0.49525 to 0.74725, saving model to models\surrogate_AAFT_simples_10000_LSTM_model_0.h5

Epoch 3: val_accuracy did not improve from 0.74725

Epoch 4: val_accuracy improved from 0.74725 to 0.75213, saving model to models\surrogate_AAFT_simples_10000_LSTM_model_0.h5

Epoch 5: val_accuracy did not improve from 0.75213

Epoch 6: val_accuracy did not improve from 0.75213

Epoch 7: val_accuracy did not improve from 0.75213

Epoch 8: val_accuracy did not improve from 0.75213

Epoch 9: val_accuracy did not improve from 0.75213
Epoch 9: early stopping
>#1: 75.213

Epoch 1: val_accuracy improved from -inf to 0.50475, saving model to models\surrogate_AAFT_simples_10000_LSTM_model_1.h5

Epoch 2: val_accuracy did not improve from 0.50475

Epoch 3: val_accuracy did not improve from 0.50475

Epoch 4: val_accuracy did not improve from 0.50475

Epoch 5: val_accuracy did not improve from 0.50475

Epoch 6: val_accuracy did not improve from 0.50475
Epoch 6: early stopping
>#2: 50.475

Epoch 1: val_accuracy improved from -inf to 0.49525, saving model to models\surrogate_AAFT_simples_10000_LSTM_model_2.h5

Epoch 2: val_accuracy did not improve from 0.49525

Epoch 3: val_accuracy did not improve from 0.49525

Epoch 4: val_accuracy did not improve from 0.49525

Epoch 5: val_accuracy did not improve from 0.49525

Epoch 6: val_accuracy improved from 0.49525 to 1.00000, saving model to models\surrogate_AAFT_simples_10000_LSTM_model_2.h5

Epoch 7: val_accuracy did not improve from 1.00000

Epoch 8: val_accuracy did not improve from 1.00000

Epoch 9: val_accuracy did not improve from 1.00000

Epoch 10: val_accuracy did not improve from 1.00000

Epoch 11: val_accuracy did not improve from 1.00000
Epoch 11: early stopping
>#3: 100.000

Epoch 1: val_accuracy improved from -inf to 0.50475, saving model to models\surrogate_AAFT_simples_10000_LSTM_model_3.h5

Epoch 2: val_accuracy did not improve from 0.50475

Epoch 3: val_accuracy did not improve from 0.50475

Epoch 4: val_accuracy did not improve from 0.50475

Epoch 5: val_accuracy did not improve from 0.50475

Epoch 6: val_accuracy did not improve from 0.50475
Epoch 6: early stopping
>#4: 50.475

Epoch 1: val_accuracy improved from -inf to 0.50475, saving model to models\surrogate_AAFT_simples_10000_LSTM_model_4.h5

Epoch 2: val_accuracy did not improve from 0.50475

Epoch 3: val_accuracy did not improve from 0.50475

Epoch 4: val_accuracy did not improve from 0.50475

Epoch 5: val_accuracy did not improve from 0.50475

Epoch 6: val_accuracy did not improve from 0.50475
Epoch 6: early stopping
>#5: 50.475

Epoch 1: val_accuracy improved from -inf to 0.49525, saving model to models\surrogate_AAFT_simples_10000_LSTM_model_5.h5

Epoch 2: val_accuracy did not improve from 0.49525

Epoch 3: val_accuracy did not improve from 0.49525

Epoch 4: val_accuracy did not improve from 0.49525

Epoch 5: val_accuracy improved from 0.49525 to 1.00000, saving model to models\surrogate_AAFT_simples_10000_LSTM_model_5.h5

Epoch 6: val_accuracy did not improve from 1.00000

Epoch 7: val_accuracy did not improve from 1.00000

Epoch 8: val_accuracy did not improve from 1.00000

Epoch 9: val_accuracy did not improve from 1.00000

Epoch 10: val_accuracy did not improve from 1.00000
Epoch 10: early stopping
>#6: 100.000

Epoch 1: val_accuracy improved from -inf to 0.74725, saving model to models\surrogate_AAFT_simples_10000_LSTM_model_6.h5

Epoch 2: val_accuracy did not improve from 0.74725

Epoch 3: val_accuracy improved from 0.74725 to 1.00000, saving model to models\surrogate_AAFT_simples_10000_LSTM_model_6.h5

Epoch 4: val_accuracy did not improve from 1.00000

Epoch 5: val_accuracy did not improve from 1.00000

Epoch 6: val_accuracy did not improve from 1.00000

Epoch 7: val_accuracy did not improve from 1.00000

Epoch 8: val_accuracy did not improve from 1.00000
Epoch 8: early stopping
>#7: 100.000

Epoch 1: val_accuracy improved from -inf to 0.49525, saving model to models\surrogate_AAFT_simples_10000_LSTM_model_7.h5

Epoch 2: val_accuracy improved from 0.49525 to 0.50475, saving model to models\surrogate_AAFT_simples_10000_LSTM_model_7.h5

Epoch 3: val_accuracy did not improve from 0.50475

Epoch 4: val_accuracy did not improve from 0.50475

Epoch 5: val_accuracy did not improve from 0.50475

Epoch 6: val_accuracy did not improve from 0.50475

Epoch 7: val_accuracy did not improve from 0.50475
Epoch 7: early stopping
>#8: 50.475

Epoch 1: val_accuracy improved from -inf to 0.50475, saving model to models\surrogate_AAFT_simples_10000_LSTM_model_8.h5

Epoch 2: val_accuracy did not improve from 0.50475

Epoch 3: val_accuracy did not improve from 0.50475

Epoch 4: val_accuracy improved from 0.50475 to 0.57762, saving model to models\surrogate_AAFT_simples_10000_LSTM_model_8.h5

Epoch 5: val_accuracy did not improve from 0.57762

Epoch 6: val_accuracy did not improve from 0.57762

Epoch 7: val_accuracy improved from 0.57762 to 0.60212, saving model to models\surrogate_AAFT_simples_10000_LSTM_model_8.h5

Epoch 8: val_accuracy did not improve from 0.60212

Epoch 9: val_accuracy did not improve from 0.60212

Epoch 10: val_accuracy did not improve from 0.60212

Epoch 11: val_accuracy improved from 0.60212 to 0.81012, saving model to models\surrogate_AAFT_simples_10000_LSTM_model_8.h5

Epoch 12: val_accuracy improved from 0.81012 to 0.84600, saving model to models\surrogate_AAFT_simples_10000_LSTM_model_8.h5

Epoch 13: val_accuracy did not improve from 0.84600

Epoch 14: val_accuracy did not improve from 0.84600

Epoch 15: val_accuracy did not improve from 0.84600

Epoch 16: val_accuracy did not improve from 0.84600

Epoch 17: val_accuracy did not improve from 0.84600
Epoch 17: early stopping
>#9: 84.600

Epoch 1: val_accuracy improved from -inf to 0.74725, saving model to models\surrogate_AAFT_simples_10000_LSTM_model_9.h5

Epoch 2: val_accuracy did not improve from 0.74725

Epoch 3: val_accuracy did not improve from 0.74725

Epoch 4: val_accuracy improved from 0.74725 to 1.00000, saving model to models\surrogate_AAFT_simples_10000_LSTM_model_9.h5

Epoch 5: val_accuracy did not improve from 1.00000

Epoch 6: val_accuracy did not improve from 1.00000

Epoch 7: val_accuracy did not improve from 1.00000

Epoch 8: val_accuracy did not improve from 1.00000

Epoch 9: val_accuracy did not improve from 1.00000
Epoch 9: early stopping
>#10: 100.000
------------------ summarize results -------------------------
DL_model: LSTM_model
scores: [75.21250247955322, 50.47500133514404, 100.0, 50.47500133514404, 50.47500133514404, 100.0, 100.0, 50.47500133514404, 84.60000157356262, 100.0]
Accuracy mean (std): 76.171% (22.326)

Running time 448.9 seconds
------------------------------ 01 Completed ------------------------------

------------------------------ 02 Start Evaluation ------------------------------
surr_type: AAFT
simples: 10000
ID_train: IV_III
DL_model: LSTM_model
repeats: 10

02_evaluation_performance directory already exists!
# 0 >> accuracy: 0.7582499980926514
# 1 >> accuracy: 0.5053750276565552
# 2 >> accuracy: 1.0
# 3 >> accuracy: 0.5053750276565552
# 4 >> accuracy: 0.5053750276565552
# 5 >> accuracy: 1.0
# 6 >> accuracy: 1.0
# 7 >> accuracy: 0.5053750276565552
# 8 >> accuracy: 0.8518750071525574
# 9 >> accuracy: 1.0
The results have been saved to a txt file: 02_evaluation_performance/evaluation_performance_surrogate_AAFT_simples_10000_LSTM_model_train_IV_III.txt

Running time 31.2 seconds
------------------------------ 02 Completed Evaluation ------------------------------

------------------------------ 03 Start sliding windows ------------------------------
surr_type: AAFT
simples: 10000
ID_train: IV_III
ID_test: I
Variable_label: paleoclimate
tsid: 1
features: 300
sw_width: 454

03_sliding_window_data directory already exists!
I.shape: (909, 2)
success-> sliding_window_features_shape (real=(909-454+1, 300)):  (456, 300)
------------------------------ 03 Completed sliding windows ------------------------------

------------------------------ 04 Start predicate ------------------------------
surr_type: AAFT
simples: 10000
ID_train: IV_III
ID_test: I
DL_model: LSTM_model
repeats: 10

04_prediction_data directory already exists!
X_test.shape (456, 300)
X_test_array.shape:  (456, 300, 1)
--------------- prediction ... ---------------
y_pred_list.shape (456, 10)
------------------------------ 04 Completed predicate ------------------------------

------------------------------ 05 Start plots ------------------------------
surr_type: AAFT
simples: 10000
ID_train: IV_III
ID_test: I
Variable_label: paleoclimate
DL_model: LSTM_model
sw_width: 454
tsid: 1

05_ews_data_and_figures directory already exists!
05_ews_data_and_figures/data directory already exists!
05_ews_data_and_figures/data/AAFT directory already exists!
05_ews_data_and_figures/figures directory already exists!
05_ews_data_and_figures/figures/AAFT directory already exists!

Record_period: End_of_glaciation_I
start_age, transition_start, transition_end: -108025.0 -17000 -13828.0
sliding_window_I: 454
------------------------------ 05 Completed plots ------------------------------

------------------------------ 07 Start ROC for dl ------------------------------
surr_type: AAFT
simples: 10000
ID_merge_tsid: [2,1]
DL_model: LSTM_model
repeats: 10
features: 300

07_roc_data_and_figures_sdml directory already exists!
07_roc_data_and_figures_sdml/data directory already exists!
07_roc_data_and_figures_sdml/data/AAFT directory already exists!
07_roc_data_and_figures_sdml/data/AAFT/ROC directory already exists!
07_roc_data_and_figures_sdml/figures directory already exists!
07_roc_data_and_figures_sdml/figures/AAFT directory already exists!

07_roc_data_and_figures_sdml/figures/AAFT/ROC directory already exists!

len_eval_pts = 40

----- 01 forced trajectories and compute EWS -----
tsid= 2
Complete for forced tsid=2
tsid= 1
Complete for forced tsid=1
----- 01 null trajectories and compute EWS -----
Complete for null tsid=2
Complete for null tsid=1
----- 02 Compute ROC curves -----
Exported ROC data to 07_roc_data_and_figures_sdml/data/AAFT/ROC/df_roc_surrogate_AAFT_simples_10000_LSTM_model_[2,1].csv
Exported ROC figure to 07_roc_data_and_figures_sdml/figures/AAFT/ROC/figure_roc_surrogate_AAFT_simples_10000_LSTM_model_[2,1].png
Ran in 21.71s
------------------------------ 07 Completed ROC for dl ------------------------------

------------------------------ 07 Start ROC for dl ------------------------------
surr_type: AAFT
simples: 10000
ID_merge_tsid: [4,3]
DL_model: LSTM_model
repeats: 10
features: 300

07_roc_data_and_figures_sdml directory already exists!
07_roc_data_and_figures_sdml/data directory already exists!
07_roc_data_and_figures_sdml/data/AAFT directory already exists!
07_roc_data_and_figures_sdml/data/AAFT/ROC directory already exists!
07_roc_data_and_figures_sdml/figures directory already exists!
07_roc_data_and_figures_sdml/figures/AAFT directory already exists!

07_roc_data_and_figures_sdml/figures/AAFT/ROC directory already exists!

len_eval_pts = 40

----- 01 forced trajectories and compute EWS -----
tsid= 4
Complete for forced tsid=4
tsid= 3
Complete for forced tsid=3
----- 01 null trajectories and compute EWS -----
Complete for null tsid=4
Complete for null tsid=3
----- 02 Compute ROC curves -----
Exported ROC data to 07_roc_data_and_figures_sdml/data/AAFT/ROC/df_roc_surrogate_AAFT_simples_10000_LSTM_model_[4,3].csv
Exported ROC figure to 07_roc_data_and_figures_sdml/figures/AAFT/ROC/figure_roc_surrogate_AAFT_simples_10000_LSTM_model_[4,3].png
Ran in 21.95s
------------------------------ 07 Completed ROC for dl ------------------------------

------------------------------ 07 Start ROC for dl ------------------------------
surr_type: AAFT
simples: 10000
ID_merge_tsid: all
DL_model: LSTM_model
repeats: 10
features: 300

07_roc_data_and_figures_sdml directory already exists!
07_roc_data_and_figures_sdml/data directory already exists!
07_roc_data_and_figures_sdml/data/AAFT directory already exists!
07_roc_data_and_figures_sdml/data/AAFT/ROC directory already exists!
07_roc_data_and_figures_sdml/figures directory already exists!
07_roc_data_and_figures_sdml/figures/AAFT directory already exists!

07_roc_data_and_figures_sdml/figures/AAFT/ROC directory already exists!

len_eval_pts = 40

----- 01 forced trajectories and compute EWS -----
tsid= 1
Complete for forced tsid=1
tsid= 2
Complete for forced tsid=2
tsid= 3
Complete for forced tsid=3
tsid= 4
Complete for forced tsid=4
----- 01 null trajectories and compute EWS -----
Complete for null tsid=1
Complete for null tsid=2
Complete for null tsid=3
Complete for null tsid=4
----- 02 Compute ROC curves -----
Exported ROC data to 07_roc_data_and_figures_sdml/data/AAFT/ROC/df_roc_surrogate_AAFT_simples_10000_LSTM_model_all.csv
Exported ROC figure to 07_roc_data_and_figures_sdml/figures/AAFT/ROC/figure_roc_surrogate_AAFT_simples_10000_LSTM_model_all.png
Ran in 34.10s
------------------------------ 07 Completed ROC for dl ------------------------------

------------------------------ 03 Start sliding windows ------------------------------
surr_type: AAFT
simples: 10000
ID_train: IV_III
ID_test: II
Variable_label: paleoclimate
tsid: 2
features: 300
sw_width: 446

03_sliding_window_data directory already exists!
II.shape: (893, 2)
success-> sliding_window_features_shape (real=(893-446+1, 300)):  (448, 300)
------------------------------ 03 Completed sliding windows ------------------------------

------------------------------ 04 Start predicate ------------------------------
surr_type: AAFT
simples: 10000
ID_train: IV_III
ID_test: II
DL_model: LSTM_model
repeats: 10

04_prediction_data directory already exists!
X_test.shape (448, 300)
X_test_array.shape:  (448, 300, 1)
--------------- prediction ... ---------------
y_pred_list.shape (448, 10)
------------------------------ 04 Completed predicate ------------------------------

------------------------------ 05 Start plots ------------------------------
surr_type: AAFT
simples: 10000
ID_train: IV_III
ID_test: II
Variable_label: paleoclimate
DL_model: LSTM_model
sw_width: 446
tsid: 2

05_ews_data_and_figures directory already exists!
05_ews_data_and_figures/data directory already exists!
05_ews_data_and_figures/data/AAFT directory already exists!
05_ews_data_and_figures/figures directory already exists!
05_ews_data_and_figures/figures/AAFT directory already exists!

Record_period: End_of_glaciation_II
start_age, transition_start, transition_end: -224351.0 -135000 -129705.0
sliding_window_II: 446
------------------------------ 05 Completed plots ------------------------------

-------------------------------------------------------------------------------------
Using GPU for TensorFlow.
------------------------------ 01 Start run ------------------------------
Data_folder: paleoclimate
surr_type: AAFT
simples: 10000
ID_train: IV_III
DL_model: CNN_LSTM_model
repeats: 10

01_evaluation_data directory already exists!
models directory already exists!

full_path= G:/surrogate_data_based_machine_learning_v4.0.0/paleoclimate/01_data_preprocessing/02_extracte_and_generate_surrogate_dataset/paleoclimate/data/merge_surrogate_AAFT_simples_10000_train_IV_III.csv

Epoch 1: val_accuracy improved from -inf to 0.50475, saving model to models\surrogate_AAFT_simples_10000_CNN_LSTM_model_0.h5

Epoch 2: val_accuracy did not improve from 0.50475

Epoch 3: val_accuracy did not improve from 0.50475

Epoch 4: val_accuracy did not improve from 0.50475

Epoch 5: val_accuracy did not improve from 0.50475

Epoch 6: val_accuracy did not improve from 0.50475
Epoch 6: early stopping
>#1: 50.475

Epoch 1: val_accuracy improved from -inf to 0.49525, saving model to models\surrogate_AAFT_simples_10000_CNN_LSTM_model_1.h5

Epoch 2: val_accuracy did not improve from 0.49525

Epoch 3: val_accuracy did not improve from 0.49525

Epoch 4: val_accuracy improved from 0.49525 to 0.50475, saving model to models\surrogate_AAFT_simples_10000_CNN_LSTM_model_1.h5

Epoch 5: val_accuracy did not improve from 0.50475

Epoch 6: val_accuracy did not improve from 0.50475

Epoch 7: val_accuracy did not improve from 0.50475

Epoch 8: val_accuracy did not improve from 0.50475

Epoch 9: val_accuracy did not improve from 0.50475
Epoch 9: early stopping
>#2: 50.475

Epoch 1: val_accuracy improved from -inf to 0.49525, saving model to models\surrogate_AAFT_simples_10000_CNN_LSTM_model_2.h5

Epoch 2: val_accuracy improved from 0.49525 to 0.50475, saving model to models\surrogate_AAFT_simples_10000_CNN_LSTM_model_2.h5

Epoch 3: val_accuracy did not improve from 0.50475

Epoch 4: val_accuracy did not improve from 0.50475

Epoch 5: val_accuracy did not improve from 0.50475

Epoch 6: val_accuracy did not improve from 0.50475

Epoch 7: val_accuracy did not improve from 0.50475
Epoch 7: early stopping
>#3: 50.475

Epoch 1: val_accuracy improved from -inf to 0.49525, saving model to models\surrogate_AAFT_simples_10000_CNN_LSTM_model_3.h5

Epoch 2: val_accuracy did not improve from 0.49525

Epoch 3: val_accuracy improved from 0.49525 to 0.50475, saving model to models\surrogate_AAFT_simples_10000_CNN_LSTM_model_3.h5

Epoch 4: val_accuracy did not improve from 0.50475

Epoch 5: val_accuracy did not improve from 0.50475

Epoch 6: val_accuracy did not improve from 0.50475

Epoch 7: val_accuracy did not improve from 0.50475

Epoch 8: val_accuracy did not improve from 0.50475
Epoch 8: early stopping
>#4: 50.475

Epoch 1: val_accuracy improved from -inf to 0.50475, saving model to models\surrogate_AAFT_simples_10000_CNN_LSTM_model_4.h5

Epoch 2: val_accuracy did not improve from 0.50475

Epoch 3: val_accuracy did not improve from 0.50475

Epoch 4: val_accuracy did not improve from 0.50475

Epoch 5: val_accuracy did not improve from 0.50475

Epoch 6: val_accuracy did not improve from 0.50475
Epoch 6: early stopping
>#5: 50.475

Epoch 1: val_accuracy improved from -inf to 0.49525, saving model to models\surrogate_AAFT_simples_10000_CNN_LSTM_model_5.h5

Epoch 2: val_accuracy improved from 0.49525 to 0.50475, saving model to models\surrogate_AAFT_simples_10000_CNN_LSTM_model_5.h5

Epoch 3: val_accuracy did not improve from 0.50475

Epoch 4: val_accuracy did not improve from 0.50475

Epoch 5: val_accuracy did not improve from 0.50475

Epoch 6: val_accuracy did not improve from 0.50475

Epoch 7: val_accuracy did not improve from 0.50475
Epoch 7: early stopping
>#6: 50.475

Epoch 1: val_accuracy improved from -inf to 0.49525, saving model to models\surrogate_AAFT_simples_10000_CNN_LSTM_model_6.h5

Epoch 2: val_accuracy did not improve from 0.49525

Epoch 3: val_accuracy improved from 0.49525 to 0.50475, saving model to models\surrogate_AAFT_simples_10000_CNN_LSTM_model_6.h5

Epoch 4: val_accuracy did not improve from 0.50475

Epoch 5: val_accuracy did not improve from 0.50475

Epoch 6: val_accuracy did not improve from 0.50475

Epoch 7: val_accuracy did not improve from 0.50475

Epoch 8: val_accuracy did not improve from 0.50475
Epoch 8: early stopping
>#7: 50.475

Epoch 1: val_accuracy improved from -inf to 0.49525, saving model to models\surrogate_AAFT_simples_10000_CNN_LSTM_model_7.h5

Epoch 2: val_accuracy improved from 0.49525 to 0.50475, saving model to models\surrogate_AAFT_simples_10000_CNN_LSTM_model_7.h5

Epoch 3: val_accuracy did not improve from 0.50475

Epoch 4: val_accuracy did not improve from 0.50475

Epoch 5: val_accuracy did not improve from 0.50475

Epoch 6: val_accuracy did not improve from 0.50475

Epoch 7: val_accuracy did not improve from 0.50475
Epoch 7: early stopping
>#8: 50.475

Epoch 1: val_accuracy improved from -inf to 0.50475, saving model to models\surrogate_AAFT_simples_10000_CNN_LSTM_model_8.h5

Epoch 2: val_accuracy did not improve from 0.50475

Epoch 3: val_accuracy did not improve from 0.50475

Epoch 4: val_accuracy did not improve from 0.50475

Epoch 5: val_accuracy did not improve from 0.50475

Epoch 6: val_accuracy did not improve from 0.50475
Epoch 6: early stopping
>#9: 50.475

Epoch 1: val_accuracy improved from -inf to 0.50475, saving model to models\surrogate_AAFT_simples_10000_CNN_LSTM_model_9.h5

Epoch 2: val_accuracy did not improve from 0.50475

Epoch 3: val_accuracy did not improve from 0.50475

Epoch 4: val_accuracy did not improve from 0.50475

Epoch 5: val_accuracy did not improve from 0.50475

Epoch 6: val_accuracy did not improve from 0.50475
Epoch 6: early stopping
>#10: 50.475
------------------ summarize results -------------------------
DL_model: CNN_LSTM_model
scores: [50.47500133514404, 50.47500133514404, 50.47500133514404, 50.47500133514404, 50.47500133514404, 50.47500133514404, 50.47500133514404, 50.47500133514404, 50.47500133514404, 50.47500133514404]
Accuracy mean (std): 50.475% (0.000)

Running time 216.7 seconds
------------------------------ 01 Completed ------------------------------

------------------------------ 02 Start Evaluation ------------------------------
surr_type: AAFT
simples: 10000
ID_train: IV_III
DL_model: CNN_LSTM_model
repeats: 10

02_evaluation_performance directory already exists!
# 0 >> accuracy: 0.5053750276565552
# 1 >> accuracy: 0.5053750276565552
# 2 >> accuracy: 0.5053750276565552
# 3 >> accuracy: 0.5053750276565552
# 4 >> accuracy: 0.5053750276565552
# 5 >> accuracy: 0.5053750276565552
# 6 >> accuracy: 0.5053750276565552
# 7 >> accuracy: 0.5053750276565552
# 8 >> accuracy: 0.5053750276565552
# 9 >> accuracy: 0.5053750276565552
The results have been saved to a txt file: 02_evaluation_performance/evaluation_performance_surrogate_AAFT_simples_10000_CNN_LSTM_model_train_IV_III.txt

Running time 27.6 seconds
------------------------------ 02 Completed Evaluation ------------------------------

------------------------------ 03 Start sliding windows ------------------------------
surr_type: AAFT
simples: 10000
ID_train: IV_III
ID_test: I
Variable_label: paleoclimate
tsid: 1
features: 300
sw_width: 454

03_sliding_window_data directory already exists!
I.shape: (909, 2)
success-> sliding_window_features_shape (real=(909-454+1, 300)):  (456, 300)
------------------------------ 03 Completed sliding windows ------------------------------

------------------------------ 04 Start predicate ------------------------------
surr_type: AAFT
simples: 10000
ID_train: IV_III
ID_test: I
DL_model: CNN_LSTM_model
repeats: 10

04_prediction_data directory already exists!
X_test.shape (456, 300)
X_test_array.shape:  (456, 300, 1)
--------------- prediction ... ---------------
textX=(samples, steps, length, channels): (456, 10, 30, 1)
textX=(samples, steps, length, channels): (456, 10, 30, 1)
textX=(samples, steps, length, channels): (456, 10, 30, 1)
textX=(samples, steps, length, channels): (456, 10, 30, 1)
textX=(samples, steps, length, channels): (456, 10, 30, 1)
textX=(samples, steps, length, channels): (456, 10, 30, 1)
textX=(samples, steps, length, channels): (456, 10, 30, 1)
textX=(samples, steps, length, channels): (456, 10, 30, 1)
textX=(samples, steps, length, channels): (456, 10, 30, 1)
textX=(samples, steps, length, channels): (456, 10, 30, 1)
y_pred_list.shape (456, 10)
------------------------------ 04 Completed predicate ------------------------------

------------------------------ 05 Start plots ------------------------------
surr_type: AAFT
simples: 10000
ID_train: IV_III
ID_test: I
Variable_label: paleoclimate
DL_model: CNN_LSTM_model
sw_width: 454
tsid: 1

05_ews_data_and_figures directory already exists!
05_ews_data_and_figures/data directory already exists!
05_ews_data_and_figures/data/AAFT directory already exists!
05_ews_data_and_figures/figures directory already exists!
05_ews_data_and_figures/figures/AAFT directory already exists!

Record_period: End_of_glaciation_I
start_age, transition_start, transition_end: -108025.0 -17000 -13828.0
sliding_window_I: 454
------------------------------ 05 Completed plots ------------------------------

------------------------------ 07 Start ROC for dl ------------------------------
surr_type: AAFT
simples: 10000
ID_merge_tsid: [2,1]
DL_model: CNN_LSTM_model
repeats: 10
features: 300

07_roc_data_and_figures_sdml directory already exists!
07_roc_data_and_figures_sdml/data directory already exists!
07_roc_data_and_figures_sdml/data/AAFT directory already exists!
07_roc_data_and_figures_sdml/data/AAFT/ROC directory already exists!
07_roc_data_and_figures_sdml/figures directory already exists!
07_roc_data_and_figures_sdml/figures/AAFT directory already exists!

07_roc_data_and_figures_sdml/figures/AAFT/ROC directory already exists!

len_eval_pts = 40

----- 01 forced trajectories and compute EWS -----
tsid= 2
Complete for forced tsid=2
tsid= 1
Complete for forced tsid=1
----- 01 null trajectories and compute EWS -----
Complete for null tsid=2
Complete for null tsid=1
----- 02 Compute ROC curves -----
Exported ROC data to 07_roc_data_and_figures_sdml/data/AAFT/ROC/df_roc_surrogate_AAFT_simples_10000_CNN_LSTM_model_[2,1].csv
Exported ROC figure to 07_roc_data_and_figures_sdml/figures/AAFT/ROC/figure_roc_surrogate_AAFT_simples_10000_CNN_LSTM_model_[2,1].png
Ran in 25.36s
------------------------------ 07 Completed ROC for dl ------------------------------

------------------------------ 07 Start ROC for dl ------------------------------
surr_type: AAFT
simples: 10000
ID_merge_tsid: [4,3]
DL_model: CNN_LSTM_model
repeats: 10
features: 300

07_roc_data_and_figures_sdml directory already exists!
07_roc_data_and_figures_sdml/data directory already exists!
07_roc_data_and_figures_sdml/data/AAFT directory already exists!
07_roc_data_and_figures_sdml/data/AAFT/ROC directory already exists!
07_roc_data_and_figures_sdml/figures directory already exists!
07_roc_data_and_figures_sdml/figures/AAFT directory already exists!

07_roc_data_and_figures_sdml/figures/AAFT/ROC directory already exists!

len_eval_pts = 40

----- 01 forced trajectories and compute EWS -----
tsid= 4
Complete for forced tsid=4
tsid= 3
Complete for forced tsid=3
----- 01 null trajectories and compute EWS -----
Complete for null tsid=4
Complete for null tsid=3
----- 02 Compute ROC curves -----
Exported ROC data to 07_roc_data_and_figures_sdml/data/AAFT/ROC/df_roc_surrogate_AAFT_simples_10000_CNN_LSTM_model_[4,3].csv
Exported ROC figure to 07_roc_data_and_figures_sdml/figures/AAFT/ROC/figure_roc_surrogate_AAFT_simples_10000_CNN_LSTM_model_[4,3].png
Ran in 25.52s
------------------------------ 07 Completed ROC for dl ------------------------------

------------------------------ 07 Start ROC for dl ------------------------------
surr_type: AAFT
simples: 10000
ID_merge_tsid: all
DL_model: CNN_LSTM_model
repeats: 10
features: 300

07_roc_data_and_figures_sdml directory already exists!
07_roc_data_and_figures_sdml/data directory already exists!
07_roc_data_and_figures_sdml/data/AAFT directory already exists!
07_roc_data_and_figures_sdml/data/AAFT/ROC directory already exists!
07_roc_data_and_figures_sdml/figures directory already exists!
07_roc_data_and_figures_sdml/figures/AAFT directory already exists!

07_roc_data_and_figures_sdml/figures/AAFT/ROC directory already exists!

len_eval_pts = 40

----- 01 forced trajectories and compute EWS -----
tsid= 1
Complete for forced tsid=1
tsid= 2
Complete for forced tsid=2
tsid= 3
Complete for forced tsid=3
tsid= 4
Complete for forced tsid=4
----- 01 null trajectories and compute EWS -----
Complete for null tsid=1
Complete for null tsid=2
Complete for null tsid=3
Complete for null tsid=4
----- 02 Compute ROC curves -----
Exported ROC data to 07_roc_data_and_figures_sdml/data/AAFT/ROC/df_roc_surrogate_AAFT_simples_10000_CNN_LSTM_model_all.csv
Exported ROC figure to 07_roc_data_and_figures_sdml/figures/AAFT/ROC/figure_roc_surrogate_AAFT_simples_10000_CNN_LSTM_model_all.png
Ran in 38.87s
------------------------------ 07 Completed ROC for dl ------------------------------

------------------------------ 03 Start sliding windows ------------------------------
surr_type: AAFT
simples: 10000
ID_train: IV_III
ID_test: II
Variable_label: paleoclimate
tsid: 2
features: 300
sw_width: 446

03_sliding_window_data directory already exists!
II.shape: (893, 2)
success-> sliding_window_features_shape (real=(893-446+1, 300)):  (448, 300)
------------------------------ 03 Completed sliding windows ------------------------------

------------------------------ 04 Start predicate ------------------------------
surr_type: AAFT
simples: 10000
ID_train: IV_III
ID_test: II
DL_model: CNN_LSTM_model
repeats: 10

04_prediction_data directory already exists!
X_test.shape (448, 300)
X_test_array.shape:  (448, 300, 1)
--------------- prediction ... ---------------
textX=(samples, steps, length, channels): (448, 10, 30, 1)
textX=(samples, steps, length, channels): (448, 10, 30, 1)
textX=(samples, steps, length, channels): (448, 10, 30, 1)
textX=(samples, steps, length, channels): (448, 10, 30, 1)
textX=(samples, steps, length, channels): (448, 10, 30, 1)
textX=(samples, steps, length, channels): (448, 10, 30, 1)
textX=(samples, steps, length, channels): (448, 10, 30, 1)
textX=(samples, steps, length, channels): (448, 10, 30, 1)
textX=(samples, steps, length, channels): (448, 10, 30, 1)
textX=(samples, steps, length, channels): (448, 10, 30, 1)
y_pred_list.shape (448, 10)
------------------------------ 04 Completed predicate ------------------------------

------------------------------ 05 Start plots ------------------------------
surr_type: AAFT
simples: 10000
ID_train: IV_III
ID_test: II
Variable_label: paleoclimate
DL_model: CNN_LSTM_model
sw_width: 446
tsid: 2

05_ews_data_and_figures directory already exists!
05_ews_data_and_figures/data directory already exists!
05_ews_data_and_figures/data/AAFT directory already exists!
05_ews_data_and_figures/figures directory already exists!
05_ews_data_and_figures/figures/AAFT directory already exists!

Record_period: End_of_glaciation_II
start_age, transition_start, transition_end: -224351.0 -135000 -129705.0
sliding_window_II: 446
------------------------------ 05 Completed plots ------------------------------

-------------------------------------------------------------------------------------
Using GPU for TensorFlow.
------------------------------ 01 Start run ------------------------------
Data_folder: paleoclimate
surr_type: AAFT
simples: 10000
ID_train: IV_III
DL_model: ConvLSTM_model
repeats: 10

01_evaluation_data directory already exists!
models directory already exists!

full_path= G:/surrogate_data_based_machine_learning_v4.0.0/paleoclimate/01_data_preprocessing/02_extracte_and_generate_surrogate_dataset/paleoclimate/data/merge_surrogate_AAFT_simples_10000_train_IV_III.csv

Epoch 1: val_accuracy improved from -inf to 0.49300, saving model to models\surrogate_AAFT_simples_10000_ConvLSTM_model_0.h5

Epoch 2: val_accuracy improved from 0.49300 to 0.49525, saving model to models\surrogate_AAFT_simples_10000_ConvLSTM_model_0.h5

Epoch 3: val_accuracy did not improve from 0.49525

Epoch 4: val_accuracy did not improve from 0.49525

Epoch 5: val_accuracy improved from 0.49525 to 0.49663, saving model to models\surrogate_AAFT_simples_10000_ConvLSTM_model_0.h5

Epoch 6: val_accuracy did not improve from 0.49663

Epoch 7: val_accuracy did not improve from 0.49663

Epoch 8: val_accuracy did not improve from 0.49663

Epoch 9: val_accuracy did not improve from 0.49663

Epoch 10: val_accuracy did not improve from 0.49663
Epoch 10: early stopping
>#1: 49.663

Epoch 1: val_accuracy improved from -inf to 0.50475, saving model to models\surrogate_AAFT_simples_10000_ConvLSTM_model_1.h5

Epoch 2: val_accuracy did not improve from 0.50475

Epoch 3: val_accuracy did not improve from 0.50475

Epoch 4: val_accuracy did not improve from 0.50475

Epoch 5: val_accuracy did not improve from 0.50475

Epoch 6: val_accuracy did not improve from 0.50475
Epoch 6: early stopping
>#2: 50.475

Epoch 1: val_accuracy improved from -inf to 0.49525, saving model to models\surrogate_AAFT_simples_10000_ConvLSTM_model_2.h5

Epoch 2: val_accuracy did not improve from 0.49525

Epoch 3: val_accuracy did not improve from 0.49525

Epoch 4: val_accuracy did not improve from 0.49525

Epoch 5: val_accuracy did not improve from 0.49525

Epoch 6: val_accuracy did not improve from 0.49525
Epoch 6: early stopping
>#3: 49.525

Epoch 1: val_accuracy improved from -inf to 0.49525, saving model to models\surrogate_AAFT_simples_10000_ConvLSTM_model_3.h5

Epoch 2: val_accuracy improved from 0.49525 to 0.49937, saving model to models\surrogate_AAFT_simples_10000_ConvLSTM_model_3.h5

Epoch 3: val_accuracy did not improve from 0.49937

Epoch 4: val_accuracy did not improve from 0.49937

Epoch 5: val_accuracy did not improve from 0.49937

Epoch 6: val_accuracy did not improve from 0.49937

Epoch 7: val_accuracy did not improve from 0.49937
Epoch 7: early stopping
>#4: 49.937

Epoch 1: val_accuracy improved from -inf to 0.49525, saving model to models\surrogate_AAFT_simples_10000_ConvLSTM_model_4.h5

Epoch 2: val_accuracy did not improve from 0.49525

Epoch 3: val_accuracy did not improve from 0.49525

Epoch 4: val_accuracy improved from 0.49525 to 0.50475, saving model to models\surrogate_AAFT_simples_10000_ConvLSTM_model_4.h5

Epoch 5: val_accuracy did not improve from 0.50475

Epoch 6: val_accuracy improved from 0.50475 to 0.53700, saving model to models\surrogate_AAFT_simples_10000_ConvLSTM_model_4.h5

Epoch 7: val_accuracy improved from 0.53700 to 0.54125, saving model to models\surrogate_AAFT_simples_10000_ConvLSTM_model_4.h5

Epoch 8: val_accuracy did not improve from 0.54125

Epoch 9: val_accuracy improved from 0.54125 to 0.56550, saving model to models\surrogate_AAFT_simples_10000_ConvLSTM_model_4.h5

Epoch 10: val_accuracy improved from 0.56550 to 0.57425, saving model to models\surrogate_AAFT_simples_10000_ConvLSTM_model_4.h5

Epoch 11: val_accuracy improved from 0.57425 to 0.58138, saving model to models\surrogate_AAFT_simples_10000_ConvLSTM_model_4.h5

Epoch 12: val_accuracy improved from 0.58138 to 0.59650, saving model to models\surrogate_AAFT_simples_10000_ConvLSTM_model_4.h5

Epoch 13: val_accuracy improved from 0.59650 to 0.63025, saving model to models\surrogate_AAFT_simples_10000_ConvLSTM_model_4.h5

Epoch 14: val_accuracy did not improve from 0.63025

Epoch 15: val_accuracy did not improve from 0.63025

Epoch 16: val_accuracy did not improve from 0.63025

Epoch 17: val_accuracy did not improve from 0.63025

Epoch 18: val_accuracy did not improve from 0.63025
Epoch 18: early stopping
>#5: 63.025

Epoch 1: val_accuracy improved from -inf to 0.49525, saving model to models\surrogate_AAFT_simples_10000_ConvLSTM_model_5.h5

Epoch 2: val_accuracy did not improve from 0.49525

Epoch 3: val_accuracy did not improve from 0.49525

Epoch 4: val_accuracy did not improve from 0.49525

Epoch 5: val_accuracy did not improve from 0.49525

Epoch 6: val_accuracy did not improve from 0.49525
Epoch 6: early stopping
>#6: 49.525

Epoch 1: val_accuracy improved from -inf to 0.49525, saving model to models\surrogate_AAFT_simples_10000_ConvLSTM_model_6.h5

Epoch 2: val_accuracy did not improve from 0.49525

Epoch 3: val_accuracy did not improve from 0.49525

Epoch 4: val_accuracy did not improve from 0.49525

Epoch 5: val_accuracy did not improve from 0.49525

Epoch 6: val_accuracy did not improve from 0.49525
Epoch 6: early stopping
>#7: 49.525

Epoch 1: val_accuracy improved from -inf to 0.50475, saving model to models\surrogate_AAFT_simples_10000_ConvLSTM_model_7.h5

Epoch 2: val_accuracy improved from 0.50475 to 0.54212, saving model to models\surrogate_AAFT_simples_10000_ConvLSTM_model_7.h5

Epoch 3: val_accuracy did not improve from 0.54212

Epoch 4: val_accuracy did not improve from 0.54212

Epoch 5: val_accuracy did not improve from 0.54212

Epoch 6: val_accuracy did not improve from 0.54212

Epoch 7: val_accuracy did not improve from 0.54212
Epoch 7: early stopping
>#8: 54.212

Epoch 1: val_accuracy improved from -inf to 0.49525, saving model to models\surrogate_AAFT_simples_10000_ConvLSTM_model_8.h5

Epoch 2: val_accuracy did not improve from 0.49525

Epoch 3: val_accuracy improved from 0.49525 to 0.49937, saving model to models\surrogate_AAFT_simples_10000_ConvLSTM_model_8.h5

Epoch 4: val_accuracy did not improve from 0.49937

Epoch 5: val_accuracy did not improve from 0.49937

Epoch 6: val_accuracy improved from 0.49937 to 0.50475, saving model to models\surrogate_AAFT_simples_10000_ConvLSTM_model_8.h5

Epoch 7: val_accuracy did not improve from 0.50475

Epoch 8: val_accuracy did not improve from 0.50475

Epoch 9: val_accuracy did not improve from 0.50475

Epoch 10: val_accuracy did not improve from 0.50475

Epoch 11: val_accuracy did not improve from 0.50475
Epoch 11: early stopping
>#9: 50.475

Epoch 1: val_accuracy improved from -inf to 0.49525, saving model to models\surrogate_AAFT_simples_10000_ConvLSTM_model_9.h5

Epoch 2: val_accuracy improved from 0.49525 to 0.50063, saving model to models\surrogate_AAFT_simples_10000_ConvLSTM_model_9.h5

Epoch 3: val_accuracy did not improve from 0.50063

Epoch 4: val_accuracy did not improve from 0.50063

Epoch 5: val_accuracy did not improve from 0.50063

Epoch 6: val_accuracy did not improve from 0.50063

Epoch 7: val_accuracy did not improve from 0.50063
Epoch 7: early stopping
>#10: 50.063
------------------ summarize results -------------------------
DL_model: ConvLSTM_model
scores: [49.662500619888306, 50.47500133514404, 49.52499866485596, 49.937498569488525, 63.02499771118164, 49.52499866485596, 49.52499866485596, 54.21249866485596, 50.47500133514404, 50.062501430511475]
Accuracy mean (std): 51.642% (4.021)

Running time 1056.6 seconds
------------------------------ 01 Completed ------------------------------

------------------------------ 02 Start Evaluation ------------------------------
surr_type: AAFT
simples: 10000
ID_train: IV_III
DL_model: ConvLSTM_model
repeats: 10

02_evaluation_performance directory already exists!
# 0 >> accuracy: 0.4951249957084656
# 1 >> accuracy: 0.5053750276565552
# 2 >> accuracy: 0.4946250021457672
# 3 >> accuracy: 0.5037500262260437
# 4 >> accuracy: 0.6301249861717224
# 5 >> accuracy: 0.4946250021457672
# 6 >> accuracy: 0.4946250021457672
# 7 >> accuracy: 0.5388749837875366
# 8 >> accuracy: 0.5053750276565552
# 9 >> accuracy: 0.4962500035762787
The results have been saved to a txt file: 02_evaluation_performance/evaluation_performance_surrogate_AAFT_simples_10000_ConvLSTM_model_train_IV_III.txt

Running time 52.1 seconds
------------------------------ 02 Completed Evaluation ------------------------------

------------------------------ 03 Start sliding windows ------------------------------
surr_type: AAFT
simples: 10000
ID_train: IV_III
ID_test: I
Variable_label: paleoclimate
tsid: 1
features: 300
sw_width: 454

03_sliding_window_data directory already exists!
I.shape: (909, 2)
success-> sliding_window_features_shape (real=(909-454+1, 300)):  (456, 300)
------------------------------ 03 Completed sliding windows ------------------------------

------------------------------ 04 Start predicate ------------------------------
surr_type: AAFT
simples: 10000
ID_train: IV_III
ID_test: I
DL_model: ConvLSTM_model
repeats: 10

04_prediction_data directory already exists!
X_test.shape (456, 300)
X_test_array.shape:  (456, 300, 1)
--------------- prediction ... ---------------
textX=(samples, time steps, rows, cols, channels): (456, 10, 1, 30, 1)
textX=(samples, time steps, rows, cols, channels): (456, 10, 1, 30, 1)
textX=(samples, time steps, rows, cols, channels): (456, 10, 1, 30, 1)
textX=(samples, time steps, rows, cols, channels): (456, 10, 1, 30, 1)
textX=(samples, time steps, rows, cols, channels): (456, 10, 1, 30, 1)
textX=(samples, time steps, rows, cols, channels): (456, 10, 1, 30, 1)
textX=(samples, time steps, rows, cols, channels): (456, 10, 1, 30, 1)
textX=(samples, time steps, rows, cols, channels): (456, 10, 1, 30, 1)
textX=(samples, time steps, rows, cols, channels): (456, 10, 1, 30, 1)
textX=(samples, time steps, rows, cols, channels): (456, 10, 1, 30, 1)
y_pred_list.shape (456, 10)
------------------------------ 04 Completed predicate ------------------------------

------------------------------ 05 Start plots ------------------------------
surr_type: AAFT
simples: 10000
ID_train: IV_III
ID_test: I
Variable_label: paleoclimate
DL_model: ConvLSTM_model
sw_width: 454
tsid: 1

05_ews_data_and_figures directory already exists!
05_ews_data_and_figures/data directory already exists!
05_ews_data_and_figures/data/AAFT directory already exists!
05_ews_data_and_figures/figures directory already exists!
05_ews_data_and_figures/figures/AAFT directory already exists!

Record_period: End_of_glaciation_I
start_age, transition_start, transition_end: -108025.0 -17000 -13828.0
sliding_window_I: 454
------------------------------ 05 Completed plots ------------------------------

------------------------------ 07 Start ROC for dl ------------------------------
surr_type: AAFT
simples: 10000
ID_merge_tsid: [2,1]
DL_model: ConvLSTM_model
repeats: 10
features: 300

07_roc_data_and_figures_sdml directory already exists!
07_roc_data_and_figures_sdml/data directory already exists!
07_roc_data_and_figures_sdml/data/AAFT directory already exists!
07_roc_data_and_figures_sdml/data/AAFT/ROC directory already exists!
07_roc_data_and_figures_sdml/figures directory already exists!
07_roc_data_and_figures_sdml/figures/AAFT directory already exists!

07_roc_data_and_figures_sdml/figures/AAFT/ROC directory already exists!

len_eval_pts = 40

----- 01 forced trajectories and compute EWS -----
tsid= 2
Complete for forced tsid=2
tsid= 1
Complete for forced tsid=1
----- 01 null trajectories and compute EWS -----
Complete for null tsid=2
Complete for null tsid=1
----- 02 Compute ROC curves -----
Exported ROC data to 07_roc_data_and_figures_sdml/data/AAFT/ROC/df_roc_surrogate_AAFT_simples_10000_ConvLSTM_model_[2,1].csv
Exported ROC figure to 07_roc_data_and_figures_sdml/figures/AAFT/ROC/figure_roc_surrogate_AAFT_simples_10000_ConvLSTM_model_[2,1].png
Ran in 16.96s
------------------------------ 07 Completed ROC for dl ------------------------------

------------------------------ 07 Start ROC for dl ------------------------------
surr_type: AAFT
simples: 10000
ID_merge_tsid: [4,3]
DL_model: ConvLSTM_model
repeats: 10
features: 300

07_roc_data_and_figures_sdml directory already exists!
07_roc_data_and_figures_sdml/data directory already exists!
07_roc_data_and_figures_sdml/data/AAFT directory already exists!
07_roc_data_and_figures_sdml/data/AAFT/ROC directory already exists!
07_roc_data_and_figures_sdml/figures directory already exists!
07_roc_data_and_figures_sdml/figures/AAFT directory already exists!

07_roc_data_and_figures_sdml/figures/AAFT/ROC directory already exists!

len_eval_pts = 40

----- 01 forced trajectories and compute EWS -----
tsid= 4
Complete for forced tsid=4
tsid= 3
Complete for forced tsid=3
----- 01 null trajectories and compute EWS -----
Complete for null tsid=4
Complete for null tsid=3
----- 02 Compute ROC curves -----
Exported ROC data to 07_roc_data_and_figures_sdml/data/AAFT/ROC/df_roc_surrogate_AAFT_simples_10000_ConvLSTM_model_[4,3].csv
Exported ROC figure to 07_roc_data_and_figures_sdml/figures/AAFT/ROC/figure_roc_surrogate_AAFT_simples_10000_ConvLSTM_model_[4,3].png
Ran in 17.73s
------------------------------ 07 Completed ROC for dl ------------------------------

------------------------------ 07 Start ROC for dl ------------------------------
surr_type: AAFT
simples: 10000
ID_merge_tsid: all
DL_model: ConvLSTM_model
repeats: 10
features: 300

07_roc_data_and_figures_sdml directory already exists!
07_roc_data_and_figures_sdml/data directory already exists!
07_roc_data_and_figures_sdml/data/AAFT directory already exists!
07_roc_data_and_figures_sdml/data/AAFT/ROC directory already exists!
07_roc_data_and_figures_sdml/figures directory already exists!
07_roc_data_and_figures_sdml/figures/AAFT directory already exists!

07_roc_data_and_figures_sdml/figures/AAFT/ROC directory already exists!

len_eval_pts = 40

----- 01 forced trajectories and compute EWS -----
tsid= 1
Complete for forced tsid=1
tsid= 2
Complete for forced tsid=2
tsid= 3
Complete for forced tsid=3
tsid= 4
Complete for forced tsid=4
----- 01 null trajectories and compute EWS -----
Complete for null tsid=1
Complete for null tsid=2
Complete for null tsid=3
Complete for null tsid=4
----- 02 Compute ROC curves -----
Exported ROC data to 07_roc_data_and_figures_sdml/data/AAFT/ROC/df_roc_surrogate_AAFT_simples_10000_ConvLSTM_model_all.csv
Exported ROC figure to 07_roc_data_and_figures_sdml/figures/AAFT/ROC/figure_roc_surrogate_AAFT_simples_10000_ConvLSTM_model_all.png
Ran in 26.39s
------------------------------ 07 Completed ROC for dl ------------------------------

------------------------------ 03 Start sliding windows ------------------------------
surr_type: AAFT
simples: 10000
ID_train: IV_III
ID_test: II
Variable_label: paleoclimate
tsid: 2
features: 300
sw_width: 446

03_sliding_window_data directory already exists!
II.shape: (893, 2)
success-> sliding_window_features_shape (real=(893-446+1, 300)):  (448, 300)
------------------------------ 03 Completed sliding windows ------------------------------

------------------------------ 04 Start predicate ------------------------------
surr_type: AAFT
simples: 10000
ID_train: IV_III
ID_test: II
DL_model: ConvLSTM_model
repeats: 10

04_prediction_data directory already exists!
X_test.shape (448, 300)
X_test_array.shape:  (448, 300, 1)
--------------- prediction ... ---------------
textX=(samples, time steps, rows, cols, channels): (448, 10, 1, 30, 1)
textX=(samples, time steps, rows, cols, channels): (448, 10, 1, 30, 1)
textX=(samples, time steps, rows, cols, channels): (448, 10, 1, 30, 1)
textX=(samples, time steps, rows, cols, channels): (448, 10, 1, 30, 1)
textX=(samples, time steps, rows, cols, channels): (448, 10, 1, 30, 1)
textX=(samples, time steps, rows, cols, channels): (448, 10, 1, 30, 1)
textX=(samples, time steps, rows, cols, channels): (448, 10, 1, 30, 1)
textX=(samples, time steps, rows, cols, channels): (448, 10, 1, 30, 1)
textX=(samples, time steps, rows, cols, channels): (448, 10, 1, 30, 1)
textX=(samples, time steps, rows, cols, channels): (448, 10, 1, 30, 1)
y_pred_list.shape (448, 10)
------------------------------ 04 Completed predicate ------------------------------

------------------------------ 05 Start plots ------------------------------
surr_type: AAFT
simples: 10000
ID_train: IV_III
ID_test: II
Variable_label: paleoclimate
DL_model: ConvLSTM_model
sw_width: 446
tsid: 2

05_ews_data_and_figures directory already exists!
05_ews_data_and_figures/data directory already exists!
05_ews_data_and_figures/data/AAFT directory already exists!
05_ews_data_and_figures/figures directory already exists!
05_ews_data_and_figures/figures/AAFT directory already exists!

Record_period: End_of_glaciation_II
start_age, transition_start, transition_end: -224351.0 -135000 -129705.0
sliding_window_II: 446
------------------------------ 05 Completed plots ------------------------------

---------------------------- complete end ----------------------------
