---------------------------- Run start python scripts -----------------------------
-------------------------------------------------------------------------------------
Using GPU for TensorFlow.
------------------------------ 01 Start run ------------------------------
Data_folder: paleoclimate
surr_type: RP
simples: 10000
ID_train: IV_III
DL_model: CNN_model
repeats: 10

01_evaluation_data directory already exists!
models directory already exists!

full_path= G:/surrogate_data_based_machine_learning_v4.0.0/paleoclimate/01_data_preprocessing/02_extracte_and_generate_surrogate_dataset/paleoclimate/data/merge_surrogate_RP_simples_10000_train_IV_III.csv

Epoch 1: val_accuracy improved from -inf to 0.54287, saving model to models\surrogate_RP_simples_10000_CNN_model_0.h5

Epoch 2: val_accuracy did not improve from 0.54287

Epoch 3: val_accuracy did not improve from 0.54287

Epoch 4: val_accuracy did not improve from 0.54287

Epoch 5: val_accuracy did not improve from 0.54287

Epoch 6: val_accuracy did not improve from 0.54287
Epoch 6: early stopping
>#1: 54.287

Epoch 1: val_accuracy improved from -inf to 0.50650, saving model to models\surrogate_RP_simples_10000_CNN_model_1.h5

Epoch 2: val_accuracy did not improve from 0.50650

Epoch 3: val_accuracy did not improve from 0.50650

Epoch 4: val_accuracy did not improve from 0.50650

Epoch 5: val_accuracy did not improve from 0.50650

Epoch 6: val_accuracy did not improve from 0.50650
Epoch 6: early stopping
>#2: 50.650

Epoch 1: val_accuracy improved from -inf to 0.49237, saving model to models\surrogate_RP_simples_10000_CNN_model_2.h5

Epoch 2: val_accuracy did not improve from 0.49237

Epoch 3: val_accuracy did not improve from 0.49237

Epoch 4: val_accuracy did not improve from 0.49237

Epoch 5: val_accuracy did not improve from 0.49237

Epoch 6: val_accuracy did not improve from 0.49237
Epoch 6: early stopping
>#3: 49.237

Epoch 1: val_accuracy improved from -inf to 0.49237, saving model to models\surrogate_RP_simples_10000_CNN_model_3.h5

Epoch 2: val_accuracy did not improve from 0.49237

Epoch 3: val_accuracy did not improve from 0.49237

Epoch 4: val_accuracy did not improve from 0.49237

Epoch 5: val_accuracy did not improve from 0.49237

Epoch 6: val_accuracy did not improve from 0.49237
Epoch 6: early stopping
>#4: 49.237

Epoch 1: val_accuracy improved from -inf to 0.51150, saving model to models\surrogate_RP_simples_10000_CNN_model_4.h5

Epoch 2: val_accuracy did not improve from 0.51150

Epoch 3: val_accuracy did not improve from 0.51150

Epoch 4: val_accuracy did not improve from 0.51150

Epoch 5: val_accuracy did not improve from 0.51150

Epoch 6: val_accuracy did not improve from 0.51150
Epoch 6: early stopping
>#5: 51.150

Epoch 1: val_accuracy improved from -inf to 0.48063, saving model to models\surrogate_RP_simples_10000_CNN_model_5.h5

Epoch 2: val_accuracy improved from 0.48063 to 0.49237, saving model to models\surrogate_RP_simples_10000_CNN_model_5.h5

Epoch 3: val_accuracy did not improve from 0.49237

Epoch 4: val_accuracy improved from 0.49237 to 0.51150, saving model to models\surrogate_RP_simples_10000_CNN_model_5.h5

Epoch 5: val_accuracy did not improve from 0.51150

Epoch 6: val_accuracy did not improve from 0.51150

Epoch 7: val_accuracy did not improve from 0.51150

Epoch 8: val_accuracy did not improve from 0.51150

Epoch 9: val_accuracy did not improve from 0.51150
Epoch 9: early stopping
>#6: 51.150

Epoch 1: val_accuracy improved from -inf to 0.51150, saving model to models\surrogate_RP_simples_10000_CNN_model_6.h5

Epoch 2: val_accuracy did not improve from 0.51150

Epoch 3: val_accuracy did not improve from 0.51150

Epoch 4: val_accuracy did not improve from 0.51150

Epoch 5: val_accuracy did not improve from 0.51150

Epoch 6: val_accuracy did not improve from 0.51150
Epoch 6: early stopping
>#7: 51.150

Epoch 1: val_accuracy improved from -inf to 0.49237, saving model to models\surrogate_RP_simples_10000_CNN_model_7.h5

Epoch 2: val_accuracy did not improve from 0.49237

Epoch 3: val_accuracy did not improve from 0.49237

Epoch 4: val_accuracy did not improve from 0.49237

Epoch 5: val_accuracy did not improve from 0.49237

Epoch 6: val_accuracy did not improve from 0.49237
Epoch 6: early stopping
>#8: 49.237

Epoch 1: val_accuracy improved from -inf to 0.46900, saving model to models\surrogate_RP_simples_10000_CNN_model_8.h5

Epoch 2: val_accuracy improved from 0.46900 to 0.51150, saving model to models\surrogate_RP_simples_10000_CNN_model_8.h5

Epoch 3: val_accuracy did not improve from 0.51150

Epoch 4: val_accuracy did not improve from 0.51150

Epoch 5: val_accuracy did not improve from 0.51150

Epoch 6: val_accuracy did not improve from 0.51150

Epoch 7: val_accuracy did not improve from 0.51150
Epoch 7: early stopping
>#9: 51.150

Epoch 1: val_accuracy improved from -inf to 0.49237, saving model to models\surrogate_RP_simples_10000_CNN_model_9.h5

Epoch 2: val_accuracy did not improve from 0.49237

Epoch 3: val_accuracy did not improve from 0.49237

Epoch 4: val_accuracy did not improve from 0.49237

Epoch 5: val_accuracy did not improve from 0.49237

Epoch 6: val_accuracy did not improve from 0.49237
Epoch 6: early stopping
>#10: 49.237
------------------ summarize results -------------------------
DL_model: CNN_model
scores: [54.28749918937683, 50.65000057220459, 49.2374986410141, 49.2374986410141, 51.15000009536743, 51.15000009536743, 51.15000009536743, 49.2374986410141, 51.15000009536743, 49.2374986410141]
Accuracy mean (std): 50.649% (1.490)

Running time 126.0 seconds
------------------------------ 01 Completed ------------------------------

------------------------------ 02 Start Evaluation ------------------------------
surr_type: RP
simples: 10000
ID_train: IV_III
DL_model: CNN_model
repeats: 10

02_evaluation_performance directory already exists!
# 0 >> accuracy: 0.5348749756813049
# 1 >> accuracy: 0.5049999952316284
# 2 >> accuracy: 0.499875009059906
# 3 >> accuracy: 0.499875009059906
# 4 >> accuracy: 0.4957500100135803
# 5 >> accuracy: 0.4957500100135803
# 6 >> accuracy: 0.4957500100135803
# 7 >> accuracy: 0.499875009059906
# 8 >> accuracy: 0.4957500100135803
# 9 >> accuracy: 0.499875009059906
The results have been saved to a txt file: 02_evaluation_performance/evaluation_performance_surrogate_RP_simples_10000_CNN_model_train_IV_III.txt

Running time 15.8 seconds
------------------------------ 02 Completed Evaluation ------------------------------

------------------------------ 03 Start sliding windows ------------------------------
surr_type: RP
simples: 10000
ID_train: IV_III
ID_test: I
Variable_label: paleoclimate
tsid: 1
features: 300
sw_width: 454

03_sliding_window_data directory already exists!
I.shape: (909, 2)
success-> sliding_window_features_shape (real=(909-454+1, 300)):  (456, 300)
------------------------------ 03 Completed sliding windows ------------------------------

------------------------------ 04 Start predicate ------------------------------
surr_type: RP
simples: 10000
ID_train: IV_III
ID_test: I
DL_model: CNN_model
repeats: 10

04_prediction_data directory already exists!
X_test.shape (456, 300)
X_test_array.shape:  (456, 300, 1)
--------------- prediction ... ---------------
y_pred_list.shape (456, 10)
------------------------------ 04 Completed predicate ------------------------------

------------------------------ 05 Start plots ------------------------------
surr_type: RP
simples: 10000
ID_train: IV_III
ID_test: I
Variable_label: paleoclimate
DL_model: CNN_model
sw_width: 454
tsid: 1

05_ews_data_and_figures directory already exists!
05_ews_data_and_figures/data directory already exists!
05_ews_data_and_figures/data/RP directory already exists!
05_ews_data_and_figures/figures directory already exists!
05_ews_data_and_figures/figures/RP directory already exists!

Record_period: End_of_glaciation_I
start_age, transition_start, transition_end: -108025.0 -17000 -13828.0
sliding_window_I: 454
------------------------------ 05 Completed plots ------------------------------

------------------------------ 06 Start ROC for variance and lag-1 autocorrelation ------------------------------
surr_type: RP
simples: 10000
ID_merge_tsid: [2,1]
DL_model: CNN_model
repeats: 10
features: 300

06_roc_data_and_figures_var_corr directory already exists!
06_roc_data_and_figures_var_corr/data directory already exists!
06_roc_data_and_figures_var_corr/data/ROC directory already exists!
06_roc_data_and_figures_var_corr/figures directory already exists!
06_roc_data_and_figures_var_corr/figures/ROC directory already exists!
len_eval_pts= 40

----- 01 forced trajectories and compute EWS -----
Complete for forced tsid=2
Complete for forced tsid=1
----- 01 null trajectories and compute EWS -----
Complete for null tsid=2
Complete for null tsid=1
----- 02 Compute ROC curves -----
Exported ROC data to 06_roc_data_and_figures_var_corr/data/ROC/df_roc_var_corr_[2,1].csv
Exported ROC figure to 06_roc_data_and_figures_var_corr/figures/ROC/figure_roc_var_corr_[2,1].png
Ran in 1.53s
------------------------------ 06 Completed ROC for variance and lag-1 autocorrelation ------------------------------

------------------------------ 07 Start ROC for dl ------------------------------
surr_type: RP
simples: 10000
ID_merge_tsid: [2,1]
DL_model: CNN_model
repeats: 10
features: 300

07_roc_data_and_figures_sdml directory already exists!
07_roc_data_and_figures_sdml/data directory already exists!
07_roc_data_and_figures_sdml/data/RP directory already exists!
07_roc_data_and_figures_sdml/data/RP/ROC directory already exists!
07_roc_data_and_figures_sdml/figures directory already exists!
07_roc_data_and_figures_sdml/figures/RP directory already exists!

07_roc_data_and_figures_sdml/figures/RP/ROC directory already exists!

len_eval_pts = 40

----- 01 forced trajectories and compute EWS -----
tsid= 2
Complete for forced tsid=2
tsid= 1
Complete for forced tsid=1
----- 01 null trajectories and compute EWS -----
Complete for null tsid=2
Complete for null tsid=1
----- 02 Compute ROC curves -----
Exported ROC data to 07_roc_data_and_figures_sdml/data/RP/ROC/df_roc_surrogate_RP_simples_10000_CNN_model_[2,1].csv
Exported ROC figure to 07_roc_data_and_figures_sdml/figures/RP/ROC/figure_roc_surrogate_RP_simples_10000_CNN_model_[2,1].png
Ran in 11.12s
------------------------------ 07 Completed ROC for dl ------------------------------

------------------------------ 06 Start ROC for variance and lag-1 autocorrelation ------------------------------
surr_type: RP
simples: 10000
ID_merge_tsid: [4,3]
DL_model: CNN_model
repeats: 10
features: 300

06_roc_data_and_figures_var_corr directory already exists!
06_roc_data_and_figures_var_corr/data directory already exists!
06_roc_data_and_figures_var_corr/data/ROC directory already exists!
06_roc_data_and_figures_var_corr/figures directory already exists!
06_roc_data_and_figures_var_corr/figures/ROC directory already exists!
len_eval_pts= 40

----- 01 forced trajectories and compute EWS -----
Complete for forced tsid=4
Complete for forced tsid=3
----- 01 null trajectories and compute EWS -----
Complete for null tsid=4
Complete for null tsid=3
----- 02 Compute ROC curves -----
Exported ROC data to 06_roc_data_and_figures_var_corr/data/ROC/df_roc_var_corr_[4,3].csv
Exported ROC figure to 06_roc_data_and_figures_var_corr/figures/ROC/figure_roc_var_corr_[4,3].png
Ran in 1.48s
------------------------------ 06 Completed ROC for variance and lag-1 autocorrelation ------------------------------

------------------------------ 07 Start ROC for dl ------------------------------
surr_type: RP
simples: 10000
ID_merge_tsid: [4,3]
DL_model: CNN_model
repeats: 10
features: 300

07_roc_data_and_figures_sdml directory already exists!
07_roc_data_and_figures_sdml/data directory already exists!
07_roc_data_and_figures_sdml/data/RP directory already exists!
07_roc_data_and_figures_sdml/data/RP/ROC directory already exists!
07_roc_data_and_figures_sdml/figures directory already exists!
07_roc_data_and_figures_sdml/figures/RP directory already exists!

07_roc_data_and_figures_sdml/figures/RP/ROC directory already exists!

len_eval_pts = 40

----- 01 forced trajectories and compute EWS -----
tsid= 4
Complete for forced tsid=4
tsid= 3
Complete for forced tsid=3
----- 01 null trajectories and compute EWS -----
Complete for null tsid=4
Complete for null tsid=3
----- 02 Compute ROC curves -----
Exported ROC data to 07_roc_data_and_figures_sdml/data/RP/ROC/df_roc_surrogate_RP_simples_10000_CNN_model_[4,3].csv
Exported ROC figure to 07_roc_data_and_figures_sdml/figures/RP/ROC/figure_roc_surrogate_RP_simples_10000_CNN_model_[4,3].png
Ran in 10.89s
------------------------------ 07 Completed ROC for dl ------------------------------

------------------------------ 06 Start ROC for variance and lag-1 autocorrelation ------------------------------
surr_type: RP
simples: 10000
ID_merge_tsid: all
DL_model: CNN_model
repeats: 10
features: 300

06_roc_data_and_figures_var_corr directory already exists!
06_roc_data_and_figures_var_corr/data directory already exists!
06_roc_data_and_figures_var_corr/data/ROC directory already exists!
06_roc_data_and_figures_var_corr/figures directory already exists!
06_roc_data_and_figures_var_corr/figures/ROC directory already exists!
len_eval_pts= 40

----- 01 forced trajectories and compute EWS -----
Complete for forced tsid=1
Complete for forced tsid=2
Complete for forced tsid=3
Complete for forced tsid=4
----- 01 null trajectories and compute EWS -----
Complete for null tsid=1
Complete for null tsid=2
Complete for null tsid=3
Complete for null tsid=4
----- 02 Compute ROC curves -----
Exported ROC data to 06_roc_data_and_figures_var_corr/data/ROC/df_roc_var_corr_all.csv
Exported ROC figure to 06_roc_data_and_figures_var_corr/figures/ROC/figure_roc_var_corr_all.png
Ran in 1.76s
------------------------------ 06 Completed ROC for variance and lag-1 autocorrelation ------------------------------

------------------------------ 07 Start ROC for dl ------------------------------
surr_type: RP
simples: 10000
ID_merge_tsid: all
DL_model: CNN_model
repeats: 10
features: 300

07_roc_data_and_figures_sdml directory already exists!
07_roc_data_and_figures_sdml/data directory already exists!
07_roc_data_and_figures_sdml/data/RP directory already exists!
07_roc_data_and_figures_sdml/data/RP/ROC directory already exists!
07_roc_data_and_figures_sdml/figures directory already exists!
07_roc_data_and_figures_sdml/figures/RP directory already exists!

07_roc_data_and_figures_sdml/figures/RP/ROC directory already exists!

len_eval_pts = 40

----- 01 forced trajectories and compute EWS -----
tsid= 1
Complete for forced tsid=1
tsid= 2
Complete for forced tsid=2
tsid= 3
Complete for forced tsid=3
tsid= 4
Complete for forced tsid=4
----- 01 null trajectories and compute EWS -----
Complete for null tsid=1
Complete for null tsid=2
Complete for null tsid=3
Complete for null tsid=4
----- 02 Compute ROC curves -----
Exported ROC data to 07_roc_data_and_figures_sdml/data/RP/ROC/df_roc_surrogate_RP_simples_10000_CNN_model_all.csv
Exported ROC figure to 07_roc_data_and_figures_sdml/figures/RP/ROC/figure_roc_surrogate_RP_simples_10000_CNN_model_all.png
Ran in 15.42s
------------------------------ 07 Completed ROC for dl ------------------------------

------------------------------ 03 Start sliding windows ------------------------------
surr_type: RP
simples: 10000
ID_train: IV_III
ID_test: II
Variable_label: paleoclimate
tsid: 2
features: 300
sw_width: 446

03_sliding_window_data directory already exists!
II.shape: (893, 2)
success-> sliding_window_features_shape (real=(893-446+1, 300)):  (448, 300)
------------------------------ 03 Completed sliding windows ------------------------------

------------------------------ 04 Start predicate ------------------------------
surr_type: RP
simples: 10000
ID_train: IV_III
ID_test: II
DL_model: CNN_model
repeats: 10

04_prediction_data directory already exists!
X_test.shape (448, 300)
X_test_array.shape:  (448, 300, 1)
--------------- prediction ... ---------------
y_pred_list.shape (448, 10)
------------------------------ 04 Completed predicate ------------------------------

------------------------------ 05 Start plots ------------------------------
surr_type: RP
simples: 10000
ID_train: IV_III
ID_test: II
Variable_label: paleoclimate
DL_model: CNN_model
sw_width: 446
tsid: 2

05_ews_data_and_figures directory already exists!
05_ews_data_and_figures/data directory already exists!
05_ews_data_and_figures/data/RP directory already exists!
05_ews_data_and_figures/figures directory already exists!
05_ews_data_and_figures/figures/RP directory already exists!

Record_period: End_of_glaciation_II
start_age, transition_start, transition_end: -224351.0 -135000 -129705.0
sliding_window_II: 446
------------------------------ 05 Completed plots ------------------------------

-------------------------------------------------------------------------------------
Using GPU for TensorFlow.
------------------------------ 01 Start run ------------------------------
Data_folder: paleoclimate
surr_type: RP
simples: 10000
ID_train: IV_III
DL_model: three_head_CNN_model
repeats: 10

01_evaluation_data directory already exists!
models directory already exists!

full_path= G:/surrogate_data_based_machine_learning_v4.0.0/paleoclimate/01_data_preprocessing/02_extracte_and_generate_surrogate_dataset/paleoclimate/data/merge_surrogate_RP_simples_10000_train_IV_III.csv

Epoch 1: val_accuracy improved from -inf to 1.00000, saving model to models\surrogate_RP_simples_10000_three_head_CNN_model_0.h5

Epoch 2: val_accuracy did not improve from 1.00000

Epoch 3: val_accuracy did not improve from 1.00000

Epoch 4: val_accuracy did not improve from 1.00000

Epoch 5: val_accuracy did not improve from 1.00000

Epoch 6: val_accuracy did not improve from 1.00000
Epoch 6: early stopping
>#1: 100.000

Epoch 1: val_accuracy improved from -inf to 0.49237, saving model to models\surrogate_RP_simples_10000_three_head_CNN_model_1.h5

Epoch 2: val_accuracy did not improve from 0.49237

Epoch 3: val_accuracy did not improve from 0.49237

Epoch 4: val_accuracy did not improve from 0.49237

Epoch 5: val_accuracy did not improve from 0.49237

Epoch 6: val_accuracy did not improve from 0.49237
Epoch 6: early stopping
>#2: 49.237

Epoch 1: val_accuracy improved from -inf to 0.49237, saving model to models\surrogate_RP_simples_10000_three_head_CNN_model_2.h5

Epoch 2: val_accuracy did not improve from 0.49237

Epoch 3: val_accuracy did not improve from 0.49237

Epoch 4: val_accuracy did not improve from 0.49237

Epoch 5: val_accuracy improved from 0.49237 to 0.95675, saving model to models\surrogate_RP_simples_10000_three_head_CNN_model_2.h5

Epoch 6: val_accuracy did not improve from 0.95675

Epoch 7: val_accuracy improved from 0.95675 to 1.00000, saving model to models\surrogate_RP_simples_10000_three_head_CNN_model_2.h5

Epoch 8: val_accuracy did not improve from 1.00000

Epoch 9: val_accuracy did not improve from 1.00000

Epoch 10: val_accuracy did not improve from 1.00000

Epoch 11: val_accuracy did not improve from 1.00000

Epoch 12: val_accuracy did not improve from 1.00000
Epoch 12: early stopping
>#3: 100.000

Epoch 1: val_accuracy improved from -inf to 0.75275, saving model to models\surrogate_RP_simples_10000_three_head_CNN_model_3.h5

Epoch 2: val_accuracy did not improve from 0.75275

Epoch 3: val_accuracy did not improve from 0.75275

Epoch 4: val_accuracy did not improve from 0.75275

Epoch 5: val_accuracy improved from 0.75275 to 0.75463, saving model to models\surrogate_RP_simples_10000_three_head_CNN_model_3.h5

Epoch 6: val_accuracy improved from 0.75463 to 1.00000, saving model to models\surrogate_RP_simples_10000_three_head_CNN_model_3.h5

Epoch 7: val_accuracy did not improve from 1.00000

Epoch 8: val_accuracy did not improve from 1.00000

Epoch 9: val_accuracy did not improve from 1.00000

Epoch 10: val_accuracy did not improve from 1.00000

Epoch 11: val_accuracy did not improve from 1.00000
Epoch 11: early stopping
>#4: 100.000

Epoch 1: val_accuracy improved from -inf to 0.49237, saving model to models\surrogate_RP_simples_10000_three_head_CNN_model_4.h5

Epoch 2: val_accuracy did not improve from 0.49237

Epoch 3: val_accuracy did not improve from 0.49237

Epoch 4: val_accuracy did not improve from 0.49237

Epoch 5: val_accuracy did not improve from 0.49237

Epoch 6: val_accuracy did not improve from 0.49237
Epoch 6: early stopping
>#5: 49.237

Epoch 1: val_accuracy improved from -inf to 0.50762, saving model to models\surrogate_RP_simples_10000_three_head_CNN_model_5.h5

Epoch 2: val_accuracy improved from 0.50762 to 1.00000, saving model to models\surrogate_RP_simples_10000_three_head_CNN_model_5.h5

Epoch 3: val_accuracy did not improve from 1.00000

Epoch 4: val_accuracy did not improve from 1.00000

Epoch 5: val_accuracy did not improve from 1.00000

Epoch 6: val_accuracy did not improve from 1.00000

Epoch 7: val_accuracy did not improve from 1.00000
Epoch 7: early stopping
>#6: 100.000

Epoch 1: val_accuracy improved from -inf to 0.49237, saving model to models\surrogate_RP_simples_10000_three_head_CNN_model_6.h5

Epoch 2: val_accuracy did not improve from 0.49237

Epoch 3: val_accuracy improved from 0.49237 to 0.50762, saving model to models\surrogate_RP_simples_10000_three_head_CNN_model_6.h5

Epoch 4: val_accuracy did not improve from 0.50762

Epoch 5: val_accuracy did not improve from 0.50762

Epoch 6: val_accuracy improved from 0.50762 to 0.75600, saving model to models\surrogate_RP_simples_10000_three_head_CNN_model_6.h5

Epoch 7: val_accuracy did not improve from 0.75600

Epoch 8: val_accuracy did not improve from 0.75600

Epoch 9: val_accuracy did not improve from 0.75600

Epoch 10: val_accuracy did not improve from 0.75600

Epoch 11: val_accuracy improved from 0.75600 to 1.00000, saving model to models\surrogate_RP_simples_10000_three_head_CNN_model_6.h5

Epoch 12: val_accuracy did not improve from 1.00000

Epoch 13: val_accuracy did not improve from 1.00000

Epoch 14: val_accuracy did not improve from 1.00000

Epoch 15: val_accuracy did not improve from 1.00000

Epoch 16: val_accuracy did not improve from 1.00000
Epoch 16: early stopping
>#7: 100.000

Epoch 1: val_accuracy improved from -inf to 0.49237, saving model to models\surrogate_RP_simples_10000_three_head_CNN_model_7.h5

Epoch 2: val_accuracy did not improve from 0.49237

Epoch 3: val_accuracy did not improve from 0.49237

Epoch 4: val_accuracy did not improve from 0.49237

Epoch 5: val_accuracy did not improve from 0.49237

Epoch 6: val_accuracy improved from 0.49237 to 0.50813, saving model to models\surrogate_RP_simples_10000_three_head_CNN_model_7.h5

Epoch 7: val_accuracy did not improve from 0.50813

Epoch 8: val_accuracy improved from 0.50813 to 0.95512, saving model to models\surrogate_RP_simples_10000_three_head_CNN_model_7.h5

Epoch 9: val_accuracy improved from 0.95512 to 1.00000, saving model to models\surrogate_RP_simples_10000_three_head_CNN_model_7.h5

Epoch 10: val_accuracy did not improve from 1.00000

Epoch 11: val_accuracy did not improve from 1.00000

Epoch 12: val_accuracy did not improve from 1.00000

Epoch 13: val_accuracy did not improve from 1.00000

Epoch 14: val_accuracy did not improve from 1.00000
Epoch 14: early stopping
>#8: 100.000

Epoch 1: val_accuracy improved from -inf to 1.00000, saving model to models\surrogate_RP_simples_10000_three_head_CNN_model_8.h5

Epoch 2: val_accuracy did not improve from 1.00000

Epoch 3: val_accuracy did not improve from 1.00000

Epoch 4: val_accuracy did not improve from 1.00000

Epoch 5: val_accuracy did not improve from 1.00000

Epoch 6: val_accuracy did not improve from 1.00000
Epoch 6: early stopping
>#9: 100.000

Epoch 1: val_accuracy improved from -inf to 0.49237, saving model to models\surrogate_RP_simples_10000_three_head_CNN_model_9.h5

Epoch 2: val_accuracy did not improve from 0.49237

Epoch 3: val_accuracy did not improve from 0.49237

Epoch 4: val_accuracy improved from 0.49237 to 0.50762, saving model to models\surrogate_RP_simples_10000_three_head_CNN_model_9.h5

Epoch 5: val_accuracy improved from 0.50762 to 0.75963, saving model to models\surrogate_RP_simples_10000_three_head_CNN_model_9.h5

Epoch 6: val_accuracy did not improve from 0.75963

Epoch 7: val_accuracy did not improve from 0.75963

Epoch 8: val_accuracy did not improve from 0.75963

Epoch 9: val_accuracy did not improve from 0.75963

Epoch 10: val_accuracy improved from 0.75963 to 0.99975, saving model to models\surrogate_RP_simples_10000_three_head_CNN_model_9.h5

Epoch 11: val_accuracy did not improve from 0.99975

Epoch 12: val_accuracy improved from 0.99975 to 1.00000, saving model to models\surrogate_RP_simples_10000_three_head_CNN_model_9.h5

Epoch 13: val_accuracy did not improve from 1.00000

Epoch 14: val_accuracy did not improve from 1.00000

Epoch 15: val_accuracy did not improve from 1.00000

Epoch 16: val_accuracy did not improve from 1.00000

Epoch 17: val_accuracy did not improve from 1.00000
Epoch 17: early stopping
>#10: 100.000
------------------ summarize results -------------------------
DL_model: three_head_CNN_model
scores: [100.0, 49.2374986410141, 100.0, 100.0, 49.2374986410141, 100.0, 100.0, 100.0, 100.0, 100.0]
Accuracy mean (std): 89.847% (20.305)

Running time 375.8 seconds
------------------------------ 01 Completed ------------------------------

------------------------------ 02 Start Evaluation ------------------------------
surr_type: RP
simples: 10000
ID_train: IV_III
DL_model: three_head_CNN_model
repeats: 10

02_evaluation_performance directory already exists!
# 0 >> accuracy: 1.0
# 1 >> accuracy: 0.499875009059906
# 2 >> accuracy: 1.0
# 3 >> accuracy: 1.0
# 4 >> accuracy: 0.499875009059906
# 5 >> accuracy: 1.0
# 6 >> accuracy: 1.0
# 7 >> accuracy: 1.0
# 8 >> accuracy: 1.0
# 9 >> accuracy: 1.0
The results have been saved to a txt file: 02_evaluation_performance/evaluation_performance_surrogate_RP_simples_10000_three_head_CNN_model_train_IV_III.txt

Running time 22.6 seconds
------------------------------ 02 Completed Evaluation ------------------------------

------------------------------ 03 Start sliding windows ------------------------------
surr_type: RP
simples: 10000
ID_train: IV_III
ID_test: I
Variable_label: paleoclimate
tsid: 1
features: 300
sw_width: 454

03_sliding_window_data directory already exists!
I.shape: (909, 2)
success-> sliding_window_features_shape (real=(909-454+1, 300)):  (456, 300)
------------------------------ 03 Completed sliding windows ------------------------------

------------------------------ 04 Start predicate ------------------------------
surr_type: RP
simples: 10000
ID_train: IV_III
ID_test: I
DL_model: three_head_CNN_model
repeats: 10

04_prediction_data directory already exists!
X_test.shape (456, 300)
X_test_array.shape:  (456, 300, 1)
--------------- prediction ... ---------------
y_pred_list.shape (456, 10)
------------------------------ 04 Completed predicate ------------------------------

------------------------------ 05 Start plots ------------------------------
surr_type: RP
simples: 10000
ID_train: IV_III
ID_test: I
Variable_label: paleoclimate
DL_model: three_head_CNN_model
sw_width: 454
tsid: 1

05_ews_data_and_figures directory already exists!
05_ews_data_and_figures/data directory already exists!
05_ews_data_and_figures/data/RP directory already exists!
05_ews_data_and_figures/figures directory already exists!
05_ews_data_and_figures/figures/RP directory already exists!

Record_period: End_of_glaciation_I
start_age, transition_start, transition_end: -108025.0 -17000 -13828.0
sliding_window_I: 454
------------------------------ 05 Completed plots ------------------------------

------------------------------ 07 Start ROC for dl ------------------------------
surr_type: RP
simples: 10000
ID_merge_tsid: [2,1]
DL_model: three_head_CNN_model
repeats: 10
features: 300

07_roc_data_and_figures_sdml directory already exists!
07_roc_data_and_figures_sdml/data directory already exists!
07_roc_data_and_figures_sdml/data/RP directory already exists!
07_roc_data_and_figures_sdml/data/RP/ROC directory already exists!
07_roc_data_and_figures_sdml/figures directory already exists!
07_roc_data_and_figures_sdml/figures/RP directory already exists!

07_roc_data_and_figures_sdml/figures/RP/ROC directory already exists!

len_eval_pts = 40

----- 01 forced trajectories and compute EWS -----
tsid= 2
Complete for forced tsid=2
tsid= 1
Complete for forced tsid=1
----- 01 null trajectories and compute EWS -----
Complete for null tsid=2
Complete for null tsid=1
----- 02 Compute ROC curves -----
Exported ROC data to 07_roc_data_and_figures_sdml/data/RP/ROC/df_roc_surrogate_RP_simples_10000_three_head_CNN_model_[2,1].csv
Exported ROC figure to 07_roc_data_and_figures_sdml/figures/RP/ROC/figure_roc_surrogate_RP_simples_10000_three_head_CNN_model_[2,1].png
Ran in 15.98s
------------------------------ 07 Completed ROC for dl ------------------------------

------------------------------ 07 Start ROC for dl ------------------------------
surr_type: RP
simples: 10000
ID_merge_tsid: [4,3]
DL_model: three_head_CNN_model
repeats: 10
features: 300

07_roc_data_and_figures_sdml directory already exists!
07_roc_data_and_figures_sdml/data directory already exists!
07_roc_data_and_figures_sdml/data/RP directory already exists!
07_roc_data_and_figures_sdml/data/RP/ROC directory already exists!
07_roc_data_and_figures_sdml/figures directory already exists!
07_roc_data_and_figures_sdml/figures/RP directory already exists!

07_roc_data_and_figures_sdml/figures/RP/ROC directory already exists!

len_eval_pts = 40

----- 01 forced trajectories and compute EWS -----
tsid= 4
Complete for forced tsid=4
tsid= 3
Complete for forced tsid=3
----- 01 null trajectories and compute EWS -----
Complete for null tsid=4
Complete for null tsid=3
----- 02 Compute ROC curves -----
Exported ROC data to 07_roc_data_and_figures_sdml/data/RP/ROC/df_roc_surrogate_RP_simples_10000_three_head_CNN_model_[4,3].csv
Exported ROC figure to 07_roc_data_and_figures_sdml/figures/RP/ROC/figure_roc_surrogate_RP_simples_10000_three_head_CNN_model_[4,3].png
Ran in 16.49s
------------------------------ 07 Completed ROC for dl ------------------------------

------------------------------ 07 Start ROC for dl ------------------------------
surr_type: RP
simples: 10000
ID_merge_tsid: all
DL_model: three_head_CNN_model
repeats: 10
features: 300

07_roc_data_and_figures_sdml directory already exists!
07_roc_data_and_figures_sdml/data directory already exists!
07_roc_data_and_figures_sdml/data/RP directory already exists!
07_roc_data_and_figures_sdml/data/RP/ROC directory already exists!
07_roc_data_and_figures_sdml/figures directory already exists!
07_roc_data_and_figures_sdml/figures/RP directory already exists!

07_roc_data_and_figures_sdml/figures/RP/ROC directory already exists!

len_eval_pts = 40

----- 01 forced trajectories and compute EWS -----
tsid= 1
Complete for forced tsid=1
tsid= 2
Complete for forced tsid=2
tsid= 3
Complete for forced tsid=3
tsid= 4
Complete for forced tsid=4
----- 01 null trajectories and compute EWS -----
Complete for null tsid=1
Complete for null tsid=2
Complete for null tsid=3
Complete for null tsid=4
----- 02 Compute ROC curves -----
Exported ROC data to 07_roc_data_and_figures_sdml/data/RP/ROC/df_roc_surrogate_RP_simples_10000_three_head_CNN_model_all.csv
Exported ROC figure to 07_roc_data_and_figures_sdml/figures/RP/ROC/figure_roc_surrogate_RP_simples_10000_three_head_CNN_model_all.png
Ran in 23.63s
------------------------------ 07 Completed ROC for dl ------------------------------

------------------------------ 03 Start sliding windows ------------------------------
surr_type: RP
simples: 10000
ID_train: IV_III
ID_test: II
Variable_label: paleoclimate
tsid: 2
features: 300
sw_width: 446

03_sliding_window_data directory already exists!
II.shape: (893, 2)
success-> sliding_window_features_shape (real=(893-446+1, 300)):  (448, 300)
------------------------------ 03 Completed sliding windows ------------------------------

------------------------------ 04 Start predicate ------------------------------
surr_type: RP
simples: 10000
ID_train: IV_III
ID_test: II
DL_model: three_head_CNN_model
repeats: 10

04_prediction_data directory already exists!
X_test.shape (448, 300)
X_test_array.shape:  (448, 300, 1)
--------------- prediction ... ---------------
y_pred_list.shape (448, 10)
------------------------------ 04 Completed predicate ------------------------------

------------------------------ 05 Start plots ------------------------------
surr_type: RP
simples: 10000
ID_train: IV_III
ID_test: II
Variable_label: paleoclimate
DL_model: three_head_CNN_model
sw_width: 446
tsid: 2

05_ews_data_and_figures directory already exists!
05_ews_data_and_figures/data directory already exists!
05_ews_data_and_figures/data/RP directory already exists!
05_ews_data_and_figures/figures directory already exists!
05_ews_data_and_figures/figures/RP directory already exists!

Record_period: End_of_glaciation_II
start_age, transition_start, transition_end: -224351.0 -135000 -129705.0
sliding_window_II: 446
------------------------------ 05 Completed plots ------------------------------

-------------------------------------------------------------------------------------
Using GPU for TensorFlow.
------------------------------ 01 Start run ------------------------------
Data_folder: paleoclimate
surr_type: RP
simples: 10000
ID_train: IV_III
DL_model: LSTM_model
repeats: 10

01_evaluation_data directory already exists!
models directory already exists!

full_path= G:/surrogate_data_based_machine_learning_v4.0.0/paleoclimate/01_data_preprocessing/02_extracte_and_generate_surrogate_dataset/paleoclimate/data/merge_surrogate_RP_simples_10000_train_IV_III.csv

Epoch 1: val_accuracy improved from -inf to 0.49237, saving model to models\surrogate_RP_simples_10000_LSTM_model_0.h5

Epoch 2: val_accuracy improved from 0.49237 to 0.50762, saving model to models\surrogate_RP_simples_10000_LSTM_model_0.h5

Epoch 3: val_accuracy did not improve from 0.50762

Epoch 4: val_accuracy did not improve from 0.50762

Epoch 5: val_accuracy improved from 0.50762 to 0.51150, saving model to models\surrogate_RP_simples_10000_LSTM_model_0.h5

Epoch 6: val_accuracy did not improve from 0.51150

Epoch 7: val_accuracy did not improve from 0.51150

Epoch 8: val_accuracy did not improve from 0.51150

Epoch 9: val_accuracy did not improve from 0.51150

Epoch 10: val_accuracy did not improve from 0.51150
Epoch 10: early stopping
>#1: 51.150

Epoch 1: val_accuracy improved from -inf to 0.49237, saving model to models\surrogate_RP_simples_10000_LSTM_model_1.h5

Epoch 2: val_accuracy improved from 0.49237 to 0.50762, saving model to models\surrogate_RP_simples_10000_LSTM_model_1.h5

Epoch 3: val_accuracy did not improve from 0.50762

Epoch 4: val_accuracy improved from 0.50762 to 0.75187, saving model to models\surrogate_RP_simples_10000_LSTM_model_1.h5

Epoch 5: val_accuracy did not improve from 0.75187

Epoch 6: val_accuracy did not improve from 0.75187

Epoch 7: val_accuracy did not improve from 0.75187

Epoch 8: val_accuracy did not improve from 0.75187

Epoch 9: val_accuracy did not improve from 0.75187
Epoch 9: early stopping
>#2: 75.187

Epoch 1: val_accuracy improved from -inf to 0.49237, saving model to models\surrogate_RP_simples_10000_LSTM_model_2.h5

Epoch 2: val_accuracy improved from 0.49237 to 0.50762, saving model to models\surrogate_RP_simples_10000_LSTM_model_2.h5

Epoch 3: val_accuracy improved from 0.50762 to 0.51762, saving model to models\surrogate_RP_simples_10000_LSTM_model_2.h5

Epoch 4: val_accuracy did not improve from 0.51762

Epoch 5: val_accuracy did not improve from 0.51762

Epoch 6: val_accuracy did not improve from 0.51762

Epoch 7: val_accuracy did not improve from 0.51762

Epoch 8: val_accuracy did not improve from 0.51762
Epoch 8: early stopping
>#3: 51.762

Epoch 1: val_accuracy improved from -inf to 0.49237, saving model to models\surrogate_RP_simples_10000_LSTM_model_3.h5

Epoch 2: val_accuracy did not improve from 0.49237

Epoch 3: val_accuracy did not improve from 0.49237

Epoch 4: val_accuracy improved from 0.49237 to 0.75187, saving model to models\surrogate_RP_simples_10000_LSTM_model_3.h5

Epoch 5: val_accuracy did not improve from 0.75187

Epoch 6: val_accuracy did not improve from 0.75187

Epoch 7: val_accuracy did not improve from 0.75187

Epoch 8: val_accuracy did not improve from 0.75187

Epoch 9: val_accuracy did not improve from 0.75187
Epoch 9: early stopping
>#4: 75.187

Epoch 1: val_accuracy improved from -inf to 0.50762, saving model to models\surrogate_RP_simples_10000_LSTM_model_4.h5

Epoch 2: val_accuracy did not improve from 0.50762

Epoch 3: val_accuracy did not improve from 0.50762

Epoch 4: val_accuracy did not improve from 0.50762

Epoch 5: val_accuracy did not improve from 0.50762

Epoch 6: val_accuracy did not improve from 0.50762
Epoch 6: early stopping
>#5: 50.762

Epoch 1: val_accuracy improved from -inf to 0.50762, saving model to models\surrogate_RP_simples_10000_LSTM_model_5.h5

Epoch 2: val_accuracy did not improve from 0.50762

Epoch 3: val_accuracy did not improve from 0.50762

Epoch 4: val_accuracy did not improve from 0.50762

Epoch 5: val_accuracy improved from 0.50762 to 0.75187, saving model to models\surrogate_RP_simples_10000_LSTM_model_5.h5

Epoch 6: val_accuracy improved from 0.75187 to 0.99937, saving model to models\surrogate_RP_simples_10000_LSTM_model_5.h5

Epoch 7: val_accuracy did not improve from 0.99937

Epoch 8: val_accuracy did not improve from 0.99937

Epoch 9: val_accuracy improved from 0.99937 to 1.00000, saving model to models\surrogate_RP_simples_10000_LSTM_model_5.h5

Epoch 10: val_accuracy did not improve from 1.00000

Epoch 11: val_accuracy did not improve from 1.00000

Epoch 12: val_accuracy did not improve from 1.00000

Epoch 13: val_accuracy did not improve from 1.00000

Epoch 14: val_accuracy did not improve from 1.00000
Epoch 14: early stopping
>#6: 100.000

Epoch 1: val_accuracy improved from -inf to 0.50762, saving model to models\surrogate_RP_simples_10000_LSTM_model_6.h5

Epoch 2: val_accuracy did not improve from 0.50762

Epoch 3: val_accuracy did not improve from 0.50762

Epoch 4: val_accuracy did not improve from 0.50762

Epoch 5: val_accuracy did not improve from 0.50762

Epoch 6: val_accuracy did not improve from 0.50762
Epoch 6: early stopping
>#7: 50.762

Epoch 1: val_accuracy improved from -inf to 0.49237, saving model to models\surrogate_RP_simples_10000_LSTM_model_7.h5

Epoch 2: val_accuracy improved from 0.49237 to 0.50762, saving model to models\surrogate_RP_simples_10000_LSTM_model_7.h5

Epoch 3: val_accuracy did not improve from 0.50762

Epoch 4: val_accuracy improved from 0.50762 to 0.53237, saving model to models\surrogate_RP_simples_10000_LSTM_model_7.h5

Epoch 5: val_accuracy did not improve from 0.53237

Epoch 6: val_accuracy did not improve from 0.53237

Epoch 7: val_accuracy did not improve from 0.53237

Epoch 8: val_accuracy did not improve from 0.53237

Epoch 9: val_accuracy improved from 0.53237 to 0.64800, saving model to models\surrogate_RP_simples_10000_LSTM_model_7.h5

Epoch 10: val_accuracy did not improve from 0.64800

Epoch 11: val_accuracy did not improve from 0.64800

Epoch 12: val_accuracy did not improve from 0.64800

Epoch 13: val_accuracy did not improve from 0.64800

Epoch 14: val_accuracy did not improve from 0.64800
Epoch 14: early stopping
>#8: 64.800

Epoch 1: val_accuracy improved from -inf to 0.49237, saving model to models\surrogate_RP_simples_10000_LSTM_model_8.h5

Epoch 2: val_accuracy did not improve from 0.49237

Epoch 3: val_accuracy improved from 0.49237 to 0.50762, saving model to models\surrogate_RP_simples_10000_LSTM_model_8.h5

Epoch 4: val_accuracy did not improve from 0.50762

Epoch 5: val_accuracy did not improve from 0.50762

Epoch 6: val_accuracy did not improve from 0.50762

Epoch 7: val_accuracy did not improve from 0.50762

Epoch 8: val_accuracy did not improve from 0.50762
Epoch 8: early stopping
>#9: 50.762

Epoch 1: val_accuracy improved from -inf to 0.49237, saving model to models\surrogate_RP_simples_10000_LSTM_model_9.h5

Epoch 2: val_accuracy improved from 0.49237 to 0.75963, saving model to models\surrogate_RP_simples_10000_LSTM_model_9.h5

Epoch 3: val_accuracy did not improve from 0.75963

Epoch 4: val_accuracy did not improve from 0.75963

Epoch 5: val_accuracy did not improve from 0.75963

Epoch 6: val_accuracy did not improve from 0.75963

Epoch 7: val_accuracy did not improve from 0.75963
Epoch 7: early stopping
>#10: 75.963
------------------ summarize results -------------------------
DL_model: LSTM_model
scores: [51.15000009536743, 75.18749833106995, 51.762497425079346, 75.18749833106995, 50.76249837875366, 100.0, 50.76249837875366, 64.80000019073486, 50.76249837875366, 75.96250176429749]
Accuracy mean (std): 64.634% (15.895)

Running time 458.5 seconds
------------------------------ 01 Completed ------------------------------

------------------------------ 02 Start Evaluation ------------------------------
surr_type: RP
simples: 10000
ID_train: IV_III
DL_model: LSTM_model
repeats: 10

02_evaluation_performance directory already exists!
# 0 >> accuracy: 0.4957500100135803
# 1 >> accuracy: 0.7441250085830688
# 2 >> accuracy: 0.5105000138282776
# 3 >> accuracy: 0.7441250085830688
# 4 >> accuracy: 0.500124990940094
# 5 >> accuracy: 1.0
# 6 >> accuracy: 0.500124990940094
# 7 >> accuracy: 0.6685000061988831
# 8 >> accuracy: 0.500124990940094
# 9 >> accuracy: 0.7516250014305115
The results have been saved to a txt file: 02_evaluation_performance/evaluation_performance_surrogate_RP_simples_10000_LSTM_model_train_IV_III.txt

Running time 30.5 seconds
------------------------------ 02 Completed Evaluation ------------------------------

------------------------------ 03 Start sliding windows ------------------------------
surr_type: RP
simples: 10000
ID_train: IV_III
ID_test: I
Variable_label: paleoclimate
tsid: 1
features: 300
sw_width: 454

03_sliding_window_data directory already exists!
I.shape: (909, 2)
success-> sliding_window_features_shape (real=(909-454+1, 300)):  (456, 300)
------------------------------ 03 Completed sliding windows ------------------------------

------------------------------ 04 Start predicate ------------------------------
surr_type: RP
simples: 10000
ID_train: IV_III
ID_test: I
DL_model: LSTM_model
repeats: 10

04_prediction_data directory already exists!
X_test.shape (456, 300)
X_test_array.shape:  (456, 300, 1)
--------------- prediction ... ---------------
y_pred_list.shape (456, 10)
------------------------------ 04 Completed predicate ------------------------------

------------------------------ 05 Start plots ------------------------------
surr_type: RP
simples: 10000
ID_train: IV_III
ID_test: I
Variable_label: paleoclimate
DL_model: LSTM_model
sw_width: 454
tsid: 1

05_ews_data_and_figures directory already exists!
05_ews_data_and_figures/data directory already exists!
05_ews_data_and_figures/data/RP directory already exists!
05_ews_data_and_figures/figures directory already exists!
05_ews_data_and_figures/figures/RP directory already exists!

Record_period: End_of_glaciation_I
start_age, transition_start, transition_end: -108025.0 -17000 -13828.0
sliding_window_I: 454
------------------------------ 05 Completed plots ------------------------------

------------------------------ 07 Start ROC for dl ------------------------------
surr_type: RP
simples: 10000
ID_merge_tsid: [2,1]
DL_model: LSTM_model
repeats: 10
features: 300

07_roc_data_and_figures_sdml directory already exists!
07_roc_data_and_figures_sdml/data directory already exists!
07_roc_data_and_figures_sdml/data/RP directory already exists!
07_roc_data_and_figures_sdml/data/RP/ROC directory already exists!
07_roc_data_and_figures_sdml/figures directory already exists!
07_roc_data_and_figures_sdml/figures/RP directory already exists!

07_roc_data_and_figures_sdml/figures/RP/ROC directory already exists!

len_eval_pts = 40

----- 01 forced trajectories and compute EWS -----
tsid= 2
Complete for forced tsid=2
tsid= 1
Complete for forced tsid=1
----- 01 null trajectories and compute EWS -----
Complete for null tsid=2
Complete for null tsid=1
----- 02 Compute ROC curves -----
Exported ROC data to 07_roc_data_and_figures_sdml/data/RP/ROC/df_roc_surrogate_RP_simples_10000_LSTM_model_[2,1].csv
Exported ROC figure to 07_roc_data_and_figures_sdml/figures/RP/ROC/figure_roc_surrogate_RP_simples_10000_LSTM_model_[2,1].png
Ran in 21.69s
------------------------------ 07 Completed ROC for dl ------------------------------

------------------------------ 07 Start ROC for dl ------------------------------
surr_type: RP
simples: 10000
ID_merge_tsid: [4,3]
DL_model: LSTM_model
repeats: 10
features: 300

07_roc_data_and_figures_sdml directory already exists!
07_roc_data_and_figures_sdml/data directory already exists!
07_roc_data_and_figures_sdml/data/RP directory already exists!
07_roc_data_and_figures_sdml/data/RP/ROC directory already exists!
07_roc_data_and_figures_sdml/figures directory already exists!
07_roc_data_and_figures_sdml/figures/RP directory already exists!

07_roc_data_and_figures_sdml/figures/RP/ROC directory already exists!

len_eval_pts = 40

----- 01 forced trajectories and compute EWS -----
tsid= 4
Complete for forced tsid=4
tsid= 3
Complete for forced tsid=3
----- 01 null trajectories and compute EWS -----
Complete for null tsid=4
Complete for null tsid=3
----- 02 Compute ROC curves -----
Exported ROC data to 07_roc_data_and_figures_sdml/data/RP/ROC/df_roc_surrogate_RP_simples_10000_LSTM_model_[4,3].csv
Exported ROC figure to 07_roc_data_and_figures_sdml/figures/RP/ROC/figure_roc_surrogate_RP_simples_10000_LSTM_model_[4,3].png
Ran in 21.67s
------------------------------ 07 Completed ROC for dl ------------------------------

------------------------------ 07 Start ROC for dl ------------------------------
surr_type: RP
simples: 10000
ID_merge_tsid: all
DL_model: LSTM_model
repeats: 10
features: 300

07_roc_data_and_figures_sdml directory already exists!
07_roc_data_and_figures_sdml/data directory already exists!
07_roc_data_and_figures_sdml/data/RP directory already exists!
07_roc_data_and_figures_sdml/data/RP/ROC directory already exists!
07_roc_data_and_figures_sdml/figures directory already exists!
07_roc_data_and_figures_sdml/figures/RP directory already exists!

07_roc_data_and_figures_sdml/figures/RP/ROC directory already exists!

len_eval_pts = 40

----- 01 forced trajectories and compute EWS -----
tsid= 1
Complete for forced tsid=1
tsid= 2
Complete for forced tsid=2
tsid= 3
Complete for forced tsid=3
tsid= 4
Complete for forced tsid=4
----- 01 null trajectories and compute EWS -----
Complete for null tsid=1
Complete for null tsid=2
Complete for null tsid=3
Complete for null tsid=4
----- 02 Compute ROC curves -----
Exported ROC data to 07_roc_data_and_figures_sdml/data/RP/ROC/df_roc_surrogate_RP_simples_10000_LSTM_model_all.csv
Exported ROC figure to 07_roc_data_and_figures_sdml/figures/RP/ROC/figure_roc_surrogate_RP_simples_10000_LSTM_model_all.png
Ran in 34.40s
------------------------------ 07 Completed ROC for dl ------------------------------

------------------------------ 03 Start sliding windows ------------------------------
surr_type: RP
simples: 10000
ID_train: IV_III
ID_test: II
Variable_label: paleoclimate
tsid: 2
features: 300
sw_width: 446

03_sliding_window_data directory already exists!
II.shape: (893, 2)
success-> sliding_window_features_shape (real=(893-446+1, 300)):  (448, 300)
------------------------------ 03 Completed sliding windows ------------------------------

------------------------------ 04 Start predicate ------------------------------
surr_type: RP
simples: 10000
ID_train: IV_III
ID_test: II
DL_model: LSTM_model
repeats: 10

04_prediction_data directory already exists!
X_test.shape (448, 300)
X_test_array.shape:  (448, 300, 1)
--------------- prediction ... ---------------
y_pred_list.shape (448, 10)
------------------------------ 04 Completed predicate ------------------------------

------------------------------ 05 Start plots ------------------------------
surr_type: RP
simples: 10000
ID_train: IV_III
ID_test: II
Variable_label: paleoclimate
DL_model: LSTM_model
sw_width: 446
tsid: 2

05_ews_data_and_figures directory already exists!
05_ews_data_and_figures/data directory already exists!
05_ews_data_and_figures/data/RP directory already exists!
05_ews_data_and_figures/figures directory already exists!
05_ews_data_and_figures/figures/RP directory already exists!

Record_period: End_of_glaciation_II
start_age, transition_start, transition_end: -224351.0 -135000 -129705.0
sliding_window_II: 446
------------------------------ 05 Completed plots ------------------------------

-------------------------------------------------------------------------------------
Using GPU for TensorFlow.
------------------------------ 01 Start run ------------------------------
Data_folder: paleoclimate
surr_type: RP
simples: 10000
ID_train: IV_III
DL_model: CNN_LSTM_model
repeats: 10

01_evaluation_data directory already exists!
models directory already exists!

full_path= G:/surrogate_data_based_machine_learning_v4.0.0/paleoclimate/01_data_preprocessing/02_extracte_and_generate_surrogate_dataset/paleoclimate/data/merge_surrogate_RP_simples_10000_train_IV_III.csv

Epoch 1: val_accuracy improved from -inf to 0.50762, saving model to models\surrogate_RP_simples_10000_CNN_LSTM_model_0.h5

Epoch 2: val_accuracy did not improve from 0.50762

Epoch 3: val_accuracy did not improve from 0.50762

Epoch 4: val_accuracy did not improve from 0.50762

Epoch 5: val_accuracy did not improve from 0.50762

Epoch 6: val_accuracy did not improve from 0.50762
Epoch 6: early stopping
>#1: 50.762

Epoch 1: val_accuracy improved from -inf to 0.50762, saving model to models\surrogate_RP_simples_10000_CNN_LSTM_model_1.h5

Epoch 2: val_accuracy did not improve from 0.50762

Epoch 3: val_accuracy did not improve from 0.50762

Epoch 4: val_accuracy did not improve from 0.50762

Epoch 5: val_accuracy did not improve from 0.50762

Epoch 6: val_accuracy did not improve from 0.50762
Epoch 6: early stopping
>#2: 50.762

Epoch 1: val_accuracy improved from -inf to 0.50762, saving model to models\surrogate_RP_simples_10000_CNN_LSTM_model_2.h5

Epoch 2: val_accuracy did not improve from 0.50762

Epoch 3: val_accuracy did not improve from 0.50762

Epoch 4: val_accuracy did not improve from 0.50762

Epoch 5: val_accuracy did not improve from 0.50762

Epoch 6: val_accuracy did not improve from 0.50762
Epoch 6: early stopping
>#3: 50.762

Epoch 1: val_accuracy improved from -inf to 0.50762, saving model to models\surrogate_RP_simples_10000_CNN_LSTM_model_3.h5

Epoch 2: val_accuracy did not improve from 0.50762

Epoch 3: val_accuracy did not improve from 0.50762

Epoch 4: val_accuracy did not improve from 0.50762

Epoch 5: val_accuracy did not improve from 0.50762

Epoch 6: val_accuracy did not improve from 0.50762
Epoch 6: early stopping
>#4: 50.762

Epoch 1: val_accuracy improved from -inf to 0.49237, saving model to models\surrogate_RP_simples_10000_CNN_LSTM_model_4.h5

Epoch 2: val_accuracy improved from 0.49237 to 0.50762, saving model to models\surrogate_RP_simples_10000_CNN_LSTM_model_4.h5

Epoch 3: val_accuracy did not improve from 0.50762

Epoch 4: val_accuracy did not improve from 0.50762

Epoch 5: val_accuracy did not improve from 0.50762

Epoch 6: val_accuracy did not improve from 0.50762

Epoch 7: val_accuracy did not improve from 0.50762
Epoch 7: early stopping
>#5: 50.762

Epoch 1: val_accuracy improved from -inf to 0.49237, saving model to models\surrogate_RP_simples_10000_CNN_LSTM_model_5.h5

Epoch 2: val_accuracy did not improve from 0.49237

Epoch 3: val_accuracy did not improve from 0.49237

Epoch 4: val_accuracy did not improve from 0.49237

Epoch 5: val_accuracy improved from 0.49237 to 0.50762, saving model to models\surrogate_RP_simples_10000_CNN_LSTM_model_5.h5

Epoch 6: val_accuracy did not improve from 0.50762

Epoch 7: val_accuracy did not improve from 0.50762

Epoch 8: val_accuracy did not improve from 0.50762

Epoch 9: val_accuracy did not improve from 0.50762

Epoch 10: val_accuracy did not improve from 0.50762
Epoch 10: early stopping
>#6: 50.762

Epoch 1: val_accuracy improved from -inf to 0.49237, saving model to models\surrogate_RP_simples_10000_CNN_LSTM_model_6.h5

Epoch 2: val_accuracy improved from 0.49237 to 0.50762, saving model to models\surrogate_RP_simples_10000_CNN_LSTM_model_6.h5

Epoch 3: val_accuracy did not improve from 0.50762

Epoch 4: val_accuracy did not improve from 0.50762

Epoch 5: val_accuracy did not improve from 0.50762

Epoch 6: val_accuracy did not improve from 0.50762

Epoch 7: val_accuracy did not improve from 0.50762
Epoch 7: early stopping
>#7: 50.762

Epoch 1: val_accuracy improved from -inf to 0.49237, saving model to models\surrogate_RP_simples_10000_CNN_LSTM_model_7.h5

Epoch 2: val_accuracy improved from 0.49237 to 0.50762, saving model to models\surrogate_RP_simples_10000_CNN_LSTM_model_7.h5

Epoch 3: val_accuracy did not improve from 0.50762

Epoch 4: val_accuracy did not improve from 0.50762

Epoch 5: val_accuracy did not improve from 0.50762

Epoch 6: val_accuracy did not improve from 0.50762

Epoch 7: val_accuracy did not improve from 0.50762
Epoch 7: early stopping
>#8: 50.762

Epoch 1: val_accuracy improved from -inf to 0.50762, saving model to models\surrogate_RP_simples_10000_CNN_LSTM_model_8.h5

Epoch 2: val_accuracy did not improve from 0.50762

Epoch 3: val_accuracy did not improve from 0.50762

Epoch 4: val_accuracy did not improve from 0.50762

Epoch 5: val_accuracy did not improve from 0.50762

Epoch 6: val_accuracy did not improve from 0.50762
Epoch 6: early stopping
>#9: 50.762

Epoch 1: val_accuracy improved from -inf to 0.50762, saving model to models\surrogate_RP_simples_10000_CNN_LSTM_model_9.h5

Epoch 2: val_accuracy did not improve from 0.50762

Epoch 3: val_accuracy did not improve from 0.50762

Epoch 4: val_accuracy did not improve from 0.50762

Epoch 5: val_accuracy did not improve from 0.50762

Epoch 6: val_accuracy did not improve from 0.50762
Epoch 6: early stopping
>#10: 50.762
------------------ summarize results -------------------------
DL_model: CNN_LSTM_model
scores: [50.76249837875366, 50.76249837875366, 50.76249837875366, 50.76249837875366, 50.76249837875366, 50.76249837875366, 50.76249837875366, 50.76249837875366, 50.76249837875366, 50.76249837875366]
Accuracy mean (std): 50.762% (0.000)

Running time 205.9 seconds
------------------------------ 01 Completed ------------------------------

------------------------------ 02 Start Evaluation ------------------------------
surr_type: RP
simples: 10000
ID_train: IV_III
DL_model: CNN_LSTM_model
repeats: 10

02_evaluation_performance directory already exists!
# 0 >> accuracy: 0.500124990940094
# 1 >> accuracy: 0.500124990940094
# 2 >> accuracy: 0.500124990940094
# 3 >> accuracy: 0.500124990940094
# 4 >> accuracy: 0.500124990940094
# 5 >> accuracy: 0.500124990940094
# 6 >> accuracy: 0.500124990940094
# 7 >> accuracy: 0.500124990940094
# 8 >> accuracy: 0.500124990940094
# 9 >> accuracy: 0.500124990940094
The results have been saved to a txt file: 02_evaluation_performance/evaluation_performance_surrogate_RP_simples_10000_CNN_LSTM_model_train_IV_III.txt

Running time 27.5 seconds
------------------------------ 02 Completed Evaluation ------------------------------

------------------------------ 03 Start sliding windows ------------------------------
surr_type: RP
simples: 10000
ID_train: IV_III
ID_test: I
Variable_label: paleoclimate
tsid: 1
features: 300
sw_width: 454

03_sliding_window_data directory already exists!
I.shape: (909, 2)
success-> sliding_window_features_shape (real=(909-454+1, 300)):  (456, 300)
------------------------------ 03 Completed sliding windows ------------------------------

------------------------------ 04 Start predicate ------------------------------
surr_type: RP
simples: 10000
ID_train: IV_III
ID_test: I
DL_model: CNN_LSTM_model
repeats: 10

04_prediction_data directory already exists!
X_test.shape (456, 300)
X_test_array.shape:  (456, 300, 1)
--------------- prediction ... ---------------
textX=(samples, steps, length, channels): (456, 10, 30, 1)
textX=(samples, steps, length, channels): (456, 10, 30, 1)
textX=(samples, steps, length, channels): (456, 10, 30, 1)
textX=(samples, steps, length, channels): (456, 10, 30, 1)
textX=(samples, steps, length, channels): (456, 10, 30, 1)
textX=(samples, steps, length, channels): (456, 10, 30, 1)
textX=(samples, steps, length, channels): (456, 10, 30, 1)
textX=(samples, steps, length, channels): (456, 10, 30, 1)
textX=(samples, steps, length, channels): (456, 10, 30, 1)
textX=(samples, steps, length, channels): (456, 10, 30, 1)
y_pred_list.shape (456, 10)
------------------------------ 04 Completed predicate ------------------------------

------------------------------ 05 Start plots ------------------------------
surr_type: RP
simples: 10000
ID_train: IV_III
ID_test: I
Variable_label: paleoclimate
DL_model: CNN_LSTM_model
sw_width: 454
tsid: 1

05_ews_data_and_figures directory already exists!
05_ews_data_and_figures/data directory already exists!
05_ews_data_and_figures/data/RP directory already exists!
05_ews_data_and_figures/figures directory already exists!
05_ews_data_and_figures/figures/RP directory already exists!

Record_period: End_of_glaciation_I
start_age, transition_start, transition_end: -108025.0 -17000 -13828.0
sliding_window_I: 454
------------------------------ 05 Completed plots ------------------------------

------------------------------ 07 Start ROC for dl ------------------------------
surr_type: RP
simples: 10000
ID_merge_tsid: [2,1]
DL_model: CNN_LSTM_model
repeats: 10
features: 300

07_roc_data_and_figures_sdml directory already exists!
07_roc_data_and_figures_sdml/data directory already exists!
07_roc_data_and_figures_sdml/data/RP directory already exists!
07_roc_data_and_figures_sdml/data/RP/ROC directory already exists!
07_roc_data_and_figures_sdml/figures directory already exists!
07_roc_data_and_figures_sdml/figures/RP directory already exists!

07_roc_data_and_figures_sdml/figures/RP/ROC directory already exists!

len_eval_pts = 40

----- 01 forced trajectories and compute EWS -----
tsid= 2
Complete for forced tsid=2
tsid= 1
Complete for forced tsid=1
----- 01 null trajectories and compute EWS -----
Complete for null tsid=2
Complete for null tsid=1
----- 02 Compute ROC curves -----
Exported ROC data to 07_roc_data_and_figures_sdml/data/RP/ROC/df_roc_surrogate_RP_simples_10000_CNN_LSTM_model_[2,1].csv
Exported ROC figure to 07_roc_data_and_figures_sdml/figures/RP/ROC/figure_roc_surrogate_RP_simples_10000_CNN_LSTM_model_[2,1].png
Ran in 25.42s
------------------------------ 07 Completed ROC for dl ------------------------------

------------------------------ 07 Start ROC for dl ------------------------------
surr_type: RP
simples: 10000
ID_merge_tsid: [4,3]
DL_model: CNN_LSTM_model
repeats: 10
features: 300

07_roc_data_and_figures_sdml directory already exists!
07_roc_data_and_figures_sdml/data directory already exists!
07_roc_data_and_figures_sdml/data/RP directory already exists!
07_roc_data_and_figures_sdml/data/RP/ROC directory already exists!
07_roc_data_and_figures_sdml/figures directory already exists!
07_roc_data_and_figures_sdml/figures/RP directory already exists!

07_roc_data_and_figures_sdml/figures/RP/ROC directory already exists!

len_eval_pts = 40

----- 01 forced trajectories and compute EWS -----
tsid= 4
Complete for forced tsid=4
tsid= 3
Complete for forced tsid=3
----- 01 null trajectories and compute EWS -----
Complete for null tsid=4
Complete for null tsid=3
----- 02 Compute ROC curves -----
Exported ROC data to 07_roc_data_and_figures_sdml/data/RP/ROC/df_roc_surrogate_RP_simples_10000_CNN_LSTM_model_[4,3].csv
Exported ROC figure to 07_roc_data_and_figures_sdml/figures/RP/ROC/figure_roc_surrogate_RP_simples_10000_CNN_LSTM_model_[4,3].png
Ran in 25.33s
------------------------------ 07 Completed ROC for dl ------------------------------

------------------------------ 07 Start ROC for dl ------------------------------
surr_type: RP
simples: 10000
ID_merge_tsid: all
DL_model: CNN_LSTM_model
repeats: 10
features: 300

07_roc_data_and_figures_sdml directory already exists!
07_roc_data_and_figures_sdml/data directory already exists!
07_roc_data_and_figures_sdml/data/RP directory already exists!
07_roc_data_and_figures_sdml/data/RP/ROC directory already exists!
07_roc_data_and_figures_sdml/figures directory already exists!
07_roc_data_and_figures_sdml/figures/RP directory already exists!

07_roc_data_and_figures_sdml/figures/RP/ROC directory already exists!

len_eval_pts = 40

----- 01 forced trajectories and compute EWS -----
tsid= 1
Complete for forced tsid=1
tsid= 2
Complete for forced tsid=2
tsid= 3
Complete for forced tsid=3
tsid= 4
Complete for forced tsid=4
----- 01 null trajectories and compute EWS -----
Complete for null tsid=1
Complete for null tsid=2
Complete for null tsid=3
Complete for null tsid=4
----- 02 Compute ROC curves -----
Exported ROC data to 07_roc_data_and_figures_sdml/data/RP/ROC/df_roc_surrogate_RP_simples_10000_CNN_LSTM_model_all.csv
Exported ROC figure to 07_roc_data_and_figures_sdml/figures/RP/ROC/figure_roc_surrogate_RP_simples_10000_CNN_LSTM_model_all.png
Ran in 38.83s
------------------------------ 07 Completed ROC for dl ------------------------------

------------------------------ 03 Start sliding windows ------------------------------
surr_type: RP
simples: 10000
ID_train: IV_III
ID_test: II
Variable_label: paleoclimate
tsid: 2
features: 300
sw_width: 446

03_sliding_window_data directory already exists!
II.shape: (893, 2)
success-> sliding_window_features_shape (real=(893-446+1, 300)):  (448, 300)
------------------------------ 03 Completed sliding windows ------------------------------

------------------------------ 04 Start predicate ------------------------------
surr_type: RP
simples: 10000
ID_train: IV_III
ID_test: II
DL_model: CNN_LSTM_model
repeats: 10

04_prediction_data directory already exists!
X_test.shape (448, 300)
X_test_array.shape:  (448, 300, 1)
--------------- prediction ... ---------------
textX=(samples, steps, length, channels): (448, 10, 30, 1)
textX=(samples, steps, length, channels): (448, 10, 30, 1)
textX=(samples, steps, length, channels): (448, 10, 30, 1)
textX=(samples, steps, length, channels): (448, 10, 30, 1)
textX=(samples, steps, length, channels): (448, 10, 30, 1)
textX=(samples, steps, length, channels): (448, 10, 30, 1)
textX=(samples, steps, length, channels): (448, 10, 30, 1)
textX=(samples, steps, length, channels): (448, 10, 30, 1)
textX=(samples, steps, length, channels): (448, 10, 30, 1)
textX=(samples, steps, length, channels): (448, 10, 30, 1)
y_pred_list.shape (448, 10)
------------------------------ 04 Completed predicate ------------------------------

------------------------------ 05 Start plots ------------------------------
surr_type: RP
simples: 10000
ID_train: IV_III
ID_test: II
Variable_label: paleoclimate
DL_model: CNN_LSTM_model
sw_width: 446
tsid: 2

05_ews_data_and_figures directory already exists!
05_ews_data_and_figures/data directory already exists!
05_ews_data_and_figures/data/RP directory already exists!
05_ews_data_and_figures/figures directory already exists!
05_ews_data_and_figures/figures/RP directory already exists!

Record_period: End_of_glaciation_II
start_age, transition_start, transition_end: -224351.0 -135000 -129705.0
sliding_window_II: 446
------------------------------ 05 Completed plots ------------------------------

-------------------------------------------------------------------------------------
Using GPU for TensorFlow.
------------------------------ 01 Start run ------------------------------
Data_folder: paleoclimate
surr_type: RP
simples: 10000
ID_train: IV_III
DL_model: ConvLSTM_model
repeats: 10

01_evaluation_data directory already exists!
models directory already exists!

full_path= G:/surrogate_data_based_machine_learning_v4.0.0/paleoclimate/01_data_preprocessing/02_extracte_and_generate_surrogate_dataset/paleoclimate/data/merge_surrogate_RP_simples_10000_train_IV_III.csv

Epoch 1: val_accuracy improved from -inf to 0.52587, saving model to models\surrogate_RP_simples_10000_ConvLSTM_model_0.h5

Epoch 2: val_accuracy improved from 0.52587 to 0.69775, saving model to models\surrogate_RP_simples_10000_ConvLSTM_model_0.h5

Epoch 3: val_accuracy did not improve from 0.69775

Epoch 4: val_accuracy improved from 0.69775 to 0.80950, saving model to models\surrogate_RP_simples_10000_ConvLSTM_model_0.h5

Epoch 5: val_accuracy did not improve from 0.80950

Epoch 6: val_accuracy did not improve from 0.80950

Epoch 7: val_accuracy did not improve from 0.80950

Epoch 8: val_accuracy did not improve from 0.80950

Epoch 9: val_accuracy did not improve from 0.80950
Epoch 9: early stopping
>#1: 80.950

Epoch 1: val_accuracy improved from -inf to 0.49237, saving model to models\surrogate_RP_simples_10000_ConvLSTM_model_1.h5

Epoch 2: val_accuracy did not improve from 0.49237

Epoch 3: val_accuracy did not improve from 0.49237

Epoch 4: val_accuracy did not improve from 0.49237

Epoch 5: val_accuracy did not improve from 0.49237

Epoch 6: val_accuracy did not improve from 0.49237
Epoch 6: early stopping
>#2: 49.237

Epoch 1: val_accuracy improved from -inf to 0.49237, saving model to models\surrogate_RP_simples_10000_ConvLSTM_model_2.h5

Epoch 2: val_accuracy did not improve from 0.49237

Epoch 3: val_accuracy did not improve from 0.49237

Epoch 4: val_accuracy did not improve from 0.49237

Epoch 5: val_accuracy did not improve from 0.49237

Epoch 6: val_accuracy did not improve from 0.49237
Epoch 6: early stopping
>#3: 49.237

Epoch 1: val_accuracy improved from -inf to 0.49237, saving model to models\surrogate_RP_simples_10000_ConvLSTM_model_3.h5

Epoch 2: val_accuracy did not improve from 0.49237

Epoch 3: val_accuracy did not improve from 0.49237

Epoch 4: val_accuracy did not improve from 0.49237

Epoch 5: val_accuracy did not improve from 0.49237

Epoch 6: val_accuracy did not improve from 0.49237
Epoch 6: early stopping
>#4: 49.237

Epoch 1: val_accuracy improved from -inf to 0.51250, saving model to models\surrogate_RP_simples_10000_ConvLSTM_model_4.h5

Epoch 2: val_accuracy improved from 0.51250 to 0.78575, saving model to models\surrogate_RP_simples_10000_ConvLSTM_model_4.h5

Epoch 3: val_accuracy did not improve from 0.78575

Epoch 4: val_accuracy did not improve from 0.78575

Epoch 5: val_accuracy did not improve from 0.78575

Epoch 6: val_accuracy did not improve from 0.78575

Epoch 7: val_accuracy did not improve from 0.78575
Epoch 7: early stopping
>#5: 78.575

Epoch 1: val_accuracy improved from -inf to 0.50762, saving model to models\surrogate_RP_simples_10000_ConvLSTM_model_5.h5

Epoch 2: val_accuracy improved from 0.50762 to 0.55362, saving model to models\surrogate_RP_simples_10000_ConvLSTM_model_5.h5

Epoch 3: val_accuracy improved from 0.55362 to 0.58188, saving model to models\surrogate_RP_simples_10000_ConvLSTM_model_5.h5

Epoch 4: val_accuracy improved from 0.58188 to 0.90763, saving model to models\surrogate_RP_simples_10000_ConvLSTM_model_5.h5

Epoch 5: val_accuracy did not improve from 0.90763

Epoch 6: val_accuracy did not improve from 0.90763

Epoch 7: val_accuracy did not improve from 0.90763

Epoch 8: val_accuracy did not improve from 0.90763

Epoch 9: val_accuracy did not improve from 0.90763
Epoch 9: early stopping
>#6: 90.763

Epoch 1: val_accuracy improved from -inf to 0.74238, saving model to models\surrogate_RP_simples_10000_ConvLSTM_model_6.h5

Epoch 2: val_accuracy did not improve from 0.74238

Epoch 3: val_accuracy did not improve from 0.74238

Epoch 4: val_accuracy improved from 0.74238 to 0.88388, saving model to models\surrogate_RP_simples_10000_ConvLSTM_model_6.h5

Epoch 5: val_accuracy improved from 0.88388 to 0.89275, saving model to models\surrogate_RP_simples_10000_ConvLSTM_model_6.h5

Epoch 6: val_accuracy did not improve from 0.89275

Epoch 7: val_accuracy did not improve from 0.89275

Epoch 8: val_accuracy did not improve from 0.89275

Epoch 9: val_accuracy did not improve from 0.89275

Epoch 10: val_accuracy did not improve from 0.89275
Epoch 10: early stopping
>#7: 89.275

Epoch 1: val_accuracy improved from -inf to 0.49237, saving model to models\surrogate_RP_simples_10000_ConvLSTM_model_7.h5

Epoch 2: val_accuracy did not improve from 0.49237

Epoch 3: val_accuracy did not improve from 0.49237

Epoch 4: val_accuracy did not improve from 0.49237

Epoch 5: val_accuracy did not improve from 0.49237

Epoch 6: val_accuracy did not improve from 0.49237
Epoch 6: early stopping
>#8: 49.237

Epoch 1: val_accuracy improved from -inf to 0.49237, saving model to models\surrogate_RP_simples_10000_ConvLSTM_model_8.h5

Epoch 2: val_accuracy did not improve from 0.49237

Epoch 3: val_accuracy did not improve from 0.49237

Epoch 4: val_accuracy did not improve from 0.49237

Epoch 5: val_accuracy did not improve from 0.49237

Epoch 6: val_accuracy did not improve from 0.49237
Epoch 6: early stopping
>#9: 49.237

Epoch 1: val_accuracy improved from -inf to 0.71150, saving model to models\surrogate_RP_simples_10000_ConvLSTM_model_9.h5

Epoch 2: val_accuracy improved from 0.71150 to 0.79163, saving model to models\surrogate_RP_simples_10000_ConvLSTM_model_9.h5

Epoch 3: val_accuracy did not improve from 0.79163

Epoch 4: val_accuracy improved from 0.79163 to 0.80625, saving model to models\surrogate_RP_simples_10000_ConvLSTM_model_9.h5

Epoch 5: val_accuracy did not improve from 0.80625

Epoch 6: val_accuracy did not improve from 0.80625

Epoch 7: val_accuracy did not improve from 0.80625

Epoch 8: val_accuracy improved from 0.80625 to 0.81713, saving model to models\surrogate_RP_simples_10000_ConvLSTM_model_9.h5

Epoch 9: val_accuracy did not improve from 0.81713

Epoch 10: val_accuracy did not improve from 0.81713

Epoch 11: val_accuracy did not improve from 0.81713

Epoch 12: val_accuracy did not improve from 0.81713

Epoch 13: val_accuracy did not improve from 0.81713
Epoch 13: early stopping
>#10: 81.713
------------------ summarize results -------------------------
DL_model: ConvLSTM_model
scores: [80.9499979019165, 49.2374986410141, 49.2374986410141, 49.2374986410141, 78.57499718666077, 90.76250195503235, 89.27500247955322, 49.2374986410141, 49.2374986410141, 81.71250224113464]
Accuracy mean (std): 66.746% (17.840)

Running time 833.6 seconds
------------------------------ 01 Completed ------------------------------

------------------------------ 02 Start Evaluation ------------------------------
surr_type: RP
simples: 10000
ID_train: IV_III
DL_model: ConvLSTM_model
repeats: 10

02_evaluation_performance directory already exists!
# 0 >> accuracy: 0.8017500042915344
# 1 >> accuracy: 0.499875009059906
# 2 >> accuracy: 0.499875009059906
# 3 >> accuracy: 0.499875009059906
# 4 >> accuracy: 0.7906249761581421
# 5 >> accuracy: 0.9151250123977661
# 6 >> accuracy: 0.9023749828338623
# 7 >> accuracy: 0.499875009059906
# 8 >> accuracy: 0.499875009059906
# 9 >> accuracy: 0.8080000281333923
The results have been saved to a txt file: 02_evaluation_performance/evaluation_performance_surrogate_RP_simples_10000_ConvLSTM_model_train_IV_III.txt

Running time 53.1 seconds
------------------------------ 02 Completed Evaluation ------------------------------

------------------------------ 03 Start sliding windows ------------------------------
surr_type: RP
simples: 10000
ID_train: IV_III
ID_test: I
Variable_label: paleoclimate
tsid: 1
features: 300
sw_width: 454

03_sliding_window_data directory already exists!
I.shape: (909, 2)
success-> sliding_window_features_shape (real=(909-454+1, 300)):  (456, 300)
------------------------------ 03 Completed sliding windows ------------------------------

------------------------------ 04 Start predicate ------------------------------
surr_type: RP
simples: 10000
ID_train: IV_III
ID_test: I
DL_model: ConvLSTM_model
repeats: 10

04_prediction_data directory already exists!
X_test.shape (456, 300)
X_test_array.shape:  (456, 300, 1)
--------------- prediction ... ---------------
textX=(samples, time steps, rows, cols, channels): (456, 10, 1, 30, 1)
textX=(samples, time steps, rows, cols, channels): (456, 10, 1, 30, 1)
textX=(samples, time steps, rows, cols, channels): (456, 10, 1, 30, 1)
textX=(samples, time steps, rows, cols, channels): (456, 10, 1, 30, 1)
textX=(samples, time steps, rows, cols, channels): (456, 10, 1, 30, 1)
textX=(samples, time steps, rows, cols, channels): (456, 10, 1, 30, 1)
textX=(samples, time steps, rows, cols, channels): (456, 10, 1, 30, 1)
textX=(samples, time steps, rows, cols, channels): (456, 10, 1, 30, 1)
textX=(samples, time steps, rows, cols, channels): (456, 10, 1, 30, 1)
textX=(samples, time steps, rows, cols, channels): (456, 10, 1, 30, 1)
y_pred_list.shape (456, 10)
------------------------------ 04 Completed predicate ------------------------------

------------------------------ 05 Start plots ------------------------------
surr_type: RP
simples: 10000
ID_train: IV_III
ID_test: I
Variable_label: paleoclimate
DL_model: ConvLSTM_model
sw_width: 454
tsid: 1

05_ews_data_and_figures directory already exists!
05_ews_data_and_figures/data directory already exists!
05_ews_data_and_figures/data/RP directory already exists!
05_ews_data_and_figures/figures directory already exists!
05_ews_data_and_figures/figures/RP directory already exists!

Record_period: End_of_glaciation_I
start_age, transition_start, transition_end: -108025.0 -17000 -13828.0
sliding_window_I: 454
------------------------------ 05 Completed plots ------------------------------

------------------------------ 07 Start ROC for dl ------------------------------
surr_type: RP
simples: 10000
ID_merge_tsid: [2,1]
DL_model: ConvLSTM_model
repeats: 10
features: 300

07_roc_data_and_figures_sdml directory already exists!
07_roc_data_and_figures_sdml/data directory already exists!
07_roc_data_and_figures_sdml/data/RP directory already exists!
07_roc_data_and_figures_sdml/data/RP/ROC directory already exists!
07_roc_data_and_figures_sdml/figures directory already exists!
07_roc_data_and_figures_sdml/figures/RP directory already exists!

07_roc_data_and_figures_sdml/figures/RP/ROC directory already exists!

len_eval_pts = 40

----- 01 forced trajectories and compute EWS -----
tsid= 2
Complete for forced tsid=2
tsid= 1
Complete for forced tsid=1
----- 01 null trajectories and compute EWS -----
Complete for null tsid=2
Complete for null tsid=1
----- 02 Compute ROC curves -----
Exported ROC data to 07_roc_data_and_figures_sdml/data/RP/ROC/df_roc_surrogate_RP_simples_10000_ConvLSTM_model_[2,1].csv
Exported ROC figure to 07_roc_data_and_figures_sdml/figures/RP/ROC/figure_roc_surrogate_RP_simples_10000_ConvLSTM_model_[2,1].png
Ran in 16.96s
------------------------------ 07 Completed ROC for dl ------------------------------

------------------------------ 07 Start ROC for dl ------------------------------
surr_type: RP
simples: 10000
ID_merge_tsid: [4,3]
DL_model: ConvLSTM_model
repeats: 10
features: 300

07_roc_data_and_figures_sdml directory already exists!
07_roc_data_and_figures_sdml/data directory already exists!
07_roc_data_and_figures_sdml/data/RP directory already exists!
07_roc_data_and_figures_sdml/data/RP/ROC directory already exists!
07_roc_data_and_figures_sdml/figures directory already exists!
07_roc_data_and_figures_sdml/figures/RP directory already exists!

07_roc_data_and_figures_sdml/figures/RP/ROC directory already exists!

len_eval_pts = 40

----- 01 forced trajectories and compute EWS -----
tsid= 4
Complete for forced tsid=4
tsid= 3
Complete for forced tsid=3
----- 01 null trajectories and compute EWS -----
Complete for null tsid=4
Complete for null tsid=3
----- 02 Compute ROC curves -----
Exported ROC data to 07_roc_data_and_figures_sdml/data/RP/ROC/df_roc_surrogate_RP_simples_10000_ConvLSTM_model_[4,3].csv
Exported ROC figure to 07_roc_data_and_figures_sdml/figures/RP/ROC/figure_roc_surrogate_RP_simples_10000_ConvLSTM_model_[4,3].png
Ran in 17.08s
------------------------------ 07 Completed ROC for dl ------------------------------

------------------------------ 07 Start ROC for dl ------------------------------
surr_type: RP
simples: 10000
ID_merge_tsid: all
DL_model: ConvLSTM_model
repeats: 10
features: 300

07_roc_data_and_figures_sdml directory already exists!
07_roc_data_and_figures_sdml/data directory already exists!
07_roc_data_and_figures_sdml/data/RP directory already exists!
07_roc_data_and_figures_sdml/data/RP/ROC directory already exists!
07_roc_data_and_figures_sdml/figures directory already exists!
07_roc_data_and_figures_sdml/figures/RP directory already exists!

07_roc_data_and_figures_sdml/figures/RP/ROC directory already exists!

len_eval_pts = 40

----- 01 forced trajectories and compute EWS -----
tsid= 1
Complete for forced tsid=1
tsid= 2
Complete for forced tsid=2
tsid= 3
Complete for forced tsid=3
tsid= 4
Complete for forced tsid=4
----- 01 null trajectories and compute EWS -----
Complete for null tsid=1
Complete for null tsid=2
Complete for null tsid=3
Complete for null tsid=4
----- 02 Compute ROC curves -----
Exported ROC data to 07_roc_data_and_figures_sdml/data/RP/ROC/df_roc_surrogate_RP_simples_10000_ConvLSTM_model_all.csv
Exported ROC figure to 07_roc_data_and_figures_sdml/figures/RP/ROC/figure_roc_surrogate_RP_simples_10000_ConvLSTM_model_all.png
Ran in 26.40s
------------------------------ 07 Completed ROC for dl ------------------------------

------------------------------ 03 Start sliding windows ------------------------------
surr_type: RP
simples: 10000
ID_train: IV_III
ID_test: II
Variable_label: paleoclimate
tsid: 2
features: 300
sw_width: 446

03_sliding_window_data directory already exists!
II.shape: (893, 2)
success-> sliding_window_features_shape (real=(893-446+1, 300)):  (448, 300)
------------------------------ 03 Completed sliding windows ------------------------------

------------------------------ 04 Start predicate ------------------------------
surr_type: RP
simples: 10000
ID_train: IV_III
ID_test: II
DL_model: ConvLSTM_model
repeats: 10

04_prediction_data directory already exists!
X_test.shape (448, 300)
X_test_array.shape:  (448, 300, 1)
--------------- prediction ... ---------------
textX=(samples, time steps, rows, cols, channels): (448, 10, 1, 30, 1)
textX=(samples, time steps, rows, cols, channels): (448, 10, 1, 30, 1)
textX=(samples, time steps, rows, cols, channels): (448, 10, 1, 30, 1)
textX=(samples, time steps, rows, cols, channels): (448, 10, 1, 30, 1)
textX=(samples, time steps, rows, cols, channels): (448, 10, 1, 30, 1)
textX=(samples, time steps, rows, cols, channels): (448, 10, 1, 30, 1)
textX=(samples, time steps, rows, cols, channels): (448, 10, 1, 30, 1)
textX=(samples, time steps, rows, cols, channels): (448, 10, 1, 30, 1)
textX=(samples, time steps, rows, cols, channels): (448, 10, 1, 30, 1)
textX=(samples, time steps, rows, cols, channels): (448, 10, 1, 30, 1)
y_pred_list.shape (448, 10)
------------------------------ 04 Completed predicate ------------------------------

------------------------------ 05 Start plots ------------------------------
surr_type: RP
simples: 10000
ID_train: IV_III
ID_test: II
Variable_label: paleoclimate
DL_model: ConvLSTM_model
sw_width: 446
tsid: 2

05_ews_data_and_figures directory already exists!
05_ews_data_and_figures/data directory already exists!
05_ews_data_and_figures/data/RP directory already exists!
05_ews_data_and_figures/figures directory already exists!
05_ews_data_and_figures/figures/RP directory already exists!

Record_period: End_of_glaciation_II
start_age, transition_start, transition_end: -224351.0 -135000 -129705.0
sliding_window_II: 446
------------------------------ 05 Completed plots ------------------------------

---------------------------- complete end ----------------------------
