---------------------------- Run start python scripts -----------------------------
-------------------------------------------------------------------------------------
Using GPU for TensorFlow.
------------------------------ 01 Start run ------------------------------
Data_folder: paleoclimate
surr_type: IAAFT2
simples: 1000
ID_train: IV_III
DL_model: CNN_model
repeats: 10

01_evaluation_data directory already exists!
models directory already exists!

full_path= G:/surrogate_data_based_machine_learning_v4.0.0/paleoclimate/01_data_preprocessing/02_extracte_and_generate_surrogate_dataset/paleoclimate/data/merge_surrogate_IAAFT2_simples_1000_train_IV_III.csv

Epoch 1: val_accuracy improved from -inf to 0.53875, saving model to models\surrogate_IAAFT2_simples_1000_CNN_model_0.h5

Epoch 2: val_accuracy did not improve from 0.53875

Epoch 3: val_accuracy did not improve from 0.53875

Epoch 4: val_accuracy did not improve from 0.53875

Epoch 5: val_accuracy did not improve from 0.53875

Epoch 6: val_accuracy did not improve from 0.53875
Epoch 6: early stopping
>#1: 53.875

Epoch 1: val_accuracy improved from -inf to 0.53875, saving model to models\surrogate_IAAFT2_simples_1000_CNN_model_1.h5

Epoch 2: val_accuracy did not improve from 0.53875

Epoch 3: val_accuracy did not improve from 0.53875

Epoch 4: val_accuracy did not improve from 0.53875

Epoch 5: val_accuracy did not improve from 0.53875

Epoch 6: val_accuracy did not improve from 0.53875
Epoch 6: early stopping
>#2: 53.875

Epoch 1: val_accuracy improved from -inf to 0.46125, saving model to models\surrogate_IAAFT2_simples_1000_CNN_model_2.h5

Epoch 2: val_accuracy did not improve from 0.46125

Epoch 3: val_accuracy did not improve from 0.46125

Epoch 4: val_accuracy did not improve from 0.46125

Epoch 5: val_accuracy did not improve from 0.46125

Epoch 6: val_accuracy did not improve from 0.46125
Epoch 6: early stopping
>#3: 46.125

Epoch 1: val_accuracy improved from -inf to 0.53875, saving model to models\surrogate_IAAFT2_simples_1000_CNN_model_3.h5

Epoch 2: val_accuracy did not improve from 0.53875

Epoch 3: val_accuracy did not improve from 0.53875

Epoch 4: val_accuracy did not improve from 0.53875

Epoch 5: val_accuracy did not improve from 0.53875

Epoch 6: val_accuracy did not improve from 0.53875
Epoch 6: early stopping
>#4: 53.875

Epoch 1: val_accuracy improved from -inf to 0.46125, saving model to models\surrogate_IAAFT2_simples_1000_CNN_model_4.h5

Epoch 2: val_accuracy did not improve from 0.46125

Epoch 3: val_accuracy did not improve from 0.46125

Epoch 4: val_accuracy did not improve from 0.46125

Epoch 5: val_accuracy did not improve from 0.46125

Epoch 6: val_accuracy did not improve from 0.46125
Epoch 6: early stopping
>#5: 46.125

Epoch 1: val_accuracy improved from -inf to 0.46125, saving model to models\surrogate_IAAFT2_simples_1000_CNN_model_5.h5

Epoch 2: val_accuracy did not improve from 0.46125

Epoch 3: val_accuracy did not improve from 0.46125

Epoch 4: val_accuracy did not improve from 0.46125

Epoch 5: val_accuracy did not improve from 0.46125

Epoch 6: val_accuracy did not improve from 0.46125
Epoch 6: early stopping
>#6: 46.125

Epoch 1: val_accuracy improved from -inf to 0.53875, saving model to models\surrogate_IAAFT2_simples_1000_CNN_model_6.h5

Epoch 2: val_accuracy did not improve from 0.53875

Epoch 3: val_accuracy did not improve from 0.53875

Epoch 4: val_accuracy did not improve from 0.53875

Epoch 5: val_accuracy did not improve from 0.53875

Epoch 6: val_accuracy did not improve from 0.53875
Epoch 6: early stopping
>#7: 53.875

Epoch 1: val_accuracy improved from -inf to 0.46125, saving model to models\surrogate_IAAFT2_simples_1000_CNN_model_7.h5

Epoch 2: val_accuracy improved from 0.46125 to 0.53875, saving model to models\surrogate_IAAFT2_simples_1000_CNN_model_7.h5

Epoch 3: val_accuracy did not improve from 0.53875

Epoch 4: val_accuracy did not improve from 0.53875

Epoch 5: val_accuracy did not improve from 0.53875

Epoch 6: val_accuracy did not improve from 0.53875

Epoch 7: val_accuracy did not improve from 0.53875
Epoch 7: early stopping
>#8: 53.875

Epoch 1: val_accuracy improved from -inf to 0.46125, saving model to models\surrogate_IAAFT2_simples_1000_CNN_model_8.h5

Epoch 2: val_accuracy did not improve from 0.46125

Epoch 3: val_accuracy did not improve from 0.46125

Epoch 4: val_accuracy did not improve from 0.46125

Epoch 5: val_accuracy did not improve from 0.46125

Epoch 6: val_accuracy did not improve from 0.46125
Epoch 6: early stopping
>#9: 46.125

Epoch 1: val_accuracy improved from -inf to 0.53875, saving model to models\surrogate_IAAFT2_simples_1000_CNN_model_9.h5

Epoch 2: val_accuracy did not improve from 0.53875

Epoch 3: val_accuracy improved from 0.53875 to 0.54000, saving model to models\surrogate_IAAFT2_simples_1000_CNN_model_9.h5

Epoch 4: val_accuracy did not improve from 0.54000

Epoch 5: val_accuracy did not improve from 0.54000

Epoch 6: val_accuracy did not improve from 0.54000

Epoch 7: val_accuracy did not improve from 0.54000

Epoch 8: val_accuracy did not improve from 0.54000
Epoch 8: early stopping
>#10: 54.000
------------------ summarize results -------------------------
DL_model: CNN_model
scores: [53.87499928474426, 53.87499928474426, 46.12500071525574, 53.87499928474426, 46.12500071525574, 46.12500071525574, 53.87499928474426, 53.87499928474426, 46.12500071525574, 54.00000214576721]
Accuracy mean (std): 50.788% (3.807)

Running time 29.9 seconds
------------------------------ 01 Completed ------------------------------

------------------------------ 02 Start Evaluation ------------------------------
surr_type: IAAFT2
simples: 1000
ID_train: IV_III
DL_model: CNN_model
repeats: 10

02_evaluation_performance directory already exists!
# 0 >> accuracy: 0.4925000071525574
# 1 >> accuracy: 0.4925000071525574
# 2 >> accuracy: 0.5074999928474426
# 3 >> accuracy: 0.4925000071525574
# 4 >> accuracy: 0.5074999928474426
# 5 >> accuracy: 0.5074999928474426
# 6 >> accuracy: 0.4925000071525574
# 7 >> accuracy: 0.4925000071525574
# 8 >> accuracy: 0.5074999928474426
# 9 >> accuracy: 0.4962500035762787
The results have been saved to a txt file: 02_evaluation_performance/evaluation_performance_surrogate_IAAFT2_simples_1000_CNN_model_train_IV_III.txt

Running time 8.9 seconds
------------------------------ 02 Completed Evaluation ------------------------------

------------------------------ 03 Start sliding windows ------------------------------
surr_type: IAAFT2
simples: 1000
ID_train: IV_III
ID_test: I
Variable_label: paleoclimate
tsid: 1
features: 300
sw_width: 454

03_sliding_window_data directory already exists!
I.shape: (909, 2)
success-> sliding_window_features_shape (real=(909-454+1, 300)):  (456, 300)
------------------------------ 03 Completed sliding windows ------------------------------

------------------------------ 04 Start predicate ------------------------------
surr_type: IAAFT2
simples: 1000
ID_train: IV_III
ID_test: I
DL_model: CNN_model
repeats: 10

04_prediction_data directory already exists!
X_test.shape (456, 300)
X_test_array.shape:  (456, 300, 1)
--------------- prediction ... ---------------
y_pred_list.shape (456, 10)
------------------------------ 04 Completed predicate ------------------------------

------------------------------ 05 Start plots ------------------------------
surr_type: IAAFT2
simples: 1000
ID_train: IV_III
ID_test: I
Variable_label: paleoclimate
DL_model: CNN_model
sw_width: 454
tsid: 1

05_ews_data_and_figures directory already exists!
05_ews_data_and_figures/data directory already exists!
05_ews_data_and_figures/figures directory already exists!
Record_period: End_of_glaciation_I
start_age, transition_start, transition_end: -108025.0 -17000 -13828.0
sliding_window_I: 454
------------------------------ 05 Completed plots ------------------------------

------------------------------ 06 Start ROC for variance and lag-1 autocorrelation ------------------------------
surr_type: IAAFT2
simples: 1000
ID_merge_tsid: [2,1]
DL_model: CNN_model
repeats: 10
features: 300

06_roc_data_and_figures_var_corr directory already exists!
06_roc_data_and_figures_var_corr/data directory already exists!
06_roc_data_and_figures_var_corr/data/ROC directory already exists!
06_roc_data_and_figures_var_corr/figures directory already exists!
06_roc_data_and_figures_var_corr/figures/ROC directory already exists!
len_eval_pts= 40

----- 01 forced trajectories and compute EWS -----
Complete for forced tsid=2
Complete for forced tsid=1
----- 01 null trajectories and compute EWS -----
Complete for null tsid=2
Complete for null tsid=1
----- 02 Compute ROC curves -----
Exported ROC data to 06_roc_data_and_figures_var_corr/data/ROC/df_roc_var_corr_[2,1].csv
Exported ROC figure to 06_roc_data_and_figures_var_corr/figures/ROC/figure_roc_var_corr_[2,1].png
Ran in 1.52s
------------------------------ 06 Completed ROC for variance and lag-1 autocorrelation ------------------------------

------------------------------ 07 Start ROC for dl ------------------------------
surr_type: IAAFT2
simples: 1000
ID_merge_tsid: [2,1]
DL_model: CNN_model
repeats: 10
features: 300

07_roc_data_and_figures_sdml directory already exists!
07_roc_data_and_figures_sdml/data directory already exists!
07_roc_data_and_figures_sdml/figures directory already exists!
len_eval_pts = 40

----- 01 forced trajectories and compute EWS -----
tsid= 2
Complete for forced tsid=2
tsid= 1
Complete for forced tsid=1
----- 01 null trajectories and compute EWS -----
Complete for null tsid=2
Complete for null tsid=1
----- 02 Compute ROC curves -----
Exported ROC data to 07_roc_data_and_figures_sdml/data/IAAFT2/ROC/df_roc_surrogate_IAAFT2_simples_1000_CNN_model_[2,1].csv
Exported ROC figure to 07_roc_data_and_figures_sdml/figures/IAAFT2/ROC/figure_roc_surrogate_IAAFT2_simples_1000_CNN_model_[2,1].png
Ran in 11.08s
------------------------------ 07 Completed ROC for dl ------------------------------

------------------------------ 06 Start ROC for variance and lag-1 autocorrelation ------------------------------
surr_type: IAAFT2
simples: 1000
ID_merge_tsid: [4,3]
DL_model: CNN_model
repeats: 10
features: 300

06_roc_data_and_figures_var_corr directory already exists!
06_roc_data_and_figures_var_corr/data directory already exists!
06_roc_data_and_figures_var_corr/data/ROC directory already exists!
06_roc_data_and_figures_var_corr/figures directory already exists!
06_roc_data_and_figures_var_corr/figures/ROC directory already exists!
len_eval_pts= 40

----- 01 forced trajectories and compute EWS -----
Complete for forced tsid=4
Complete for forced tsid=3
----- 01 null trajectories and compute EWS -----
Complete for null tsid=4
Complete for null tsid=3
----- 02 Compute ROC curves -----
Exported ROC data to 06_roc_data_and_figures_var_corr/data/ROC/df_roc_var_corr_[4,3].csv
Exported ROC figure to 06_roc_data_and_figures_var_corr/figures/ROC/figure_roc_var_corr_[4,3].png
Ran in 1.48s
------------------------------ 06 Completed ROC for variance and lag-1 autocorrelation ------------------------------

------------------------------ 07 Start ROC for dl ------------------------------
surr_type: IAAFT2
simples: 1000
ID_merge_tsid: [4,3]
DL_model: CNN_model
repeats: 10
features: 300

07_roc_data_and_figures_sdml directory already exists!
07_roc_data_and_figures_sdml/data directory already exists!
07_roc_data_and_figures_sdml/data/IAAFT2 directory already exists!
07_roc_data_and_figures_sdml/data/IAAFT2/ROC directory already exists!
07_roc_data_and_figures_sdml/figures directory already exists!
07_roc_data_and_figures_sdml/figures/IAAFT2 directory already exists!

07_roc_data_and_figures_sdml/figures/IAAFT2/ROC directory already exists!

len_eval_pts = 40

----- 01 forced trajectories and compute EWS -----
tsid= 4
Complete for forced tsid=4
tsid= 3
Complete for forced tsid=3
----- 01 null trajectories and compute EWS -----
Complete for null tsid=4
Complete for null tsid=3
----- 02 Compute ROC curves -----
Exported ROC data to 07_roc_data_and_figures_sdml/data/IAAFT2/ROC/df_roc_surrogate_IAAFT2_simples_1000_CNN_model_[4,3].csv
Exported ROC figure to 07_roc_data_and_figures_sdml/figures/IAAFT2/ROC/figure_roc_surrogate_IAAFT2_simples_1000_CNN_model_[4,3].png
Ran in 10.98s
------------------------------ 07 Completed ROC for dl ------------------------------

------------------------------ 06 Start ROC for variance and lag-1 autocorrelation ------------------------------
surr_type: IAAFT2
simples: 1000
ID_merge_tsid: all
DL_model: CNN_model
repeats: 10
features: 300

06_roc_data_and_figures_var_corr directory already exists!
06_roc_data_and_figures_var_corr/data directory already exists!
06_roc_data_and_figures_var_corr/data/ROC directory already exists!
06_roc_data_and_figures_var_corr/figures directory already exists!
06_roc_data_and_figures_var_corr/figures/ROC directory already exists!
len_eval_pts= 40

----- 01 forced trajectories and compute EWS -----
Complete for forced tsid=1
Complete for forced tsid=2
Complete for forced tsid=3
Complete for forced tsid=4
----- 01 null trajectories and compute EWS -----
Complete for null tsid=1
Complete for null tsid=2
Complete for null tsid=3
Complete for null tsid=4
----- 02 Compute ROC curves -----
Exported ROC data to 06_roc_data_and_figures_var_corr/data/ROC/df_roc_var_corr_all.csv
Exported ROC figure to 06_roc_data_and_figures_var_corr/figures/ROC/figure_roc_var_corr_all.png
Ran in 1.76s
------------------------------ 06 Completed ROC for variance and lag-1 autocorrelation ------------------------------

------------------------------ 07 Start ROC for dl ------------------------------
surr_type: IAAFT2
simples: 1000
ID_merge_tsid: all
DL_model: CNN_model
repeats: 10
features: 300

07_roc_data_and_figures_sdml directory already exists!
07_roc_data_and_figures_sdml/data directory already exists!
07_roc_data_and_figures_sdml/data/IAAFT2 directory already exists!
07_roc_data_and_figures_sdml/data/IAAFT2/ROC directory already exists!
07_roc_data_and_figures_sdml/figures directory already exists!
07_roc_data_and_figures_sdml/figures/IAAFT2 directory already exists!

07_roc_data_and_figures_sdml/figures/IAAFT2/ROC directory already exists!

len_eval_pts = 40

----- 01 forced trajectories and compute EWS -----
tsid= 1
Complete for forced tsid=1
tsid= 2
Complete for forced tsid=2
tsid= 3
Complete for forced tsid=3
tsid= 4
Complete for forced tsid=4
----- 01 null trajectories and compute EWS -----
Complete for null tsid=1
Complete for null tsid=2
Complete for null tsid=3
Complete for null tsid=4
----- 02 Compute ROC curves -----
Exported ROC data to 07_roc_data_and_figures_sdml/data/IAAFT2/ROC/df_roc_surrogate_IAAFT2_simples_1000_CNN_model_all.csv
Exported ROC figure to 07_roc_data_and_figures_sdml/figures/IAAFT2/ROC/figure_roc_surrogate_IAAFT2_simples_1000_CNN_model_all.png
Ran in 15.40s
------------------------------ 07 Completed ROC for dl ------------------------------

------------------------------ 03 Start sliding windows ------------------------------
surr_type: IAAFT2
simples: 1000
ID_train: IV_III
ID_test: II
Variable_label: paleoclimate
tsid: 2
features: 300
sw_width: 446

03_sliding_window_data directory already exists!
II.shape: (893, 2)
success-> sliding_window_features_shape (real=(893-446+1, 300)):  (448, 300)
------------------------------ 03 Completed sliding windows ------------------------------

------------------------------ 04 Start predicate ------------------------------
surr_type: IAAFT2
simples: 1000
ID_train: IV_III
ID_test: II
DL_model: CNN_model
repeats: 10

04_prediction_data directory already exists!
X_test.shape (448, 300)
X_test_array.shape:  (448, 300, 1)
--------------- prediction ... ---------------
y_pred_list.shape (448, 10)
------------------------------ 04 Completed predicate ------------------------------

------------------------------ 05 Start plots ------------------------------
surr_type: IAAFT2
simples: 1000
ID_train: IV_III
ID_test: II
Variable_label: paleoclimate
DL_model: CNN_model
sw_width: 446
tsid: 2

05_ews_data_and_figures directory already exists!
05_ews_data_and_figures/data directory already exists!
05_ews_data_and_figures/data/IAAFT2 directory already exists!
05_ews_data_and_figures/figures directory already exists!
05_ews_data_and_figures/figures/IAAFT2 directory already exists!

Record_period: End_of_glaciation_II
start_age, transition_start, transition_end: -224351.0 -135000 -129705.0
sliding_window_II: 446
------------------------------ 05 Completed plots ------------------------------

-------------------------------------------------------------------------------------
Using GPU for TensorFlow.
------------------------------ 01 Start run ------------------------------
Data_folder: paleoclimate
surr_type: IAAFT2
simples: 1000
ID_train: IV_III
DL_model: three_head_CNN_model
repeats: 10

01_evaluation_data directory already exists!
models directory already exists!

full_path= G:/surrogate_data_based_machine_learning_v4.0.0/paleoclimate/01_data_preprocessing/02_extracte_and_generate_surrogate_dataset/paleoclimate/data/merge_surrogate_IAAFT2_simples_1000_train_IV_III.csv

Epoch 1: val_accuracy improved from -inf to 0.53875, saving model to models\surrogate_IAAFT2_simples_1000_three_head_CNN_model_0.h5

Epoch 2: val_accuracy did not improve from 0.53875

Epoch 3: val_accuracy did not improve from 0.53875

Epoch 4: val_accuracy did not improve from 0.53875

Epoch 5: val_accuracy did not improve from 0.53875

Epoch 6: val_accuracy did not improve from 0.53875
Epoch 6: early stopping
>#1: 53.875

Epoch 1: val_accuracy improved from -inf to 0.53875, saving model to models\surrogate_IAAFT2_simples_1000_three_head_CNN_model_1.h5

Epoch 2: val_accuracy did not improve from 0.53875

Epoch 3: val_accuracy did not improve from 0.53875

Epoch 4: val_accuracy did not improve from 0.53875

Epoch 5: val_accuracy did not improve from 0.53875

Epoch 6: val_accuracy did not improve from 0.53875
Epoch 6: early stopping
>#2: 53.875

Epoch 1: val_accuracy improved from -inf to 0.53875, saving model to models\surrogate_IAAFT2_simples_1000_three_head_CNN_model_2.h5

Epoch 2: val_accuracy did not improve from 0.53875

Epoch 3: val_accuracy did not improve from 0.53875

Epoch 4: val_accuracy did not improve from 0.53875

Epoch 5: val_accuracy did not improve from 0.53875

Epoch 6: val_accuracy did not improve from 0.53875
Epoch 6: early stopping
>#3: 53.875

Epoch 1: val_accuracy improved from -inf to 0.53875, saving model to models\surrogate_IAAFT2_simples_1000_three_head_CNN_model_3.h5

Epoch 2: val_accuracy did not improve from 0.53875

Epoch 3: val_accuracy did not improve from 0.53875

Epoch 4: val_accuracy did not improve from 0.53875

Epoch 5: val_accuracy did not improve from 0.53875

Epoch 6: val_accuracy did not improve from 0.53875
Epoch 6: early stopping
>#4: 53.875

Epoch 1: val_accuracy improved from -inf to 0.53875, saving model to models\surrogate_IAAFT2_simples_1000_three_head_CNN_model_4.h5

Epoch 2: val_accuracy did not improve from 0.53875

Epoch 3: val_accuracy did not improve from 0.53875

Epoch 4: val_accuracy did not improve from 0.53875

Epoch 5: val_accuracy did not improve from 0.53875

Epoch 6: val_accuracy did not improve from 0.53875
Epoch 6: early stopping
>#5: 53.875

Epoch 1: val_accuracy improved from -inf to 0.53875, saving model to models\surrogate_IAAFT2_simples_1000_three_head_CNN_model_5.h5

Epoch 2: val_accuracy did not improve from 0.53875

Epoch 3: val_accuracy did not improve from 0.53875

Epoch 4: val_accuracy did not improve from 0.53875

Epoch 5: val_accuracy did not improve from 0.53875

Epoch 6: val_accuracy did not improve from 0.53875
Epoch 6: early stopping
>#6: 53.875

Epoch 1: val_accuracy improved from -inf to 0.53875, saving model to models\surrogate_IAAFT2_simples_1000_three_head_CNN_model_6.h5

Epoch 2: val_accuracy did not improve from 0.53875

Epoch 3: val_accuracy did not improve from 0.53875

Epoch 4: val_accuracy did not improve from 0.53875

Epoch 5: val_accuracy did not improve from 0.53875

Epoch 6: val_accuracy improved from 0.53875 to 0.75375, saving model to models\surrogate_IAAFT2_simples_1000_three_head_CNN_model_6.h5

Epoch 7: val_accuracy did not improve from 0.75375

Epoch 8: val_accuracy did not improve from 0.75375

Epoch 9: val_accuracy did not improve from 0.75375

Epoch 10: val_accuracy did not improve from 0.75375

Epoch 11: val_accuracy improved from 0.75375 to 1.00000, saving model to models\surrogate_IAAFT2_simples_1000_three_head_CNN_model_6.h5

Epoch 12: val_accuracy did not improve from 1.00000

Epoch 13: val_accuracy did not improve from 1.00000

Epoch 14: val_accuracy did not improve from 1.00000

Epoch 15: val_accuracy did not improve from 1.00000

Epoch 16: val_accuracy did not improve from 1.00000
Epoch 16: early stopping
>#7: 100.000

Epoch 1: val_accuracy improved from -inf to 0.53875, saving model to models\surrogate_IAAFT2_simples_1000_three_head_CNN_model_7.h5

Epoch 2: val_accuracy did not improve from 0.53875

Epoch 3: val_accuracy did not improve from 0.53875

Epoch 4: val_accuracy did not improve from 0.53875

Epoch 5: val_accuracy did not improve from 0.53875

Epoch 6: val_accuracy did not improve from 0.53875
Epoch 6: early stopping
>#8: 53.875

Epoch 1: val_accuracy improved from -inf to 0.53875, saving model to models\surrogate_IAAFT2_simples_1000_three_head_CNN_model_8.h5

Epoch 2: val_accuracy did not improve from 0.53875

Epoch 3: val_accuracy did not improve from 0.53875

Epoch 4: val_accuracy did not improve from 0.53875

Epoch 5: val_accuracy did not improve from 0.53875

Epoch 6: val_accuracy did not improve from 0.53875
Epoch 6: early stopping
>#9: 53.875

Epoch 1: val_accuracy improved from -inf to 0.53875, saving model to models\surrogate_IAAFT2_simples_1000_three_head_CNN_model_9.h5

Epoch 2: val_accuracy did not improve from 0.53875

Epoch 3: val_accuracy did not improve from 0.53875

Epoch 4: val_accuracy did not improve from 0.53875

Epoch 5: val_accuracy did not improve from 0.53875

Epoch 6: val_accuracy did not improve from 0.53875
Epoch 6: early stopping
>#10: 53.875
------------------ summarize results -------------------------
DL_model: three_head_CNN_model
scores: [53.87499928474426, 53.87499928474426, 53.87499928474426, 53.87499928474426, 53.87499928474426, 53.87499928474426, 100.0, 53.87499928474426, 53.87499928474426, 53.87499928474426]
Accuracy mean (std): 58.487% (13.838)

Running time 52.9 seconds
------------------------------ 01 Completed ------------------------------

------------------------------ 02 Start Evaluation ------------------------------
surr_type: IAAFT2
simples: 1000
ID_train: IV_III
DL_model: three_head_CNN_model
repeats: 10

02_evaluation_performance directory already exists!
# 0 >> accuracy: 0.4925000071525574
# 1 >> accuracy: 0.4925000071525574
# 2 >> accuracy: 0.4925000071525574
# 3 >> accuracy: 0.4925000071525574
# 4 >> accuracy: 0.4925000071525574
# 5 >> accuracy: 0.4925000071525574
# 6 >> accuracy: 1.0
# 7 >> accuracy: 0.4925000071525574
# 8 >> accuracy: 0.4925000071525574
# 9 >> accuracy: 0.4925000071525574
The results have been saved to a txt file: 02_evaluation_performance/evaluation_performance_surrogate_IAAFT2_simples_1000_three_head_CNN_model_train_IV_III.txt

Running time 12.0 seconds
------------------------------ 02 Completed Evaluation ------------------------------

------------------------------ 03 Start sliding windows ------------------------------
surr_type: IAAFT2
simples: 1000
ID_train: IV_III
ID_test: I
Variable_label: paleoclimate
tsid: 1
features: 300
sw_width: 454

03_sliding_window_data directory already exists!
I.shape: (909, 2)
success-> sliding_window_features_shape (real=(909-454+1, 300)):  (456, 300)
------------------------------ 03 Completed sliding windows ------------------------------

------------------------------ 04 Start predicate ------------------------------
surr_type: IAAFT2
simples: 1000
ID_train: IV_III
ID_test: I
DL_model: three_head_CNN_model
repeats: 10

04_prediction_data directory already exists!
X_test.shape (456, 300)
X_test_array.shape:  (456, 300, 1)
--------------- prediction ... ---------------
y_pred_list.shape (456, 10)
------------------------------ 04 Completed predicate ------------------------------

------------------------------ 05 Start plots ------------------------------
surr_type: IAAFT2
simples: 1000
ID_train: IV_III
ID_test: I
Variable_label: paleoclimate
DL_model: three_head_CNN_model
sw_width: 454
tsid: 1

05_ews_data_and_figures directory already exists!
05_ews_data_and_figures/data directory already exists!
05_ews_data_and_figures/data/IAAFT2 directory already exists!
05_ews_data_and_figures/figures directory already exists!
05_ews_data_and_figures/figures/IAAFT2 directory already exists!

Record_period: End_of_glaciation_I
start_age, transition_start, transition_end: -108025.0 -17000 -13828.0
sliding_window_I: 454
------------------------------ 05 Completed plots ------------------------------

------------------------------ 07 Start ROC for dl ------------------------------
surr_type: IAAFT2
simples: 1000
ID_merge_tsid: [2,1]
DL_model: three_head_CNN_model
repeats: 10
features: 300

07_roc_data_and_figures_sdml directory already exists!
07_roc_data_and_figures_sdml/data directory already exists!
07_roc_data_and_figures_sdml/data/IAAFT2 directory already exists!
07_roc_data_and_figures_sdml/data/IAAFT2/ROC directory already exists!
07_roc_data_and_figures_sdml/figures directory already exists!
07_roc_data_and_figures_sdml/figures/IAAFT2 directory already exists!

07_roc_data_and_figures_sdml/figures/IAAFT2/ROC directory already exists!

len_eval_pts = 40

----- 01 forced trajectories and compute EWS -----
tsid= 2
Complete for forced tsid=2
tsid= 1
Complete for forced tsid=1
----- 01 null trajectories and compute EWS -----
Complete for null tsid=2
Complete for null tsid=1
----- 02 Compute ROC curves -----
Exported ROC data to 07_roc_data_and_figures_sdml/data/IAAFT2/ROC/df_roc_surrogate_IAAFT2_simples_1000_three_head_CNN_model_[2,1].csv
Exported ROC figure to 07_roc_data_and_figures_sdml/figures/IAAFT2/ROC/figure_roc_surrogate_IAAFT2_simples_1000_three_head_CNN_model_[2,1].png
Ran in 16.04s
------------------------------ 07 Completed ROC for dl ------------------------------

------------------------------ 07 Start ROC for dl ------------------------------
surr_type: IAAFT2
simples: 1000
ID_merge_tsid: [4,3]
DL_model: three_head_CNN_model
repeats: 10
features: 300

07_roc_data_and_figures_sdml directory already exists!
07_roc_data_and_figures_sdml/data directory already exists!
07_roc_data_and_figures_sdml/data/IAAFT2 directory already exists!
07_roc_data_and_figures_sdml/data/IAAFT2/ROC directory already exists!
07_roc_data_and_figures_sdml/figures directory already exists!
07_roc_data_and_figures_sdml/figures/IAAFT2 directory already exists!

07_roc_data_and_figures_sdml/figures/IAAFT2/ROC directory already exists!

len_eval_pts = 40

----- 01 forced trajectories and compute EWS -----
tsid= 4
Complete for forced tsid=4
tsid= 3
Complete for forced tsid=3
----- 01 null trajectories and compute EWS -----
Complete for null tsid=4
Complete for null tsid=3
----- 02 Compute ROC curves -----
Exported ROC data to 07_roc_data_and_figures_sdml/data/IAAFT2/ROC/df_roc_surrogate_IAAFT2_simples_1000_three_head_CNN_model_[4,3].csv
Exported ROC figure to 07_roc_data_and_figures_sdml/figures/IAAFT2/ROC/figure_roc_surrogate_IAAFT2_simples_1000_three_head_CNN_model_[4,3].png
Ran in 15.98s
------------------------------ 07 Completed ROC for dl ------------------------------

------------------------------ 07 Start ROC for dl ------------------------------
surr_type: IAAFT2
simples: 1000
ID_merge_tsid: all
DL_model: three_head_CNN_model
repeats: 10
features: 300

07_roc_data_and_figures_sdml directory already exists!
07_roc_data_and_figures_sdml/data directory already exists!
07_roc_data_and_figures_sdml/data/IAAFT2 directory already exists!
07_roc_data_and_figures_sdml/data/IAAFT2/ROC directory already exists!
07_roc_data_and_figures_sdml/figures directory already exists!
07_roc_data_and_figures_sdml/figures/IAAFT2 directory already exists!

07_roc_data_and_figures_sdml/figures/IAAFT2/ROC directory already exists!

len_eval_pts = 40

----- 01 forced trajectories and compute EWS -----
tsid= 1
Complete for forced tsid=1
tsid= 2
Complete for forced tsid=2
tsid= 3
Complete for forced tsid=3
tsid= 4
Complete for forced tsid=4
----- 01 null trajectories and compute EWS -----
Complete for null tsid=1
Complete for null tsid=2
Complete for null tsid=3
Complete for null tsid=4
----- 02 Compute ROC curves -----
Exported ROC data to 07_roc_data_and_figures_sdml/data/IAAFT2/ROC/df_roc_surrogate_IAAFT2_simples_1000_three_head_CNN_model_all.csv
Exported ROC figure to 07_roc_data_and_figures_sdml/figures/IAAFT2/ROC/figure_roc_surrogate_IAAFT2_simples_1000_three_head_CNN_model_all.png
Ran in 23.37s
------------------------------ 07 Completed ROC for dl ------------------------------

------------------------------ 03 Start sliding windows ------------------------------
surr_type: IAAFT2
simples: 1000
ID_train: IV_III
ID_test: II
Variable_label: paleoclimate
tsid: 2
features: 300
sw_width: 446

03_sliding_window_data directory already exists!
II.shape: (893, 2)
success-> sliding_window_features_shape (real=(893-446+1, 300)):  (448, 300)
------------------------------ 03 Completed sliding windows ------------------------------

------------------------------ 04 Start predicate ------------------------------
surr_type: IAAFT2
simples: 1000
ID_train: IV_III
ID_test: II
DL_model: three_head_CNN_model
repeats: 10

04_prediction_data directory already exists!
X_test.shape (448, 300)
X_test_array.shape:  (448, 300, 1)
--------------- prediction ... ---------------
y_pred_list.shape (448, 10)
------------------------------ 04 Completed predicate ------------------------------

------------------------------ 05 Start plots ------------------------------
surr_type: IAAFT2
simples: 1000
ID_train: IV_III
ID_test: II
Variable_label: paleoclimate
DL_model: three_head_CNN_model
sw_width: 446
tsid: 2

05_ews_data_and_figures directory already exists!
05_ews_data_and_figures/data directory already exists!
05_ews_data_and_figures/data/IAAFT2 directory already exists!
05_ews_data_and_figures/figures directory already exists!
05_ews_data_and_figures/figures/IAAFT2 directory already exists!

Record_period: End_of_glaciation_II
start_age, transition_start, transition_end: -224351.0 -135000 -129705.0
sliding_window_II: 446
------------------------------ 05 Completed plots ------------------------------

-------------------------------------------------------------------------------------
Using GPU for TensorFlow.
------------------------------ 01 Start run ------------------------------
Data_folder: paleoclimate
surr_type: IAAFT2
simples: 1000
ID_train: IV_III
DL_model: LSTM_model
repeats: 10

01_evaluation_data directory already exists!
models directory already exists!

full_path= G:/surrogate_data_based_machine_learning_v4.0.0/paleoclimate/01_data_preprocessing/02_extracte_and_generate_surrogate_dataset/paleoclimate/data/merge_surrogate_IAAFT2_simples_1000_train_IV_III.csv

Epoch 1: val_accuracy improved from -inf to 0.53875, saving model to models\surrogate_IAAFT2_simples_1000_LSTM_model_0.h5

Epoch 2: val_accuracy did not improve from 0.53875

Epoch 3: val_accuracy did not improve from 0.53875

Epoch 4: val_accuracy did not improve from 0.53875

Epoch 5: val_accuracy did not improve from 0.53875

Epoch 6: val_accuracy did not improve from 0.53875
Epoch 6: early stopping
>#1: 53.875

Epoch 1: val_accuracy improved from -inf to 0.46125, saving model to models\surrogate_IAAFT2_simples_1000_LSTM_model_1.h5

Epoch 2: val_accuracy did not improve from 0.46125

Epoch 3: val_accuracy did not improve from 0.46125

Epoch 4: val_accuracy improved from 0.46125 to 0.53875, saving model to models\surrogate_IAAFT2_simples_1000_LSTM_model_1.h5

Epoch 5: val_accuracy did not improve from 0.53875

Epoch 6: val_accuracy did not improve from 0.53875

Epoch 7: val_accuracy did not improve from 0.53875

Epoch 8: val_accuracy did not improve from 0.53875

Epoch 9: val_accuracy did not improve from 0.53875
Epoch 9: early stopping
>#2: 53.875

Epoch 1: val_accuracy improved from -inf to 0.53875, saving model to models\surrogate_IAAFT2_simples_1000_LSTM_model_2.h5

Epoch 2: val_accuracy did not improve from 0.53875

Epoch 3: val_accuracy did not improve from 0.53875

Epoch 4: val_accuracy did not improve from 0.53875

Epoch 5: val_accuracy did not improve from 0.53875

Epoch 6: val_accuracy did not improve from 0.53875
Epoch 6: early stopping
>#3: 53.875

Epoch 1: val_accuracy improved from -inf to 0.46125, saving model to models\surrogate_IAAFT2_simples_1000_LSTM_model_3.h5

Epoch 2: val_accuracy did not improve from 0.46125

Epoch 3: val_accuracy did not improve from 0.46125

Epoch 4: val_accuracy did not improve from 0.46125

Epoch 5: val_accuracy did not improve from 0.46125

Epoch 6: val_accuracy did not improve from 0.46125
Epoch 6: early stopping
>#4: 46.125

Epoch 1: val_accuracy improved from -inf to 0.46125, saving model to models\surrogate_IAAFT2_simples_1000_LSTM_model_4.h5

Epoch 2: val_accuracy did not improve from 0.46125

Epoch 3: val_accuracy did not improve from 0.46125

Epoch 4: val_accuracy did not improve from 0.46125

Epoch 5: val_accuracy improved from 0.46125 to 0.57125, saving model to models\surrogate_IAAFT2_simples_1000_LSTM_model_4.h5

Epoch 6: val_accuracy did not improve from 0.57125

Epoch 7: val_accuracy improved from 0.57125 to 0.69375, saving model to models\surrogate_IAAFT2_simples_1000_LSTM_model_4.h5

Epoch 8: val_accuracy did not improve from 0.69375

Epoch 9: val_accuracy did not improve from 0.69375

Epoch 10: val_accuracy did not improve from 0.69375

Epoch 11: val_accuracy did not improve from 0.69375

Epoch 12: val_accuracy did not improve from 0.69375
Epoch 12: early stopping
>#5: 69.375

Epoch 1: val_accuracy improved from -inf to 0.46125, saving model to models\surrogate_IAAFT2_simples_1000_LSTM_model_5.h5

Epoch 2: val_accuracy improved from 0.46125 to 0.51750, saving model to models\surrogate_IAAFT2_simples_1000_LSTM_model_5.h5

Epoch 3: val_accuracy improved from 0.51750 to 0.53875, saving model to models\surrogate_IAAFT2_simples_1000_LSTM_model_5.h5

Epoch 4: val_accuracy improved from 0.53875 to 0.76375, saving model to models\surrogate_IAAFT2_simples_1000_LSTM_model_5.h5

Epoch 5: val_accuracy did not improve from 0.76375

Epoch 6: val_accuracy did not improve from 0.76375

Epoch 7: val_accuracy did not improve from 0.76375

Epoch 8: val_accuracy did not improve from 0.76375

Epoch 9: val_accuracy did not improve from 0.76375
Epoch 9: early stopping
>#6: 76.375

Epoch 1: val_accuracy improved from -inf to 0.46125, saving model to models\surrogate_IAAFT2_simples_1000_LSTM_model_6.h5

Epoch 2: val_accuracy did not improve from 0.46125

Epoch 3: val_accuracy improved from 0.46125 to 0.53875, saving model to models\surrogate_IAAFT2_simples_1000_LSTM_model_6.h5

Epoch 4: val_accuracy did not improve from 0.53875

Epoch 5: val_accuracy improved from 0.53875 to 0.72500, saving model to models\surrogate_IAAFT2_simples_1000_LSTM_model_6.h5

Epoch 6: val_accuracy did not improve from 0.72500

Epoch 7: val_accuracy did not improve from 0.72500

Epoch 8: val_accuracy did not improve from 0.72500

Epoch 9: val_accuracy did not improve from 0.72500

Epoch 10: val_accuracy did not improve from 0.72500
Epoch 10: early stopping
>#7: 72.500

Epoch 1: val_accuracy improved from -inf to 0.46125, saving model to models\surrogate_IAAFT2_simples_1000_LSTM_model_7.h5

Epoch 2: val_accuracy did not improve from 0.46125

Epoch 3: val_accuracy did not improve from 0.46125

Epoch 4: val_accuracy did not improve from 0.46125

Epoch 5: val_accuracy improved from 0.46125 to 0.53875, saving model to models\surrogate_IAAFT2_simples_1000_LSTM_model_7.h5

Epoch 6: val_accuracy did not improve from 0.53875

Epoch 7: val_accuracy did not improve from 0.53875

Epoch 8: val_accuracy did not improve from 0.53875

Epoch 9: val_accuracy did not improve from 0.53875

Epoch 10: val_accuracy did not improve from 0.53875
Epoch 10: early stopping
>#8: 53.875

Epoch 1: val_accuracy improved from -inf to 0.53875, saving model to models\surrogate_IAAFT2_simples_1000_LSTM_model_8.h5

Epoch 2: val_accuracy did not improve from 0.53875

Epoch 3: val_accuracy improved from 0.53875 to 0.75375, saving model to models\surrogate_IAAFT2_simples_1000_LSTM_model_8.h5

Epoch 4: val_accuracy did not improve from 0.75375

Epoch 5: val_accuracy did not improve from 0.75375

Epoch 6: val_accuracy did not improve from 0.75375

Epoch 7: val_accuracy did not improve from 0.75375

Epoch 8: val_accuracy did not improve from 0.75375
Epoch 8: early stopping
>#9: 75.375

Epoch 1: val_accuracy improved from -inf to 0.46125, saving model to models\surrogate_IAAFT2_simples_1000_LSTM_model_9.h5

Epoch 2: val_accuracy did not improve from 0.46125

Epoch 3: val_accuracy did not improve from 0.46125

Epoch 4: val_accuracy did not improve from 0.46125

Epoch 5: val_accuracy did not improve from 0.46125

Epoch 6: val_accuracy improved from 0.46125 to 0.76375, saving model to models\surrogate_IAAFT2_simples_1000_LSTM_model_9.h5

Epoch 7: val_accuracy did not improve from 0.76375

Epoch 8: val_accuracy did not improve from 0.76375

Epoch 9: val_accuracy did not improve from 0.76375

Epoch 10: val_accuracy did not improve from 0.76375

Epoch 11: val_accuracy did not improve from 0.76375
Epoch 11: early stopping
>#10: 76.375
------------------ summarize results -------------------------
DL_model: LSTM_model
scores: [53.87499928474426, 53.87499928474426, 53.87499928474426, 46.12500071525574, 69.37500238418579, 76.37500166893005, 72.50000238418579, 53.87499928474426, 75.37500262260437, 76.37500166893005]
Accuracy mean (std): 63.163% (11.222)

Running time 75.7 seconds
------------------------------ 01 Completed ------------------------------

------------------------------ 02 Start Evaluation ------------------------------
surr_type: IAAFT2
simples: 1000
ID_train: IV_III
DL_model: LSTM_model
repeats: 10

02_evaluation_performance directory already exists!
# 0 >> accuracy: 0.4925000071525574
# 1 >> accuracy: 0.4925000071525574
# 2 >> accuracy: 0.4925000071525574
# 3 >> accuracy: 0.5074999928474426
# 4 >> accuracy: 0.6637499928474426
# 5 >> accuracy: 0.7337499856948853
# 6 >> accuracy: 0.7212499976158142
# 7 >> accuracy: 0.4925000071525574
# 8 >> accuracy: 0.7350000143051147
# 9 >> accuracy: 0.7337499856948853
The results have been saved to a txt file: 02_evaluation_performance/evaluation_performance_surrogate_IAAFT2_simples_1000_LSTM_model_train_IV_III.txt

Running time 15.2 seconds
------------------------------ 02 Completed Evaluation ------------------------------

------------------------------ 03 Start sliding windows ------------------------------
surr_type: IAAFT2
simples: 1000
ID_train: IV_III
ID_test: I
Variable_label: paleoclimate
tsid: 1
features: 300
sw_width: 454

03_sliding_window_data directory already exists!
I.shape: (909, 2)
success-> sliding_window_features_shape (real=(909-454+1, 300)):  (456, 300)
------------------------------ 03 Completed sliding windows ------------------------------

------------------------------ 04 Start predicate ------------------------------
surr_type: IAAFT2
simples: 1000
ID_train: IV_III
ID_test: I
DL_model: LSTM_model
repeats: 10

04_prediction_data directory already exists!
X_test.shape (456, 300)
X_test_array.shape:  (456, 300, 1)
--------------- prediction ... ---------------
y_pred_list.shape (456, 10)
------------------------------ 04 Completed predicate ------------------------------

------------------------------ 05 Start plots ------------------------------
surr_type: IAAFT2
simples: 1000
ID_train: IV_III
ID_test: I
Variable_label: paleoclimate
DL_model: LSTM_model
sw_width: 454
tsid: 1

05_ews_data_and_figures directory already exists!
05_ews_data_and_figures/data directory already exists!
05_ews_data_and_figures/data/IAAFT2 directory already exists!
05_ews_data_and_figures/figures directory already exists!
05_ews_data_and_figures/figures/IAAFT2 directory already exists!

Record_period: End_of_glaciation_I
start_age, transition_start, transition_end: -108025.0 -17000 -13828.0
sliding_window_I: 454
------------------------------ 05 Completed plots ------------------------------

------------------------------ 07 Start ROC for dl ------------------------------
surr_type: IAAFT2
simples: 1000
ID_merge_tsid: [2,1]
DL_model: LSTM_model
repeats: 10
features: 300

07_roc_data_and_figures_sdml directory already exists!
07_roc_data_and_figures_sdml/data directory already exists!
07_roc_data_and_figures_sdml/data/IAAFT2 directory already exists!
07_roc_data_and_figures_sdml/data/IAAFT2/ROC directory already exists!
07_roc_data_and_figures_sdml/figures directory already exists!
07_roc_data_and_figures_sdml/figures/IAAFT2 directory already exists!

07_roc_data_and_figures_sdml/figures/IAAFT2/ROC directory already exists!

len_eval_pts = 40

----- 01 forced trajectories and compute EWS -----
tsid= 2
Complete for forced tsid=2
tsid= 1
Complete for forced tsid=1
----- 01 null trajectories and compute EWS -----
Complete for null tsid=2
Complete for null tsid=1
----- 02 Compute ROC curves -----
Exported ROC data to 07_roc_data_and_figures_sdml/data/IAAFT2/ROC/df_roc_surrogate_IAAFT2_simples_1000_LSTM_model_[2,1].csv
Exported ROC figure to 07_roc_data_and_figures_sdml/figures/IAAFT2/ROC/figure_roc_surrogate_IAAFT2_simples_1000_LSTM_model_[2,1].png
Ran in 21.65s
------------------------------ 07 Completed ROC for dl ------------------------------

------------------------------ 07 Start ROC for dl ------------------------------
surr_type: IAAFT2
simples: 1000
ID_merge_tsid: [4,3]
DL_model: LSTM_model
repeats: 10
features: 300

07_roc_data_and_figures_sdml directory already exists!
07_roc_data_and_figures_sdml/data directory already exists!
07_roc_data_and_figures_sdml/data/IAAFT2 directory already exists!
07_roc_data_and_figures_sdml/data/IAAFT2/ROC directory already exists!
07_roc_data_and_figures_sdml/figures directory already exists!
07_roc_data_and_figures_sdml/figures/IAAFT2 directory already exists!

07_roc_data_and_figures_sdml/figures/IAAFT2/ROC directory already exists!

len_eval_pts = 40

----- 01 forced trajectories and compute EWS -----
tsid= 4
Complete for forced tsid=4
tsid= 3
Complete for forced tsid=3
----- 01 null trajectories and compute EWS -----
Complete for null tsid=4
Complete for null tsid=3
----- 02 Compute ROC curves -----
Exported ROC data to 07_roc_data_and_figures_sdml/data/IAAFT2/ROC/df_roc_surrogate_IAAFT2_simples_1000_LSTM_model_[4,3].csv
Exported ROC figure to 07_roc_data_and_figures_sdml/figures/IAAFT2/ROC/figure_roc_surrogate_IAAFT2_simples_1000_LSTM_model_[4,3].png
Ran in 21.58s
------------------------------ 07 Completed ROC for dl ------------------------------

------------------------------ 07 Start ROC for dl ------------------------------
surr_type: IAAFT2
simples: 1000
ID_merge_tsid: all
DL_model: LSTM_model
repeats: 10
features: 300

07_roc_data_and_figures_sdml directory already exists!
07_roc_data_and_figures_sdml/data directory already exists!
07_roc_data_and_figures_sdml/data/IAAFT2 directory already exists!
07_roc_data_and_figures_sdml/data/IAAFT2/ROC directory already exists!
07_roc_data_and_figures_sdml/figures directory already exists!
07_roc_data_and_figures_sdml/figures/IAAFT2 directory already exists!

07_roc_data_and_figures_sdml/figures/IAAFT2/ROC directory already exists!

len_eval_pts = 40

----- 01 forced trajectories and compute EWS -----
tsid= 1
Complete for forced tsid=1
tsid= 2
Complete for forced tsid=2
tsid= 3
Complete for forced tsid=3
tsid= 4
Complete for forced tsid=4
----- 01 null trajectories and compute EWS -----
Complete for null tsid=1
Complete for null tsid=2
Complete for null tsid=3
Complete for null tsid=4
----- 02 Compute ROC curves -----
Exported ROC data to 07_roc_data_and_figures_sdml/data/IAAFT2/ROC/df_roc_surrogate_IAAFT2_simples_1000_LSTM_model_all.csv
Exported ROC figure to 07_roc_data_and_figures_sdml/figures/IAAFT2/ROC/figure_roc_surrogate_IAAFT2_simples_1000_LSTM_model_all.png
Ran in 34.86s
------------------------------ 07 Completed ROC for dl ------------------------------

------------------------------ 03 Start sliding windows ------------------------------
surr_type: IAAFT2
simples: 1000
ID_train: IV_III
ID_test: II
Variable_label: paleoclimate
tsid: 2
features: 300
sw_width: 446

03_sliding_window_data directory already exists!
II.shape: (893, 2)
success-> sliding_window_features_shape (real=(893-446+1, 300)):  (448, 300)
------------------------------ 03 Completed sliding windows ------------------------------

------------------------------ 04 Start predicate ------------------------------
surr_type: IAAFT2
simples: 1000
ID_train: IV_III
ID_test: II
DL_model: LSTM_model
repeats: 10

04_prediction_data directory already exists!
X_test.shape (448, 300)
X_test_array.shape:  (448, 300, 1)
--------------- prediction ... ---------------
y_pred_list.shape (448, 10)
------------------------------ 04 Completed predicate ------------------------------

------------------------------ 05 Start plots ------------------------------
surr_type: IAAFT2
simples: 1000
ID_train: IV_III
ID_test: II
Variable_label: paleoclimate
DL_model: LSTM_model
sw_width: 446
tsid: 2

05_ews_data_and_figures directory already exists!
05_ews_data_and_figures/data directory already exists!
05_ews_data_and_figures/data/IAAFT2 directory already exists!
05_ews_data_and_figures/figures directory already exists!
05_ews_data_and_figures/figures/IAAFT2 directory already exists!

Record_period: End_of_glaciation_II
start_age, transition_start, transition_end: -224351.0 -135000 -129705.0
sliding_window_II: 446
------------------------------ 05 Completed plots ------------------------------

-------------------------------------------------------------------------------------
Using GPU for TensorFlow.
------------------------------ 01 Start run ------------------------------
Data_folder: paleoclimate
surr_type: IAAFT2
simples: 1000
ID_train: IV_III
DL_model: CNN_LSTM_model
repeats: 10

01_evaluation_data directory already exists!
models directory already exists!

full_path= G:/surrogate_data_based_machine_learning_v4.0.0/paleoclimate/01_data_preprocessing/02_extracte_and_generate_surrogate_dataset/paleoclimate/data/merge_surrogate_IAAFT2_simples_1000_train_IV_III.csv

Epoch 1: val_accuracy improved from -inf to 0.53875, saving model to models\surrogate_IAAFT2_simples_1000_CNN_LSTM_model_0.h5

Epoch 2: val_accuracy did not improve from 0.53875

Epoch 3: val_accuracy did not improve from 0.53875

Epoch 4: val_accuracy did not improve from 0.53875

Epoch 5: val_accuracy did not improve from 0.53875

Epoch 6: val_accuracy did not improve from 0.53875
Epoch 6: early stopping
>#1: 53.875

Epoch 1: val_accuracy improved from -inf to 0.46125, saving model to models\surrogate_IAAFT2_simples_1000_CNN_LSTM_model_1.h5

Epoch 2: val_accuracy did not improve from 0.46125

Epoch 3: val_accuracy improved from 0.46125 to 0.53875, saving model to models\surrogate_IAAFT2_simples_1000_CNN_LSTM_model_1.h5

Epoch 4: val_accuracy did not improve from 0.53875

Epoch 5: val_accuracy did not improve from 0.53875

Epoch 6: val_accuracy did not improve from 0.53875

Epoch 7: val_accuracy did not improve from 0.53875

Epoch 8: val_accuracy did not improve from 0.53875
Epoch 8: early stopping
>#2: 53.875

Epoch 1: val_accuracy improved from -inf to 0.46125, saving model to models\surrogate_IAAFT2_simples_1000_CNN_LSTM_model_2.h5

Epoch 2: val_accuracy improved from 0.46125 to 0.53875, saving model to models\surrogate_IAAFT2_simples_1000_CNN_LSTM_model_2.h5

Epoch 3: val_accuracy did not improve from 0.53875

Epoch 4: val_accuracy did not improve from 0.53875

Epoch 5: val_accuracy did not improve from 0.53875

Epoch 6: val_accuracy did not improve from 0.53875

Epoch 7: val_accuracy did not improve from 0.53875
Epoch 7: early stopping
>#3: 53.875

Epoch 1: val_accuracy improved from -inf to 0.46125, saving model to models\surrogate_IAAFT2_simples_1000_CNN_LSTM_model_3.h5

Epoch 2: val_accuracy did not improve from 0.46125

Epoch 3: val_accuracy did not improve from 0.46125

Epoch 4: val_accuracy did not improve from 0.46125

Epoch 5: val_accuracy did not improve from 0.46125

Epoch 6: val_accuracy did not improve from 0.46125
Epoch 6: early stopping
>#4: 46.125

Epoch 1: val_accuracy improved from -inf to 0.53875, saving model to models\surrogate_IAAFT2_simples_1000_CNN_LSTM_model_4.h5

Epoch 2: val_accuracy did not improve from 0.53875

Epoch 3: val_accuracy did not improve from 0.53875

Epoch 4: val_accuracy did not improve from 0.53875

Epoch 5: val_accuracy did not improve from 0.53875

Epoch 6: val_accuracy did not improve from 0.53875
Epoch 6: early stopping
>#5: 53.875

Epoch 1: val_accuracy improved from -inf to 0.46125, saving model to models\surrogate_IAAFT2_simples_1000_CNN_LSTM_model_5.h5

Epoch 2: val_accuracy did not improve from 0.46125

Epoch 3: val_accuracy improved from 0.46125 to 0.53875, saving model to models\surrogate_IAAFT2_simples_1000_CNN_LSTM_model_5.h5

Epoch 4: val_accuracy did not improve from 0.53875

Epoch 5: val_accuracy did not improve from 0.53875

Epoch 6: val_accuracy did not improve from 0.53875

Epoch 7: val_accuracy did not improve from 0.53875

Epoch 8: val_accuracy did not improve from 0.53875
Epoch 8: early stopping
>#6: 53.875

Epoch 1: val_accuracy improved from -inf to 0.53875, saving model to models\surrogate_IAAFT2_simples_1000_CNN_LSTM_model_6.h5

Epoch 2: val_accuracy did not improve from 0.53875

Epoch 3: val_accuracy did not improve from 0.53875

Epoch 4: val_accuracy did not improve from 0.53875

Epoch 5: val_accuracy did not improve from 0.53875

Epoch 6: val_accuracy did not improve from 0.53875
Epoch 6: early stopping
>#7: 53.875

Epoch 1: val_accuracy improved from -inf to 0.53875, saving model to models\surrogate_IAAFT2_simples_1000_CNN_LSTM_model_7.h5

Epoch 2: val_accuracy did not improve from 0.53875

Epoch 3: val_accuracy did not improve from 0.53875

Epoch 4: val_accuracy did not improve from 0.53875

Epoch 5: val_accuracy did not improve from 0.53875

Epoch 6: val_accuracy did not improve from 0.53875
Epoch 6: early stopping
>#8: 53.875

Epoch 1: val_accuracy improved from -inf to 0.46125, saving model to models\surrogate_IAAFT2_simples_1000_CNN_LSTM_model_8.h5

Epoch 2: val_accuracy did not improve from 0.46125

Epoch 3: val_accuracy did not improve from 0.46125

Epoch 4: val_accuracy did not improve from 0.46125

Epoch 5: val_accuracy did not improve from 0.46125

Epoch 6: val_accuracy did not improve from 0.46125
Epoch 6: early stopping
>#9: 46.125

Epoch 1: val_accuracy improved from -inf to 0.46125, saving model to models\surrogate_IAAFT2_simples_1000_CNN_LSTM_model_9.h5

Epoch 2: val_accuracy did not improve from 0.46125

Epoch 3: val_accuracy did not improve from 0.46125

Epoch 4: val_accuracy did not improve from 0.46125

Epoch 5: val_accuracy did not improve from 0.46125

Epoch 6: val_accuracy did not improve from 0.46125
Epoch 6: early stopping
>#10: 46.125
------------------ summarize results -------------------------
DL_model: CNN_LSTM_model
scores: [53.87499928474426, 53.87499928474426, 53.87499928474426, 46.12500071525574, 53.87499928474426, 53.87499928474426, 53.87499928474426, 53.87499928474426, 46.12500071525574, 46.12500071525574]
Accuracy mean (std): 51.550% (3.551)

Running time 56.6 seconds
------------------------------ 01 Completed ------------------------------

------------------------------ 02 Start Evaluation ------------------------------
surr_type: IAAFT2
simples: 1000
ID_train: IV_III
DL_model: CNN_LSTM_model
repeats: 10

02_evaluation_performance directory already exists!
# 0 >> accuracy: 0.4925000071525574
# 1 >> accuracy: 0.4925000071525574
# 2 >> accuracy: 0.4925000071525574
# 3 >> accuracy: 0.5074999928474426
# 4 >> accuracy: 0.4925000071525574
# 5 >> accuracy: 0.4925000071525574
# 6 >> accuracy: 0.4925000071525574
# 7 >> accuracy: 0.4925000071525574
# 8 >> accuracy: 0.5074999928474426
# 9 >> accuracy: 0.5074999928474426
The results have been saved to a txt file: 02_evaluation_performance/evaluation_performance_surrogate_IAAFT2_simples_1000_CNN_LSTM_model_train_IV_III.txt

Running time 17.4 seconds
------------------------------ 02 Completed Evaluation ------------------------------

------------------------------ 03 Start sliding windows ------------------------------
surr_type: IAAFT2
simples: 1000
ID_train: IV_III
ID_test: I
Variable_label: paleoclimate
tsid: 1
features: 300
sw_width: 454

03_sliding_window_data directory already exists!
I.shape: (909, 2)
success-> sliding_window_features_shape (real=(909-454+1, 300)):  (456, 300)
------------------------------ 03 Completed sliding windows ------------------------------

------------------------------ 04 Start predicate ------------------------------
surr_type: IAAFT2
simples: 1000
ID_train: IV_III
ID_test: I
DL_model: CNN_LSTM_model
repeats: 10

04_prediction_data directory already exists!
X_test.shape (456, 300)
X_test_array.shape:  (456, 300, 1)
--------------- prediction ... ---------------
textX=(samples, steps, length, channels): (456, 10, 30, 1)
textX=(samples, steps, length, channels): (456, 10, 30, 1)
textX=(samples, steps, length, channels): (456, 10, 30, 1)
textX=(samples, steps, length, channels): (456, 10, 30, 1)
textX=(samples, steps, length, channels): (456, 10, 30, 1)
textX=(samples, steps, length, channels): (456, 10, 30, 1)
textX=(samples, steps, length, channels): (456, 10, 30, 1)
textX=(samples, steps, length, channels): (456, 10, 30, 1)
textX=(samples, steps, length, channels): (456, 10, 30, 1)
textX=(samples, steps, length, channels): (456, 10, 30, 1)
y_pred_list.shape (456, 10)
------------------------------ 04 Completed predicate ------------------------------

------------------------------ 05 Start plots ------------------------------
surr_type: IAAFT2
simples: 1000
ID_train: IV_III
ID_test: I
Variable_label: paleoclimate
DL_model: CNN_LSTM_model
sw_width: 454
tsid: 1

05_ews_data_and_figures directory already exists!
05_ews_data_and_figures/data directory already exists!
05_ews_data_and_figures/data/IAAFT2 directory already exists!
05_ews_data_and_figures/figures directory already exists!
05_ews_data_and_figures/figures/IAAFT2 directory already exists!

Record_period: End_of_glaciation_I
start_age, transition_start, transition_end: -108025.0 -17000 -13828.0
sliding_window_I: 454
------------------------------ 05 Completed plots ------------------------------

------------------------------ 07 Start ROC for dl ------------------------------
surr_type: IAAFT2
simples: 1000
ID_merge_tsid: [2,1]
DL_model: CNN_LSTM_model
repeats: 10
features: 300

07_roc_data_and_figures_sdml directory already exists!
07_roc_data_and_figures_sdml/data directory already exists!
07_roc_data_and_figures_sdml/data/IAAFT2 directory already exists!
07_roc_data_and_figures_sdml/data/IAAFT2/ROC directory already exists!
07_roc_data_and_figures_sdml/figures directory already exists!
07_roc_data_and_figures_sdml/figures/IAAFT2 directory already exists!

07_roc_data_and_figures_sdml/figures/IAAFT2/ROC directory already exists!

len_eval_pts = 40

----- 01 forced trajectories and compute EWS -----
tsid= 2
Complete for forced tsid=2
tsid= 1
Complete for forced tsid=1
----- 01 null trajectories and compute EWS -----
Complete for null tsid=2
Complete for null tsid=1
----- 02 Compute ROC curves -----
Exported ROC data to 07_roc_data_and_figures_sdml/data/IAAFT2/ROC/df_roc_surrogate_IAAFT2_simples_1000_CNN_LSTM_model_[2,1].csv
Exported ROC figure to 07_roc_data_and_figures_sdml/figures/IAAFT2/ROC/figure_roc_surrogate_IAAFT2_simples_1000_CNN_LSTM_model_[2,1].png
Ran in 25.30s
------------------------------ 07 Completed ROC for dl ------------------------------

------------------------------ 07 Start ROC for dl ------------------------------
surr_type: IAAFT2
simples: 1000
ID_merge_tsid: [4,3]
DL_model: CNN_LSTM_model
repeats: 10
features: 300

07_roc_data_and_figures_sdml directory already exists!
07_roc_data_and_figures_sdml/data directory already exists!
07_roc_data_and_figures_sdml/data/IAAFT2 directory already exists!
07_roc_data_and_figures_sdml/data/IAAFT2/ROC directory already exists!
07_roc_data_and_figures_sdml/figures directory already exists!
07_roc_data_and_figures_sdml/figures/IAAFT2 directory already exists!

07_roc_data_and_figures_sdml/figures/IAAFT2/ROC directory already exists!

len_eval_pts = 40

----- 01 forced trajectories and compute EWS -----
tsid= 4
Complete for forced tsid=4
tsid= 3
Complete for forced tsid=3
----- 01 null trajectories and compute EWS -----
Complete for null tsid=4
Complete for null tsid=3
----- 02 Compute ROC curves -----
Exported ROC data to 07_roc_data_and_figures_sdml/data/IAAFT2/ROC/df_roc_surrogate_IAAFT2_simples_1000_CNN_LSTM_model_[4,3].csv
Exported ROC figure to 07_roc_data_and_figures_sdml/figures/IAAFT2/ROC/figure_roc_surrogate_IAAFT2_simples_1000_CNN_LSTM_model_[4,3].png
Ran in 25.29s
------------------------------ 07 Completed ROC for dl ------------------------------

------------------------------ 07 Start ROC for dl ------------------------------
surr_type: IAAFT2
simples: 1000
ID_merge_tsid: all
DL_model: CNN_LSTM_model
repeats: 10
features: 300

07_roc_data_and_figures_sdml directory already exists!
07_roc_data_and_figures_sdml/data directory already exists!
07_roc_data_and_figures_sdml/data/IAAFT2 directory already exists!
07_roc_data_and_figures_sdml/data/IAAFT2/ROC directory already exists!
07_roc_data_and_figures_sdml/figures directory already exists!
07_roc_data_and_figures_sdml/figures/IAAFT2 directory already exists!

07_roc_data_and_figures_sdml/figures/IAAFT2/ROC directory already exists!

len_eval_pts = 40

----- 01 forced trajectories and compute EWS -----
tsid= 1
Complete for forced tsid=1
tsid= 2
Complete for forced tsid=2
tsid= 3
Complete for forced tsid=3
tsid= 4
Complete for forced tsid=4
----- 01 null trajectories and compute EWS -----
Complete for null tsid=1
Complete for null tsid=2
Complete for null tsid=3
Complete for null tsid=4
----- 02 Compute ROC curves -----
Exported ROC data to 07_roc_data_and_figures_sdml/data/IAAFT2/ROC/df_roc_surrogate_IAAFT2_simples_1000_CNN_LSTM_model_all.csv
Exported ROC figure to 07_roc_data_and_figures_sdml/figures/IAAFT2/ROC/figure_roc_surrogate_IAAFT2_simples_1000_CNN_LSTM_model_all.png
Ran in 39.02s
------------------------------ 07 Completed ROC for dl ------------------------------

------------------------------ 03 Start sliding windows ------------------------------
surr_type: IAAFT2
simples: 1000
ID_train: IV_III
ID_test: II
Variable_label: paleoclimate
tsid: 2
features: 300
sw_width: 446

03_sliding_window_data directory already exists!
II.shape: (893, 2)
success-> sliding_window_features_shape (real=(893-446+1, 300)):  (448, 300)
------------------------------ 03 Completed sliding windows ------------------------------

------------------------------ 04 Start predicate ------------------------------
surr_type: IAAFT2
simples: 1000
ID_train: IV_III
ID_test: II
DL_model: CNN_LSTM_model
repeats: 10

04_prediction_data directory already exists!
X_test.shape (448, 300)
X_test_array.shape:  (448, 300, 1)
--------------- prediction ... ---------------
textX=(samples, steps, length, channels): (448, 10, 30, 1)
textX=(samples, steps, length, channels): (448, 10, 30, 1)
textX=(samples, steps, length, channels): (448, 10, 30, 1)
textX=(samples, steps, length, channels): (448, 10, 30, 1)
textX=(samples, steps, length, channels): (448, 10, 30, 1)
textX=(samples, steps, length, channels): (448, 10, 30, 1)
textX=(samples, steps, length, channels): (448, 10, 30, 1)
textX=(samples, steps, length, channels): (448, 10, 30, 1)
textX=(samples, steps, length, channels): (448, 10, 30, 1)
textX=(samples, steps, length, channels): (448, 10, 30, 1)
y_pred_list.shape (448, 10)
------------------------------ 04 Completed predicate ------------------------------

------------------------------ 05 Start plots ------------------------------
surr_type: IAAFT2
simples: 1000
ID_train: IV_III
ID_test: II
Variable_label: paleoclimate
DL_model: CNN_LSTM_model
sw_width: 446
tsid: 2

05_ews_data_and_figures directory already exists!
05_ews_data_and_figures/data directory already exists!
05_ews_data_and_figures/data/IAAFT2 directory already exists!
05_ews_data_and_figures/figures directory already exists!
05_ews_data_and_figures/figures/IAAFT2 directory already exists!

Record_period: End_of_glaciation_II
start_age, transition_start, transition_end: -224351.0 -135000 -129705.0
sliding_window_II: 446
------------------------------ 05 Completed plots ------------------------------

-------------------------------------------------------------------------------------
Using GPU for TensorFlow.
------------------------------ 01 Start run ------------------------------
Data_folder: paleoclimate
surr_type: IAAFT2
simples: 1000
ID_train: IV_III
DL_model: ConvLSTM_model
repeats: 10

01_evaluation_data directory already exists!
models directory already exists!

full_path= G:/surrogate_data_based_machine_learning_v4.0.0/paleoclimate/01_data_preprocessing/02_extracte_and_generate_surrogate_dataset/paleoclimate/data/merge_surrogate_IAAFT2_simples_1000_train_IV_III.csv

Epoch 1: val_accuracy improved from -inf to 0.45625, saving model to models\surrogate_IAAFT2_simples_1000_ConvLSTM_model_0.h5

Epoch 2: val_accuracy improved from 0.45625 to 0.55000, saving model to models\surrogate_IAAFT2_simples_1000_ConvLSTM_model_0.h5

Epoch 3: val_accuracy did not improve from 0.55000

Epoch 4: val_accuracy did not improve from 0.55000

Epoch 5: val_accuracy did not improve from 0.55000

Epoch 6: val_accuracy did not improve from 0.55000

Epoch 7: val_accuracy did not improve from 0.55000
Epoch 7: early stopping
>#1: 55.000

Epoch 1: val_accuracy improved from -inf to 0.46125, saving model to models\surrogate_IAAFT2_simples_1000_ConvLSTM_model_1.h5

Epoch 2: val_accuracy did not improve from 0.46125

Epoch 3: val_accuracy improved from 0.46125 to 0.57875, saving model to models\surrogate_IAAFT2_simples_1000_ConvLSTM_model_1.h5

Epoch 4: val_accuracy improved from 0.57875 to 0.62000, saving model to models\surrogate_IAAFT2_simples_1000_ConvLSTM_model_1.h5

Epoch 5: val_accuracy did not improve from 0.62000

Epoch 6: val_accuracy did not improve from 0.62000

Epoch 7: val_accuracy improved from 0.62000 to 0.72750, saving model to models\surrogate_IAAFT2_simples_1000_ConvLSTM_model_1.h5

Epoch 8: val_accuracy did not improve from 0.72750

Epoch 9: val_accuracy did not improve from 0.72750

Epoch 10: val_accuracy did not improve from 0.72750

Epoch 11: val_accuracy did not improve from 0.72750

Epoch 12: val_accuracy did not improve from 0.72750
Epoch 12: early stopping
>#2: 72.750

Epoch 1: val_accuracy improved from -inf to 0.53000, saving model to models\surrogate_IAAFT2_simples_1000_ConvLSTM_model_2.h5

Epoch 2: val_accuracy improved from 0.53000 to 0.54125, saving model to models\surrogate_IAAFT2_simples_1000_ConvLSTM_model_2.h5

Epoch 3: val_accuracy did not improve from 0.54125

Epoch 4: val_accuracy did not improve from 0.54125

Epoch 5: val_accuracy did not improve from 0.54125

Epoch 6: val_accuracy did not improve from 0.54125

Epoch 7: val_accuracy improved from 0.54125 to 0.56250, saving model to models\surrogate_IAAFT2_simples_1000_ConvLSTM_model_2.h5

Epoch 8: val_accuracy did not improve from 0.56250

Epoch 9: val_accuracy did not improve from 0.56250

Epoch 10: val_accuracy did not improve from 0.56250

Epoch 11: val_accuracy did not improve from 0.56250

Epoch 12: val_accuracy did not improve from 0.56250
Epoch 12: early stopping
>#3: 56.250

Epoch 1: val_accuracy improved from -inf to 0.60750, saving model to models\surrogate_IAAFT2_simples_1000_ConvLSTM_model_3.h5

Epoch 2: val_accuracy did not improve from 0.60750

Epoch 3: val_accuracy did not improve from 0.60750

Epoch 4: val_accuracy did not improve from 0.60750

Epoch 5: val_accuracy did not improve from 0.60750

Epoch 6: val_accuracy did not improve from 0.60750
Epoch 6: early stopping
>#4: 60.750

Epoch 1: val_accuracy improved from -inf to 0.53875, saving model to models\surrogate_IAAFT2_simples_1000_ConvLSTM_model_4.h5

Epoch 2: val_accuracy did not improve from 0.53875

Epoch 3: val_accuracy did not improve from 0.53875

Epoch 4: val_accuracy did not improve from 0.53875

Epoch 5: val_accuracy did not improve from 0.53875

Epoch 6: val_accuracy improved from 0.53875 to 0.56125, saving model to models\surrogate_IAAFT2_simples_1000_ConvLSTM_model_4.h5

Epoch 7: val_accuracy did not improve from 0.56125

Epoch 8: val_accuracy did not improve from 0.56125

Epoch 9: val_accuracy did not improve from 0.56125

Epoch 10: val_accuracy did not improve from 0.56125

Epoch 11: val_accuracy did not improve from 0.56125
Epoch 11: early stopping
>#5: 56.125

Epoch 1: val_accuracy improved from -inf to 0.46125, saving model to models\surrogate_IAAFT2_simples_1000_ConvLSTM_model_5.h5

Epoch 2: val_accuracy improved from 0.46125 to 0.53875, saving model to models\surrogate_IAAFT2_simples_1000_ConvLSTM_model_5.h5

Epoch 3: val_accuracy did not improve from 0.53875

Epoch 4: val_accuracy did not improve from 0.53875

Epoch 5: val_accuracy did not improve from 0.53875

Epoch 6: val_accuracy improved from 0.53875 to 0.54500, saving model to models\surrogate_IAAFT2_simples_1000_ConvLSTM_model_5.h5

Epoch 7: val_accuracy did not improve from 0.54500

Epoch 8: val_accuracy did not improve from 0.54500

Epoch 9: val_accuracy did not improve from 0.54500

Epoch 10: val_accuracy did not improve from 0.54500

Epoch 11: val_accuracy did not improve from 0.54500
Epoch 11: early stopping
>#6: 54.500

Epoch 1: val_accuracy improved from -inf to 0.56625, saving model to models\surrogate_IAAFT2_simples_1000_ConvLSTM_model_6.h5

Epoch 2: val_accuracy did not improve from 0.56625

Epoch 3: val_accuracy did not improve from 0.56625

Epoch 4: val_accuracy did not improve from 0.56625

Epoch 5: val_accuracy did not improve from 0.56625

Epoch 6: val_accuracy did not improve from 0.56625
Epoch 6: early stopping
>#7: 56.625

Epoch 1: val_accuracy improved from -inf to 0.41625, saving model to models\surrogate_IAAFT2_simples_1000_ConvLSTM_model_7.h5

Epoch 2: val_accuracy improved from 0.41625 to 0.46125, saving model to models\surrogate_IAAFT2_simples_1000_ConvLSTM_model_7.h5

Epoch 3: val_accuracy did not improve from 0.46125

Epoch 4: val_accuracy improved from 0.46125 to 0.53875, saving model to models\surrogate_IAAFT2_simples_1000_ConvLSTM_model_7.h5

Epoch 5: val_accuracy improved from 0.53875 to 0.54000, saving model to models\surrogate_IAAFT2_simples_1000_ConvLSTM_model_7.h5

Epoch 6: val_accuracy did not improve from 0.54000

Epoch 7: val_accuracy did not improve from 0.54000

Epoch 8: val_accuracy did not improve from 0.54000

Epoch 9: val_accuracy did not improve from 0.54000

Epoch 10: val_accuracy did not improve from 0.54000
Epoch 10: early stopping
>#8: 54.000

Epoch 1: val_accuracy improved from -inf to 0.53875, saving model to models\surrogate_IAAFT2_simples_1000_ConvLSTM_model_8.h5

Epoch 2: val_accuracy did not improve from 0.53875

Epoch 3: val_accuracy did not improve from 0.53875

Epoch 4: val_accuracy did not improve from 0.53875

Epoch 5: val_accuracy did not improve from 0.53875

Epoch 6: val_accuracy did not improve from 0.53875
Epoch 6: early stopping
>#9: 53.875

Epoch 1: val_accuracy improved from -inf to 0.51375, saving model to models\surrogate_IAAFT2_simples_1000_ConvLSTM_model_9.h5

Epoch 2: val_accuracy improved from 0.51375 to 0.51500, saving model to models\surrogate_IAAFT2_simples_1000_ConvLSTM_model_9.h5

Epoch 3: val_accuracy did not improve from 0.51500

Epoch 4: val_accuracy did not improve from 0.51500

Epoch 5: val_accuracy did not improve from 0.51500

Epoch 6: val_accuracy did not improve from 0.51500

Epoch 7: val_accuracy did not improve from 0.51500
Epoch 7: early stopping
>#10: 51.500
------------------ summarize results -------------------------
DL_model: ConvLSTM_model
scores: [55.000001192092896, 72.75000214576721, 56.25, 60.750001668930054, 56.12499713897705, 54.500001668930054, 56.62500262260437, 54.00000214576721, 53.87499928474426, 51.499998569488525]
Accuracy mean (std): 57.138% (5.680)

Running time 427.5 seconds
------------------------------ 01 Completed ------------------------------

------------------------------ 02 Start Evaluation ------------------------------
surr_type: IAAFT2
simples: 1000
ID_train: IV_III
DL_model: ConvLSTM_model
repeats: 10

02_evaluation_performance directory already exists!
# 0 >> accuracy: 0.5924999713897705
# 1 >> accuracy: 0.7300000190734863
# 2 >> accuracy: 0.5924999713897705
# 3 >> accuracy: 0.6012499928474426
# 4 >> accuracy: 0.5099999904632568
# 5 >> accuracy: 0.5024999976158142
# 6 >> accuracy: 0.5274999737739563
# 7 >> accuracy: 0.4962500035762787
# 8 >> accuracy: 0.4925000071525574
# 9 >> accuracy: 0.47749999165534973
The results have been saved to a txt file: 02_evaluation_performance/evaluation_performance_surrogate_IAAFT2_simples_1000_ConvLSTM_model_train_IV_III.txt

Running time 15.4 seconds
------------------------------ 02 Completed Evaluation ------------------------------

------------------------------ 03 Start sliding windows ------------------------------
surr_type: IAAFT2
simples: 1000
ID_train: IV_III
ID_test: I
Variable_label: paleoclimate
tsid: 1
features: 300
sw_width: 454

03_sliding_window_data directory already exists!
I.shape: (909, 2)
success-> sliding_window_features_shape (real=(909-454+1, 300)):  (456, 300)
------------------------------ 03 Completed sliding windows ------------------------------

------------------------------ 04 Start predicate ------------------------------
surr_type: IAAFT2
simples: 1000
ID_train: IV_III
ID_test: I
DL_model: ConvLSTM_model
repeats: 10

04_prediction_data directory already exists!
X_test.shape (456, 300)
X_test_array.shape:  (456, 300, 1)
--------------- prediction ... ---------------
textX=(samples, time steps, rows, cols, channels): (456, 10, 1, 30, 1)
textX=(samples, time steps, rows, cols, channels): (456, 10, 1, 30, 1)
textX=(samples, time steps, rows, cols, channels): (456, 10, 1, 30, 1)
textX=(samples, time steps, rows, cols, channels): (456, 10, 1, 30, 1)
textX=(samples, time steps, rows, cols, channels): (456, 10, 1, 30, 1)
textX=(samples, time steps, rows, cols, channels): (456, 10, 1, 30, 1)
textX=(samples, time steps, rows, cols, channels): (456, 10, 1, 30, 1)
textX=(samples, time steps, rows, cols, channels): (456, 10, 1, 30, 1)
textX=(samples, time steps, rows, cols, channels): (456, 10, 1, 30, 1)
textX=(samples, time steps, rows, cols, channels): (456, 10, 1, 30, 1)
y_pred_list.shape (456, 10)
------------------------------ 04 Completed predicate ------------------------------

------------------------------ 05 Start plots ------------------------------
surr_type: IAAFT2
simples: 1000
ID_train: IV_III
ID_test: I
Variable_label: paleoclimate
DL_model: ConvLSTM_model
sw_width: 454
tsid: 1

05_ews_data_and_figures directory already exists!
05_ews_data_and_figures/data directory already exists!
05_ews_data_and_figures/data/IAAFT2 directory already exists!
05_ews_data_and_figures/figures directory already exists!
05_ews_data_and_figures/figures/IAAFT2 directory already exists!

Record_period: End_of_glaciation_I
start_age, transition_start, transition_end: -108025.0 -17000 -13828.0
sliding_window_I: 454
------------------------------ 05 Completed plots ------------------------------

------------------------------ 07 Start ROC for dl ------------------------------
surr_type: IAAFT2
simples: 1000
ID_merge_tsid: [2,1]
DL_model: ConvLSTM_model
repeats: 10
features: 300

07_roc_data_and_figures_sdml directory already exists!
07_roc_data_and_figures_sdml/data directory already exists!
07_roc_data_and_figures_sdml/data/IAAFT2 directory already exists!
07_roc_data_and_figures_sdml/data/IAAFT2/ROC directory already exists!
07_roc_data_and_figures_sdml/figures directory already exists!
07_roc_data_and_figures_sdml/figures/IAAFT2 directory already exists!

07_roc_data_and_figures_sdml/figures/IAAFT2/ROC directory already exists!

len_eval_pts = 40

----- 01 forced trajectories and compute EWS -----
tsid= 2
Complete for forced tsid=2
tsid= 1
Complete for forced tsid=1
----- 01 null trajectories and compute EWS -----
Complete for null tsid=2
Complete for null tsid=1
----- 02 Compute ROC curves -----
Exported ROC data to 07_roc_data_and_figures_sdml/data/IAAFT2/ROC/df_roc_surrogate_IAAFT2_simples_1000_ConvLSTM_model_[2,1].csv
Exported ROC figure to 07_roc_data_and_figures_sdml/figures/IAAFT2/ROC/figure_roc_surrogate_IAAFT2_simples_1000_ConvLSTM_model_[2,1].png
Ran in 17.00s
------------------------------ 07 Completed ROC for dl ------------------------------

------------------------------ 07 Start ROC for dl ------------------------------
surr_type: IAAFT2
simples: 1000
ID_merge_tsid: [4,3]
DL_model: ConvLSTM_model
repeats: 10
features: 300

07_roc_data_and_figures_sdml directory already exists!
07_roc_data_and_figures_sdml/data directory already exists!
07_roc_data_and_figures_sdml/data/IAAFT2 directory already exists!
07_roc_data_and_figures_sdml/data/IAAFT2/ROC directory already exists!
07_roc_data_and_figures_sdml/figures directory already exists!
07_roc_data_and_figures_sdml/figures/IAAFT2 directory already exists!

07_roc_data_and_figures_sdml/figures/IAAFT2/ROC directory already exists!

len_eval_pts = 40

----- 01 forced trajectories and compute EWS -----
tsid= 4
Complete for forced tsid=4
tsid= 3
Complete for forced tsid=3
----- 01 null trajectories and compute EWS -----
Complete for null tsid=4
Complete for null tsid=3
----- 02 Compute ROC curves -----
Exported ROC data to 07_roc_data_and_figures_sdml/data/IAAFT2/ROC/df_roc_surrogate_IAAFT2_simples_1000_ConvLSTM_model_[4,3].csv
Exported ROC figure to 07_roc_data_and_figures_sdml/figures/IAAFT2/ROC/figure_roc_surrogate_IAAFT2_simples_1000_ConvLSTM_model_[4,3].png
Ran in 17.05s
------------------------------ 07 Completed ROC for dl ------------------------------

------------------------------ 07 Start ROC for dl ------------------------------
surr_type: IAAFT2
simples: 1000
ID_merge_tsid: all
DL_model: ConvLSTM_model
repeats: 10
features: 300

07_roc_data_and_figures_sdml directory already exists!
07_roc_data_and_figures_sdml/data directory already exists!
07_roc_data_and_figures_sdml/data/IAAFT2 directory already exists!
07_roc_data_and_figures_sdml/data/IAAFT2/ROC directory already exists!
07_roc_data_and_figures_sdml/figures directory already exists!
07_roc_data_and_figures_sdml/figures/IAAFT2 directory already exists!

07_roc_data_and_figures_sdml/figures/IAAFT2/ROC directory already exists!

len_eval_pts = 40

----- 01 forced trajectories and compute EWS -----
tsid= 1
Complete for forced tsid=1
tsid= 2
Complete for forced tsid=2
tsid= 3
Complete for forced tsid=3
tsid= 4
Complete for forced tsid=4
----- 01 null trajectories and compute EWS -----
Complete for null tsid=1
Complete for null tsid=2
Complete for null tsid=3
Complete for null tsid=4
----- 02 Compute ROC curves -----
Exported ROC data to 07_roc_data_and_figures_sdml/data/IAAFT2/ROC/df_roc_surrogate_IAAFT2_simples_1000_ConvLSTM_model_all.csv
Exported ROC figure to 07_roc_data_and_figures_sdml/figures/IAAFT2/ROC/figure_roc_surrogate_IAAFT2_simples_1000_ConvLSTM_model_all.png
Ran in 26.12s
------------------------------ 07 Completed ROC for dl ------------------------------

------------------------------ 03 Start sliding windows ------------------------------
surr_type: IAAFT2
simples: 1000
ID_train: IV_III
ID_test: II
Variable_label: paleoclimate
tsid: 2
features: 300
sw_width: 446

03_sliding_window_data directory already exists!
II.shape: (893, 2)
success-> sliding_window_features_shape (real=(893-446+1, 300)):  (448, 300)
------------------------------ 03 Completed sliding windows ------------------------------

------------------------------ 04 Start predicate ------------------------------
surr_type: IAAFT2
simples: 1000
ID_train: IV_III
ID_test: II
DL_model: ConvLSTM_model
repeats: 10

04_prediction_data directory already exists!
X_test.shape (448, 300)
X_test_array.shape:  (448, 300, 1)
--------------- prediction ... ---------------
textX=(samples, time steps, rows, cols, channels): (448, 10, 1, 30, 1)
textX=(samples, time steps, rows, cols, channels): (448, 10, 1, 30, 1)
textX=(samples, time steps, rows, cols, channels): (448, 10, 1, 30, 1)
textX=(samples, time steps, rows, cols, channels): (448, 10, 1, 30, 1)
textX=(samples, time steps, rows, cols, channels): (448, 10, 1, 30, 1)
textX=(samples, time steps, rows, cols, channels): (448, 10, 1, 30, 1)
textX=(samples, time steps, rows, cols, channels): (448, 10, 1, 30, 1)
textX=(samples, time steps, rows, cols, channels): (448, 10, 1, 30, 1)
textX=(samples, time steps, rows, cols, channels): (448, 10, 1, 30, 1)
textX=(samples, time steps, rows, cols, channels): (448, 10, 1, 30, 1)
y_pred_list.shape (448, 10)
------------------------------ 04 Completed predicate ------------------------------

------------------------------ 05 Start plots ------------------------------
surr_type: IAAFT2
simples: 1000
ID_train: IV_III
ID_test: II
Variable_label: paleoclimate
DL_model: ConvLSTM_model
sw_width: 446
tsid: 2

05_ews_data_and_figures directory already exists!
05_ews_data_and_figures/data directory already exists!
05_ews_data_and_figures/data/IAAFT2 directory already exists!
05_ews_data_and_figures/figures directory already exists!
05_ews_data_and_figures/figures/IAAFT2 directory already exists!

Record_period: End_of_glaciation_II
start_age, transition_start, transition_end: -224351.0 -135000 -129705.0
sliding_window_II: 446
------------------------------ 05 Completed plots ------------------------------

---------------------------- complete end ----------------------------
